P1
77,82,100,99,80,24,19,55,5,25,39,42,49,50,3,79,34,95,73,57,98,47,50,34,64,27,20,28,6,2,83,18,0,99,64,7,78,18,49,95,65,73,74,8,65,64,51,67,50,36,83,19,87,55,89,0,26,1,41,12,76,13,17,12,276,4,91,21,56,57,79,78,49,27,85,45,26,53,14,50,82,61,83,42,76,71,71,83,9,93,60,74,74,31,38,8,28,306,5,
P2
81,96,38,66,51,43,92,56,51,40,5,21,85,5,15,57,63,79,70,12,80,34,5,100,62,11,68,76,95,17,41,423,2,56,66,57,50,30,97,91,4,61,54,22,27,70,58,76,89,44,31,43,10,23,44,51,2,87,65,19,88,43,100,65,367,0,51,75,12,100,68,97,10,60,16,25,10,98,52,93,39,27,29,10,76,5,69,2,79,8,100,16,83,12,10,78,61,90,1,
P3
7,30,36,99,86,87,4,58,74,55,63,55,78,92,34,47,70,13,81,76,79,8,87,12,85,47,96,74,55,8,62,337,4,15,61,15,72,66,42,25,88,35,61,11,10,49,55,7,92,31,31,1,82,33,88,12,52,41,21,17,3,87,83,1,41,3,26,87,57,3,46,39,95,22,36,46,14,75,39,10,51,15,82,19,84,60,94,49,42,76,61,18,54,8,45,72,37,146,2,
P4
26,57,89,97,14,29,51,43,84,28,35,17,75,4,97,22,80,41,30,33,19,14,80,15,54,34,90,87,62,95,54,12,0,39,75,11,30,62,12,91,39,22,39,60,97,97,91,27,98,73,26,52,85,44,93,73,61,62,59,9,50,26,19,65,422,5,40,71,97,34,93,32,46,74,6,86,84,24,67,65,9,16,91,3,65,99,45,92,83,99,67,27,37,1,30,61,71,185,3,
P5
50,31,73,67,74,56,61,75,40,2,46,2,24,25,10,54,24,29,35,4,10,55,4,0,42,33,61,30,87,78,3,90,4,95,22,8,51,61,98,90,21,94,86,78,87,49,50,12,0,1,22,60,74,49,21,32,59,72,24,44,57,89,37,49,316,2,71,24,53,84,64,25,69,47,49,35,78,25,51,34,95,82,99,39,73,81,4,39,74,41,40,3,1,65,40,100,78,253,1,
P6
36,48,69,98,90,75,66,35,77,90,26,53,9,51,83,44,21,93,66,92,59,7,24,19,3,78,63,44,81,37,83,364,4,100,53,92,89,40,51,40,17,3,89,34,82,56,35,3,15,75,53,36,73,78,74,97,21,98,85,24,17,100,50,99,310,3,61,53,30,96,66,45,97,43,36,13,43,30,95,41,70,67,88,74,73,27,14,79,97,82,44,3,47,96,81,36,7,496,3,
P7
80,41,31,11,76,75,0,1,27,10,52,76,20,39,35,52,31,94,25,55,80,29,32,42,39,79,46,61,62,98,7,31,3,53,8,87,93,92,91,47,25,72,69,26,42,84,0,95,87,73,72,26,35,93,23,19,16,6,85,32,85,83,67,35,184,5,2,54,41,99,63,44,11,5,74,72,12,43,38,66,16,77,93,97,56,90,45,100,93,92,61,39,28,61,12,83,81,498,4,
P8
19,13,23,86,81,17,62,33,93,49,72,27,0,2,88,26,24,33,21,22,41,60,1,87,20,29,84,38,2,21,88,231,5,94,33,29,41,58,68,9,85,9,60,51,70,46,91,7,72,25,66,62,11,48,68,96,81,18,79,47,38,80,89,74,271,0,45,66,75,22,72,48,94,50,92,98,16,74,75,75,37,30,64,48,96,22,39,56,27,33,84,5,16,6,86,19,97,97,4,
P9
74,82,60,1,81,53,50,18,46,17,88,100,9,11,32,30,33,74,56,34,60,42,29,10,47,32,98,0,19,99,59,20,1,81,45,74,56,96,49,15,47,18,27,3,92,66,28,57,27,5,5,61,1,52,80,46,99,84,25,53,61,65,40,45,122,5,18,22,60,11,39,17,76,55,57,50,29,94,46,60,7,7,48,47,29,76,46,12,47,28,86,33,47,22,29,99,14,175,5,
P10
61,26,89,77,44,34,94,31,0,2,8,32,99,42,5,54,42,32,97,72,8,43,70,5,9,55,70,18,14,15,75,36,5,1,47,23,83,60,7,10,63,100,76,92,56,69,63,27,29,64,79,75,76,78,59,1,97,86,66,37,19,78,89,79,161,5,92,25,43,67,46,100,83,42,60,95,1,67,1,15,80,31,57,26,9,4,20,95,3,68,84,32,32,84,12,85,4,42,3,
P11
51,18,43,11,15,43,80,24,75,79,32,47,99,74,45,61,11,53,70,47,58,79,2,95,64,16,9,17,57,84,74,181,5,61,62,56,37,24,55,12,82,78,47,45,4,77,75,84,51,51,27,76,52,90,62,84,93,81,61,81,40,5,83,33,134,5,71,56,17,54,64,43,48,65,77,16,81,56,47,3,48,56,7,35,17,10,69,0,9,0,84,21,85,59,25,61,63,237,1,
P12
85,16,45,65,6,86,9,38,32,7,79,77,69,56,96,4,3,20,84,72,14,47,54,90,64,10,73,90,84,40,35,55,5,70,34,100,49,16,77,96,27,48,38,1,98,90,52,24,65,70,13,26,20,6,74,47,53,13,53,1,36,52,11,21,73,5,83,47,37,97,12,80,12,59,1,59,62,16,82,36,51,65,46,19,65,21,19,14,43,70,73,34,31,49,63,14,45,172,1,
P13
100,29,89,75,68,87,82,12,30,16,68,25,21,37,45,71,75,25,84,28,15,13,38,54,3,89,95,61,23,17,89,441,4,70,95,23,32,21,71,70,22,68,25,41,58,57,10,37,49,30,9,22,44,63,2,63,30,38,14,8,85,35,20,72,177,4,42,39,91,54,64,93,80,93,8,27,95,59,92,40,78,56,28,63,36,37,99,8,71,29,57,34,9,65,45,37,87,385,1,
P14
63,80,71,10,58,0,94,93,93,14,29,37,51,4,63,34,32,44,13,37,98,16,25,92,44,14,8,74,2,21,65,482,3,70,35,23,39,23,57,31,64,14,88,41,52,36,37,27,25,81,90,27,43,87,31,57,61,15,59,81,45,97,61,66,401,2,7,73,59,87,31,33,13,25,92,71,31,35,93,59,98,28,62,63,36,100,58,59,33,68,23,44,71,66,31,79,38,170,1,
P15
41,25,96,34,17,88,14,12,24,65,16,53,65,15,97,45,18,95,61,43,86,71,23,61,44,25,82,1,56,48,97,404,3,71,85,45,1,15,25,89,56,43,92,93,71,16,74,26,43,16,12,74,40,73,55,65,19,100,61,80,98,26,7,63,303,4,91,48,92,70,39,49,40,37,85,99,62,48,26,24,10,28,23,69,87,22,2,76,66,39,42,63,17,41,67,1,57,497,3,
P16
31,90,79,11,2,2,43,85,22,74,66,18,18,84,79,46,93,65,16,15,92,27,6,73,28,62,20,24,25,60,22,102,1,65,74,21,19,29,65,10,88,1,26,61,27,35,44,40,75,50,79,29,14,65,29,75,10,93,67,18,78,29,77,60,211,4,93,55,5,32,58,90,30,19,3,22,9,14,50,32,49,2,20,51,79,53,90,87,15,73,94,49,74,58,5,90,65,395,4,
P17
33,17,29,76,69,51,16,0,35,34,51,14,80,43,45,63,25,36,90,98,8,17,60,95,8,85,54,90,73,70,5,108,5,80,79,93,56,66,94,49,94,87,84,3,93,59,53,72,54,67,2,83,7,12,76,40,30,19,69,6,60,96,56,75,254,3,63,34,41,60,53,44,82,63,24,32,61,73,0,48,90,45,0,45,98,15,18,91,30,58,15,2,13,96,67,90,29,476,2,
P18
48,88,96,64,89,30,98,39,10,44,48,55,6,73,91,96,37,65,79,97,60,53,47,80,9,19,15,25,91,69,38,28,1,30,33,5,79,93,92,29,96,51,54,14,22,7,47,91,57,20,2,32,60,33,17,95,5,43,90,28,97,30,95,27,101,3,89,77,98,71,5,22,69,32,61,69,80,51,14,80,96,11,62,80,69,92,4,84,60,17,79,26,74,25,56,97,44,463,1,
P19
68,10,61,66,49,72,76,98,26,82,36,84,43,73,48,88,35,7,41,48,54,50,33,69,41,24,3,10,28,26,97,42,5,72,86,38,0,47,89,20,27,10,28,74,67,85,94,69,83,53,68,66,14,40,76,3,68,72,0,28,47,27,22,99,317,0,81,10,98,49,9,59,85,89,76,65,35,37,42,63,84,10,20,88,60,81,71,4,6,44,29,28,7,7,73,46,19,14,0,
P20
28,52,39,3,15,32,51,17,15,60,57,63,47,58,37,54,6,91,70,39,25,10,29,29,20,58,21,27,20,23,48,164,5,66,21,52,86,48,28,80,89,95,30,82,64,79,1,98,45,15,37,20,85,4,58,85,100,4,78,21,31,43,95,75,373,1,35,32,72,19,20,47,50,21,51,92,50,34,69,71,88,28,17,24,100,90,69,28,18,42,2,57,88,52,76,77,10,270,3,
P21
17,56,66,34,74,47,94,97,77,6,54,13,27,60,70,97,66,95,7,61,23,94,85,44,21,4,68,16,18,8,35,48,0,26,97,41,6,85,2,2,32,32,82,33,29,93,14,67,79,66,37,36,16,36,7,95,23,4,3,85,65,78,66,3,317,2,96,96,84,45,16,0,3,33,0,72,70,88,66,87,12,65,42,47,60,60,89,28,83,42,80,25,86,44,1,94,98,420,3,
P22
35,71,96,95,67,72,1,20,51,28,47,20,91,79,15,64,39,38,58,24,49,45,28,83,27,47,57,43,48,88,84,442,0,76,46,54,79,79,86,60,78,14,18,59,47,97,24,51,99,6,53,5,67,77,76,70,61,41,47,93,51,17,21,93,212,3,8,72,65,11,4,66,49,74,19,82,26,98,12,68,10,38,95,65,66,77,7,11,68,59,56,70,52,36,33,41,41,371,5,
P23
78,91,92,45,11,43,39,58,29,30,36,44,94,41,49,17,65,98,28,60,46,55,73,2,65,20,57,89,70,81,14,243,3,71,11,41,97,56,22,14,81,35,10,71,86,9,77,39,81,44,15,57,13,42,64,27,0,14,10,21,17,2,55,40,394,4,19,83,64,34,22,49,82,48,47,61,15,57,99,9,22,31,53,96,8,20,54,64,56,5,67,89,12,33,97,57,82,215,5,
P24
25,49,9,65,73,38,61,75,83,20,15,31,38,47,95,32,6,6,54,79,75,85,65,31,73,1,79,82,82,16,6,135,4,36,88,69,51,68,3,27,38,90,2,82,95,50,25,76,6,4,84,36,98,84,16,7,5,100,10,60,39,16,92,52,413,5,82,61,44,64,8,57,24,91,13,89,66,35,86,18,97,95,5,50,24,27,22,91,83,0,24,45,58,55,26,63,7,480,5,
P25
71,37,95,98,11,43,18,26,40,22,73,0,54,45,6,7,90,82,58,21,79,31,22,57,79,3,73,26,9,37,47,445,5,69,13,23,63,18,79,65,100,73,81,91,14,87,95,98,89,59,82,5,66,87,4,42,12,9,58,3,95,77,49,11,143,1,37,65,83,27,55,96,83,88,98,68,72,60,62,77,77,53,71,65,9,53,65,100,98,89,55,90,18,37,63,75,67,460,3,
P26
10,51,53,28,44,59,50,83,60,71,95,32,44,84,13,2,4,59,100,93,82,78,62,55,3,38,58,52,51,65,61,335,2,74,13,83,5,79,22,86,69,36,39,29,34,94,88,82,99,20,34,70,62,46,79,87,15,74,29,31,88,40,60,81,448,1,94,61,6,76,48,3,10,19,64,38,63,40,91,33,4,0,52,35,100,15,91,20,71,75,23,33,49,86,100,88,60,460,1,
P27
90,25,73,5,75,99,76,69,30,20,18,10,89,90,69,88,48,50,31,10,71,34,48,29,86,99,60,46,59,41,14,383,3,86,17,97,37,52,99,42,47,99,36,1,80,34,21,13,70,49,25,49,1,41,89,30,72,42,71,98,34,17,36,2,11,1,1,62,6,78,82,36,16,44,42,73,43,12,39,61,48,5,76,4,92,46,79,15,45,94,0,11,47,98,37,62,38,276,2,
P28
20,7,97,62,42,26,48,26,36,36,15,71,90,30,21,20,40,92,20,54,87,72,18,12,18,43,54,44,58,87,44,333,2,5,37,35,48,84,34,84,51,80,84,38,94,20,54,85,35,55,92,23,52,29,65,22,26,65,5,28,5,7,13,79,468,0,83,4,9,99,14,17,71,23,30,77,84,44,82,59,48,73,71,93,54,16,86,55,27,32,18,64,60,85,68,84,50,400,4,
P29
5,1,97,54,27,33,90,9,70,46,39,91,66,45,49,53,99,1,24,83,14,42,25,68,52,83,54,60,26,13,99,483,5,93,0,78,42,51,57,26,56,16,12,9,68,47,64,59,70,15,89,0,3,81,32,8,76,37,82,89,46,27,39,19,126,1,14,35,16,52,58,46,28,42,90,76,67,3,48,4,96,2,20,47,23,13,45,7,77,5,92,10,55,81,27,8,41,166,2,
P30
52,7,26,7,83,96,53,21,53,86,32,1,38,97,69,62,79,83,71,4,16,89,53,36,15,46,15,45,10,96,62,153,4,62,22,56,54,78,39,66,87,6,79,17,65,48,99,19,14,69,0,46,43,76,50,92,30,96,18,35,51,3,40,31,378,0,93,68,41,87,76,97,62,8,100,10,12,61,79,32,74,68,45,85,75,88,56,32,65,10,12,92,86,92,32,95,92,369,1,
P31
69,52,26,89,74,45,74,5,12,78,69,81,5,47,30,42,17,46,98,37,49,12,49,64,23,59,60,62,87,29,55,423,2,85,6,44,16,60,50,95,43,82,8,41,0,23,76,67,35,86,8,51,77,39,46,61,74,63,30,81,12,62,43,12,343,3,78,3,90,40,12,55,16,24,82,95,57,55,28,68,40,69,22,62,67,87,73,45,44,24,37,76,18,56,33,47,11,81,1,
P32
9,20,28,49,93,40,26,61,88,99,74,17,6,92,29,3,95,44,82,43,8,5,68,34,33,54,29,91,75,9,85,86,3,29,75,79,90,17,60,99,25,26,88,67,60,22,52,68,74,95,73,86,21,47,15,52,27,27,13,36,11,25,17,20,212,3,51,28,27,33,53,8,94,76,64,21,43,70,90,31,31,56,84,3,0,27,94,3,70,12,60,2,25,76,80,75,97,361,2,
P33
33,89,42,26,15,29,91,89,12,97,46,7,0,40,52,82,49,26,53,16,26,52,70,55,43,11,30,50,96,26,95,457,1,10,76,10,75,67,36,62,34,96,50,52,30,90,47,2,76,68,15,57,86,42,50,65,44,62,57,62,68,77,20,53,183,0,29,22,83,22,98,46,43,6,82,99,38,12,20,21,83,88,15,76,57,85,54,83,53,79,58,33,54,72,96,23,25,291,2,
P34
20,96,21,77,85,33,74,30,7,40,37,25,88,86,51,7,2,43,59,38,98,1,49,27,51,10,20,2,5,0,92,178,3,27,29,98,89,63,60,39,14,56,28,27,58,70,62,74,93,47,82,43,12,93,4,69,54,72,11,40,23,31,1,58,229,1,13,42,39,23,14,87,21,52,100,8,40,48,96,21,23,52,5,78,1,24,56,25,23,76,97,19,65,42,10,76,23,313,0,
P35
69,81,49,8,77,56,48,13,81,1,100,98,8,68,40,68,5,3,35,21,31,87,31,51,55,2,17,83,95,13,63,57,3,13,59,74,18,40,29,46,67,54,83,28,94,75,42,75,17,54,67,88,89,87,25,66,93,14,97,95,99,21,91,34,382,3,46,99,27,68,16,93,42,22,40,37,43,30,55,14,7,56,39,29,82,28,72,44,47,2,86,57,79,88,47,62,93,269,5,
P36
37,37,3,85,50,51,86,15,48,61,83,55,28,55,58,63,76,55,15,73,72,70,76,90,19,36,2,51,65,63,1,185,0,52,90,83,64,22,36,12,17,29,54,59,70,37,79,3,25,67,56,16,99,49,31,96,43,96,16,33,8,16,49,34,14,2,26,43,81,68,65,87,71,8,16,26,22,90,48,27,86,96,56,23,40,69,25,92,93,3,45,39,32,39,31,92,58,207,2,
P37
52,82,19,3,98,33,64,46,88,92,67,12,21,8,67,36,82,5,73,23,95,92,59,63,8,23,92,74,24,57,76,180,5,98,94,12,10,10,7,30,35,77,67,13,46,58,46,2,75,44,17,5,5,26,0,88,25,76,70,75,3,3,45,1,36,3,92,66,26,63,74,43,55,62,32,2,90,84,65,11,6,4,80,32,62,38,1,7,77,33,12,8,92,72,32,92,23,397,2,
P38
79,2,26,43,48,81,0,15,59,21,23,25,24,71,97,63,94,91,54,18,20,28,41,11,1,31,69,9,73,74,52,293,3,78,14,99,7,49,75,40,62,88,99,74,56,73,85,73,78,90,65,44,44,90,86,13,30,55,17,76,34,85,80,28,239,2,86,97,81,6,59,79,76,14,63,40,25,69,10,71,67,72,9,69,45,86,1,24,60,93,96,58,85,7,82,7,33,476,4,
P39
61,90,42,27,4,0,15,95,92,5,65,89,68,25,45,88,43,65,15,85,43,84,15,78,59,55,51,28,73,26,100,210,1,1,9,65,41,72,52,39,11,74,11,96,46,55,52,10,66,96,66,51,75,97,73,58,38,6,42,17,32,70,78,71,287,0,40,29,70,15,43,99,21,34,68,31,71,34,69,46,69,81,99,71,4,58,63,66,83,13,73,64,88,84,63,92,69,166,1,
P40
26,87,31,7,47,22,12,11,10,46,36,56,100,80,87,15,30,29,65,11,6,23,66,23,51,38,15,40,37,98,30,348,2,12,25,37,17,36,10,96,32,22,50,50,99,82,11,65,100,86,27,72,44,65,78,86,82,9,22,60,65,59,47,37,197,0,50,96,43,71,96,77,68,66,78,37,12,46,17,10,16,88,34,46,53,16,25,26,46,12,76,76,70,51,44,22,61,272,1,
P41
37,97,24,16,7,0,28,10,22,28,90,9,9,19,4,74,97,78,63,63,0,81,67,16,20,4,80,92,0,29,3,406,1,55,74,64,50,72,87,66,21,85,48,32,49,47,85,76,18,28,6,62,80,89,72,68,14,2,27,27,52,64,65,18,475,5,31,12,48,66,45,25,2,57,37,86,33,54,73,33,66,25,16,57,17,28,36,94,3,5,44,14,28,72,75,11,72,145,1,
P42
86,32,50,14,42,72,8,98,47,17,83,52,57,80,96,19,8,96,100,75,78,87,45,23,44,45,52,2,15,77,0,57,1,34,10,56,0,98,6,14,97,56,27,81,98,11,75,4,73,54,59,44,22,39,12,15,32,31,79,97,36,64,0,98,488,0,37,69,81,5,92,18,91,91,38,63,23,70,55,5,26,72,34,62,31,3,34,41,17,28,12,58,39,55,97,29,100,449,3,
P43
14,17,73,89,82,20,5,30,38,28,9,33,14,84,95,13,59,39,66,70,62,9,82,14,12,97,91,64,63,66,44,116,0,64,75,34,78,37,56,4,17,19,15,92,90,89,11,14,99,100,53,78,14,51,8,94,47,44,23,14,16,20,91,51,382,3,72,21,9,62,11,47,92,1,16,46,6,8,84,6,71,15,10,4,22,94,32,35,18,37,56,81,33,66,46,97,17,207,5,
P44
32,98,23,4,27,61,32,37,94,46,87,55,26,11,94,92,82,55,1,29,35,80,92,26,43,54,58,7,98,74,30,166,4,28,68,31,33,51,51,14,42,6,69,20,21,68,19,40,11,34,92,19,94,4,63,16,18,45,2,76,21,53,6,48,476,3,80,96,79,37,63,61,83,36,70,66,42,6,47,18,10,70,12,8,71,97,11,26,43,44,92,89,7,49,6,92,52,8,0,
P45
34,99,95,66,1,55,79,88,9,4,66,2,62,47,23,63,42,59,8,33,51,51,87,75,24,85,49,35,81,86,81,266,4,47,92,79,61,34,85,30,54,72,64,39,12,75,39,70,60,32,74,22,14,59,34,84,34,55,36,6,51,84,47,97,268,2,89,16,20,37,52,56,69,60,62,16,79,38,52,57,12,22,19,24,14,62,34,5,50,41,20,22,99,1,74,52,28,93,1,
P46
12,51,84,91,5,93,95,71,61,23,84,85,52,92,9,61,24,26,11,10,0,2,61,15,37,7,1,72,88,51,0,398,1,58,39,75,54,59,46,84,98,24,24,37,94,84,35,34,72,16,93,5,100,93,26,1,99,44,52,46,89,48,51,5,280,4,65,52,70,34,11,98,50,56,36,68,12,48,56,31,38,70,59,73,41,9,80,62,31,45,29,72,97,22,100,97,65,240,0,
P47
91,40,43,52,77,4,75,26,55,26,17,30,53,41,56,65,17,56,67,79,72,70,86,39,41,40,90,41,40,24,97,402,3,25,14,65,8,78,56,99,81,15,82,16,49,54,32,7,25,98,100,18,99,65,62,50,77,16,99,27,95,70,83,96,9,4,99,25,69,14,82,71,82,94,18,37,92,23,73,50,62,13,25,41,41,57,86,70,28,48,92,27,44,94,58,58,56,64,4,
P48
48,40,5,89,66,26,82,49,56,34,90,11,65,7,33,98,52,4,67,3,9,74,43,66,15,83,90,73,80,20,94,451,4,70,6,34,69,88,49,16,70,65,36,68,38,62,65,4,46,63,69,74,13,45,90,78,38,51,47,87,64,8,15,79,171,3,36,65,69,84,24,54,20,15,77,59,32,38,73,57,45,13,80,98,50,7,45,41,1,56,0,59,80,65,82,63,17,32,3,
P49
83,59,4,30,7,26,64,98,37,29,71,71,26,22,41,60,92,17,33,35,83,14,84,38,88,29,58,61,90,51,72,310,1,13,75,58,29,44,89,66,78,26,94,42,30,39,72,65,12,51,76,68,28,80,18,75,32,83,50,47,91,28,35,7,433,0,68,18,52,88,100,95,47,31,99,86,55,43,99,34,40,48,8,52,56,9,7,22,34,53,53,82,16,83,66,9,33,491,3,
P50
68,16,3,31,80,40,26,16,77,19,38,85,79,97,1,78,31,50,93,81,88,46,10,12,73,100,63,79,37,38,4,414,1,36,20,78,68,98,3,27,6,0,66,78,31,44,28,7,12,56,87,97,97,86,79,46,32,36,40,33,1,47,9,50,138,3,87,60,93,100,57,91,85,11,100,50,12,40,64,20,58,86,96,31,8,29,84,61,11,100,43,43,76,90,76,35,62,344,2,
P51
1,0,65,95,16,8,13,21,59,58,17,26,35,14,76,94,95,29,39,71,7,12,36,70,57,39,74,12,9,28,11,416,1,84,93,71,11,99,71,77,76,69,88,70,76,66,25,28,62,89,13,7,0,12,43,41,11,44,54,20,34,3,15,88,133,1,62,18,2,12,29,2,62,41,8,26,27,66,11,22,97,19,52,80,81,29,46,90,38,88,80,13,89,67,41,50,69,326,1,
P52
5,77,43,85,98,1,42,81,94,43,95,69,37,56,64,42,26,72,20,63,7,78,1,82,56,11,76,60,89,36,60,473,4,99,6,9,41,49,78,28,18,53,94,10,47,22,99,61,29,99,39,72,5,50,82,60,71,15,29,86,16,16,60,81,267,5,82,63,84,43,4,92,69,98,23,47,20,86,66,72,32,12,67,44,69,4,31,48,84,86,81,24,35,60,94,2,41,109,1,
P53
44,10,38,86,57,31,95,52,66,31,7,96,40,33,33,60,62,41,3,30,89,26,7,30,86,62,66,80,21,78,65,303,0,22,82,74,16,66,93,77,76,40,99,40,67,27,5,5,65,10,55,46,36,92,27,66,78,43,48,37,97,29,70,17,416,0,84,36,50,19,33,73,32,53,59,64,91,91,77,23,34,11,94,31,59,77,16,5,68,52,32,61,20,74,68,86,17,228,0,
P54
16,11,17,10,29,49,8,36,10,48,35,44,74,64,51,78,94,39,70,67,35,55,28,0,0,49,44,83,80,99,62,475,2,33,84,93,76,25,99,74,66,65,67,37,36,98,47,57,43,50,49,36,15,93,45,63,29,42,58,66,1,75,49,75,57,2,36,88,54,34,6,12,99,98,69,41,87,69,52,81,66,77,57,48,82,24,66,13,51,87,53,18,38,85,36,93,38,27,0,
P55
38,4,0,46,6,10,60,41,54,34,4,4,78,64,9,47,97,44,68,24,10,34,39,55,16,85,19,85,12,95,51,195,0,50,58,23,91,90,54,23,26,90,21,39,47,30,89,96,67,70,54,11,100,83,53,57,14,20,32,64,88,73,62,22,210,1,73,86,97,37,49,31,78,36,66,29,16,31,72,39,46,19,64,11,100,81,98,52,66,2,2,68,95,68,5,74,44,136,2,
P56
97,71,12,23,11,33,23,83,37,0,12,13,13,9,23,47,100,0,81,5,55,63,56,40,13,69,34,15,19,65,82,44,1,79,41,56,2,67,46,23,73,59,53,27,20,19,98,74,98,97,22,16,19,3,3,17,33,57,90,95,69,79,47,57,483,2,81,75,80,24,10,46,19,93,43,91,31,89,10,61,0,9,42,64,61,74,66,64,41,26,98,12,100,83,23,25,70,26,0,
P57
71,46,62,94,95,66,94,74,45,73,49,34,86,14,34,66,19,55,95,42,95,74,77,95,89,62,59,5,43,94,81,318,2,59,55,5,48,94,64,68,20,50,53,17,90,50,80,11,67,66,14,70,83,47,26,39,8,61,17,55,99,74,42,100,438,1,95,76,90,13,68,32,4,65,88,14,26,54,90,34,17,16,7,50,46,48,76,43,26,76,26,49,67,23,19,32,13,250,3,
P58
74,67,28,34,40,39,73,89,74,59,3,7,91,89,63,86,97,57,59,73,18,48,34,77,53,44,71,54,24,43,98,274,4,13,56,93,81,77,42,34,60,31,50,6,8,16,72,90,52,54,2,44,93,10,72,76,31,36,16,40,94,82,2,95,126,2,93,41,55,97,5,42,77,98,62,66,31,79,83,4,28,28,18,4,38,45,46,64,94,79,53,79,10,87,92,50,51,159,5,
P59
31,16,51,4,4,91,29,74,98,19,29,26,4,25,84,30,99,1,78,32,44,97,76,81,17,100,23,0,64,100,61,289,1,76,68,22,76,27,53,25,33,27,8,4,16,26,25,86,37,84,96,75,26,94,10,42,33,70,23,1,92,17,93,59,191,5,47,62,71,91,26,32,56,57,78,4,28,5,100,46,76,37,91,88,67,51,32,86,29,42,72,88,58,47,38,48,51,412,5,
P60
31,86,85,60,26,49,80,55,75,50,80,24,80,44,92,23,77,36,87,18,16,3,85,6,70,14,5,13,75,87,73,177,5,0,88,46,26,87,39,0,58,56,93,49,7,29,32,2,70,24,62,80,66,61,15,89,29,6,73,21,78,98,82,99,326,0,41,2,79,64,25,22,68,53,28,33,100,70,70,56,24,2,6,56,89,36,65,26,90,22,73,27,37,49,78,13,86,485,1,
