300
5
Best: P1
4
Reading Railroad,St. Charles Place,Ventnor Avenue,
31,8,3,96,417,4,31,12,71,4,213,5,28,67,51,14,498,0,
Best: P2
3
Tennessee Avenue,Baltic Avenue,Kentucky Avenue,Indiana Avenue,Water Works,Oriental Avenue,Vermont Avenue,St. Charles Place,St. James Place,
36,16,6,75,239,3,45,46,83,35,278,4,55,59,34,44,411,0,
Best: P3
4
States Avenue,Kentucky Avenue,Pacific Avenue,St. James Place,Water Works,
34,30,14,83,314,1,45,30,75,40,299,4,42,62,40,26,357,0,
Best: P2
3
Reading Railroad,Ventnor Avenue,Mediterranean Avenue,B & O Railroad,North Carolina Avenue,Electric Company,New York Avenue,Water Works,
37,23,10,77,287,2,46,38,81,37,285,4,49,58,37,36,368,0,
Best: P3
3
Illinois Avenue,Reading Railroad,Pacific Avenue,
34,24,11,76,297,1,47,33,78,37,292,3,46,60,39,32,362,0,
Best: P1
3
Tennessee Avenue,B & O Railroad,Electric Company,St. James Place,Oriental Avenue,
33,22,10,81,303,0,47,31,78,35,274,1,46,55,40,30,363,0,
Best: P2
4
New York Avenue,Pacific Avenue,Pennsylvania Railroad,Marvin Gardens,Mediterranean Avenue,Baltic Avenue,Electric Company,Indiana Avenue,
36,21,10,78,313,0,44,32,74,35,266,1,48,57,36,31,354,0,
Best: P1
4
Oriental Avenue,Virginia Avenue,Electric Company,Pennsylvania Railroad,Mediterranean Avenue,Connecticut Avenue,
32,20,10,76,295,0,45,30,79,35,275,0,45,57,37,31,343,0,
Best: P4
3
Water Works,Electric Company,Ventnor Avenue,Indiana Avenue,Mediterranean Avenue,Pacific Avenue,Park Place,States Avenue,Pennsylvania Railroad,
32,19,9,79,303,0,44,31,74,35,278,0,42,56,37,28,351,0,
Best: P2
3
New York Avenue,Pacific Avenue,Water Works,Atlantic Avenue,Short Line Railroad,Pennsylvania Railroad,States Avenue,
31,18,9,78,286,0,42,30,70,34,272,0,45,53,34,29,349,0,
Best: P1
3
North Carolina Avenue,Boardwalk,Atlantic Avenue,
29,18,9,74,287,0,40,29,68,34,291,0,46,57,33,29,338,0,
Best: P2
3
Boardwalk,Connecticut Avenue,Indiana Avenue,Pennsylvania Avenue,Marvin Gardens,Atlantic Avenue,Vermont Avenue,Pennsylvania Railroad,Water Works,Mediterranean Avenue,Park Place,
29,18,8,74,297,0,43,29,70,32,292,0,44,53,31,29,353,0,
Best: P2
4
Oriental Avenue,Pennsylvania Railroad,Ventnor Avenue,Water Works,Park Place,Pennsylvania Avenue,Mediterranean Avenue,
29,18,8,74,297,0,43,29,70,32,292,0,44,53,31,29,353,0,
Best: P5
3
New York Avenue,Oriental Avenue,Ventnor Avenue,Short Line Railroad,Reading Railroad,Indiana Avenue,St. Charles Place,St. James Place,Illinois Avenue,
30,17,8,72,288,0,43,27,66,30,301,0,42,53,31,27,365,0,
Best: P1
3
Park Place,Reading Railroad,Oriental Avenue,
30,17,7,67,281,0,44,26,64,29,295,0,41,50,29,25,356,0,
Best: P2
3
Baltic Avenue,Illinois Avenue,Electric Company,Tennessee Avenue,B & O Railroad,Marvin Gardens,Indiana Avenue,
29,16,6,73,283,0,45,26,63,31,283,0,45,48,30,25,349,0,
Best: P1
3
Pacific Avenue,Mediterranean Avenue,Virginia Avenue,Marvin Gardens,Boardwalk,Baltic Avenue,Vermont Avenue,Oriental Avenue,
29,16,6,67,270,0,43,27,62,30,303,0,43,47,30,26,334,0,
Best: P1
3
Baltic Avenue,Pennsylvania Railroad,Electric Company,Water Works,Pennsylvania Avenue,
29,16,6,67,270,0,43,27,62,30,303,0,43,47,30,26,334,0,
Best: P2
4
Vermont Avenue,B & O Railroad,North Carolina Avenue,St. Charles Place,New York Avenue,Tennessee Avenue,Oriental Avenue,Virginia Avenue,Pacific Avenue,Electric Company,Marvin Gardens,
28,15,4,68,263,0,43,26,59,30,298,0,43,45,30,27,352,0,
Best: P1
3
Kentucky Avenue,Pennsylvania Railroad,Connecticut Avenue,New York Avenue,Indiana Avenue,Marvin Gardens,
27,15,5,69,263,0,41,25,58,29,309,0,42,46,31,24,332,0,
Best: P2
3
Kentucky Avenue,St. James Place,Illinois Avenue,Mediterranean Avenue,St. Charles Place,North Carolina Avenue,Marvin Gardens,Short Line Railroad,B & O Railroad,Pennsylvania Avenue,
27,15,4,68,255,0,42,25,60,29,306,0,42,45,29,24,359,0,
Best: P1
3
Oriental Avenue,Park Place,Virginia Avenue,Marvin Gardens,Tennessee Avenue,Atlantic Avenue,Pacific Avenue,Indiana Avenue,States Avenue,St. Charles Place,
26,15,4,66,269,0,40,25,56,27,310,0,41,44,28,25,331,0,
Best: P1
3
New York Avenue,Park Place,Vermont Avenue,Pennsylvania Railroad,Kentucky Avenue,Connecticut Avenue,Oriental Avenue,Electric Company,Tennessee Avenue,Ventnor Avenue,Baltic Avenue,Illinois Avenue,
26,15,4,66,269,0,40,25,56,27,310,0,41,44,28,25,331,0,
Best: P2
3
St. James Place,Indiana Avenue,New York Avenue,Connecticut Avenue,Atlantic Avenue,Virginia Avenue,Illinois Avenue,Water Works,Baltic Avenue,Kentucky Avenue,Pennsylvania Avenue,
26,14,3,64,267,0,39,24,55,28,328,0,39,46,27,24,356,0,
Best: P2
3
Connecticut Avenue,Pennsylvania Railroad,Pacific Avenue,Oriental Avenue,Indiana Avenue,Pennsylvania Avenue,Atlantic Avenue,Virginia Avenue,
26,14,3,64,267,0,39,24,55,28,328,0,39,46,27,24,356,0,
Best: P1
3
Oriental Avenue,Tennessee Avenue,Mediterranean Avenue,States Avenue,Illinois Avenue,Marvin Gardens,Boardwalk,Connecticut Avenue,Virginia Avenue,
26,12,2,65,287,0,41,23,52,26,329,0,41,46,27,22,342,0,
Best: P1
3
Pennsylvania Railroad,Oriental Avenue,Virginia Avenue,Marvin Gardens,North Carolina Avenue,Pennsylvania Avenue,Kentucky Avenue,
26,12,2,65,287,0,41,23,52,26,329,0,41,46,27,22,342,0,
Best: P1
3
St. James Place,Tennessee Avenue,Pennsylvania Railroad,Illinois Avenue,Short Line Railroad,Reading Railroad,New York Avenue,
26,12,2,65,287,0,41,23,52,26,329,0,41,46,27,22,342,0,
Best: P5
4
Pennsylvania Railroad,Tennessee Avenue,Boardwalk,Oriental Avenue,St. Charles Place,B & O Railroad,Connecticut Avenue,Vermont Avenue,Pacific Avenue,Illinois Avenue,St. James Place,
25,10,0,61,293,0,37,23,51,26,331,0,43,42,26,21,338,0,
Best: P1
3
Vermont Avenue,Virginia Avenue,Water Works,St. James Place,North Carolina Avenue,Tennessee Avenue,St. Charles Place,Oriental Avenue,Park Place,Electric Company,Pacific Avenue,
26,11,1,61,281,0,37,23,51,24,323,0,41,43,27,21,333,0,
Best: P1
3
Kentucky Avenue,Atlantic Avenue,Connecticut Avenue,
26,11,1,61,281,0,37,23,51,24,323,0,41,43,27,21,333,0,
Best: P1
3
St. James Place,B & O Railroad,Water Works,St. Charles Place,Tennessee Avenue,Short Line Railroad,Connecticut Avenue,Marvin Gardens,Vermont Avenue,
26,11,1,61,281,0,37,23,51,24,323,0,41,43,27,21,333,0,
Best: P1
3
Virginia Avenue,Atlantic Avenue,B & O Railroad,
26,11,1,61,281,0,37,23,51,24,323,0,41,43,27,21,333,0,
Best: P1
4
Pennsylvania Railroad,Illinois Avenue,Reading Railroad,Virginia Avenue,Park Place,Indiana Avenue,Oriental Avenue,Kentucky Avenue,St. Charles Place,Tennessee Avenue,
26,11,1,61,281,0,37,23,51,24,323,0,41,43,27,21,333,0,
Best: P2
3
Indiana Avenue,Water Works,Marvin Gardens,Oriental Avenue,Tennessee Avenue,Connecticut Avenue,Pennsylvania Railroad,
24,9,0,58,282,0,35,21,50,22,308,0,39,43,26,21,335,0,
Best: P2
4
Pennsylvania Railroad,Short Line Railroad,Mediterranean Avenue,Pacific Avenue,Connecticut Avenue,
24,9,0,58,282,0,35,21,50,22,308,0,39,43,26,21,335,0,
Best: P2
4
Park Place,Marvin Gardens,Kentucky Avenue,
24,9,0,58,282,0,35,21,50,22,308,0,39,43,26,21,335,0,
Best: P1
2
States Avenue,New York Avenue,Illinois Avenue,Kentucky Avenue,Atlantic Avenue,Baltic Avenue,St. James Place,
23,7,0,57,280,0,34,19,49,20,292,0,41,44,23,20,331,0,
Best: P1
3
Ventnor Avenue,Illinois Avenue,Tennessee Avenue,
23,7,0,57,280,0,34,19,49,20,292,0,41,44,23,20,331,0,
Best: P2
3
Park Place,Boardwalk,States Avenue,
23,7,0,60,281,0,35,18,50,19,309,0,38,43,22,19,341,0,
Best: P2
4
Virginia Avenue,Water Works,Indiana Avenue,Electric Company,New York Avenue,Marvin Gardens,Reading Railroad,Short Line Railroad,Park Place,Boardwalk,
23,7,0,60,281,0,35,18,50,19,309,0,38,43,22,19,341,0,
Best: P1
4
Reading Railroad,States Avenue,Mediterranean Avenue,New York Avenue,Kentucky Avenue,
23,7,0,57,281,0,33,17,49,18,294,0,37,40,20,19,323,0,
Best: P1
3
Baltic Avenue,Connecticut Avenue,Vermont Avenue,St. Charles Place,Tennessee Avenue,Park Place,Atlantic Avenue,Pacific Avenue,Water Works,Reading Railroad,St. James Place,Marvin Gardens,
23,7,0,57,281,0,33,17,49,18,294,0,37,40,20,19,323,0,
Best: P2
4
Connecticut Avenue,Mediterranean Avenue,Vermont Avenue,St. James Place,B & O Railroad,Electric Company,Marvin Gardens,
22,7,0,58,278,0,32,17,51,17,298,0,36,37,19,19,328,0,
Best: P2
3
Reading Railroad,Short Line Railroad,St. Charles Place,Park Place,Electric Company,Marvin Gardens,St. James Place,B & O Railroad,
22,7,0,58,278,0,32,17,51,17,298,0,36,37,19,19,328,0,
Best: P1
3
Atlantic Avenue,Water Works,St. James Place,Marvin Gardens,Boardwalk,Ventnor Avenue,
21,5,0,55,284,0,31,16,53,16,285,0,34,37,18,19,307,0,
Best: P2
3
Illinois Avenue,North Carolina Avenue,Pennsylvania Avenue,Mediterranean Avenue,Tennessee Avenue,Connecticut Avenue,
20,5,0,53,278,0,30,16,49,15,276,0,35,36,18,18,323,0,
Best: P1
3
Pennsylvania Railroad,Marvin Gardens,
20,4,0,54,295,0,29,16,53,15,274,0,34,34,18,18,315,0,
Best: P2
3
Pennsylvania Railroad,Connecticut Avenue,Virginia Avenue,Kentucky Avenue,North Carolina Avenue,Electric Company,Indiana Avenue,Ventnor Avenue,Pennsylvania Avenue,Illinois Avenue,
19,3,0,55,297,0,28,15,48,14,286,0,33,36,18,18,322,0,
Best: P1
3
New York Avenue,North Carolina Avenue,Virginia Avenue,Reading Railroad,Illinois Avenue,Pennsylvania Railroad,Atlantic Avenue,Oriental Avenue,Vermont Avenue,St. James Place,
19,3,0,51,304,0,29,14,51,14,274,0,34,35,17,18,327,0,
Best: P3
3
Tennessee Avenue,St. James Place,Pennsylvania Avenue,Virginia Avenue,Ventnor Avenue,States Avenue,
18,3,0,49,298,0,28,13,51,13,288,0,33,36,16,17,308,0,
Best: P1
3
B & O Railroad,Short Line Railroad,Baltic Avenue,Marvin Gardens,Park Place,States Avenue,Atlantic Avenue,Tennessee Avenue,
18,2,0,51,285,0,29,13,49,13,286,0,35,36,15,17,310,0,
Best: P2
3
Park Place,Baltic Avenue,Short Line Railroad,Kentucky Avenue,Virginia Avenue,Boardwalk,North Carolina Avenue,
20,2,0,47,306,0,29,13,47,12,266,0,32,36,14,15,298,0,
Best: P2
4
Tennessee Avenue,St. James Place,B & O Railroad,Ventnor Avenue,Pennsylvania Avenue,Illinois Avenue,
20,2,0,47,306,0,29,13,47,12,266,0,32,36,14,15,298,0,
Best: P2
4
Vermont Avenue,St. Charles Place,Kentucky Avenue,Pennsylvania Avenue,New York Avenue,Short Line Railroad,North Carolina Avenue,Connecticut Avenue,Virginia Avenue,
20,2,0,47,306,0,29,13,47,12,266,0,32,36,14,15,298,0,
Best: P3
3
St. James Place,North Carolina Avenue,Electric Company,Pennsylvania Railroad,Tennessee Avenue,Mediterranean Avenue,Oriental Avenue,St. Charles Place,Pennsylvania Avenue,
20,1,0,42,287,0,28,13,49,10,247,0,31,35,13,14,298,0,
Best: P4
4
St. Charles Place,Park Place,Reading Railroad,Tennessee Avenue,States Avenue,Baltic Avenue,Electric Company,Oriental Avenue,Kentucky Avenue,
21,0,0,43,288,0,28,11,49,10,257,0,29,35,12,13,306,0,
Best: P1
4
Reading Railroad,Kentucky Avenue,North Carolina Avenue,States Avenue,Baltic Avenue,Connecticut Avenue,
21,0,0,41,294,0,29,10,50,9,268,0,30,32,11,12,290,0,
Best: P4
3
Tennessee Avenue,Water Works,Kentucky Avenue,Pennsylvania Avenue,Marvin Gardens,Reading Railroad,
20,0,0,42,296,0,28,9,49,9,262,0,28,33,11,12,283,0,
Best: P1
3
Oriental Avenue,B & O Railroad,Ventnor Avenue,New York Avenue,Park Place,States Avenue,Mediterranean Avenue,Marvin Gardens,St. Charles Place,
20,0,0,39,300,0,27,9,46,8,275,0,30,30,11,12,288,0,
Best: P2
3
St. James Place,New York Avenue,Illinois Avenue,Pacific Avenue,Vermont Avenue,Tennessee Avenue,B & O Railroad,
20,0,0,37,283,0,26,7,43,7,272,0,30,32,10,11,293,0,
Best: P2
3
Electric Company,North Carolina Avenue,Pennsylvania Railroad,Oriental Avenue,
20,0,0,37,283,0,26,7,43,7,272,0,30,32,10,11,293,0,
Best: P2
4
Atlantic Avenue,St. Charles Place,States Avenue,B & O Railroad,Pacific Avenue,Connecticut Avenue,Short Line Railroad,Marvin Gardens,Tennessee Avenue,Baltic Avenue,Kentucky Avenue,
20,0,0,37,283,0,26,7,43,7,272,0,30,32,10,11,293,0,
Best: P1
4
Oriental Avenue,Tennessee Avenue,Ventnor Avenue,Connecticut Avenue,B & O Railroad,Baltic Avenue,Electric Company,Marvin Gardens,Boardwalk,New York Avenue,Indiana Avenue,Short Line Railroad,
19,0,0,36,290,0,26,7,42,6,278,0,29,32,8,9,289,0,
Best: P2
4
Virginia Avenue,Atlantic Avenue,Illinois Avenue,States Avenue,Short Line Railroad,Pennsylvania Avenue,Park Place,
18,0,0,34,274,0,26,6,42,5,288,0,28,30,9,9,299,0,
Best: P2
3
Electric Company,States Avenue,New York Avenue,Boardwalk,Kentucky Avenue,Vermont Avenue,B & O Railroad,Pacific Avenue,Connecticut Avenue,Water Works,North Carolina Avenue,Oriental Avenue,Mediterranean Avenue,Tennessee Avenue,Indiana Avenue,
18,0,0,34,274,0,26,6,42,5,288,0,28,30,9,9,299,0,
Best: P1
3
Vermont Avenue,New York Avenue,Pacific Avenue,Illinois Avenue,Ventnor Avenue,B & O Railroad,
19,0,0,31,280,0,27,4,43,4,269,0,28,30,7,9,300,0,
Best: P2
4
Illinois Avenue,Pennsylvania Railroad,Virginia Avenue,
18,0,0,31,265,0,26,5,40,3,264,0,27,31,7,9,284,0,
Best: P2
3
Pennsylvania Railroad,St. Charles Place,Water Works,Reading Railroad,Baltic Avenue,States Avenue,Pennsylvania Avenue,North Carolina Avenue,Virginia Avenue,Indiana Avenue,
18,0,0,31,265,0,26,5,40,3,264,0,27,31,7,9,284,0,
Best: P2
3
Tennessee Avenue,Water Works,Indiana Avenue,
18,0,0,31,265,0,26,5,40,3,264,0,27,31,7,9,284,0,
Best: P2
4
B & O Railroad,Short Line Railroad,States Avenue,Atlantic Avenue,North Carolina Avenue,Oriental Avenue,Water Works,Baltic Avenue,St. Charles Place,Mediterranean Avenue,Vermont Avenue,
18,0,0,31,265,0,26,5,40,3,264,0,27,31,7,9,284,0,
Best: P2
4
Vermont Avenue,B & O Railroad,Pacific Avenue,Electric Company,St. James Place,Indiana Avenue,Atlantic Avenue,Illinois Avenue,Water Works,Park Place,Virginia Avenue,
18,0,0,31,265,0,26,5,40,3,264,0,27,31,7,9,284,0,
Best: P2
4
Oriental Avenue,Pennsylvania Railroad,Boardwalk,New York Avenue,Water Works,Virginia Avenue,Tennessee Avenue,Vermont Avenue,Pennsylvania Avenue,Mediterranean Avenue,States Avenue,
18,0,0,31,265,0,26,5,40,3,264,0,27,31,7,9,284,0,
Best: P1
3
St. James Place,Tennessee Avenue,Pacific Avenue,Ventnor Avenue,Oriental Avenue,Illinois Avenue,North Carolina Avenue,Boardwalk,B & O Railroad,Electric Company,
16,0,0,31,279,0,26,4,38,1,278,0,26,28,6,7,284,0,
Best: P2
4
New York Avenue,Park Place,Electric Company,Water Works,Atlantic Avenue,Pennsylvania Railroad,Mediterranean Avenue,Pacific Avenue,
17,0,0,32,280,0,25,4,40,2,281,0,27,30,6,7,278,0,
Best: P2
3
States Avenue,Connecticut Avenue,Virginia Avenue,New York Avenue,St. Charles Place,Tennessee Avenue,Water Works,Ventnor Avenue,Indiana Avenue,B & O Railroad,St. James Place,
17,0,0,32,280,0,25,4,40,2,281,0,27,30,6,7,278,0,
Best: P2
4
St. Charles Place,North Carolina Avenue,Reading Railroad,Vermont Avenue,B & O Railroad,Pacific Avenue,Boardwalk,
17,0,0,32,280,0,25,4,40,2,281,0,27,30,6,7,278,0,
Best: P2
4
Tennessee Avenue,St. Charles Place,Vermont Avenue,States Avenue,Short Line Railroad,Boardwalk,Oriental Avenue,Pennsylvania Railroad,New York Avenue,Ventnor Avenue,
17,0,0,32,280,0,25,4,40,2,281,0,27,30,6,7,278,0,
Best: P2
3
Mediterranean Avenue,B & O Railroad,States Avenue,
17,0,0,32,280,0,25,4,40,2,281,0,27,30,6,7,278,0,
Best: P1
3
Oriental Avenue,Ventnor Avenue,North Carolina Avenue,Mediterranean Avenue,Tennessee Avenue,Connecticut Avenue,Reading Railroad,Park Place,Pennsylvania Railroad,
16,0,0,30,295,0,23,3,38,0,273,0,26,27,5,6,283,0,
Best: P2
4
Ventnor Avenue,Indiana Avenue,Boardwalk,Short Line Railroad,Connecticut Avenue,Marvin Gardens,Reading Railroad,Electric Company,States Avenue,Illinois Avenue,North Carolina Avenue,St. James Place,
15,0,0,32,292,0,24,3,38,0,285,0,25,27,5,6,274,0,
Best: P2
3
Pennsylvania Railroad,Baltic Avenue,Reading Railroad,New York Avenue,Ventnor Avenue,Pacific Avenue,Indiana Avenue,Tennessee Avenue,Electric Company,Kentucky Avenue,North Carolina Avenue,Pennsylvania Avenue,Marvin Gardens,Short Line Railroad,
15,0,0,32,292,0,24,3,38,0,285,0,25,27,5,6,274,0,
Best: P1
3
Connecticut Avenue,States Avenue,B & O Railroad,Illinois Avenue,North Carolina Avenue,Pennsylvania Railroad,Marvin Gardens,Reading Railroad,Virginia Avenue,St. Charles Place,Park Place,Oriental Avenue,
15,0,0,29,295,0,24,2,36,0,288,0,25,26,3,5,278,0,
Best: P2
3
Mediterranean Avenue,St. James Place,Illinois Avenue,Boardwalk,Connecticut Avenue,Atlantic Avenue,Virginia Avenue,
15,0,0,29,287,0,23,2,38,0,271,0,25,26,4,5,276,0,
Best: P2
3
St. James Place,Virginia Avenue,States Avenue,Vermont Avenue,B & O Railroad,Mediterranean Avenue,Baltic Avenue,Kentucky Avenue,Atlantic Avenue,Pacific Avenue,Short Line Railroad,North Carolina Avenue,
15,0,0,29,287,0,23,2,38,0,271,0,25,26,4,5,276,0,
Best: P1
2
Kentucky Avenue,Atlantic Avenue,Oriental Avenue,Pennsylvania Railroad,Pennsylvania Avenue,New York Avenue,Illinois Avenue,Boardwalk,Vermont Avenue,B & O Railroad,Virginia Avenue,St. James Place,Tennessee Avenue,
15,0,0,27,285,0,23,2,38,0,276,0,24,26,3,4,268,0,
Best: P2
4
Tennessee Avenue,Park Place,States Avenue,B & O Railroad,Baltic Avenue,Ventnor Avenue,Vermont Avenue,
15,0,0,28,300,0,24,2,38,0,273,0,23,24,2,4,272,0,
Best: P2
4
Kentucky Avenue,Water Works,St. James Place,Illinois Avenue,Pennsylvania Railroad,B & O Railroad,Short Line Railroad,
15,0,0,28,300,0,24,2,38,0,273,0,23,24,2,4,272,0,
Best: P1
3
Ventnor Avenue,Water Works,Short Line Railroad,Pennsylvania Railroad,Virginia Avenue,Atlantic Avenue,North Carolina Avenue,New York Avenue,St. James Place,Electric Company,
15,0,0,26,288,0,22,1,35,0,287,0,23,24,2,2,270,0,
Best: P1
3
Boardwalk,Electric Company,Ventnor Avenue,Vermont Avenue,Indiana Avenue,North Carolina Avenue,Reading Railroad,Tennessee Avenue,New York Avenue,Illinois Avenue,Virginia Avenue,States Avenue,Atlantic Avenue,Pacific Avenue,Pennsylvania Avenue,Connecticut Avenue,St. Charles Place,
15,0,0,26,288,0,22,1,35,0,287,0,23,24,2,2,270,0,
Best: P2
3
Kentucky Avenue,Boardwalk,Water Works,Marvin Gardens,Oriental Avenue,Electric Company,Indiana Avenue,Vermont Avenue,Reading Railroad,Virginia Avenue,Pacific Avenue,
15,0,0,26,297,0,23,0,33,0,273,0,23,24,0,1,262,0,
Best: P1
3
Reading Railroad,Illinois Avenue,Vermont Avenue,Kentucky Avenue,Connecticut Avenue,St. James Place,Boardwalk,Pennsylvania Railroad,Virginia Avenue,
15,0,0,26,286,0,22,0,32,0,277,0,24,24,0,0,258,0,
Best: P2
4
New York Avenue,Pacific Avenue,Tennessee Avenue,
15,0,0,24,305,0,21,0,30,0,275,0,24,23,0,0,270,0,
Best: P1
3
Reading Railroad,Atlantic Avenue,Short Line Railroad,Baltic Avenue,
15,0,0,25,286,0,21,0,29,0,276,0,25,22,0,0,253,0,
Best: P2
4
Oriental Avenue,Water Works,Short Line Railroad,St. Charles Place,Indiana Avenue,Tennessee Avenue,Boardwalk,Electric Company,B & O Railroad,Atlantic Avenue,North Carolina Avenue,Baltic Avenue,
15,0,0,23,292,0,20,0,27,0,280,0,24,21,0,0,263,0,
Best: P2
3
St. James Place,Electric Company,Ventnor Avenue,New York Avenue,States Avenue,North Carolina Avenue,Baltic Avenue,Pennsylvania Avenue,Vermont Avenue,Park Place,Tennessee Avenue,Kentucky Avenue,Virginia Avenue,
15,0,0,23,292,0,20,0,27,0,280,0,24,21,0,0,263,0,
Best: P1
3
Park Place,Pacific Avenue,Virginia Avenue,Marvin Gardens,Electric Company,
16,0,0,20,310,0,21,0,27,0,262,0,25,20,0,0,262,0,
Best: P2
3
Reading Railroad,Electric Company,Pacific Avenue,B & O Railroad,Tennessee Avenue,Short Line Railroad,Kentucky Avenue,Water Works,States Avenue,North Carolina Avenue,Indiana Avenue,Virginia Avenue,Marvin Gardens,Atlantic Avenue,
15,0,0,21,294,0,20,0,27,0,279,0,24,19,0,0,272,0,
Best: P4
3
Oriental Avenue,Vermont Avenue,Tennessee Avenue,Water Works,Ventnor Avenue,Virginia Avenue,Connecticut Avenue,States Avenue,North Carolina Avenue,Baltic Avenue,St. James Place,Atlantic Avenue,New York Avenue,Park Place,Kentucky Avenue,
14,0,0,20,299,0,20,0,25,0,271,0,23,18,0,0,289,0,
Best: P1
4
Pennsylvania Avenue,Baltic Avenue,Pennsylvania Railroad,
14,0,0,21,285,0,20,0,26,0,264,0,23,18,0,0,269,0,
Best: P1
3
Electric Company,Park Place,Tennessee Avenue,Atlantic Avenue,States Avenue,Indiana Avenue,Connecticut Avenue,Marvin Gardens,Water Works,Pacific Avenue,Baltic Avenue,
14,0,0,21,285,0,20,0,26,0,264,0,23,18,0,0,269,0,
Best: P2
4
New York Avenue,Vermont Avenue,Mediterranean Avenue,Connecticut Avenue,Illinois Avenue,Pacific Avenue,Pennsylvania Railroad,Ventnor Avenue,Short Line Railroad,
13,0,0,19,266,0,19,0,25,0,253,0,22,17,0,0,271,0,
Best: P2
4
States Avenue,Vermont Avenue,Water Works,Connecticut Avenue,Boardwalk,
13,0,0,19,266,0,19,0,25,0,253,0,22,17,0,0,271,0,
Best: P2
3
North Carolina Avenue,Pacific Avenue,Vermont Avenue,Atlantic Avenue,Oriental Avenue,Connecticut Avenue,Pennsylvania Avenue,States Avenue,
13,0,0,19,266,0,19,0,25,0,253,0,22,17,0,0,271,0,
Best: P2
4
Pennsylvania Avenue,States Avenue,Pacific Avenue,New York Avenue,Tennessee Avenue,Baltic Avenue,Atlantic Avenue,
13,0,0,19,266,0,19,0,25,0,253,0,22,17,0,0,271,0,
Best: P1
3
States Avenue,Kentucky Avenue,Boardwalk,St. James Place,Electric Company,Atlantic Avenue,Pacific Avenue,Mediterranean Avenue,Oriental Avenue,Pennsylvania Avenue,Water Works,
12,0,0,18,277,0,18,0,25,0,258,0,22,15,0,0,276,0,
Best: P1
3
Park Place,States Avenue,Illinois Avenue,Indiana Avenue,Water Works,St. James Place,
12,0,0,18,277,0,18,0,25,0,258,0,22,15,0,0,276,0,
Best: P3
3
Connecticut Avenue,Water Works,B & O Railroad,Park Place,Mediterranean Avenue,States Avenue,Ventnor Avenue,Marvin Gardens,Kentucky Avenue,
12,0,0,18,276,0,19,0,23,0,266,0,20,14,0,0,263,0,
Best: P2
4
States Avenue,North Carolina Avenue,Connecticut Avenue,Indiana Avenue,Ventnor Avenue,B & O Railroad,Water Works,Mediterranean Avenue,Reading Railroad,Short Line Railroad,Virginia Avenue,Pennsylvania Avenue,Atlantic Avenue,Electric Company,
12,0,0,17,275,0,18,0,23,0,250,0,20,14,0,0,263,0,
Best: P1
4
States Avenue,North Carolina Avenue,Oriental Avenue,Pennsylvania Railroad,Electric Company,Reading Railroad,B & O Railroad,
12,0,0,17,266,0,18,0,22,0,253,0,20,13,0,0,247,0,
Best: P2
4
B & O Railroad,Electric Company,Virginia Avenue,Pennsylvania Avenue,Vermont Avenue,Indiana Avenue,
12,0,0,17,267,0,18,0,22,0,248,0,19,12,0,0,262,0,
Best: P2
4
Vermont Avenue,St. James Place,Connecticut Avenue,Marvin Gardens,Electric Company,North Carolina Avenue,
12,0,0,17,267,0,18,0,22,0,248,0,19,12,0,0,262,0,
Best: P1
3
New York Avenue,Ventnor Avenue,St. Charles Place,St. James Place,Reading Railroad,Electric Company,Tennessee Avenue,Kentucky Avenue,
12,0,0,16,279,0,17,0,20,0,246,0,17,11,0,0,248,0,
Best: P3
3
Electric Company,Connecticut Avenue,Illinois Avenue,Baltic Avenue,Atlantic Avenue,Pacific Avenue,Water Works,Tennessee Avenue,Reading Railroad,B & O Railroad,Mediterranean Avenue,
13,0,0,15,286,0,18,0,19,0,241,0,18,10,0,0,269,0,
Best: P2
4
St. Charles Place,Atlantic Avenue,St. James Place,New York Avenue,Marvin Gardens,Tennessee Avenue,Indiana Avenue,Short Line Railroad,
12,0,0,14,298,0,18,0,20,0,251,0,17,10,0,0,259,0,
Best: P2
3
B & O Railroad,Pacific Avenue,Connecticut Avenue,St. James Place,Reading Railroad,Water Works,Oriental Avenue,Mediterranean Avenue,Electric Company,Kentucky Avenue,St. Charles Place,Indiana Avenue,Boardwalk,
12,0,0,14,298,0,18,0,20,0,251,0,17,10,0,0,259,0,
Best: P1
3
Baltic Avenue,Electric Company,New York Avenue,Pennsylvania Railroad,Boardwalk,B & O Railroad,Connecticut Avenue,Kentucky Avenue,Illinois Avenue,States Avenue,Marvin Gardens,Pacific Avenue,Short Line Railroad,Vermont Avenue,
12,0,0,12,293,0,17,0,18,0,244,0,17,9,0,0,258,0,
Best: P1
4
Oriental Avenue,Park Place,Kentucky Avenue,St. James Place,
12,0,0,12,293,0,17,0,18,0,244,0,17,9,0,0,258,0,
Best: P2
4
St. James Place,Marvin Gardens,Reading Railroad,Oriental Avenue,New York Avenue,Pacific Avenue,Vermont Avenue,Virginia Avenue,Ventnor Avenue,Atlantic Avenue,Indiana Avenue,Pennsylvania Avenue,B & O Railroad,Connecticut Avenue,
11,0,0,11,290,0,17,0,17,0,245,0,18,9,0,0,263,0,
Best: P1
3
Vermont Avenue,Electric Company,Ventnor Avenue,
11,0,0,11,279,0,16,0,16,0,256,0,17,9,0,0,267,0,
Best: P2
4
States Avenue,Indiana Avenue,Virginia Avenue,Water Works,Electric Company,Boardwalk,North Carolina Avenue,New York Avenue,Pennsylvania Railroad,St. Charles Place,Pacific Avenue,
11,0,0,11,278,0,16,0,16,0,247,0,16,9,0,0,278,0,
Best: P2
4
Connecticut Avenue,St. Charles Place,Ventnor Avenue,Virginia Avenue,Atlantic Avenue,Electric Company,Oriental Avenue,North Carolina Avenue,Short Line Railroad,
11,0,0,11,278,0,16,0,16,0,247,0,16,9,0,0,278,0,
Best: P2
4
Water Works,Short Line Railroad,Kentucky Avenue,New York Avenue,Mediterranean Avenue,Pennsylvania Avenue,Indiana Avenue,Ventnor Avenue,Boardwalk,St. James Place,St. Charles Place,Vermont Avenue,North Carolina Avenue,Oriental Avenue,
11,0,0,11,278,0,16,0,16,0,247,0,16,9,0,0,278,0,
Best: P2
4
Indiana Avenue,Pennsylvania Railroad,North Carolina Avenue,Atlantic Avenue,Tennessee Avenue,Ventnor Avenue,Virginia Avenue,New York Avenue,Kentucky Avenue,Park Place,Baltic Avenue,
11,0,0,11,278,0,16,0,16,0,247,0,16,9,0,0,278,0,
Best: P2
3
Vermont Avenue,Short Line Railroad,St. Charles Place,Tennessee Avenue,Boardwalk,Baltic Avenue,Oriental Avenue,Water Works,Pennsylvania Avenue,Electric Company,Park Place,
11,0,0,11,278,0,16,0,16,0,247,0,16,9,0,0,278,0,
Best: P2
3
Connecticut Avenue,Pennsylvania Railroad,Indiana Avenue,Illinois Avenue,Reading Railroad,Short Line Railroad,Vermont Avenue,North Carolina Avenue,States Avenue,Electric Company,Marvin Gardens,Park Place,Atlantic Avenue,
11,0,0,11,278,0,16,0,16,0,247,0,16,9,0,0,278,0,
Best: P1
3
St. James Place,Oriental Avenue,Marvin Gardens,Reading Railroad,
10,0,0,9,288,0,15,0,14,0,258,0,14,8,0,0,275,0,
Best: P2
4
Reading Railroad,Tennessee Avenue,Indiana Avenue,B & O Railroad,Marvin Gardens,New York Avenue,Short Line Railroad,Virginia Avenue,Park Place,Pennsylvania Railroad,States Avenue,Kentucky Avenue,St. James Place,
10,0,0,10,291,0,16,0,14,0,249,0,15,8,0,0,264,0,
Best: P4
4
Marvin Gardens,Kentucky Avenue,Indiana Avenue,
10,0,0,8,277,0,15,0,14,0,265,0,14,8,0,0,279,0,
Best: P2
4
B & O Railroad,Tennessee Avenue,St. James Place,Virginia Avenue,Illinois Avenue,Baltic Avenue,St. Charles Place,Atlantic Avenue,Connecticut Avenue,Reading Railroad,Ventnor Avenue,Oriental Avenue,
11,0,0,8,298,0,16,0,13,0,269,0,15,8,0,0,284,0,
Best: P2
4
Electric Company,Pacific Avenue,Ventnor Avenue,Marvin Gardens,States Avenue,B & O Railroad,Pennsylvania Railroad,Park Place,St. James Place,
11,0,0,8,298,0,16,0,13,0,269,0,15,8,0,0,284,0,
Best: P2
3
Tennessee Avenue,States Avenue,B & O Railroad,Pennsylvania Avenue,Atlantic Avenue,
11,0,0,8,298,0,16,0,13,0,269,0,15,8,0,0,284,0,
Best: P1
3
Pennsylvania Avenue,North Carolina Avenue,Tennessee Avenue,
10,0,0,6,285,0,15,0,12,0,261,0,15,7,0,0,268,0,
Best: P2
4
St. Charles Place,Pennsylvania Avenue,Pacific Avenue,Boardwalk,Ventnor Avenue,Atlantic Avenue,Vermont Avenue,Pennsylvania Railroad,Virginia Avenue,Tennessee Avenue,Water Works,
10,0,0,7,282,0,15,0,11,0,257,0,15,6,0,0,267,0,
Best: P2
3
Kentucky Avenue,B & O Railroad,Short Line Railroad,
10,0,0,7,282,0,15,0,11,0,257,0,15,6,0,0,267,0,
Best: P2
4
St. Charles Place,St. James Place,B & O Railroad,Marvin Gardens,Baltic Avenue,Illinois Avenue,Short Line Railroad,States Avenue,Kentucky Avenue,
10,0,0,7,282,0,15,0,11,0,257,0,15,6,0,0,267,0,
Best: P1
3
St. Charles Place,Atlantic Avenue,Oriental Avenue,Indiana Avenue,States Avenue,Electric Company,
10,0,0,5,282,0,15,0,10,0,256,0,16,5,0,0,267,0,
Best: P1
3
Electric Company,Mediterranean Avenue,Water Works,Virginia Avenue,Oriental Avenue,Atlantic Avenue,Pennsylvania Avenue,Pennsylvania Railroad,St. James Place,States Avenue,Illinois Avenue,Park Place,New York Avenue,Reading Railroad,
10,0,0,5,282,0,15,0,10,0,256,0,16,5,0,0,267,0,
Best: P1
3
B & O Railroad,Atlantic Avenue,St. Charles Place,Electric Company,
10,0,0,5,282,0,15,0,10,0,256,0,16,5,0,0,267,0,
Best: P1
3
North Carolina Avenue,Atlantic Avenue,Ventnor Avenue,Boardwalk,Park Place,Connecticut Avenue,St. James Place,
10,0,0,5,282,0,15,0,10,0,256,0,16,5,0,0,267,0,
Best: P2
4
Pennsylvania Avenue,Connecticut Avenue,Pacific Avenue,Water Works,Vermont Avenue,Baltic Avenue,Indiana Avenue,Pennsylvania Railroad,New York Avenue,
10,0,0,5,275,0,16,0,8,0,263,0,15,3,0,0,275,0,
Best: P2
3
States Avenue,Connecticut Avenue,Tennessee Avenue,St. James Place,Indiana Avenue,Marvin Gardens,Illinois Avenue,
10,0,0,5,275,0,16,0,8,0,263,0,15,3,0,0,275,0,
Best: P1
3
States Avenue,Pacific Avenue,Connecticut Avenue,Tennessee Avenue,Marvin Gardens,Baltic Avenue,Electric Company,B & O Railroad,Mediterranean Avenue,Reading Railroad,New York Avenue,Pennsylvania Railroad,
10,0,0,3,281,0,15,0,7,0,274,0,13,2,0,0,273,0,
Best: P2
3
States Avenue,Pennsylvania Avenue,St. Charles Place,Pacific Avenue,B & O Railroad,New York Avenue,Ventnor Avenue,St. James Place,Boardwalk,Marvin Gardens,Illinois Avenue,Connecticut Avenue,
10,0,0,3,266,0,15,0,6,0,270,0,14,1,0,0,282,0,
Best: P1
4
St. Charles Place,Illinois Avenue,Pacific Avenue,Ventnor Avenue,Indiana Avenue,
11,0,0,3,259,0,16,0,6,0,261,0,14,0,0,0,290,0,
Best: P1
4
Atlantic Avenue,Connecticut Avenue,Boardwalk,Pennsylvania Avenue,New York Avenue,Marvin Gardens,Electric Company,Park Place,Illinois Avenue,North Carolina Avenue,Short Line Railroad,Virginia Avenue,Pacific Avenue,Oriental Avenue,St. Charles Place,Pennsylvania Railroad,
11,0,0,3,259,0,16,0,6,0,261,0,14,0,0,0,290,0,
Best: P1
3
Kentucky Avenue,North Carolina Avenue,Connecticut Avenue,New York Avenue,Pacific Avenue,B & O Railroad,Atlantic Avenue,Reading Railroad,Water Works,Electric Company,Boardwalk,Illinois Avenue,
11,0,0,3,259,0,16,0,6,0,261,0,14,0,0,0,290,0,
Best: P1
4
Electric Company,Marvin Gardens,Ventnor Avenue,Pennsylvania Avenue,Pennsylvania Railroad,Reading Railroad,St. James Place,Park Place,Oriental Avenue,Short Line Railroad,Boardwalk,B & O Railroad,Illinois Avenue,Kentucky Avenue,
11,0,0,3,259,0,16,0,6,0,261,0,14,0,0,0,290,0,
Best: P1
4
Oriental Avenue,Virginia Avenue,Indiana Avenue,Tennessee Avenue,Atlantic Avenue,Pennsylvania Railroad,North Carolina Avenue,New York Avenue,Pacific Avenue,St. James Place,B & O Railroad,Park Place,Marvin Gardens,Connecticut Avenue,
11,0,0,3,259,0,16,0,6,0,261,0,14,0,0,0,290,0,
Best: P1
3
Atlantic Avenue,Connecticut Avenue,Park Place,Reading Railroad,St. Charles Place,Pacific Avenue,North Carolina Avenue,Baltic Avenue,States Avenue,Vermont Avenue,Pennsylvania Railroad,
11,0,0,3,259,0,16,0,6,0,261,0,14,0,0,0,290,0,
Best: P2
4
Vermont Avenue,Illinois Avenue,Pennsylvania Railroad,Kentucky Avenue,Boardwalk,Park Place,Virginia Avenue,Tennessee Avenue,Pennsylvania Avenue,St. Charles Place,Marvin Gardens,Atlantic Avenue,
11,0,0,2,243,0,15,0,4,0,269,0,13,0,0,0,280,0,
Best: P2
4
Oriental Avenue,St. Charles Place,Tennessee Avenue,Baltic Avenue,Park Place,Virginia Avenue,Pennsylvania Avenue,B & O Railroad,States Avenue,Water Works,Ventnor Avenue,Boardwalk,Mediterranean Avenue,Electric Company,Short Line Railroad,
11,0,0,2,243,0,15,0,4,0,269,0,13,0,0,0,280,0,
Best: P2
4
Tennessee Avenue,Ventnor Avenue,Water Works,
11,0,0,2,243,0,15,0,4,0,269,0,13,0,0,0,280,0,
Best: P1
4
B & O Railroad,St. James Place,Indiana Avenue,Ventnor Avenue,New York Avenue,North Carolina Avenue,Pennsylvania Avenue,Atlantic Avenue,Marvin Gardens,Park Place,Short Line Railroad,Electric Company,
11,0,0,1,237,0,14,0,3,0,280,0,11,0,0,0,287,0,
Best: P1
3
St. Charles Place,Atlantic Avenue,Vermont Avenue,Boardwalk,North Carolina Avenue,
11,0,0,1,237,0,14,0,3,0,280,0,11,0,0,0,287,0,
Best: P2
3
Pennsylvania Avenue,Pacific Avenue,Tennessee Avenue,New York Avenue,Virginia Avenue,North Carolina Avenue,Oriental Avenue,Marvin Gardens,Illinois Avenue,
10,0,0,0,240,0,12,0,3,0,264,0,11,0,0,0,280,0,
Best: P1
3
Vermont Avenue,Tennessee Avenue,Illinois Avenue,Short Line Railroad,Park Place,Pennsylvania Railroad,States Avenue,Pacific Avenue,B & O Railroad,Indiana Avenue,
10,0,0,0,247,0,13,0,2,0,258,0,11,0,0,0,285,0,
Best: P1
4
Indiana Avenue,Park Place,Pacific Avenue,Virginia Avenue,Reading Railroad,Illinois Avenue,St. Charles Place,Atlantic Avenue,Baltic Avenue,Marvin Gardens,
10,0,0,0,247,0,13,0,2,0,258,0,11,0,0,0,285,0,
Best: P1
4
Reading Railroad,Pacific Avenue,Baltic Avenue,Water Works,Vermont Avenue,Pennsylvania Railroad,Ventnor Avenue,Atlantic Avenue,Boardwalk,Short Line Railroad,Oriental Avenue,Pennsylvania Avenue,Electric Company,
10,0,0,0,247,0,13,0,2,0,258,0,11,0,0,0,285,0,
Best: P1
4
North Carolina Avenue,Oriental Avenue,Boardwalk,Tennessee Avenue,Marvin Gardens,Electric Company,B & O Railroad,St. James Place,Indiana Avenue,Reading Railroad,States Avenue,New York Avenue,Atlantic Avenue,Short Line Railroad,
10,0,0,0,247,0,13,0,2,0,258,0,11,0,0,0,285,0,
Best: P2
3
Oriental Avenue,Kentucky Avenue,St. James Place,Virginia Avenue,Water Works,Pacific Avenue,Pennsylvania Avenue,St. Charles Place,
10,0,0,0,245,0,13,0,0,0,242,0,11,0,0,0,291,0,
Best: P2
4
Vermont Avenue,Illinois Avenue,St. James Place,Ventnor Avenue,States Avenue,Electric Company,Reading Railroad,Baltic Avenue,Marvin Gardens,Virginia Avenue,North Carolina Avenue,Boardwalk,New York Avenue,
10,0,0,0,245,0,13,0,0,0,242,0,11,0,0,0,291,0,
Best: P1
4
Vermont Avenue,States Avenue,Short Line Railroad,St. James Place,Indiana Avenue,Connecticut Avenue,Water Works,Baltic Avenue,Kentucky Avenue,New York Avenue,Electric Company,Tennessee Avenue,
10,0,0,0,231,0,13,0,0,0,246,0,11,0,0,0,280,0,
Best: P2
3
Illinois Avenue,Oriental Avenue,Indiana Avenue,Kentucky Avenue,Electric Company,B & O Railroad,St. Charles Place,St. James Place,Boardwalk,Pennsylvania Avenue,Reading Railroad,
10,0,0,0,240,0,14,0,0,0,256,0,11,0,0,0,282,0,
Best: P1
4
Baltic Avenue,Ventnor Avenue,North Carolina Avenue,Vermont Avenue,Pacific Avenue,Marvin Gardens,Tennessee Avenue,Mediterranean Avenue,Virginia Avenue,B & O Railroad,Indiana Avenue,St. James Place,Water Works,Connecticut Avenue,
11,0,0,0,223,0,12,0,0,0,261,0,12,0,0,0,289,0,
Best: P2
3
Oriental Avenue,St. James Place,Indiana Avenue,Tennessee Avenue,Kentucky Avenue,Ventnor Avenue,Water Works,Short Line Railroad,States Avenue,Electric Company,
10,0,0,0,228,0,12,0,0,0,265,0,11,0,0,0,296,0,
Best: P1
4
Mediterranean Avenue,St. Charles Place,States Avenue,Atlantic Avenue,Virginia Avenue,Connecticut Avenue,Pacific Avenue,Tennessee Avenue,Ventnor Avenue,Electric Company,Marvin Gardens,Reading Railroad,
10,0,0,0,216,0,13,0,0,0,257,0,11,0,0,0,289,0,
Best: P2
3
Mediterranean Avenue,Tennessee Avenue,Atlantic Avenue,Indiana Avenue,Marvin Gardens,New York Avenue,B & O Railroad,Kentucky Avenue,States Avenue,Reading Railroad,Connecticut Avenue,
10,0,0,0,222,0,12,0,0,0,255,0,11,0,0,0,289,0,
Best: P2
3
Ventnor Avenue,Pennsylvania Railroad,Electric Company,North Carolina Avenue,Tennessee Avenue,New York Avenue,Virginia Avenue,Water Works,Reading Railroad,Connecticut Avenue,Mediterranean Avenue,Vermont Avenue,Oriental Avenue,St. James Place,Illinois Avenue,
10,0,0,0,222,0,12,0,0,0,255,0,11,0,0,0,289,0,
Best: P1
4
Atlantic Avenue,B & O Railroad,Vermont Avenue,Reading Railroad,Illinois Avenue,Pennsylvania Railroad,Electric Company,Short Line Railroad,Pacific Avenue,Boardwalk,Virginia Avenue,
10,0,0,0,220,0,12,0,0,0,248,0,11,0,0,0,295,0,
Best: P2
4
Electric Company,Connecticut Avenue,States Avenue,Mediterranean Avenue,Kentucky Avenue,Atlantic Avenue,Park Place,
10,0,0,0,218,0,12,0,0,0,258,0,11,0,0,0,292,0,
Best: P1
3
Oriental Avenue,Illinois Avenue,Kentucky Avenue,Pacific Avenue,Marvin Gardens,Water Works,Boardwalk,New York Avenue,Vermont Avenue,Ventnor Avenue,Connecticut Avenue,Short Line Railroad,
10,0,0,0,227,0,12,0,0,0,265,0,12,0,0,0,293,0,
Best: P1
3
Kentucky Avenue,States Avenue,Marvin Gardens,Park Place,Connecticut Avenue,Tennessee Avenue,Illinois Avenue,Pennsylvania Avenue,Electric Company,Ventnor Avenue,New York Avenue,B & O Railroad,Atlantic Avenue,
10,0,0,0,227,0,12,0,0,0,265,0,12,0,0,0,293,0,
Best: P2
4
Atlantic Avenue,Indiana Avenue,Short Line Railroad,Mediterranean Avenue,Baltic Avenue,New York Avenue,Ventnor Avenue,Pennsylvania Railroad,Vermont Avenue,St. Charles Place,St. James Place,Virginia Avenue,Tennessee Avenue,
10,0,0,0,215,0,12,0,0,0,262,0,12,0,0,0,302,0,
Best: P2
4
B & O Railroad,Pennsylvania Avenue,New York Avenue,Boardwalk,Connecticut Avenue,Atlantic Avenue,Ventnor Avenue,
10,0,0,0,215,0,12,0,0,0,262,0,12,0,0,0,302,0,
Best: P2
4
Tennessee Avenue,States Avenue,Marvin Gardens,Baltic Avenue,Park Place,North Carolina Avenue,Short Line Railroad,Illinois Avenue,Electric Company,Indiana Avenue,Pennsylvania Avenue,Mediterranean Avenue,Virginia Avenue,Oriental Avenue,Pacific Avenue,St. Charles Place,B & O Railroad,
10,0,0,0,215,0,12,0,0,0,262,0,12,0,0,0,302,0,
Best: P1
3
North Carolina Avenue,Virginia Avenue,Boardwalk,St. James Place,Reading Railroad,Illinois Avenue,
10,0,0,0,221,0,12,0,0,0,265,0,11,0,0,0,297,0,
Best: P1
3
Electric Company,New York Avenue,Vermont Avenue,St. Charles Place,Water Works,Connecticut Avenue,Pennsylvania Avenue,Ventnor Avenue,Illinois Avenue,Pennsylvania Railroad,St. James Place,
10,0,0,0,221,0,12,0,0,0,265,0,11,0,0,0,297,0,
Best: P2
4
States Avenue,Pennsylvania Avenue,Kentucky Avenue,New York Avenue,Ventnor Avenue,Tennessee Avenue,Connecticut Avenue,Mediterranean Avenue,Baltic Avenue,Oriental Avenue,
11,0,0,0,231,0,11,0,0,0,260,0,11,0,0,0,289,0,
Best: P1
3
Boardwalk,St. Charles Place,Connecticut Avenue,Pennsylvania Railroad,
10,0,0,0,214,0,11,0,0,0,254,0,11,0,0,0,287,0,
Best: P1
4
Electric Company,Indiana Avenue,Park Place,Connecticut Avenue,New York Avenue,Ventnor Avenue,North Carolina Avenue,Mediterranean Avenue,St. James Place,Pennsylvania Avenue,Virginia Avenue,
10,0,0,0,214,0,11,0,0,0,254,0,11,0,0,0,287,0,
Best: P1
4
Connecticut Avenue,Pennsylvania Railroad,North Carolina Avenue,Kentucky Avenue,Vermont Avenue,Mediterranean Avenue,Marvin Gardens,Park Place,Oriental Avenue,Atlantic Avenue,St. James Place,Water Works,Pacific Avenue,Ventnor Avenue,
10,0,0,0,214,0,11,0,0,0,254,0,11,0,0,0,287,0,
Best: P1
4
Illinois Avenue,Short Line Railroad,North Carolina Avenue,B & O Railroad,St. James Place,Baltic Avenue,Pennsylvania Avenue,Oriental Avenue,Connecticut Avenue,Boardwalk,Water Works,Ventnor Avenue,
10,0,0,0,214,0,11,0,0,0,254,0,11,0,0,0,287,0,
Best: P1
4
Marvin Gardens,North Carolina Avenue,Tennessee Avenue,Pennsylvania Avenue,Connecticut Avenue,Ventnor Avenue,Baltic Avenue,Reading Railroad,Indiana Avenue,New York Avenue,St. Charles Place,Park Place,
10,0,0,0,214,0,11,0,0,0,254,0,11,0,0,0,287,0,
Best: P1
4
Tennessee Avenue,Ventnor Avenue,Vermont Avenue,Electric Company,Pennsylvania Avenue,St. James Place,Pacific Avenue,New York Avenue,Reading Railroad,Illinois Avenue,Park Place,Mediterranean Avenue,Marvin Gardens,B & O Railroad,
10,0,0,0,214,0,11,0,0,0,254,0,11,0,0,0,287,0,
Best: P1
3
Virginia Avenue,Illinois Avenue,New York Avenue,Pennsylvania Railroad,Reading Railroad,Pacific Avenue,Oriental Avenue,Kentucky Avenue,Indiana Avenue,Tennessee Avenue,St. Charles Place,St. James Place,
10,0,0,0,214,0,11,0,0,0,254,0,11,0,0,0,287,0,
Best: P2
4
Vermont Avenue,New York Avenue,Reading Railroad,Tennessee Avenue,Atlantic Avenue,Park Place,States Avenue,Mediterranean Avenue,B & O Railroad,Virginia Avenue,Boardwalk,Water Works,Short Line Railroad,Pacific Avenue,St. Charles Place,
10,0,0,0,203,0,11,0,0,0,260,0,10,0,0,0,279,0,
Best: P1
3
Connecticut Avenue,Ventnor Avenue,Oriental Avenue,B & O Railroad,Pennsylvania Avenue,New York Avenue,Boardwalk,Tennessee Avenue,St. Charles Place,
10,0,0,0,203,0,11,0,0,0,262,0,10,0,0,0,291,0,
Best: P1
4
B & O Railroad,Oriental Avenue,Electric Company,Reading Railroad,Tennessee Avenue,Water Works,Vermont Avenue,Atlantic Avenue,
10,0,0,0,203,0,11,0,0,0,262,0,10,0,0,0,291,0,
Best: P2
3
Baltic Avenue,St. James Place,States Avenue,Short Line Railroad,Ventnor Avenue,Atlantic Avenue,Oriental Avenue,North Carolina Avenue,Kentucky Avenue,Marvin Gardens,Virginia Avenue,New York Avenue,
10,0,0,0,189,0,11,0,0,0,254,0,10,0,0,0,271,0,
Best: P1
3
Ventnor Avenue,Connecticut Avenue,Atlantic Avenue,North Carolina Avenue,
10,0,0,0,188,0,11,0,0,0,255,0,10,0,0,0,283,0,
Best: P1
3
Vermont Avenue,Electric Company,Boardwalk,B & O Railroad,New York Avenue,Virginia Avenue,Pennsylvania Avenue,Indiana Avenue,Atlantic Avenue,Illinois Avenue,Connecticut Avenue,Pacific Avenue,Mediterranean Avenue,Kentucky Avenue,
10,0,0,0,188,0,11,0,0,0,255,0,10,0,0,0,283,0,
Best: P1
4
Mediterranean Avenue,St. James Place,Kentucky Avenue,Atlantic Avenue,Park Place,Virginia Avenue,St. Charles Place,Electric Company,Indiana Avenue,Baltic Avenue,Boardwalk,
10,0,0,0,188,0,11,0,0,0,255,0,10,0,0,0,283,0,
Best: P1
3
Connecticut Avenue,Virginia Avenue,Oriental Avenue,Park Place,Vermont Avenue,Reading Railroad,Pennsylvania Avenue,Pennsylvania Railroad,New York Avenue,St. James Place,Marvin Gardens,Pacific Avenue,
10,0,0,0,188,0,11,0,0,0,255,0,10,0,0,0,283,0,
Best: P1
4
Pennsylvania Avenue,B & O Railroad,Marvin Gardens,Pennsylvania Railroad,Reading Railroad,Connecticut Avenue,Vermont Avenue,Pacific Avenue,St. James Place,New York Avenue,Water Works,
10,0,0,0,188,0,11,0,0,0,255,0,10,0,0,0,283,0,
Best: P2
4
Connecticut Avenue,Pennsylvania Avenue,Kentucky Avenue,Mediterranean Avenue,Tennessee Avenue,B & O Railroad,States Avenue,Reading Railroad,St. Charles Place,
10,0,0,0,185,0,10,0,0,0,251,0,10,0,0,0,275,0,
Best: P1
4
Indiana Avenue,Virginia Avenue,New York Avenue,Marvin Gardens,Mediterranean Avenue,Boardwalk,
10,0,0,0,191,0,10,0,0,0,247,0,10,0,0,0,290,0,
Best: P2
4
St. James Place,Marvin Gardens,North Carolina Avenue,Pacific Avenue,Electric Company,Short Line Railroad,Park Place,Ventnor Avenue,
10,0,0,0,178,0,10,0,0,0,244,0,10,0,0,0,276,0,
Best: P1
4
Indiana Avenue,Boardwalk,Pacific Avenue,Virginia Avenue,St. James Place,Water Works,Park Place,Short Line Railroad,Mediterranean Avenue,Connecticut Avenue,B & O Railroad,
10,0,0,0,184,0,10,0,0,0,254,0,11,0,0,0,297,0,
Best: P1
4
Marvin Gardens,Ventnor Avenue,St. Charles Place,Pacific Avenue,Pennsylvania Railroad,Connecticut Avenue,Short Line Railroad,Oriental Avenue,States Avenue,Boardwalk,Water Works,Kentucky Avenue,
10,0,0,0,184,0,10,0,0,0,254,0,11,0,0,0,297,0,
Best: P2
3
Pennsylvania Railroad,Kentucky Avenue,Vermont Avenue,B & O Railroad,Water Works,Indiana Avenue,Electric Company,Pacific Avenue,Illinois Avenue,Tennessee Avenue,
10,0,0,0,173,0,10,0,0,0,269,0,10,0,0,0,276,0,
Best: P1
3
Tennessee Avenue,Pennsylvania Avenue,Illinois Avenue,Vermont Avenue,Reading Railroad,Ventnor Avenue,Pacific Avenue,
10,0,0,0,186,0,10,0,0,0,255,0,10,0,0,0,291,0,
Best: P2
3
Vermont Avenue,Atlantic Avenue,B & O Railroad,Kentucky Avenue,States Avenue,Connecticut Avenue,Virginia Avenue,Short Line Railroad,Ventnor Avenue,Indiana Avenue,Illinois Avenue,
10,0,0,0,184,0,10,0,0,0,269,0,10,0,0,0,280,0,
Best: P2
4
Oriental Avenue,States Avenue,
10,0,0,0,184,0,10,0,0,0,269,0,10,0,0,0,280,0,
Best: P3
4
Vermont Avenue,B & O Railroad,Electric Company,St. Charles Place,New York Avenue,St. James Place,Kentucky Avenue,Marvin Gardens,
10,0,0,0,182,0,10,0,0,0,260,0,10,0,0,0,280,0,
Best: P1
4
Pennsylvania Railroad,St. James Place,Tennessee Avenue,Electric Company,North Carolina Avenue,Reading Railroad,B & O Railroad,New York Avenue,Mediterranean Avenue,Virginia Avenue,Boardwalk,Illinois Avenue,St. Charles Place,Baltic Avenue,Ventnor Avenue,
10,0,0,0,177,0,10,0,0,0,253,0,10,0,0,0,281,0,
Best: P1
3
Illinois Avenue,Tennessee Avenue,Ventnor Avenue,Reading Railroad,
10,0,0,0,177,0,10,0,0,0,253,0,10,0,0,0,281,0,
Best: P1
4
Park Place,Mediterranean Avenue,Indiana Avenue,Water Works,B & O Railroad,Pennsylvania Avenue,States Avenue,Tennessee Avenue,St. Charles Place,
10,0,0,0,177,0,10,0,0,0,253,0,10,0,0,0,281,0,
Best: P2
4
Indiana Avenue,Illinois Avenue,Pennsylvania Railroad,Kentucky Avenue,Pennsylvania Avenue,Oriental Avenue,New York Avenue,Tennessee Avenue,Ventnor Avenue,Atlantic Avenue,
11,0,0,0,172,0,11,0,0,0,255,0,10,0,0,0,303,0,
Best: P2
3
Pennsylvania Avenue,States Avenue,St. James Place,Illinois Avenue,B & O Railroad,Marvin Gardens,Tennessee Avenue,
11,0,0,0,172,0,11,0,0,0,255,0,10,0,0,0,303,0,
Best: P1
3
Vermont Avenue,Tennessee Avenue,Oriental Avenue,Boardwalk,North Carolina Avenue,Marvin Gardens,Kentucky Avenue,Atlantic Avenue,Virginia Avenue,New York Avenue,St. Charles Place,Connecticut Avenue,Illinois Avenue,Park Place,Short Line Railroad,
11,0,0,0,175,0,10,0,0,0,247,0,10,0,0,0,298,0,
Best: P1
3
Baltic Avenue,Vermont Avenue,Tennessee Avenue,Illinois Avenue,Kentucky Avenue,Water Works,St. Charles Place,Ventnor Avenue,Pennsylvania Railroad,Mediterranean Avenue,Pacific Avenue,Connecticut Avenue,
11,0,0,0,175,0,10,0,0,0,247,0,10,0,0,0,298,0,
Best: P1
3
Water Works,Mediterranean Avenue,B & O Railroad,Oriental Avenue,Illinois Avenue,Virginia Avenue,Pennsylvania Railroad,Boardwalk,Tennessee Avenue,Kentucky Avenue,Park Place,New York Avenue,Baltic Avenue,Indiana Avenue,Vermont Avenue,
11,0,0,0,175,0,10,0,0,0,247,0,10,0,0,0,298,0,
Best: P2
4
Pennsylvania Avenue,Marvin Gardens,
11,0,0,0,175,0,10,0,0,0,251,0,10,0,0,0,286,0,
Best: P1
3
Mediterranean Avenue,B & O Railroad,Virginia Avenue,Ventnor Avenue,Tennessee Avenue,Pennsylvania Avenue,Illinois Avenue,Kentucky Avenue,St. James Place,States Avenue,New York Avenue,Water Works,
11,0,0,0,178,0,10,0,0,0,253,0,10,0,0,0,286,0,
Best: P1
3
Pacific Avenue,Pennsylvania Railroad,Short Line Railroad,Mediterranean Avenue,Pennsylvania Avenue,Water Works,North Carolina Avenue,St. Charles Place,New York Avenue,States Avenue,St. James Place,Oriental Avenue,
11,0,0,0,178,0,10,0,0,0,253,0,10,0,0,0,286,0,
Best: P1
4
Ventnor Avenue,Connecticut Avenue,Tennessee Avenue,Oriental Avenue,Atlantic Avenue,Boardwalk,States Avenue,
11,0,0,0,178,0,10,0,0,0,253,0,10,0,0,0,286,0,
Best: P2
4
St. James Place,Ventnor Avenue,Reading Railroad,Pennsylvania Avenue,Electric Company,Park Place,Vermont Avenue,Marvin Gardens,States Avenue,Mediterranean Avenue,Pacific Avenue,Illinois Avenue,Pennsylvania Railroad,
11,0,0,0,176,0,10,0,0,0,245,0,10,0,0,0,288,0,
Best: P1
3
States Avenue,Indiana Avenue,Illinois Avenue,Vermont Avenue,Ventnor Avenue,Pacific Avenue,Boardwalk,B & O Railroad,North Carolina Avenue,New York Avenue,
11,0,0,0,185,0,10,0,0,0,241,0,10,0,0,0,287,0,
Best: P2
4
Pennsylvania Railroad,Short Line Railroad,Reading Railroad,Illinois Avenue,Oriental Avenue,
11,0,0,0,174,0,10,0,0,0,252,0,10,0,0,0,298,0,
Best: P1
4
Pacific Avenue,St. Charles Place,Ventnor Avenue,Marvin Gardens,Boardwalk,Indiana Avenue,Reading Railroad,Mediterranean Avenue,B & O Railroad,
11,0,0,0,173,0,11,0,0,0,250,0,10,0,0,0,280,0,
Best: P1
3
Baltic Avenue,Short Line Railroad,Connecticut Avenue,States Avenue,Reading Railroad,Oriental Avenue,Kentucky Avenue,Pacific Avenue,Atlantic Avenue,Vermont Avenue,Pennsylvania Railroad,
11,0,0,0,173,0,11,0,0,0,250,0,10,0,0,0,280,0,
Best: P1
4
Boardwalk,States Avenue,Park Place,North Carolina Avenue,St. Charles Place,
11,0,0,0,173,0,11,0,0,0,250,0,10,0,0,0,280,0,
Best: P2
3
Atlantic Avenue,Vermont Avenue,Pennsylvania Railroad,B & O Railroad,Oriental Avenue,Illinois Avenue,North Carolina Avenue,Boardwalk,Pennsylvania Avenue,Marvin Gardens,
11,0,0,0,172,0,10,0,0,0,246,0,10,0,0,0,286,0,
Best: P1
4
North Carolina Avenue,Pennsylvania Avenue,Vermont Avenue,Pennsylvania Railroad,
10,0,0,0,178,0,10,0,0,0,257,0,10,0,0,0,280,0,
Best: P1
3
B & O Railroad,Indiana Avenue,Electric Company,New York Avenue,Mediterranean Avenue,Baltic Avenue,Marvin Gardens,Short Line Railroad,Pennsylvania Avenue,St. James Place,
10,0,0,0,178,0,10,0,0,0,257,0,10,0,0,0,280,0,
Best: P1
3
Electric Company,Kentucky Avenue,Vermont Avenue,New York Avenue,Marvin Gardens,Water Works,Baltic Avenue,Oriental Avenue,Connecticut Avenue,
10,0,0,0,178,0,10,0,0,0,257,0,10,0,0,0,280,0,
Best: P1
4
St. Charles Place,Reading Railroad,New York Avenue,Oriental Avenue,Pennsylvania Railroad,Atlantic Avenue,Pennsylvania Avenue,Vermont Avenue,
10,0,0,0,178,0,10,0,0,0,257,0,10,0,0,0,280,0,
Best: P1
3
Marvin Gardens,Reading Railroad,Virginia Avenue,Electric Company,Illinois Avenue,Atlantic Avenue,Vermont Avenue,St. Charles Place,States Avenue,
10,0,0,0,178,0,10,0,0,0,257,0,10,0,0,0,280,0,
Best: P2
4
North Carolina Avenue,Indiana Avenue,Short Line Railroad,Ventnor Avenue,Pennsylvania Avenue,St. Charles Place,New York Avenue,Oriental Avenue,Tennessee Avenue,
10,0,0,0,167,0,10,0,0,0,259,0,10,0,0,0,294,0,
Best: P2
4
Reading Railroad,Vermont Avenue,Ventnor Avenue,North Carolina Avenue,Baltic Avenue,Pennsylvania Avenue,
10,0,0,0,167,0,10,0,0,0,259,0,10,0,0,0,294,0,
Best: P1
3
St. Charles Place,North Carolina Avenue,Boardwalk,Baltic Avenue,Oriental Avenue,Kentucky Avenue,Water Works,Pacific Avenue,St. James Place,Pennsylvania Railroad,
10,0,0,0,175,0,10,0,0,0,258,0,10,0,0,0,286,0,
Best: P1
4
Reading Railroad,Pennsylvania Railroad,Kentucky Avenue,Boardwalk,Mediterranean Avenue,Vermont Avenue,St. James Place,Pennsylvania Avenue,Electric Company,Marvin Gardens,Tennessee Avenue,Water Works,Illinois Avenue,Pacific Avenue,
10,0,0,0,175,0,10,0,0,0,258,0,10,0,0,0,286,0,
Best: P1
4
St. James Place,Pennsylvania Railroad,New York Avenue,Illinois Avenue,Indiana Avenue,
10,0,0,0,175,0,10,0,0,0,258,0,10,0,0,0,286,0,
Best: P1
3
Electric Company,Reading Railroad,B & O Railroad,Vermont Avenue,Marvin Gardens,Pacific Avenue,Water Works,
10,0,0,0,175,0,10,0,0,0,258,0,10,0,0,0,286,0,
Best: P1
4
States Avenue,Reading Railroad,Ventnor Avenue,Illinois Avenue,Water Works,Pennsylvania Avenue,Baltic Avenue,St. Charles Place,Electric Company,St. James Place,
10,0,0,0,175,0,10,0,0,0,258,0,10,0,0,0,286,0,
Best: P1
3
Pennsylvania Avenue,Ventnor Avenue,Oriental Avenue,Water Works,Baltic Avenue,Kentucky Avenue,St. Charles Place,
10,0,0,0,175,0,10,0,0,0,258,0,10,0,0,0,286,0,
Best: P2
4
Illinois Avenue,St. Charles Place,Mediterranean Avenue,Ventnor Avenue,Short Line Railroad,Pacific Avenue,Oriental Avenue,New York Avenue,Baltic Avenue,Pennsylvania Avenue,
10,0,0,0,174,0,11,0,0,0,255,0,11,0,0,0,296,0,
Best: P1
4
Indiana Avenue,Pennsylvania Avenue,St. Charles Place,
10,0,0,0,168,0,10,0,0,0,248,0,10,0,0,0,302,0,
Best: P1
3
B & O Railroad,Illinois Avenue,Oriental Avenue,Park Place,Reading Railroad,Connecticut Avenue,Indiana Avenue,Pacific Avenue,Vermont Avenue,Tennessee Avenue,New York Avenue,Baltic Avenue,
10,0,0,0,168,0,10,0,0,0,248,0,10,0,0,0,302,0,
Best: P1
4
Ventnor Avenue,Tennessee Avenue,New York Avenue,Pennsylvania Railroad,B & O Railroad,Pacific Avenue,St. Charles Place,Electric Company,Short Line Railroad,Indiana Avenue,
10,0,0,0,168,0,10,0,0,0,248,0,10,0,0,0,302,0,
Best: P1
4
Tennessee Avenue,Marvin Gardens,Short Line Railroad,Oriental Avenue,St. James Place,Indiana Avenue,Water Works,B & O Railroad,Baltic Avenue,Ventnor Avenue,New York Avenue,Illinois Avenue,States Avenue,
10,0,0,0,168,0,10,0,0,0,248,0,10,0,0,0,302,0,
Best: P1
3
Pennsylvania Railroad,Kentucky Avenue,St. James Place,Pennsylvania Avenue,Illinois Avenue,Boardwalk,
10,0,0,0,168,0,10,0,0,0,248,0,10,0,0,0,302,0,
Best: P2
3
Boardwalk,New York Avenue,St. James Place,Tennessee Avenue,Baltic Avenue,Vermont Avenue,Ventnor Avenue,
10,0,0,0,160,0,10,0,0,0,256,0,10,0,0,0,297,0,
Best: P1
3
Marvin Gardens,Electric Company,Pennsylvania Railroad,St. James Place,Indiana Avenue,Water Works,B & O Railroad,Pacific Avenue,Reading Railroad,Pennsylvania Avenue,
10,0,0,0,157,0,10,0,0,0,241,0,10,0,0,0,301,0,
Best: P1
4
Kentucky Avenue,Water Works,Illinois Avenue,Indiana Avenue,Pacific Avenue,Ventnor Avenue,Virginia Avenue,Pennsylvania Avenue,Tennessee Avenue,North Carolina Avenue,
10,0,0,0,157,0,10,0,0,0,241,0,10,0,0,0,301,0,
Best: P2
3
Kentucky Avenue,States Avenue,New York Avenue,Tennessee Avenue,St. James Place,Baltic Avenue,St. Charles Place,Connecticut Avenue,
10,0,0,0,159,0,10,0,0,0,238,0,10,0,0,0,305,0,
Best: P1
3
Pennsylvania Avenue,North Carolina Avenue,Vermont Avenue,New York Avenue,Indiana Avenue,
10,0,0,0,154,0,10,0,0,0,248,0,10,0,0,0,306,0,
Best: P1
4
Oriental Avenue,Park Place,Water Works,New York Avenue,Virginia Avenue,Pennsylvania Railroad,St. James Place,Tennessee Avenue,Indiana Avenue,Pennsylvania Avenue,
10,0,0,0,154,0,10,0,0,0,248,0,10,0,0,0,306,0,
Best: P2
4
Indiana Avenue,Boardwalk,B & O Railroad,Baltic Avenue,Marvin Gardens,Virginia Avenue,Water Works,Electric Company,Pennsylvania Railroad,States Avenue,New York Avenue,Kentucky Avenue,Pacific Avenue,Tennessee Avenue,St. James Place,St. Charles Place,
10,0,0,0,151,0,10,0,0,0,240,0,10,0,0,0,306,0,
Best: P1
3
B & O Railroad,Water Works,Pennsylvania Railroad,St. James Place,St. Charles Place,Tennessee Avenue,Virginia Avenue,
10,0,0,0,148,0,10,0,0,0,253,0,11,0,0,0,306,0,
Best: P1
4
New York Avenue,Pacific Avenue,Marvin Gardens,Vermont Avenue,Electric Company,States Avenue,Indiana Avenue,Connecticut Avenue,Baltic Avenue,Atlantic Avenue,Park Place,St. Charles Place,Kentucky Avenue,Water Works,Pennsylvania Avenue,
10,0,0,0,148,0,10,0,0,0,253,0,11,0,0,0,306,0,
Best: P3
3
Pennsylvania Avenue,Water Works,Vermont Avenue,Tennessee Avenue,North Carolina Avenue,Ventnor Avenue,New York Avenue,Oriental Avenue,B & O Railroad,Kentucky Avenue,Indiana Avenue,
10,0,0,0,146,0,10,0,0,0,258,0,10,0,0,0,295,0,
Best: P1
3
Boardwalk,Illinois Avenue,St. Charles Place,B & O Railroad,Short Line Railroad,St. James Place,Atlantic Avenue,Ventnor Avenue,Electric Company,Virginia Avenue,Vermont Avenue,Pennsylvania Railroad,Marvin Gardens,Pennsylvania Avenue,
10,0,0,0,145,0,10,0,0,0,260,0,10,0,0,0,300,0,
Best: P1
3
Tennessee Avenue,Ventnor Avenue,Boardwalk,Pacific Avenue,New York Avenue,B & O Railroad,Reading Railroad,Indiana Avenue,North Carolina Avenue,St. James Place,Pennsylvania Railroad,States Avenue,Pennsylvania Avenue,
10,0,0,0,145,0,10,0,0,0,260,0,10,0,0,0,300,0,
Best: P2
3
Park Place,Marvin Gardens,Water Works,Pennsylvania Railroad,Tennessee Avenue,North Carolina Avenue,Virginia Avenue,Oriental Avenue,Illinois Avenue,Ventnor Avenue,Indiana Avenue,Mediterranean Avenue,
10,0,0,0,144,0,10,0,0,0,242,0,10,0,0,0,297,0,
Best: P1
3
New York Avenue,Kentucky Avenue,Boardwalk,North Carolina Avenue,Tennessee Avenue,Ventnor Avenue,St. Charles Place,Electric Company,Reading Railroad,Illinois Avenue,
10,0,0,0,144,0,10,0,0,0,248,0,10,0,0,0,286,0,
Best: P2
4
Connecticut Avenue,B & O Railroad,Pacific Avenue,New York Avenue,
10,0,0,0,151,0,11,0,0,0,245,0,10,0,0,0,276,0,
Best: P1
3
Kentucky Avenue,Boardwalk,Tennessee Avenue,Water Works,Mediterranean Avenue,Atlantic Avenue,Marvin Gardens,Pennsylvania Avenue,Illinois Avenue,Pennsylvania Railroad,B & O Railroad,
10,0,0,0,149,0,10,0,0,0,250,0,10,0,0,0,266,0,
Best: P1
3
St. Charles Place,Boardwalk,Marvin Gardens,Oriental Avenue,North Carolina Avenue,B & O Railroad,Ventnor Avenue,Park Place,Pennsylvania Railroad,Illinois Avenue,Reading Railroad,Pennsylvania Avenue,
10,0,0,0,149,0,10,0,0,0,250,0,10,0,0,0,266,0,
Best: P1
4
Tennessee Avenue,St. James Place,Connecticut Avenue,New York Avenue,Pacific Avenue,Illinois Avenue,Baltic Avenue,Marvin Gardens,States Avenue,Short Line Railroad,Reading Railroad,Pennsylvania Railroad,
10,0,0,0,149,0,10,0,0,0,250,0,10,0,0,0,266,0,
Best: P1
4
Mediterranean Avenue,Pennsylvania Avenue,Park Place,Connecticut Avenue,Tennessee Avenue,Kentucky Avenue,St. James Place,Illinois Avenue,St. Charles Place,Boardwalk,Atlantic Avenue,Indiana Avenue,Marvin Gardens,
10,0,0,0,149,0,10,0,0,0,250,0,10,0,0,0,266,0,
Best: P1
4
Vermont Avenue,Pacific Avenue,Boardwalk,Pennsylvania Railroad,Kentucky Avenue,Virginia Avenue,Indiana Avenue,St. Charles Place,Baltic Avenue,New York Avenue,North Carolina Avenue,Pennsylvania Avenue,B & O Railroad,Ventnor Avenue,
10,0,0,0,149,0,10,0,0,0,250,0,10,0,0,0,266,0,
Best: P1
4
Pennsylvania Railroad,Pennsylvania Avenue,States Avenue,B & O Railroad,Baltic Avenue,Virginia Avenue,Atlantic Avenue,Indiana Avenue,Short Line Railroad,
10,0,0,0,149,0,10,0,0,0,250,0,10,0,0,0,266,0,
Best: P1
3
Pennsylvania Railroad,Indiana Avenue,Pacific Avenue,Vermont Avenue,St. Charles Place,Tennessee Avenue,B & O Railroad,Marvin Gardens,Water Works,Virginia Avenue,St. James Place,North Carolina Avenue,Reading Railroad,
10,0,0,0,149,0,10,0,0,0,250,0,10,0,0,0,266,0,
Best: P2
3
Electric Company,Virginia Avenue,Mediterranean Avenue,Vermont Avenue,Pacific Avenue,New York Avenue,Illinois Avenue,St. Charles Place,Marvin Gardens,Ventnor Avenue,
10,0,0,0,147,0,11,0,0,0,252,0,10,0,0,0,264,0,
Best: P1
4
Atlantic Avenue,Pennsylvania Railroad,Baltic Avenue,Short Line Railroad,Pennsylvania Avenue,Illinois Avenue,Mediterranean Avenue,Ventnor Avenue,Reading Railroad,
10,0,0,0,142,0,10,0,0,0,263,0,10,0,0,0,257,0,
Best: P1
3
Illinois Avenue,North Carolina Avenue,Oriental Avenue,Indiana Avenue,
10,0,0,0,142,0,10,0,0,0,263,0,10,0,0,0,257,0,
Best: P1
3
Connecticut Avenue,St. Charles Place,B & O Railroad,Pacific Avenue,North Carolina Avenue,States Avenue,Short Line Railroad,Electric Company,Indiana Avenue,Water Works,St. James Place,Marvin Gardens,Tennessee Avenue,
10,0,0,0,142,0,10,0,0,0,263,0,10,0,0,0,257,0,
Best: P2
4
Baltic Avenue,B & O Railroad,Kentucky Avenue,Pennsylvania Avenue,Ventnor Avenue,Mediterranean Avenue,North Carolina Avenue,Vermont Avenue,Connecticut Avenue,Short Line Railroad,St. James Place,States Avenue,Reading Railroad,Pacific Avenue,New York Avenue,Tennessee Avenue,
10,0,0,0,148,0,10,0,0,0,276,0,10,0,0,0,249,0,
Best: P1
4
Pennsylvania Avenue,Boardwalk,
10,0,0,0,149,0,10,0,0,0,282,0,11,0,0,0,255,0,
Best: P2
3
Park Place,Mediterranean Avenue,Electric Company,Baltic Avenue,Kentucky Avenue,St. James Place,Tennessee Avenue,
10,0,0,0,143,0,10,0,0,0,276,0,11,0,0,0,244,0,
Best: P1
4
Kentucky Avenue,Short Line Railroad,Electric Company,Connecticut Avenue,Atlantic Avenue,Baltic Avenue,Pennsylvania Railroad,Park Place,Illinois Avenue,
10,0,0,0,141,0,10,0,0,0,276,0,11,0,0,0,261,0,
Best: P2
4
St. Charles Place,Kentucky Avenue,Park Place,Vermont Avenue,Pacific Avenue,Marvin Gardens,Water Works,Mediterranean Avenue,Virginia Avenue,St. James Place,Reading Railroad,B & O Railroad,North Carolina Avenue,
10,0,0,0,136,0,10,0,0,0,270,0,12,0,0,0,246,0,
Best: P1
4
Oriental Avenue,Reading Railroad,Pennsylvania Railroad,Pennsylvania Avenue,States Avenue,Short Line Railroad,Mediterranean Avenue,Electric Company,Illinois Avenue,Water Works,Ventnor Avenue,
10,0,0,0,135,0,11,0,0,0,278,0,11,0,0,0,265,0,
Best: P2
3
Water Works,Short Line Railroad,Pennsylvania Avenue,Connecticut Avenue,St. Charles Place,Baltic Avenue,Pennsylvania Railroad,Indiana Avenue,Oriental Avenue,Marvin Gardens,Illinois Avenue,Mediterranean Avenue,Pacific Avenue,North Carolina Avenue,
10,0,0,0,137,0,11,0,0,0,287,0,11,0,0,0,255,0,
Best: P2
4
Pacific Avenue,Pennsylvania Railroad,Mediterranean Avenue,Illinois Avenue,Ventnor Avenue,Short Line Railroad,North Carolina Avenue,B & O Railroad,New York Avenue,
10,0,0,0,137,0,11,0,0,0,287,0,11,0,0,0,255,0,
Best: P1
4
Pennsylvania Railroad,Indiana Avenue,Boardwalk,Pennsylvania Avenue,North Carolina Avenue,Connecticut Avenue,Virginia Avenue,Ventnor Avenue,
10,0,0,0,131,0,10,0,0,0,269,0,11,0,0,0,238,0,
Best: P1
3
Boardwalk,Pennsylvania Railroad,North Carolina Avenue,Connecticut Avenue,Reading Railroad,Illinois Avenue,St. Charles Place,Water Works,Park Place,
10,0,0,0,131,0,10,0,0,0,269,0,11,0,0,0,238,0,
Best: P1
4
Virginia Avenue,Electric Company,Boardwalk,States Avenue,Park Place,Pennsylvania Railroad,Ventnor Avenue,St. James Place,Indiana Avenue,
10,0,0,0,131,0,10,0,0,0,269,0,11,0,0,0,238,0,
Best: P1
4
Pacific Avenue,Electric Company,Ventnor Avenue,St. James Place,Atlantic Avenue,Short Line Railroad,St. Charles Place,Kentucky Avenue,Connecticut Avenue,New York Avenue,Tennessee Avenue,
10,0,0,0,131,0,10,0,0,0,269,0,11,0,0,0,238,0,
Best: P1
3
Connecticut Avenue,New York Avenue,Vermont Avenue,Indiana Avenue,Pacific Avenue,Mediterranean Avenue,Pennsylvania Railroad,St. Charles Place,States Avenue,Tennessee Avenue,Park Place,North Carolina Avenue,Virginia Avenue,Baltic Avenue,
10,0,0,0,131,0,10,0,0,0,269,0,11,0,0,0,238,0,
Best: P1
4
Water Works,Pennsylvania Railroad,Electric Company,Vermont Avenue,Marvin Gardens,Virginia Avenue,St. Charles Place,Mediterranean Avenue,St. James Place,New York Avenue,Atlantic Avenue,
10,0,0,0,131,0,10,0,0,0,269,0,11,0,0,0,238,0,
Best: P1
3
States Avenue,New York Avenue,Oriental Avenue,Park Place,B & O Railroad,Indiana Avenue,Kentucky Avenue,Virginia Avenue,Pennsylvania Railroad,Marvin Gardens,Tennessee Avenue,Reading Railroad,Mediterranean Avenue,St. Charles Place,
10,0,0,0,131,0,10,0,0,0,269,0,11,0,0,0,238,0,
Best: P1
3
Reading Railroad,B & O Railroad,North Carolina Avenue,Marvin Gardens,Vermont Avenue,Park Place,Atlantic Avenue,Indiana Avenue,Water Works,Tennessee Avenue,
10,0,0,0,131,0,10,0,0,0,269,0,11,0,0,0,238,0,
Best: P2
4
New York Avenue,Water Works,Oriental Avenue,Illinois Avenue,Tennessee Avenue,States Avenue,St. Charles Place,Virginia Avenue,
10,0,0,0,132,0,10,0,0,0,267,0,10,0,0,0,226,0,
Best: P2
3
Baltic Avenue,Virginia Avenue,Oriental Avenue,Vermont Avenue,B & O Railroad,Pennsylvania Railroad,Reading Railroad,Tennessee Avenue,Water Works,
10,0,0,0,132,0,10,0,0,0,267,0,10,0,0,0,226,0,
Best: P1
3

10,0,0,0,132,0,10,0,0,0,270,0,10,0,0,0,218,0,
Best: P2
3
Vermont Avenue,Pennsylvania Avenue,St. Charles Place,Short Line Railroad,Reading Railroad,States Avenue,Boardwalk,Atlantic Avenue,Illinois Avenue,
10,0,0,0,135,0,11,0,0,0,257,0,10,0,0,0,217,0,
Best: P4
4
North Carolina Avenue,Short Line Railroad,Ventnor Avenue,Park Place,Oriental Avenue,Pacific Avenue,Marvin Gardens,Tennessee Avenue,Virginia Avenue,Illinois Avenue,
10,0,0,0,127,0,10,0,0,0,281,0,10,0,0,0,209,0,
Best: P1
3
Pennsylvania Avenue,
10,0,0,0,127,0,10,0,0,0,261,0,10,0,0,0,216,0,
Best: P1
4
Boardwalk,States Avenue,Kentucky Avenue,
10,0,0,0,127,0,10,0,0,0,261,0,10,0,0,0,216,0,
Best: P1
4
Virginia Avenue,Tennessee Avenue,Oriental Avenue,Water Works,New York Avenue,B & O Railroad,Indiana Avenue,St. Charles Place,Park Place,Baltic Avenue,Atlantic Avenue,
10,0,0,0,127,0,10,0,0,0,261,0,10,0,0,0,216,0,
Best: P1
4
Reading Railroad,Indiana Avenue,Atlantic Avenue,Boardwalk,Water Works,Vermont Avenue,B & O Railroad,Pennsylvania Railroad,Connecticut Avenue,St. Charles Place,Ventnor Avenue,
10,0,0,0,127,0,10,0,0,0,261,0,10,0,0,0,216,0,
Best: P1
4
Tennessee Avenue,Marvin Gardens,Short Line Railroad,Oriental Avenue,Mediterranean Avenue,B & O Railroad,Reading Railroad,
10,0,0,0,127,0,10,0,0,0,261,0,10,0,0,0,216,0,
Best: P1
3
B & O Railroad,Tennessee Avenue,States Avenue,Ventnor Avenue,Reading Railroad,Boardwalk,Vermont Avenue,St. Charles Place,Atlantic Avenue,Pacific Avenue,Indiana Avenue,
10,0,0,0,127,0,10,0,0,0,261,0,10,0,0,0,216,0,
Best: P2
4
Tennessee Avenue,Kentucky Avenue,Ventnor Avenue,Pennsylvania Avenue,Boardwalk,Water Works,Baltic Avenue,Mediterranean Avenue,B & O Railroad,Illinois Avenue,Park Place,
10,0,0,0,119,0,11,0,0,0,252,0,10,0,0,0,214,0,
Best: P1
4
Mediterranean Avenue,Oriental Avenue,Water Works,Pacific Avenue,Boardwalk,Connecticut Avenue,Vermont Avenue,St. Charles Place,
10,0,0,0,120,0,11,0,0,0,261,0,10,0,0,0,217,0,
Best: P1
2
Park Place,St. James Place,Mediterranean Avenue,Atlantic Avenue,Baltic Avenue,Vermont Avenue,Short Line Railroad,Marvin Gardens,Pennsylvania Railroad,Water Works,Electric Company,States Avenue,North Carolina Avenue,
10,0,0,0,120,0,11,0,0,0,261,0,10,0,0,0,217,0,
Best: P2
4
Marvin Gardens,Kentucky Avenue,Ventnor Avenue,Illinois Avenue,Pacific Avenue,Vermont Avenue,New York Avenue,
10,0,0,0,116,0,11,0,0,0,255,0,10,0,0,0,205,0,
