300
50
Best: P49
41
Reading Railroad,Boardwalk,Park Place,Connecticut Avenue,
54,1,31,29,90,54,74,82,21,43,45,45,41,55,85,98,24,76,98,86,99,0,21,7,10,16,50,3,64,13,17,214,3,33,17,31,16,19,55,42,67,91,27,22,55,22,15,22,31,78,22,34,68,43,15,67,78,63,13,10,87,9,21,42,450,5,42,81,3,3,36,60,16,69,38,32,26,43,20,31,31,69,18,10,37,79,86,78,97,68,52,7,4,39,23,49,65,194,4,
Best: P47
39
Water Works,Short Line Railroad,Kentucky Avenue,New York Avenue,Park Place,Mediterranean Avenue,Boardwalk,
71,7,28,52,81,37,79,48,37,24,71,24,43,18,54,92,44,100,100,88,82,26,54,47,64,24,31,24,61,36,55,227,1,27,52,28,39,13,27,48,97,64,42,14,44,43,25,11,24,81,28,30,32,33,35,39,78,41,27,21,100,21,28,36,454,4,83,84,24,35,51,74,27,45,62,17,55,66,44,33,15,66,30,22,36,64,66,53,38,58,34,25,69,68,21,30,54,493,1,
Best: P40
39
Reading Railroad,Water Works,St. Charles Place,B & O Railroad,Vermont Avenue,States Avenue,Kentucky Avenue,Short Line Railroad,Pennsylvania Railroad,Connecticut Avenue,Indiana Avenue,Virginia Avenue,Illinois Avenue,
34,23,69,31,93,29,61,45,40,39,93,21,45,58,66,36,25,95,70,72,73,18,40,20,50,14,69,19,42,30,39,204,0,28,21,34,46,14,53,27,100,33,49,18,49,33,44,19,22,88,23,30,29,16,31,53,99,34,13,22,100,40,18,45,346,1,100,86,40,29,63,99,38,62,26,48,35,54,45,57,31,48,50,67,36,34,97,31,68,57,41,28,52,62,39,28,69,477,1,
Best: P47
38
Marvin Gardens,Kentucky Avenue,Oriental Avenue,Ventnor Avenue,Water Works,Mediterranean Avenue,States Avenue,B & O Railroad,Illinois Avenue,Virginia Avenue,Indiana Avenue,
66,18,70,52,51,35,66,55,33,17,52,27,23,22,46,89,49,100,100,100,87,12,66,19,50,21,40,16,51,16,36,189,0,18,53,22,27,13,56,53,75,45,55,13,68,49,20,15,22,100,30,16,29,25,35,25,100,37,14,19,100,38,20,44,204,2,64,84,40,33,78,84,42,68,33,24,46,50,31,55,25,35,38,36,42,44,100,21,59,82,45,30,38,90,15,16,43,354,1,
Best: P47
41
Illinois Avenue,Pacific Avenue,Water Works,Short Line Railroad,Electric Company,St. James Place,B & O Railroad,Reading Railroad,North Carolina Avenue,
66,18,70,52,51,35,66,55,33,17,52,27,23,22,46,89,49,100,100,100,87,12,66,19,50,21,40,16,51,16,36,189,0,18,53,22,27,13,56,53,75,45,55,13,68,49,20,15,22,100,30,16,29,25,35,25,100,37,14,19,100,38,20,44,204,2,64,84,40,33,78,84,42,68,33,24,46,50,31,55,25,35,38,36,42,44,100,21,59,82,45,30,38,90,15,16,43,354,1,
Best: P48
37
Indiana Avenue,Pennsylvania Railroad,Baltic Avenue,Ventnor Avenue,Short Line Railroad,Water Works,Virginia Avenue,Illinois Avenue,
45,18,52,53,30,45,32,28,30,41,86,28,41,26,89,55,45,96,79,80,36,12,100,11,55,15,20,24,75,29,22,135,0,27,46,24,16,7,52,26,56,62,72,24,84,41,45,21,16,100,45,26,32,32,36,35,100,29,16,25,48,44,12,47,382,0,49,100,30,30,91,100,39,66,29,34,68,64,33,46,39,29,24,48,21,37,100,10,43,100,58,29,40,36,16,15,79,396,0,
Best: P48
34
B & O Railroad,Pacific Avenue,Pennsylvania Railroad,Atlantic Avenue,Mediterranean Avenue,Pennsylvania Avenue,St. Charles Place,Connecticut Avenue,New York Avenue,St. James Place,
45,18,52,53,30,45,32,28,30,41,86,28,41,26,89,55,45,96,79,80,36,12,100,11,55,15,20,24,75,29,22,135,0,27,46,24,16,7,52,26,56,62,72,24,84,41,45,21,16,100,45,26,32,32,36,35,100,29,16,25,48,44,12,47,382,0,49,100,30,30,91,100,39,66,29,34,68,64,33,46,39,29,24,48,21,37,100,10,43,100,58,29,40,36,16,15,79,396,0,
Best: P31
38
Electric Company,Oriental Avenue,Pennsylvania Railroad,Baltic Avenue,Water Works,Indiana Avenue,
19,27,59,70,46,27,34,34,17,19,100,41,30,21,55,29,63,67,100,97,60,12,100,14,70,11,19,12,80,30,9,101,0,31,86,49,21,4,43,29,69,62,95,24,46,28,25,14,26,100,44,21,21,40,59,35,89,24,16,11,63,31,23,79,325,0,39,100,26,46,100,100,67,55,15,17,33,64,30,49,22,35,22,27,38,39,100,10,44,100,51,22,59,23,22,23,100,283,0,
Best: P34
35
Oriental Avenue,Vermont Avenue,Virginia Avenue,St. Charles Place,
19,30,39,60,23,34,31,49,34,23,88,23,44,11,41,70,63,88,97,100,27,12,72,14,46,17,15,10,100,32,17,135,0,29,56,29,13,4,67,12,49,49,82,28,99,29,28,14,34,56,50,16,18,63,69,39,98,25,21,11,53,49,13,46,397,0,26,57,16,28,100,78,36,30,10,22,31,35,26,49,35,59,20,62,28,19,77,7,28,100,54,26,41,20,12,14,92,274,0,
Best: P28
36
Connecticut Avenue,Park Place,St. James Place,Marvin Gardens,Mediterranean Avenue,Water Works,Oriental Avenue,Atlantic Avenue,Pacific Avenue,Virginia Avenue,Indiana Avenue,B & O Railroad,Vermont Avenue,
20,15,50,57,33,36,53,39,27,31,100,32,41,15,76,36,79,80,100,100,25,11,98,7,84,7,16,23,95,25,8,83,0,42,80,25,12,4,60,14,64,60,93,17,81,31,21,8,45,45,31,24,16,52,69,32,100,22,22,18,25,17,15,76,282,0,51,54,12,19,100,48,53,43,15,32,41,66,46,53,47,51,30,75,33,13,100,6,60,89,56,11,22,19,15,19,61,329,0,
Best: P43
36
States Avenue,Illinois Avenue,B & O Railroad,Short Line Railroad,Electric Company,St. Charles Place,Virginia Avenue,Indiana Avenue,Water Works,Pennsylvania Avenue,
17,23,22,46,21,19,28,39,40,36,56,40,30,14,49,37,44,83,100,36,29,7,95,6,100,14,25,8,79,39,10,106,0,35,82,39,22,2,53,28,44,53,100,14,90,17,23,12,22,88,60,25,16,73,87,33,70,40,8,13,25,11,8,51,395,0,55,35,25,32,100,83,83,58,17,41,28,65,40,63,17,40,24,41,53,31,66,7,72,66,64,26,63,30,11,15,64,333,0,
Best: P47
36
Park Place,Reading Railroad,B & O Railroad,Kentucky Avenue,St. Charles Place,North Carolina Avenue,Connecticut Avenue,Tennessee Avenue,Pacific Avenue,Electric Company,Virginia Avenue,
19,15,36,74,34,8,22,21,21,32,47,20,37,17,39,55,55,58,75,73,55,14,93,7,100,12,21,11,100,40,16,155,0,53,78,23,22,4,55,18,44,31,77,17,55,22,18,6,28,39,67,14,20,71,88,33,100,24,20,7,43,11,6,38,549,0,56,37,28,22,100,70,82,73,16,36,31,52,27,41,12,30,19,60,27,16,100,10,25,38,35,22,45,18,8,10,59,383,0,
Best: P49
41
Electric Company,Indiana Avenue,Illinois Avenue,Kentucky Avenue,Reading Railroad,
19,13,32,70,47,25,16,52,13,42,70,16,28,9,57,79,77,100,100,77,35,14,100,3,100,16,25,10,44,50,14,73,0,69,78,28,26,5,25,10,39,33,94,11,61,26,28,6,29,35,68,18,26,59,78,30,61,24,13,14,30,9,5,62,534,0,57,24,16,30,100,45,99,77,14,23,29,60,14,70,21,12,29,32,43,11,41,13,60,35,64,36,20,30,13,17,100,145,0,
Best: P49
36
Ventnor Avenue,Mediterranean Avenue,North Carolina Avenue,Reading Railroad,
19,13,32,70,47,25,16,52,13,42,70,16,28,9,57,79,77,100,100,77,35,14,100,3,100,16,25,10,44,50,14,73,0,69,78,28,26,5,25,10,39,33,94,11,61,26,28,6,29,35,68,18,26,59,78,30,61,24,13,14,30,9,5,62,534,0,57,24,16,30,100,45,99,77,14,23,29,60,14,70,21,12,29,32,43,11,41,13,60,35,64,36,20,30,13,17,100,145,0,
Best: P39
37
States Avenue,Water Works,Oriental Avenue,Baltic Avenue,Vermont Avenue,Connecticut Avenue,St. Charles Place,
19,13,28,35,42,13,17,57,10,57,62,24,36,13,45,100,59,78,100,72,62,8,65,2,90,18,25,16,65,37,8,57,0,41,100,30,21,2,65,5,23,14,56,10,66,32,16,5,15,61,54,12,28,67,96,32,83,20,10,16,21,12,4,60,650,0,43,64,20,38,100,100,99,41,12,19,18,36,15,51,17,13,13,34,35,10,29,10,48,28,72,19,28,47,14,7,53,246,0,
Best: P39
35
B & O Railroad,Vermont Avenue,Electric Company,New York Avenue,Pacific Avenue,St. Charles Place,Park Place,Baltic Avenue,
19,13,28,35,42,13,17,57,10,57,62,24,36,13,45,100,59,78,100,72,62,8,65,2,90,18,25,16,65,37,8,57,0,41,100,30,21,2,65,5,23,14,56,10,66,32,16,5,15,61,54,12,28,67,96,32,83,20,10,16,21,12,4,60,650,0,43,64,20,38,100,100,99,41,12,19,18,36,15,51,17,13,13,34,35,10,29,10,48,28,72,19,28,47,14,7,53,246,0,
Best: P43
40
Kentucky Avenue,North Carolina Avenue,Pacific Avenue,Mediterranean Avenue,States Avenue,Illinois Avenue,Short Line Railroad,St. Charles Place,Baltic Avenue,Indiana Avenue,Connecticut Avenue,
14,13,34,36,46,26,14,56,16,72,100,31,31,5,48,89,36,100,100,84,48,15,51,2,63,13,32,21,37,26,6,30,0,27,100,19,28,2,46,6,17,16,39,10,96,43,23,5,14,65,68,16,36,61,75,37,60,22,6,14,15,10,1,41,727,0,35,55,22,34,78,100,100,64,16,20,17,46,20,56,15,15,32,33,50,12,30,16,44,20,100,31,21,37,7,7,53,240,0,
Best: P46
38
B & O Railroad,Illinois Avenue,Electric Company,Kentucky Avenue,Boardwalk,Park Place,
10,14,44,29,33,23,10,84,11,78,89,17,25,5,34,68,60,100,100,100,29,12,57,3,58,24,43,18,30,17,10,54,0,33,100,35,21,1,37,3,27,14,31,4,53,39,15,4,18,85,34,6,33,57,52,27,73,17,5,12,18,6,2,85,459,0,35,49,30,20,89,100,60,55,15,10,24,55,15,76,14,15,21,47,23,12,29,18,40,26,81,19,18,26,14,4,36,326,0,
Best: P44
40
Connecticut Avenue,Illinois Avenue,Kentucky Avenue,Virginia Avenue,States Avenue,Pennsylvania Railroad,Vermont Avenue,Mediterranean Avenue,Park Place,Baltic Avenue,North Carolina Avenue,Pacific Avenue,Electric Company,
13,5,50,17,31,29,13,74,7,81,85,22,32,5,80,69,58,49,41,94,37,11,58,3,55,9,23,25,70,37,10,53,0,19,100,28,23,1,32,3,20,9,25,9,93,35,18,5,22,70,38,13,26,30,62,29,100,21,6,8,22,5,1,43,497,0,32,63,13,36,50,100,79,76,9,23,19,64,14,51,11,9,20,25,37,13,23,14,34,25,75,41,22,20,7,3,32,181,0,
Best: P49
38
Marvin Gardens,New York Avenue,North Carolina Avenue,Kentucky Avenue,Baltic Avenue,
21,13,52,35,23,18,10,84,11,69,81,24,16,6,54,51,33,46,83,100,26,12,64,1,68,24,30,20,49,15,14,71,0,50,100,31,21,1,19,2,18,13,25,11,36,62,13,4,22,70,21,16,46,53,53,21,100,30,6,15,27,5,1,27,657,0,30,67,10,31,75,73,88,77,15,22,34,77,16,27,18,14,30,34,48,12,14,18,20,13,84,33,10,34,5,4,35,220,0,
Best: P33
34
B & O Railroad,North Carolina Avenue,Reading Railroad,Pennsylvania Railroad,Oriental Avenue,Short Line Railroad,Baltic Avenue,Virginia Avenue,Pacific Avenue,States Avenue,Water Works,Marvin Gardens,Connecticut Avenue,New York Avenue,Atlantic Avenue,Electric Company,Vermont Avenue,Pennsylvania Avenue,Ventnor Avenue,Tennessee Avenue,
10,7,27,29,32,21,14,58,13,55,62,17,25,10,79,59,59,28,88,53,25,13,70,1,51,28,33,22,42,19,15,31,0,55,98,33,23,1,35,3,22,15,43,8,62,35,11,4,32,46,10,10,47,23,70,14,100,27,8,13,36,6,0,58,351,0,18,33,12,18,46,49,100,93,14,28,33,79,11,50,6,6,12,60,53,11,31,10,26,23,100,23,17,32,6,1,68,341,0,
Best: P43
38
Illinois Avenue,Pacific Avenue,North Carolina Avenue,Pennsylvania Railroad,Pennsylvania Avenue,Short Line Railroad,
18,9,49,39,23,33,16,51,11,72,27,24,21,11,92,55,60,29,53,62,35,12,53,1,81,17,38,25,46,17,9,68,0,26,100,41,18,1,35,2,17,9,31,11,29,18,16,4,21,90,28,8,31,70,59,14,86,33,7,7,21,5,0,40,451,0,25,60,5,36,59,100,88,100,18,26,33,41,18,35,14,6,12,27,41,15,20,19,30,19,48,21,22,30,6,1,65,263,0,
Best: P33
37
Virginia Avenue,St. Charles Place,Pennsylvania Railroad,B & O Railroad,Connecticut Avenue,St. James Place,Vermont Avenue,Baltic Avenue,Tennessee Avenue,New York Avenue,Marvin Gardens,Electric Company,
11,12,46,20,35,18,18,42,8,80,56,23,33,12,99,68,44,31,54,54,27,10,50,1,88,19,50,30,31,23,11,61,0,51,100,51,18,1,36,2,12,12,35,5,33,30,19,5,18,92,12,5,43,26,32,8,68,30,8,9,21,3,0,59,208,0,20,61,5,14,64,86,100,55,12,25,24,84,14,50,10,8,11,34,31,18,34,14,15,31,58,30,15,23,3,1,66,308,0,
Best: P40
35
Virginia Avenue,States Avenue,Indiana Avenue,Baltic Avenue,St. Charles Place,Illinois Avenue,Water Works,Kentucky Avenue,Reading Railroad,
6,15,48,17,27,21,9,49,12,89,36,24,39,5,100,30,35,18,35,30,18,15,43,1,100,8,35,21,41,13,12,30,0,65,72,38,10,1,33,1,14,9,35,4,20,34,15,4,12,100,12,8,23,50,61,7,75,27,6,10,12,2,0,49,529,0,14,55,7,19,34,100,100,78,14,46,45,53,12,22,13,8,16,26,42,14,18,17,16,27,44,32,18,15,4,0,43,228,0,
Best: P48
34
Pacific Avenue,St. James Place,B & O Railroad,Kentucky Avenue,Reading Railroad,Tennessee Avenue,Park Place,Water Works,Oriental Avenue,Boardwalk,
10,7,36,17,28,29,13,37,7,38,28,23,35,11,98,72,48,12,38,55,25,10,47,1,100,20,38,18,37,19,6,36,0,55,100,58,7,1,34,1,14,15,15,9,24,25,9,4,17,50,13,7,28,41,48,6,70,38,6,15,13,1,0,39,420,0,8,100,10,11,24,100,100,76,22,20,33,32,11,25,24,11,22,42,48,21,30,11,23,11,35,21,21,14,6,0,71,242,0,
Best: P42
38
States Avenue,B & O Railroad,Pacific Avenue,Baltic Avenue,St. Charles Place,Virginia Avenue,North Carolina Avenue,Water Works,Atlantic Avenue,
8,7,47,24,36,17,15,25,10,37,52,19,28,16,99,76,42,13,47,63,33,4,47,1,38,10,30,33,48,12,6,29,0,56,100,32,13,1,63,1,13,12,30,4,30,18,22,4,18,93,17,9,42,55,64,8,60,42,3,9,14,0,0,54,215,0,14,68,7,12,31,90,100,100,12,48,40,51,13,31,28,4,31,43,30,8,24,9,24,12,62,13,15,17,5,0,92,372,0,
Best: P47
34
Kentucky Avenue,Reading Railroad,Indiana Avenue,
6,7,63,23,46,18,6,30,10,50,35,14,44,10,66,73,43,14,22,55,16,12,25,1,27,9,29,13,43,18,2,30,0,38,100,14,20,1,48,1,15,15,24,3,36,27,22,7,12,100,23,7,38,44,84,9,33,61,3,11,12,0,0,55,382,0,10,56,10,17,34,42,48,93,29,45,31,69,24,25,32,4,27,27,29,6,13,9,17,15,63,26,15,23,2,0,65,249,0,
Best: P3
35
Kentucky Avenue,Illinois Avenue,Electric Company,B & O Railroad,Boardwalk,Park Place,
7,3,75,32,38,12,6,21,11,58,41,20,35,9,54,55,32,6,48,39,18,17,59,1,30,6,29,22,59,8,2,54,0,35,47,14,24,1,29,1,12,14,33,2,32,20,15,4,20,49,17,4,21,38,81,10,51,49,3,10,14,0,0,74,324,0,6,42,9,23,23,47,41,46,14,34,38,91,26,12,15,2,21,25,30,12,23,15,10,14,40,41,23,24,2,0,60,248,0,
Best: P2
35
Pennsylvania Railroad,Virginia Avenue,Illinois Avenue,States Avenue,North Carolina Avenue,St. Charles Place,Oriental Avenue,Pacific Avenue,Pennsylvania Avenue,Connecticut Avenue,Short Line Railroad,Indiana Avenue,
8,5,100,32,56,19,10,22,15,36,26,19,38,6,70,70,32,11,43,39,12,15,30,1,51,7,40,15,54,16,3,68,0,29,96,8,24,1,45,1,6,15,40,3,33,11,34,2,13,54,20,4,23,30,94,6,55,62,3,11,16,0,0,39,253,0,6,48,14,28,11,49,52,45,17,42,43,83,38,14,14,1,15,17,33,12,10,11,15,22,42,45,14,16,0,0,36,341,0,
Best: P2
41
St. James Place,Water Works,Vermont Avenue,Electric Company,States Avenue,Atlantic Avenue,Boardwalk,Baltic Avenue,Mediterranean Avenue,Indiana Avenue,Ventnor Avenue,Pennsylvania Railroad,Illinois Avenue,
8,5,100,32,56,19,10,22,15,36,26,19,38,6,70,70,32,11,43,39,12,15,30,1,51,7,40,15,54,16,3,68,0,29,96,8,24,1,45,1,6,15,40,3,33,11,34,2,13,54,20,4,23,30,94,6,55,62,3,11,16,0,0,39,253,0,6,48,14,28,11,49,52,45,17,42,43,83,38,14,14,1,15,17,33,12,10,11,15,22,42,45,14,16,0,0,36,341,0,
Best: P3
37
St. Charles Place,Baltic Avenue,Water Works,Virginia Avenue,Atlantic Avenue,Marvin Gardens,States Avenue,Ventnor Avenue,New York Avenue,Tennessee Avenue,Pennsylvania Avenue,
10,4,96,35,36,19,6,26,12,58,50,22,34,8,100,60,27,12,22,38,16,21,43,1,42,7,50,26,65,11,1,65,0,19,100,11,15,1,63,1,6,12,40,2,20,22,14,3,7,48,22,2,30,37,100,8,34,68,2,16,21,0,0,50,326,0,10,68,9,25,8,66,37,39,19,46,34,100,35,19,19,1,15,13,31,8,12,14,24,15,30,46,11,21,0,0,16,502,0,
Best: P2
42
Kentucky Avenue,Baltic Avenue,Park Place,Indiana Avenue,Reading Railroad,Water Works,Boardwalk,
7,6,65,26,28,14,12,24,19,44,51,14,43,4,100,57,22,16,17,30,16,26,36,1,66,5,59,14,53,12,1,99,0,18,100,12,13,1,53,1,5,8,39,2,26,15,18,3,12,33,18,4,31,24,100,8,58,64,2,8,21,0,0,36,375,0,8,59,10,37,5,79,49,41,26,37,49,100,24,22,8,1,16,12,46,7,13,12,26,19,22,42,17,21,0,0,22,593,0,
Best: P2
40
New York Avenue,Marvin Gardens,Water Works,Short Line Railroad,St. Charles Place,States Avenue,Atlantic Avenue,Tennessee Avenue,Baltic Avenue,Virginia Avenue,Electric Company,St. James Place,Pacific Avenue,Mediterranean Avenue,North Carolina Avenue,
7,6,65,26,28,14,12,24,19,44,51,14,43,4,100,57,22,16,17,30,16,26,36,1,66,5,59,14,53,12,1,99,0,18,100,12,13,1,53,1,5,8,39,2,26,15,18,3,12,33,18,4,31,24,100,8,58,64,2,8,21,0,0,36,375,0,8,59,10,37,5,79,49,41,26,37,49,100,24,22,8,1,16,12,46,7,13,12,26,19,22,42,17,21,0,0,22,593,0,
Best: P3
43
North Carolina Avenue,Short Line Railroad,States Avenue,Reading Railroad,B & O Railroad,Atlantic Avenue,Pacific Avenue,Oriental Avenue,
4,7,51,23,30,14,17,28,26,62,24,14,50,4,100,48,14,16,20,44,10,14,51,1,65,6,64,27,30,12,1,113,0,15,100,14,14,2,95,1,6,12,44,1,19,12,23,2,5,24,16,4,39,38,100,5,30,76,1,12,25,0,0,18,526,0,5,24,6,14,3,42,53,37,22,39,64,100,13,11,13,1,16,12,39,8,21,12,22,11,15,45,22,18,0,0,21,430,0,
Best: P2
44
North Carolina Avenue,Tennessee Avenue,Pennsylvania Avenue,States Avenue,Pacific Avenue,Park Place,New York Avenue,St. James Place,
6,5,71,33,38,19,14,25,24,71,54,19,44,5,87,64,19,23,11,24,9,25,24,1,88,6,38,23,41,9,1,115,0,16,100,15,15,1,93,1,4,6,31,1,26,9,20,2,7,20,18,4,47,41,59,6,57,82,1,8,12,0,0,34,481,0,4,22,7,27,2,61,33,49,29,41,47,78,19,11,5,1,12,9,30,9,12,14,21,10,19,40,17,25,0,0,31,725,0,
Best: P3
44
St. James Place,Water Works,St. Charles Place,Electric Company,Baltic Avenue,Reading Railroad,Connecticut Avenue,Park Place,Oriental Avenue,
5,5,90,24,40,13,21,31,33,46,46,8,53,3,100,35,12,26,15,30,5,12,50,1,80,5,40,22,44,6,1,77,0,11,77,15,20,1,89,1,6,12,32,1,15,8,14,2,8,16,22,3,61,55,100,7,42,100,1,10,27,0,0,38,271,0,6,26,8,21,2,58,50,41,19,41,74,52,16,15,8,1,20,8,48,12,19,16,11,13,10,53,19,30,0,0,23,715,0,
Best: P2
39
Ventnor Avenue,New York Avenue,Atlantic Avenue,Kentucky Avenue,Pacific Avenue,St. James Place,Short Line Railroad,Marvin Gardens,Indiana Avenue,
3,3,100,17,50,17,20,15,36,77,41,14,45,4,100,65,20,19,12,16,8,25,32,1,64,3,28,18,60,9,1,132,0,13,61,9,19,1,58,1,6,7,44,1,18,4,14,2,8,15,20,3,41,33,100,3,28,100,1,5,16,0,0,33,304,0,3,24,7,19,2,59,22,27,24,38,90,80,15,20,9,1,12,9,33,6,23,14,10,14,11,35,15,14,0,0,21,979,0,
Best: P2
43
Water Works,Electric Company,North Carolina Avenue,Short Line Railroad,St. Charles Place,Illinois Avenue,Marvin Gardens,Park Place,St. James Place,Mediterranean Avenue,
3,3,100,17,50,17,20,15,36,77,41,14,45,4,100,65,20,19,12,16,8,25,32,1,64,3,28,18,60,9,1,132,0,13,61,9,19,1,58,1,6,7,44,1,18,4,14,2,8,15,20,3,41,33,100,3,28,100,1,5,16,0,0,33,304,0,3,24,7,19,2,59,22,27,24,38,90,80,15,20,9,1,12,9,33,6,23,14,10,14,11,35,15,14,0,0,21,979,0,
Best: P3
40
Virginia Avenue,New York Avenue,States Avenue,St. James Place,St. Charles Place,Marvin Gardens,Electric Company,Boardwalk,Tennessee Avenue,Water Works,Park Place,
3,5,79,9,85,9,33,20,30,100,67,11,81,4,100,50,18,15,11,33,3,28,41,1,79,3,49,18,40,7,0,156,0,11,71,8,25,1,32,1,4,6,46,1,17,3,11,3,8,16,24,3,58,37,100,5,22,100,1,4,18,0,0,40,325,0,2,15,12,15,3,33,57,23,29,22,100,51,21,21,11,1,11,7,41,5,24,12,9,18,8,33,20,16,0,0,35,468,0,
Best: P2
39
New York Avenue,Pacific Avenue,North Carolina Avenue,Pennsylvania Avenue,Pennsylvania Railroad,Atlantic Avenue,Short Line Railroad,Marvin Gardens,Water Works,
2,4,100,12,41,10,19,20,43,96,77,17,77,6,90,30,20,23,12,21,5,37,18,1,87,3,53,21,73,7,0,172,0,15,99,6,27,1,54,1,5,5,41,1,25,3,12,2,9,11,13,2,68,46,100,5,15,50,1,3,19,0,0,28,282,0,2,12,5,15,1,31,47,25,14,32,100,61,18,19,10,1,6,7,37,4,30,19,8,20,10,45,13,19,0,0,24,954,0,
Best: P2
41
Pennsylvania Railroad,Water Works,Tennessee Avenue,Kentucky Avenue,New York Avenue,Marvin Gardens,Atlantic Avenue,B & O Railroad,
2,4,100,12,41,10,19,20,43,96,77,17,77,6,90,30,20,23,12,21,5,37,18,1,87,3,53,21,73,7,0,172,0,15,99,6,27,1,54,1,5,5,41,1,25,3,12,2,9,11,13,2,68,46,100,5,15,50,1,3,19,0,0,28,282,0,2,12,5,15,1,31,47,25,14,32,100,61,18,19,10,1,6,7,37,4,30,19,8,20,10,45,13,19,0,0,24,954,0,
Best: P2
39
New York Avenue,Baltic Avenue,Water Works,States Avenue,Pennsylvania Railroad,Tennessee Avenue,Vermont Avenue,
2,4,100,12,41,10,19,20,43,96,77,17,77,6,90,30,20,23,12,21,5,37,18,1,87,3,53,21,73,7,0,172,0,15,99,6,27,1,54,1,5,5,41,1,25,3,12,2,9,11,13,2,68,46,100,5,15,50,1,3,19,0,0,28,282,0,2,12,5,15,1,31,47,25,14,32,100,61,18,19,10,1,6,7,37,4,30,19,8,20,10,45,13,19,0,0,24,954,0,
Best: P3
39
Vermont Avenue,Pennsylvania Railroad,Park Place,Water Works,Oriental Avenue,Indiana Avenue,
1,4,95,7,29,10,12,20,71,81,62,22,44,4,51,21,36,21,13,29,4,43,30,1,100,2,51,17,44,5,0,180,0,19,100,8,40,1,82,1,2,5,41,1,22,2,11,2,8,16,15,1,31,41,80,3,12,94,1,4,28,0,0,15,251,0,1,7,8,23,1,33,59,22,6,23,63,87,22,12,9,1,5,4,24,2,38,17,11,17,15,35,16,22,0,0,51,1287,0,
Best: P2
42
New York Avenue,Vermont Avenue,St. James Place,Kentucky Avenue,Illinois Avenue,North Carolina Avenue,Marvin Gardens,Water Works,Short Line Railroad,Pacific Avenue,Park Place,Indiana Avenue,
1,5,93,8,22,11,12,25,79,66,89,25,65,5,100,23,17,28,9,38,4,44,33,1,100,1,69,10,72,4,0,117,0,14,81,10,43,1,84,1,2,3,55,1,12,1,14,2,9,13,7,1,26,33,91,6,8,89,1,3,18,0,0,11,239,0,1,10,7,28,1,32,76,13,13,24,66,84,29,19,9,1,6,5,36,4,41,26,13,26,14,38,18,17,0,0,41,1288,0,
Best: P2
40
Pennsylvania Railroad,Electric Company,Short Line Railroad,Tennessee Avenue,Baltic Avenue,Park Place,Boardwalk,New York Avenue,St. James Place,
1,5,93,8,22,11,12,25,79,66,89,25,65,5,100,23,17,28,9,38,4,44,33,1,100,1,69,10,72,4,0,117,0,14,81,10,43,1,84,1,2,3,55,1,12,1,14,2,9,13,7,1,26,33,91,6,8,89,1,3,18,0,0,11,239,0,1,10,7,28,1,32,76,13,13,24,66,84,29,19,9,1,6,5,36,4,41,26,13,26,14,38,18,17,0,0,41,1288,0,
Best: P2
41
Vermont Avenue,North Carolina Avenue,Virginia Avenue,Indiana Avenue,Connecticut Avenue,Oriental Avenue,Electric Company,Short Line Railroad,B & O Railroad,Atlantic Avenue,
1,5,93,8,22,11,12,25,79,66,89,25,65,5,100,23,17,28,9,38,4,44,33,1,100,1,69,10,72,4,0,117,0,14,81,10,43,1,84,1,2,3,55,1,12,1,14,2,9,13,7,1,26,33,91,6,8,89,1,3,18,0,0,11,239,0,1,10,7,28,1,32,76,13,13,24,66,84,29,19,9,1,6,5,36,4,41,26,13,26,14,38,18,17,0,0,41,1288,0,
Best: P1
38
Kentucky Avenue,North Carolina Avenue,New York Avenue,Pacific Avenue,States Avenue,Marvin Gardens,Pennsylvania Railroad,Illinois Avenue,Boardwalk,Short Line Railroad,
1,4,53,7,34,6,13,20,99,38,58,35,44,3,89,19,12,32,7,37,4,45,20,1,84,1,69,11,66,2,0,78,0,8,100,6,52,1,72,1,4,3,39,1,12,1,15,1,9,9,12,1,38,32,100,5,12,64,1,1,20,0,0,9,137,0,1,6,7,19,1,36,51,6,20,27,92,64,12,17,10,1,10,3,51,3,29,29,8,28,12,24,26,11,0,0,28,733,0,
Best: P3
46
Indiana Avenue,Vermont Avenue,Reading Railroad,North Carolina Avenue,Water Works,Virginia Avenue,Tennessee Avenue,Park Place,B & O Railroad,
1,3,85,3,29,8,10,36,54,50,45,36,58,6,100,18,32,44,7,26,4,30,31,1,56,1,54,11,75,2,0,84,0,6,100,7,27,1,100,1,2,3,52,1,12,1,16,1,5,15,15,1,46,15,66,7,9,82,1,1,35,0,0,11,182,0,1,7,4,19,1,24,46,14,8,24,51,75,10,27,12,1,11,4,35,2,37,26,14,38,11,32,28,9,0,0,15,737,0,
Best: P2
43
States Avenue,Kentucky Avenue,Tennessee Avenue,St. Charles Place,Electric Company,Park Place,Illinois Avenue,Water Works,Boardwalk,St. James Place,
1,4,100,4,39,8,10,15,47,63,27,24,29,3,70,28,36,34,6,34,5,31,18,1,54,1,35,9,53,0,0,51,0,5,75,6,28,1,69,1,2,3,56,1,10,1,7,1,4,14,10,1,51,11,83,5,13,100,1,1,25,0,0,13,136,0,1,8,7,23,1,21,86,10,8,28,47,100,17,17,11,1,5,3,46,3,25,27,8,34,11,25,37,18,0,0,11,823,0,
Best: P3
40
Vermont Avenue,Illinois Avenue,Kentucky Avenue,Short Line Railroad,Marvin Gardens,Indiana Avenue,
1,3,99,2,47,8,10,32,63,68,47,40,22,4,74,25,31,55,9,37,4,37,31,1,30,1,44,5,64,1,0,42,0,3,44,6,16,2,48,1,3,2,75,1,15,1,15,1,5,10,10,1,69,16,80,4,11,64,1,1,17,0,0,13,89,0,1,9,7,22,1,21,81,6,9,27,62,100,9,26,8,1,7,3,53,2,20,23,13,18,16,19,27,17,0,0,17,826,0,
Best: P2
40
Electric Company,New York Avenue,Park Place,Tennessee Avenue,Illinois Avenue,St. James Place,North Carolina Avenue,
1,3,92,4,58,4,14,33,73,87,54,43,15,2,76,22,38,34,10,28,4,26,14,1,58,1,52,6,42,0,0,50,0,3,45,3,18,1,77,1,2,3,45,1,8,1,8,1,6,16,8,1,31,20,99,6,10,92,1,1,13,0,0,16,84,0,1,8,10,15,1,30,56,9,6,37,68,88,11,16,7,1,7,4,52,3,23,20,7,30,15,17,46,16,0,0,12,922,0,
Best: P2
44
Kentucky Avenue,B & O Railroad,Pennsylvania Railroad,Reading Railroad,Illinois Avenue,New York Avenue,Tennessee Avenue,North Carolina Avenue,
1,3,92,4,58,4,14,33,73,87,54,43,15,2,76,22,38,34,10,28,4,26,14,1,58,1,52,6,42,0,0,50,0,3,45,3,18,1,77,1,2,3,45,1,8,1,8,1,6,16,8,1,31,20,99,6,10,92,1,1,13,0,0,16,84,0,1,8,10,15,1,30,56,9,6,37,68,88,11,16,7,1,7,4,52,3,23,20,7,30,15,17,46,16,0,0,12,922,0,
Best: P2
43
North Carolina Avenue,Pennsylvania Railroad,B & O Railroad,Vermont Avenue,Boardwalk,St. Charles Place,
1,3,92,4,58,4,14,33,73,87,54,43,15,2,76,22,38,34,10,28,4,26,14,1,58,1,52,6,42,0,0,50,0,3,45,3,18,1,77,1,2,3,45,1,8,1,8,1,6,16,8,1,31,20,99,6,10,92,1,1,13,0,0,16,84,0,1,8,10,15,1,30,56,9,6,37,68,88,11,16,7,1,7,4,52,3,23,20,7,30,15,17,46,16,0,0,12,922,0,
Best: P2
43
St. Charles Place,Tennessee Avenue,Water Works,New York Avenue,Boardwalk,Vermont Avenue,Baltic Avenue,Oriental Avenue,States Avenue,
1,3,92,4,58,4,14,33,73,87,54,43,15,2,76,22,38,34,10,28,4,26,14,1,58,1,52,6,42,0,0,50,0,3,45,3,18,1,77,1,2,3,45,1,8,1,8,1,6,16,8,1,31,20,99,6,10,92,1,1,13,0,0,16,84,0,1,8,10,15,1,30,56,9,6,37,68,88,11,16,7,1,7,4,52,3,23,20,7,30,15,17,46,16,0,0,12,922,0,
Best: P2
43
Kentucky Avenue,Electric Company,Pennsylvania Railroad,
1,3,92,4,58,4,14,33,73,87,54,43,15,2,76,22,38,34,10,28,4,26,14,1,58,1,52,6,42,0,0,50,0,3,45,3,18,1,77,1,2,3,45,1,8,1,8,1,6,16,8,1,31,20,99,6,10,92,1,1,13,0,0,16,84,0,1,8,10,15,1,30,56,9,6,37,68,88,11,16,7,1,7,4,52,3,23,20,7,30,15,17,46,16,0,0,12,922,0,
Best: P3
42
Pennsylvania Railroad,Oriental Avenue,St. Charles Place,Kentucky Avenue,Park Place,Virginia Avenue,North Carolina Avenue,Indiana Avenue,Tennessee Avenue,Illinois Avenue,Reading Railroad,States Avenue,Boardwalk,
1,3,43,3,55,4,11,38,42,100,41,25,17,1,66,23,40,26,17,27,4,22,18,1,57,1,60,4,25,0,0,50,0,1,52,3,21,1,71,2,1,4,61,1,11,1,4,1,4,21,4,1,37,25,100,3,5,64,1,1,15,0,0,17,77,0,1,4,10,15,1,21,41,9,8,32,74,100,18,19,6,1,8,3,58,3,24,12,5,41,16,24,26,10,0,0,6,1291,0,
Best: P1
40
States Avenue,New York Avenue,Tennessee Avenue,St. Charles Place,Illinois Avenue,Indiana Avenue,Pennsylvania Avenue,
1,2,87,3,40,4,14,37,45,86,57,48,10,1,33,15,31,15,9,27,6,31,15,1,83,1,70,4,16,0,0,65,0,1,60,2,21,1,50,1,1,4,34,1,5,1,6,1,3,27,5,2,34,11,100,7,4,100,1,1,16,0,0,17,66,0,1,7,9,24,1,16,31,4,4,16,73,46,9,19,6,1,3,4,42,2,16,11,6,22,12,20,32,7,0,0,6,854,0,
Best: P3
44
Electric Company,Tennessee Avenue,Short Line Railroad,North Carolina Avenue,Kentucky Avenue,Vermont Avenue,Baltic Avenue,New York Avenue,Oriental Avenue,States Avenue,Pennsylvania Avenue,
1,3,66,3,34,3,17,25,60,79,50,46,11,1,31,10,27,20,8,35,4,39,9,1,43,1,33,2,29,0,0,50,0,1,80,1,24,1,36,1,1,5,68,1,12,1,7,1,2,14,3,1,20,26,90,5,5,75,1,1,21,0,0,13,78,0,1,4,13,20,1,25,28,5,4,22,59,74,9,27,3,1,5,3,73,1,30,7,7,21,16,16,41,6,0,0,4,1222,0,
Best: P2
44
Kentucky Avenue,Water Works,Oriental Avenue,Virginia Avenue,Vermont Avenue,Boardwalk,New York Avenue,
1,2,100,1,26,4,23,38,45,100,74,43,7,1,34,17,17,19,10,21,6,25,16,1,70,1,70,4,16,0,0,45,0,1,88,1,17,1,72,1,1,3,24,1,12,1,4,1,4,16,4,1,29,28,100,4,6,72,1,1,9,0,0,10,48,0,2,7,17,14,1,12,34,5,2,21,85,71,10,18,3,1,5,2,57,2,26,18,5,44,10,7,48,8,0,0,6,745,0,
Best: P13
39
New York Avenue,States Avenue,Virginia Avenue,Illinois Avenue,Reading Railroad,North Carolina Avenue,Kentucky Avenue,Pennsylvania Railroad,Park Place,St. Charles Place,Marvin Gardens,Boardwalk,
1,1,95,1,44,2,13,22,30,71,44,53,5,1,45,11,21,20,10,33,7,29,13,1,65,1,64,3,15,0,0,29,0,1,57,1,30,1,33,1,1,7,55,1,10,1,4,1,3,11,2,1,40,34,100,4,5,86,1,1,21,0,0,17,51,0,1,4,8,20,1,7,30,4,2,18,52,36,10,22,4,1,5,2,45,2,19,10,9,58,12,12,63,6,0,0,5,538,0,
Best: P3
46
States Avenue,Electric Company,Pacific Avenue,Illinois Avenue,Boardwalk,
1,1,93,2,58,3,9,40,36,100,35,66,5,1,44,8,19,13,9,37,8,25,16,1,35,2,72,2,21,0,0,31,0,1,79,1,36,1,58,1,1,4,51,1,8,1,3,1,2,8,3,1,29,40,57,3,5,67,1,1,18,0,0,8,35,0,1,3,12,19,1,19,26,4,4,11,30,52,12,25,4,1,8,3,47,1,16,18,12,49,16,13,42,4,0,0,2,968,0,
Best: P2
43
Kentucky Avenue,Pennsylvania Railroad,States Avenue,Marvin Gardens,Short Line Railroad,Oriental Avenue,New York Avenue,
1,1,85,1,37,2,18,48,38,100,28,59,2,1,40,6,20,16,11,25,6,21,10,1,23,1,77,1,20,0,0,22,0,1,100,1,27,1,93,1,1,3,75,1,9,1,3,1,2,16,1,1,33,24,95,4,3,89,1,1,15,0,0,5,30,0,1,3,7,25,1,12,18,3,4,17,27,70,10,18,3,1,10,3,40,1,23,11,8,64,17,15,37,4,0,0,1,692,0,
Best: P2
45
Reading Railroad,Vermont Avenue,North Carolina Avenue,Indiana Avenue,Water Works,Virginia Avenue,Boardwalk,
1,1,85,1,37,2,18,48,38,100,28,59,2,1,40,6,20,16,11,25,6,21,10,1,23,1,77,1,20,0,0,22,0,1,100,1,27,1,93,1,1,3,75,1,9,1,3,1,2,16,1,1,33,24,95,4,3,89,1,1,15,0,0,5,30,0,1,3,7,25,1,12,18,3,4,17,27,70,10,18,3,1,10,3,40,1,23,11,8,64,17,15,37,4,0,0,1,692,0,
Best: P2
45
Reading Railroad,North Carolina Avenue,Oriental Avenue,Pennsylvania Railroad,Tennessee Avenue,Vermont Avenue,Short Line Railroad,B & O Railroad,Illinois Avenue,
1,1,85,1,37,2,18,48,38,100,28,59,2,1,40,6,20,16,11,25,6,21,10,1,23,1,77,1,20,0,0,22,0,1,100,1,27,1,93,1,1,3,75,1,9,1,3,1,2,16,1,1,33,24,95,4,3,89,1,1,15,0,0,5,30,0,1,3,7,25,1,12,18,3,4,17,27,70,10,18,3,1,10,3,40,1,23,11,8,64,17,15,37,4,0,0,1,692,0,
Best: P2
45
Atlantic Avenue,St. Charles Place,New York Avenue,St. James Place,Pennsylvania Railroad,Kentucky Avenue,Oriental Avenue,Tennessee Avenue,North Carolina Avenue,States Avenue,
1,1,85,1,37,2,18,48,38,100,28,59,2,1,40,6,20,16,11,25,6,21,10,1,23,1,77,1,20,0,0,22,0,1,100,1,27,1,93,1,1,3,75,1,9,1,3,1,2,16,1,1,33,24,95,4,3,89,1,1,15,0,0,5,30,0,1,3,7,25,1,12,18,3,4,17,27,70,10,18,3,1,10,3,40,1,23,11,8,64,17,15,37,4,0,0,1,692,0,
Best: P2
47
Electric Company,Kentucky Avenue,Pennsylvania Railroad,Illinois Avenue,
1,1,85,1,37,2,18,48,38,100,28,59,2,1,40,6,20,16,11,25,6,21,10,1,23,1,77,1,20,0,0,22,0,1,100,1,27,1,93,1,1,3,75,1,9,1,3,1,2,16,1,1,33,24,95,4,3,89,1,1,15,0,0,5,30,0,1,3,7,25,1,12,18,3,4,17,27,70,10,18,3,1,10,3,40,1,23,11,8,64,17,15,37,4,0,0,1,692,0,
Best: P2
45
Kentucky Avenue,Park Place,Tennessee Avenue,Pennsylvania Railroad,Boardwalk,
1,1,85,1,37,2,18,48,38,100,28,59,2,1,40,6,20,16,11,25,6,21,10,1,23,1,77,1,20,0,0,22,0,1,100,1,27,1,93,1,1,3,75,1,9,1,3,1,2,16,1,1,33,24,95,4,3,89,1,1,15,0,0,5,30,0,1,3,7,25,1,12,18,3,4,17,27,70,10,18,3,1,10,3,40,1,23,11,8,64,17,15,37,4,0,0,1,692,0,
Best: P2
46
Pennsylvania Railroad,Electric Company,Pacific Avenue,Kentucky Avenue,Atlantic Avenue,Water Works,Illinois Avenue,
1,1,85,1,37,2,18,48,38,100,28,59,2,1,40,6,20,16,11,25,6,21,10,1,23,1,77,1,20,0,0,22,0,1,100,1,27,1,93,1,1,3,75,1,9,1,3,1,2,16,1,1,33,24,95,4,3,89,1,1,15,0,0,5,30,0,1,3,7,25,1,12,18,3,4,17,27,70,10,18,3,1,10,3,40,1,23,11,8,64,17,15,37,4,0,0,1,692,0,
Best: P3
44
North Carolina Avenue,Electric Company,Park Place,Vermont Avenue,Pennsylvania Avenue,States Avenue,Boardwalk,Oriental Avenue,Virginia Avenue,
1,1,91,1,32,1,11,42,43,55,23,72,1,1,37,5,15,15,14,52,3,37,15,1,17,1,34,1,16,0,0,25,0,1,100,1,15,1,100,1,1,2,79,1,8,1,2,1,1,22,1,1,70,21,100,4,3,45,1,1,28,0,0,3,16,0,1,4,8,17,1,8,14,1,2,18,24,100,14,17,1,1,6,2,46,1,36,15,9,31,28,19,31,3,0,0,0,475,0,
Best: P2
44
Electric Company,Park Place,Vermont Avenue,North Carolina Avenue,Kentucky Avenue,Short Line Railroad,Atlantic Avenue,Illinois Avenue,Pennsylvania Railroad,
1,1,61,1,19,1,13,27,24,59,19,55,1,1,33,7,17,19,15,49,6,19,15,1,23,1,61,1,12,0,0,11,0,1,100,1,21,1,63,1,1,2,53,1,4,1,3,1,1,10,1,1,72,23,100,4,4,88,1,1,12,0,0,3,14,0,1,3,9,24,1,13,11,2,4,18,29,100,14,14,2,1,5,2,49,1,23,17,6,62,24,25,30,4,0,0,0,810,0,
Best: P3
44
St. Charles Place,Tennessee Avenue,Vermont Avenue,New York Avenue,Electric Company,Reading Railroad,States Avenue,Indiana Avenue,
1,1,91,1,19,1,12,48,27,66,29,64,1,1,44,9,16,22,13,39,3,20,22,1,30,1,55,1,20,0,0,17,0,1,100,1,20,1,70,1,1,1,51,1,5,1,3,1,1,18,1,1,50,17,78,2,4,61,1,1,19,0,0,2,16,0,1,2,8,18,1,15,15,1,2,21,20,59,15,8,1,1,3,2,25,1,36,13,7,25,15,16,37,2,0,0,0,821,0,
Best: P2
42
B & O Railroad,North Carolina Avenue,Short Line Railroad,Park Place,St. James Place,Water Works,
1,1,100,1,21,1,12,31,30,60,33,41,1,1,33,8,15,11,10,22,5,11,11,1,15,1,87,1,21,0,0,17,0,1,71,1,13,1,39,1,1,1,75,1,5,1,3,1,1,15,1,1,91,13,65,3,4,41,1,1,19,0,0,1,19,0,1,2,4,29,1,8,14,1,2,20,36,51,9,6,1,1,4,3,38,1,19,16,6,41,26,19,40,2,0,0,0,741,0,
Best: P2
43
Marvin Gardens,Mediterranean Avenue,Short Line Railroad,Pennsylvania Railroad,Tennessee Avenue,Kentucky Avenue,B & O Railroad,
1,1,100,1,21,1,12,31,30,60,33,41,1,1,33,8,15,11,10,22,5,11,11,1,15,1,87,1,21,0,0,17,0,1,71,1,13,1,39,1,1,1,75,1,5,1,3,1,1,15,1,1,91,13,65,3,4,41,1,1,19,0,0,1,19,0,1,2,4,29,1,8,14,1,2,20,36,51,9,6,1,1,4,3,38,1,19,16,6,41,26,19,40,2,0,0,0,741,0,
Best: P2
43
Pennsylvania Railroad,Indiana Avenue,B & O Railroad,Vermont Avenue,Illinois Avenue,Boardwalk,Pacific Avenue,
1,1,100,1,21,1,12,31,30,60,33,41,1,1,33,8,15,11,10,22,5,11,11,1,15,1,87,1,21,0,0,17,0,1,71,1,13,1,39,1,1,1,75,1,5,1,3,1,1,15,1,1,91,13,65,3,4,41,1,1,19,0,0,1,19,0,1,2,4,29,1,8,14,1,2,20,36,51,9,6,1,1,4,3,38,1,19,16,6,41,26,19,40,2,0,0,0,741,0,
Best: P2
45
North Carolina Avenue,Kentucky Avenue,Boardwalk,
1,1,100,1,21,1,12,31,30,60,33,41,1,1,33,8,15,11,10,22,5,11,11,1,15,1,87,1,21,0,0,17,0,1,71,1,13,1,39,1,1,1,75,1,5,1,3,1,1,15,1,1,91,13,65,3,4,41,1,1,19,0,0,1,19,0,1,2,4,29,1,8,14,1,2,20,36,51,9,6,1,1,4,3,38,1,19,16,6,41,26,19,40,2,0,0,0,741,0,
Best: P2
46
Tennessee Avenue,New York Avenue,Water Works,Illinois Avenue,
1,1,100,1,21,1,12,31,30,60,33,41,1,1,33,8,15,11,10,22,5,11,11,1,15,1,87,1,21,0,0,17,0,1,71,1,13,1,39,1,1,1,75,1,5,1,3,1,1,15,1,1,91,13,65,3,4,41,1,1,19,0,0,1,19,0,1,2,4,29,1,8,14,1,2,20,36,51,9,6,1,1,4,3,38,1,19,16,6,41,26,19,40,2,0,0,0,741,0,
Best: P2
43
B & O Railroad,Tennessee Avenue,New York Avenue,Pennsylvania Railroad,States Avenue,
1,1,100,1,21,1,12,31,30,60,33,41,1,1,33,8,15,11,10,22,5,11,11,1,15,1,87,1,21,0,0,17,0,1,71,1,13,1,39,1,1,1,75,1,5,1,3,1,1,15,1,1,91,13,65,3,4,41,1,1,19,0,0,1,19,0,1,2,4,29,1,8,14,1,2,20,36,51,9,6,1,1,4,3,38,1,19,16,6,41,26,19,40,2,0,0,0,741,0,
Best: P2
47
North Carolina Avenue,Electric Company,B & O Railroad,Kentucky Avenue,Ventnor Avenue,Mediterranean Avenue,Short Line Railroad,
1,1,100,1,21,1,12,31,30,60,33,41,1,1,33,8,15,11,10,22,5,11,11,1,15,1,87,1,21,0,0,17,0,1,71,1,13,1,39,1,1,1,75,1,5,1,3,1,1,15,1,1,91,13,65,3,4,41,1,1,19,0,0,1,19,0,1,2,4,29,1,8,14,1,2,20,36,51,9,6,1,1,4,3,38,1,19,16,6,41,26,19,40,2,0,0,0,741,0,
Best: P2
44
Vermont Avenue,Kentucky Avenue,States Avenue,St. Charles Place,Short Line Railroad,
1,1,100,1,21,1,12,31,30,60,33,41,1,1,33,8,15,11,10,22,5,11,11,1,15,1,87,1,21,0,0,17,0,1,71,1,13,1,39,1,1,1,75,1,5,1,3,1,1,15,1,1,91,13,65,3,4,41,1,1,19,0,0,1,19,0,1,2,4,29,1,8,14,1,2,20,36,51,9,6,1,1,4,3,38,1,19,16,6,41,26,19,40,2,0,0,0,741,0,
Best: P3
46
Pennsylvania Railroad,Electric Company,Short Line Railroad,New York Avenue,Indiana Avenue,
1,1,100,1,18,1,5,26,31,66,23,52,1,1,48,10,13,13,11,17,5,14,16,1,19,1,83,1,17,0,0,18,0,1,51,1,19,1,35,1,1,1,58,1,5,1,2,1,1,16,1,1,36,18,67,2,2,53,1,1,18,0,0,0,12,0,1,1,3,20,1,4,17,1,1,11,29,48,11,4,1,1,3,3,49,1,28,11,5,46,12,22,66,1,0,0,0,882,0,
Best: P3
43
Tennessee Avenue,North Carolina Avenue,Park Place,States Avenue,Connecticut Avenue,St. Charles Place,
1,1,100,1,18,1,5,26,31,66,23,52,1,1,48,10,13,13,11,17,5,14,16,1,19,1,83,1,17,0,0,18,0,1,51,1,19,1,35,1,1,1,58,1,5,1,2,1,1,16,1,1,36,18,67,2,2,53,1,1,18,0,0,0,12,0,1,1,3,20,1,4,17,1,1,11,29,48,11,4,1,1,3,3,49,1,28,11,5,46,12,22,66,1,0,0,0,882,0,
Best: P2
44
New York Avenue,Electric Company,Park Place,North Carolina Avenue,Short Line Railroad,
1,1,92,1,20,1,10,24,39,72,28,49,1,1,57,11,17,12,5,9,2,17,14,1,12,1,47,1,22,0,0,23,0,1,69,1,16,1,44,1,1,1,38,1,2,1,1,1,1,12,1,1,51,12,70,2,2,46,1,1,18,0,0,0,8,0,1,1,2,16,1,3,11,1,1,14,49,42,9,7,1,1,3,3,63,1,42,15,6,56,8,22,85,1,0,0,0,785,0,
Best: P2
47
New York Avenue,Pennsylvania Avenue,Kentucky Avenue,
1,1,92,1,20,1,10,24,39,72,28,49,1,1,57,11,17,12,5,9,2,17,14,1,12,1,47,1,22,0,0,23,0,1,69,1,16,1,44,1,1,1,38,1,2,1,1,1,1,12,1,1,51,12,70,2,2,46,1,1,18,0,0,0,8,0,1,1,2,16,1,3,11,1,1,14,49,42,9,7,1,1,3,3,63,1,42,15,6,56,8,22,85,1,0,0,0,785,0,
Best: P2
45
New York Avenue,Electric Company,Baltic Avenue,Short Line Railroad,States Avenue,Kentucky Avenue,Boardwalk,Pennsylvania Avenue,St. James Place,Park Place,
1,1,92,1,20,1,10,24,39,72,28,49,1,1,57,11,17,12,5,9,2,17,14,1,12,1,47,1,22,0,0,23,0,1,69,1,16,1,44,1,1,1,38,1,2,1,1,1,1,12,1,1,51,12,70,2,2,46,1,1,18,0,0,0,8,0,1,1,2,16,1,3,11,1,1,14,49,42,9,7,1,1,3,3,63,1,42,15,6,56,8,22,85,1,0,0,0,785,0,
Best: P2
44
Pacific Avenue,Illinois Avenue,North Carolina Avenue,Park Place,Short Line Railroad,Vermont Avenue,Marvin Gardens,Tennessee Avenue,Kentucky Avenue,Pennsylvania Avenue,Reading Railroad,
1,1,92,1,20,1,10,24,39,72,28,49,1,1,57,11,17,12,5,9,2,17,14,1,12,1,47,1,22,0,0,23,0,1,69,1,16,1,44,1,1,1,38,1,2,1,1,1,1,12,1,1,51,12,70,2,2,46,1,1,18,0,0,0,8,0,1,1,2,16,1,3,11,1,1,14,49,42,9,7,1,1,3,3,63,1,42,15,6,56,8,22,85,1,0,0,0,785,0,
Best: P3
44
Park Place,Tennessee Avenue,
1,1,67,1,11,1,6,21,48,100,25,25,1,1,57,17,9,16,4,6,3,22,10,1,9,1,65,1,21,0,0,26,0,1,100,1,22,1,34,1,1,1,29,1,1,1,1,1,1,11,1,1,69,15,53,1,1,55,1,1,11,0,0,0,5,0,1,1,3,15,1,2,9,1,1,9,42,66,12,9,1,1,2,2,99,1,55,10,5,71,10,18,56,1,0,0,0,531,0,
Best: P2
41

1,1,77,1,22,1,9,32,47,61,35,41,1,1,79,17,8,7,4,6,2,22,14,1,13,1,36,1,22,0,0,29,0,1,73,1,23,1,39,1,1,1,17,1,1,1,1,1,1,12,1,1,55,16,31,1,1,64,1,1,14,0,0,0,3,0,1,1,1,13,1,3,13,1,1,10,40,81,8,11,1,1,1,2,83,1,64,10,4,71,12,17,78,1,0,0,0,789,0,
Best: P3
42
New York Avenue,North Carolina Avenue,Electric Company,Mediterranean Avenue,Boardwalk,Indiana Avenue,States Avenue,Virginia Avenue,Illinois Avenue,
1,1,96,1,23,1,10,36,29,72,33,30,1,1,99,9,5,15,4,3,3,11,13,1,14,1,36,1,30,0,0,28,0,1,73,1,20,1,24,1,1,1,25,1,1,1,1,1,1,11,1,1,39,12,25,1,1,77,1,1,13,0,0,0,5,0,1,1,3,11,1,2,13,1,1,9,46,54,12,9,1,1,1,3,100,1,37,12,5,50,13,13,100,1,0,0,0,864,0,
Best: P3
44
Kentucky Avenue,B & O Railroad,Vermont Avenue,North Carolina Avenue,Virginia Avenue,Indiana Avenue,Tennessee Avenue,
1,1,96,1,23,1,10,36,29,72,33,30,1,1,99,9,5,15,4,3,3,11,13,1,14,1,36,1,30,0,0,28,0,1,73,1,20,1,24,1,1,1,25,1,1,1,1,1,1,11,1,1,39,12,25,1,1,77,1,1,13,0,0,0,5,0,1,1,3,11,1,2,13,1,1,9,46,54,12,9,1,1,1,3,100,1,37,12,5,50,13,13,100,1,0,0,0,864,0,
Best: P2
47
Electric Company,North Carolina Avenue,Short Line Railroad,Vermont Avenue,B & O Railroad,Boardwalk,
1,1,100,1,19,1,11,17,24,49,29,51,1,1,55,9,7,17,4,1,3,16,9,1,12,1,18,1,37,0,0,17,0,1,100,1,25,1,30,1,1,1,12,1,1,1,1,1,1,11,1,1,36,21,25,1,1,42,1,1,18,0,0,0,5,0,1,1,3,14,1,3,14,1,1,7,64,41,10,9,1,1,1,3,100,1,46,8,2,28,17,10,75,1,0,0,0,1452,0,
Best: P2
45
Short Line Railroad,Baltic Avenue,Illinois Avenue,
1,1,100,1,19,1,11,17,24,49,29,51,1,1,55,9,7,17,4,1,3,16,9,1,12,1,18,1,37,0,0,17,0,1,100,1,25,1,30,1,1,1,12,1,1,1,1,1,1,11,1,1,36,21,25,1,1,42,1,1,18,0,0,0,5,0,1,1,3,14,1,3,14,1,1,7,64,41,10,9,1,1,1,3,100,1,46,8,2,28,17,10,75,1,0,0,0,1452,0,
Best: P3
45
States Avenue,Park Place,Vermont Avenue,Atlantic Avenue,Water Works,Reading Railroad,Pacific Avenue,B & O Railroad,
1,1,100,1,33,1,11,10,24,43,37,37,1,1,79,6,3,23,4,1,3,10,9,1,7,1,22,1,36,0,0,11,0,1,98,1,15,1,38,1,1,1,20,1,1,1,1,1,1,8,1,1,56,24,29,1,1,35,1,1,12,0,0,0,4,0,1,1,2,14,2,2,21,1,1,6,65,41,14,11,1,1,1,2,100,1,33,11,3,40,23,5,100,1,0,0,0,1747,0,
Best: P3
45
North Carolina Avenue,B & O Railroad,Boardwalk,Vermont Avenue,
1,1,100,1,33,1,11,10,24,43,37,37,1,1,79,6,3,23,4,1,3,10,9,1,7,1,22,1,36,0,0,11,0,1,98,1,15,1,38,1,1,1,20,1,1,1,1,1,1,8,1,1,56,24,29,1,1,35,1,1,12,0,0,0,4,0,1,1,2,14,2,2,21,1,1,6,65,41,14,11,1,1,1,2,100,1,33,11,3,40,23,5,100,1,0,0,0,1747,0,
Best: P2
45
Electric Company,Pennsylvania Railroad,Park Place,Baltic Avenue,Short Line Railroad,B & O Railroad,St. James Place,
1,1,65,1,22,1,9,13,28,79,60,33,1,1,96,10,2,16,5,1,3,5,12,1,11,1,16,1,52,0,0,6,0,1,68,1,16,1,32,1,1,1,19,1,1,1,1,2,1,11,1,1,37,26,24,1,1,46,1,1,7,0,0,0,2,0,1,1,1,17,1,1,9,2,1,10,83,54,10,8,1,1,1,2,78,1,40,13,3,28,20,7,100,1,0,0,0,1891,0,
Best: P2
43
Pacific Avenue,States Avenue,Boardwalk,Oriental Avenue,
1,1,65,1,22,1,9,13,28,79,60,33,1,1,96,10,2,16,5,1,3,5,12,1,11,1,16,1,52,0,0,6,0,1,68,1,16,1,32,1,1,1,19,1,1,1,1,2,1,11,1,1,37,26,24,1,1,46,1,1,7,0,0,0,2,0,1,1,1,17,1,1,9,2,1,10,83,54,10,8,1,1,1,2,78,1,40,13,3,28,20,7,100,1,0,0,0,1891,0,
Best: P2
46
Electric Company,Pennsylvania Avenue,
1,1,65,1,22,1,9,13,28,79,60,33,1,1,96,10,2,16,5,1,3,5,12,1,11,1,16,1,52,0,0,6,0,1,68,1,16,1,32,1,1,1,19,1,1,1,1,2,1,11,1,1,37,26,24,1,1,46,1,1,7,0,0,0,2,0,1,1,1,17,1,1,9,2,1,10,83,54,10,8,1,1,1,2,78,1,40,13,3,28,20,7,100,1,0,0,0,1891,0,
Best: P3
45

1,1,69,1,14,1,4,7,18,43,47,19,1,1,100,9,2,22,7,1,1,8,8,1,12,1,17,1,51,0,0,6,0,1,100,1,22,1,23,1,1,1,12,1,1,1,1,1,1,11,1,1,17,38,34,1,1,25,1,1,6,0,0,0,2,0,1,1,2,13,1,1,11,1,1,11,58,50,10,5,1,1,1,1,98,1,50,11,4,23,20,8,94,1,0,0,0,2677,0,
Best: P3
44
Indiana Avenue,
1,1,69,1,14,1,4,7,18,43,47,19,1,1,100,9,2,22,7,1,1,8,8,1,12,1,17,1,51,0,0,6,0,1,100,1,22,1,23,1,1,1,12,1,1,1,1,1,1,11,1,1,17,38,34,1,1,25,1,1,6,0,0,0,2,0,1,1,2,13,1,1,11,1,1,11,58,50,10,5,1,1,1,1,98,1,50,11,4,23,20,8,94,1,0,0,0,2677,0,
Best: P3
44

1,1,69,1,14,1,4,7,18,43,47,19,1,1,100,9,2,22,7,1,1,8,8,1,12,1,17,1,51,0,0,6,0,1,100,1,22,1,23,1,1,1,12,1,1,1,1,1,1,11,1,1,17,38,34,1,1,25,1,1,6,0,0,0,2,0,1,1,2,13,1,1,11,1,1,11,58,50,10,5,1,1,1,1,98,1,50,11,4,23,20,8,94,1,0,0,0,2677,0,
Best: P2
48
New York Avenue,Kentucky Avenue,Boardwalk,Tennessee Avenue,Water Works,
1,1,63,1,23,1,3,8,37,51,65,27,1,1,92,11,2,24,5,1,1,8,7,1,15,1,20,1,43,0,0,4,0,1,100,1,30,1,18,1,1,1,20,1,1,1,1,1,1,7,1,1,18,27,15,1,1,43,1,1,4,0,0,0,0,0,1,1,1,7,2,1,9,1,1,14,68,68,10,5,2,1,1,1,100,1,76,9,4,38,20,8,98,1,0,0,0,2177,0,
Best: P2
43
Pennsylvania Railroad,Electric Company,New York Avenue,Indiana Avenue,Kentucky Avenue,States Avenue,
1,1,63,1,23,1,3,8,37,51,65,27,1,1,92,11,2,24,5,1,1,8,7,1,15,1,20,1,43,0,0,4,0,1,100,1,30,1,18,1,1,1,20,1,1,1,1,1,1,7,1,1,18,27,15,1,1,43,1,1,4,0,0,0,0,0,1,1,1,7,2,1,9,1,1,14,68,68,10,5,2,1,1,1,100,1,76,9,4,38,20,8,98,1,0,0,0,2177,0,
Best: P2
44
Boardwalk,Reading Railroad,Indiana Avenue,
1,1,63,1,23,1,3,8,37,51,65,27,1,1,92,11,2,24,5,1,1,8,7,1,15,1,20,1,43,0,0,4,0,1,100,1,30,1,18,1,1,1,20,1,1,1,1,1,1,7,1,1,18,27,15,1,1,43,1,1,4,0,0,0,0,0,1,1,1,7,2,1,9,1,1,14,68,68,10,5,2,1,1,1,100,1,76,9,4,38,20,8,98,1,0,0,0,2177,0,
Best: P3
47
Reading Railroad,States Avenue,Indiana Avenue,
1,1,45,1,17,1,2,4,22,59,50,20,1,1,100,9,1,17,4,1,1,10,4,1,13,1,29,1,46,0,0,2,0,1,75,1,38,1,13,1,1,1,19,1,1,1,1,1,1,5,1,1,33,17,16,1,1,63,1,1,7,0,0,0,0,0,1,1,1,8,1,1,7,1,1,15,35,89,9,2,1,1,1,1,79,1,37,6,2,33,19,5,97,1,0,0,0,3146,0,
Best: P1
45
Mediterranean Avenue,St. James Place,Illinois Avenue,Park Place,Water Works,Boardwalk,
1,1,50,1,17,1,1,4,39,35,42,31,1,1,74,6,1,33,4,1,1,8,7,1,13,1,20,1,21,0,0,1,0,1,100,1,46,1,17,1,1,1,20,1,1,1,1,1,1,10,1,1,28,17,17,1,1,25,1,1,3,0,0,0,0,0,1,1,1,7,1,1,4,1,1,15,43,49,12,5,1,1,1,1,100,1,89,7,2,40,31,4,100,1,0,0,0,3632,0,
Best: P2
47
Virginia Avenue,
1,1,59,1,29,1,1,6,41,22,58,35,1,1,78,11,1,22,3,1,1,7,3,1,9,1,13,1,21,0,0,0,0,1,67,1,31,1,11,1,1,1,19,1,1,1,1,1,1,8,1,1,32,26,13,1,1,33,1,1,2,0,0,0,0,0,1,1,1,8,1,1,5,1,1,14,71,63,13,3,1,1,1,1,100,1,70,4,1,40,23,4,68,1,0,0,0,4001,0,
Best: P2
46
B & O Railroad,Short Line Railroad,
1,1,59,1,29,1,1,6,41,22,58,35,1,1,78,11,1,22,3,1,1,7,3,1,9,1,13,1,21,0,0,0,0,1,67,1,31,1,11,1,1,1,19,1,1,1,1,1,1,8,1,1,32,26,13,1,1,33,1,1,2,0,0,0,0,0,1,1,1,8,1,1,5,1,1,14,71,63,13,3,1,1,1,1,100,1,70,4,1,40,23,4,68,1,0,0,0,4001,0,
Best: P1
47
Pennsylvania Railroad,North Carolina Avenue,Kentucky Avenue,Pacific Avenue,B & O Railroad,Vermont Avenue,Reading Railroad,
1,1,39,1,30,1,1,6,36,35,31,40,1,1,42,15,1,29,2,1,1,7,6,1,15,1,17,1,23,0,0,0,0,1,75,1,27,1,6,1,1,1,22,1,1,1,1,1,1,10,1,2,15,27,6,1,1,41,1,1,1,0,0,0,0,0,1,1,1,4,1,1,5,1,1,12,56,92,9,3,1,1,1,1,83,1,69,2,1,30,19,5,38,1,0,0,0,3096,0,
Best: P2
47
States Avenue,Reading Railroad,B & O Railroad,
1,1,63,1,31,1,1,4,23,31,40,41,1,1,81,14,1,24,3,1,1,7,6,1,11,1,9,2,25,0,0,0,0,1,76,1,26,1,10,1,1,1,12,1,1,1,1,1,1,11,1,1,23,16,8,1,1,48,1,1,1,0,0,0,0,0,1,1,1,3,1,1,6,1,1,7,67,85,9,4,1,1,1,1,74,1,88,4,1,24,26,5,45,1,0,0,0,3512,0,
Best: P2
46
Electric Company,
1,1,63,1,31,1,1,4,23,31,40,41,1,1,81,14,1,24,3,1,1,7,6,1,11,1,9,2,25,0,0,0,0,1,76,1,26,1,10,1,1,1,12,1,1,1,1,1,1,11,1,1,23,16,8,1,1,48,1,1,1,0,0,0,0,0,1,1,1,3,1,1,6,1,1,7,67,85,9,4,1,1,1,1,74,1,88,4,1,24,26,5,45,1,0,0,0,3512,0,
Best: P3
44
St. Charles Place,
1,1,92,1,15,1,1,4,24,13,34,46,1,1,100,14,1,38,2,1,1,5,3,1,11,1,14,1,32,0,0,0,0,1,86,1,33,1,8,1,1,1,27,1,1,1,1,1,1,12,1,1,15,20,13,1,1,60,1,1,1,0,0,0,0,0,1,1,1,4,1,1,5,1,1,6,62,78,13,3,1,1,1,1,56,1,63,3,1,14,26,4,42,1,0,0,0,3834,0,
Best: P2
47
Electric Company,Kentucky Avenue,Mediterranean Avenue,
1,1,47,1,31,1,1,5,34,30,44,34,1,1,50,19,1,35,1,1,1,5,4,1,11,1,7,1,14,0,0,0,0,1,81,1,43,1,7,1,1,1,10,1,1,1,1,1,1,12,1,1,17,17,15,1,1,80,1,1,1,0,0,0,0,0,1,1,1,2,1,1,4,1,1,3,54,100,16,2,1,1,1,1,40,1,38,2,1,17,23,4,53,1,0,0,0,3599,0,
Best: P2
47
Kentucky Avenue,Indiana Avenue,Pennsylvania Railroad,Atlantic Avenue,
1,1,47,1,31,1,1,5,34,30,44,34,1,1,50,19,1,35,1,1,1,5,4,1,11,1,7,1,14,0,0,0,0,1,81,1,43,1,7,1,1,1,10,1,1,1,1,1,1,12,1,1,17,17,15,1,1,80,1,1,1,0,0,0,0,0,1,1,1,2,1,1,4,1,1,3,54,100,16,2,1,1,1,1,40,1,38,2,1,17,23,4,53,1,0,0,0,3599,0,
Best: P3
45

1,1,64,1,23,1,1,6,22,38,32,27,1,1,67,19,1,32,1,1,1,7,2,1,7,1,8,1,11,0,0,0,0,1,100,1,35,1,7,1,1,1,9,1,1,1,1,1,1,9,1,1,27,20,23,1,1,62,1,1,1,0,0,0,0,0,1,1,1,3,1,1,5,1,1,2,45,95,23,1,1,1,1,1,34,1,34,1,1,9,24,3,63,1,0,0,0,4938,0,
Best: P1
48
Pennsylvania Railroad,Kentucky Avenue,B & O Railroad,North Carolina Avenue,Vermont Avenue,
1,1,28,1,26,1,1,5,38,18,30,30,1,1,93,16,1,23,1,1,1,5,3,1,14,1,11,1,12,0,0,0,0,1,44,1,34,1,7,1,1,1,13,1,1,1,1,1,1,11,1,1,25,15,20,1,1,56,1,1,1,0,0,0,0,0,1,1,1,2,1,1,5,1,1,4,47,100,10,1,1,1,1,1,58,1,35,1,1,18,13,3,46,1,0,0,0,2398,0,
Best: P2
46
Indiana Avenue,New York Avenue,States Avenue,Water Works,
1,1,52,1,32,1,1,5,21,22,42,22,1,1,63,10,1,54,1,1,1,4,4,1,10,1,7,1,11,0,0,0,0,1,31,1,58,1,7,1,1,1,12,1,1,1,1,1,2,15,1,1,26,13,17,1,1,93,1,1,1,0,0,0,0,0,1,1,1,2,1,1,4,1,1,2,77,100,13,1,1,1,1,1,31,1,44,1,1,16,14,4,71,1,0,0,0,2396,0,
Best: P2
47

1,1,52,1,32,1,1,5,21,22,42,22,1,1,63,10,1,54,1,1,1,4,4,1,10,1,7,1,11,0,0,0,0,1,31,1,58,1,7,1,1,1,12,1,1,1,1,1,2,15,1,1,26,13,17,1,1,93,1,1,1,0,0,0,0,0,1,1,1,2,1,1,4,1,1,2,77,100,13,1,1,1,1,1,31,1,44,1,1,16,14,4,71,1,0,0,0,2396,0,
Best: P2
47
Electric Company,Kentucky Avenue,B & O Railroad,Park Place,Short Line Railroad,
1,1,52,1,32,1,1,5,21,22,42,22,1,1,63,10,1,54,1,1,1,4,4,1,10,1,7,1,11,0,0,0,0,1,31,1,58,1,7,1,1,1,12,1,1,1,1,1,2,15,1,1,26,13,17,1,1,93,1,1,1,0,0,0,0,0,1,1,1,2,1,1,4,1,1,2,77,100,13,1,1,1,1,1,31,1,44,1,1,16,14,4,71,1,0,0,0,2396,0,
Best: P2
46
St. Charles Place,Kentucky Avenue,North Carolina Avenue,Park Place,Connecticut Avenue,Pennsylvania Railroad,Ventnor Avenue,Pacific Avenue,
1,1,52,1,32,1,1,5,21,22,42,22,1,1,63,10,1,54,1,1,1,4,4,1,10,1,7,1,11,0,0,0,0,1,31,1,58,1,7,1,1,1,12,1,1,1,1,1,2,15,1,1,26,13,17,1,1,93,1,1,1,0,0,0,0,0,1,1,1,2,1,1,4,1,1,2,77,100,13,1,1,1,1,1,31,1,44,1,1,16,14,4,71,1,0,0,0,2396,0,
Best: P2
44
Indiana Avenue,Short Line Railroad,Vermont Avenue,
1,1,52,1,32,1,1,5,21,22,42,22,1,1,63,10,1,54,1,1,1,4,4,1,10,1,7,1,11,0,0,0,0,1,31,1,58,1,7,1,1,1,12,1,1,1,1,1,2,15,1,1,26,13,17,1,1,93,1,1,1,0,0,0,0,0,1,1,1,2,1,1,4,1,1,2,77,100,13,1,1,1,1,1,31,1,44,1,1,16,14,4,71,1,0,0,0,2396,0,
Best: P2
46
Baltic Avenue,Indiana Avenue,
1,1,52,1,32,1,1,5,21,22,42,22,1,1,63,10,1,54,1,1,1,4,4,1,10,1,7,1,11,0,0,0,0,1,31,1,58,1,7,1,1,1,12,1,1,1,1,1,2,15,1,1,26,13,17,1,1,93,1,1,1,0,0,0,0,0,1,1,1,2,1,1,4,1,1,2,77,100,13,1,1,1,1,1,31,1,44,1,1,16,14,4,71,1,0,0,0,2396,0,
Best: P1
46
B & O Railroad,North Carolina Avenue,
1,1,60,2,42,1,1,6,31,13,40,20,1,1,43,7,1,29,1,1,1,4,3,1,9,1,6,1,14,0,0,0,0,1,22,1,35,1,5,1,1,1,10,1,1,1,1,1,1,12,1,1,24,10,13,1,1,100,1,1,1,0,0,0,0,0,1,1,1,1,1,1,5,1,1,2,62,96,14,1,1,1,1,1,20,1,44,1,1,11,13,3,42,1,0,0,0,2600,0,
Best: P1
47
New York Avenue,Mediterranean Avenue,States Avenue,
1,1,60,2,42,1,1,6,31,13,40,20,1,1,43,7,1,29,1,1,1,4,3,1,9,1,6,1,14,0,0,0,0,1,22,1,35,1,5,1,1,1,10,1,1,1,1,1,1,12,1,1,24,10,13,1,1,100,1,1,1,0,0,0,0,0,1,1,1,1,1,1,5,1,1,2,62,96,14,1,1,1,1,1,20,1,44,1,1,11,13,3,42,1,0,0,0,2600,0,
Best: P1
46
North Carolina Avenue,New York Avenue,Tennessee Avenue,
1,1,60,2,42,1,1,6,31,13,40,20,1,1,43,7,1,29,1,1,1,4,3,1,9,1,6,1,14,0,0,0,0,1,22,1,35,1,5,1,1,1,10,1,1,1,1,1,1,12,1,1,24,10,13,1,1,100,1,1,1,0,0,0,0,0,1,1,1,1,1,1,5,1,1,2,62,96,14,1,1,1,1,1,20,1,44,1,1,11,13,3,42,1,0,0,0,2600,0,
Best: P2
48
New York Avenue,Ventnor Avenue,Park Place,B & O Railroad,Water Works,
1,1,54,1,48,1,1,4,23,6,24,14,1,1,72,9,1,35,1,1,1,3,3,1,11,1,5,1,7,0,0,0,0,1,32,1,30,1,3,1,1,1,6,1,1,1,1,1,1,16,1,1,17,15,16,1,1,55,1,1,1,0,0,0,0,0,1,1,1,1,1,1,7,1,1,1,36,100,17,1,1,1,1,1,11,1,74,1,1,10,23,2,64,1,0,0,0,2693,0,
Best: P1
47

1,1,48,1,55,1,1,3,25,6,29,12,1,1,53,10,1,37,2,1,1,2,2,2,15,1,5,1,5,0,0,0,0,1,20,1,39,1,6,1,1,2,11,1,1,1,1,1,1,7,1,1,19,11,13,1,1,100,1,1,1,0,0,0,0,0,1,1,1,1,1,1,5,1,1,1,41,49,18,1,1,1,1,1,17,1,41,1,1,12,15,1,54,1,0,0,0,3942,0,
Best: P2
45

1,1,65,1,36,1,1,3,29,4,31,11,1,1,48,11,1,49,1,1,1,1,2,1,9,1,7,1,8,0,0,0,0,1,33,1,27,1,5,1,1,1,8,1,1,1,1,1,1,9,1,1,19,15,10,1,1,96,1,1,1,0,0,0,0,0,1,1,1,1,1,1,4,1,1,1,29,65,23,1,1,1,1,1,10,1,51,2,1,12,20,1,54,1,0,0,0,4245,0,
Best: P1
47
B & O Railroad,Kentucky Avenue,Pacific Avenue,
1,1,77,1,36,1,1,3,18,6,22,14,1,1,34,7,1,49,1,1,1,2,1,1,13,1,8,1,4,0,0,0,0,1,35,1,43,1,6,1,1,1,10,1,1,1,1,1,1,6,1,1,22,14,7,1,1,85,1,1,1,0,0,0,0,0,1,1,1,1,1,1,4,1,1,1,39,68,27,1,1,1,1,1,18,1,47,1,1,12,22,1,51,1,0,0,0,4052,0,
Best: P2
47
New York Avenue,B & O Railroad,Electric Company,Kentucky Avenue,Illinois Avenue,Pennsylvania Railroad,
1,1,58,1,38,1,1,3,27,7,39,18,1,1,55,8,1,56,1,1,1,1,1,1,14,1,5,1,3,0,0,0,0,1,42,1,41,1,4,1,1,1,7,1,1,1,1,1,1,10,1,1,20,14,9,1,1,100,1,1,1,0,0,0,0,0,1,1,1,1,1,1,4,1,1,1,34,81,13,1,1,1,1,1,7,1,49,1,1,10,26,1,37,1,0,0,0,2447,0,
Best: P2
44
Kentucky Avenue,Marvin Gardens,B & O Railroad,Park Place,Electric Company,Indiana Avenue,
1,1,58,1,38,1,1,3,27,7,39,18,1,1,55,8,1,56,1,1,1,1,1,1,14,1,5,1,3,0,0,0,0,1,42,1,41,1,4,1,1,1,7,1,1,1,1,1,1,10,1,1,20,14,9,1,1,100,1,1,1,0,0,0,0,0,1,1,1,1,1,1,4,1,1,1,34,81,13,1,1,1,1,1,7,1,49,1,1,10,26,1,37,1,0,0,0,2447,0,
Best: P1
45

1,1,45,1,21,1,1,4,21,3,34,30,1,1,52,4,1,72,1,1,1,1,2,1,11,1,3,1,1,0,0,0,0,1,30,1,29,1,3,1,1,1,8,1,1,1,1,1,1,9,1,1,21,9,8,1,1,100,1,1,1,0,0,0,0,0,1,1,1,1,1,1,2,1,1,1,47,100,13,1,1,1,1,1,7,1,61,1,1,14,17,1,33,1,0,0,0,4851,0,
Best: P1
46
Electric Company,Ventnor Avenue,
1,1,45,1,21,1,1,4,21,3,34,30,1,1,52,4,1,72,1,1,1,1,2,1,11,1,3,1,1,0,0,0,0,1,30,1,29,1,3,1,1,1,8,1,1,1,1,1,1,9,1,1,21,9,8,1,1,100,1,1,1,0,0,0,0,0,1,1,1,1,1,1,2,1,1,1,47,100,13,1,1,1,1,1,7,1,61,1,1,14,17,1,33,1,0,0,0,4851,0,
Best: P2
44
Indiana Avenue,Kentucky Avenue,
1,1,49,1,18,1,1,3,29,2,23,21,1,1,44,6,1,100,1,1,1,1,1,1,13,1,3,1,1,0,0,0,0,1,24,1,25,1,2,1,1,1,5,1,1,1,1,1,1,10,1,1,28,6,10,1,1,54,1,1,1,0,0,0,0,0,1,1,1,1,1,1,2,1,1,1,42,100,13,1,1,1,1,1,5,1,40,1,1,17,18,1,34,1,0,0,0,2948,0,
Best: P2
48
Park Place,Reading Railroad,
1,1,49,1,18,1,1,3,29,2,23,21,1,1,44,6,1,100,1,1,1,1,1,1,13,1,3,1,1,0,0,0,0,1,24,1,25,1,2,1,1,1,5,1,1,1,1,1,1,10,1,1,28,6,10,1,1,54,1,1,1,0,0,0,0,0,1,1,1,1,1,1,2,1,1,1,42,100,13,1,1,1,1,1,5,1,40,1,1,17,18,1,34,1,0,0,0,2948,0,
Best: P2
46
Pennsylvania Railroad,Ventnor Avenue,Electric Company,Park Place,Indiana Avenue,
1,1,49,1,18,1,1,3,29,2,23,21,1,1,44,6,1,100,1,1,1,1,1,1,13,1,3,1,1,0,0,0,0,1,24,1,25,1,2,1,1,1,5,1,1,1,1,1,1,10,1,1,28,6,10,1,1,54,1,1,1,0,0,0,0,0,1,1,1,1,1,1,2,1,1,1,42,100,13,1,1,1,1,1,5,1,40,1,1,17,18,1,34,1,0,0,0,2948,0,
Best: P3
47
Kentucky Avenue,Baltic Avenue,Electric Company,B & O Railroad,Atlantic Avenue,Indiana Avenue,Ventnor Avenue,
1,1,38,1,22,1,1,1,15,1,13,26,1,1,34,4,1,100,1,1,1,1,1,1,23,1,1,1,0,0,0,0,0,1,29,1,33,1,1,1,1,1,4,1,1,1,1,1,1,9,1,1,18,7,11,1,1,73,1,1,1,0,0,0,0,0,1,1,1,1,1,1,1,1,1,1,45,73,9,1,1,1,1,1,4,1,30,1,1,12,26,1,40,1,0,0,0,2025,0,
Best: P2
46
New York Avenue,Pennsylvania Railroad,Tennessee Avenue,Electric Company,Connecticut Avenue,
1,1,49,1,30,1,1,2,28,1,21,15,1,1,28,4,1,100,1,1,1,1,1,1,20,1,2,1,0,0,0,0,0,1,28,1,43,1,1,1,1,1,4,1,1,1,1,1,1,12,1,1,34,4,6,1,1,81,1,1,1,0,0,0,0,0,1,1,1,1,1,1,1,1,1,1,49,72,13,1,1,1,1,1,5,1,21,1,1,13,31,1,37,1,0,0,0,1665,0,
Best: P1
45
Electric Company,Kentucky Avenue,St. Charles Place,B & O Railroad,Virginia Avenue,Water Works,Pennsylvania Railroad,Oriental Avenue,
1,1,25,1,20,1,1,3,15,1,13,9,1,1,36,3,1,48,1,1,1,1,1,1,23,1,1,1,0,0,0,0,0,1,25,1,47,1,1,1,1,1,7,1,1,1,1,1,1,15,1,1,41,7,7,1,1,100,1,1,1,0,0,0,0,0,1,1,1,1,1,1,1,1,1,1,27,71,10,1,1,1,1,1,2,1,27,1,1,16,27,1,59,1,0,0,0,2127,0,
Best: P1
48
Electric Company,
1,1,25,1,20,1,1,3,15,1,13,9,1,1,36,3,1,48,1,1,1,1,1,1,23,1,1,1,0,0,0,0,0,1,25,1,47,1,1,1,1,1,7,1,1,1,1,1,1,15,1,1,41,7,7,1,1,100,1,1,1,0,0,0,0,0,1,1,1,1,1,1,1,1,1,1,27,71,10,1,1,1,1,1,2,1,27,1,1,16,27,1,59,1,0,0,0,2127,0,
Best: P1
48
Electric Company,Pennsylvania Railroad,St. James Place,
1,1,25,1,20,1,1,3,15,1,13,9,1,1,36,3,1,48,1,1,1,1,1,1,23,1,1,1,0,0,0,0,0,1,25,1,47,1,1,1,1,1,7,1,1,1,1,1,1,15,1,1,41,7,7,1,1,100,1,1,1,0,0,0,0,0,1,1,1,1,1,1,1,1,1,1,27,71,10,1,1,1,1,1,2,1,27,1,1,16,27,1,59,1,0,0,0,2127,0,
Best: P2
46
Tennessee Avenue,
1,1,44,1,24,1,1,3,20,1,7,9,1,1,47,3,1,43,1,1,1,1,1,1,35,2,1,1,0,0,0,0,0,1,25,1,26,1,1,1,1,1,5,2,1,1,1,1,1,9,1,1,41,6,4,1,1,79,1,1,1,0,0,0,0,0,1,2,1,1,1,1,1,1,1,1,23,72,11,1,1,1,1,1,3,1,18,1,1,27,21,1,87,1,0,0,0,2965,0,
Best: P3
47
B & O Railroad,Mediterranean Avenue,Atlantic Avenue,
1,1,34,1,18,1,1,1,18,1,16,7,1,1,39,3,1,53,1,1,1,1,1,1,26,1,1,1,0,0,0,0,0,1,26,1,33,1,1,1,1,1,4,1,1,1,1,1,1,20,1,1,57,7,3,1,1,82,1,1,1,0,0,0,0,0,1,1,1,1,1,1,1,1,1,1,14,88,6,1,1,1,1,2,1,1,19,1,1,15,24,1,84,1,0,0,0,1903,0,
Best: P1
46
St. James Place,Park Place,Electric Company,Kentucky Avenue,Short Line Railroad,
1,1,35,1,34,1,1,1,28,1,15,4,1,1,32,4,1,42,1,1,1,1,1,1,20,1,1,1,0,0,0,0,0,1,43,1,39,1,1,1,1,1,7,1,1,1,1,1,1,15,1,1,53,5,3,1,1,59,1,1,1,0,0,0,0,0,1,1,1,1,1,1,1,1,1,1,12,54,7,1,1,1,1,1,1,1,18,1,1,11,15,1,86,1,0,0,0,1988,0,
Best: P3
44
Short Line Railroad,Electric Company,Baltic Avenue,Boardwalk,New York Avenue,Oriental Avenue,Reading Railroad,
1,1,30,1,22,1,1,1,19,1,16,7,1,1,43,3,1,29,1,1,1,1,1,1,34,1,1,1,0,0,0,0,0,1,50,1,35,1,1,1,1,1,3,1,1,1,1,1,1,19,2,1,63,4,2,1,1,57,1,1,1,0,0,0,0,0,1,1,2,1,1,1,1,1,1,1,11,78,8,1,1,1,1,1,1,1,27,1,1,8,10,1,67,1,0,0,0,1361,0,
Best: P2
46
Electric Company,Short Line Railroad,
1,1,24,1,36,1,1,1,23,1,21,8,1,1,46,4,1,45,1,1,1,1,1,1,38,1,1,1,0,0,0,0,0,1,48,1,25,1,1,1,1,1,4,1,1,1,1,1,1,11,1,1,92,5,1,1,1,100,1,1,1,0,0,0,0,0,1,1,1,1,1,1,1,1,1,1,6,78,5,1,1,1,1,1,1,1,31,1,1,8,13,1,39,1,0,0,0,2029,0,
Best: P1
48
Oriental Avenue,Park Place,Virginia Avenue,
1,1,28,1,29,1,1,1,25,1,23,6,1,1,39,4,1,40,1,1,1,1,1,1,21,1,1,1,0,0,0,0,0,1,51,1,26,1,1,1,1,1,2,1,1,1,1,1,1,10,1,1,37,5,2,1,1,100,1,1,1,0,0,0,0,0,1,1,1,1,1,1,1,1,1,1,3,89,10,1,1,1,1,1,1,1,48,1,1,9,11,1,43,1,0,0,0,2554,0,
Best: P3
45
Marvin Gardens,B & O Railroad,
1,1,27,1,32,1,1,1,25,1,28,10,1,1,25,3,1,44,1,1,1,1,1,2,34,1,1,1,0,0,0,0,0,1,37,1,33,1,1,1,1,1,2,1,1,1,1,1,1,13,1,1,45,4,1,1,1,79,1,1,1,0,0,0,0,0,1,1,1,1,1,1,1,1,1,1,6,49,7,1,1,1,1,1,1,1,40,1,1,5,6,1,32,1,0,0,0,3432,0,
Best: P2
47
Mediterranean Avenue,Electric Company,Baltic Avenue,
1,1,29,1,32,1,1,1,21,1,19,12,1,1,38,3,1,30,1,1,1,1,1,1,17,1,1,1,0,0,0,0,0,1,33,1,23,1,1,1,1,1,2,1,1,1,1,1,1,15,1,1,68,3,1,1,1,60,1,1,1,0,0,0,0,0,1,1,1,1,1,1,1,1,1,2,4,93,5,1,1,1,1,1,1,1,37,1,1,7,5,1,45,1,0,0,0,1978,0,
Best: P3
46
Water Works,
1,1,34,1,29,1,1,1,14,1,24,8,1,2,39,4,1,26,1,1,1,1,1,1,28,1,1,1,0,0,0,0,0,1,26,1,32,1,1,1,1,1,3,1,1,1,1,1,1,10,1,1,60,3,1,1,1,45,1,1,1,0,0,0,0,0,1,1,1,1,1,1,1,1,1,1,4,50,6,1,1,1,1,1,1,1,27,1,1,6,7,1,32,1,0,0,0,2407,0,
Best: P1
48
Short Line Railroad,Connecticut Avenue,B & O Railroad,Pennsylvania Avenue,
1,1,36,1,14,1,1,1,14,1,26,8,1,1,18,3,1,35,1,1,1,1,1,1,27,1,1,1,0,0,0,0,0,1,46,1,37,1,1,1,1,1,3,1,1,1,1,1,1,12,1,1,82,4,1,1,1,73,1,1,1,0,0,0,0,0,1,1,1,1,1,1,1,1,1,1,4,60,5,1,1,1,1,1,1,1,43,1,1,6,10,1,43,1,0,0,0,2016,0,
Best: P3
45
Kentucky Avenue,Park Place,Water Works,
1,1,42,1,28,1,1,1,8,1,32,10,1,2,29,4,1,23,1,1,1,1,1,1,31,1,1,1,0,0,0,0,0,1,26,1,28,1,1,1,1,1,5,1,1,1,1,1,1,9,1,1,54,3,1,1,1,30,1,1,1,0,0,0,0,0,1,1,1,1,1,1,1,1,1,1,4,48,4,1,1,1,1,1,1,1,35,1,1,8,4,1,20,1,0,0,0,1193,0,
Best: P2
45
Kentucky Avenue,Park Place,Ventnor Avenue,Pennsylvania Railroad,B & O Railroad,
1,1,55,1,28,1,1,1,6,1,32,8,1,1,39,3,1,23,1,1,1,1,1,1,17,1,1,1,0,0,0,0,0,1,35,1,18,1,1,1,1,1,3,1,1,1,1,1,1,19,1,1,67,1,1,1,1,49,1,1,1,0,0,0,0,0,1,1,1,1,1,1,1,1,1,1,5,80,3,1,1,1,1,1,1,1,34,1,1,7,10,1,36,1,0,0,0,791,0,
Best: P7
44
B & O Railroad,Connecticut Avenue,Kentucky Avenue,Park Place,Illinois Avenue,
1,1,32,1,24,1,1,1,5,1,29,4,1,1,48,4,1,19,1,1,1,1,1,1,19,1,1,1,0,0,0,0,0,1,54,1,19,1,1,1,1,1,3,1,1,1,1,1,1,8,1,1,28,1,1,1,1,55,1,1,1,0,0,0,0,0,1,1,1,1,1,1,1,1,1,1,5,90,2,1,1,1,1,1,1,1,26,1,1,6,8,1,62,1,0,0,0,780,0,
Best: P1
42
Electric Company,Kentucky Avenue,B & O Railroad,Vermont Avenue,Park Place,Indiana Avenue,Pennsylvania Railroad,New York Avenue,
1,1,20,1,18,1,1,1,7,1,23,6,1,1,52,4,1,37,1,1,1,1,1,1,21,1,1,1,0,0,0,0,0,1,50,1,22,1,1,1,1,1,4,1,1,1,1,1,1,12,1,1,19,2,1,1,2,48,1,1,1,0,0,0,0,0,1,1,1,1,1,1,1,1,1,1,3,67,4,1,1,1,1,1,1,1,39,1,1,5,10,1,34,1,0,0,0,830,0,
Best: P1
46
B & O Railroad,Park Place,Ventnor Avenue,
1,1,20,1,18,1,1,1,7,1,23,6,1,1,52,4,1,37,1,1,1,1,1,1,21,1,1,1,0,0,0,0,0,1,50,1,22,1,1,1,1,1,4,1,1,1,1,1,1,12,1,1,19,2,1,1,2,48,1,1,1,0,0,0,0,0,1,1,1,1,1,1,1,1,1,1,3,67,4,1,1,1,1,1,1,1,39,1,1,5,10,1,34,1,0,0,0,830,0,
Best: P2
48
North Carolina Avenue,St. James Place,
1,1,17,1,20,1,1,1,8,1,46,5,1,1,50,4,1,48,1,1,1,1,1,1,15,1,1,1,0,0,0,0,0,1,56,1,12,1,1,1,1,1,2,1,1,1,1,1,1,6,1,1,14,1,1,1,1,27,1,1,1,0,0,0,0,0,1,1,1,1,1,1,1,1,1,1,3,60,3,1,1,1,1,1,1,1,43,1,1,4,6,1,30,1,0,0,0,992,0,
Best: P3
46
Oriental Avenue,
1,1,14,1,9,1,1,1,6,1,17,7,1,1,66,6,2,46,1,1,1,1,1,1,26,1,1,1,0,0,0,0,0,1,57,1,12,1,1,1,1,1,3,1,1,1,1,1,1,9,1,1,16,1,1,1,1,32,1,1,1,0,0,0,0,0,1,1,1,1,1,1,1,1,1,1,3,58,2,1,1,1,1,1,1,1,24,1,1,2,11,1,29,1,0,0,0,579,0,
Best: P1
48
Electric Company,Park Place,Reading Railroad,
1,1,9,1,20,2,1,1,6,1,17,8,1,1,59,5,1,44,1,1,1,1,1,1,10,1,1,2,0,0,0,0,0,1,57,1,11,1,1,1,1,1,4,1,1,1,1,1,1,10,1,1,18,2,1,1,1,26,1,1,1,0,0,0,0,0,1,1,1,1,1,1,1,1,1,1,3,100,2,1,1,1,1,1,1,1,41,1,1,2,8,1,25,1,0,0,0,891,0,
Best: P2
47
Park Place,Indiana Avenue,
1,1,11,1,21,1,1,1,6,1,26,5,1,1,75,6,1,29,1,1,1,1,1,1,11,1,1,1,0,0,0,0,0,1,47,1,16,1,1,1,1,1,3,1,1,1,1,1,1,6,1,1,10,1,1,1,1,36,1,1,1,0,0,0,0,0,1,1,1,1,1,1,1,1,1,1,2,64,2,1,1,1,1,1,1,1,59,1,1,3,7,1,26,2,0,0,0,644,0,
Best: P3
46
Kentucky Avenue,North Carolina Avenue,Park Place,New York Avenue,Illinois Avenue,
1,1,11,1,14,1,1,1,9,1,18,6,1,1,79,5,1,43,1,1,1,1,1,1,9,1,1,1,0,0,0,0,0,1,55,1,14,1,1,1,1,1,2,1,1,1,2,1,1,10,1,1,15,1,1,1,1,28,1,1,1,0,0,0,0,0,1,1,1,2,1,1,1,2,1,1,2,63,2,1,1,1,1,1,1,1,73,1,1,2,9,1,41,1,0,0,0,1018,0,
Best: P2
47
St. Charles Place,Pacific Avenue,Connecticut Avenue,Oriental Avenue,Electric Company,New York Avenue,
1,1,14,1,25,1,1,2,8,1,13,3,1,1,60,7,1,31,1,1,1,1,1,1,8,1,1,1,0,0,0,0,0,1,65,1,14,1,1,1,1,1,2,1,1,1,1,1,1,9,1,1,12,1,1,1,1,30,1,1,1,0,0,0,0,0,1,1,1,1,1,1,1,1,1,1,2,86,3,1,1,1,1,1,1,1,77,1,1,1,10,1,42,1,0,0,0,747,0,
Best: P3
47
Mediterranean Avenue,Virginia Avenue,B & O Railroad,Short Line Railroad,
1,1,13,1,23,1,1,1,11,1,14,6,1,1,39,6,1,25,1,1,1,1,1,1,9,1,1,1,0,0,0,0,0,1,32,1,18,1,1,1,1,1,3,1,1,2,1,1,1,10,1,1,17,1,1,1,1,30,1,1,1,0,0,0,0,0,1,1,1,1,1,1,1,1,1,1,2,73,1,1,1,1,1,1,1,1,100,1,1,1,5,1,35,1,0,0,0,837,0,
Best: P3
45
Kentucky Avenue,Baltic Avenue,
1,1,13,1,23,1,1,1,11,1,14,6,1,1,39,6,1,25,1,1,1,1,1,1,9,1,1,1,0,0,0,0,0,1,32,1,18,1,1,1,1,1,3,1,1,2,1,1,1,10,1,1,17,1,1,1,1,30,1,1,1,0,0,0,0,0,1,1,1,1,1,1,1,1,1,1,2,73,1,1,1,1,1,1,1,1,100,1,1,1,5,1,35,1,0,0,0,837,0,
Best: P3
45
New York Avenue,Electric Company,Park Place,Illinois Avenue,
1,1,13,1,23,1,1,1,11,1,14,6,1,1,39,6,1,25,1,1,1,1,1,1,9,1,1,1,0,0,0,0,0,1,32,1,18,1,1,1,1,1,3,1,1,2,1,1,1,10,1,1,17,1,1,1,1,30,1,1,1,0,0,0,0,0,1,1,1,1,1,1,1,1,1,1,2,73,1,1,1,1,1,1,1,1,100,1,1,1,5,1,35,1,0,0,0,837,0,
Best: P2
47
Electric Company,Illinois Avenue,Boardwalk,B & O Railroad,St. Charles Place,
1,1,17,1,27,1,1,1,8,1,21,4,1,1,60,4,1,24,1,1,1,1,1,1,4,1,1,1,0,0,0,0,0,1,35,1,11,1,1,1,1,1,2,1,1,1,1,1,1,11,1,1,24,1,1,1,1,35,1,1,1,0,0,0,0,0,1,1,1,1,1,2,1,1,1,1,3,74,1,1,1,1,1,1,1,1,74,1,2,1,5,1,21,1,0,0,0,765,0,
Best: P2
47
B & O Railroad,Electric Company,Kentucky Avenue,Reading Railroad,
1,1,17,1,27,1,1,1,8,1,21,4,1,1,60,4,1,24,1,1,1,1,1,1,4,1,1,1,0,0,0,0,0,1,35,1,11,1,1,1,1,1,2,1,1,1,1,1,1,11,1,1,24,1,1,1,1,35,1,1,1,0,0,0,0,0,1,1,1,1,1,2,1,1,1,1,3,74,1,1,1,1,1,1,1,1,74,1,2,1,5,1,21,1,0,0,0,765,0,
Best: P2
46
Electric Company,New York Avenue,B & O Railroad,
1,1,17,1,27,1,1,1,8,1,21,4,1,1,60,4,1,24,1,1,1,1,1,1,4,1,1,1,0,0,0,0,0,1,35,1,11,1,1,1,1,1,2,1,1,1,1,1,1,11,1,1,24,1,1,1,1,35,1,1,1,0,0,0,0,0,1,1,1,1,1,2,1,1,1,1,3,74,1,1,1,1,1,1,1,1,74,1,2,1,5,1,21,1,0,0,0,765,0,
Best: P2
47
Park Place,Tennessee Avenue,St. James Place,
1,1,17,1,27,1,1,1,8,1,21,4,1,1,60,4,1,24,1,1,1,1,1,1,4,1,1,1,0,0,0,0,0,1,35,1,11,1,1,1,1,1,2,1,1,1,1,1,1,11,1,1,24,1,1,1,1,35,1,1,1,0,0,0,0,0,1,1,1,1,1,2,1,1,1,1,3,74,1,1,1,1,1,1,1,1,74,1,2,1,5,1,21,1,0,0,0,765,0,
Best: P1
48
Kentucky Avenue,Electric Company,B & O Railroad,Indiana Avenue,
1,1,17,1,25,1,1,1,7,1,10,4,1,1,45,4,1,24,1,1,1,1,1,1,5,1,1,1,0,0,0,0,0,1,27,1,11,1,1,1,1,1,2,1,1,1,1,1,1,7,1,1,26,1,1,1,1,64,1,1,1,0,0,0,0,0,1,1,1,1,1,1,1,1,1,1,3,100,1,1,1,1,1,1,1,1,50,1,1,1,8,1,30,1,0,0,0,983,0,
Best: P1
48
Pennsylvania Avenue,Electric Company,Marvin Gardens,
1,1,17,1,25,1,1,1,7,1,10,4,1,1,45,4,1,24,1,1,1,1,1,1,5,1,1,1,0,0,0,0,0,1,27,1,11,1,1,1,1,1,2,1,1,1,1,1,1,7,1,1,26,1,1,1,1,64,1,1,1,0,0,0,0,0,1,1,1,1,1,1,1,1,1,1,3,100,1,1,1,1,1,1,1,1,50,1,1,1,8,1,30,1,0,0,0,983,0,
Best: P3
45
Kentucky Avenue,Reading Railroad,Atlantic Avenue,
1,1,18,1,20,1,1,1,4,1,15,2,1,1,59,3,1,28,1,1,1,1,1,1,2,1,1,1,0,0,0,0,0,1,17,1,8,1,1,1,1,1,1,1,1,1,1,1,1,5,1,1,24,1,1,1,1,35,1,1,1,0,0,0,0,0,1,1,1,1,1,1,1,1,1,1,2,100,1,1,1,2,1,1,1,1,51,1,1,2,4,1,18,1,0,0,0,1219,0,
Best: P1
47
St. Charles Place,B & O Railroad,Electric Company,Marvin Gardens,Water Works,Atlantic Avenue,
1,1,19,1,17,1,1,1,5,1,12,4,1,1,48,2,1,32,1,1,1,1,1,1,2,1,1,1,0,0,0,0,0,1,14,1,7,1,1,1,1,1,1,1,1,1,1,1,1,4,1,1,13,1,1,1,1,59,1,1,1,0,0,0,0,0,1,1,1,1,1,1,1,1,1,1,2,100,1,1,1,1,1,1,1,1,40,1,1,1,8,1,15,1,0,0,0,1266,0,
Best: P3
47
B & O Railroad,North Carolina Avenue,Pennsylvania Railroad,
1,1,11,1,24,1,1,1,3,1,11,2,1,1,76,2,1,30,1,1,1,1,1,1,2,1,1,1,0,0,0,0,0,1,22,1,10,1,1,1,1,1,1,1,1,1,1,1,1,2,1,1,17,1,1,1,1,24,1,1,1,0,0,0,0,0,1,1,1,1,1,1,1,1,1,1,3,89,1,1,1,1,1,1,1,1,66,1,1,1,8,1,12,1,0,0,0,1651,0,
Best: P1
45
Reading Railroad,Kentucky Avenue,Park Place,Indiana Avenue,Electric Company,
1,1,19,1,24,1,1,1,3,1,10,4,1,1,92,2,1,39,1,1,1,1,1,1,2,1,1,1,0,0,0,0,0,1,17,1,6,1,1,1,1,1,1,1,1,1,1,1,1,2,1,1,9,1,1,1,1,30,1,1,1,0,0,0,0,0,1,1,1,1,1,1,1,1,1,1,1,95,1,1,1,1,1,1,1,1,30,1,1,1,6,1,7,1,0,0,0,1108,0,
Best: P3
47
Indiana Avenue,St. James Place,North Carolina Avenue,
1,1,18,1,25,1,1,1,4,1,14,3,1,1,100,1,1,44,1,1,1,1,1,1,3,1,1,1,0,0,0,0,0,1,10,1,11,1,1,1,1,1,1,1,1,1,1,1,1,2,1,1,16,1,1,1,1,19,1,1,1,0,0,0,0,0,1,1,1,1,1,1,1,1,1,1,3,50,1,1,1,1,1,1,1,1,64,1,1,1,5,1,8,1,0,0,0,1337,0,
Best: P1
46
Kentucky Avenue,Electric Company,Baltic Avenue,
1,1,17,1,29,1,1,1,4,1,11,4,1,1,53,1,1,47,1,1,1,1,1,1,2,1,1,1,0,0,0,0,0,1,14,1,12,1,1,1,1,1,1,1,1,1,1,1,1,3,1,1,8,1,1,1,1,20,1,1,1,0,0,0,0,0,1,1,1,1,1,1,1,1,1,1,2,98,1,1,1,1,1,1,1,2,67,1,1,1,4,1,7,1,0,0,0,1014,0,
Best: P1
48
Park Place,Oriental Avenue,
1,1,17,1,29,1,1,1,4,1,11,4,1,1,53,1,1,47,1,1,1,1,1,1,2,1,1,1,0,0,0,0,0,1,14,1,12,1,1,1,1,1,1,1,1,1,1,1,1,3,1,1,8,1,1,1,1,20,1,1,1,0,0,0,0,0,1,1,1,1,1,1,1,1,1,1,2,98,1,1,1,1,1,1,1,2,67,1,1,1,4,1,7,1,0,0,0,1014,0,
Best: P2
46
Park Place,Illinois Avenue,Atlantic Avenue,Vermont Avenue,Pacific Avenue,Baltic Avenue,
1,1,16,1,39,1,1,1,2,1,9,2,1,1,36,1,1,52,1,1,1,1,1,1,1,1,1,1,0,0,0,0,0,1,12,1,17,1,1,1,1,1,1,1,1,1,1,1,1,3,1,1,14,1,1,1,1,15,1,1,1,0,0,0,0,0,1,1,1,1,1,1,1,1,1,1,2,50,1,1,1,1,1,1,1,1,73,1,1,1,3,1,7,1,0,0,0,1428,0,
Best: P2
48
Atlantic Avenue,
1,1,16,1,39,1,1,1,2,1,9,2,1,1,36,1,1,52,1,1,1,1,1,1,1,1,1,1,0,0,0,0,0,1,12,1,17,1,1,1,1,1,1,1,1,1,1,1,1,3,1,1,14,1,1,1,1,15,1,1,1,0,0,0,0,0,1,1,1,1,1,1,1,1,1,1,2,50,1,1,1,1,1,1,1,1,73,1,1,1,3,1,7,1,0,0,0,1428,0,
Best: P2
44
Park Place,B & O Railroad,Water Works,States Avenue,
1,1,16,1,39,1,1,1,2,1,9,2,1,1,36,1,1,52,1,1,1,1,1,1,1,1,1,1,0,0,0,0,0,1,12,1,17,1,1,1,1,1,1,1,1,1,1,1,1,3,1,1,14,1,1,1,1,15,1,1,1,0,0,0,0,0,1,1,1,1,1,1,1,1,1,1,2,50,1,1,1,1,1,1,1,1,73,1,1,1,3,1,7,1,0,0,0,1428,0,
Best: P3
46
Reading Railroad,Ventnor Avenue,Pennsylvania Railroad,
1,1,8,1,33,1,1,1,1,1,7,3,1,1,35,1,1,36,1,1,1,1,1,1,1,1,1,1,0,0,0,0,0,1,15,1,18,1,1,1,1,1,1,1,1,1,1,1,1,2,1,1,13,1,1,1,1,14,1,1,1,0,0,0,0,0,1,1,1,1,1,1,1,1,1,1,1,77,1,1,1,1,1,1,1,1,50,1,1,1,3,1,3,1,0,0,0,2561,0,
Best: P1
46
Electric Company,Illinois Avenue,Indiana Avenue,
1,1,11,1,32,1,1,1,1,1,12,2,1,1,35,1,1,73,1,1,1,2,1,1,1,1,1,1,0,0,0,0,0,1,9,1,23,1,1,1,1,1,1,1,1,1,1,1,1,2,1,1,8,1,1,1,1,11,1,1,1,0,0,0,0,0,1,1,1,1,1,1,1,1,1,1,2,100,1,1,1,1,1,1,1,1,63,1,1,1,2,1,7,1,0,0,0,1394,0,
Best: P1
48
New York Avenue,Kentucky Avenue,Illinois Avenue,Park Place,Short Line Railroad,Marvin Gardens,Baltic Avenue,
1,1,11,1,32,1,1,1,1,1,12,2,1,1,35,1,1,73,1,1,1,2,1,1,1,1,1,1,0,0,0,0,0,1,9,1,23,1,1,1,1,1,1,1,1,1,1,1,1,2,1,1,8,1,1,1,1,11,1,1,1,0,0,0,0,0,1,1,1,1,1,1,1,1,1,1,2,100,1,1,1,1,1,1,1,1,63,1,1,1,2,1,7,1,0,0,0,1394,0,
Best: P1
48
Kentucky Avenue,Virginia Avenue,Oriental Avenue,Electric Company,
1,1,11,1,32,1,1,1,1,1,12,2,1,1,35,1,1,73,1,1,1,2,1,1,1,1,1,1,0,0,0,0,0,1,9,1,23,1,1,1,1,1,1,1,1,1,1,1,1,2,1,1,8,1,1,1,1,11,1,1,1,0,0,0,0,0,1,1,1,1,1,1,1,1,1,1,2,100,1,1,1,1,1,1,1,1,63,1,1,1,2,1,7,1,0,0,0,1394,0,
Best: P2
45
Park Place,Pacific Avenue,
2,1,10,1,20,1,1,1,1,1,7,2,1,1,51,1,1,66,1,1,1,1,1,1,1,1,1,1,0,0,0,0,0,1,9,1,24,1,1,2,1,1,1,1,2,1,1,1,1,2,1,1,8,1,1,1,1,15,1,1,1,0,0,0,0,0,1,1,1,1,1,1,1,1,1,1,1,55,1,1,1,1,1,1,1,1,78,1,1,1,1,1,5,1,0,0,0,1802,0,
Best: P3
46
Park Place,Electric Company,Indiana Avenue,
1,1,11,1,16,1,1,1,1,2,10,2,1,1,48,1,1,45,1,1,1,1,1,1,1,1,1,1,0,0,0,0,0,1,6,1,28,1,1,1,1,1,1,1,1,1,1,1,1,1,1,1,13,1,1,1,1,14,1,1,1,0,0,0,0,0,1,1,1,1,1,1,1,1,1,1,1,50,1,1,1,1,1,1,1,1,57,1,1,1,2,1,5,1,0,0,0,1336,0,
Best: P1
45
St. Charles Place,
1,1,16,1,15,1,1,1,1,1,12,2,1,1,38,1,1,38,1,1,1,1,1,1,1,1,1,1,0,0,0,0,0,1,12,1,36,1,1,1,1,1,1,1,1,1,1,1,1,1,1,1,7,1,1,1,1,6,1,1,1,0,0,0,0,0,1,1,1,1,1,1,1,1,1,1,1,87,1,1,1,1,1,1,1,1,44,1,1,1,1,1,3,1,0,0,0,2165,0,
Best: P1
46
Indiana Avenue,St. Charles Place,
1,1,16,1,15,1,1,1,1,1,12,2,1,1,38,1,1,38,1,1,1,1,1,1,1,1,1,1,0,0,0,0,0,1,12,1,36,1,1,1,1,1,1,1,1,1,1,1,1,1,1,1,7,1,1,1,1,6,1,1,1,0,0,0,0,0,1,1,1,1,1,1,1,1,1,1,1,87,1,1,1,1,1,1,1,1,44,1,1,1,1,1,3,1,0,0,0,2165,0,
Best: P3
46
Pacific Avenue,Mediterranean Avenue,Illinois Avenue,
1,1,21,1,10,1,1,1,1,1,6,1,1,1,28,1,1,40,1,1,1,1,1,1,1,1,1,1,0,0,0,0,0,1,15,1,31,1,1,1,1,1,1,1,1,1,1,1,1,1,1,1,8,1,1,1,1,9,1,1,1,0,0,0,0,0,1,1,1,1,1,1,1,1,1,1,1,100,1,1,1,1,1,1,1,1,58,1,1,1,1,1,3,1,0,0,0,1976,0,
Best: P1
48
Park Place,Reading Railroad,Tennessee Avenue,
1,1,20,1,13,1,1,2,1,1,8,1,1,1,50,2,1,57,1,1,1,1,1,1,1,1,1,1,0,0,0,0,0,1,17,1,28,1,1,1,1,1,1,1,1,1,1,1,1,1,1,1,9,1,1,1,1,10,1,1,1,0,0,0,0,0,1,1,1,1,1,1,1,1,1,1,1,79,1,1,1,1,1,1,1,1,45,1,1,1,1,1,3,1,0,0,0,2484,0,
Best: P2
46
Reading Railroad,States Avenue,Atlantic Avenue,Park Place,B & O Railroad,
1,1,12,1,11,1,1,1,1,1,8,1,1,1,26,1,1,39,1,1,1,1,1,1,1,1,1,1,0,0,0,0,0,1,27,1,43,1,1,1,1,1,1,1,1,1,1,1,1,1,1,1,9,1,1,1,1,9,1,1,1,0,0,0,0,0,1,1,1,1,1,1,1,1,1,1,1,44,1,1,1,1,1,1,1,1,54,1,1,1,1,1,3,1,0,0,0,1116,0,
Best: P2
47
Short Line Railroad,Pennsylvania Avenue,
1,1,12,1,11,1,1,1,1,1,8,1,1,1,26,1,1,39,1,1,1,1,1,1,1,1,1,1,0,0,0,0,0,1,27,1,43,1,1,1,1,1,1,1,1,1,1,1,1,1,1,1,9,1,1,1,1,9,1,1,1,0,0,0,0,0,1,1,1,1,1,1,1,1,1,1,1,44,1,1,1,1,1,1,1,1,54,1,1,1,1,1,3,1,0,0,0,1116,0,
Best: P3
45
Kentucky Avenue,B & O Railroad,
1,1,19,1,8,1,1,1,1,1,3,1,1,1,46,1,1,30,1,1,1,1,1,2,1,1,1,1,0,0,0,0,0,1,32,1,34,1,1,1,1,1,1,1,1,1,1,1,1,1,1,1,9,1,1,1,1,8,1,1,1,0,0,0,0,0,1,1,1,1,1,1,1,1,1,1,1,84,1,1,1,1,1,1,1,1,26,1,1,1,1,1,1,1,0,0,0,1157,0,
Best: P1
45
St. James Place,Park Place,
1,1,20,1,13,1,1,1,1,1,2,1,1,1,20,1,1,40,1,1,1,1,1,1,1,1,1,1,0,0,0,0,0,1,19,1,15,1,1,1,1,1,1,1,1,1,1,1,1,1,1,1,8,1,1,1,1,8,1,1,1,0,0,0,0,0,1,1,1,1,1,1,1,1,1,1,1,68,1,1,1,1,1,1,1,1,58,1,1,1,1,1,1,1,0,0,0,867,0,
Best: P2
46
Park Place,Oriental Avenue,B & O Railroad,Ventnor Avenue,Illinois Avenue,New York Avenue,North Carolina Avenue,
1,1,25,1,9,1,1,2,1,1,3,1,1,1,13,1,1,45,1,1,1,1,1,1,1,1,1,1,0,0,0,0,0,2,25,1,45,1,1,1,1,1,1,1,1,1,1,1,1,1,1,1,7,1,1,1,1,9,1,1,1,0,0,0,0,0,1,1,1,1,1,1,1,1,1,1,1,48,1,1,1,1,1,1,1,1,62,1,1,1,1,1,1,1,0,0,0,761,0,
Best: P1
47
St. Charles Place,Water Works,Pennsylvania Avenue,Boardwalk,
1,1,32,1,13,1,1,1,1,1,1,1,1,1,10,1,1,54,1,1,1,1,1,1,1,1,1,1,0,0,0,0,0,1,25,1,41,1,1,1,1,2,1,1,1,1,1,1,1,1,1,1,5,1,1,1,1,9,1,1,1,0,0,0,0,0,1,1,1,1,1,1,1,1,1,1,2,32,1,1,1,1,1,1,1,1,32,1,1,1,1,1,1,1,0,0,0,691,0,
Best: P3
45
Indiana Avenue,Baltic Avenue,Illinois Avenue,
1,1,17,1,11,1,1,1,1,1,1,1,1,1,20,1,1,78,1,1,1,1,1,1,1,1,1,1,0,0,0,0,0,1,19,1,47,1,1,1,1,1,1,1,1,1,1,1,1,1,1,1,9,1,1,1,1,5,1,1,1,0,0,0,0,0,1,1,1,1,1,1,1,1,1,1,1,62,1,1,1,1,1,1,1,1,27,1,1,1,1,1,1,1,0,0,0,1509,0,
Best: P1
45
Park Place,Electric Company,Illinois Avenue,Ventnor Avenue,
1,1,16,1,13,1,1,1,1,1,1,1,1,1,16,1,1,94,1,1,1,1,1,1,1,1,1,1,0,0,0,0,0,1,28,1,28,1,1,1,1,1,1,1,1,1,1,1,1,1,1,1,5,1,1,1,1,6,1,1,1,0,0,0,0,0,1,1,1,1,1,1,1,1,1,1,1,68,1,1,1,1,1,1,1,1,15,1,1,1,1,1,1,1,0,0,0,935,0,
Best: P2
45
Park Place,Ventnor Avenue,Boardwalk,States Avenue,
1,1,16,1,6,1,1,1,1,1,1,1,1,1,11,1,1,92,1,1,1,1,1,1,1,1,1,1,0,0,0,0,0,1,21,1,38,1,1,1,1,1,1,1,1,1,1,1,1,1,1,1,4,1,1,1,1,4,1,1,1,0,0,0,0,0,1,1,1,1,1,1,1,1,2,1,1,62,1,1,1,1,1,1,1,1,32,1,1,1,1,1,1,1,0,0,0,466,0,
Best: P2
46
Kentucky Avenue,
1,1,16,1,6,1,1,1,1,1,1,1,1,1,11,1,1,92,1,1,1,1,1,1,1,1,1,1,0,0,0,0,0,1,21,1,38,1,1,1,1,1,1,1,1,1,1,1,1,1,1,1,4,1,1,1,1,4,1,1,1,0,0,0,0,0,1,1,1,1,1,1,1,1,2,1,1,62,1,1,1,1,1,1,1,1,32,1,1,1,1,1,1,1,0,0,0,466,0,
Best: P1
46
Tennessee Avenue,
1,1,13,1,6,1,1,1,1,1,1,1,1,1,7,1,1,94,1,1,1,1,1,1,1,1,1,1,0,0,0,0,0,1,40,1,43,1,1,1,1,1,1,1,1,1,1,1,1,1,1,1,2,1,1,1,1,3,1,1,1,0,0,0,0,0,1,1,1,1,1,1,1,1,1,1,1,31,1,1,1,1,1,1,1,1,32,1,1,1,1,1,1,1,0,0,0,548,0,
Best: P2
45
Park Place,North Carolina Avenue,Vermont Avenue,
1,1,20,1,8,1,1,1,1,1,1,1,1,1,10,1,1,100,1,1,1,1,1,1,1,1,1,1,0,0,0,0,0,1,36,1,53,1,1,1,1,1,1,1,1,1,1,1,1,1,1,1,4,1,1,1,1,4,1,1,1,0,0,0,0,0,1,1,1,1,1,1,1,1,1,1,1,38,1,1,1,1,2,1,1,1,28,1,1,1,1,1,1,1,0,0,0,583,0,
Best: P2
46
Tennessee Avenue,
1,1,20,1,8,1,1,1,1,1,1,1,1,1,10,1,1,100,1,1,1,1,1,1,1,1,1,1,0,0,0,0,0,1,36,1,53,1,1,1,1,1,1,1,1,1,1,1,1,1,1,1,4,1,1,1,1,4,1,1,1,0,0,0,0,0,1,1,1,1,1,1,1,1,1,1,1,38,1,1,1,1,2,1,1,1,28,1,1,1,1,1,1,1,0,0,0,583,0,
Best: P2
46
Mediterranean Avenue,Park Place,St. James Place,Pacific Avenue,Water Works,
1,1,20,1,8,1,1,1,1,1,1,1,1,1,10,1,1,100,1,1,1,1,1,1,1,1,1,1,0,0,0,0,0,1,36,1,53,1,1,1,1,1,1,1,1,1,1,1,1,1,1,1,4,1,1,1,1,4,1,1,1,0,0,0,0,0,1,1,1,1,1,1,1,1,1,1,1,38,1,1,1,1,2,1,1,1,28,1,1,1,1,1,1,1,0,0,0,583,0,
Best: P1
46
Park Place,Vermont Avenue,
1,1,12,1,12,1,1,1,1,1,1,1,1,1,4,1,1,91,1,1,1,1,1,1,1,1,1,1,0,0,0,0,0,1,32,1,50,1,1,1,1,1,1,1,1,1,1,1,1,1,1,1,6,1,1,1,1,2,1,1,1,0,0,0,0,0,1,1,1,1,1,1,1,1,1,1,1,46,1,1,1,1,1,1,1,1,18,1,1,1,1,1,1,1,0,0,0,558,0,
Best: P3
46
Pennsylvania Avenue,Kentucky Avenue,St. James Place,Park Place,Illinois Avenue,Boardwalk,Tennessee Avenue,
1,1,10,1,5,1,1,1,1,1,1,1,1,1,8,1,1,100,1,1,1,1,1,1,1,1,1,1,0,0,0,0,0,1,20,1,28,1,1,1,1,1,1,1,1,1,1,1,1,1,1,1,3,1,1,1,1,3,1,1,1,0,0,0,0,0,1,1,1,2,1,1,1,1,1,1,1,57,1,1,1,1,1,1,1,1,38,1,1,1,1,1,1,1,0,0,0,293,0,
Best: P1
48
Ventnor Avenue,St. Charles Place,Marvin Gardens,
1,1,12,1,11,1,1,1,1,1,1,1,1,1,8,1,1,82,1,1,1,1,1,1,1,1,1,1,0,0,0,0,0,1,34,1,55,1,1,1,1,1,1,1,1,1,1,1,1,1,1,2,2,1,1,1,1,2,1,1,1,0,0,0,0,0,1,1,1,1,1,1,1,1,1,1,1,75,1,1,1,1,1,1,1,1,16,1,1,1,1,1,1,1,0,0,0,301,0,
Best: P3
45
Kentucky Avenue,Tennessee Avenue,Park Place,
1,1,15,1,5,1,1,1,1,1,1,2,1,1,9,1,1,57,1,1,1,1,1,1,1,1,1,1,0,0,0,0,0,1,16,1,57,1,1,1,1,1,1,1,1,1,1,1,1,1,1,1,3,1,1,1,1,2,1,1,1,0,0,0,0,0,2,1,1,1,1,1,1,1,1,1,1,98,1,1,1,1,1,1,1,1,39,1,1,1,1,1,1,1,0,0,0,320,0,
Best: P1
46
Kentucky Avenue,Tennessee Avenue,Park Place,Illinois Avenue,
1,1,13,1,11,1,1,1,1,1,1,1,2,1,11,1,1,54,1,1,1,1,1,1,1,1,1,1,0,0,0,0,0,1,21,1,77,1,1,1,1,1,1,1,1,1,1,1,1,1,1,1,2,1,1,1,1,3,1,1,1,0,0,0,0,0,1,1,1,1,1,1,1,1,1,1,1,100,1,1,1,1,1,1,1,1,18,1,1,1,1,1,1,1,0,0,0,375,0,
Best: P2
48
Park Place,Pennsylvania Railroad,Marvin Gardens,B & O Railroad,New York Avenue,St. James Place,
1,1,18,1,10,1,1,1,1,1,1,1,1,1,5,1,1,59,1,1,1,1,1,1,1,1,1,1,0,0,0,0,0,1,13,1,39,1,1,1,1,1,1,1,1,2,1,1,1,1,1,1,3,1,1,1,1,2,1,1,1,0,0,0,0,0,1,1,1,1,1,1,1,1,1,1,1,71,1,1,1,1,1,1,1,1,26,1,1,1,1,1,1,1,0,0,0,222,0,
Best: P1
48

1,1,8,1,9,1,1,2,1,1,1,1,1,1,11,1,1,52,1,1,1,1,1,1,1,1,1,1,0,0,0,0,0,1,16,1,39,1,1,1,1,1,1,1,1,1,1,1,1,1,1,1,3,1,1,1,1,2,1,1,2,0,0,0,0,0,1,1,1,1,1,1,1,1,1,1,1,96,1,1,1,1,1,1,1,1,11,1,1,1,1,1,1,1,0,0,0,432,0,
Best: P5
44
New York Avenue,Atlantic Avenue,Park Place,
1,1,13,1,14,1,1,1,1,1,1,1,1,1,7,1,1,82,1,1,1,1,1,1,1,1,1,1,0,0,0,0,0,1,8,1,65,1,1,1,1,1,1,1,1,1,1,1,1,1,1,1,2,1,1,1,1,2,1,1,1,0,0,0,0,0,1,1,1,1,1,1,1,1,1,1,1,98,1,1,1,1,1,1,1,1,16,1,1,1,1,1,1,1,0,0,0,540,0,
Best: P1
48

1,1,10,1,10,1,1,1,1,1,1,1,1,1,8,1,1,70,1,1,1,1,1,1,1,1,1,1,0,0,0,0,0,1,12,1,41,1,1,1,1,1,1,1,1,1,1,1,1,1,1,1,2,1,1,1,1,2,1,1,1,0,0,0,0,0,1,1,1,1,1,1,1,1,1,1,1,68,1,1,1,1,1,1,1,1,18,1,1,1,1,1,1,1,0,0,0,486,0,
Best: P2
46
Vermont Avenue,Indiana Avenue,Illinois Avenue,Boardwalk,Mediterranean Avenue,
1,1,15,1,7,1,1,1,1,1,1,1,1,1,5,1,1,79,1,1,1,1,1,1,1,1,1,1,0,0,0,0,0,1,13,1,62,1,1,1,1,1,1,1,1,1,1,1,1,1,1,1,1,1,1,1,1,1,1,1,1,0,0,0,0,0,1,1,1,1,1,1,1,1,1,1,1,100,1,1,1,1,1,1,1,1,12,1,1,1,1,1,1,1,0,0,0,685,0,
Best: P3
47
Illinois Avenue,Water Works,St. Charles Place,Pennsylvania Avenue,
1,1,9,1,5,1,1,1,1,1,1,1,1,1,8,1,1,43,1,1,1,1,1,1,1,1,1,1,0,0,0,0,0,1,21,1,67,1,1,1,1,1,1,1,1,1,1,1,1,1,1,1,1,1,1,1,1,1,1,1,1,0,0,0,0,0,1,1,1,1,1,1,1,1,1,1,1,67,1,1,1,1,1,1,1,1,16,1,1,1,1,1,1,2,0,0,0,387,0,
Best: P3
45
Park Place,Pennsylvania Railroad,Atlantic Avenue,
1,1,9,1,5,1,1,1,1,1,1,1,1,1,8,1,1,43,1,1,1,1,1,1,1,1,1,1,0,0,0,0,0,1,21,1,67,1,1,1,1,1,1,1,1,1,1,1,1,1,1,1,1,1,1,1,1,1,1,1,1,0,0,0,0,0,1,1,1,1,1,1,1,1,1,1,1,67,1,1,1,1,1,1,1,1,16,1,1,1,1,1,1,2,0,0,0,387,0,
Best: P2
45
Tennessee Avenue,
1,1,15,1,4,1,1,1,1,1,1,1,1,1,6,1,1,61,1,1,1,1,1,1,1,1,1,1,0,0,0,0,0,1,13,1,29,1,1,1,1,1,1,1,1,1,1,1,1,1,1,1,1,1,1,1,1,1,1,1,1,0,0,0,0,0,1,1,1,1,1,1,1,1,1,1,2,37,1,1,1,1,1,1,1,1,20,1,1,1,2,1,1,1,0,0,0,439,0,
Best: P2
47
Water Works,
1,1,15,1,4,1,1,1,1,1,1,1,1,1,6,1,1,61,1,1,1,1,1,1,1,1,1,1,0,0,0,0,0,1,13,1,29,1,1,1,1,1,1,1,1,1,1,1,1,1,1,1,1,1,1,1,1,1,1,1,1,0,0,0,0,0,1,1,1,1,1,1,1,1,1,1,2,37,1,1,1,1,1,1,1,1,20,1,1,1,2,1,1,1,0,0,0,439,0,
Best: P1
48
Ventnor Avenue,Reading Railroad,
1,1,16,1,2,1,1,1,1,1,1,1,1,1,4,1,1,52,1,1,1,1,1,1,1,2,1,1,0,0,0,0,0,1,6,1,34,1,1,1,1,1,1,1,1,1,1,1,1,1,1,1,1,1,1,1,1,1,1,1,1,0,0,0,0,0,1,1,1,1,1,1,1,1,1,1,1,40,1,1,1,1,1,1,1,1,21,1,1,1,1,1,1,1,0,0,0,370,0,
Best: P2
47
Connecticut Avenue,Tennessee Avenue,Mediterranean Avenue,
1,1,15,1,2,1,1,1,1,1,1,1,1,2,4,1,1,34,1,1,1,1,1,1,1,1,1,1,0,0,0,0,0,1,5,1,39,1,1,1,1,1,1,1,1,1,1,1,1,1,1,1,1,1,1,1,1,1,1,1,1,0,0,0,0,0,1,1,1,1,1,1,1,1,1,1,1,52,1,1,1,1,1,1,1,1,30,1,1,1,1,1,1,1,0,0,0,428,0,
Best: P1
48
Illinois Avenue,North Carolina Avenue,Park Place,St. James Place,
1,1,18,1,2,1,1,1,1,1,1,1,1,1,2,1,1,37,1,1,1,1,1,1,1,1,1,1,0,0,0,0,0,1,6,1,37,1,1,1,1,1,2,1,1,1,1,1,1,1,1,1,1,1,1,1,1,1,1,1,1,0,0,0,0,0,1,1,1,1,1,1,1,1,1,1,1,49,1,1,1,1,1,1,1,1,16,1,1,1,1,1,1,1,0,0,0,486,0,
Best: P1
46
Park Place,Kentucky Avenue,Mediterranean Avenue,Pennsylvania Railroad,
1,1,18,1,2,1,1,1,1,1,1,1,1,1,2,1,1,37,1,1,1,1,1,1,1,1,1,1,0,0,0,0,0,1,6,1,37,1,1,1,1,1,2,1,1,1,1,1,1,1,1,1,1,1,1,1,1,1,1,1,1,0,0,0,0,0,1,1,1,1,1,1,1,1,1,1,1,49,1,1,1,1,1,1,1,1,16,1,1,1,1,1,1,1,0,0,0,486,0,
Best: P2
45
Electric Company,Atlantic Avenue,Oriental Avenue,Park Place,
1,1,15,1,3,1,1,1,1,1,1,1,1,1,3,1,1,38,1,1,1,1,1,1,1,1,1,1,0,0,0,0,0,1,5,1,17,1,1,1,1,1,1,1,1,1,1,1,1,1,1,1,1,2,1,1,1,1,1,1,1,0,0,0,0,0,1,1,1,1,1,1,1,1,1,1,1,28,1,1,1,1,1,1,1,1,15,1,1,1,1,1,1,1,0,0,0,301,0,
Best: P1
47
Park Place,St. James Place,Vermont Avenue,Kentucky Avenue,Tennessee Avenue,
1,1,21,1,3,1,1,1,1,1,1,1,1,1,1,1,1,56,1,1,1,1,1,1,1,1,1,1,0,0,0,0,0,1,7,1,15,1,1,1,1,1,1,1,1,1,1,1,1,1,1,1,1,1,1,1,1,1,1,1,1,0,0,0,0,0,1,1,1,1,1,1,1,1,1,1,1,27,1,1,1,1,1,1,1,1,21,1,1,1,1,1,1,1,0,0,0,220,0,
Best: P1
47
Park Place,Pacific Avenue,
1,1,21,1,3,1,1,1,1,1,1,1,1,1,1,1,1,56,1,1,1,1,1,1,1,1,1,1,0,0,0,0,0,1,7,1,15,1,1,1,1,1,1,1,1,1,1,1,1,1,1,1,1,1,1,1,1,1,1,1,1,0,0,0,0,0,1,1,1,1,1,1,1,1,1,1,1,27,1,1,1,1,1,1,1,1,21,1,1,1,1,1,1,1,0,0,0,220,0,
Best: P3
46
Kentucky Avenue,Pennsylvania Railroad,North Carolina Avenue,Ventnor Avenue,Pacific Avenue,
1,1,26,1,4,1,1,1,1,1,1,1,1,1,1,1,1,52,1,1,1,1,1,1,1,1,1,1,0,0,0,0,0,1,5,1,21,1,1,1,1,1,1,1,1,1,1,1,1,1,1,1,1,1,1,1,1,1,1,1,1,0,0,0,0,0,1,1,1,1,1,1,1,1,1,1,1,21,1,1,1,1,1,1,1,1,16,1,1,1,1,1,1,1,0,0,0,408,0,
Best: P2
46
Virginia Avenue,Kentucky Avenue,St. James Place,Water Works,States Avenue,Atlantic Avenue,B & O Railroad,Oriental Avenue,
1,1,19,1,2,1,1,1,1,1,1,1,1,1,1,1,1,57,1,1,1,1,2,1,1,1,1,1,0,0,0,0,0,1,4,1,19,1,1,1,1,1,1,1,1,1,1,1,1,1,1,1,1,1,1,1,1,1,1,1,1,0,0,0,0,0,1,1,1,1,1,1,1,1,1,1,1,22,1,1,1,1,1,1,1,1,9,1,1,1,1,1,1,1,0,0,0,401,0,
Best: P5
45
Mediterranean Avenue,Connecticut Avenue,Pennsylvania Avenue,Reading Railroad,
1,1,28,1,3,1,1,1,1,1,1,1,1,1,1,1,1,26,1,1,1,1,1,1,1,1,1,1,0,0,0,0,0,1,6,1,19,1,1,1,1,1,1,1,1,1,1,1,1,1,1,1,1,1,1,1,1,1,1,1,1,0,0,0,0,0,1,1,1,1,2,1,1,1,1,1,1,17,1,1,1,1,1,1,1,1,6,1,1,1,1,1,1,1,0,0,0,473,0,
Best: P2
46
Mediterranean Avenue,Marvin Gardens,Reading Railroad,New York Avenue,
1,1,23,1,2,1,1,1,1,1,1,1,1,1,1,1,1,54,1,1,1,1,1,1,1,1,1,1,0,0,0,0,0,1,3,1,23,1,1,1,1,1,1,1,1,1,1,1,1,1,1,1,1,1,1,1,1,1,1,1,1,0,0,0,0,0,1,1,1,1,1,1,1,1,1,1,1,17,1,1,1,1,1,1,2,1,9,1,1,1,1,1,1,1,0,0,0,266,0,
Best: P1
46
Kentucky Avenue,Boardwalk,
1,1,23,1,2,1,1,1,1,1,1,1,1,1,1,1,1,22,1,1,1,1,1,1,1,1,1,1,0,0,0,0,0,1,3,1,14,1,1,1,1,1,1,1,1,1,1,1,1,1,1,1,1,1,1,1,1,1,1,1,1,0,0,0,0,0,1,1,1,1,1,1,1,1,1,1,1,8,1,1,1,1,1,1,2,1,15,1,1,1,1,1,1,1,0,0,0,315,0,
Best: P3
43
Park Place,Short Line Railroad,States Avenue,
1,1,38,1,1,1,1,1,1,1,1,1,1,1,1,1,1,22,1,1,1,1,1,1,1,1,1,1,0,0,0,0,0,1,3,1,23,1,1,1,1,1,1,1,1,1,1,1,1,1,1,1,1,1,1,1,1,2,1,1,1,0,0,0,0,0,1,1,1,1,1,1,1,1,1,1,1,18,1,1,1,1,1,1,1,1,15,2,1,1,1,1,1,1,0,0,0,333,0,
Best: P1
46
North Carolina Avenue,St. James Place,
1,1,17,1,1,1,1,1,1,1,1,1,1,1,1,1,1,26,1,1,1,1,1,1,1,1,1,1,0,0,0,0,0,1,3,1,14,1,1,1,1,1,1,1,1,1,1,1,1,1,1,1,1,1,1,1,1,1,1,1,1,0,0,0,0,0,1,1,1,1,1,1,1,1,1,1,1,17,1,1,1,1,1,1,1,1,16,1,1,1,1,1,1,1,0,0,0,291,0,
Best: P1
47
Indiana Avenue,Kentucky Avenue,Oriental Avenue,
1,1,17,1,1,1,1,1,1,1,1,1,1,1,1,1,1,26,1,1,1,1,1,1,1,1,1,1,0,0,0,0,0,1,3,1,14,1,1,1,1,1,1,1,1,1,1,1,1,1,1,1,1,1,1,1,1,1,1,1,1,0,0,0,0,0,1,1,1,1,1,1,1,1,1,1,1,17,1,1,1,1,1,1,1,1,16,1,1,1,1,1,1,1,0,0,0,291,0,
Best: P2
46
Kentucky Avenue,
1,1,19,1,1,1,1,1,1,1,1,1,1,1,1,1,1,24,1,2,1,1,1,1,1,1,1,1,0,0,0,0,0,1,2,1,21,1,1,1,1,1,1,1,1,1,1,1,1,1,1,1,1,1,1,1,1,1,1,1,1,0,0,0,0,0,1,1,1,1,1,1,1,1,1,1,1,11,1,1,1,1,1,1,1,1,10,1,1,1,1,1,1,1,0,0,0,266,0,
Best: P1
48
Park Place,B & O Railroad,
1,1,10,1,1,2,1,1,1,1,1,1,1,1,1,1,1,17,1,1,1,1,1,1,1,1,1,1,0,0,0,0,0,1,3,1,14,1,1,1,1,1,1,1,1,1,1,1,1,1,1,1,1,1,1,1,1,1,1,1,1,0,0,0,0,0,1,1,1,1,1,1,1,1,1,1,1,11,1,1,1,1,1,1,1,1,14,1,1,1,1,1,1,1,0,0,0,308,0,
Best: P3
46
Pennsylvania Railroad,North Carolina Avenue,Pacific Avenue,Electric Company,
1,1,28,1,1,1,1,1,1,1,1,1,1,1,1,1,1,32,1,1,1,1,1,1,1,1,1,1,0,0,0,0,0,1,2,1,9,1,1,1,1,1,1,1,1,1,1,1,1,1,1,1,1,1,1,1,1,1,1,1,1,0,0,0,0,0,1,1,1,1,1,1,1,1,1,1,1,8,2,1,1,1,1,1,1,1,17,1,1,1,1,1,1,1,0,0,0,478,0,
Best: P2
47
Indiana Avenue,Pennsylvania Railroad,
1,1,23,1,1,1,1,1,1,1,1,1,1,1,1,1,1,17,1,1,1,1,1,1,1,1,1,1,0,0,0,0,0,1,2,1,18,1,1,1,1,1,1,1,1,1,1,1,1,1,1,1,1,1,1,1,1,1,1,1,1,0,0,0,0,0,1,1,1,1,1,2,1,1,1,1,1,11,1,1,1,1,1,1,1,1,6,1,1,1,1,1,1,1,0,0,0,295,0,
Best: P1
46
B & O Railroad,Vermont Avenue,Kentucky Avenue,Marvin Gardens,St. James Place,Atlantic Avenue,
1,1,21,1,1,1,1,1,1,1,1,1,1,1,1,1,1,17,1,1,1,1,1,1,1,1,1,1,0,0,0,0,0,1,1,1,22,1,1,1,1,1,1,1,1,1,1,1,1,1,1,1,1,1,1,1,1,1,1,1,1,0,0,0,0,0,1,1,1,1,1,1,1,1,1,1,1,14,1,1,1,1,1,1,1,1,6,1,1,1,1,1,1,1,0,0,0,387,0,
Best: P1
48
B & O Railroad,Kentucky Avenue,
1,1,21,1,1,1,1,1,1,1,1,1,1,1,1,1,1,17,1,1,1,1,1,1,1,1,1,1,0,0,0,0,0,1,1,1,22,1,1,1,1,1,1,1,1,1,1,1,1,1,1,1,1,1,1,1,1,1,1,1,1,0,0,0,0,0,1,1,1,1,1,1,1,1,1,1,1,14,1,1,1,1,1,1,1,1,6,1,1,1,1,1,1,1,0,0,0,387,0,
Best: P2
47

1,1,12,1,1,1,1,1,1,1,1,1,1,1,1,1,1,14,1,1,1,1,1,1,1,1,1,1,0,0,0,0,0,1,1,1,32,1,1,1,1,1,1,1,1,1,1,1,1,1,1,1,1,1,1,1,1,1,1,1,1,0,0,0,0,0,1,1,1,1,1,1,1,1,1,1,1,16,1,1,1,1,1,1,1,1,5,1,1,1,1,1,2,1,0,0,0,455,0,
Best: P1
46
Park Place,
1,1,11,1,1,1,1,1,1,1,1,1,1,1,1,1,1,8,1,1,1,2,1,1,1,1,1,1,0,0,0,0,0,1,1,1,38,1,1,1,1,1,1,1,1,1,1,1,1,1,1,1,1,1,1,1,1,1,1,1,1,0,0,0,0,0,1,1,1,1,1,1,1,1,1,1,1,8,1,1,1,1,1,1,1,1,7,1,1,1,1,1,1,1,0,0,0,345,0,
Best: P2
45
Marvin Gardens,New York Avenue,Ventnor Avenue,
1,1,8,1,1,1,1,1,1,1,1,1,1,1,1,1,1,8,1,1,1,1,1,1,1,1,1,1,0,0,0,0,0,1,1,1,30,1,1,1,1,1,1,1,1,1,1,1,1,1,1,1,1,1,1,1,1,1,1,1,1,0,0,0,0,0,1,1,1,1,1,1,1,1,1,1,1,9,1,1,1,1,1,1,1,1,9,1,1,1,1,1,1,1,0,0,0,448,0,
Best: P3
47
Connecticut Avenue,Electric Company,North Carolina Avenue,Pennsylvania Railroad,
1,1,6,1,1,1,1,1,1,1,1,1,1,1,1,1,1,7,1,1,1,1,1,1,1,1,1,1,0,0,0,0,0,1,1,1,32,1,1,1,1,1,1,1,1,1,1,1,1,1,1,1,1,1,1,1,1,1,1,1,1,0,0,0,0,0,1,1,1,1,1,1,1,1,1,1,1,10,1,1,1,1,1,1,1,1,5,1,1,1,1,1,1,1,0,0,0,334,0,
Best: P2
46
States Avenue,Oriental Avenue,Kentucky Avenue,
1,1,6,1,1,1,1,1,1,1,1,1,1,1,1,1,1,8,1,1,1,1,1,1,1,1,1,1,0,0,0,0,0,2,1,1,35,1,1,1,1,1,1,1,1,1,1,1,1,1,1,1,1,1,1,1,1,1,1,1,1,0,0,0,0,0,1,2,1,1,1,1,1,1,1,1,1,12,1,1,1,1,1,1,1,1,7,1,1,1,1,1,1,1,0,0,0,547,0,
Best: P1
45
Kentucky Avenue,
1,1,6,1,1,1,1,1,1,1,1,1,1,1,1,1,1,8,1,1,1,1,1,1,1,1,1,1,0,0,0,0,0,1,1,1,23,1,1,1,1,1,1,1,1,1,1,1,1,1,1,1,1,1,1,1,1,1,1,1,1,0,0,0,0,0,1,1,1,1,1,1,1,1,1,1,1,8,1,1,1,1,2,1,1,1,7,1,1,1,1,1,1,1,0,0,0,467,0,
Best: P1
48
St. James Place,Connecticut Avenue,Kentucky Avenue,Oriental Avenue,
1,1,6,1,1,1,1,1,1,1,1,1,1,1,1,1,1,8,1,1,1,1,1,1,1,1,1,1,0,0,0,0,0,1,1,1,23,1,1,1,1,1,1,1,1,1,1,1,1,1,1,1,1,1,1,1,1,1,1,1,1,0,0,0,0,0,1,1,1,1,1,1,1,1,1,1,1,8,1,1,1,1,2,1,1,1,7,1,1,1,1,1,1,1,0,0,0,467,0,
Best: P3
47
North Carolina Avenue,Park Place,Kentucky Avenue,Baltic Avenue,
1,1,3,1,1,1,1,1,1,1,1,1,1,1,1,1,1,6,1,1,1,1,1,1,1,1,1,1,0,0,0,0,0,1,2,1,22,1,1,1,1,1,1,1,1,1,1,1,1,1,1,1,1,1,1,1,1,1,1,1,1,0,0,0,0,0,1,1,1,1,1,1,1,1,1,1,1,7,1,1,1,1,1,1,1,1,7,1,1,1,1,1,1,1,0,0,0,551,0,
Best: P1
48
Ventnor Avenue,Indiana Avenue,
1,1,2,1,1,1,1,1,1,1,1,1,1,1,1,1,1,8,1,1,1,1,1,1,1,1,1,1,0,0,0,0,0,1,1,1,31,1,1,1,1,1,1,1,2,1,1,1,1,1,1,1,1,1,1,1,1,1,1,1,1,0,0,0,0,0,1,1,1,1,1,1,1,1,1,1,1,4,1,1,1,1,1,1,1,1,9,1,1,1,1,1,1,1,0,0,0,641,0,
Best: P1
47
Oriental Avenue,Pacific Avenue,St. James Place,Indiana Avenue,
1,1,2,1,1,1,1,1,1,1,1,1,1,1,1,1,1,8,1,1,1,1,1,1,1,1,1,1,0,0,0,0,0,1,1,1,31,1,1,1,1,1,1,1,2,1,1,1,1,1,1,1,1,1,1,1,1,1,1,1,1,0,0,0,0,0,1,1,1,1,1,1,1,1,1,1,1,4,1,1,1,1,1,1,1,1,9,1,1,1,1,1,1,1,0,0,0,641,0,
Best: P2
46
Mediterranean Avenue,
1,1,1,1,1,1,1,1,1,1,1,1,1,1,1,1,1,6,1,2,1,1,1,1,1,1,1,1,0,0,0,0,0,1,1,1,33,1,1,1,1,1,1,1,1,1,1,1,1,1,1,1,1,1,1,1,1,1,1,1,1,0,0,0,0,0,1,1,1,1,1,1,1,1,2,1,1,5,1,1,1,1,1,1,1,1,12,1,1,1,1,1,1,1,0,0,0,334,0,
Best: P1
48
Oriental Avenue,
1,1,1,1,1,1,1,1,1,1,1,1,1,1,1,1,1,4,1,1,1,1,1,1,1,1,1,1,0,0,0,0,0,1,1,1,27,1,1,1,1,1,1,1,1,1,1,1,1,1,1,1,1,1,1,1,1,1,1,1,1,0,0,0,0,0,1,1,2,1,1,1,1,1,1,1,1,4,1,1,1,1,1,1,1,1,11,1,1,1,1,1,1,1,0,0,0,482,0,
Best: P3
45
Park Place,Illinois Avenue,Marvin Gardens,Atlantic Avenue,Virginia Avenue,
1,1,1,1,1,1,1,1,1,1,1,1,1,1,1,1,1,7,1,1,1,1,1,1,1,1,1,1,0,0,0,0,0,1,1,1,49,1,1,1,1,1,1,1,1,1,1,1,1,1,1,1,1,1,1,1,1,1,1,1,1,0,0,0,0,0,1,1,1,1,1,1,1,1,1,1,1,5,1,2,1,1,1,1,1,1,14,1,1,1,1,1,1,1,0,0,0,703,0,
Best: P1
46
St. James Place,States Avenue,New York Avenue,
1,1,1,1,1,1,1,1,1,1,1,1,1,1,1,1,1,4,1,1,1,1,1,1,1,1,1,1,0,0,0,0,0,1,1,1,37,1,1,1,1,1,1,1,1,1,1,1,1,1,1,1,1,1,1,1,1,1,1,1,1,0,0,0,0,0,1,1,1,1,1,1,1,1,1,1,1,5,1,1,1,1,1,1,1,1,11,1,1,1,1,1,1,1,0,0,0,781,0,
Best: P1
46
North Carolina Avenue,
1,1,1,1,1,1,1,1,1,1,1,1,1,1,1,1,1,4,1,1,1,1,1,1,1,1,1,1,0,0,0,0,0,1,1,1,37,1,1,1,1,1,1,1,1,1,1,1,1,1,1,1,1,1,1,1,1,1,1,1,1,0,0,0,0,0,1,1,1,1,1,1,1,1,1,1,1,5,1,1,1,1,1,1,1,1,11,1,1,1,1,1,1,1,0,0,0,781,0,
Best: P2
46
Park Place,Indiana Avenue,Pacific Avenue,Virginia Avenue,States Avenue,Water Works,
1,1,1,1,1,1,1,1,1,1,1,1,1,1,1,1,1,4,1,1,1,1,1,1,1,1,1,1,0,0,0,0,0,1,1,1,41,1,1,1,1,1,1,1,1,1,1,1,1,1,1,1,1,1,1,1,1,1,1,1,1,0,0,0,0,0,1,1,1,1,1,1,1,1,1,1,1,6,1,1,1,1,1,1,1,1,13,1,1,1,1,1,1,1,0,0,0,969,0,
Best: P3
44
Water Works,Vermont Avenue,
1,1,1,1,1,1,1,1,1,2,1,1,1,1,1,1,1,4,1,1,1,1,1,1,1,1,1,1,0,0,0,0,0,1,1,1,53,1,1,1,1,1,1,1,1,1,1,1,1,1,1,1,1,1,1,1,1,1,1,1,1,0,0,0,0,0,1,1,1,1,1,1,1,1,1,1,1,3,1,1,1,1,1,1,1,1,12,1,1,2,1,1,1,1,0,0,0,774,0,
Best: P2
47
Atlantic Avenue,Kentucky Avenue,Park Place,
1,1,1,1,1,1,1,1,1,1,1,1,1,1,1,1,1,5,1,1,1,1,1,1,1,1,1,1,0,0,0,0,0,1,1,1,49,1,1,1,1,1,1,1,1,1,1,1,1,1,1,1,1,1,1,1,1,1,1,1,1,0,0,0,0,0,1,1,1,1,1,1,1,1,1,1,1,4,1,1,1,1,1,1,1,1,13,1,1,1,1,1,1,1,0,0,0,1114,0,
Best: P2
47
Park Place,Connecticut Avenue,
1,1,1,1,1,1,1,1,1,1,1,1,1,1,1,1,1,5,1,1,1,1,1,1,1,1,1,1,0,0,0,0,0,1,1,1,49,1,1,1,1,1,1,1,1,1,1,1,1,1,1,1,1,1,1,1,1,1,1,1,1,0,0,0,0,0,1,1,1,1,1,1,1,1,1,1,1,4,1,1,1,1,1,1,1,1,13,1,1,1,1,1,1,1,0,0,0,1114,0,
Best: P1
46
Virginia Avenue,Tennessee Avenue,
2,1,1,1,1,1,1,1,1,1,1,1,1,1,1,1,1,4,1,1,1,1,1,1,1,1,1,1,0,0,0,0,0,1,1,1,27,1,1,1,1,1,1,1,1,1,1,1,1,1,1,1,1,1,1,1,1,1,1,1,1,0,0,0,0,0,1,1,1,1,1,1,1,1,1,1,1,3,1,1,1,1,1,1,1,1,16,1,1,1,1,1,1,1,0,0,0,1327,0,
Best: P1
46
Oriental Avenue,Pennsylvania Railroad,
2,1,1,1,1,1,1,1,1,1,1,1,1,1,1,1,1,4,1,1,1,1,1,1,1,1,1,1,0,0,0,0,0,1,1,1,27,1,1,1,1,1,1,1,1,1,1,1,1,1,1,1,1,1,1,1,1,1,1,1,1,0,0,0,0,0,1,1,1,1,1,1,1,1,1,1,1,3,1,1,1,1,1,1,1,1,16,1,1,1,1,1,1,1,0,0,0,1327,0,
Best: P1
47
St. Charles Place,Indiana Avenue,Pennsylvania Railroad,
2,1,1,1,1,1,1,1,1,1,1,1,1,1,1,1,1,4,1,1,1,1,1,1,1,1,1,1,0,0,0,0,0,1,1,1,27,1,1,1,1,1,1,1,1,1,1,1,1,1,1,1,1,1,1,1,1,1,1,1,1,0,0,0,0,0,1,1,1,1,1,1,1,1,1,1,1,3,1,1,1,1,1,1,1,1,16,1,1,1,1,1,1,1,0,0,0,1327,0,
Best: P1
46
B & O Railroad,New York Avenue,Reading Railroad,Park Place,St. James Place,
2,1,1,1,1,1,1,1,1,1,1,1,1,1,1,1,1,4,1,1,1,1,1,1,1,1,1,1,0,0,0,0,0,1,1,1,27,1,1,1,1,1,1,1,1,1,1,1,1,1,1,1,1,1,1,1,1,1,1,1,1,0,0,0,0,0,1,1,1,1,1,1,1,1,1,1,1,3,1,1,1,1,1,1,1,1,16,1,1,1,1,1,1,1,0,0,0,1327,0,
Best: P1
46
Park Place,
2,1,1,1,1,1,1,1,1,1,1,1,1,1,1,1,1,4,1,1,1,1,1,1,1,1,1,1,0,0,0,0,0,1,1,1,27,1,1,1,1,1,1,1,1,1,1,1,1,1,1,1,1,1,1,1,1,1,1,1,1,0,0,0,0,0,1,1,1,1,1,1,1,1,1,1,1,3,1,1,1,1,1,1,1,1,16,1,1,1,1,1,1,1,0,0,0,1327,0,
Best: P1
47
Tennessee Avenue,Kentucky Avenue,Baltic Avenue,
2,1,1,1,1,1,1,1,1,1,1,1,1,1,1,1,1,4,1,1,1,1,1,1,1,1,1,1,0,0,0,0,0,1,1,1,27,1,1,1,1,1,1,1,1,1,1,1,1,1,1,1,1,1,1,1,1,1,1,1,1,0,0,0,0,0,1,1,1,1,1,1,1,1,1,1,1,3,1,1,1,1,1,1,1,1,16,1,1,1,1,1,1,1,0,0,0,1327,0,
Best: P1
48
Vermont Avenue,New York Avenue,
2,1,1,1,1,1,1,1,1,1,1,1,1,1,1,1,1,4,1,1,1,1,1,1,1,1,1,1,0,0,0,0,0,1,1,1,27,1,1,1,1,1,1,1,1,1,1,1,1,1,1,1,1,1,1,1,1,1,1,1,1,0,0,0,0,0,1,1,1,1,1,1,1,1,1,1,1,3,1,1,1,1,1,1,1,1,16,1,1,1,1,1,1,1,0,0,0,1327,0,
Best: P1
48
Water Works,Reading Railroad,
2,1,1,1,1,1,1,1,1,1,1,1,1,1,1,1,1,4,1,1,1,1,1,1,1,1,1,1,0,0,0,0,0,1,1,1,27,1,1,1,1,1,1,1,1,1,1,1,1,1,1,1,1,1,1,1,1,1,1,1,1,0,0,0,0,0,1,1,1,1,1,1,1,1,1,1,1,3,1,1,1,1,1,1,1,1,16,1,1,1,1,1,1,1,0,0,0,1327,0,
Best: P1
47
Indiana Avenue,Short Line Railroad,
2,1,1,1,1,1,1,1,1,1,1,1,1,1,1,1,1,4,1,1,1,1,1,1,1,1,1,1,0,0,0,0,0,1,1,1,27,1,1,1,1,1,1,1,1,1,1,1,1,1,1,1,1,1,1,1,1,1,1,1,1,0,0,0,0,0,1,1,1,1,1,1,1,1,1,1,1,3,1,1,1,1,1,1,1,1,16,1,1,1,1,1,1,1,0,0,0,1327,0,
Best: P3
46
Pennsylvania Avenue,New York Avenue,
1,1,1,1,1,1,1,1,1,1,1,1,1,1,1,1,1,5,1,1,1,1,1,1,1,1,1,1,0,0,0,0,0,1,1,1,17,1,1,1,1,1,1,1,1,1,1,1,1,1,1,1,1,1,1,1,1,1,1,1,1,0,0,0,0,0,1,1,1,1,1,1,1,1,1,1,1,3,2,1,1,1,1,1,1,1,18,1,1,1,1,1,1,1,0,0,0,1057,0,
Best: P2
46
Park Place,Water Works,
1,1,1,1,1,1,1,1,1,1,1,1,1,1,1,1,1,3,1,1,2,1,1,1,1,1,1,1,0,0,0,0,0,1,1,1,16,1,1,1,1,1,1,1,1,1,1,1,1,1,1,1,1,1,1,1,1,1,1,1,1,0,0,0,0,0,1,1,1,1,1,1,1,1,1,1,1,3,1,1,1,1,1,1,1,1,13,1,1,1,1,1,1,1,0,0,0,1330,0,
Best: P1
45
Baltic Avenue,Mediterranean Avenue,
1,2,1,1,1,1,1,1,1,1,1,1,1,1,1,1,1,2,1,1,1,1,1,1,1,1,1,1,0,0,0,0,0,1,1,1,22,1,1,1,1,1,1,1,1,1,1,1,1,2,1,1,1,1,1,1,1,1,1,1,1,0,0,0,0,0,1,1,1,1,1,1,1,1,1,1,1,3,1,1,1,1,1,1,1,1,18,1,1,1,1,1,1,1,0,0,0,1818,0,
Best: P1
48
Water Works,B & O Railroad,Ventnor Avenue,
1,2,1,1,1,1,1,1,1,1,1,1,1,1,1,1,1,2,1,1,1,1,1,1,1,1,1,1,0,0,0,0,0,1,1,1,22,1,1,1,1,1,1,1,1,1,1,1,1,2,1,1,1,1,1,1,1,1,1,1,1,0,0,0,0,0,1,1,1,1,1,1,1,1,1,1,1,3,1,1,1,1,1,1,1,1,18,1,1,1,1,1,1,1,0,0,0,1818,0,
Best: P2
45

1,1,1,1,1,1,1,1,1,1,1,1,1,1,1,1,1,1,1,1,1,1,1,1,1,1,1,1,0,0,0,0,0,1,1,1,24,1,1,1,1,1,1,1,1,1,1,1,1,1,1,1,1,1,1,1,1,1,1,1,1,0,0,0,0,0,1,1,1,1,1,1,1,1,1,1,1,2,1,1,1,1,1,1,1,1,7,1,1,1,1,1,1,1,0,0,0,1202,0,
Best: P1
48

1,1,1,1,1,1,1,1,1,1,1,1,1,1,1,1,1,1,1,2,1,1,1,1,1,1,1,1,0,0,0,0,0,1,1,1,13,1,1,1,1,1,1,1,1,1,1,1,1,1,1,1,1,1,1,1,1,1,1,1,1,0,0,0,0,0,1,1,1,1,1,1,1,1,1,1,1,2,1,1,1,1,1,1,1,1,16,1,1,1,1,1,1,1,0,0,0,2159,0,
Best: P2
45
Marvin Gardens,Short Line Railroad,Tennessee Avenue,Mediterranean Avenue,Park Place,Pennsylvania Railroad,
1,1,1,1,1,1,1,1,1,1,1,1,1,1,1,1,1,1,1,1,1,1,1,1,1,1,1,1,0,0,0,0,0,1,1,1,27,1,1,2,1,1,1,1,1,1,1,1,1,1,1,1,1,1,1,1,1,1,1,1,1,0,0,0,0,0,1,1,1,1,1,1,1,1,1,1,1,3,2,1,1,1,1,1,1,1,16,1,1,1,1,1,1,1,0,0,0,1260,0,
Best: P2
45
B & O Railroad,
1,1,1,1,1,1,1,1,1,1,1,1,1,1,1,1,1,1,1,1,1,1,1,1,1,1,1,1,0,0,0,0,0,1,1,1,27,1,1,2,1,1,1,1,1,1,1,1,1,1,1,1,1,1,1,1,1,1,1,1,1,0,0,0,0,0,1,1,1,1,1,1,1,1,1,1,1,3,2,1,1,1,1,1,1,1,16,1,1,1,1,1,1,1,0,0,0,1260,0,
Best: P2
47
Park Place,
1,1,1,1,1,1,1,1,1,1,1,1,1,1,1,1,1,1,1,1,1,1,1,1,1,1,1,1,0,0,0,0,0,1,1,1,27,1,1,2,1,1,1,1,1,1,1,1,1,1,1,1,1,1,1,1,1,1,1,1,1,0,0,0,0,0,1,1,1,1,1,1,1,1,1,1,1,3,2,1,1,1,1,1,1,1,16,1,1,1,1,1,1,1,0,0,0,1260,0,
Best: P3
45
Short Line Railroad,Virginia Avenue,Indiana Avenue,
1,1,1,1,1,1,1,1,1,1,1,1,1,1,1,1,1,1,1,1,1,1,1,1,1,1,1,1,0,0,0,0,0,1,1,1,20,1,1,1,1,1,1,1,1,1,1,1,1,1,1,1,1,1,1,1,1,1,1,1,1,0,0,0,0,0,1,1,1,1,1,1,1,1,1,1,1,2,1,1,1,1,1,1,1,1,18,1,1,1,1,1,1,1,0,0,0,640,0,
Best: P2
47
New York Avenue,Marvin Gardens,Mediterranean Avenue,Short Line Railroad,Atlantic Avenue,
1,1,1,1,1,1,1,1,1,1,1,1,1,1,1,1,1,1,1,1,1,1,1,1,1,1,1,1,0,0,0,0,0,1,1,1,20,1,1,1,1,1,1,1,1,1,1,1,1,1,1,1,1,1,1,1,1,1,1,1,2,0,0,0,0,0,1,1,1,1,1,1,1,1,1,1,1,2,1,1,1,1,1,1,1,1,20,1,1,1,2,1,1,1,0,0,0,1111,0,
Best: P3
46
North Carolina Avenue,Pennsylvania Avenue,Park Place,Oriental Avenue,Tennessee Avenue,Pacific Avenue,
1,1,1,1,1,1,1,1,1,1,1,1,1,1,1,1,1,1,1,1,1,1,1,1,1,1,1,1,0,0,0,0,0,1,1,1,13,1,1,1,1,1,1,1,1,1,1,1,1,1,1,1,1,1,1,1,1,1,1,1,1,0,0,0,0,0,1,1,1,1,1,1,1,1,1,1,1,3,1,1,1,1,1,1,1,1,20,1,1,1,1,1,1,1,0,0,0,1006,0,
Best: P2
45

1,1,1,1,1,1,1,1,1,1,1,1,1,1,1,1,1,1,1,1,1,1,1,1,1,1,1,1,0,0,0,0,0,1,1,1,14,1,1,1,1,1,1,1,1,1,1,1,1,1,1,1,1,1,1,1,1,1,1,1,1,0,0,0,0,0,1,1,1,1,1,1,1,2,1,1,1,1,1,1,1,1,1,1,1,1,28,1,1,1,1,1,1,1,0,0,0,1428,0,
Best: P4
43
Oriental Avenue,Park Place,Reading Railroad,Pacific Avenue,
1,1,1,1,1,1,1,1,1,1,1,1,1,1,1,1,2,1,1,1,1,1,1,1,1,1,1,1,0,0,0,0,0,1,1,1,11,1,1,1,1,1,1,1,1,1,1,1,1,1,1,1,1,1,1,1,1,1,1,1,1,0,0,0,0,0,1,1,1,1,1,1,1,1,1,1,1,2,1,1,1,1,1,1,1,1,31,1,1,1,1,1,1,1,0,0,0,528,0,
Best: P2
47
Pennsylvania Avenue,Connecticut Avenue,
1,1,1,1,1,1,1,1,1,1,1,1,1,1,1,1,1,1,1,1,1,1,1,1,1,1,1,1,0,0,0,0,0,1,1,1,8,1,1,1,1,1,1,1,1,1,1,1,1,1,1,1,1,1,1,1,1,1,1,1,1,0,0,0,0,0,1,1,1,1,1,1,1,1,1,1,1,1,1,1,1,1,1,1,1,1,22,1,1,1,1,1,1,1,0,0,0,518,0,
Best: P1
47
Atlantic Avenue,Electric Company,Water Works,
1,1,1,1,1,1,1,1,1,1,1,1,1,1,1,1,1,1,1,1,1,1,1,1,1,1,1,1,0,0,0,0,0,1,1,1,11,1,1,1,1,1,1,1,1,1,1,1,1,1,1,1,1,1,1,1,1,1,1,1,1,0,0,0,0,0,1,1,1,1,1,1,1,1,1,1,1,1,1,1,1,1,1,1,1,1,31,1,2,1,1,1,1,1,0,0,0,625,0,
Best: P2
45
Boardwalk,Electric Company,
1,1,1,1,1,1,1,1,1,1,1,1,1,1,1,1,1,1,1,1,1,1,1,1,1,1,1,1,0,0,0,0,0,1,1,1,10,1,1,1,1,1,1,1,1,1,1,1,1,1,1,1,1,1,1,1,1,1,1,1,1,0,0,0,0,0,1,1,1,1,1,1,1,1,1,1,1,1,1,1,1,1,1,1,1,1,33,1,1,1,1,1,1,1,0,0,0,702,0,
Best: P2
45
Pennsylvania Avenue,
1,1,1,1,1,1,1,1,1,1,1,1,1,1,1,1,1,1,1,1,1,1,1,1,1,1,1,1,0,0,0,0,0,1,1,1,10,1,1,1,1,1,1,1,1,1,1,1,1,1,1,1,1,1,1,1,1,1,1,1,1,0,0,0,0,0,1,1,1,1,1,1,1,1,1,1,1,1,1,1,1,1,1,1,1,1,33,1,1,1,1,1,1,1,0,0,0,702,0,
Best: P2
46
St. James Place,
1,1,1,1,1,1,1,1,1,1,1,1,1,1,1,1,1,1,1,1,1,1,1,1,1,1,1,1,0,0,0,0,0,1,1,1,10,1,1,1,1,1,1,1,1,1,1,1,1,1,1,1,1,1,1,1,1,1,1,1,1,0,0,0,0,0,1,1,1,1,1,1,1,1,1,1,1,1,1,1,1,1,1,1,1,1,33,1,1,1,1,1,1,1,0,0,0,702,0,
Best: P1
45
Mediterranean Avenue,Illinois Avenue,Tennessee Avenue,Vermont Avenue,
1,1,1,1,1,1,1,1,1,1,1,1,1,1,1,1,1,1,1,1,1,1,1,1,1,1,1,1,0,0,0,0,0,1,1,1,10,1,1,1,1,1,1,1,1,1,1,1,1,1,1,1,1,1,1,1,1,1,1,1,1,0,0,0,0,0,1,1,1,1,1,1,1,1,1,1,1,1,1,1,1,1,1,1,1,1,48,1,1,1,1,1,1,1,0,0,0,347,0,
Best: P2
46
B & O Railroad,
1,1,1,1,1,1,1,1,1,1,1,1,1,1,1,1,1,1,1,1,1,1,1,1,1,1,1,1,0,0,0,0,0,1,1,1,11,1,1,1,1,1,1,1,1,1,1,1,1,1,1,1,1,1,1,1,1,1,1,1,1,0,0,0,0,0,1,1,1,1,1,1,1,1,1,1,1,1,1,1,1,1,1,1,1,1,24,1,1,1,1,1,1,1,0,0,0,324,0,
Best: P2
45
Park Place,Kentucky Avenue,Connecticut Avenue,
1,1,1,1,1,1,1,1,1,1,1,1,1,1,1,1,1,1,1,1,1,1,1,1,1,1,1,1,0,0,0,0,0,1,1,1,11,1,1,1,1,1,1,1,1,1,1,1,1,1,1,1,1,1,1,1,1,1,1,1,1,0,0,0,0,0,1,1,1,1,1,1,1,1,1,1,1,1,1,1,1,1,1,1,1,1,24,1,1,1,1,1,1,1,0,0,0,324,0,
Best: P2
46
Short Line Railroad,Pacific Avenue,
1,1,1,1,1,1,1,1,1,1,1,1,1,1,1,1,1,1,1,1,1,1,1,1,1,1,1,1,0,0,0,0,0,1,1,1,11,1,1,1,1,1,1,1,1,1,1,1,1,1,1,1,1,1,1,1,1,1,1,1,1,0,0,0,0,0,1,1,1,1,1,1,1,1,1,1,1,1,1,1,1,1,1,1,1,1,24,1,1,1,1,1,1,1,0,0,0,324,0,
Best: P3
47
Indiana Avenue,Marvin Gardens,
1,1,1,1,1,1,1,1,1,1,1,1,1,1,1,1,1,2,1,1,1,1,1,1,1,1,1,1,0,0,0,0,0,1,1,1,9,1,1,1,1,1,1,1,1,1,1,1,1,1,1,1,1,1,1,1,1,1,1,1,1,0,0,0,0,0,1,1,1,1,1,1,1,1,1,1,1,1,1,1,1,1,1,1,1,1,26,1,1,1,1,1,1,1,0,0,0,311,0,
Best: P2
45
St. James Place,
1,1,1,1,1,1,2,1,1,1,1,1,1,1,1,1,1,1,1,1,1,1,1,1,1,1,1,1,0,0,0,0,0,1,1,1,7,1,1,1,1,1,1,1,1,1,1,1,1,1,1,1,1,1,1,1,1,1,1,1,1,0,0,0,0,0,1,1,1,1,1,1,1,1,1,1,1,1,1,1,1,1,1,1,1,1,31,1,1,1,1,1,1,1,0,0,0,329,0,
Best: P1
47
B & O Railroad,Pacific Avenue,Reading Railroad,St. Charles Place,
1,1,1,1,1,1,1,1,1,1,1,1,1,1,1,1,1,1,1,1,1,1,1,1,1,1,1,1,0,0,0,0,0,1,1,1,9,1,1,1,1,1,1,1,1,1,1,1,1,1,1,1,1,1,1,1,1,1,1,1,1,0,0,0,0,0,1,1,1,1,1,1,1,1,1,1,1,1,1,1,1,1,1,1,1,1,35,1,1,1,1,1,1,1,0,0,0,206,0,
Best: P1
48
Virginia Avenue,
1,1,1,1,1,1,1,1,1,1,1,1,1,1,1,1,1,1,1,1,1,1,1,1,1,1,1,1,0,0,0,0,0,1,1,1,9,1,1,1,1,1,1,1,1,1,1,1,1,1,1,1,1,1,1,1,1,1,1,1,1,0,0,0,0,0,1,1,1,1,1,1,1,1,1,1,1,1,1,1,1,1,1,1,1,1,35,1,1,1,1,1,1,1,0,0,0,206,0,
Best: P1
45

1,1,1,1,1,1,1,1,1,1,1,1,1,1,1,1,1,1,1,1,1,1,1,1,1,1,1,1,0,0,0,0,0,1,1,1,9,1,1,1,1,1,1,1,1,1,1,1,1,1,1,1,1,1,1,1,1,1,1,1,1,0,0,0,0,0,1,1,1,1,1,1,1,1,1,1,1,1,1,1,1,1,1,1,1,1,35,1,1,1,1,1,1,1,0,0,0,206,0,
Best: P2
47
Park Place,Reading Railroad,Connecticut Avenue,B & O Railroad,
1,1,1,1,1,1,1,1,1,1,1,1,1,1,1,1,1,1,1,1,1,1,1,1,1,1,1,1,0,0,0,0,0,1,1,1,6,1,1,1,1,1,1,1,1,1,1,1,1,1,1,1,1,1,1,1,1,1,1,1,1,0,0,0,0,0,1,1,1,1,1,1,1,1,1,1,1,1,1,1,1,1,1,1,1,1,48,1,1,1,1,1,1,1,0,0,0,340,0,
Best: P4
46
Atlantic Avenue,Marvin Gardens,St. James Place,Park Place,
1,1,1,1,1,1,1,1,1,1,1,1,1,1,1,1,1,1,1,1,1,1,1,1,1,1,1,1,0,0,0,0,0,1,1,1,13,1,1,1,1,1,1,1,1,1,1,1,1,1,1,1,1,1,1,1,1,1,1,2,1,0,0,0,0,0,1,1,1,1,1,1,1,1,1,1,1,1,1,1,1,1,1,1,1,1,56,1,1,1,1,1,1,1,0,0,0,286,0,
Best: P1
48
Park Place,Pacific Avenue,St. Charles Place,
1,1,1,1,1,1,1,1,1,1,1,1,1,1,1,1,1,1,1,1,1,1,1,1,1,1,1,1,0,0,0,0,0,1,1,1,10,1,1,1,1,1,1,1,1,1,1,1,1,1,1,1,1,1,1,1,1,1,1,1,1,0,0,0,0,0,1,1,1,1,1,2,1,1,1,1,1,1,1,1,1,1,1,1,1,1,45,1,1,1,1,1,1,1,0,0,0,226,0,
Best: P1
44
Pacific Avenue,
1,1,1,1,1,1,1,1,1,1,1,1,1,1,1,1,1,1,1,1,1,1,1,1,1,1,1,1,0,0,0,0,0,1,1,1,10,1,1,1,1,1,1,1,1,1,1,1,1,1,1,1,1,1,1,1,1,1,1,1,1,0,0,0,0,0,1,1,1,1,1,2,1,1,1,1,1,1,1,1,1,1,1,1,1,1,45,1,1,1,1,1,1,1,0,0,0,226,0,
Best: P3
46
Park Place,
1,1,1,1,1,1,1,1,1,1,1,1,1,1,1,1,1,1,1,1,1,1,1,1,1,1,1,1,0,0,0,0,0,1,1,1,10,1,1,1,1,1,1,1,1,1,1,1,1,1,1,1,1,1,1,1,1,1,1,2,1,0,0,0,0,0,1,1,1,1,1,1,1,1,1,1,1,1,1,1,1,1,1,1,1,1,23,1,1,1,1,1,1,1,0,0,0,155,0,
Best: P2
46
Virginia Avenue,Pennsylvania Railroad,Tennessee Avenue,
1,1,2,1,1,1,1,1,1,1,1,1,1,1,1,1,1,1,1,1,1,2,1,1,1,1,1,1,0,0,0,0,0,1,1,1,9,1,1,1,1,1,1,1,1,1,1,1,1,1,1,1,1,1,1,1,1,1,1,1,1,0,0,0,0,0,1,1,1,1,1,1,1,1,1,1,1,1,1,1,1,1,1,1,1,1,33,1,1,1,1,1,1,1,0,0,0,231,0,
