P1
75,68,63,42,30,38,20,47,43,45,64,12,60,59,38,30,35,51,92,36,71,71,10,45,56,57,76,79,72,89,12,463,0,74,24,20,35,19,51,37,36,32,2,76,55,31,68,77,26,81,71,31,43,15,5,36,39,61,11,43,96,100,50,40,340,1,27,29,74,88,7,23,36,1,61,82,74,20,62,80,90,22,52,36,12,4,26,90,66,70,84,35,85,60,97,57,23,300,3,
P2
54,53,2,40,100,45,85,63,57,10,88,61,40,23,78,31,59,14,2,36,26,24,93,1,2,31,56,38,43,12,64,493,2,75,26,66,11,62,98,80,4,19,77,72,96,2,52,66,33,61,47,4,63,86,65,41,29,27,40,45,22,46,52,20,490,0,77,60,69,12,61,96,95,0,15,22,80,5,44,99,7,23,69,33,79,0,70,62,1,54,88,98,78,93,88,29,64,3,3,
P3
70,30,81,21,93,3,31,47,64,72,70,41,2,95,22,71,30,48,95,90,15,98,87,72,35,29,50,2,59,14,96,5,1,98,6,68,43,10,87,19,48,48,21,100,80,20,27,27,91,90,12,56,97,7,83,37,53,4,49,4,42,70,49,33,400,3,77,16,68,37,16,50,59,63,21,69,61,28,58,96,28,36,62,98,98,63,17,51,61,95,44,14,91,48,78,79,54,199,1,
P4
16,2,23,47,49,87,18,85,95,88,80,16,58,9,64,53,65,79,50,51,16,51,47,66,19,5,46,58,67,56,83,253,0,77,66,32,96,81,46,84,80,25,70,73,52,61,63,31,83,59,38,31,62,91,35,11,62,44,47,10,22,80,66,56,307,0,57,11,4,82,40,25,17,0,20,75,62,14,11,23,11,75,52,95,26,79,56,36,93,46,84,71,91,71,91,86,48,454,1,
P5
30,74,53,14,25,47,68,4,63,26,80,93,45,11,38,61,62,54,78,8,20,97,81,66,21,47,22,99,97,47,26,500,0,18,79,11,68,24,2,3,98,55,64,26,52,12,51,90,43,80,47,45,91,8,89,3,85,77,83,51,44,5,15,23,65,4,29,2,89,12,69,8,88,97,22,99,86,100,73,37,60,99,16,15,0,8,27,85,79,18,21,70,70,47,84,99,79,380,0,
P6
6,11,65,75,82,94,67,28,87,11,39,24,72,67,78,49,76,64,11,22,30,32,35,18,97,31,65,61,23,51,30,321,2,57,50,89,60,47,9,91,39,61,2,91,17,46,70,64,91,26,38,45,96,22,21,78,73,31,83,54,6,72,13,28,69,2,92,1,73,79,98,61,43,83,60,15,19,86,81,35,1,81,44,28,31,89,12,53,58,82,66,7,80,76,87,46,44,351,1,
P7
71,77,2,37,4,89,48,9,79,86,77,23,34,18,87,11,6,83,44,41,0,40,39,31,68,62,49,46,58,78,95,462,3,89,77,57,79,16,84,81,73,0,93,8,30,83,0,68,94,96,91,14,39,29,45,89,84,51,60,63,9,55,93,43,128,3,22,10,73,65,59,99,46,79,85,26,80,52,74,90,80,4,79,93,57,2,40,23,10,87,99,63,99,39,6,12,28,493,2,
P8
31,25,12,45,0,91,30,77,80,30,61,67,42,67,15,52,75,16,58,13,13,25,41,62,71,66,39,92,60,60,58,419,0,88,52,63,34,91,64,27,65,94,76,65,62,70,26,18,50,31,47,96,19,30,12,46,60,89,0,52,45,9,21,63,421,0,59,48,22,4,93,73,98,72,24,71,28,71,75,6,29,99,75,69,21,85,55,86,13,54,91,19,32,42,13,20,38,69,0,
P9
2,51,84,100,95,64,29,55,97,37,89,11,89,63,94,47,42,7,38,49,69,76,14,75,67,41,0,82,99,51,0,275,5,97,96,16,90,60,77,32,91,4,1,16,22,17,14,69,79,33,66,92,45,25,46,11,77,91,20,65,81,49,70,46,436,2,9,26,94,6,65,17,43,93,88,84,65,83,82,39,52,69,91,73,21,3,93,11,90,24,19,69,45,51,7,79,16,258,0,
P10
100,96,55,96,17,51,32,5,28,88,34,89,0,76,62,38,24,97,13,5,71,81,46,37,28,44,88,70,44,56,10,452,3,1,25,93,33,83,97,0,99,18,85,79,53,63,79,85,54,23,9,66,35,53,56,55,84,36,4,19,70,16,85,84,149,3,89,70,14,31,28,69,14,93,51,63,31,69,31,88,42,52,92,0,64,47,25,49,15,36,0,89,81,4,4,52,59,265,3,
P11
72,34,66,3,5,60,57,39,48,57,14,9,96,5,6,8,10,43,55,22,81,50,66,68,86,76,90,46,52,7,23,188,3,84,59,74,50,23,58,34,2,77,98,81,62,17,70,37,84,4,90,5,26,39,42,97,59,78,79,9,29,62,86,11,56,1,90,15,50,71,7,68,33,5,2,64,93,10,83,50,11,12,97,36,61,79,38,27,67,18,31,38,71,32,97,58,53,407,1,
P12
27,47,86,84,86,34,7,67,9,2,38,15,77,14,25,99,36,5,14,1,39,100,43,29,45,96,36,5,18,43,11,223,3,62,0,70,96,69,46,59,49,7,43,85,45,26,90,0,31,15,6,39,78,65,83,56,74,11,84,26,17,96,2,23,277,5,23,47,64,56,52,67,86,45,77,68,95,54,80,58,90,7,36,94,34,2,12,66,6,49,64,3,73,44,56,46,45,232,0,
P13
96,8,83,69,75,93,71,79,74,13,93,99,11,28,70,92,29,9,91,72,4,1,33,6,6,52,49,3,63,5,24,239,3,85,71,45,44,86,18,87,71,29,79,60,30,76,41,36,15,18,67,64,40,6,76,23,32,59,85,35,89,7,37,93,225,4,0,11,71,86,56,14,20,17,68,100,75,24,6,77,17,7,45,96,39,52,44,2,21,84,47,43,96,88,88,55,88,327,2,
P14
93,54,94,29,32,34,43,24,99,20,52,35,12,47,44,69,85,14,71,18,20,43,36,35,13,99,40,32,23,19,82,237,0,2,60,83,55,30,11,33,56,7,8,97,9,90,81,76,54,87,83,96,10,81,20,61,82,75,35,86,28,27,60,96,60,4,39,89,77,25,5,44,25,46,68,98,22,52,71,68,47,9,86,58,79,6,41,92,49,36,79,36,92,70,90,58,95,307,1,
P15
11,71,27,20,95,92,6,12,26,18,25,36,54,77,50,91,95,36,33,97,72,12,95,11,44,84,98,44,66,70,43,294,3,16,16,52,49,72,25,23,69,35,80,15,77,100,2,25,61,79,6,81,39,54,56,74,39,84,67,99,75,28,18,44,391,5,20,85,19,11,30,53,75,19,4,46,53,52,21,38,9,100,10,16,91,59,52,35,61,43,5,16,67,3,10,80,30,466,5,
P16
63,1,21,69,81,14,54,5,50,74,48,67,64,8,2,63,4,74,76,100,52,86,49,49,96,81,85,32,23,58,52,275,3,59,72,58,49,6,93,95,22,36,94,91,61,54,69,33,34,74,88,56,48,26,39,81,92,81,9,76,62,19,76,79,85,1,7,60,83,83,45,54,95,64,5,15,68,81,82,78,63,38,2,14,74,63,24,45,79,57,14,90,36,59,86,66,60,491,2,
P17
21,6,64,41,78,13,14,26,80,44,34,49,6,39,89,48,4,40,0,53,55,96,34,6,28,23,64,56,76,90,63,91,0,94,54,11,88,42,47,47,32,74,0,67,74,0,40,61,57,54,53,62,1,10,8,10,86,70,96,61,64,40,75,33,319,2,8,3,25,2,68,97,84,35,43,31,13,5,70,15,86,9,45,9,20,23,67,34,79,69,94,31,1,82,91,60,99,274,1,
P18
3,40,15,84,66,61,27,66,9,100,4,99,48,75,4,48,95,26,9,95,99,3,17,62,60,93,18,31,21,80,91,235,5,20,36,6,67,68,46,33,0,19,0,40,46,23,95,66,85,96,76,60,72,28,29,33,89,60,74,29,42,6,57,94,490,3,67,30,6,16,66,15,48,45,87,84,26,73,93,71,82,79,95,14,12,39,84,72,70,51,20,26,10,39,91,73,23,494,4,
P19
40,51,75,67,17,51,33,88,15,81,63,19,95,23,11,70,17,9,74,34,72,100,94,56,30,81,35,29,72,55,11,364,3,26,26,19,26,26,39,26,33,51,15,94,16,66,55,93,25,93,87,55,25,75,14,99,4,56,72,27,23,31,87,23,452,0,40,35,4,54,46,91,37,72,63,96,43,11,74,3,92,52,42,75,24,79,92,10,4,1,49,62,41,65,85,10,91,355,5,
P20
45,89,69,78,43,50,24,72,69,85,95,81,20,11,90,94,11,27,93,71,83,90,52,85,85,90,5,28,67,77,78,135,4,49,72,20,41,71,72,56,64,88,22,18,46,47,10,32,68,1,74,82,67,44,3,38,37,93,35,23,89,58,69,74,499,3,44,57,14,81,95,44,42,37,55,15,40,46,34,49,88,24,27,45,34,98,13,83,59,54,14,10,30,34,0,7,11,39,3,
P21
21,75,97,11,46,31,96,40,11,83,17,68,76,95,61,35,32,10,24,50,95,8,39,66,2,72,42,14,50,74,71,91,1,14,77,62,37,6,50,25,91,62,38,67,61,6,68,34,54,34,78,24,38,81,16,73,71,5,98,39,76,71,11,51,59,3,58,24,82,0,62,2,82,68,15,15,16,69,39,9,13,73,7,26,22,32,80,2,42,76,2,9,83,26,20,12,78,400,3,
P22
83,60,55,44,66,66,26,83,100,69,44,27,3,76,37,94,25,98,68,30,63,71,1,71,51,17,45,12,55,59,37,17,4,54,60,78,79,16,5,17,83,66,90,50,66,9,51,9,33,89,91,50,28,61,21,25,66,63,62,77,28,79,30,33,119,1,44,65,14,26,32,29,7,15,98,13,24,78,52,31,3,40,64,50,8,5,25,10,81,8,2,0,20,67,79,23,22,70,1,
P23
47,85,89,40,34,88,8,78,81,78,53,84,71,44,81,4,40,9,75,7,81,26,25,92,4,80,50,5,83,35,29,478,3,78,72,5,61,20,37,16,70,3,26,87,12,59,76,2,75,3,63,62,95,28,24,56,71,19,0,0,75,100,22,44,141,0,14,20,55,89,1,18,1,25,62,53,57,66,60,87,15,68,58,40,79,39,14,81,39,1,13,84,24,58,73,79,53,76,1,
P24
35,54,3,43,98,51,87,16,34,23,60,82,28,66,91,69,73,37,61,98,28,31,43,45,37,25,80,65,21,100,56,448,3,4,46,83,88,83,52,13,69,65,38,44,67,80,13,97,41,7,24,32,29,96,51,97,62,92,96,51,32,39,77,10,392,0,41,66,89,8,91,51,62,13,83,21,100,98,55,58,3,33,63,18,81,68,86,60,18,9,85,91,88,34,9,18,51,378,5,
P25
66,16,0,52,99,35,76,24,83,70,90,73,38,63,77,100,60,4,30,3,15,33,95,96,64,15,61,10,72,81,3,177,5,98,5,45,10,74,9,14,85,43,94,98,39,35,72,29,33,0,91,84,97,53,75,59,70,7,98,12,51,74,35,71,33,5,59,75,9,87,54,92,74,54,55,29,78,59,28,40,43,75,74,28,35,92,3,86,82,58,19,58,76,23,8,60,33,229,4,
P26
55,28,28,97,52,10,66,42,50,4,4,26,70,30,97,66,100,12,100,95,74,29,76,34,40,47,81,67,16,44,72,380,3,47,47,65,62,31,7,55,95,46,56,66,42,55,33,32,38,96,51,80,54,20,53,18,33,70,92,34,14,29,41,42,453,2,87,54,49,26,74,4,21,51,29,50,57,72,91,98,66,25,89,35,10,37,93,96,95,35,18,69,61,0,68,61,54,77,1,
P27
68,90,99,0,31,14,71,1,40,40,32,3,72,98,82,71,92,55,0,68,89,6,81,70,73,98,80,66,35,17,69,9,3,70,85,8,25,79,54,47,45,96,2,44,95,6,39,45,52,94,66,4,78,65,41,35,65,21,64,5,91,6,59,76,343,3,47,55,43,68,72,72,17,96,9,75,59,41,100,47,77,77,84,35,72,44,70,57,12,30,57,47,57,81,67,4,13,408,4,
P28
69,4,33,5,5,40,11,37,43,84,35,24,54,93,45,20,26,33,93,7,69,65,71,48,98,5,65,17,74,38,9,472,0,67,22,19,81,33,81,49,77,75,21,15,20,74,75,52,44,18,83,51,54,47,72,17,19,62,90,78,53,32,88,65,16,5,82,63,34,65,24,10,39,83,51,5,30,94,82,80,29,19,91,65,76,69,62,99,15,85,79,83,89,99,96,13,77,147,0,
P29
14,47,76,26,51,85,9,52,75,29,10,19,16,37,18,8,44,88,40,81,35,37,86,67,54,25,4,91,0,12,15,235,1,11,8,17,60,51,92,48,32,11,88,74,29,98,92,11,49,45,59,20,63,78,83,18,21,1,16,8,85,82,84,93,125,3,8,67,37,47,50,55,52,46,48,100,92,43,19,82,8,95,51,70,60,66,54,4,48,9,2,10,89,29,53,31,61,328,1,
P30
7,76,18,83,27,59,78,38,44,94,75,62,69,85,49,75,31,51,11,83,17,31,7,88,88,75,100,80,56,24,63,26,0,19,8,62,67,41,74,54,14,69,17,72,81,66,17,39,87,46,83,35,64,3,2,47,12,87,28,62,74,87,20,5,223,5,8,81,48,26,26,63,26,84,5,45,66,80,5,16,49,31,48,70,36,63,45,4,73,33,0,25,31,57,87,96,61,266,1,
P31
11,27,56,89,31,100,49,72,62,84,22,77,58,53,27,35,35,10,66,9,98,54,84,63,33,39,88,47,68,88,45,204,3,38,35,80,58,15,48,76,88,28,41,71,33,27,16,15,28,46,86,30,93,98,17,87,59,91,74,45,69,79,74,84,168,5,87,68,94,12,17,65,23,83,45,96,65,60,26,13,29,62,42,40,33,14,74,33,5,71,90,58,66,72,18,7,72,190,4,
P32
33,12,100,48,84,27,31,73,4,89,25,98,23,27,8,56,2,72,9,86,35,42,91,22,89,24,9,100,69,90,68,295,1,41,91,68,16,44,63,24,14,96,17,97,78,46,42,63,76,1,26,93,88,51,50,61,97,18,6,36,59,90,10,30,408,5,50,58,27,40,7,72,35,72,98,27,51,94,56,59,33,89,73,6,21,45,77,77,2,8,48,88,82,17,25,89,75,188,4,
P33
16,18,59,47,91,63,2,82,26,92,75,34,47,77,73,56,28,7,65,18,29,19,8,4,18,43,60,84,11,95,94,396,4,13,77,8,37,91,71,54,53,48,100,96,77,76,63,69,34,50,19,84,78,82,68,84,17,26,73,95,4,69,27,82,260,2,81,20,9,82,92,7,9,9,0,31,68,33,19,7,6,6,18,49,83,87,24,97,40,5,13,65,95,59,6,7,87,391,2,
P34
40,69,2,8,16,28,67,92,29,80,68,1,36,97,8,67,81,3,86,90,74,4,99,100,88,9,94,2,69,72,9,211,4,85,61,96,39,14,9,38,76,52,80,38,20,81,88,6,64,65,88,99,14,72,24,53,32,96,22,59,12,70,63,55,54,5,69,85,47,78,60,13,75,28,46,94,1,18,66,19,34,14,5,58,10,12,29,91,77,90,49,83,63,79,70,56,38,418,4,
P35
84,23,73,16,14,1,97,82,2,99,78,77,65,25,80,50,81,19,20,79,18,8,55,12,77,23,50,53,99,57,49,30,2,94,4,75,98,80,94,44,84,80,24,71,52,54,2,40,52,83,78,43,36,9,38,58,34,16,94,98,19,48,88,7,286,2,82,67,44,56,61,57,15,62,41,47,47,75,61,19,99,71,31,28,27,7,84,76,57,47,55,26,2,39,30,9,78,416,2,
P36
65,94,70,61,41,38,59,86,14,90,10,60,6,91,79,26,35,98,34,90,76,11,80,25,30,78,82,26,26,27,58,367,3,72,3,86,15,87,65,39,23,17,93,92,23,11,75,67,54,10,42,58,34,76,74,27,39,59,76,93,10,49,50,20,392,5,100,37,70,14,66,11,61,12,52,88,98,51,58,28,45,86,2,28,27,59,41,48,51,10,54,47,19,91,24,62,23,286,4,
P37
18,28,36,44,80,16,100,90,77,5,46,55,32,81,52,32,37,27,43,16,19,39,60,67,32,53,95,94,10,81,28,198,0,35,39,85,40,29,68,100,20,57,10,95,23,64,4,31,88,38,74,27,32,12,86,74,5,62,22,21,30,9,41,44,234,0,3,31,85,30,9,36,17,7,87,41,1,98,93,70,26,20,28,33,68,45,43,21,58,29,78,82,91,15,71,56,40,365,0,
P38
38,54,76,38,9,52,9,55,73,41,2,25,74,5,18,83,21,3,89,81,71,20,33,31,80,9,78,36,38,53,42,200,0,51,75,69,50,96,26,26,90,15,90,61,47,77,65,87,70,97,99,21,36,70,84,59,92,80,68,32,97,78,78,28,310,2,36,97,75,53,3,28,61,71,25,53,41,17,73,35,51,41,47,60,28,4,89,6,53,80,88,90,35,42,30,22,66,104,5,
P39
46,49,55,56,70,27,63,72,18,2,77,3,86,64,6,74,11,43,60,10,74,39,20,18,41,24,37,2,32,9,79,129,2,44,14,92,70,70,7,25,30,20,68,62,6,37,24,71,59,61,41,8,86,99,54,53,97,50,97,40,81,92,59,35,451,2,86,54,49,46,24,75,99,65,58,38,67,75,45,13,35,73,17,23,79,70,2,32,26,4,74,56,26,54,88,77,39,475,4,
P40
0,95,88,63,66,5,66,9,8,17,39,82,57,50,24,16,27,65,21,47,83,28,71,19,31,2,95,36,47,19,13,369,0,72,9,78,97,5,98,31,67,70,68,92,7,93,52,48,0,3,12,55,56,8,71,18,14,18,9,74,65,45,12,83,112,1,85,54,65,50,86,90,88,52,64,99,31,99,71,48,89,16,85,91,48,10,61,22,32,53,42,86,29,17,25,59,76,110,1,
P41
43,45,55,8,54,64,92,60,11,14,9,35,97,2,66,84,49,48,11,86,33,42,55,28,45,68,13,7,82,26,24,335,4,79,94,10,76,60,47,10,17,54,2,35,68,70,38,80,91,60,54,61,79,68,79,88,7,9,99,87,45,81,74,26,345,1,92,31,28,45,49,93,43,80,57,14,94,45,97,44,2,44,20,63,32,18,16,75,4,45,58,96,71,66,37,16,29,97,4,
P42
99,92,75,90,51,52,70,26,54,66,29,19,49,44,34,60,30,67,69,51,61,80,18,74,87,100,66,43,23,37,21,182,0,1,94,81,11,10,34,81,12,68,50,50,47,40,10,67,0,89,1,46,42,75,55,41,61,100,88,1,57,13,34,82,151,5,74,96,92,84,41,49,64,0,94,60,45,96,70,65,25,2,84,41,43,54,52,0,49,89,67,86,4,38,81,51,21,9,1,
P43
77,11,47,46,37,0,78,32,20,93,77,20,53,73,53,88,23,14,33,41,54,19,41,20,62,64,23,15,52,84,95,275,2,93,4,73,73,16,40,89,32,54,28,8,20,96,63,88,7,5,63,62,12,90,28,100,91,85,13,25,42,61,18,53,88,3,4,19,78,68,20,37,94,31,100,63,96,91,31,45,31,74,99,49,75,13,38,7,66,42,11,46,60,48,67,38,37,265,2,
P44
7,31,24,85,64,10,78,6,30,97,79,84,50,1,64,83,42,84,68,49,70,29,80,59,10,31,42,88,92,36,99,411,0,93,4,26,81,37,80,76,45,67,37,8,54,44,80,16,72,92,6,100,91,63,51,70,88,93,30,6,6,50,95,8,359,1,4,44,24,98,75,90,27,36,80,58,82,77,32,46,25,73,26,29,80,92,72,57,37,98,4,71,35,48,7,59,79,87,5,
P45
50,98,46,27,70,42,90,48,92,5,15,55,88,23,5,21,73,41,16,52,0,26,49,42,13,40,79,24,39,12,89,380,2,89,36,31,30,47,98,67,21,52,77,0,34,49,58,40,48,15,3,99,51,57,92,48,29,64,98,24,57,5,23,60,32,3,42,43,80,69,80,59,27,61,35,59,73,27,31,99,56,77,90,94,100,94,57,3,30,59,17,3,17,18,48,87,91,465,3,
P46
82,45,13,37,59,5,42,40,26,96,63,98,16,35,39,32,53,39,24,68,81,4,8,25,28,13,3,54,68,45,49,474,5,57,72,37,90,60,55,67,60,89,15,18,29,29,33,99,28,84,21,86,31,51,49,95,75,72,66,64,80,93,89,15,382,2,59,75,47,52,1,49,10,75,42,7,39,64,50,96,24,49,55,81,19,85,39,2,54,23,20,2,76,29,93,71,17,22,3,
P47
52,14,77,94,20,69,55,84,67,37,85,5,35,4,44,59,72,91,63,80,16,58,59,86,78,26,31,70,41,87,93,315,2,4,86,43,71,12,31,52,97,26,82,29,91,76,79,12,61,77,63,9,37,3,48,70,67,27,28,21,79,43,47,47,229,5,70,47,45,46,88,87,20,94,51,36,89,75,52,43,21,71,94,61,73,47,50,60,15,25,55,74,96,72,58,41,27,465,0,
P48
52,88,86,6,37,52,9,22,57,44,26,67,70,64,58,32,44,40,56,69,25,34,96,56,3,36,9,44,29,77,81,219,2,85,11,41,36,7,67,84,2,58,59,47,36,19,90,99,96,27,68,43,63,0,36,91,21,82,33,68,48,46,33,30,493,3,39,42,100,25,35,16,62,90,91,13,32,79,50,92,39,89,5,89,48,20,13,2,61,8,40,18,16,8,11,71,50,283,4,
P49
54,1,31,29,90,54,74,82,21,43,45,45,41,55,85,98,24,76,98,86,99,0,21,7,10,16,50,3,64,13,17,214,3,33,17,31,16,19,55,42,67,91,27,22,55,22,15,22,31,78,22,34,68,43,15,67,78,63,13,10,87,9,21,42,450,5,42,81,3,3,36,60,16,69,38,32,26,43,20,31,31,69,18,10,37,79,86,78,97,68,52,7,4,39,23,49,65,194,4,
P50
12,36,33,86,17,20,95,29,31,2,50,82,66,40,57,63,25,21,29,47,28,5,63,78,8,26,58,56,9,4,22,415,3,25,24,37,67,91,95,60,12,49,83,95,72,80,72,60,80,6,3,95,73,47,24,86,23,77,62,44,28,3,49,95,438,0,68,66,89,50,0,93,82,93,36,69,24,33,37,42,44,40,87,96,84,83,63,35,90,33,40,79,82,66,44,11,78,459,2,
