300
50
Best: P48
45
States Avenue,Vermont Avenue,Pennsylvania Railroad,Indiana Avenue,Ventnor Avenue,Marvin Gardens,
26,76,1,44,95,54,59,52,100,12,19,13,79,22,20,32,44,78,93,59,67,56,56,14,56,42,21,7,90,8,15,123,5,48,60,64,66,57,81,19,14,36,15,30,40,97,69,14,67,15,49,62,11,98,18,5,21,0,31,82,65,96,23,43,421,2,34,80,74,94,37,36,99,28,56,95,31,39,82,63,13,24,75,73,55,74,11,49,26,51,32,61,17,5,25,34,26,463,0,
Best: P48
35
Reading Railroad,Electric Company,Baltic Avenue,Marvin Gardens,Pennsylvania Railroad,Atlantic Avenue,Indiana Avenue,Mediterranean Avenue,Vermont Avenue,
26,76,1,44,95,54,59,52,100,12,19,13,79,22,20,32,44,78,93,59,67,56,56,14,56,42,21,7,90,8,15,123,5,48,60,64,66,57,81,19,14,36,15,30,40,97,69,14,67,15,49,62,11,98,18,5,21,0,31,82,65,96,23,43,421,2,34,80,74,94,37,36,99,28,56,95,31,39,82,63,13,24,75,73,55,74,11,49,26,51,32,61,17,5,25,34,26,463,0,
Best: P47
43
Connecticut Avenue,Vermont Avenue,Water Works,Boardwalk,Reading Railroad,Kentucky Avenue,Park Place,
45,69,1,31,49,46,94,24,87,27,34,18,64,22,26,25,75,51,97,45,49,64,56,12,70,47,18,5,90,16,40,284,3,39,58,75,79,59,85,26,15,25,26,33,22,45,44,12,100,26,20,50,13,81,29,6,19,18,23,100,52,60,32,36,482,1,44,95,100,57,42,24,100,18,31,47,42,42,62,43,15,22,69,61,57,34,22,32,30,36,35,52,43,22,33,14,27,538,0,
Best: P40
37
Vermont Avenue,Kentucky Avenue,Atlantic Avenue,Baltic Avenue,Marvin Gardens,Pennsylvania Railroad,Reading Railroad,Pennsylvania Avenue,States Avenue,
48,97,16,47,50,36,80,74,100,14,36,16,70,38,22,41,74,100,42,40,36,34,38,13,99,33,21,12,40,19,36,313,2,31,32,78,100,47,100,14,15,49,36,35,35,75,67,11,93,24,44,45,15,100,30,11,19,29,15,84,55,77,26,48,399,0,57,75,99,96,23,24,75,15,64,42,29,32,50,58,19,53,68,95,36,74,12,25,42,51,51,55,41,17,26,29,13,763,0,
Best: P48
38
States Avenue,Tennessee Avenue,Short Line Railroad,Mediterranean Avenue,
52,100,5,49,49,31,78,89,82,9,12,12,62,20,25,36,70,88,87,71,41,43,64,10,43,21,20,10,43,14,37,334,4,41,37,100,94,73,57,14,9,46,21,35,38,86,71,16,97,34,23,38,20,94,36,7,9,24,25,59,33,78,30,70,648,0,60,100,63,48,22,12,100,12,45,58,44,39,42,39,15,38,62,93,28,59,17,26,39,55,34,92,20,9,42,37,27,772,0,
Best: P35
36
Vermont Avenue,States Avenue,Park Place,Baltic Avenue,Ventnor Avenue,Electric Company,Virginia Avenue,Reading Railroad,Illinois Avenue,Marvin Gardens,Indiana Avenue,Mediterranean Avenue,
63,84,11,55,40,38,100,38,88,15,18,21,54,35,22,27,48,72,61,99,74,69,69,13,47,27,21,4,21,22,32,167,1,32,42,87,81,52,94,24,10,21,16,27,49,75,44,13,76,24,22,44,16,100,44,5,7,33,41,43,23,70,22,62,341,0,62,100,77,76,24,18,92,19,90,40,30,34,48,35,30,56,57,96,29,72,26,23,53,30,26,100,35,9,38,37,16,630,0,
Best: P48
45
Reading Railroad,Electric Company,Mediterranean Avenue,B & O Railroad,Oriental Avenue,Connecticut Avenue,Pennsylvania Railroad,
76,85,8,35,51,27,100,89,100,13,22,9,62,27,30,32,57,78,61,66,85,84,53,6,57,30,16,7,30,13,49,290,1,45,21,53,100,44,76,23,9,49,26,26,52,57,50,19,92,33,27,27,17,100,46,7,8,15,40,51,24,100,28,75,395,0,41,56,35,33,30,15,52,11,43,34,29,29,28,48,21,62,31,66,34,49,14,31,40,37,23,100,28,9,46,49,21,988,0,
Best: P48
42
Illinois Avenue,Mediterranean Avenue,Pacific Avenue,Oriental Avenue,Short Line Railroad,Pennsylvania Avenue,States Avenue,North Carolina Avenue,B & O Railroad,St. James Place,Connecticut Avenue,Kentucky Avenue,
76,85,8,35,51,27,100,89,100,13,22,9,62,27,30,32,57,78,61,66,85,84,53,6,57,30,16,7,30,13,49,290,1,45,21,53,100,44,76,23,9,49,26,26,52,57,50,19,92,33,27,27,17,100,46,7,8,15,40,51,24,100,28,75,395,0,41,56,35,33,30,15,52,11,43,34,29,29,28,48,21,62,31,66,34,49,14,31,40,37,23,100,28,9,46,49,21,988,0,
Best: P34
36
Indiana Avenue,Illinois Avenue,Baltic Avenue,St. James Place,Connecticut Avenue,B & O Railroad,
91,66,8,39,47,20,68,77,100,18,11,7,74,28,19,23,79,60,44,100,35,100,66,6,63,22,19,3,30,11,40,263,0,36,31,98,53,41,75,37,13,27,16,25,33,82,38,15,100,20,19,31,25,100,19,6,6,12,54,49,25,100,20,36,340,0,42,93,71,38,54,13,31,12,61,27,21,46,21,34,23,50,41,49,27,62,31,28,52,40,22,100,20,7,51,52,17,1203,0,
Best: P29
32
Boardwalk,St. James Place,Illinois Avenue,Baltic Avenue,St. Charles Place,States Avenue,Indiana Avenue,Short Line Railroad,Connecticut Avenue,Pennsylvania Railroad,
62,100,4,26,38,13,94,54,100,11,25,17,100,33,35,31,66,79,52,57,33,43,55,4,79,22,14,8,18,15,44,176,0,49,37,50,62,29,65,34,15,23,15,37,27,85,24,12,100,17,14,31,15,93,44,12,11,12,37,51,23,96,23,19,221,0,48,100,71,43,47,18,49,8,34,41,16,42,23,34,35,32,25,41,15,71,28,28,48,33,12,47,13,8,29,51,20,877,0,
Best: P46
33
Baltic Avenue,Electric Company,B & O Railroad,Short Line Railroad,Vermont Avenue,
54,100,4,53,21,20,53,69,100,16,20,7,100,21,40,20,47,91,81,55,37,81,48,6,77,27,15,6,33,14,23,294,0,75,24,32,55,44,79,13,12,24,35,40,53,67,36,18,100,34,31,28,15,48,31,11,4,6,44,72,19,97,26,34,413,0,41,100,100,36,30,12,32,7,62,29,26,30,15,30,20,48,17,59,18,24,27,32,32,38,20,63,9,10,38,96,23,995,0,
Best: P44
43
Vermont Avenue,Park Place,Tennessee Avenue,Boardwalk,Baltic Avenue,Oriental Avenue,B & O Railroad,
38,49,2,49,16,10,46,73,100,19,14,4,97,29,28,28,32,66,60,35,64,58,49,6,50,26,8,7,28,16,26,293,0,46,35,35,32,34,100,12,12,33,15,47,35,67,16,18,100,30,16,29,20,87,29,13,2,10,25,53,14,96,21,30,267,0,54,100,100,61,41,17,47,10,47,48,41,28,30,21,17,40,35,67,19,51,22,43,53,38,20,88,20,6,31,59,19,1119,0,
Best: P49
51
Vermont Avenue,St. James Place,Pacific Avenue,Pennsylvania Railroad,Oriental Avenue,B & O Railroad,States Avenue,Atlantic Avenue,North Carolina Avenue,
87,41,3,84,20,7,58,100,94,25,14,4,56,22,12,28,78,89,51,51,81,57,57,4,39,41,14,5,35,14,36,314,0,43,41,34,22,25,48,19,10,42,17,31,50,55,28,20,46,16,19,27,9,100,38,14,5,6,35,26,11,100,27,29,143,0,45,84,100,63,34,22,45,4,45,52,18,36,25,45,29,45,34,98,17,32,15,41,53,35,18,100,19,5,23,29,14,700,0,
Best: P47
36
Pennsylvania Railroad,Reading Railroad,States Avenue,Atlantic Avenue,Short Line Railroad,Water Works,
57,27,4,53,20,10,58,61,100,26,13,7,90,18,9,17,70,77,21,61,54,71,69,3,64,26,13,4,22,13,24,248,0,21,27,26,54,30,62,30,6,31,26,21,42,74,40,18,91,23,30,22,17,100,17,8,6,8,22,33,24,100,27,48,337,0,54,79,100,85,35,8,41,6,36,49,20,17,27,33,30,55,27,87,21,40,36,23,84,62,13,44,8,6,35,48,6,459,0,
Best: P49
36
Connecticut Avenue,Kentucky Avenue,New York Avenue,
43,18,2,88,22,6,81,84,100,34,7,3,44,19,7,33,92,69,24,82,76,49,50,2,35,48,18,4,26,10,21,151,0,28,23,17,25,35,76,22,9,36,14,23,55,35,27,21,69,25,24,15,15,100,29,14,7,5,31,37,16,76,40,30,324,0,37,87,100,61,21,11,36,4,59,52,25,34,37,28,15,72,33,100,11,49,21,37,39,72,19,36,14,7,26,36,8,700,0,
Best: P43
35
Connecticut Avenue,Oriental Avenue,New York Avenue,Short Line Railroad,Baltic Avenue,Indiana Avenue,
96,37,2,95,19,8,83,83,72,15,12,5,19,21,13,27,100,87,43,65,100,65,44,1,50,27,7,4,23,14,23,155,0,13,24,19,37,21,54,18,8,22,14,23,42,47,40,32,56,11,11,20,8,92,17,14,3,3,39,25,20,79,25,22,300,0,51,72,100,100,45,11,37,8,24,57,11,20,15,15,35,88,36,100,26,43,34,37,46,40,12,74,10,3,26,32,8,1147,0,
Best: P3
37
Tennessee Avenue,Illinois Avenue,Baltic Avenue,Electric Company,Mediterranean Avenue,Oriental Avenue,Pennsylvania Railroad,Kentucky Avenue,Marvin Gardens,Ventnor Avenue,Short Line Railroad,
52,44,3,100,16,9,88,92,66,35,7,3,53,19,5,13,100,63,25,74,91,86,20,1,52,27,17,3,12,13,19,93,0,26,28,26,16,28,82,11,9,32,11,14,37,55,22,15,40,22,13,25,6,84,36,19,3,4,25,18,11,53,41,23,166,0,48,46,77,39,26,13,41,6,34,60,9,31,34,39,52,100,39,69,16,44,37,34,35,61,14,56,9,4,16,45,8,1090,0,
Best: P36
36
Ventnor Avenue,Vermont Avenue,Pennsylvania Railroad,Pacific Avenue,Connecticut Avenue,New York Avenue,Kentucky Avenue,Short Line Railroad,Indiana Avenue,Boardwalk,Virginia Avenue,Marvin Gardens,Reading Railroad,
46,30,1,100,23,10,100,45,54,32,8,3,47,15,5,19,99,41,34,57,79,66,42,1,59,29,21,2,11,6,17,97,0,23,38,21,23,34,82,13,8,44,14,16,48,57,34,13,36,24,27,11,10,95,28,15,3,2,23,23,15,100,33,14,231,0,23,26,85,44,32,13,55,7,19,51,11,38,47,24,22,60,62,46,27,27,42,27,48,84,15,25,9,3,15,64,4,1027,0,
Best: P40
37
Tennessee Avenue,Ventnor Avenue,Reading Railroad,Vermont Avenue,Boardwalk,Virginia Avenue,Pennsylvania Avenue,Atlantic Avenue,B & O Railroad,Indiana Avenue,
47,24,1,37,12,8,66,49,59,37,5,4,26,14,9,14,100,76,20,75,94,80,29,1,35,23,24,1,11,10,15,247,0,11,35,17,11,26,31,12,7,27,12,8,49,36,22,14,23,20,12,9,10,89,29,21,1,3,15,19,11,61,55,15,348,0,33,25,100,61,18,6,35,6,22,46,8,43,40,17,22,82,57,49,17,47,55,50,69,86,12,36,6,5,9,36,8,545,0,
Best: P40
36
Baltic Avenue,Park Place,Pennsylvania Railroad,Mediterranean Avenue,Reading Railroad,St. James Place,Ventnor Avenue,Boardwalk,
47,24,1,37,12,8,66,49,59,37,5,4,26,14,9,14,100,76,20,75,94,80,29,1,35,23,24,1,11,10,15,247,0,11,35,17,11,26,31,12,7,27,12,8,49,36,22,14,23,20,12,9,10,89,29,21,1,3,15,19,11,61,55,15,348,0,33,25,100,61,18,6,35,6,22,46,8,43,40,17,22,82,57,49,17,47,55,50,69,86,12,36,6,5,9,36,8,545,0,
Best: P44
35
Tennessee Avenue,Short Line Railroad,Reading Railroad,States Avenue,Oriental Avenue,
55,41,1,82,32,4,81,43,71,17,5,4,34,16,4,11,42,97,17,91,54,98,34,1,31,17,27,1,12,6,7,205,0,16,19,8,14,22,59,14,8,30,14,6,38,27,37,10,25,18,17,15,18,97,30,28,1,2,26,17,17,28,24,5,395,0,28,47,100,66,11,9,38,5,19,27,8,17,62,33,27,77,68,57,10,36,23,22,66,80,9,30,3,2,9,40,6,471,0,
Best: P46
36
Oriental Avenue,Atlantic Avenue,Short Line Railroad,Pennsylvania Avenue,Pennsylvania Railroad,Ventnor Avenue,Park Place,Connecticut Avenue,Kentucky Avenue,Indiana Avenue,Virginia Avenue,St. Charles Place,
51,25,1,53,30,9,50,32,99,23,6,2,17,9,9,12,77,55,26,49,88,94,54,1,19,11,29,1,13,8,9,305,0,22,15,13,12,13,28,10,9,22,6,6,26,40,32,16,21,8,26,18,12,49,29,35,1,2,13,26,9,46,78,11,196,0,22,28,100,62,16,4,36,4,16,28,13,39,52,32,40,92,76,40,23,37,35,13,62,100,6,41,3,4,7,36,5,961,0,
Best: P34
36
St. Charles Place,Ventnor Avenue,Pacific Avenue,Short Line Railroad,Indiana Avenue,Illinois Avenue,
18,50,1,70,18,9,58,58,63,27,5,3,26,8,7,8,32,88,31,58,95,97,20,1,17,30,34,1,8,9,8,443,0,10,11,10,6,26,56,7,8,14,13,6,45,48,32,15,22,16,21,17,19,49,15,24,1,1,11,24,15,30,85,9,358,0,34,18,100,75,20,10,50,8,16,30,8,52,30,22,38,83,78,68,22,28,34,23,41,70,5,22,2,5,12,39,5,1007,0,
Best: P2
36
Pacific Avenue,Kentucky Avenue,Reading Railroad,Mediterranean Avenue,New York Avenue,Vermont Avenue,Atlantic Avenue,Boardwalk,Illinois Avenue,Connecticut Avenue,Park Place,Indiana Avenue,Water Works,
43,63,1,59,9,10,55,26,61,23,7,3,38,9,8,9,47,75,14,78,100,100,26,1,7,28,33,1,9,7,8,306,0,28,16,11,6,15,37,6,6,20,14,12,36,75,50,20,14,17,17,11,18,79,32,28,1,1,21,14,14,66,79,7,140,0,24,25,91,48,13,10,36,7,19,39,17,57,27,24,36,69,57,34,15,14,27,26,19,83,4,21,3,3,5,52,2,739,0,
Best: P42
38
Tennessee Avenue,Ventnor Avenue,Marvin Gardens,Park Place,Pacific Avenue,Baltic Avenue,States Avenue,
67,59,1,27,16,12,30,22,86,24,7,2,52,7,11,13,69,100,43,93,45,92,11,1,23,13,45,2,11,10,7,389,0,14,30,12,7,10,48,4,5,27,12,12,16,65,40,27,18,25,10,8,16,55,32,29,1,1,19,21,11,41,76,5,122,0,31,16,48,43,10,5,59,3,10,51,8,49,30,34,34,100,58,75,12,26,28,23,53,66,5,51,4,2,9,59,1,589,0,
Best: P3
34
Vermont Avenue,Oriental Avenue,Baltic Avenue,Atlantic Avenue,Reading Railroad,St. Charles Place,
76,56,1,54,13,13,47,28,72,39,4,2,58,7,9,11,88,73,23,60,45,66,28,1,15,15,65,1,6,3,4,404,0,21,15,9,11,14,31,5,5,23,11,9,28,59,50,14,17,12,12,9,17,53,35,31,1,1,11,14,9,39,100,6,131,0,39,30,63,37,9,10,25,7,14,49,11,52,42,35,33,42,46,40,12,45,21,33,53,33,8,39,4,2,10,63,0,1069,0,
Best: P2
37
States Avenue,Mediterranean Avenue,Vermont Avenue,Oriental Avenue,New York Avenue,
58,62,1,56,6,11,63,24,100,15,5,1,66,7,10,17,64,100,20,66,76,100,15,1,9,10,41,1,9,5,4,263,0,15,29,8,9,11,21,9,7,37,5,12,33,56,32,19,19,19,8,10,20,84,34,34,1,1,20,21,16,56,100,2,173,0,32,37,73,42,7,4,16,7,22,23,11,80,22,27,36,44,31,49,19,25,13,34,37,73,7,41,4,1,7,100,0,1072,0,
Best: P3
35
Atlantic Avenue,Vermont Avenue,Mediterranean Avenue,Boardwalk,North Carolina Avenue,Electric Company,Water Works,Baltic Avenue,
44,40,1,33,7,9,48,18,95,26,5,1,56,7,12,19,47,100,12,94,82,59,17,1,11,9,77,1,8,5,5,472,0,19,17,6,15,10,35,7,7,31,12,5,16,56,44,21,15,9,14,5,17,84,43,39,1,1,19,14,14,48,99,5,188,0,43,21,67,40,8,10,14,8,27,52,13,33,25,17,42,45,50,59,21,36,13,18,47,52,6,36,5,1,7,52,0,1572,0,
Best: P34
41
Indiana Avenue,North Carolina Avenue,Kentucky Avenue,Pacific Avenue,Atlantic Avenue,Park Place,Baltic Avenue,Pennsylvania Avenue,Vermont Avenue,New York Avenue,
70,32,1,63,9,7,60,18,100,38,8,1,68,5,11,7,66,99,10,51,82,68,17,1,15,17,49,1,6,3,3,465,0,23,21,7,12,13,18,3,5,24,8,9,22,42,58,23,23,11,7,3,20,89,26,26,1,1,25,24,11,45,62,4,201,0,22,22,79,39,7,10,18,10,33,49,12,38,33,15,41,35,52,77,23,52,16,24,65,96,6,47,4,1,8,40,0,736,0,
Best: P36
39
Oriental Avenue,Indiana Avenue,Reading Railroad,Pennsylvania Avenue,St. James Place,Pacific Avenue,Short Line Railroad,Baltic Avenue,Marvin Gardens,Virginia Avenue,Park Place,Pennsylvania Railroad,States Avenue,Water Works,Tennessee Avenue,
67,31,1,44,8,12,63,16,100,14,4,1,67,5,17,7,79,100,21,72,44,32,12,1,16,15,58,1,3,6,2,484,0,31,30,6,8,5,14,3,4,16,11,10,13,72,44,16,30,5,5,4,17,91,31,17,1,1,15,20,15,64,66,2,362,0,13,17,100,26,11,15,11,13,25,33,8,43,25,18,33,25,32,74,33,60,13,19,83,46,7,50,3,1,5,71,0,783,0,
Best: P3
39
Reading Railroad,Oriental Avenue,Pennsylvania Railroad,Illinois Avenue,Virginia Avenue,Marvin Gardens,States Avenue,Atlantic Avenue,St. Charles Place,
77,32,1,60,6,5,43,16,100,29,6,2,71,5,19,6,79,100,18,45,43,37,8,1,7,10,42,1,4,6,2,280,0,38,34,6,9,7,13,4,2,18,16,11,26,73,32,21,16,6,6,2,10,90,15,31,1,1,22,22,20,41,66,1,167,0,20,20,100,36,6,13,17,9,19,44,7,25,16,10,27,33,70,94,39,39,6,10,100,69,7,52,4,1,6,79,0,668,0,
Best: P3
35
Illinois Avenue,Pacific Avenue,States Avenue,Reading Railroad,Atlantic Avenue,North Carolina Avenue,Virginia Avenue,Electric Company,
77,32,1,60,6,5,43,16,100,29,6,2,71,5,19,6,79,100,18,45,43,37,8,1,7,10,42,1,4,6,2,280,0,38,34,6,9,7,13,4,2,18,16,11,26,73,32,21,16,6,6,2,10,90,15,31,1,1,22,22,20,41,66,1,167,0,20,20,100,36,6,13,17,9,19,44,7,25,16,10,27,33,70,94,39,39,6,10,100,69,7,52,4,1,6,79,0,668,0,
Best: P2
38
Reading Railroad,Indiana Avenue,States Avenue,Electric Company,Ventnor Avenue,Mediterranean Avenue,Pacific Avenue,St. James Place,B & O Railroad,Park Place,
80,38,1,91,5,6,63,7,100,13,5,1,57,5,20,8,82,99,25,51,73,19,9,1,15,8,54,1,3,3,1,267,0,49,41,5,4,8,19,2,1,20,9,15,27,65,31,19,11,7,10,2,17,61,23,45,1,1,13,15,20,39,95,0,120,0,24,19,100,27,4,14,26,8,22,75,11,28,13,8,23,22,58,46,25,23,8,12,97,51,11,40,3,1,3,56,0,793,0,
Best: P3
39
Reading Railroad,Pacific Avenue,St. Charles Place,Tennessee Avenue,Marvin Gardens,B & O Railroad,Mediterranean Avenue,Vermont Avenue,North Carolina Avenue,St. James Place,Illinois Avenue,Park Place,Water Works,
48,37,1,51,5,5,60,9,100,26,5,1,74,3,27,7,100,100,22,28,60,28,4,1,14,13,30,1,2,2,1,223,0,41,47,5,8,10,16,4,1,24,15,9,20,59,17,14,8,6,11,2,10,89,24,30,1,1,18,26,29,49,84,0,213,0,33,12,56,24,3,17,24,10,22,55,13,21,11,6,33,38,90,39,46,22,4,6,91,52,9,24,2,1,3,84,0,759,0,
Best: P2
39
Baltic Avenue,Tennessee Avenue,Oriental Avenue,Illinois Avenue,North Carolina Avenue,Mediterranean Avenue,St. Charles Place,Reading Railroad,Marvin Gardens,Short Line Railroad,
65,43,1,40,6,3,82,4,100,23,6,1,38,6,34,6,100,100,12,30,67,33,6,1,11,10,31,1,1,2,1,134,0,32,59,5,5,6,25,4,1,28,18,10,20,58,34,10,13,3,11,3,7,98,26,41,1,1,12,17,18,22,100,0,139,0,26,14,100,16,4,12,20,12,31,34,6,27,10,8,29,16,100,27,33,31,5,11,100,49,9,31,2,1,4,65,0,1086,0,
Best: P2
43
Vermont Avenue,Mediterranean Avenue,Marvin Gardens,Baltic Avenue,Kentucky Avenue,
65,43,1,40,6,3,82,4,100,23,6,1,38,6,34,6,100,100,12,30,67,33,6,1,11,10,31,1,1,2,1,134,0,32,59,5,5,6,25,4,1,28,18,10,20,58,34,10,13,3,11,3,7,98,26,41,1,1,12,17,18,22,100,0,139,0,26,14,100,16,4,12,20,12,31,34,6,27,10,8,29,16,100,27,33,31,5,11,100,49,9,31,2,1,4,65,0,1086,0,
Best: P3
40
Baltic Avenue,New York Avenue,Electric Company,Kentucky Avenue,Vermont Avenue,B & O Railroad,Indiana Avenue,Ventnor Avenue,Pennsylvania Avenue,Pennsylvania Railroad,North Carolina Avenue,
71,29,1,64,4,4,99,3,44,15,3,1,34,3,31,3,100,100,9,23,50,27,4,1,8,11,26,1,0,1,1,75,0,41,73,5,6,7,24,4,1,18,9,5,31,40,19,16,14,3,7,3,5,52,15,61,1,1,14,11,30,31,80,0,139,0,12,19,76,24,5,6,35,19,29,27,13,25,11,11,43,20,58,37,18,38,4,8,100,42,13,27,2,1,2,44,0,1426,0,
Best: P7
40
Tennessee Avenue,New York Avenue,Virginia Avenue,Kentucky Avenue,North Carolina Avenue,Illinois Avenue,Pennsylvania Railroad,
77,63,1,59,3,2,93,2,44,14,2,1,41,4,35,7,100,57,13,34,25,25,6,1,15,7,31,1,0,0,0,131,0,29,61,7,4,7,38,2,1,24,17,6,26,88,22,11,24,2,11,4,4,85,18,41,1,1,18,14,33,38,72,0,202,0,13,26,61,20,4,18,17,10,36,45,13,45,12,10,33,27,58,31,53,32,4,10,71,29,12,47,1,1,1,77,0,642,0,
Best: P18
40
Connecticut Avenue,North Carolina Avenue,States Avenue,Reading Railroad,St. James Place,Virginia Avenue,Short Line Railroad,Oriental Avenue,Pennsylvania Railroad,Marvin Gardens,Indiana Avenue,Park Place,Vermont Avenue,Pacific Avenue,Mediterranean Avenue,Kentucky Avenue,
34,63,1,38,4,1,59,3,91,22,2,1,34,7,21,6,100,60,11,21,55,20,4,1,14,5,17,1,0,0,0,182,0,21,45,6,5,7,21,2,1,15,9,5,19,82,17,10,11,2,7,2,2,69,17,69,1,1,20,22,25,27,41,0,155,0,7,12,50,11,5,12,23,10,27,34,9,22,14,13,19,10,48,33,70,20,5,9,86,44,7,27,1,1,0,32,0,733,0,
Best: P3
41
Vermont Avenue,Baltic Avenue,States Avenue,Pennsylvania Avenue,Reading Railroad,Kentucky Avenue,Pennsylvania Railroad,Illinois Avenue,St. Charles Place,St. James Place,Atlantic Avenue,Oriental Avenue,North Carolina Avenue,
63,39,1,34,4,1,72,3,61,10,1,1,16,3,24,3,100,47,4,26,29,13,6,1,10,5,18,1,0,0,0,120,0,38,55,5,7,7,20,3,1,15,16,3,29,93,12,18,15,3,7,3,2,100,11,83,1,1,8,19,20,43,75,0,196,0,5,10,69,16,5,15,44,15,12,17,9,50,7,14,23,7,59,17,46,26,5,13,100,24,5,30,1,1,0,64,0,1056,0,
Best: P2
43
Short Line Railroad,Pacific Avenue,Ventnor Avenue,Pennsylvania Avenue,Illinois Avenue,North Carolina Avenue,Vermont Avenue,
31,31,1,28,3,3,79,1,54,9,4,1,23,2,27,8,84,54,5,32,23,20,5,1,8,9,10,1,0,0,0,102,0,27,77,4,5,4,19,3,1,13,15,7,31,72,11,16,25,2,8,3,2,100,11,100,1,1,13,13,14,55,83,0,178,0,19,24,86,19,3,21,43,13,25,44,11,25,7,16,27,7,49,27,25,16,7,11,100,32,6,56,1,1,0,50,0,938,0,
Best: P2
45
North Carolina Avenue,Oriental Avenue,St. James Place,Mediterranean Avenue,Marvin Gardens,New York Avenue,Pennsylvania Railroad,Baltic Avenue,Pennsylvania Avenue,
31,31,1,28,3,3,79,1,54,9,4,1,23,2,27,8,84,54,5,32,23,20,5,1,8,9,10,1,0,0,0,102,0,27,77,4,5,4,19,3,1,13,15,7,31,72,11,16,25,2,8,3,2,100,11,100,1,1,13,13,14,55,83,0,178,0,19,24,86,19,3,21,43,13,25,44,11,25,7,16,27,7,49,27,25,16,7,11,100,32,6,56,1,1,0,50,0,938,0,
Best: P2
44
Pennsylvania Railroad,Tennessee Avenue,Atlantic Avenue,Pacific Avenue,Illinois Avenue,North Carolina Avenue,St. James Place,Boardwalk,Reading Railroad,States Avenue,
31,31,1,28,3,3,79,1,54,9,4,1,23,2,27,8,84,54,5,32,23,20,5,1,8,9,10,1,0,0,0,102,0,27,77,4,5,4,19,3,1,13,15,7,31,72,11,16,25,2,8,3,2,100,11,100,1,1,13,13,14,55,83,0,178,0,19,24,86,19,3,21,43,13,25,44,11,25,7,16,27,7,49,27,25,16,7,11,100,32,6,56,1,1,0,50,0,938,0,
Best: P10
39
Illinois Avenue,Pacific Avenue,Pennsylvania Railroad,St. James Place,Atlantic Avenue,Vermont Avenue,Virginia Avenue,North Carolina Avenue,B & O Railroad,
51,40,1,36,3,4,61,1,47,8,4,1,20,1,22,7,43,66,9,15,9,20,5,1,3,10,12,1,0,0,0,48,0,39,46,4,3,3,13,3,1,7,15,8,17,81,12,17,23,1,4,3,1,53,16,100,1,1,9,19,11,30,100,0,228,0,22,12,44,16,1,20,18,15,27,56,10,30,11,13,13,6,43,27,23,24,8,14,66,37,3,56,1,1,0,93,0,472,0,
Best: P3
48
Reading Railroad,Short Line Railroad,St. James Place,Illinois Avenue,Pacific Avenue,Kentucky Avenue,Ventnor Avenue,Virginia Avenue,Boardwalk,Pennsylvania Avenue,Electric Company,Connecticut Avenue,
30,47,1,32,2,2,56,1,63,6,2,1,13,1,24,5,64,98,6,29,36,16,6,1,6,5,15,1,0,0,0,75,0,19,67,4,5,2,17,2,1,5,15,4,8,65,13,13,19,2,11,4,1,71,22,91,1,1,6,17,22,29,74,0,213,0,14,13,100,21,3,11,31,9,38,62,11,28,11,7,26,9,31,21,26,26,7,18,100,34,6,84,1,1,0,71,0,1160,0,
Best: P2
43
Reading Railroad,Ventnor Avenue,North Carolina Avenue,Baltic Avenue,Kentucky Avenue,Virginia Avenue,Illinois Avenue,Marvin Gardens,Park Place,
44,40,1,27,2,3,77,1,53,4,3,1,12,1,26,4,39,77,3,33,36,19,7,1,5,7,13,1,0,0,0,57,0,48,52,2,5,3,16,1,1,6,13,4,10,100,16,15,25,1,10,3,1,100,26,100,1,1,8,10,16,28,57,0,348,0,18,24,96,12,3,17,30,14,26,75,5,47,9,8,33,6,46,23,28,21,7,11,96,37,7,42,1,1,0,81,0,1296,0,
Best: P2
42
Baltic Avenue,Atlantic Avenue,St. Charles Place,Kentucky Avenue,B & O Railroad,Ventnor Avenue,Tennessee Avenue,Virginia Avenue,Reading Railroad,Marvin Gardens,St. James Place,North Carolina Avenue,
44,40,1,27,2,3,77,1,53,4,3,1,12,1,26,4,39,77,3,33,36,19,7,1,5,7,13,1,0,0,0,57,0,48,52,2,5,3,16,1,1,6,13,4,10,100,16,15,25,1,10,3,1,100,26,100,1,1,8,10,16,28,57,0,348,0,18,24,96,12,3,17,30,14,26,75,5,47,9,8,33,6,46,23,28,21,7,11,96,37,7,42,1,1,0,81,0,1296,0,
Best: P2
42
St. James Place,Connecticut Avenue,Pennsylvania Railroad,Marvin Gardens,Pacific Avenue,Water Works,Virginia Avenue,
44,40,1,27,2,3,77,1,53,4,3,1,12,1,26,4,39,77,3,33,36,19,7,1,5,7,13,1,0,0,0,57,0,48,52,2,5,3,16,1,1,6,13,4,10,100,16,15,25,1,10,3,1,100,26,100,1,1,8,10,16,28,57,0,348,0,18,24,96,12,3,17,30,14,26,75,5,47,9,8,33,6,46,23,28,21,7,11,96,37,7,42,1,1,0,81,0,1296,0,
Best: P3
45
Pacific Avenue,States Avenue,Atlantic Avenue,North Carolina Avenue,Connecticut Avenue,New York Avenue,Marvin Gardens,Pennsylvania Railroad,B & O Railroad,Illinois Avenue,Pennsylvania Avenue,Tennessee Avenue,
49,42,1,37,3,3,100,1,52,5,1,1,21,1,49,4,31,80,5,18,25,9,4,1,4,9,15,1,0,0,0,53,0,27,50,3,5,4,10,1,1,8,12,3,10,68,26,12,39,1,8,4,1,79,33,81,1,1,4,19,17,30,68,0,400,0,14,12,74,8,4,12,29,13,30,94,5,65,10,10,41,5,51,18,23,25,5,9,72,19,8,22,1,1,0,73,0,968,0,
Best: P3
41
Atlantic Avenue,Virginia Avenue,St. Charles Place,B & O Railroad,Indiana Avenue,Reading Railroad,Pennsylvania Avenue,Mediterranean Avenue,
49,42,1,37,3,3,100,1,52,5,1,1,21,1,49,4,31,80,5,18,25,9,4,1,4,9,15,1,0,0,0,53,0,27,50,3,5,4,10,1,1,8,12,3,10,68,26,12,39,1,8,4,1,79,33,81,1,1,4,19,17,30,68,0,400,0,14,12,74,8,4,12,29,13,30,94,5,65,10,10,41,5,51,18,23,25,5,9,72,19,8,22,1,1,0,73,0,968,0,
Best: P4
43
St. James Place,Illinois Avenue,North Carolina Avenue,Oriental Avenue,New York Avenue,Atlantic Avenue,Tennessee Avenue,Park Place,B & O Railroad,Pennsylvania Avenue,Kentucky Avenue,
57,42,1,23,2,3,100,1,76,4,1,1,12,1,61,4,29,68,4,28,15,15,6,1,4,4,13,1,0,0,0,88,0,34,37,3,5,3,8,1,1,6,13,3,4,84,24,10,65,1,8,6,1,100,27,57,1,1,4,17,14,38,100,0,551,0,11,8,100,9,4,18,37,18,35,57,5,41,10,6,56,4,50,10,30,21,10,13,79,12,5,21,1,1,0,79,0,928,0,
Best: P3
40
Reading Railroad,Kentucky Avenue,Pacific Avenue,St. James Place,B & O Railroad,Vermont Avenue,
59,34,1,42,1,3,100,1,42,5,1,2,10,1,34,6,27,100,3,25,13,15,4,1,5,6,14,1,0,0,0,49,0,21,61,4,4,3,8,1,1,10,17,2,4,96,22,6,34,1,4,7,1,45,24,99,1,1,3,20,13,19,82,0,418,0,9,9,66,11,3,17,29,16,38,83,5,71,14,4,26,4,49,13,15,21,4,7,49,8,8,15,1,1,0,84,0,1393,0,
Best: P2
44
Oriental Avenue,Short Line Railroad,St. Charles Place,Atlantic Avenue,Tennessee Avenue,Kentucky Avenue,Virginia Avenue,Indiana Avenue,Pennsylvania Avenue,St. James Place,Ventnor Avenue,
39,36,1,54,1,3,92,1,82,5,1,1,10,1,51,4,54,71,6,25,9,18,5,1,4,8,7,1,0,0,0,74,0,47,33,3,4,2,13,1,1,5,7,2,4,100,22,7,54,1,4,8,1,89,31,100,1,1,2,18,20,26,85,0,360,0,12,19,42,15,4,18,23,16,45,59,5,46,9,6,25,7,33,10,15,33,5,7,89,15,8,33,1,1,0,85,0,718,0,
Best: P3
43
Kentucky Avenue,North Carolina Avenue,Virginia Avenue,Ventnor Avenue,Baltic Avenue,
63,19,1,43,1,4,68,1,63,6,1,1,6,1,61,6,26,100,3,15,15,16,3,1,3,7,14,1,0,0,0,69,0,45,60,4,3,1,7,1,1,6,8,2,4,92,20,7,40,1,5,7,1,73,30,100,1,1,1,12,11,12,68,0,229,0,14,18,46,11,4,25,15,24,50,45,6,71,11,7,36,5,41,8,21,37,2,10,72,10,10,12,1,1,0,42,0,1339,0,
Best: P2
44
Kentucky Avenue,Oriental Avenue,Boardwalk,St. Charles Place,Virginia Avenue,Ventnor Avenue,B & O Railroad,Vermont Avenue,Indiana Avenue,Atlantic Avenue,
70,36,1,24,1,3,72,1,43,3,1,1,12,1,67,5,37,100,3,13,17,13,2,1,2,5,5,1,0,0,0,100,0,67,58,2,3,1,13,1,1,4,9,2,3,84,11,8,46,1,3,4,1,68,17,100,1,1,1,8,9,25,100,0,223,0,10,18,65,15,3,30,25,21,66,78,7,70,9,5,32,5,19,5,12,47,4,9,41,15,8,24,1,1,0,76,0,1439,0,
Best: P2
44
Tennessee Avenue,Boardwalk,Marvin Gardens,New York Avenue,Vermont Avenue,
70,36,1,24,1,3,72,1,43,3,1,1,12,1,67,5,37,100,3,13,17,13,2,1,2,5,5,1,0,0,0,100,0,67,58,2,3,1,13,1,1,4,9,2,3,84,11,8,46,1,3,4,1,68,17,100,1,1,1,8,9,25,100,0,223,0,10,18,65,15,3,30,25,21,66,78,7,70,9,5,32,5,19,5,12,47,4,9,41,15,8,24,1,1,0,76,0,1439,0,
Best: P2
40
Kentucky Avenue,Mediterranean Avenue,Ventnor Avenue,Oriental Avenue,States Avenue,Tennessee Avenue,Short Line Railroad,Virginia Avenue,North Carolina Avenue,Pennsylvania Avenue,Indiana Avenue,Illinois Avenue,Pennsylvania Railroad,
70,36,1,24,1,3,72,1,43,3,1,1,12,1,67,5,37,100,3,13,17,13,2,1,2,5,5,1,0,0,0,100,0,67,58,2,3,1,13,1,1,4,9,2,3,84,11,8,46,1,3,4,1,68,17,100,1,1,1,8,9,25,100,0,223,0,10,18,65,15,3,30,25,21,66,78,7,70,9,5,32,5,19,5,12,47,4,9,41,15,8,24,1,1,0,76,0,1439,0,
Best: P2
40
States Avenue,Vermont Avenue,Short Line Railroad,Pennsylvania Avenue,Tennessee Avenue,Marvin Gardens,Ventnor Avenue,New York Avenue,St. James Place,Indiana Avenue,B & O Railroad,
70,36,1,24,1,3,72,1,43,3,1,1,12,1,67,5,37,100,3,13,17,13,2,1,2,5,5,1,0,0,0,100,0,67,58,2,3,1,13,1,1,4,9,2,3,84,11,8,46,1,3,4,1,68,17,100,1,1,1,8,9,25,100,0,223,0,10,18,65,15,3,30,25,21,66,78,7,70,9,5,32,5,19,5,12,47,4,9,41,15,8,24,1,1,0,76,0,1439,0,
Best: P2
43
Virginia Avenue,Atlantic Avenue,Reading Railroad,Tennessee Avenue,Pennsylvania Avenue,St. James Place,Park Place,Oriental Avenue,Pacific Avenue,Indiana Avenue,
70,36,1,24,1,3,72,1,43,3,1,1,12,1,67,5,37,100,3,13,17,13,2,1,2,5,5,1,0,0,0,100,0,67,58,2,3,1,13,1,1,4,9,2,3,84,11,8,46,1,3,4,1,68,17,100,1,1,1,8,9,25,100,0,223,0,10,18,65,15,3,30,25,21,66,78,7,70,9,5,32,5,19,5,12,47,4,9,41,15,8,24,1,1,0,76,0,1439,0,
Best: P2
42
Indiana Avenue,Reading Railroad,St. Charles Place,North Carolina Avenue,Ventnor Avenue,Mediterranean Avenue,Water Works,Boardwalk,
70,36,1,24,1,3,72,1,43,3,1,1,12,1,67,5,37,100,3,13,17,13,2,1,2,5,5,1,0,0,0,100,0,67,58,2,3,1,13,1,1,4,9,2,3,84,11,8,46,1,3,4,1,68,17,100,1,1,1,8,9,25,100,0,223,0,10,18,65,15,3,30,25,21,66,78,7,70,9,5,32,5,19,5,12,47,4,9,41,15,8,24,1,1,0,76,0,1439,0,
Best: P3
44
St. Charles Place,Water Works,New York Avenue,States Avenue,Pennsylvania Avenue,Marvin Gardens,Tennessee Avenue,Indiana Avenue,Electric Company,
86,17,1,19,1,3,79,1,45,3,1,1,17,1,67,7,40,77,1,15,13,9,1,1,1,7,7,1,0,0,0,137,0,52,52,1,4,1,11,1,1,3,9,2,3,100,13,7,54,1,2,3,1,52,20,56,1,1,1,5,6,22,82,0,282,0,7,20,47,10,2,28,32,14,74,56,6,68,7,3,42,3,13,3,16,56,2,6,62,8,10,24,1,1,0,75,0,1546,0,
Best: P3
44
Reading Railroad,Tennessee Avenue,St. Charles Place,Short Line Railroad,Indiana Avenue,New York Avenue,Virginia Avenue,Illinois Avenue,Mediterranean Avenue,North Carolina Avenue,Kentucky Avenue,St. James Place,
86,17,1,19,1,3,79,1,45,3,1,1,17,1,67,7,40,77,1,15,13,9,1,1,1,7,7,1,0,0,0,137,0,52,52,1,4,1,11,1,1,3,9,2,3,100,13,7,54,1,2,3,1,52,20,56,1,1,1,5,6,22,82,0,282,0,7,20,47,10,2,28,32,14,74,56,6,68,7,3,42,3,13,3,16,56,2,6,62,8,10,24,1,1,0,75,0,1546,0,
Best: P2
48
St. Charles Place,Tennessee Avenue,Ventnor Avenue,Virginia Avenue,North Carolina Avenue,Pennsylvania Railroad,
62,12,1,11,1,4,94,1,45,2,1,1,11,1,86,10,56,56,1,9,15,13,1,1,1,9,7,1,0,0,0,122,0,45,74,1,5,1,15,1,1,2,9,3,3,89,21,4,55,1,3,3,1,38,18,57,1,1,1,3,7,26,88,0,256,0,6,12,62,6,1,36,17,24,45,73,9,100,7,1,58,3,8,2,14,55,1,10,36,6,5,34,1,1,0,100,0,712,0,
Best: P2
47
Oriental Avenue,Mediterranean Avenue,B & O Railroad,Boardwalk,St. Charles Place,Marvin Gardens,New York Avenue,
62,12,1,11,1,4,94,1,45,2,1,1,11,1,86,10,56,56,1,9,15,13,1,1,1,9,7,1,0,0,0,122,0,45,74,1,5,1,15,1,1,2,9,3,3,89,21,4,55,1,3,3,1,38,18,57,1,1,1,3,7,26,88,0,256,0,6,12,62,6,1,36,17,24,45,73,9,100,7,1,58,3,8,2,14,55,1,10,36,6,5,34,1,1,0,100,0,712,0,
Best: P2
47
St. James Place,Oriental Avenue,Virginia Avenue,Short Line Railroad,Indiana Avenue,States Avenue,Water Works,Pennsylvania Avenue,New York Avenue,St. Charles Place,
62,12,1,11,1,4,94,1,45,2,1,1,11,1,86,10,56,56,1,9,15,13,1,1,1,9,7,1,0,0,0,122,0,45,74,1,5,1,15,1,1,2,9,3,3,89,21,4,55,1,3,3,1,38,18,57,1,1,1,3,7,26,88,0,256,0,6,12,62,6,1,36,17,24,45,73,9,100,7,1,58,3,8,2,14,55,1,10,36,6,5,34,1,1,0,100,0,712,0,
Best: P3
44
Oriental Avenue,Short Line Railroad,Boardwalk,New York Avenue,Indiana Avenue,
43,14,1,13,1,3,63,1,46,3,1,1,17,1,64,13,38,51,1,14,7,22,1,1,1,12,11,1,0,0,0,81,0,58,77,1,3,1,17,1,1,1,10,2,2,100,20,5,46,1,2,3,1,20,20,66,1,1,1,4,5,14,81,0,294,0,6,10,88,10,1,29,14,11,79,91,5,77,7,1,40,2,15,3,17,30,1,9,42,7,5,55,1,1,0,63,0,873,0,
Best: P3
43
Tennessee Avenue,States Avenue,Reading Railroad,St. James Place,St. Charles Place,Mediterranean Avenue,Oriental Avenue,
43,14,1,13,1,3,63,1,46,3,1,1,17,1,64,13,38,51,1,14,7,22,1,1,1,12,11,1,0,0,0,81,0,58,77,1,3,1,17,1,1,1,10,2,2,100,20,5,46,1,2,3,1,20,20,66,1,1,1,4,5,14,81,0,294,0,6,10,88,10,1,29,14,11,79,91,5,77,7,1,40,2,15,3,17,30,1,9,42,7,5,55,1,1,0,63,0,873,0,
Best: P2
48
New York Avenue,St. James Place,North Carolina Avenue,St. Charles Place,Short Line Railroad,Virginia Avenue,Pennsylvania Railroad,Atlantic Avenue,Vermont Avenue,B & O Railroad,
56,12,1,15,1,4,32,1,50,4,1,1,26,1,63,11,26,65,1,14,8,19,1,1,1,5,10,1,0,0,0,92,0,28,86,1,2,1,19,1,1,1,11,1,2,81,16,3,58,1,2,3,1,37,15,49,2,1,1,3,5,23,75,0,223,0,4,4,100,14,1,40,11,18,100,100,4,72,10,1,56,1,15,2,16,28,1,7,30,5,6,45,1,1,0,53,0,1134,0,
Best: P2
44
Tennessee Avenue,Illinois Avenue,Baltic Avenue,St. Charles Place,States Avenue,Reading Railroad,
56,12,1,15,1,4,32,1,50,4,1,1,26,1,63,11,26,65,1,14,8,19,1,1,1,5,10,1,0,0,0,92,0,28,86,1,2,1,19,1,1,1,11,1,2,81,16,3,58,1,2,3,1,37,15,49,2,1,1,3,5,23,75,0,223,0,4,4,100,14,1,40,11,18,100,100,4,72,10,1,56,1,15,2,16,28,1,7,30,5,6,45,1,1,0,53,0,1134,0,
Best: P1
45
North Carolina Avenue,B & O Railroad,New York Avenue,Pennsylvania Avenue,States Avenue,
65,8,1,8,1,5,24,1,61,4,1,1,19,1,30,10,26,57,1,9,8,30,1,1,1,6,10,1,0,0,0,73,0,26,100,1,3,1,15,1,1,1,8,1,3,90,8,2,79,1,1,1,1,20,20,31,1,1,1,2,4,21,50,0,115,0,5,8,47,11,1,42,16,11,59,83,4,78,12,1,68,2,17,1,18,37,1,16,23,5,3,84,1,1,0,55,0,1656,0,
Best: P2
45
St. James Place,Short Line Railroad,Oriental Avenue,North Carolina Avenue,Kentucky Avenue,Reading Railroad,States Avenue,B & O Railroad,Ventnor Avenue,Atlantic Avenue,
30,7,1,10,1,5,34,1,61,3,1,1,31,1,30,9,33,88,1,10,12,20,1,1,1,5,7,1,0,0,0,72,0,23,60,1,1,1,17,1,1,2,10,1,3,50,15,1,82,1,1,3,1,26,21,58,1,1,1,2,3,29,81,0,248,0,6,8,82,13,1,46,19,21,100,51,5,80,14,1,35,1,18,1,21,43,1,15,22,6,3,68,1,1,0,66,0,1088,0,
Best: P6
45
St. Charles Place,Kentucky Avenue,Indiana Avenue,States Avenue,
77,7,1,11,1,5,38,1,54,1,1,1,15,1,41,6,27,92,1,4,8,33,1,1,1,2,15,1,0,0,0,102,0,31,78,1,1,1,18,1,1,1,14,1,4,34,14,1,81,1,1,2,1,19,26,66,2,1,1,2,2,21,68,0,190,0,6,4,79,11,1,55,15,12,72,95,2,98,10,1,29,1,26,1,12,31,1,11,12,5,4,70,1,1,0,67,0,1417,0,
Best: P2
47
States Avenue,Short Line Railroad,Tennessee Avenue,Boardwalk,Ventnor Avenue,Vermont Avenue,Oriental Avenue,Pacific Avenue,
58,9,2,14,1,4,41,1,30,1,1,1,27,1,33,9,30,50,1,8,10,30,1,1,1,4,6,1,0,0,0,110,0,15,55,1,1,1,23,1,1,1,15,1,2,29,10,1,100,1,1,3,1,12,25,61,1,1,1,1,2,37,82,0,232,0,3,7,69,12,1,42,16,16,51,77,4,57,11,1,22,1,31,1,13,26,1,19,11,5,4,60,1,1,0,88,0,851,0,
Best: P2
44
Tennessee Avenue,Kentucky Avenue,Oriental Avenue,St. Charles Place,Connecticut Avenue,States Avenue,Illinois Avenue,North Carolina Avenue,
58,9,2,14,1,4,41,1,30,1,1,1,27,1,33,9,30,50,1,8,10,30,1,1,1,4,6,1,0,0,0,110,0,15,55,1,1,1,23,1,1,1,15,1,2,29,10,1,100,1,1,3,1,12,25,61,1,1,1,1,2,37,82,0,232,0,3,7,69,12,1,42,16,16,51,77,4,57,11,1,22,1,31,1,13,26,1,19,11,5,4,60,1,1,0,88,0,851,0,
Best: P3
42
St. James Place,Boardwalk,Mediterranean Avenue,
100,8,1,11,1,2,27,1,30,1,1,1,25,1,42,13,48,32,1,4,6,28,1,1,1,5,6,1,0,0,0,145,0,7,88,1,1,1,24,1,1,1,22,1,3,16,12,1,100,1,1,2,1,19,19,57,1,1,1,1,1,25,86,0,112,0,4,6,52,5,1,32,11,12,45,82,4,89,9,1,23,1,41,1,13,15,1,24,14,3,3,66,1,1,0,100,0,1464,0,
Best: P2
46
Baltic Avenue,States Avenue,Short Line Railroad,Boardwalk,Electric Company,
100,6,1,13,1,2,27,1,32,1,1,1,34,1,26,11,41,24,1,8,9,42,1,1,1,6,4,1,0,0,0,114,0,11,84,1,1,1,24,1,1,1,20,1,3,24,14,1,100,1,1,1,1,8,15,31,1,1,1,1,1,25,100,0,108,0,3,6,33,8,1,23,11,10,68,58,3,100,12,1,17,1,47,1,8,22,1,25,8,3,4,40,1,1,0,76,0,1504,0,
Best: P2
46
Marvin Gardens,Atlantic Avenue,B & O Railroad,
100,6,1,13,1,2,27,1,32,1,1,1,34,1,26,11,41,24,1,8,9,42,1,1,1,6,4,1,0,0,0,114,0,11,84,1,1,1,24,1,1,1,20,1,3,24,14,1,100,1,1,1,1,8,15,31,1,1,1,1,1,25,100,0,108,0,3,6,33,8,1,23,11,10,68,58,3,100,12,1,17,1,47,1,8,22,1,25,8,3,4,40,1,1,0,76,0,1504,0,
Best: P2
44
Baltic Avenue,Boardwalk,Reading Railroad,B & O Railroad,Electric Company,Mediterranean Avenue,North Carolina Avenue,
100,6,1,13,1,2,27,1,32,1,1,1,34,1,26,11,41,24,1,8,9,42,1,1,1,6,4,1,0,0,0,114,0,11,84,1,1,1,24,1,1,1,20,1,3,24,14,1,100,1,1,1,1,8,15,31,1,1,1,1,1,25,100,0,108,0,3,6,33,8,1,23,11,10,68,58,3,100,12,1,17,1,47,1,8,22,1,25,8,3,4,40,1,1,0,76,0,1504,0,
Best: P2
45
Oriental Avenue,Short Line Railroad,Tennessee Avenue,Virginia Avenue,Reading Railroad,
100,6,1,13,1,2,27,1,32,1,1,1,34,1,26,11,41,24,1,8,9,42,1,1,1,6,4,1,0,0,0,114,0,11,84,1,1,1,24,1,1,1,20,1,3,24,14,1,100,1,1,1,1,8,15,31,1,1,1,1,1,25,100,0,108,0,3,6,33,8,1,23,11,10,68,58,3,100,12,1,17,1,47,1,8,22,1,25,8,3,4,40,1,1,0,76,0,1504,0,
Best: P2
46
Oriental Avenue,Tennessee Avenue,Marvin Gardens,Park Place,
100,6,1,13,1,2,27,1,32,1,1,1,34,1,26,11,41,24,1,8,9,42,1,1,1,6,4,1,0,0,0,114,0,11,84,1,1,1,24,1,1,1,20,1,3,24,14,1,100,1,1,1,1,8,15,31,1,1,1,1,1,25,100,0,108,0,3,6,33,8,1,23,11,10,68,58,3,100,12,1,17,1,47,1,8,22,1,25,8,3,4,40,1,1,0,76,0,1504,0,
Best: P2
46
Tennessee Avenue,Short Line Railroad,States Avenue,Marvin Gardens,
100,6,1,13,1,2,27,1,32,1,1,1,34,1,26,11,41,24,1,8,9,42,1,1,1,6,4,1,0,0,0,114,0,11,84,1,1,1,24,1,1,1,20,1,3,24,14,1,100,1,1,1,1,8,15,31,1,1,1,1,1,25,100,0,108,0,3,6,33,8,1,23,11,10,68,58,3,100,12,1,17,1,47,1,8,22,1,25,8,3,4,40,1,1,0,76,0,1504,0,
Best: P3
43
Marvin Gardens,Pennsylvania Avenue,North Carolina Avenue,States Avenue,St. James Place,Baltic Avenue,Mediterranean Avenue,Ventnor Avenue,
51,8,1,15,1,1,41,1,38,1,1,1,22,1,22,8,56,17,1,8,13,60,1,1,1,5,5,1,0,0,0,62,0,16,81,1,1,1,42,1,1,1,22,1,3,16,18,1,62,1,1,1,1,5,12,27,1,1,1,1,1,29,100,0,94,0,2,7,43,7,1,13,13,15,40,80,4,68,17,1,20,1,43,1,14,16,1,33,6,2,3,17,1,1,0,59,0,1098,0,
Best: P2
47
Kentucky Avenue,Tennessee Avenue,Boardwalk,B & O Railroad,
68,10,1,12,1,1,48,1,26,1,1,1,37,1,20,11,54,13,1,12,10,28,1,1,1,3,5,1,0,0,0,118,0,8,52,1,1,1,30,1,1,1,28,1,4,28,18,1,97,1,1,1,1,4,15,21,1,1,1,1,1,21,71,0,51,0,3,3,42,9,1,17,12,11,35,96,2,71,8,1,11,1,57,1,8,23,1,26,4,1,3,38,1,1,0,71,0,1457,0,
Best: P1
41
St. Charles Place,Marvin Gardens,St. James Place,Short Line Railroad,Illinois Avenue,
63,7,1,10,1,2,27,1,16,1,1,1,18,1,22,6,47,25,1,10,6,40,1,1,1,3,2,1,0,0,0,56,0,13,87,1,1,1,45,1,1,1,15,1,3,19,15,1,61,1,1,1,1,5,17,25,1,1,1,1,1,9,90,0,106,0,3,8,43,9,1,22,10,6,33,66,2,65,15,1,18,1,65,2,4,17,1,14,4,1,2,30,1,1,0,76,0,1240,0,
Best: P1
45
St. James Place,St. Charles Place,Pennsylvania Avenue,Indiana Avenue,States Avenue,
63,7,1,10,1,2,27,1,16,1,1,1,18,1,22,6,47,25,1,10,6,40,1,1,1,3,2,1,0,0,0,56,0,13,87,1,1,1,45,1,1,1,15,1,3,19,15,1,61,1,1,1,1,5,17,25,1,1,1,1,1,9,90,0,106,0,3,8,43,9,1,22,10,6,33,66,2,65,15,1,18,1,65,2,4,17,1,14,4,1,2,30,1,1,0,76,0,1240,0,
Best: P3
46
Electric Company,Indiana Avenue,North Carolina Avenue,Reading Railroad,Illinois Avenue,
100,7,1,16,1,1,45,1,14,1,1,1,14,1,36,7,61,28,1,6,3,53,1,1,1,3,1,1,0,0,0,96,0,9,94,1,1,1,22,1,1,1,19,1,2,10,13,1,61,1,1,1,1,5,12,25,1,1,1,1,1,11,100,0,108,0,1,7,41,5,1,19,14,12,29,52,4,72,19,1,18,1,86,1,9,12,1,22,5,1,2,13,1,1,0,38,0,831,0,
Best: P2
44
Marvin Gardens,
69,8,1,17,1,1,31,1,12,1,1,1,11,1,13,9,56,22,1,12,7,35,2,1,1,3,2,1,0,0,0,78,0,15,100,1,1,1,24,1,1,1,8,1,2,26,9,1,80,1,1,1,1,5,16,33,1,1,1,1,1,7,100,0,70,0,1,6,34,5,1,12,11,9,30,73,3,59,10,1,11,1,100,1,8,16,1,13,3,1,1,20,1,1,0,46,0,1065,0,
Best: P2
46
Kentucky Avenue,Oriental Avenue,Park Place,St. James Place,States Avenue,Virginia Avenue,
69,8,1,17,1,1,31,1,12,1,1,1,11,1,13,9,56,22,1,12,7,35,2,1,1,3,2,1,0,0,0,78,0,15,100,1,1,1,24,1,1,1,8,1,2,26,9,1,80,1,1,1,1,5,16,33,1,1,1,1,1,7,100,0,70,0,1,6,34,5,1,12,11,9,30,73,3,59,10,1,11,1,100,1,8,16,1,13,3,1,1,20,1,1,0,46,0,1065,0,
Best: P1
45
Kentucky Avenue,Tennessee Avenue,St. James Place,Atlantic Avenue,States Avenue,
100,6,1,15,1,1,15,1,17,1,1,1,9,1,13,9,100,23,1,13,9,32,1,1,1,2,1,1,0,0,0,61,0,6,100,1,1,1,35,1,1,1,18,1,1,28,6,1,67,1,1,1,1,2,20,29,1,1,1,1,1,8,100,0,130,0,3,10,40,3,1,8,7,10,32,37,1,100,10,1,15,1,50,1,9,16,1,10,6,2,1,23,1,1,0,19,0,1209,0,
Best: P1
47
Kentucky Avenue,Short Line Railroad,Pennsylvania Avenue,Oriental Avenue,Reading Railroad,Water Works,
100,6,1,15,1,1,15,1,17,1,1,1,9,1,13,9,100,23,1,13,9,32,1,1,1,2,1,1,0,0,0,61,0,6,100,1,1,1,35,1,1,1,18,1,1,28,6,1,67,1,1,1,1,2,20,29,1,1,1,1,1,8,100,0,130,0,3,10,40,3,1,8,7,10,32,37,1,100,10,1,15,1,50,1,9,16,1,10,6,2,1,23,1,1,0,19,0,1209,0,
Best: P3
43
St. James Place,Indiana Avenue,Tennessee Avenue,Oriental Avenue,
100,5,1,24,1,1,13,1,21,1,1,1,12,1,13,12,100,23,1,7,4,73,1,1,1,1,1,1,0,0,0,63,0,5,45,1,1,1,36,1,1,1,20,1,1,28,5,1,100,1,1,1,1,2,11,17,1,1,1,1,1,4,100,0,158,0,2,6,52,2,1,9,4,11,52,54,1,63,13,1,16,1,50,1,5,14,1,8,7,1,1,33,1,1,0,32,0,1593,0,
Best: P3
43
Oriental Avenue,Marvin Gardens,Short Line Railroad,Virginia Avenue,
100,5,1,24,1,1,13,1,21,1,1,1,12,1,13,12,100,23,1,7,4,73,1,1,1,1,1,1,0,0,0,63,0,5,45,1,1,1,36,1,1,1,20,1,1,28,5,1,100,1,1,1,1,2,11,17,1,1,1,1,1,4,100,0,158,0,2,6,52,2,1,9,4,11,52,54,1,63,13,1,16,1,50,1,5,14,1,8,7,1,1,33,1,1,0,32,0,1593,0,
Best: P2
45
Oriental Avenue,Tennessee Avenue,Marvin Gardens,Ventnor Avenue,Mediterranean Avenue,St. James Place,North Carolina Avenue,Indiana Avenue,B & O Railroad,States Avenue,
42,4,1,20,1,1,7,1,16,1,1,1,19,1,20,13,100,32,1,6,5,71,1,1,1,1,1,1,0,0,0,59,0,6,47,1,1,1,23,1,1,1,14,1,1,44,8,1,100,1,1,1,1,2,16,13,1,1,1,1,1,2,100,0,177,0,3,7,25,1,1,7,4,10,61,24,1,70,12,1,11,1,77,1,10,13,1,5,4,1,1,22,1,1,0,26,0,1001,0,
Best: P2
46
Atlantic Avenue,Oriental Avenue,North Carolina Avenue,
42,4,1,20,1,1,7,1,16,1,1,1,19,1,20,13,100,32,1,6,5,71,1,1,1,1,1,1,0,0,0,59,0,6,47,1,1,1,23,1,1,1,14,1,1,44,8,1,100,1,1,1,1,2,16,13,1,1,1,1,1,2,100,0,177,0,3,7,25,1,1,7,4,10,61,24,1,70,12,1,11,1,77,1,10,13,1,5,4,1,1,22,1,1,0,26,0,1001,0,
Best: P3
46
Marvin Gardens,Tennessee Avenue,Pennsylvania Railroad,
40,2,1,14,1,1,10,1,8,1,1,1,9,1,16,17,78,30,1,7,4,95,1,1,1,1,1,1,0,0,0,70,0,4,42,1,1,1,37,1,1,1,17,1,1,18,8,1,100,1,1,1,1,2,13,9,1,1,1,1,1,2,100,0,261,0,3,7,40,1,1,7,2,11,39,22,1,38,5,1,14,1,67,1,11,10,1,7,5,1,1,27,1,1,0,14,0,970,0,
Best: P2
46
Tennessee Avenue,Short Line Railroad,Marvin Gardens,North Carolina Avenue,Pennsylvania Avenue,Oriental Avenue,Atlantic Avenue,Mediterranean Avenue,St. Charles Place,
27,2,1,11,1,1,8,1,15,1,1,1,16,1,12,8,100,21,1,7,4,100,1,1,1,1,1,1,0,0,0,64,0,6,39,1,1,1,32,1,1,1,9,1,1,16,12,1,100,1,1,1,1,2,19,13,2,1,1,1,1,2,100,0,306,0,4,7,32,1,1,7,2,13,29,12,1,35,11,2,14,1,63,1,12,16,1,3,5,1,1,23,1,1,0,14,0,1231,0,
Best: P2
47
Indiana Avenue,Marvin Gardens,Kentucky Avenue,Reading Railroad,North Carolina Avenue,Baltic Avenue,
27,2,1,11,1,1,8,1,15,1,1,1,16,1,12,8,100,21,1,7,4,100,1,1,1,1,1,1,0,0,0,64,0,6,39,1,1,1,32,1,1,1,9,1,1,16,12,1,100,1,1,1,1,2,19,13,2,1,1,1,1,2,100,0,306,0,4,7,32,1,1,7,2,13,29,12,1,35,11,2,14,1,63,1,12,16,1,3,5,1,1,23,1,1,0,14,0,1231,0,
Best: P1
45
Virginia Avenue,Marvin Gardens,Kentucky Avenue,Illinois Avenue,Indiana Avenue,
36,2,1,13,1,1,13,1,15,1,1,1,13,1,21,9,100,17,1,7,3,100,1,1,1,1,1,1,0,0,0,78,0,5,81,1,1,1,26,1,1,1,12,1,1,11,5,1,100,1,1,1,1,1,28,10,1,1,1,1,1,2,100,0,246,0,2,7,18,1,1,7,3,17,13,28,1,58,12,1,10,1,96,1,8,21,1,5,2,1,1,27,1,1,0,9,0,917,0,
Best: P2
46
St. Charles Place,Tennessee Avenue,States Avenue,Baltic Avenue,Water Works,
47,1,1,11,1,1,11,1,9,1,1,1,12,1,8,5,100,24,1,4,4,95,1,1,1,1,1,1,0,0,0,61,0,7,62,1,1,1,23,1,1,1,8,2,1,16,8,1,100,1,1,1,1,1,29,8,1,1,1,1,1,2,100,0,276,0,3,7,13,1,1,4,3,15,25,14,1,65,6,1,18,2,52,1,14,11,1,4,3,1,1,15,1,1,0,7,0,1224,0,
Best: P1
43
Oriental Avenue,Pacific Avenue,Tennessee Avenue,Marvin Gardens,Indiana Avenue,
36,1,1,7,1,1,11,1,13,1,1,1,6,1,10,7,63,15,1,6,2,62,1,1,1,1,1,1,0,0,0,60,0,8,43,1,1,1,30,1,1,1,15,1,1,7,9,1,100,1,1,1,1,1,36,9,1,1,1,1,1,1,100,0,300,0,2,7,13,1,1,5,3,16,23,26,1,62,6,1,7,1,100,1,15,11,1,2,3,1,1,25,1,1,0,7,0,1605,0,
Best: P2
45
Tennessee Avenue,St. James Place,North Carolina Avenue,
24,1,1,12,1,1,16,1,8,1,1,1,11,1,5,8,42,21,1,6,2,44,1,1,1,1,1,1,0,0,0,61,0,8,76,1,1,1,36,1,1,1,14,1,2,12,9,1,100,1,1,1,1,1,28,12,1,1,1,1,1,0,100,0,411,0,1,8,7,1,1,2,2,8,36,13,1,84,5,1,14,1,76,1,8,7,1,3,3,1,1,25,1,1,0,4,0,1300,0,
Best: P1
47
Kentucky Avenue,B & O Railroad,
37,1,1,9,1,2,7,1,5,1,1,1,9,1,8,8,39,18,1,9,2,52,1,1,1,1,1,1,0,0,0,61,0,5,74,1,1,1,39,1,1,1,20,1,1,7,7,1,90,1,1,1,1,1,35,10,1,1,1,1,1,0,100,0,255,0,1,8,5,1,1,4,2,14,28,25,1,41,6,1,6,1,48,1,14,13,1,2,4,1,1,33,1,1,0,4,0,1945,0,
Best: P1
47
St. James Place,Virginia Avenue,Tennessee Avenue,North Carolina Avenue,
37,1,1,9,1,2,7,1,5,1,1,1,9,1,8,8,39,18,1,9,2,52,1,1,1,1,1,1,0,0,0,61,0,5,74,1,1,1,39,1,1,1,20,1,1,7,7,1,90,1,1,1,1,1,35,10,1,1,1,1,1,0,100,0,255,0,1,8,5,1,1,4,2,14,28,25,1,41,6,1,6,1,48,1,14,13,1,2,4,1,1,33,1,1,0,4,0,1945,0,
Best: P1
45
New York Avenue,St. James Place,Indiana Avenue,Pennsylvania Avenue,B & O Railroad,Short Line Railroad,Park Place,Reading Railroad,
37,1,1,9,1,2,7,1,5,1,1,1,9,1,8,8,39,18,1,9,2,52,1,1,1,1,1,1,0,0,0,61,0,5,74,1,1,1,39,1,1,1,20,1,1,7,7,1,90,1,1,1,1,1,35,10,1,1,1,1,1,0,100,0,255,0,1,8,5,1,1,4,2,14,28,25,1,41,6,1,6,1,48,1,14,13,1,2,4,1,1,33,1,1,0,4,0,1945,0,
Best: P2
48
Kentucky Avenue,B & O Railroad,Tennessee Avenue,Short Line Railroad,Marvin Gardens,Atlantic Avenue,Electric Company,
26,1,1,5,1,1,5,1,8,1,1,1,9,1,8,7,40,25,1,13,1,68,1,1,1,1,1,1,0,0,0,60,0,6,57,1,1,1,39,1,1,1,18,1,1,6,5,1,57,1,1,1,1,1,27,6,1,1,1,1,1,0,76,0,155,0,1,5,8,1,1,4,3,20,21,30,1,30,5,1,9,1,37,1,11,11,1,1,4,1,1,49,1,1,0,4,0,1611,0,
Best: P1
46
St. James Place,Atlantic Avenue,Pennsylvania Avenue,B & O Railroad,
24,1,1,9,1,1,7,1,3,1,1,1,7,1,6,5,54,16,1,10,1,51,1,1,1,2,1,1,0,0,0,59,0,7,56,1,1,1,48,1,1,1,16,1,1,8,7,1,59,1,1,1,1,1,45,9,1,2,1,1,1,0,52,0,196,0,1,7,4,1,1,2,3,25,29,33,1,30,3,1,5,1,35,1,17,9,1,1,5,1,1,46,1,1,0,2,0,1920,0,
Best: P1
48
Tennessee Avenue,St. James Place,Pennsylvania Avenue,
24,1,1,9,1,1,7,1,3,1,1,1,7,1,6,5,54,16,1,10,1,51,1,1,1,2,1,1,0,0,0,59,0,7,56,1,1,1,48,1,1,1,16,1,1,8,7,1,59,1,1,1,1,1,45,9,1,2,1,1,1,0,52,0,196,0,1,7,4,1,1,2,3,25,29,33,1,30,3,1,5,1,35,1,17,9,1,1,5,1,1,46,1,1,0,2,0,1920,0,
Best: P5
43
Marvin Gardens,North Carolina Avenue,Virginia Avenue,Baltic Avenue,Tennessee Avenue,
18,1,1,4,1,1,8,1,5,1,1,1,9,1,7,3,42,20,1,5,1,36,1,1,1,1,1,1,0,0,0,43,0,9,46,1,1,1,45,1,1,1,16,1,1,5,6,1,66,1,1,1,1,1,39,7,1,1,1,1,1,0,51,0,189,0,1,5,3,1,1,3,3,22,17,32,1,31,6,1,7,1,46,1,22,10,1,1,5,1,1,60,1,1,0,1,0,2325,0,
Best: P1
45
Virginia Avenue,North Carolina Avenue,St. Charles Place,Tennessee Avenue,Short Line Railroad,Kentucky Avenue,Reading Railroad,
20,1,1,7,1,1,9,1,4,1,1,1,4,1,3,3,53,18,1,10,1,62,1,2,1,1,1,1,0,0,0,68,0,10,69,1,1,1,37,1,1,1,9,1,1,9,3,1,81,1,1,1,1,1,51,11,1,1,1,1,1,0,49,0,286,0,1,7,4,1,1,2,4,15,34,36,1,24,4,1,8,1,31,1,21,9,1,1,4,1,1,51,1,1,0,0,0,1846,0,
Best: P2
46
St. James Place,North Carolina Avenue,Atlantic Avenue,Ventnor Avenue,Tennessee Avenue,Short Line Railroad,
14,1,1,3,1,1,8,1,3,1,1,1,3,1,4,3,62,13,1,10,1,45,1,1,1,1,1,1,0,0,0,82,0,7,35,1,1,1,45,1,1,1,9,1,1,9,4,1,30,1,1,1,1,1,69,10,1,1,1,1,1,0,74,0,308,0,1,5,4,1,1,1,2,19,30,45,1,32,3,1,7,1,19,1,27,6,1,1,4,1,1,45,1,1,0,0,0,1773,0,
Best: P1
43
Boardwalk,Tennessee Avenue,Short Line Railroad,Kentucky Avenue,North Carolina Avenue,Baltic Avenue,St. James Place,
19,1,1,7,1,1,4,1,4,1,1,1,4,1,4,4,62,14,1,12,1,56,1,1,1,1,1,1,0,0,0,66,0,6,57,1,1,1,60,1,1,1,10,1,1,8,3,1,45,1,1,1,1,1,49,8,1,1,1,1,1,0,65,0,196,0,1,9,6,1,1,1,3,10,41,59,1,27,3,1,10,1,13,1,20,7,1,1,3,1,1,62,1,1,0,0,0,922,0,
Best: P3
44
St. James Place,Short Line Railroad,Virginia Avenue,Atlantic Avenue,Reading Railroad,
18,1,1,7,1,1,3,1,3,1,1,1,6,1,2,5,85,19,1,14,1,49,1,1,1,1,1,1,0,0,0,69,0,5,77,1,1,1,78,1,1,1,4,1,1,8,2,2,58,1,1,1,1,1,55,11,1,1,1,1,1,0,47,0,292,0,1,11,5,1,1,1,2,7,41,77,1,27,2,1,13,1,30,1,16,4,1,1,4,1,1,88,1,1,0,0,0,1532,0,
Best: P2
47
Tennessee Avenue,Kentucky Avenue,Pacific Avenue,
22,1,1,7,1,1,4,1,2,1,1,1,5,1,3,3,39,10,1,18,1,50,1,1,1,1,1,1,0,0,0,64,0,4,72,1,1,1,41,1,1,1,6,1,1,9,3,1,35,1,1,1,1,1,50,11,1,2,1,1,1,0,69,0,331,0,1,9,5,1,1,1,1,11,16,70,1,26,1,1,6,1,13,1,12,5,1,1,3,1,1,42,1,1,0,0,0,1703,0,
Best: P3
45
St. James Place,Pennsylvania Avenue,
28,1,1,6,1,1,3,1,2,1,1,1,7,1,3,4,42,20,1,10,1,70,1,1,1,1,1,1,0,0,0,56,0,6,40,1,1,1,67,1,1,1,6,1,1,10,3,1,31,1,1,1,1,1,45,11,1,1,1,1,1,0,81,0,342,0,1,10,4,1,1,1,1,12,31,77,1,17,1,1,8,1,13,1,10,6,1,1,2,1,1,62,1,1,0,0,0,1924,0,
Best: P1
48
Pacific Avenue,Oriental Avenue,
33,1,1,5,1,1,5,1,2,1,1,1,4,1,2,3,57,12,1,11,1,51,1,1,1,1,1,1,0,0,0,67,0,7,67,1,1,1,90,1,1,1,5,1,1,9,1,1,40,1,1,1,1,1,33,10,1,1,1,1,1,0,96,0,167,0,1,10,5,1,1,1,1,9,14,90,1,16,1,1,11,1,8,1,7,6,1,1,4,1,1,73,1,1,0,0,0,2123,0,
Best: P1
47
Tennessee Avenue,Illinois Avenue,Marvin Gardens,Baltic Avenue,Water Works,Connecticut Avenue,
33,1,1,5,1,1,5,1,2,1,1,1,4,1,2,3,57,12,1,11,1,51,1,1,1,1,1,1,0,0,0,67,0,7,67,1,1,1,90,1,1,1,5,1,1,9,1,1,40,1,1,1,1,1,33,10,1,1,1,1,1,0,96,0,167,0,1,10,5,1,1,1,1,9,14,90,1,16,1,1,11,1,8,1,7,6,1,1,4,1,1,73,1,1,0,0,0,2123,0,
Best: P3
46
Atlantic Avenue,Baltic Avenue,Virginia Avenue,
26,1,1,7,1,1,6,1,1,1,1,1,6,1,2,2,42,12,1,11,1,36,1,1,1,1,1,1,0,0,0,63,0,5,65,1,1,1,57,1,1,1,3,1,1,9,1,1,42,1,1,1,1,1,32,18,1,1,1,1,1,0,82,0,285,0,1,11,5,1,1,1,1,12,8,52,1,11,1,1,14,1,10,1,7,5,1,1,5,1,1,33,1,1,0,0,0,1506,0,
Best: P2
46
Tennessee Avenue,Electric Company,
35,1,1,3,1,1,3,1,1,1,1,1,5,1,2,1,36,8,2,12,1,28,1,1,1,1,1,1,0,0,0,70,0,7,99,1,1,1,57,1,1,1,1,1,1,6,1,1,60,1,1,2,1,1,40,8,1,1,1,1,1,0,67,0,389,0,1,14,3,1,1,1,1,12,11,46,1,16,1,1,6,1,5,1,6,9,1,1,3,1,1,37,1,1,0,0,0,2710,0,
Best: P3
46
New York Avenue,Atlantic Avenue,Baltic Avenue,
21,1,1,7,1,1,6,1,1,1,1,1,6,1,1,1,36,8,1,10,1,38,1,1,1,1,1,1,0,0,0,38,0,6,45,1,1,1,78,1,1,1,1,1,1,8,1,1,42,1,1,1,1,1,32,9,1,1,1,1,1,0,76,0,252,0,1,12,5,1,1,1,1,13,10,44,1,9,1,1,15,1,5,1,4,8,1,1,4,1,1,37,1,1,0,0,0,3035,0,
Best: P1
48
Oriental Avenue,
15,1,1,6,1,1,5,1,1,1,2,1,4,1,1,1,24,7,1,8,2,37,1,1,1,1,1,1,0,0,0,75,0,3,75,1,1,1,40,1,1,1,3,1,1,7,1,1,49,1,1,1,1,1,47,9,1,1,1,1,1,0,88,0,387,0,1,13,3,1,1,1,1,13,14,48,1,20,1,1,10,1,3,1,6,4,2,1,5,1,1,35,1,1,0,0,0,3032,0,
Best: P1
46
Virginia Avenue,St. James Place,
15,1,1,6,1,1,5,1,1,1,2,1,4,1,1,1,24,7,1,8,2,37,1,1,1,1,1,1,0,0,0,75,0,3,75,1,1,1,40,1,1,1,3,1,1,7,1,1,49,1,1,1,1,1,47,9,1,1,1,1,1,0,88,0,387,0,1,13,3,1,1,1,1,13,14,48,1,20,1,1,10,1,3,1,6,4,2,1,5,1,1,35,1,1,0,0,0,3032,0,
Best: P2
46
North Carolina Avenue,Atlantic Avenue,Marvin Gardens,Baltic Avenue,Electric Company,Pennsylvania Avenue,
30,1,1,6,1,1,5,1,1,1,1,1,6,1,1,1,37,11,1,10,1,25,1,1,1,1,1,1,0,0,0,108,0,7,95,1,1,1,36,1,1,1,3,1,1,6,2,1,46,1,1,1,1,1,29,13,1,1,1,1,1,0,100,0,208,0,1,9,3,1,1,1,1,10,9,29,1,23,1,1,9,1,3,1,6,5,1,1,3,1,1,20,1,1,0,0,0,2096,0,
Best: P3
47
Short Line Railroad,Baltic Avenue,
34,1,1,6,1,1,3,1,1,1,1,1,5,1,1,1,23,12,1,8,1,27,1,1,1,1,1,1,0,0,0,61,0,3,97,1,1,1,21,1,1,1,1,1,1,10,1,1,66,1,1,1,1,1,14,11,1,1,1,1,1,0,79,0,246,0,1,8,3,1,1,1,1,6,9,43,1,22,1,1,9,1,3,1,6,5,1,1,4,1,1,29,1,1,0,0,0,2281,0,
Best: P1
48
Vermont Avenue,Electric Company,Pennsylvania Avenue,
30,1,1,9,1,1,2,1,1,1,1,1,5,1,1,1,42,10,1,6,1,30,1,1,1,1,1,1,0,0,0,49,0,5,73,1,1,1,22,1,1,1,3,1,1,7,1,1,78,1,1,1,1,1,17,13,1,1,1,1,1,0,59,0,196,0,1,11,4,1,1,1,1,8,9,36,1,25,1,1,9,1,2,1,5,2,1,1,2,1,1,18,1,1,0,0,0,2307,0,
Best: P1
47
Ventnor Avenue,Mediterranean Avenue,Oriental Avenue,
30,1,1,9,1,1,2,1,1,1,1,1,5,1,1,1,42,10,1,6,1,30,1,1,1,1,1,1,0,0,0,49,0,5,73,1,1,1,22,1,1,1,3,1,1,7,1,1,78,1,1,1,1,1,17,13,1,1,1,1,1,0,59,0,196,0,1,11,4,1,1,1,1,8,9,36,1,25,1,1,9,1,2,1,5,2,1,1,2,1,1,18,1,1,0,0,0,2307,0,
Best: P1
45
Oriental Avenue,St. Charles Place,Pennsylvania Railroad,Reading Railroad,Virginia Avenue,
30,1,1,9,1,1,2,1,1,1,1,1,5,1,1,1,42,10,1,6,1,30,1,1,1,1,1,1,0,0,0,49,0,5,73,1,1,1,22,1,1,1,3,1,1,7,1,1,78,1,1,1,1,1,17,13,1,1,1,1,1,0,59,0,196,0,1,11,4,1,1,1,1,8,9,36,1,25,1,1,9,1,2,1,5,2,1,1,2,1,1,18,1,1,0,0,0,2307,0,
Best: P3
46
Baltic Avenue,Tennessee Avenue,Boardwalk,
27,1,1,12,1,1,1,1,1,1,1,1,5,1,1,1,41,9,1,4,1,23,1,1,1,1,1,1,0,0,0,59,0,5,100,1,1,1,21,1,1,1,2,1,1,5,1,1,100,1,1,1,1,1,20,8,1,1,1,1,1,0,57,0,230,0,1,14,4,1,1,1,1,4,9,31,1,26,1,1,6,1,1,1,5,1,1,1,2,1,1,15,1,1,0,0,0,1482,0,
Best: P2
47
Reading Railroad,Tennessee Avenue,North Carolina Avenue,Short Line Railroad,
33,1,1,13,1,1,1,1,1,1,1,2,4,2,1,1,40,13,1,5,1,22,1,1,1,1,1,1,0,0,0,46,0,2,100,1,1,1,11,1,1,1,1,1,1,5,1,1,98,1,1,1,1,1,16,15,1,1,1,1,1,0,54,0,177,0,1,15,4,1,1,1,1,3,10,32,1,17,1,1,8,1,1,1,7,2,1,1,2,1,1,13,1,1,0,0,0,1580,0,
Best: P3
47
Kentucky Avenue,Indiana Avenue,Short Line Railroad,
41,1,1,13,1,1,1,1,1,1,1,1,5,1,1,1,29,6,1,6,1,16,1,1,1,1,1,1,0,0,0,46,0,2,69,1,1,1,21,1,1,1,1,1,1,6,1,1,100,1,1,1,1,1,17,12,1,1,1,1,1,0,56,0,249,0,1,20,3,1,1,1,1,4,6,31,1,24,1,1,8,1,1,1,5,1,1,1,3,1,1,14,1,1,0,0,0,1760,0,
Best: P2
45
Pennsylvania Railroad,St. Charles Place,Kentucky Avenue,Electric Company,Virginia Avenue,
27,1,1,9,1,1,1,1,1,1,1,1,4,1,1,1,50,8,1,7,1,20,1,1,1,1,1,1,0,0,0,40,0,2,99,1,1,1,17,1,1,1,1,1,1,5,1,1,58,1,1,1,1,1,19,18,1,1,1,1,1,0,75,0,223,0,1,17,2,1,1,1,1,4,10,22,1,19,1,1,9,1,1,1,8,1,1,1,1,1,1,13,1,1,0,0,0,2204,0,
Best: P1
47
Baltic Avenue,Short Line Railroad,Pennsylvania Avenue,Reading Railroad,Atlantic Avenue,
45,1,1,9,1,1,1,1,1,1,1,1,5,1,1,1,66,7,1,4,1,19,1,1,1,1,1,1,0,0,0,44,0,1,45,1,1,1,11,1,1,1,1,1,1,4,1,1,97,1,1,1,1,1,14,26,1,1,1,2,1,0,82,0,217,0,1,22,3,1,1,1,1,4,5,28,1,23,1,1,7,1,1,1,4,1,1,1,1,1,1,20,1,1,0,0,0,1285,0,
Best: P1
46
Kentucky Avenue,Pennsylvania Avenue,St. Charles Place,Reading Railroad,
45,1,1,9,1,1,1,1,1,1,1,1,5,1,1,1,66,7,1,4,1,19,1,1,1,1,1,1,0,0,0,44,0,1,45,1,1,1,11,1,1,1,1,1,1,4,1,1,97,1,1,1,1,1,14,26,1,1,1,2,1,0,82,0,217,0,1,22,3,1,1,1,1,4,5,28,1,23,1,1,7,1,1,1,4,1,1,1,1,1,1,20,1,1,0,0,0,1285,0,
Best: P2
47
Atlantic Avenue,Boardwalk,
25,1,1,5,1,1,1,1,1,1,1,1,4,1,1,1,71,6,1,4,1,18,1,1,1,1,1,1,0,0,0,26,0,2,98,1,1,1,11,1,1,1,1,1,1,4,1,1,42,1,1,1,1,1,17,25,1,1,1,1,1,0,100,0,255,0,1,24,1,1,1,1,1,6,6,39,1,19,1,1,6,1,1,1,6,1,1,1,1,1,1,14,1,1,0,0,0,1783,0,
Best: P3
44
Tennessee Avenue,Illinois Avenue,B & O Railroad,Short Line Railroad,Oriental Avenue,
21,1,1,10,1,1,1,1,1,1,1,1,5,1,1,1,42,6,1,3,1,25,1,1,1,1,1,1,0,0,0,35,0,1,67,1,1,1,11,1,1,1,1,1,1,3,1,1,35,1,1,1,1,1,23,25,1,1,1,1,1,0,56,0,225,0,1,29,1,1,1,1,1,4,3,36,1,9,1,1,4,1,1,1,7,1,1,1,1,1,1,9,1,1,0,0,0,1144,0,
Best: P1
47
Kentucky Avenue,Park Place,Virginia Avenue,Oriental Avenue,
17,1,1,9,1,1,1,1,1,1,1,1,3,1,1,1,33,5,1,6,1,12,1,1,1,1,1,1,0,0,0,20,0,1,58,1,1,1,14,1,1,1,1,1,1,2,1,1,32,1,1,1,1,1,16,24,1,1,1,1,1,0,38,0,222,0,1,16,1,1,1,1,1,5,7,41,1,12,1,1,4,1,1,1,4,1,1,1,1,1,1,15,1,1,0,0,0,994,0,
Best: P1
48
Tennessee Avenue,Short Line Railroad,Illinois Avenue,Boardwalk,North Carolina Avenue,Pacific Avenue,New York Avenue,Electric Company,
17,1,1,9,1,1,1,1,1,1,1,1,3,1,1,1,33,5,1,6,1,12,1,1,1,1,1,1,0,0,0,20,0,1,58,1,1,1,14,1,1,1,1,1,1,2,1,1,32,1,1,1,1,1,16,24,1,1,1,1,1,0,38,0,222,0,1,16,1,1,1,1,1,5,7,41,1,12,1,1,4,1,1,1,4,1,1,1,1,1,1,15,1,1,0,0,0,994,0,
Best: P1
47
Tennessee Avenue,Mediterranean Avenue,North Carolina Avenue,Park Place,Kentucky Avenue,B & O Railroad,
17,1,1,9,1,1,1,1,1,1,1,1,3,1,1,1,33,5,1,6,1,12,1,1,1,1,1,1,0,0,0,20,0,1,58,1,1,1,14,1,1,1,1,1,1,2,1,1,32,1,1,1,1,1,16,24,1,1,1,1,1,0,38,0,222,0,1,16,1,1,1,1,1,5,7,41,1,12,1,1,4,1,1,1,4,1,1,1,1,1,1,15,1,1,0,0,0,994,0,
Best: P2
46
Pacific Avenue,Kentucky Avenue,Baltic Avenue,North Carolina Avenue,
18,1,1,8,1,1,1,1,1,1,1,1,3,1,1,1,26,5,1,7,1,10,1,1,1,1,1,1,0,0,0,31,0,1,82,1,1,1,11,1,1,1,1,1,1,1,1,1,20,1,1,1,1,1,19,24,1,1,1,1,1,0,55,0,150,0,1,25,1,1,1,1,1,3,7,39,1,13,1,1,4,1,1,1,4,1,1,1,1,1,1,9,1,1,0,0,0,560,0,
Best: P1
48
Short Line Railroad,St. James Place,Tennessee Avenue,Pennsylvania Railroad,
17,1,1,10,1,1,1,1,1,1,1,1,4,1,1,1,42,8,1,8,1,9,1,1,1,1,1,1,0,0,0,13,0,1,95,1,1,1,10,1,1,1,1,1,1,1,1,1,36,1,1,1,1,1,10,29,1,1,1,1,1,0,42,0,143,0,1,24,1,1,1,1,1,4,7,52,1,14,1,1,4,1,1,1,3,1,1,1,1,1,1,14,1,1,0,0,0,1064,0,
Best: P1
48
Boardwalk,Pacific Avenue,St. James Place,
17,1,1,10,1,1,1,1,1,1,1,1,4,1,1,1,42,8,1,8,1,9,1,1,1,1,1,1,0,0,0,13,0,1,95,1,1,1,10,1,1,1,1,1,1,1,1,1,36,1,1,1,1,1,10,29,1,1,1,1,1,0,42,0,143,0,1,24,1,1,1,1,1,4,7,52,1,14,1,1,4,1,1,1,3,1,1,1,1,1,1,14,1,1,0,0,0,1064,0,
Best: P1
47
Tennessee Avenue,Boardwalk,Electric Company,Illinois Avenue,
17,1,1,10,1,1,1,1,1,1,1,1,4,1,1,1,42,8,1,8,1,9,1,1,1,1,1,1,0,0,0,13,0,1,95,1,1,1,10,1,1,1,1,1,1,1,1,1,36,1,1,1,1,1,10,29,1,1,1,1,1,0,42,0,143,0,1,24,1,1,1,1,1,4,7,52,1,14,1,1,4,1,1,1,3,1,1,1,1,1,1,14,1,1,0,0,0,1064,0,
Best: P1
47
Virginia Avenue,Baltic Avenue,Park Place,Reading Railroad,Kentucky Avenue,Short Line Railroad,
17,1,1,10,1,1,1,1,1,1,1,1,4,1,1,1,42,8,1,8,1,9,1,1,1,1,1,1,0,0,0,13,0,1,95,1,1,1,10,1,1,1,1,1,1,1,1,1,36,1,1,1,1,1,10,29,1,1,1,1,1,0,42,0,143,0,1,24,1,1,1,1,1,4,7,52,1,14,1,1,4,1,1,1,3,1,1,1,1,1,1,14,1,1,0,0,0,1064,0,
Best: P2
44
Short Line Railroad,Electric Company,
10,1,1,6,1,1,1,1,1,1,1,1,5,1,1,1,72,7,1,13,1,13,1,1,1,1,1,1,0,0,0,15,0,1,41,1,1,1,5,1,1,1,1,1,1,1,1,1,21,1,1,1,1,1,10,16,1,1,1,1,1,0,57,0,154,0,1,18,1,1,1,1,1,4,9,47,1,13,1,1,2,1,1,1,4,1,1,1,1,1,1,11,1,1,0,0,0,1243,0,
Best: P1
47
Tennessee Avenue,Indiana Avenue,Short Line Railroad,Water Works,Marvin Gardens,
9,1,1,5,1,1,1,1,1,1,1,1,6,1,1,1,49,4,1,12,1,9,1,1,1,1,1,1,0,0,0,11,0,1,65,1,1,1,5,1,1,1,1,1,1,1,1,1,31,1,1,1,1,1,12,15,1,1,1,1,1,0,45,0,202,0,1,14,1,1,1,1,1,4,6,66,1,8,1,1,4,1,1,1,4,1,1,1,1,1,1,17,1,1,0,0,0,1441,0,
Best: P1
47
Virginia Avenue,New York Avenue,Electric Company,Short Line Railroad,
9,1,1,5,1,1,1,1,1,1,1,1,6,1,1,1,49,4,1,12,1,9,1,1,1,1,1,1,0,0,0,11,0,1,65,1,1,1,5,1,1,1,1,1,1,1,1,1,31,1,1,1,1,1,12,15,1,1,1,1,1,0,45,0,202,0,1,14,1,1,1,1,1,4,6,66,1,8,1,1,4,1,1,1,4,1,1,1,1,1,1,17,1,1,0,0,0,1441,0,
Best: P1
47
Baltic Avenue,Tennessee Avenue,
9,1,1,5,1,1,1,1,1,1,1,1,6,1,1,1,49,4,1,12,1,9,1,1,1,1,1,1,0,0,0,11,0,1,65,1,1,1,5,1,1,1,1,1,1,1,1,1,31,1,1,1,1,1,12,15,1,1,1,1,1,0,45,0,202,0,1,14,1,1,1,1,1,4,6,66,1,8,1,1,4,1,1,1,4,1,1,1,1,1,1,17,1,1,0,0,0,1441,0,
Best: P1
46
Kentucky Avenue,Tennessee Avenue,St. James Place,Baltic Avenue,
9,1,1,5,1,1,1,1,1,1,1,1,6,1,1,1,49,4,1,12,1,9,1,1,1,1,1,1,0,0,0,11,0,1,65,1,1,1,5,1,1,1,1,1,1,1,1,1,31,1,1,1,1,1,12,15,1,1,1,1,1,0,45,0,202,0,1,14,1,1,1,1,1,4,6,66,1,8,1,1,4,1,1,1,4,1,1,1,1,1,1,17,1,1,0,0,0,1441,0,
Best: P2
47
Connecticut Avenue,Tennessee Avenue,Virginia Avenue,
12,1,1,5,1,1,1,1,1,1,1,1,4,1,1,1,68,3,1,14,1,8,1,1,1,1,1,1,0,0,0,6,0,1,61,1,1,1,5,1,1,1,1,1,1,1,1,1,24,1,1,1,1,1,18,13,1,1,1,1,1,0,29,0,210,0,1,26,1,1,1,1,1,6,9,41,1,11,1,1,3,1,1,1,4,1,1,1,1,1,1,12,1,1,0,0,0,2386,0,
Best: P2
47
Reading Railroad,Kentucky Avenue,
12,1,1,5,1,1,1,1,1,1,1,1,4,1,1,1,68,3,1,14,1,8,1,1,1,1,1,1,0,0,0,6,0,1,61,1,1,1,5,1,1,1,1,1,1,1,1,1,24,1,1,1,1,1,18,13,1,1,1,1,1,0,29,0,210,0,1,26,1,1,1,1,1,6,9,41,1,11,1,1,3,1,1,1,4,1,1,1,1,1,1,12,1,1,0,0,0,2386,0,
Best: P1
46
Baltic Avenue,Water Works,Pacific Avenue,
12,1,1,3,1,1,1,1,1,1,1,1,4,1,2,1,42,3,1,13,1,12,1,1,1,1,1,1,0,0,0,6,0,1,76,1,1,1,4,1,1,1,1,1,1,1,1,1,35,1,1,1,1,1,17,10,1,1,1,1,1,0,21,0,158,0,1,30,1,1,1,1,1,5,5,34,1,5,2,1,1,1,1,1,4,1,1,1,1,1,1,21,1,1,0,0,0,2635,0,
Best: P2
47
Baltic Avenue,Electric Company,
16,1,1,6,1,1,1,1,1,1,1,1,5,1,1,1,62,4,1,15,1,14,1,1,1,1,1,1,0,0,0,3,0,1,38,1,1,1,6,1,1,1,1,1,1,1,1,1,16,1,1,1,1,1,16,14,1,1,1,1,1,0,18,0,143,0,1,36,1,1,1,1,1,6,8,29,1,6,1,1,2,1,1,1,5,1,1,1,1,1,1,8,1,1,0,0,0,2936,0,
Best: P2
47
Baltic Avenue,Marvin Gardens,North Carolina Avenue,St. James Place,
16,1,1,6,1,1,1,1,1,1,1,1,5,1,1,1,62,4,1,15,1,14,1,1,1,1,1,1,0,0,0,3,0,1,38,1,1,1,6,1,1,1,1,1,1,1,1,1,16,1,1,1,1,1,16,14,1,1,1,1,1,0,18,0,143,0,1,36,1,1,1,1,1,6,8,29,1,6,1,1,2,1,1,1,5,1,1,1,1,1,1,8,1,1,0,0,0,2936,0,
Best: P1
48
St. James Place,
15,1,1,6,1,1,1,1,1,1,1,1,3,1,1,1,42,2,1,11,1,9,1,1,1,1,1,1,0,0,0,1,0,1,27,1,1,1,5,1,1,1,1,1,1,1,1,1,29,1,1,1,1,1,9,14,1,1,1,1,1,0,17,0,187,0,1,23,1,1,1,1,1,4,8,30,1,6,1,1,1,1,1,1,6,1,1,1,1,1,1,12,1,1,0,0,0,2836,0,
Best: P1
47
St. James Place,Water Works,Tennessee Avenue,
15,1,1,6,1,1,1,1,1,1,1,1,3,1,1,1,42,2,1,11,1,9,1,1,1,1,1,1,0,0,0,1,0,1,27,1,1,1,5,1,1,1,1,1,1,1,1,1,29,1,1,1,1,1,9,14,1,1,1,1,1,0,17,0,187,0,1,23,1,1,1,1,1,4,8,30,1,6,1,1,1,1,1,1,6,1,1,1,1,1,1,12,1,1,0,0,0,2836,0,
Best: P2
47
Electric Company,
19,1,1,5,1,1,1,1,1,1,1,1,3,1,1,1,46,2,1,6,1,11,1,1,1,1,1,1,0,0,0,1,0,1,36,1,1,1,5,1,1,1,1,1,1,1,1,1,17,1,1,1,1,1,15,14,1,1,1,1,1,0,8,0,186,0,1,34,1,1,1,1,1,5,7,34,1,7,1,1,1,1,1,1,8,1,1,1,1,1,1,13,1,1,0,0,0,3375,0,
Best: P1
47
Short Line Railroad,
14,1,1,3,1,1,1,1,1,1,1,1,3,1,1,1,22,1,1,4,1,9,1,1,1,1,1,1,0,0,0,0,0,1,42,1,1,1,5,1,1,1,1,1,1,1,1,1,13,1,1,1,1,1,17,19,1,1,1,1,1,0,6,0,264,0,1,41,1,1,1,1,1,5,9,43,1,4,1,1,1,1,1,1,8,1,1,1,1,1,1,7,1,1,0,0,0,4222,0,
Best: P2
47

19,1,1,3,1,1,1,1,1,1,1,1,2,1,1,1,24,1,1,4,1,8,1,1,1,1,1,1,0,0,0,0,0,1,56,1,1,1,5,1,1,1,1,1,1,1,1,1,10,1,1,1,1,1,20,21,1,1,1,1,1,0,8,0,193,0,1,50,1,1,1,1,1,4,11,25,1,4,1,1,1,1,1,1,7,1,1,1,1,1,1,7,1,1,0,0,0,4291,0,
Best: P1
47
St. Charles Place,Baltic Avenue,
14,1,1,3,1,1,1,1,1,1,1,1,2,1,1,1,12,1,1,3,1,8,1,1,1,1,1,1,0,0,0,0,0,1,65,1,1,1,4,1,1,1,1,1,1,1,1,1,10,1,1,1,1,1,18,27,1,1,1,1,1,0,8,0,223,0,1,38,1,1,1,1,1,2,6,22,1,4,1,1,1,1,1,1,8,1,1,1,1,1,1,5,1,1,0,0,0,4341,0,
Best: P1
48
Tennessee Avenue,Short Line Railroad,North Carolina Avenue,Baltic Avenue,
14,1,1,3,1,1,1,1,1,1,1,1,2,1,1,1,12,1,1,3,1,8,1,1,1,1,1,1,0,0,0,0,0,1,65,1,1,1,4,1,1,1,1,1,1,1,1,1,10,1,1,1,1,1,18,27,1,1,1,1,1,0,8,0,223,0,1,38,1,1,1,1,1,2,6,22,1,4,1,1,1,1,1,1,8,1,1,1,1,1,1,5,1,1,0,0,0,4341,0,
Best: P1
48

14,1,1,3,1,1,1,1,1,1,1,1,2,1,1,1,12,1,1,3,1,8,1,1,1,1,1,1,0,0,0,0,0,1,65,1,1,1,4,1,1,1,1,1,1,1,1,1,10,1,1,1,1,1,18,27,1,1,1,1,1,0,8,0,223,0,1,38,1,1,1,1,1,2,6,22,1,4,1,1,1,1,1,1,8,1,1,1,1,1,1,5,1,1,0,0,0,4341,0,
Best: P1
48
Ventnor Avenue,New York Avenue,
14,1,1,3,1,1,1,1,1,1,1,1,2,1,1,1,12,1,1,3,1,8,1,1,1,1,1,1,0,0,0,0,0,1,65,1,1,1,4,1,1,1,1,1,1,1,1,1,10,1,1,1,1,1,18,27,1,1,1,1,1,0,8,0,223,0,1,38,1,1,1,1,1,2,6,22,1,4,1,1,1,1,1,1,8,1,1,1,1,1,1,5,1,1,0,0,0,4341,0,
Best: P1
47
Ventnor Avenue,Tennessee Avenue,Park Place,Baltic Avenue,
14,1,1,3,1,1,1,1,1,1,1,1,2,1,1,1,12,1,1,3,1,8,1,1,1,1,1,1,0,0,0,0,0,1,65,1,1,1,4,1,1,1,1,1,1,1,1,1,10,1,1,1,1,1,18,27,1,1,1,1,1,0,8,0,223,0,1,38,1,1,1,1,1,2,6,22,1,4,1,1,1,1,1,1,8,1,1,1,1,1,1,5,1,1,0,0,0,4341,0,
Best: P1
48

14,1,1,3,1,1,1,1,1,1,1,1,2,1,1,1,12,1,1,3,1,8,1,1,1,1,1,1,0,0,0,0,0,1,65,1,1,1,4,1,1,1,1,1,1,1,1,1,10,1,1,1,1,1,18,27,1,1,1,1,1,0,8,0,223,0,1,38,1,1,1,1,1,2,6,22,1,4,1,1,1,1,1,1,8,1,1,1,1,1,1,5,1,1,0,0,0,4341,0,
Best: P1
48
St. James Place,
14,1,1,3,1,1,1,1,1,1,1,1,2,1,1,1,12,1,1,3,1,8,1,1,1,1,1,1,0,0,0,0,0,1,65,1,1,1,4,1,1,1,1,1,1,1,1,1,10,1,1,1,1,1,18,27,1,1,1,1,1,0,8,0,223,0,1,38,1,1,1,1,1,2,6,22,1,4,1,1,1,1,1,1,8,1,1,1,1,1,1,5,1,1,0,0,0,4341,0,
Best: P1
47
States Avenue,
14,1,1,3,1,1,1,1,1,1,1,1,2,1,1,1,12,1,1,3,1,8,1,1,1,1,1,1,0,0,0,0,0,1,65,1,1,1,4,1,1,1,1,1,1,1,1,1,10,1,1,1,1,1,18,27,1,1,1,1,1,0,8,0,223,0,1,38,1,1,1,1,1,2,6,22,1,4,1,1,1,1,1,1,8,1,1,1,1,1,1,5,1,1,0,0,0,4341,0,
Best: P1
48
North Carolina Avenue,Short Line Railroad,Connecticut Avenue,
14,1,1,3,1,1,1,1,1,1,1,1,2,1,1,1,12,1,1,3,1,8,1,1,1,1,1,1,0,0,0,0,0,1,65,1,1,1,4,1,1,1,1,1,1,1,1,1,10,1,1,1,1,1,18,27,1,1,1,1,1,0,8,0,223,0,1,38,1,1,1,1,1,2,6,22,1,4,1,1,1,1,1,1,8,1,1,1,1,1,1,5,1,1,0,0,0,4341,0,
Best: P1
48

14,1,1,3,1,1,1,1,1,1,1,1,2,1,1,1,12,1,1,3,1,8,1,1,1,1,1,1,0,0,0,0,0,1,65,1,1,1,4,1,1,1,1,1,1,1,1,1,10,1,1,1,1,1,18,27,1,1,1,1,1,0,8,0,223,0,1,38,1,1,1,1,1,2,6,22,1,4,1,1,1,1,1,1,8,1,1,1,1,1,1,5,1,1,0,0,0,4341,0,
Best: P1
48
Baltic Avenue,Illinois Avenue,
14,1,1,3,1,1,1,1,1,1,1,1,2,1,1,1,12,1,1,3,1,8,1,1,1,1,1,1,0,0,0,0,0,1,65,1,1,1,4,1,1,1,1,1,1,1,1,1,10,1,1,1,1,1,18,27,1,1,1,1,1,0,8,0,223,0,1,38,1,1,1,1,1,2,6,22,1,4,1,1,1,1,1,1,8,1,1,1,1,1,1,5,1,1,0,0,0,4341,0,
Best: P1
48

14,1,1,3,1,1,1,1,1,1,1,1,2,1,1,1,12,1,1,3,1,8,1,1,1,1,1,1,0,0,0,0,0,1,65,1,1,1,4,1,1,1,1,1,1,1,1,1,10,1,1,1,1,1,18,27,1,1,1,1,1,0,8,0,223,0,1,38,1,1,1,1,1,2,6,22,1,4,1,1,1,1,1,1,8,1,1,1,1,1,1,5,1,1,0,0,0,4341,0,
Best: P1
48
Short Line Railroad,
14,1,1,3,1,1,1,1,1,1,1,1,2,1,1,1,12,1,1,3,1,8,1,1,1,1,1,1,0,0,0,0,0,1,65,1,1,1,4,1,1,1,1,1,1,1,1,1,10,1,1,1,1,1,18,27,1,1,1,1,1,0,8,0,223,0,1,38,1,1,1,1,1,2,6,22,1,4,1,1,1,1,1,1,8,1,1,1,1,1,1,5,1,1,0,0,0,4341,0,
Best: P1
48
Tennessee Avenue,Kentucky Avenue,
14,1,1,3,1,1,1,1,1,1,1,1,2,1,1,1,12,1,1,3,1,8,1,1,1,1,1,1,0,0,0,0,0,1,65,1,1,1,4,1,1,1,1,1,1,1,1,1,10,1,1,1,1,1,18,27,1,1,1,1,1,0,8,0,223,0,1,38,1,1,1,1,1,2,6,22,1,4,1,1,1,1,1,1,8,1,1,1,1,1,1,5,1,1,0,0,0,4341,0,
Best: P1
48
Baltic Avenue,Electric Company,St. James Place,B & O Railroad,States Avenue,
14,1,1,3,1,1,1,1,1,1,1,1,2,1,1,1,12,1,1,3,1,8,1,1,1,1,1,1,0,0,0,0,0,1,65,1,1,1,4,1,1,1,1,1,1,1,1,1,10,1,1,1,1,1,18,27,1,1,1,1,1,0,8,0,223,0,1,38,1,1,1,1,1,2,6,22,1,4,1,1,1,1,1,1,8,1,1,1,1,1,1,5,1,1,0,0,0,4341,0,
Best: P1
48
Tennessee Avenue,
14,1,1,3,1,1,1,1,1,1,1,1,2,1,1,1,12,1,1,3,1,8,1,1,1,1,1,1,0,0,0,0,0,1,65,1,1,1,4,1,1,1,1,1,1,1,1,1,10,1,1,1,1,1,18,27,1,1,1,1,1,0,8,0,223,0,1,38,1,1,1,1,1,2,6,22,1,4,1,1,1,1,1,1,8,1,1,1,1,1,1,5,1,1,0,0,0,4341,0,
Best: P2
46
Baltic Avenue,Indiana Avenue,
11,1,1,2,1,1,1,1,1,1,1,1,1,1,1,1,15,1,1,2,1,4,1,1,1,1,1,1,0,0,0,0,0,1,66,1,1,1,4,1,1,1,1,1,1,1,1,1,8,1,1,1,1,1,17,30,1,1,1,1,1,0,11,0,176,0,1,50,1,1,1,1,1,1,6,25,1,4,1,1,1,1,1,1,5,1,1,1,1,1,1,4,1,1,0,0,0,3294,0,
Best: P1
48
Atlantic Avenue,Kentucky Avenue,
13,1,1,2,1,1,2,1,1,1,1,1,1,1,1,1,16,1,1,1,1,9,1,1,1,1,1,1,0,0,0,0,0,1,47,1,1,1,3,1,1,1,1,1,1,1,1,1,5,1,1,1,1,1,18,33,1,1,1,1,1,0,8,0,230,0,1,43,1,1,1,1,1,1,5,31,1,4,1,1,1,1,1,1,7,1,1,1,1,1,1,5,1,1,0,0,0,2595,0,
Best: P1
47
Water Works,Pacific Avenue,Vermont Avenue,Ventnor Avenue,B & O Railroad,
13,1,1,2,1,1,2,1,1,1,1,1,1,1,1,1,16,1,1,1,1,9,1,1,1,1,1,1,0,0,0,0,0,1,47,1,1,1,3,1,1,1,1,1,1,1,1,1,5,1,1,1,1,1,18,33,1,1,1,1,1,0,8,0,230,0,1,43,1,1,1,1,1,1,5,31,1,4,1,1,1,1,1,1,7,1,1,1,1,1,1,5,1,1,0,0,0,2595,0,
Best: P1
47
Baltic Avenue,Tennessee Avenue,North Carolina Avenue,Electric Company,
13,1,1,2,1,1,2,1,1,1,1,1,1,1,1,1,16,1,1,1,1,9,1,1,1,1,1,1,0,0,0,0,0,1,47,1,1,1,3,1,1,1,1,1,1,1,1,1,5,1,1,1,1,1,18,33,1,1,1,1,1,0,8,0,230,0,1,43,1,1,1,1,1,1,5,31,1,4,1,1,1,1,1,1,7,1,1,1,1,1,1,5,1,1,0,0,0,2595,0,
Best: P2
46
Kentucky Avenue,Pennsylvania Railroad,
11,1,1,1,1,1,1,1,1,1,1,1,1,1,1,1,24,1,1,1,1,4,1,1,1,1,1,1,0,0,0,0,0,1,34,1,1,1,2,1,1,1,1,1,1,1,1,1,2,1,1,1,1,1,14,27,1,1,1,1,1,0,8,0,277,0,1,29,1,1,1,1,1,1,7,18,1,2,1,1,1,1,1,1,9,1,1,1,1,1,1,3,1,1,0,0,0,2318,0,
Best: P1
47
Tennessee Avenue,Pennsylvania Avenue,St. James Place,B & O Railroad,New York Avenue,
16,1,1,1,1,1,1,1,1,1,1,1,1,1,1,1,11,1,1,1,1,4,1,1,1,1,1,1,0,0,0,0,0,1,47,1,1,1,3,1,1,1,1,1,1,1,1,1,3,1,1,1,1,1,11,20,1,1,1,1,1,0,6,0,134,0,1,36,1,1,1,1,1,1,5,35,1,4,1,1,1,1,1,1,7,1,1,1,1,1,1,5,1,1,0,0,0,2136,0,
Best: P1
47
B & O Railroad,Water Works,
16,1,1,1,1,1,1,1,1,1,1,1,1,1,1,1,11,1,1,1,1,4,1,1,1,1,1,1,0,0,0,0,0,1,47,1,1,1,3,1,1,1,1,1,1,1,1,1,3,1,1,1,1,1,11,20,1,1,1,1,1,0,6,0,134,0,1,36,1,1,1,1,1,1,5,35,1,4,1,1,1,1,1,1,7,1,1,1,1,1,1,5,1,1,0,0,0,2136,0,
Best: P1
47
Tennessee Avenue,St. James Place,
16,1,1,1,1,1,1,1,1,1,1,1,1,1,1,1,11,1,1,1,1,4,1,1,1,1,1,1,0,0,0,0,0,1,47,1,1,1,3,1,1,1,1,1,1,1,1,1,3,1,1,1,1,1,11,20,1,1,1,1,1,0,6,0,134,0,1,36,1,1,1,1,1,1,5,35,1,4,1,1,1,1,1,1,7,1,1,1,1,1,1,5,1,1,0,0,0,2136,0,
Best: P2
45
North Carolina Avenue,
19,1,1,1,1,1,1,1,1,1,1,1,1,1,1,1,12,1,1,1,1,4,1,1,1,1,1,1,0,0,0,0,0,1,51,1,1,1,2,1,1,1,1,1,1,1,1,1,2,1,1,1,1,1,14,34,1,1,1,1,1,0,9,0,155,0,1,28,1,1,1,1,1,1,5,28,1,3,1,1,1,1,1,1,4,1,1,1,1,1,1,6,1,1,0,0,0,1138,0,
Best: P2
47
North Carolina Avenue,St. James Place,
19,1,1,1,1,1,1,1,1,1,1,1,1,1,1,1,12,1,1,1,1,4,1,1,1,1,1,1,0,0,0,0,0,1,51,1,1,1,2,1,1,1,1,1,1,1,1,1,2,1,1,1,1,1,14,34,1,1,1,1,1,0,9,0,155,0,1,28,1,1,1,1,1,1,5,28,1,3,1,1,1,1,1,1,4,1,1,1,1,1,1,6,1,1,0,0,0,1138,0,
Best: P1
47
Tennessee Avenue,Marvin Gardens,
20,1,1,1,1,2,2,1,1,1,1,1,1,1,1,1,6,1,1,1,1,2,1,1,1,1,1,1,0,0,0,0,0,1,40,1,1,1,3,1,1,1,1,1,1,1,1,1,2,1,1,1,1,1,17,32,1,2,1,1,1,0,9,0,192,0,1,41,1,1,1,1,1,1,5,49,1,3,1,1,1,1,1,1,3,1,1,1,1,1,1,4,1,1,0,0,0,916,0,
Best: P2
47
Reading Railroad,Tennessee Avenue,States Avenue,St. Charles Place,
16,1,1,1,1,1,1,1,1,1,1,1,1,1,1,1,7,1,1,1,1,2,1,1,1,1,1,1,0,0,0,0,0,1,65,1,1,1,3,1,1,1,1,1,1,1,1,1,2,1,1,1,1,1,18,45,1,1,1,1,1,0,7,0,129,0,1,40,1,1,1,1,1,1,7,49,1,4,1,1,1,1,1,1,2,1,1,1,1,1,1,4,1,1,0,0,0,698,0,
Best: P2
46
Indiana Avenue,Vermont Avenue,Ventnor Avenue,North Carolina Avenue,Short Line Railroad,
16,1,1,1,1,1,1,1,1,1,1,1,1,1,1,1,7,1,1,1,1,2,1,1,1,1,1,1,0,0,0,0,0,1,65,1,1,1,3,1,1,1,1,1,1,1,1,1,2,1,1,1,1,1,18,45,1,1,1,1,1,0,7,0,129,0,1,40,1,1,1,1,1,1,7,49,1,4,1,1,1,1,1,1,2,1,1,1,1,1,1,4,1,1,0,0,0,698,0,
Best: P1
48
Baltic Avenue,Pennsylvania Railroad,St. Charles Place,
17,1,1,1,1,1,1,1,1,1,1,1,1,1,1,1,6,1,1,1,1,2,1,1,1,1,1,1,0,0,0,0,0,1,28,1,1,1,3,1,1,1,1,1,1,1,1,1,1,1,1,1,1,1,20,24,1,1,1,1,1,0,2,0,69,0,1,60,1,1,1,1,1,1,9,67,1,6,1,1,1,1,2,1,2,1,1,1,1,1,1,2,1,1,0,0,0,1168,0,
Best: P2
47
Virginia Avenue,Tennessee Avenue,
15,1,1,1,1,1,1,1,1,1,1,1,1,1,1,1,8,1,1,1,1,1,1,1,1,1,1,1,0,0,0,0,0,1,38,1,1,1,2,1,1,1,1,1,1,1,1,1,1,1,1,1,1,1,15,41,1,1,1,1,1,0,4,0,132,0,1,72,1,1,1,1,1,1,6,36,1,4,1,1,1,1,1,1,1,1,1,1,1,1,1,3,1,1,0,0,0,541,0,
Best: P1
48
Tennessee Avenue,St. James Place,States Avenue,New York Avenue,
15,1,1,1,1,1,1,1,1,1,1,1,1,1,1,1,8,1,1,1,1,1,1,1,1,1,1,1,0,0,0,0,0,1,17,1,1,2,1,1,1,1,1,1,1,1,1,1,1,1,1,1,1,1,13,20,1,1,1,1,1,0,2,0,51,0,1,37,1,1,1,1,1,1,9,26,1,5,1,1,1,1,1,1,1,1,1,1,1,1,1,3,1,1,0,0,0,1101,0,
Best: P3
46
Tennessee Avenue,Baltic Avenue,B & O Railroad,
11,1,1,1,1,1,1,1,1,1,1,1,1,1,1,1,10,1,1,1,1,1,1,1,1,1,1,1,0,0,0,0,0,1,29,1,1,2,1,1,1,1,1,1,1,1,1,1,1,1,1,1,1,1,20,22,1,1,1,1,1,0,4,0,156,0,1,42,1,1,1,1,1,1,10,32,1,3,1,1,1,1,1,1,1,1,1,1,1,1,1,3,1,1,0,0,0,1100,0,
Best: P1
44
Tennessee Avenue,Oriental Avenue,
7,1,1,1,1,1,2,1,1,1,1,1,1,1,1,1,8,1,1,1,1,1,1,1,1,1,1,1,0,0,0,0,0,1,30,1,1,1,1,1,1,2,1,1,1,2,1,1,1,1,1,1,2,1,20,26,1,1,1,1,1,0,2,0,150,0,1,27,1,1,2,1,1,1,11,43,1,2,1,1,1,1,1,1,1,1,1,1,1,1,1,4,1,1,0,0,0,913,0,
Best: P1
47
Tennessee Avenue,Marvin Gardens,Connecticut Avenue,
7,1,1,1,1,1,2,1,1,1,1,1,1,1,1,1,8,1,1,1,1,1,1,1,1,1,1,1,0,0,0,0,0,1,30,1,1,1,1,1,1,2,1,1,1,2,1,1,1,1,1,1,2,1,20,26,1,1,1,1,1,0,2,0,150,0,1,27,1,1,2,1,1,1,11,43,1,2,1,1,1,1,1,1,1,1,1,1,1,1,1,4,1,1,0,0,0,913,0,
Best: P1
46
Connecticut Avenue,
7,1,1,1,1,1,2,1,1,1,1,1,1,1,1,1,8,1,1,1,1,1,1,1,1,1,1,1,0,0,0,0,0,1,30,1,1,1,1,1,1,2,1,1,1,2,1,1,1,1,1,1,2,1,20,26,1,1,1,1,1,0,2,0,150,0,1,27,1,1,2,1,1,1,11,43,1,2,1,1,1,1,1,1,1,1,1,1,1,1,1,4,1,1,0,0,0,913,0,
Best: P2
43
Ventnor Avenue,St. James Place,
5,1,1,1,1,1,1,1,1,1,1,1,1,1,1,1,8,1,1,1,1,1,1,1,1,1,1,1,0,0,0,0,0,1,40,1,1,1,1,1,1,1,1,1,1,1,1,1,1,1,1,1,2,1,28,28,1,1,1,1,1,0,2,0,130,0,1,28,1,1,1,1,1,1,7,28,1,3,1,1,1,1,1,1,1,1,1,1,1,1,1,5,1,1,0,0,0,1136,0,
Best: P3
46
States Avenue,Tennessee Avenue,
6,1,1,1,1,1,1,1,1,1,1,1,1,1,1,1,9,1,1,1,1,1,1,1,1,1,1,1,0,0,0,0,0,1,53,1,1,1,1,1,1,1,1,1,1,1,1,1,2,1,1,1,1,1,19,44,1,1,1,1,1,0,1,0,132,0,1,33,1,1,1,1,1,1,10,55,1,2,1,1,1,1,1,1,1,1,1,2,1,1,1,4,1,1,0,0,0,894,0,
Best: P2
47

7,1,1,1,1,1,1,1,1,1,1,1,1,1,1,1,8,1,1,1,1,1,1,1,1,1,1,1,0,0,0,0,0,1,69,1,1,1,1,1,1,1,1,1,1,1,1,1,1,1,1,1,1,1,30,28,1,1,1,1,1,0,1,0,167,0,1,35,1,1,1,1,1,1,6,57,1,2,1,1,1,1,1,1,1,1,1,1,1,1,1,5,1,1,0,0,0,933,0,
Best: P2
46
Water Works,Tennessee Avenue,New York Avenue,Baltic Avenue,
7,1,1,1,1,1,1,1,1,1,1,1,1,1,1,1,8,1,1,1,1,1,1,1,1,1,1,1,0,0,0,0,0,1,69,1,1,1,1,1,1,1,1,1,1,1,1,1,1,1,1,1,1,1,30,28,1,1,1,1,1,0,1,0,167,0,1,35,1,1,1,1,1,1,6,57,1,2,1,1,1,1,1,1,1,1,1,1,1,1,1,5,1,1,0,0,0,933,0,
Best: P4
46
Pacific Avenue,Boardwalk,
10,1,1,1,1,1,1,1,1,1,1,1,1,1,1,1,4,1,1,1,1,1,1,1,1,1,1,1,0,0,0,0,0,1,60,1,1,1,1,1,1,1,1,1,1,1,1,1,1,1,1,1,1,1,31,38,1,1,1,1,1,0,0,0,144,0,1,29,1,1,1,1,1,1,6,57,1,1,1,1,1,1,1,1,1,1,1,1,1,1,1,3,1,1,0,0,0,1333,0,
Best: P1
46
B & O Railroad,Baltic Avenue,Short Line Railroad,New York Avenue,Reading Railroad,Park Place,
6,1,1,1,1,1,1,1,1,1,1,1,1,1,1,1,3,1,1,1,1,1,1,1,1,1,1,1,0,0,0,0,0,1,70,1,1,1,1,1,1,1,1,1,1,1,1,1,1,1,1,1,1,1,17,30,1,1,1,1,1,0,0,0,157,0,1,26,1,1,1,1,1,1,4,71,1,1,1,1,1,1,1,1,1,1,1,1,1,1,1,4,1,1,0,0,0,512,0,
Best: P1
47
Tennessee Avenue,Atlantic Avenue,
6,1,1,1,1,1,1,1,1,1,1,1,1,1,1,1,3,1,1,1,1,1,1,1,1,1,1,1,0,0,0,0,0,1,70,1,1,1,1,1,1,1,1,1,1,1,1,1,1,1,1,1,1,1,17,30,1,1,1,1,1,0,0,0,157,0,1,26,1,1,1,1,1,1,4,71,1,1,1,1,1,1,1,1,1,1,1,1,1,1,1,4,1,1,0,0,0,512,0,
Best: P2
47
Tennessee Avenue,B & O Railroad,Pennsylvania Railroad,Water Works,
5,1,1,1,1,1,1,1,1,1,1,1,1,1,1,1,4,1,1,1,1,1,1,1,1,1,1,1,0,0,0,0,0,1,83,1,1,1,1,1,1,1,1,1,1,1,1,1,1,1,1,1,1,1,12,33,1,1,1,1,1,0,0,0,265,0,1,29,1,1,1,1,1,2,4,48,1,1,1,1,1,1,1,1,1,1,1,1,1,1,1,4,1,1,0,0,0,1024,0,
Best: P1
47
Reading Railroad,Park Place,Kentucky Avenue,
7,1,1,1,1,2,1,1,1,1,1,1,1,1,1,1,2,1,1,1,1,1,1,1,1,1,1,1,0,0,0,0,0,1,87,1,1,1,1,1,1,1,1,1,1,1,1,1,1,1,1,1,1,1,10,44,1,1,1,1,1,0,0,0,147,0,1,35,1,1,1,1,1,1,3,70,1,1,1,1,1,1,1,1,1,1,2,1,1,1,1,5,1,1,0,0,0,752,0,
Best: P1
48
Marvin Gardens,Baltic Avenue,
7,1,1,1,1,2,1,1,1,1,1,1,1,1,1,1,2,1,1,1,1,1,1,1,1,1,1,1,0,0,0,0,0,1,87,1,1,1,1,1,1,1,1,1,1,1,1,1,1,1,1,1,1,1,10,44,1,1,1,1,1,0,0,0,147,0,1,35,1,1,1,1,1,1,3,70,1,1,1,1,1,1,1,1,1,1,2,1,1,1,1,5,1,1,0,0,0,752,0,
Best: P2
47
Virginia Avenue,Electric Company,
9,1,1,1,1,1,1,1,1,1,1,1,1,1,1,1,2,1,1,1,1,1,1,1,1,1,1,1,0,0,0,0,0,1,100,1,1,1,1,1,1,1,1,1,1,1,1,1,1,1,1,1,1,1,14,57,1,1,1,1,1,0,0,0,175,0,1,32,1,1,1,1,1,1,3,87,1,1,1,1,1,1,1,1,1,1,1,1,1,1,1,3,1,1,0,0,0,741,0,
Best: P1
47
Baltic Avenue,Oriental Avenue,Connecticut Avenue,St. James Place,
5,1,1,1,1,1,1,1,1,1,1,1,1,1,1,1,2,1,1,1,1,1,1,1,1,1,1,1,0,0,0,0,0,1,89,1,1,1,1,1,1,1,1,1,1,1,1,1,1,1,1,1,1,1,9,43,1,1,1,1,1,0,0,0,209,0,1,17,1,1,1,1,1,1,2,100,1,1,1,1,1,1,1,1,1,1,1,2,1,1,1,5,1,1,0,0,0,455,0,
Best: P1
48
Tennessee Avenue,North Carolina Avenue,
5,1,1,1,1,1,1,1,1,1,1,1,1,1,1,1,2,1,1,1,1,1,1,1,1,1,1,1,0,0,0,0,0,1,89,1,1,1,1,1,1,1,1,1,1,1,1,1,1,1,1,1,1,1,9,43,1,1,1,1,1,0,0,0,209,0,1,17,1,1,1,1,1,1,2,100,1,1,1,1,1,1,1,1,1,1,1,2,1,1,1,5,1,1,0,0,0,455,0,
Best: P2
48
Baltic Avenue,Boardwalk,Pennsylvania Railroad,Park Place,
6,1,1,1,1,1,1,1,1,1,1,1,1,1,1,1,2,1,1,2,1,1,1,1,1,1,1,1,0,0,0,0,0,1,63,1,1,1,1,1,1,1,1,1,1,1,1,1,1,1,1,1,1,1,12,62,1,1,1,1,2,0,0,0,169,0,1,21,1,1,1,1,1,1,1,90,1,1,1,1,1,1,1,1,1,1,1,1,1,1,1,6,1,1,0,0,0,432,0,
Best: P1
48
Short Line Railroad,
4,1,1,1,1,1,1,1,1,1,1,1,1,1,1,1,2,1,1,1,1,1,1,1,1,1,1,1,0,0,0,0,0,1,55,1,1,1,1,1,1,1,1,1,1,1,1,1,1,1,1,1,1,1,14,69,1,1,1,1,1,0,0,0,179,0,1,26,1,1,1,1,1,1,1,100,1,1,1,1,1,1,1,1,1,1,1,1,2,1,1,7,1,1,0,0,0,274,0,
Best: P2
46
States Avenue,
5,1,1,1,1,2,1,1,1,1,1,1,1,1,1,1,1,1,1,1,1,1,1,1,1,1,1,1,0,0,0,0,0,1,52,1,1,1,1,1,1,1,1,1,1,1,1,1,1,1,1,1,1,1,17,59,1,1,1,1,1,0,0,0,198,0,1,31,1,1,1,1,1,1,1,100,1,1,1,1,2,1,1,1,1,1,1,1,1,1,1,5,1,1,0,0,0,183,0,
Best: P1
48
Kentucky Avenue,Vermont Avenue,States Avenue,Baltic Avenue,St. James Place,
6,1,1,1,1,1,1,1,1,1,1,1,1,1,1,1,1,1,1,1,1,1,1,1,1,1,1,1,0,0,0,0,0,1,54,1,1,1,1,1,1,1,1,1,1,1,1,1,1,1,1,1,1,1,22,90,1,1,1,1,1,0,0,0,165,0,1,23,1,1,1,1,1,1,1,59,1,1,1,1,1,1,1,1,1,1,1,1,1,1,1,3,1,1,0,0,0,332,0,
Best: P1
48
Baltic Avenue,Pacific Avenue,
6,1,1,1,1,1,1,1,1,1,1,1,1,1,1,1,1,1,1,1,1,1,1,1,1,1,1,1,0,0,0,0,0,1,54,1,1,1,1,1,1,1,1,1,1,1,1,1,1,1,1,1,1,1,22,90,1,1,1,1,1,0,0,0,165,0,1,23,1,1,1,1,1,1,1,59,1,1,1,1,1,1,1,1,1,1,1,1,1,1,1,3,1,1,0,0,0,332,0,
Best: P1
47
Electric Company,Tennessee Avenue,Ventnor Avenue,Kentucky Avenue,Short Line Railroad,B & O Railroad,Pennsylvania Railroad,Mediterranean Avenue,Water Works,
6,1,1,1,1,1,1,1,1,1,1,1,1,1,1,1,1,1,1,1,1,1,1,1,1,1,1,1,0,0,0,0,0,1,54,1,1,1,1,1,1,1,1,1,1,1,1,1,1,1,1,1,1,1,22,90,1,1,1,1,1,0,0,0,165,0,1,23,1,1,1,1,1,1,1,59,1,1,1,1,1,1,1,1,1,1,1,1,1,1,1,3,1,1,0,0,0,332,0,
Best: P1
48
States Avenue,
6,1,1,1,1,1,1,1,1,1,1,1,1,1,1,1,1,1,1,1,1,1,1,1,1,1,1,1,0,0,0,0,0,1,54,1,1,1,1,1,1,1,1,1,1,1,1,1,1,1,1,1,1,1,22,90,1,1,1,1,1,0,0,0,165,0,1,23,1,1,1,1,1,1,1,59,1,1,1,1,1,1,1,1,1,1,1,1,1,1,1,3,1,1,0,0,0,332,0,
Best: P1
47
Baltic Avenue,Tennessee Avenue,Atlantic Avenue,North Carolina Avenue,
6,1,1,1,1,1,1,1,1,1,1,1,1,1,1,1,1,1,1,1,1,1,1,1,1,1,1,1,0,0,0,0,0,1,54,1,1,1,1,1,1,1,1,1,1,1,1,1,1,1,1,1,1,1,22,90,1,1,1,1,1,0,0,0,165,0,1,23,1,1,1,1,1,1,1,59,1,1,1,1,1,1,1,1,1,1,1,1,1,1,1,3,1,1,0,0,0,332,0,
Best: P1
48
Tennessee Avenue,New York Avenue,Pennsylvania Avenue,
6,1,1,1,1,1,1,1,1,1,1,1,1,1,1,1,1,1,1,1,1,1,1,1,1,1,1,1,0,0,0,0,0,1,54,1,1,1,1,1,1,1,1,1,1,1,1,1,1,1,1,1,1,1,22,90,1,1,1,1,1,0,0,0,165,0,1,23,1,1,1,1,1,1,1,59,1,1,1,1,1,1,1,1,1,1,1,1,1,1,1,3,1,1,0,0,0,332,0,
Best: P1
47
Illinois Avenue,Boardwalk,
6,1,1,1,1,1,1,1,1,1,1,1,1,1,1,1,1,1,1,1,1,1,1,1,1,1,1,1,0,0,0,0,0,1,54,1,1,1,1,1,1,1,1,1,1,1,1,1,1,1,1,1,1,1,22,90,1,1,1,1,1,0,0,0,165,0,1,23,1,1,1,1,1,1,1,59,1,1,1,1,1,1,1,1,1,1,1,1,1,1,1,3,1,1,0,0,0,332,0,
Best: P2
47
Tennessee Avenue,Short Line Railroad,Baltic Avenue,New York Avenue,Park Place,
6,1,1,1,1,1,1,1,1,1,1,1,1,1,1,1,1,1,1,1,1,1,2,1,1,1,1,1,0,0,0,0,0,1,62,1,1,1,1,1,1,1,1,1,1,1,1,1,1,1,1,1,1,1,19,100,1,1,1,1,1,0,0,0,270,0,1,16,1,1,1,1,1,1,1,43,2,1,1,1,1,1,1,1,1,1,1,1,1,1,1,3,2,1,0,0,0,400,0,
Best: P1
46
Baltic Avenue,Tennessee Avenue,Pacific Avenue,Pennsylvania Railroad,B & O Railroad,Pennsylvania Avenue,
5,1,1,1,1,1,1,1,1,1,1,1,1,1,1,1,1,1,1,1,1,1,1,1,1,1,1,1,0,0,0,0,0,1,52,1,1,1,2,1,1,1,1,1,1,1,1,1,1,1,1,1,1,1,20,56,1,1,1,1,1,0,0,0,299,0,1,23,1,1,1,1,1,1,1,38,1,1,1,1,1,1,1,1,1,1,1,1,1,1,1,4,1,1,0,0,0,475,0,
Best: P2
47
Illinois Avenue,Tennessee Avenue,Pacific Avenue,
3,1,1,1,1,1,1,1,1,1,1,1,1,1,1,1,1,1,1,1,1,1,1,1,1,1,1,1,0,0,0,0,0,1,67,1,1,1,1,1,1,1,1,1,1,1,1,1,1,1,1,1,1,1,29,100,1,1,1,1,1,0,0,0,218,0,1,22,1,1,1,1,1,1,1,36,1,1,1,1,1,1,1,2,1,1,1,1,1,1,1,3,1,1,0,0,0,345,0,
Best: P1
46

2,1,1,1,1,1,1,1,1,1,1,1,1,1,1,1,1,1,1,1,1,1,1,1,1,1,1,1,0,0,0,0,0,1,40,1,1,1,1,1,1,1,1,1,1,1,1,1,1,1,1,1,1,1,17,87,1,1,1,1,1,0,0,0,229,0,1,27,1,1,1,1,1,1,1,54,1,1,1,1,1,1,1,1,1,1,1,1,1,1,1,3,1,1,0,0,0,369,0,
Best: P1
47
Short Line Railroad,Vermont Avenue,
2,1,1,1,1,1,1,1,1,1,1,1,1,1,1,1,1,1,1,1,1,1,1,1,1,1,1,1,0,0,0,0,0,1,40,1,1,1,1,1,1,1,1,1,1,1,1,1,1,1,1,1,1,1,17,87,1,1,1,1,1,0,0,0,229,0,1,27,1,1,1,1,1,1,1,54,1,1,1,1,1,1,1,1,1,1,1,1,1,1,1,3,1,1,0,0,0,369,0,
Best: P1
48
Mediterranean Avenue,Tennessee Avenue,Illinois Avenue,Baltic Avenue,
2,1,1,1,1,1,1,1,1,1,1,1,1,1,1,1,1,1,1,1,1,1,1,1,1,1,1,1,0,0,0,0,0,1,40,1,1,1,1,1,1,1,1,1,1,1,1,1,1,1,1,1,1,1,17,87,1,1,1,1,1,0,0,0,229,0,1,27,1,1,1,1,1,1,1,54,1,1,1,1,1,1,1,1,1,1,1,1,1,1,1,3,1,1,0,0,0,369,0,
Best: P1
48
Connecticut Avenue,Reading Railroad,Electric Company,
2,1,1,1,1,1,1,1,1,1,1,1,1,1,1,1,1,1,1,1,1,1,1,1,1,1,1,1,0,0,0,0,0,1,40,1,1,1,1,1,1,1,1,1,1,1,1,1,1,1,1,1,1,1,17,87,1,1,1,1,1,0,0,0,229,0,1,27,1,1,1,1,1,1,1,54,1,1,1,1,1,1,1,1,1,1,1,1,1,1,1,3,1,1,0,0,0,369,0,
Best: P1
48
Virginia Avenue,Pacific Avenue,
2,1,1,1,1,1,1,1,1,1,1,1,1,1,1,1,1,1,1,1,1,1,1,1,1,1,1,1,0,0,0,0,0,1,40,1,1,1,1,1,1,1,1,1,1,1,1,1,1,1,1,1,1,1,17,87,1,1,1,1,1,0,0,0,229,0,1,27,1,1,1,1,1,1,1,54,1,1,1,1,1,1,1,1,1,1,1,1,1,1,1,3,1,1,0,0,0,369,0,
Best: P2
47
B & O Railroad,
1,1,1,1,1,1,1,1,1,1,1,1,1,1,1,1,1,1,1,1,1,1,1,1,1,1,1,1,0,0,0,0,0,1,56,1,1,1,1,1,1,1,1,1,1,1,1,1,1,1,1,1,1,1,13,81,1,1,1,1,1,0,0,0,263,0,1,24,1,1,1,1,1,1,1,62,1,1,1,1,1,1,1,1,1,1,1,1,1,1,1,3,1,1,0,0,0,165,0,
Best: P2
46
Tennessee Avenue,Ventnor Avenue,Pacific Avenue,Atlantic Avenue,
1,1,1,1,1,1,1,1,1,1,1,1,1,1,1,1,1,1,1,1,1,1,1,1,1,1,1,1,0,0,0,0,0,1,56,1,1,1,1,1,1,1,1,1,1,1,1,1,1,1,1,1,1,1,13,81,1,1,1,1,1,0,0,0,263,0,1,24,1,1,1,1,1,1,1,62,1,1,1,1,1,1,1,1,1,1,1,1,1,1,1,3,1,1,0,0,0,165,0,
Best: P1
46
Short Line Railroad,Vermont Avenue,
1,1,1,1,1,1,1,2,1,1,1,1,1,1,1,1,2,1,1,1,1,1,1,1,1,1,1,1,0,0,0,0,0,1,33,1,1,1,1,1,1,1,1,1,1,1,1,1,1,1,1,1,1,1,11,100,1,1,1,1,1,0,0,0,162,0,1,27,1,1,1,1,1,1,1,85,1,1,1,1,1,1,1,1,1,1,1,1,1,1,1,2,1,1,0,0,0,129,0,
Best: P1
48
Baltic Avenue,New York Avenue,Mediterranean Avenue,
1,1,1,1,1,1,1,2,1,1,1,1,1,1,1,1,2,1,1,1,1,1,1,1,1,1,1,1,0,0,0,0,0,1,33,1,1,1,1,1,1,1,1,1,1,1,1,1,1,1,1,1,1,1,11,100,1,1,1,1,1,0,0,0,162,0,1,27,1,1,1,1,1,1,1,85,1,1,1,1,1,1,1,1,1,1,1,1,1,1,1,2,1,1,0,0,0,129,0,
Best: P1
48
Marvin Gardens,B & O Railroad,Park Place,
1,1,1,1,1,1,1,2,1,1,1,1,1,1,1,1,2,1,1,1,1,1,1,1,1,1,1,1,0,0,0,0,0,1,33,1,1,1,1,1,1,1,1,1,1,1,1,1,1,1,1,1,1,1,11,100,1,1,1,1,1,0,0,0,162,0,1,27,1,1,1,1,1,1,1,85,1,1,1,1,1,1,1,1,1,1,1,1,1,1,1,2,1,1,0,0,0,129,0,
Best: P1
46
Baltic Avenue,Connecticut Avenue,Pennsylvania Railroad,Ventnor Avenue,Indiana Avenue,
1,1,1,1,1,1,1,2,1,1,1,1,1,1,1,1,2,1,1,1,1,1,1,1,1,1,1,1,0,0,0,0,0,1,33,1,1,1,1,1,1,1,1,1,1,1,1,1,1,1,1,1,1,1,11,100,1,1,1,1,1,0,0,0,162,0,1,27,1,1,1,1,1,1,1,85,1,1,1,1,1,1,1,1,1,1,1,1,1,1,1,2,1,1,0,0,0,129,0,
Best: P1
47
Baltic Avenue,St. Charles Place,Oriental Avenue,Pennsylvania Railroad,Marvin Gardens,Kentucky Avenue,Water Works,
1,1,1,1,1,1,1,2,1,1,1,1,1,1,1,1,2,1,1,1,1,1,1,1,1,1,1,1,0,0,0,0,0,1,33,1,1,1,1,1,1,1,1,1,1,1,1,1,1,1,1,1,1,1,11,100,1,1,1,1,1,0,0,0,162,0,1,27,1,1,1,1,1,1,1,85,1,1,1,1,1,1,1,1,1,1,1,1,1,1,1,2,1,1,0,0,0,129,0,
Best: P1
46
Tennessee Avenue,Boardwalk,
1,1,1,1,1,1,1,2,1,1,1,1,1,1,1,1,2,1,1,1,1,1,1,1,1,1,1,1,0,0,0,0,0,1,33,1,1,1,1,1,1,1,1,1,1,1,1,1,1,1,1,1,1,1,11,100,1,1,1,1,1,0,0,0,162,0,1,27,1,1,1,1,1,1,1,85,1,1,1,1,1,1,1,1,1,1,1,1,1,1,1,2,1,1,0,0,0,129,0,
Best: P2
47
Atlantic Avenue,Oriental Avenue,
1,1,1,1,1,1,1,1,1,1,1,1,1,1,1,1,1,1,1,1,1,1,1,1,1,1,1,1,0,0,0,0,0,1,34,1,1,1,1,1,1,1,1,1,1,1,1,1,1,1,1,1,1,1,18,81,1,1,1,1,1,0,0,0,92,0,1,25,1,1,2,1,1,1,1,67,1,1,1,1,1,1,1,1,1,1,1,1,1,1,1,1,1,1,0,0,0,159,0,
Best: P2
46
Tennessee Avenue,Baltic Avenue,States Avenue,Mediterranean Avenue,B & O Railroad,
1,1,1,1,1,1,1,1,1,1,1,1,1,1,1,1,1,1,1,1,1,1,1,1,1,1,1,1,0,0,0,0,0,1,34,1,1,1,1,1,1,1,1,1,1,1,1,1,1,1,1,1,1,1,18,81,1,1,1,1,1,0,0,0,92,0,1,25,1,1,2,1,1,1,1,67,1,1,1,1,1,1,1,1,1,1,1,1,1,1,1,1,1,1,0,0,0,159,0,
Best: P1
46
Marvin Gardens,Mediterranean Avenue,States Avenue,Virginia Avenue,Vermont Avenue,
1,1,1,1,1,1,1,1,1,1,1,1,1,1,1,1,1,1,1,1,1,1,1,1,1,1,1,1,0,0,0,0,0,2,20,1,1,1,1,1,1,1,1,1,1,1,1,1,1,1,1,1,1,1,18,95,1,1,1,1,1,0,0,0,107,0,1,19,1,1,1,1,1,1,1,83,1,1,1,1,1,1,1,1,1,1,1,1,1,1,1,1,1,1,0,0,0,94,0,
Best: P1
48
Tennessee Avenue,Illinois Avenue,B & O Railroad,Water Works,
1,1,1,1,1,1,1,1,1,1,1,1,1,1,1,1,1,1,1,1,1,1,1,1,1,1,1,1,0,0,0,0,0,2,20,1,1,1,1,1,1,1,1,1,1,1,1,1,1,1,1,1,1,1,18,95,1,1,1,1,1,0,0,0,107,0,1,19,1,1,1,1,1,1,1,83,1,1,1,1,1,1,1,1,1,1,1,1,1,1,1,1,1,1,0,0,0,94,0,
Best: P1
48
Indiana Avenue,New York Avenue,Water Works,Electric Company,Pennsylvania Avenue,Connecticut Avenue,
1,1,1,1,1,1,1,1,1,1,1,1,1,1,1,1,1,1,1,1,1,1,1,1,1,1,1,1,0,0,0,0,0,2,20,1,1,1,1,1,1,1,1,1,1,1,1,1,1,1,1,1,1,1,18,95,1,1,1,1,1,0,0,0,107,0,1,19,1,1,1,1,1,1,1,83,1,1,1,1,1,1,1,1,1,1,1,1,1,1,1,1,1,1,0,0,0,94,0,
Best: P1
48
Indiana Avenue,Baltic Avenue,States Avenue,
1,1,1,1,1,1,1,1,1,1,1,1,1,1,1,1,1,1,1,1,1,1,1,1,1,1,1,1,0,0,0,0,0,2,20,1,1,1,1,1,1,1,1,1,1,1,1,1,1,1,1,1,1,1,18,95,1,1,1,1,1,0,0,0,107,0,1,19,1,1,1,1,1,1,1,83,1,1,1,1,1,1,1,1,1,1,1,1,1,1,1,1,1,1,0,0,0,94,0,
Best: P1
48
St. Charles Place,Reading Railroad,
1,1,1,1,1,1,1,1,1,1,1,1,1,1,1,1,1,1,1,1,1,1,1,1,1,1,1,1,0,0,0,0,0,2,20,1,1,1,1,1,1,1,1,1,1,1,1,1,1,1,1,1,1,1,18,95,1,1,1,1,1,0,0,0,107,0,1,19,1,1,1,1,1,1,1,83,1,1,1,1,1,1,1,1,1,1,1,1,1,1,1,1,1,1,0,0,0,94,0,
Best: P1
48
St. James Place,Water Works,
1,1,1,1,1,1,1,1,1,1,1,1,1,1,1,1,1,1,1,1,1,1,1,1,1,1,1,1,0,0,0,0,0,2,20,1,1,1,1,1,1,1,1,1,1,1,1,1,1,1,1,1,1,1,18,95,1,1,1,1,1,0,0,0,107,0,1,19,1,1,1,1,1,1,1,83,1,1,1,1,1,1,1,1,1,1,1,1,1,1,1,1,1,1,0,0,0,94,0,
Best: P1
46
Vermont Avenue,St. James Place,Kentucky Avenue,
1,1,1,1,1,1,1,1,1,1,1,1,1,1,1,1,1,1,1,1,1,1,1,1,1,1,1,1,0,0,0,0,0,2,20,1,1,1,1,1,1,1,1,1,1,1,1,1,1,1,1,1,1,1,18,95,1,1,1,1,1,0,0,0,107,0,1,19,1,1,1,1,1,1,1,83,1,1,1,1,1,1,1,1,1,1,1,1,1,1,1,1,1,1,0,0,0,94,0,
Best: P2
45
Tennessee Avenue,Electric Company,
1,1,1,1,1,1,1,2,1,1,1,1,1,1,1,1,1,1,1,1,1,1,1,1,1,1,1,1,0,0,0,0,0,1,11,1,1,1,1,1,1,1,1,1,1,1,1,1,2,1,1,1,1,1,23,59,1,1,1,1,1,0,0,0,104,0,1,21,2,1,1,1,1,1,1,89,1,1,1,1,1,1,1,1,1,1,1,1,1,1,1,1,1,1,0,0,0,119,0,
Best: P1
48
Park Place,St. James Place,
1,1,1,1,1,1,1,1,1,1,1,1,1,1,1,1,1,1,1,1,1,1,1,1,1,1,1,1,0,0,0,0,0,1,12,1,2,1,1,1,1,1,1,1,1,1,1,1,1,1,1,1,1,1,17,63,2,1,1,1,1,0,0,0,79,0,1,19,1,1,1,1,1,1,1,100,2,1,1,1,1,1,1,1,1,1,1,1,1,1,1,1,1,1,0,0,0,121,0,
Best: P1
48
Kentucky Avenue,Illinois Avenue,St. Charles Place,
1,1,1,1,1,1,1,1,1,1,1,1,1,1,1,1,1,1,1,1,1,1,1,1,1,1,1,1,0,0,0,0,0,1,12,1,2,1,1,1,1,1,1,1,1,1,1,1,1,1,1,1,1,1,17,63,2,1,1,1,1,0,0,0,79,0,1,19,1,1,1,1,1,1,1,100,2,1,1,1,1,1,1,1,1,1,1,1,1,1,1,1,1,1,0,0,0,121,0,
Best: P1
47
Tennessee Avenue,
1,1,1,1,1,1,1,1,1,1,1,1,1,1,1,1,1,1,1,1,1,1,1,1,1,1,1,1,0,0,0,0,0,1,12,1,2,1,1,1,1,1,1,1,1,1,1,1,1,1,1,1,1,1,17,63,2,1,1,1,1,0,0,0,79,0,1,19,1,1,1,1,1,1,1,100,2,1,1,1,1,1,1,1,1,1,1,1,1,1,1,1,1,1,0,0,0,121,0,
Best: P1
46
Tennessee Avenue,Oriental Avenue,Pacific Avenue,
1,1,1,1,1,1,1,1,1,1,1,1,1,1,1,1,1,1,1,1,1,1,1,1,1,1,1,1,0,0,0,0,0,1,12,1,2,1,1,1,1,1,1,1,1,1,1,1,1,1,1,1,1,1,17,63,2,1,1,1,1,0,0,0,79,0,1,19,1,1,1,1,1,1,1,100,2,1,1,1,1,1,1,1,1,1,1,1,1,1,1,1,1,1,0,0,0,121,0,
Best: P2
44
St. James Place,
1,1,1,1,1,1,1,1,1,1,1,1,1,1,1,1,1,1,1,1,1,1,1,1,1,1,1,1,0,0,0,0,0,1,22,1,1,1,1,1,1,1,1,1,1,1,1,1,1,1,1,1,1,1,21,46,1,1,1,1,1,0,0,0,84,0,1,15,1,1,1,1,1,1,1,100,1,1,1,1,1,1,1,1,1,1,1,1,1,1,1,1,1,1,0,0,0,50,0,
Best: P2
47
Pennsylvania Railroad,B & O Railroad,
1,1,1,1,1,1,1,1,1,1,1,1,1,1,1,1,1,1,1,1,1,1,1,1,1,1,1,1,0,0,0,0,0,1,22,1,1,1,1,1,1,1,1,1,1,1,1,1,1,1,1,1,1,1,21,46,1,1,1,1,1,0,0,0,84,0,1,15,1,1,1,1,1,1,1,100,1,1,1,1,1,1,1,1,1,1,1,1,1,1,1,1,1,1,0,0,0,50,0,
Best: P2
47
Tennessee Avenue,Baltic Avenue,
1,1,1,1,1,1,1,1,1,1,1,1,1,1,1,1,1,1,1,1,1,1,1,1,1,1,1,1,0,0,0,0,0,1,22,1,1,1,1,1,1,1,1,1,1,1,1,1,1,1,1,1,1,1,21,46,1,1,1,1,1,0,0,0,84,0,1,15,1,1,1,1,1,1,1,100,1,1,1,1,1,1,1,1,1,1,1,1,1,1,1,1,1,1,0,0,0,50,0,
Best: P2
46
Tennessee Avenue,North Carolina Avenue,Pacific Avenue,States Avenue,
1,1,1,1,1,1,1,1,1,1,1,1,1,1,1,1,1,1,1,1,1,1,1,1,1,1,1,1,0,0,0,0,0,1,22,1,1,1,1,1,1,1,1,1,1,1,1,1,1,1,1,1,1,1,21,46,1,1,1,1,1,0,0,0,84,0,1,15,1,1,1,1,1,1,1,100,1,1,1,1,1,1,1,1,1,1,1,1,1,1,1,1,1,1,0,0,0,50,0,
Best: P2
47
Tennessee Avenue,Pacific Avenue,Baltic Avenue,Virginia Avenue,
1,1,1,1,1,1,1,1,1,1,1,1,1,1,1,1,1,1,1,1,1,1,1,1,1,1,1,1,0,0,0,0,0,1,22,1,1,1,1,1,1,1,1,1,1,1,1,1,1,1,1,1,1,1,21,46,1,1,1,1,1,0,0,0,84,0,1,15,1,1,1,1,1,1,1,100,1,1,1,1,1,1,1,1,1,1,1,1,1,1,1,1,1,1,0,0,0,50,0,
Best: P2
46
Tennessee Avenue,St. Charles Place,Water Works,Baltic Avenue,Park Place,Connecticut Avenue,
1,1,1,1,1,1,1,1,1,1,1,1,1,1,1,1,1,1,1,1,1,1,1,1,1,1,1,1,0,0,0,0,0,1,22,1,1,1,1,1,1,1,1,1,1,1,1,1,1,1,1,1,1,1,21,46,1,1,1,1,1,0,0,0,84,0,1,15,1,1,1,1,1,1,1,100,1,1,1,1,1,1,1,1,1,1,1,1,1,1,1,1,1,1,0,0,0,50,0,
Best: P1
48
New York Avenue,Pennsylvania Railroad,Pacific Avenue,Kentucky Avenue,Oriental Avenue,
1,1,1,1,1,1,1,1,1,1,1,1,1,1,1,1,1,1,1,1,1,1,1,1,1,1,1,1,0,0,0,0,0,1,10,1,1,1,1,1,1,1,1,1,1,1,1,1,1,1,1,1,1,1,29,64,1,1,1,1,1,0,0,0,96,0,1,6,1,1,1,1,1,1,1,96,1,1,1,1,1,1,1,1,1,1,1,1,1,1,1,1,1,1,0,0,0,44,0,
Best: P1
47
Atlantic Avenue,Water Works,St. Charles Place,Oriental Avenue,
1,1,1,1,1,1,1,1,1,1,1,1,1,1,1,1,1,1,1,1,1,1,1,1,1,1,1,1,0,0,0,0,0,1,10,1,1,1,1,1,1,1,1,1,1,1,1,1,1,1,1,1,1,1,29,64,1,1,1,1,1,0,0,0,96,0,1,6,1,1,1,1,1,1,1,96,1,1,1,1,1,1,1,1,1,1,1,1,1,1,1,1,1,1,0,0,0,44,0,
Best: P3
47
Pennsylvania Avenue,Tennessee Avenue,Oriental Avenue,Vermont Avenue,
1,1,1,1,1,1,1,1,1,1,1,1,1,1,1,1,1,1,1,1,1,1,1,1,1,1,1,1,0,0,0,0,0,1,10,1,1,1,1,1,1,1,1,1,1,1,1,1,1,1,1,1,1,1,15,100,1,1,1,1,1,0,0,0,88,0,1,7,1,1,1,1,1,1,1,88,1,1,1,1,1,1,1,1,1,1,1,1,1,1,1,1,1,1,0,0,0,37,0,
Best: P2
47
Mediterranean Avenue,Tennessee Avenue,Baltic Avenue,Pennsylvania Railroad,
1,1,1,1,1,1,1,1,1,1,1,1,1,1,1,1,1,1,1,1,1,1,1,1,1,1,1,1,0,0,0,0,0,1,14,1,1,1,1,1,1,1,1,1,1,1,1,1,1,1,1,1,1,1,16,97,1,1,1,1,1,0,0,0,44,0,1,5,1,1,1,1,1,1,1,66,1,1,1,1,1,1,1,1,1,1,1,1,1,1,1,1,1,1,0,0,0,36,0,
Best: P2
47
Tennessee Avenue,St. Charles Place,B & O Railroad,
1,1,1,1,1,1,1,1,1,1,1,1,1,1,1,1,1,1,1,1,1,1,1,1,1,1,1,1,0,0,0,0,0,1,14,1,1,1,1,1,1,1,1,1,1,1,1,1,1,1,1,1,1,1,16,97,1,1,1,1,1,0,0,0,44,0,1,5,1,1,1,1,1,1,1,66,1,1,1,1,1,1,1,1,1,1,1,1,1,1,1,1,1,1,0,0,0,36,0,
Best: P1
48
Tennessee Avenue,Pennsylvania Avenue,B & O Railroad,Pennsylvania Railroad,
1,1,1,1,1,1,1,1,1,1,1,1,1,1,1,1,1,1,1,1,1,1,1,1,1,1,1,1,0,0,0,0,0,1,11,1,1,1,1,1,1,1,1,1,1,1,1,1,1,1,1,1,1,1,8,88,1,1,1,1,1,0,0,0,49,0,1,4,1,1,1,1,1,1,1,78,1,1,1,1,1,1,1,1,2,1,1,1,1,1,1,1,1,1,0,0,0,52,0,
Best: P1
48
Tennessee Avenue,Water Works,Atlantic Avenue,Oriental Avenue,
1,1,1,1,1,1,1,1,1,1,1,1,1,1,1,1,1,1,1,1,1,1,1,1,1,1,1,1,0,0,0,0,0,1,11,1,1,1,1,1,1,1,1,1,1,1,1,1,1,1,1,1,1,1,8,88,1,1,1,1,1,0,0,0,49,0,1,4,1,1,1,1,1,1,1,78,1,1,1,1,1,1,1,1,2,1,1,1,1,1,1,1,1,1,0,0,0,52,0,
Best: P1
48
Kentucky Avenue,
1,1,1,1,1,1,1,1,1,1,1,1,1,1,1,1,1,1,1,1,1,1,1,1,1,1,1,1,0,0,0,0,0,1,11,1,1,1,1,1,1,1,1,1,1,1,1,1,1,1,1,1,1,1,8,88,1,1,1,1,1,0,0,0,49,0,1,4,1,1,1,1,1,1,1,78,1,1,1,1,1,1,1,1,2,1,1,1,1,1,1,1,1,1,0,0,0,52,0,
Best: P1
48
Virginia Avenue,States Avenue,Marvin Gardens,
1,1,1,1,1,1,1,1,1,1,1,1,1,1,1,1,1,1,1,1,1,1,1,1,1,1,1,1,0,0,0,0,0,1,11,1,1,1,1,1,1,1,1,1,1,1,1,1,1,1,1,1,1,1,8,88,1,1,1,1,1,0,0,0,49,0,1,4,1,1,1,1,1,1,1,78,1,1,1,1,1,1,1,1,2,1,1,1,1,1,1,1,1,1,0,0,0,52,0,
Best: P1
48
Reading Railroad,Indiana Avenue,Mediterranean Avenue,
1,1,1,1,1,1,1,1,1,1,1,1,1,1,1,1,1,1,1,1,1,1,1,1,1,1,1,1,0,0,0,0,0,1,11,1,1,1,1,1,1,1,1,1,1,1,1,1,1,1,1,1,1,1,8,88,1,1,1,1,1,0,0,0,49,0,1,4,1,1,1,1,1,1,1,78,1,1,1,1,1,1,1,1,2,1,1,1,1,1,1,1,1,1,0,0,0,52,0,
Best: P1
47
Pennsylvania Railroad,Water Works,
1,1,1,1,1,1,1,1,1,1,1,1,1,1,1,1,1,1,1,1,1,1,1,1,1,1,1,1,0,0,0,0,0,1,11,1,1,1,1,1,1,1,1,1,1,1,1,1,1,1,1,1,1,1,8,88,1,1,1,1,1,0,0,0,49,0,1,4,1,1,1,1,1,1,1,78,1,1,1,1,1,1,1,1,2,1,1,1,1,1,1,1,1,1,0,0,0,52,0,
Best: P2
46
Boardwalk,St. James Place,
1,1,1,1,1,1,1,1,1,1,1,1,1,1,1,1,1,1,1,1,1,1,1,1,1,1,1,1,0,0,0,0,0,1,5,1,1,1,1,1,1,1,1,1,1,1,1,1,1,1,1,1,1,1,4,77,1,1,1,1,1,0,0,0,68,0,1,4,1,1,1,1,1,1,1,40,1,1,1,1,1,1,1,1,1,1,1,1,1,1,1,1,1,1,0,0,0,47,0,
Best: P1
46
Atlantic Avenue,Short Line Railroad,New York Avenue,Marvin Gardens,
1,1,1,1,1,1,1,1,1,1,1,1,1,1,1,1,1,1,1,1,1,1,1,1,1,1,1,1,0,0,0,0,0,1,10,1,1,1,1,1,1,1,1,1,1,1,1,1,1,1,1,1,1,1,9,100,1,1,1,1,1,0,0,0,84,0,1,3,1,1,1,1,1,1,1,87,1,1,1,1,1,1,1,1,1,1,1,1,1,1,1,1,1,1,0,0,0,25,0,
Best: P1
47
Short Line Railroad,Pennsylvania Railroad,Connecticut Avenue,Ventnor Avenue,Oriental Avenue,
1,1,1,1,1,1,1,1,1,1,1,1,1,1,1,1,1,1,1,1,1,1,1,1,1,1,1,1,0,0,0,0,0,1,10,1,1,1,1,1,1,1,1,1,1,1,1,1,1,1,1,1,1,1,9,100,1,1,1,1,1,0,0,0,84,0,1,3,1,1,1,1,1,1,1,87,1,1,1,1,1,1,1,1,1,1,1,1,1,1,1,1,1,1,0,0,0,25,0,
Best: P1
48
Vermont Avenue,Baltic Avenue,
1,1,1,1,1,1,1,1,1,1,1,1,1,1,1,1,1,1,1,1,1,1,1,1,1,1,1,1,0,0,0,0,0,1,10,1,1,1,1,1,1,1,1,1,1,1,1,1,1,1,1,1,1,1,9,100,1,1,1,1,1,0,0,0,84,0,1,3,1,1,1,1,1,1,1,87,1,1,1,1,1,1,1,1,1,1,1,1,1,1,1,1,1,1,0,0,0,25,0,
Best: P2
46
Electric Company,New York Avenue,Pacific Avenue,Virginia Avenue,
1,1,1,1,1,1,1,1,1,1,1,1,1,1,1,1,1,1,1,1,1,1,1,1,1,1,1,1,0,0,0,0,0,1,14,1,1,1,1,1,1,1,1,1,1,1,1,1,1,1,1,1,1,1,6,96,1,1,1,1,1,0,0,0,83,0,1,3,1,1,1,1,1,1,1,44,1,1,1,1,1,1,1,1,1,1,1,1,1,1,1,1,1,1,0,0,0,49,0,
Best: P1
47
Baltic Avenue,Illinois Avenue,Mediterranean Avenue,
1,1,1,1,1,1,1,1,1,1,1,1,1,1,1,1,1,1,1,1,1,1,1,1,1,1,1,1,0,0,0,0,0,1,8,1,1,1,1,1,1,1,1,1,1,1,1,1,1,1,1,1,1,1,7,57,1,1,1,1,1,0,0,0,92,0,1,2,1,1,1,1,1,1,1,59,1,1,1,1,1,1,1,1,1,1,1,2,1,1,1,1,1,1,0,0,0,45,0,
Best: P1
45
Boardwalk,Electric Company,
1,1,1,1,1,1,1,1,1,1,1,1,1,1,1,1,1,1,1,1,1,1,1,1,1,1,1,1,0,0,0,0,0,1,8,1,1,1,1,1,1,1,1,1,1,1,1,1,1,1,1,1,1,1,7,57,1,1,1,1,1,0,0,0,92,0,1,2,1,1,1,1,1,1,1,59,1,1,1,1,1,1,1,1,1,1,1,2,1,1,1,1,1,1,0,0,0,45,0,
Best: P1
48

1,1,1,1,1,1,1,1,1,1,1,1,1,1,1,1,1,1,1,1,1,1,1,1,1,1,1,1,0,0,0,0,0,1,8,1,1,1,1,1,1,1,1,1,1,1,1,1,1,1,1,1,1,1,7,57,1,1,1,1,1,0,0,0,92,0,1,2,1,1,1,1,1,1,1,59,1,1,1,1,1,1,1,1,1,1,1,2,1,1,1,1,1,1,0,0,0,45,0,
Best: P1
47
Tennessee Avenue,New York Avenue,
1,1,1,1,1,1,1,1,1,1,1,1,1,1,1,1,1,1,1,1,1,1,1,1,1,1,1,1,0,0,0,0,0,1,8,1,1,1,1,1,1,1,1,1,1,1,1,1,1,1,1,1,1,1,7,57,1,1,1,1,1,0,0,0,92,0,1,2,1,1,1,1,1,1,1,59,1,1,1,1,1,1,1,1,1,1,1,2,1,1,1,1,1,1,0,0,0,45,0,
Best: P2
46
Pennsylvania Avenue,Atlantic Avenue,North Carolina Avenue,
1,1,1,1,1,1,2,1,1,1,1,1,1,1,1,1,1,1,1,1,1,1,1,1,1,1,1,1,0,0,0,0,0,1,9,1,1,1,1,1,1,1,1,1,1,1,1,1,1,1,1,1,1,1,4,66,1,1,1,1,1,0,0,0,108,0,1,1,1,1,1,1,1,1,1,89,1,1,1,1,1,1,1,1,1,1,1,1,1,1,1,1,1,1,0,0,0,35,0,
Best: P2
47

1,1,1,1,1,1,2,1,1,1,1,1,1,1,1,1,1,1,1,1,1,1,1,1,1,1,1,1,0,0,0,0,0,1,9,1,1,1,1,1,1,1,1,1,1,1,1,1,1,1,1,1,1,1,4,66,1,1,1,1,1,0,0,0,108,0,1,1,1,1,1,1,1,1,1,89,1,1,1,1,1,1,1,1,1,1,1,1,1,1,1,1,1,1,0,0,0,35,0,
Best: P1
47
Ventnor Avenue,Electric Company,
1,1,1,1,1,1,1,1,1,1,1,1,1,1,1,1,1,1,1,1,1,1,1,1,1,1,1,1,0,0,0,0,0,1,4,1,1,1,1,1,1,1,1,1,1,1,1,1,1,1,1,1,1,1,5,54,1,1,1,1,1,0,0,0,119,0,1,1,1,1,1,1,1,1,1,43,1,1,1,1,1,1,1,1,1,1,1,1,1,1,1,1,1,1,0,0,0,61,0,
Best: P1
48
Tennessee Avenue,Vermont Avenue,
1,1,1,1,1,1,1,1,1,1,1,1,1,1,1,1,1,1,1,1,1,1,1,1,1,1,1,1,0,0,0,0,0,1,4,1,1,1,1,1,1,1,1,1,1,1,1,1,1,1,1,1,1,1,5,54,1,1,1,1,1,0,0,0,119,0,1,1,1,1,1,1,1,1,1,43,1,1,1,1,1,1,1,1,1,1,1,1,1,1,1,1,1,1,0,0,0,61,0,
Best: P2
46
Water Works,Tennessee Avenue,Pennsylvania Railroad,New York Avenue,
1,1,1,1,1,1,1,1,1,1,1,1,1,1,1,1,1,1,1,1,1,1,1,1,1,1,1,1,0,0,0,0,0,1,4,1,1,1,1,1,1,1,1,1,1,1,1,1,1,1,1,1,1,1,4,48,1,1,1,1,1,0,0,0,114,0,1,1,1,1,1,1,1,1,1,92,1,1,1,1,1,1,1,1,1,1,1,1,1,1,1,1,1,1,0,0,0,61,0,
Best: P2
46
Park Place,
1,1,1,1,1,1,1,1,1,1,1,1,1,1,1,1,1,1,1,1,1,1,1,1,1,1,1,1,0,0,0,0,0,1,4,1,1,1,1,1,1,1,1,1,1,1,1,1,1,1,1,1,1,1,4,48,1,1,1,1,1,0,0,0,114,0,1,1,1,1,1,1,1,1,1,92,1,1,1,1,1,1,1,1,1,1,1,1,1,1,1,1,1,1,0,0,0,61,0,
Best: P3
47
Tennessee Avenue,Pacific Avenue,B & O Railroad,
1,1,1,1,1,2,1,1,1,1,1,1,1,1,1,1,1,1,1,1,1,1,1,1,1,1,1,1,0,0,0,0,0,1,6,1,1,1,1,1,1,1,1,1,1,1,1,1,1,1,1,1,1,1,7,61,1,1,1,1,1,0,0,0,78,0,1,1,1,1,1,1,1,1,1,91,1,1,1,1,1,1,1,1,1,1,1,1,1,1,1,1,1,1,0,0,0,80,0,
Best: P2
43
New York Avenue,Electric Company,Pennsylvania Railroad,
1,1,1,1,1,1,1,1,1,1,1,1,1,1,1,1,1,1,1,1,1,1,1,1,1,1,1,1,0,0,0,0,0,1,5,1,1,1,1,1,1,1,1,1,1,1,1,1,1,1,1,1,1,1,3,50,1,1,1,1,1,0,0,0,131,0,1,1,1,1,1,1,1,1,1,93,1,1,1,1,1,1,1,1,1,1,1,1,1,1,1,1,1,1,0,0,0,66,0,
Best: P2
45
Mediterranean Avenue,
1,1,1,1,1,1,1,1,1,1,1,1,1,1,1,1,1,1,1,1,1,1,1,1,1,1,1,1,0,0,0,0,0,1,5,1,1,1,1,1,1,1,1,1,1,1,1,1,1,1,1,1,1,1,3,50,1,1,1,1,1,0,0,0,131,0,1,1,1,1,1,1,1,1,1,93,1,1,1,1,1,1,1,1,1,1,1,1,1,1,1,1,1,1,0,0,0,66,0,
Best: P1
48
Tennessee Avenue,Pennsylvania Railroad,St. Charles Place,Reading Railroad,St. James Place,Marvin Gardens,
1,1,1,1,1,1,1,1,1,1,1,1,1,1,1,1,1,1,1,1,1,1,1,1,1,1,1,1,0,0,0,0,0,1,4,1,1,1,1,1,1,1,1,1,1,1,1,1,1,1,1,1,1,1,3,69,1,1,1,1,1,0,0,0,134,0,1,1,1,1,1,1,1,1,1,100,1,1,1,1,1,1,1,1,1,1,1,1,1,1,1,1,1,1,0,0,0,38,0,
Best: P1
47
Tennessee Avenue,States Avenue,
1,1,1,1,1,1,1,1,1,1,1,1,1,1,1,1,1,1,1,1,1,1,1,1,1,1,1,1,0,0,0,0,0,1,4,1,1,1,1,1,1,1,1,1,1,1,1,1,1,1,1,1,1,1,3,69,1,1,1,1,1,0,0,0,134,0,1,1,1,1,1,1,1,1,1,100,1,1,1,1,1,1,1,1,1,1,1,1,1,1,1,1,1,1,0,0,0,38,0,
Best: P1
46
Tennessee Avenue,Boardwalk,Virginia Avenue,B & O Railroad,
1,1,1,1,1,1,1,1,1,1,1,1,1,1,1,1,1,1,1,1,1,1,1,1,1,1,1,1,0,0,0,0,0,1,4,1,1,1,1,1,1,1,1,1,1,1,1,1,1,1,1,1,1,1,3,69,1,1,1,1,1,0,0,0,134,0,1,1,1,1,1,1,1,1,1,100,1,1,1,1,1,1,1,1,1,1,1,1,1,1,1,1,1,1,0,0,0,38,0,
Best: P1
47
St. James Place,Vermont Avenue,Mediterranean Avenue,
1,1,1,1,1,1,1,1,1,1,1,1,1,1,1,1,1,1,1,1,1,1,1,1,1,1,1,1,0,0,0,0,0,1,4,1,1,1,1,1,1,1,1,1,1,1,1,1,1,1,1,1,1,1,3,69,1,1,1,1,1,0,0,0,134,0,1,1,1,1,1,1,1,1,1,100,1,1,1,1,1,1,1,1,1,1,1,1,1,1,1,1,1,1,0,0,0,38,0,
Best: P2
48
Tennessee Avenue,Short Line Railroad,Reading Railroad,
1,1,1,1,1,1,1,1,1,1,1,1,1,1,1,1,1,1,1,1,1,1,1,1,1,1,1,1,0,0,0,0,0,1,5,1,1,1,1,1,1,1,1,1,1,1,1,1,1,1,1,1,1,1,1,62,1,1,1,1,1,0,0,0,78,0,1,1,1,1,1,1,1,1,1,83,1,1,1,1,1,1,1,1,1,1,1,1,1,1,1,1,1,1,0,0,0,30,0,
Best: P2
47
Illinois Avenue,
1,1,1,1,1,1,1,1,1,1,1,1,1,1,1,1,1,1,1,1,1,1,1,1,1,1,1,1,0,0,0,0,0,1,5,1,1,1,1,1,1,1,1,1,1,1,1,1,1,1,1,1,1,1,1,62,1,1,1,1,1,0,0,0,78,0,1,1,1,1,1,1,1,1,1,83,1,1,1,1,1,1,1,1,1,1,1,1,1,1,1,1,1,1,0,0,0,30,0,
Best: P3
47
Electric Company,
1,1,1,1,1,1,1,1,1,1,1,1,1,1,1,1,1,1,1,1,1,1,1,1,1,1,1,1,0,0,0,0,0,1,4,1,1,1,1,1,1,1,1,1,1,1,1,1,1,1,1,1,1,1,1,41,1,1,1,1,1,0,0,0,158,0,1,1,1,1,1,1,1,1,1,100,1,1,1,1,1,1,1,1,1,1,1,1,1,1,1,1,1,1,0,0,0,42,0,
Best: P2
45
Tennessee Avenue,Mediterranean Avenue,Boardwalk,
1,1,1,1,1,1,1,1,1,1,1,1,1,1,1,1,1,1,1,1,1,1,1,1,1,1,1,1,0,0,0,0,0,1,6,1,1,1,1,1,1,1,1,1,1,1,1,1,1,1,1,1,1,1,1,41,1,1,1,1,1,0,0,0,95,0,1,1,1,1,1,1,1,1,1,82,1,1,1,1,1,1,1,1,1,1,1,1,1,1,1,1,1,1,0,0,0,26,0,
Best: P2
44
B & O Railroad,Pennsylvania Avenue,
1,1,1,1,1,1,1,1,1,1,1,1,1,1,1,1,1,1,1,1,1,1,1,1,1,1,1,1,0,0,0,0,0,1,6,1,1,1,1,1,1,1,1,1,1,1,1,1,1,1,1,1,1,1,1,41,1,1,1,1,1,0,0,0,95,0,1,1,1,1,1,1,1,1,1,82,1,1,1,1,1,1,1,1,1,1,1,1,1,1,1,1,1,1,0,0,0,26,0,
Best: P1
47
Tennessee Avenue,Atlantic Avenue,
1,1,1,1,1,1,1,1,1,1,1,1,1,1,1,1,1,1,1,1,1,1,1,1,1,1,1,1,0,0,0,0,0,1,6,1,1,1,1,1,1,1,1,1,1,1,1,1,1,1,1,1,1,1,1,51,1,1,1,1,1,0,0,0,53,0,1,1,1,1,1,1,1,1,1,97,1,1,1,1,1,1,1,1,1,1,1,1,1,1,1,1,1,1,0,0,0,33,0,
Best: P1
48
Tennessee Avenue,Boardwalk,Park Place,
1,1,1,1,1,1,1,1,1,1,1,1,1,1,1,1,1,1,1,1,1,1,1,1,1,1,1,1,0,0,0,0,0,1,6,1,1,1,1,1,1,1,1,1,1,1,1,1,1,1,1,1,1,1,1,51,1,1,1,1,1,0,0,0,53,0,1,1,1,1,1,1,1,1,1,97,1,1,1,1,1,1,1,1,1,1,1,1,1,1,1,1,1,1,0,0,0,33,0,
Best: P1
48
Illinois Avenue,Pennsylvania Railroad,
1,1,1,1,1,1,1,1,1,1,1,1,1,1,1,1,1,1,1,1,1,1,1,1,1,1,1,1,0,0,0,0,0,1,6,1,1,1,1,1,1,1,1,1,1,1,1,1,1,1,1,1,1,1,1,51,1,1,1,1,1,0,0,0,53,0,1,1,1,1,1,1,1,1,1,97,1,1,1,1,1,1,1,1,1,1,1,1,1,1,1,1,1,1,0,0,0,33,0,
Best: P1
48
Pacific Avenue,
1,1,1,1,1,1,1,1,1,1,1,1,1,1,1,1,1,1,1,1,1,1,1,1,1,1,1,1,0,0,0,0,0,1,6,1,1,1,1,1,1,1,1,1,1,1,1,1,1,1,1,1,1,1,1,51,1,1,1,1,1,0,0,0,53,0,1,1,1,1,1,1,1,1,1,97,1,1,1,1,1,1,1,1,1,1,1,1,1,1,1,1,1,1,0,0,0,33,0,
Best: P1
47
Electric Company,Tennessee Avenue,Baltic Avenue,
1,1,1,1,1,1,1,1,1,1,1,1,1,1,1,1,1,1,1,1,1,1,1,1,1,1,1,1,0,0,0,0,0,1,6,1,1,1,1,1,1,1,1,1,1,1,1,1,1,1,1,1,1,1,1,51,1,1,1,1,1,0,0,0,53,0,1,1,1,1,1,1,1,1,1,97,1,1,1,1,1,1,1,1,1,1,1,1,1,1,1,1,1,1,0,0,0,33,0,
Best: P3
47
Electric Company,Indiana Avenue,
1,1,1,1,1,1,1,1,1,1,1,1,1,1,1,1,1,1,1,1,1,1,1,1,1,1,1,1,0,0,0,0,0,1,3,1,1,1,1,1,1,1,1,1,1,1,1,1,1,1,1,1,1,1,1,33,1,1,1,1,1,0,0,0,35,0,1,1,1,1,1,1,1,1,1,100,1,1,1,1,1,1,1,1,1,1,1,1,1,1,1,1,1,1,0,0,0,22,0,
Best: P2
47
St. Charles Place,Indiana Avenue,B & O Railroad,Park Place,Pacific Avenue,Pennsylvania Avenue,
1,1,1,1,1,1,1,1,1,1,1,1,1,1,1,1,1,1,1,1,1,1,1,1,1,1,1,1,0,0,0,0,0,1,4,1,1,1,1,1,1,1,1,1,1,1,1,1,1,1,1,1,1,1,1,51,1,1,1,1,1,0,0,0,28,0,1,1,1,1,1,1,1,1,1,100,1,1,1,1,1,1,1,1,1,1,1,1,1,1,1,1,1,1,0,0,0,15,0,
Best: P1
46
Tennessee Avenue,Illinois Avenue,Virginia Avenue,
1,1,1,1,1,1,1,1,1,1,1,1,1,1,1,2,1,1,1,1,1,1,1,1,1,1,1,1,0,0,0,0,0,1,3,1,1,1,1,1,1,1,1,1,1,1,1,1,1,1,1,1,1,1,1,65,1,1,1,1,1,0,0,0,44,0,1,1,1,1,1,1,1,1,1,65,1,1,1,1,1,1,1,1,1,1,1,1,1,1,1,1,1,1,0,0,0,38,0,
Best: P1
45
Tennessee Avenue,Connecticut Avenue,B & O Railroad,Indiana Avenue,
1,1,1,1,1,1,1,1,1,1,1,1,1,1,1,2,1,1,1,1,1,1,1,1,1,1,1,1,0,0,0,0,0,1,3,1,1,1,1,1,1,1,1,1,1,1,1,1,1,1,1,1,1,1,1,65,1,1,1,1,1,0,0,0,44,0,1,1,1,1,1,1,1,1,1,65,1,1,1,1,1,1,1,1,1,1,1,1,1,1,1,1,1,1,0,0,0,38,0,
Best: P1
48

1,1,1,1,1,1,1,1,1,1,1,1,1,1,1,2,1,1,1,1,1,1,1,1,1,1,1,1,0,0,0,0,0,1,3,1,1,1,1,1,1,1,1,1,1,1,1,1,1,1,1,1,1,1,1,65,1,1,1,1,1,0,0,0,44,0,1,1,1,1,1,1,1,1,1,65,1,1,1,1,1,1,1,1,1,1,1,1,1,1,1,1,1,1,0,0,0,38,0,
