P1
63,60,65,68,79,44,24,8,48,54,52,71,23,85,53,11,28,86,62,74,65,4,10,25,61,7,93,80,17,32,80,364,1,52,12,69,40,21,37,67,10,0,59,3,24,39,92,90,95,15,85,33,31,15,19,54,66,86,76,46,19,14,52,32,17,4,19,23,33,84,20,59,52,15,92,19,18,59,3,36,50,38,99,12,21,33,68,7,18,65,52,60,42,54,19,18,38,391,5,
P2
14,36,59,38,11,7,58,63,78,81,13,30,92,7,82,19,81,12,23,58,3,50,65,96,29,82,95,81,28,86,42,242,5,38,52,43,72,62,9,30,32,100,69,23,90,63,5,40,62,2,55,81,56,20,33,98,32,18,11,85,89,10,15,48,211,4,88,28,7,5,43,65,24,62,91,94,98,6,32,62,18,53,95,86,26,79,17,78,4,25,98,23,44,13,27,52,14,79,2,
P3
80,100,28,38,28,5,85,41,1,43,48,49,62,95,62,52,52,65,68,84,27,64,65,21,44,93,73,39,0,61,47,16,4,19,96,79,16,94,45,85,83,34,14,88,40,76,91,95,57,46,81,56,44,79,74,21,29,28,98,10,90,46,44,31,11,2,19,90,67,9,51,57,70,14,64,1,42,82,20,2,34,46,82,17,91,86,42,54,76,52,68,2,70,96,84,50,69,344,1,
P4
51,88,59,35,95,26,78,42,76,6,3,37,24,21,68,92,4,61,55,36,82,99,28,21,4,96,48,64,42,8,93,102,4,13,99,49,99,81,49,12,69,89,54,59,49,10,71,96,32,81,74,72,2,3,0,66,13,56,78,57,81,76,62,89,251,2,79,22,88,48,36,51,15,78,100,35,80,100,47,27,16,3,80,24,58,21,77,92,23,46,53,73,62,51,42,67,20,347,2,
P5
94,57,70,72,65,45,44,34,48,68,56,82,59,26,43,81,62,91,45,57,11,49,52,60,80,94,34,64,52,96,45,186,0,53,7,14,65,76,69,19,0,84,96,37,79,95,18,53,66,87,22,32,52,1,88,30,25,35,72,53,52,60,80,13,229,5,34,91,20,49,34,19,50,81,18,63,7,0,33,53,24,57,74,67,48,64,80,0,36,7,17,78,41,99,64,96,64,347,2,
P6
83,50,53,26,84,0,60,5,83,86,32,25,66,94,15,10,50,94,26,68,19,72,61,53,35,79,14,7,24,33,6,133,5,44,28,34,29,95,17,25,31,97,86,15,15,51,1,3,84,20,4,37,16,29,38,88,83,91,13,62,8,26,14,71,375,2,79,20,39,28,67,23,58,75,90,91,94,80,13,34,13,61,98,93,27,100,100,45,44,6,9,7,2,43,38,89,16,143,1,
P7
100,32,70,59,4,18,10,36,43,76,96,24,53,46,84,45,80,2,16,7,55,17,86,70,24,76,69,40,49,17,48,365,2,66,36,24,91,33,87,42,49,68,94,16,71,43,2,41,46,18,71,85,72,19,75,86,81,83,78,61,55,14,2,81,87,5,45,42,91,69,83,46,25,42,26,38,76,39,65,73,31,92,39,97,2,83,70,12,56,72,21,94,26,85,10,0,21,32,4,
P8
73,19,97,84,21,5,25,17,96,78,29,80,22,8,82,4,15,37,21,68,73,12,43,7,52,92,91,27,5,72,79,179,4,37,3,38,80,18,72,39,35,42,82,37,83,27,22,19,78,60,38,52,11,85,0,56,45,22,70,13,84,16,17,54,96,0,56,57,55,81,100,81,18,75,86,83,14,16,40,53,80,43,35,49,21,57,87,42,51,12,93,27,79,45,14,54,70,288,4,
P9
28,79,39,53,62,35,98,57,14,86,66,62,91,47,65,11,81,37,90,24,10,42,15,0,35,88,73,7,66,30,94,237,2,100,5,10,38,40,18,86,44,67,79,32,87,57,58,91,8,70,76,76,25,20,98,61,34,47,78,17,48,31,4,30,267,5,50,9,56,34,51,41,83,65,24,22,84,70,31,85,85,18,41,37,61,58,49,53,85,27,64,65,81,84,34,58,50,345,2,
P10
12,37,82,9,94,62,96,25,23,86,39,89,63,19,92,53,43,2,61,25,69,96,12,7,2,44,37,44,3,79,15,497,5,68,16,13,19,26,80,98,24,32,54,83,23,29,52,99,4,43,85,68,3,85,81,81,2,95,78,73,47,7,49,41,429,1,84,84,88,66,48,78,55,98,47,52,82,98,71,23,34,98,81,49,16,32,77,47,97,23,30,98,81,89,47,14,31,122,5,
P11
25,75,33,87,0,22,38,39,10,0,24,69,19,68,37,46,59,5,42,71,80,10,81,83,20,84,61,77,99,76,90,232,2,26,24,0,24,49,100,44,31,22,73,49,87,43,58,37,77,61,22,57,8,91,51,86,29,64,60,79,5,67,77,94,109,0,63,79,0,84,76,14,2,58,78,39,81,12,36,27,61,18,25,3,65,89,94,96,52,40,50,99,54,86,96,18,25,213,5,
P12
76,17,70,13,22,46,81,46,14,66,13,51,12,38,23,20,75,2,97,55,51,17,38,12,94,3,88,8,59,4,1,348,5,17,49,93,61,46,81,0,95,33,43,52,36,20,80,58,43,88,14,95,39,44,58,99,89,30,66,65,56,59,65,42,500,5,75,38,55,77,96,33,15,42,11,17,36,38,2,27,8,67,15,1,28,67,41,79,32,62,30,94,46,4,18,8,94,225,4,
P13
81,9,37,61,56,17,27,35,35,5,74,24,25,14,93,21,70,43,4,74,55,65,43,9,39,2,13,60,3,1,84,211,1,69,26,20,69,88,19,79,39,56,99,85,80,41,38,95,1,78,4,60,76,93,90,7,57,11,32,21,94,74,1,43,285,2,36,42,100,18,50,77,35,86,14,37,13,22,71,95,90,99,62,31,43,60,59,39,53,4,9,38,79,21,31,24,33,163,2,
P14
11,32,37,4,34,72,9,7,96,0,21,88,88,57,31,59,31,52,90,40,61,28,42,41,54,11,8,71,62,85,39,288,4,78,15,73,56,20,28,20,72,75,28,9,69,29,87,39,55,29,31,10,36,88,22,69,75,82,42,43,14,51,71,29,171,1,51,83,29,53,68,9,56,81,99,93,76,88,92,3,85,0,29,43,40,82,13,49,19,92,70,16,83,23,16,14,67,484,2,
P15
43,17,100,18,24,62,85,11,15,72,35,12,97,32,65,86,72,92,80,14,32,34,92,40,4,19,25,96,58,8,0,33,3,51,38,1,72,9,76,100,19,10,95,72,49,50,0,80,60,37,33,48,5,75,29,13,17,44,65,54,78,60,5,10,345,4,86,31,81,8,11,79,0,53,66,58,22,51,59,51,60,99,100,74,13,85,31,50,1,13,73,17,28,49,50,91,2,79,4,
P16
85,15,16,69,93,32,7,27,10,3,25,41,56,98,33,35,78,31,69,69,38,74,89,63,69,46,37,58,13,28,64,211,2,82,19,62,47,4,39,42,76,88,58,43,34,17,80,33,66,51,7,61,64,24,71,95,44,49,54,15,100,31,25,79,18,3,10,100,78,10,52,10,69,41,61,27,58,87,92,57,26,71,42,58,20,9,71,60,93,65,8,42,56,94,44,77,20,344,4,
P17
100,1,61,6,96,37,76,20,45,31,84,44,67,61,75,35,97,12,75,85,41,9,97,44,67,76,72,80,40,47,39,393,4,26,81,19,34,22,6,92,65,6,75,44,40,6,61,13,68,25,4,38,86,48,53,6,64,19,37,55,71,15,65,7,43,5,31,95,47,100,1,74,93,59,61,50,16,87,87,24,10,7,33,48,33,92,12,41,33,34,0,44,78,94,64,19,61,374,1,
P18
11,10,72,87,97,16,18,47,60,51,7,1,52,3,13,27,54,21,36,51,65,70,93,37,49,99,50,57,37,65,14,64,1,7,67,43,65,32,15,40,42,21,46,3,35,80,95,39,18,80,53,37,52,16,56,89,71,94,71,1,44,44,46,52,398,4,26,81,18,18,40,79,34,22,31,21,46,42,95,45,90,27,36,68,34,35,2,0,45,46,95,76,65,58,36,45,63,129,2,
P19
1,38,46,86,51,5,36,58,6,88,28,87,81,82,7,17,99,72,53,92,75,1,90,25,24,94,90,15,74,31,75,228,5,16,11,38,56,19,60,69,22,61,48,83,66,32,29,18,70,81,1,92,70,72,85,6,40,96,50,86,76,68,65,85,169,5,47,31,30,48,19,62,35,65,70,29,76,59,22,78,93,22,80,61,22,24,6,83,100,72,40,2,83,8,65,74,11,124,4,
P20
26,52,28,62,9,0,16,37,87,97,86,60,80,84,99,32,41,39,100,31,64,90,91,20,4,64,17,15,5,18,31,372,3,6,62,95,75,84,55,23,33,20,55,62,39,91,8,40,49,44,78,100,50,17,95,67,70,36,34,34,0,18,77,25,442,2,25,91,86,60,22,55,55,98,80,77,42,38,65,21,100,54,11,5,36,11,43,43,13,25,51,44,66,44,21,37,47,143,4,
P21
60,45,66,42,49,52,4,34,79,85,17,77,83,59,15,49,56,46,38,12,32,9,42,49,24,47,33,61,45,69,71,57,5,66,88,19,89,87,5,10,48,44,67,57,50,82,0,95,82,17,78,42,84,13,79,17,48,79,2,91,48,27,95,59,272,3,6,49,40,62,13,86,4,21,91,36,42,90,90,53,61,92,30,4,34,9,96,51,53,61,62,41,98,96,88,92,60,50,2,
P22
12,28,9,16,62,88,67,46,30,16,71,46,65,26,92,69,4,90,78,46,4,68,60,37,96,71,72,21,41,51,19,233,5,48,35,2,24,49,13,57,72,29,39,39,23,20,56,68,28,5,81,6,89,95,86,91,51,100,84,45,78,43,60,57,484,2,21,19,40,93,40,30,28,82,19,17,1,80,75,98,50,76,7,46,26,26,73,54,67,71,16,54,28,98,81,68,68,355,0,
P23
1,41,42,35,53,38,51,23,84,82,15,41,16,19,30,95,32,0,28,58,37,23,28,75,10,35,26,89,20,72,21,476,2,81,9,57,37,82,86,42,87,76,28,8,43,57,13,90,63,1,85,14,93,35,81,42,47,58,85,6,33,41,67,88,79,1,60,94,20,88,42,5,71,9,52,46,6,1,21,13,13,13,40,53,34,6,90,50,27,17,13,7,85,64,75,4,1,76,3,
P24
56,66,55,73,55,39,20,71,46,37,90,43,98,88,43,25,45,47,15,39,88,25,40,13,81,60,85,90,82,64,3,75,4,92,90,85,33,76,60,62,84,69,18,63,25,47,65,9,28,23,10,8,65,23,32,50,96,31,57,28,7,45,71,36,439,4,55,6,47,26,15,99,38,21,66,25,35,80,4,41,99,38,47,88,88,40,4,0,13,89,65,89,94,86,56,58,10,122,4,
P25
43,50,66,63,87,79,66,43,88,63,30,30,55,42,43,70,81,31,95,88,10,41,47,62,30,95,92,36,65,53,7,156,0,69,36,84,97,86,53,81,49,44,28,13,53,22,2,29,30,67,19,62,83,14,94,40,43,67,51,13,40,87,39,21,488,5,36,79,71,40,100,37,65,0,83,36,41,47,74,55,34,28,95,38,28,8,93,59,63,52,10,18,9,37,28,39,31,35,5,
P26
36,56,74,2,99,61,31,95,92,86,36,0,21,84,98,16,71,8,23,17,36,54,12,27,56,43,46,19,50,14,52,265,5,85,61,66,65,9,9,93,89,28,14,91,58,10,23,43,39,73,57,99,79,66,65,29,45,71,82,85,34,69,59,53,164,1,71,84,50,2,84,99,38,25,45,78,80,79,5,40,16,0,14,8,25,77,61,36,61,36,73,90,76,48,87,59,23,36,4,
P27
54,34,50,52,29,7,3,65,7,25,48,72,7,85,46,30,69,82,50,47,75,6,90,20,92,39,34,6,91,71,11,62,5,18,61,57,10,49,51,92,5,75,68,96,17,6,68,75,4,46,6,36,75,52,6,22,36,7,91,61,89,44,13,62,56,1,92,93,42,96,84,87,74,29,31,45,69,47,45,50,22,37,26,83,73,54,85,45,9,26,93,96,86,54,18,94,10,138,0,
P28
29,33,18,32,99,92,23,12,63,30,64,8,27,32,90,77,79,64,83,34,50,75,73,85,47,29,55,42,6,59,35,459,5,38,90,76,96,61,50,64,56,68,70,23,8,41,69,14,77,9,32,49,31,34,56,22,62,10,32,75,12,94,14,98,102,0,72,35,59,45,30,91,91,100,37,1,15,59,38,41,7,77,61,59,21,70,85,81,65,36,34,50,30,98,26,82,98,450,1,
P29
34,23,29,57,1,92,54,65,0,81,63,56,57,7,20,6,41,70,47,80,20,94,9,41,2,82,0,21,84,25,17,70,3,94,31,28,57,87,62,93,77,36,100,11,50,42,88,49,92,18,83,13,6,44,91,38,85,69,98,100,71,96,35,55,150,1,43,13,19,100,79,56,67,94,82,72,1,55,48,62,13,36,32,65,83,63,0,83,12,30,80,38,79,50,2,62,11,446,5,
P30
40,49,45,94,14,45,74,43,1,98,51,88,70,92,23,83,72,10,42,47,51,44,28,17,32,11,42,91,95,90,35,249,3,78,19,4,36,62,40,36,73,56,78,60,71,35,45,20,15,51,64,5,56,15,40,53,81,10,14,15,25,35,48,12,499,1,10,20,19,43,13,0,14,14,22,63,43,1,99,75,66,81,37,33,63,16,29,8,20,7,58,22,35,2,33,77,9,160,5,
P31
28,19,0,69,62,68,32,79,21,68,71,10,50,8,20,92,55,72,2,49,89,34,27,31,91,21,87,0,56,25,51,233,0,49,95,10,51,33,33,28,94,3,64,4,23,45,21,54,50,77,69,56,97,15,66,77,30,58,12,44,92,91,77,39,187,2,53,76,86,67,57,74,96,100,76,60,40,7,6,43,40,69,25,36,44,46,9,68,34,11,71,68,54,36,43,16,96,350,2,
P32
86,39,89,84,17,76,51,88,87,67,96,6,58,16,44,26,66,100,60,93,97,16,13,83,16,36,75,38,53,85,4,144,1,90,71,39,85,64,9,14,34,32,59,55,52,75,32,87,30,95,1,96,71,99,19,49,42,11,40,86,74,79,22,35,301,2,29,14,81,91,80,56,51,86,30,57,96,36,93,20,72,2,32,82,70,67,93,6,34,46,43,43,28,64,39,86,34,220,1,
P33
88,7,23,4,61,76,71,57,49,95,39,93,21,4,92,47,63,54,30,43,37,12,45,11,50,98,62,9,68,52,55,256,5,86,22,95,100,56,93,58,11,45,32,43,31,28,3,100,90,74,98,9,23,5,20,63,91,94,7,80,39,8,72,94,499,2,24,46,40,41,99,70,99,94,73,57,13,44,59,46,92,95,12,50,1,12,62,10,55,90,74,60,76,11,60,42,51,139,1,
P34
59,19,89,96,42,37,90,48,96,10,18,54,24,82,7,54,91,44,66,35,21,16,99,50,92,66,1,14,20,26,45,146,3,93,50,44,16,27,55,14,36,52,42,39,51,32,13,14,7,2,20,27,31,77,87,38,56,92,13,95,83,6,89,66,302,2,92,86,72,56,79,44,12,59,88,37,71,46,32,49,96,100,61,58,9,82,47,49,8,22,60,68,30,55,18,18,10,44,1,
P35
40,20,50,29,68,46,6,86,66,97,33,73,50,23,84,15,58,71,98,56,20,55,21,88,35,7,13,28,18,92,58,394,2,48,32,98,63,68,50,71,74,0,69,87,82,76,55,1,69,86,44,55,90,67,47,2,61,96,76,15,28,7,86,55,483,1,32,15,5,11,40,59,48,10,71,46,59,67,45,86,91,20,33,37,70,41,26,96,76,56,51,60,40,7,36,77,69,104,0,
P36
54,45,3,26,97,69,22,30,41,38,19,91,19,78,62,17,100,82,38,88,36,74,61,15,1,80,6,42,3,84,23,478,2,84,18,85,21,92,52,90,44,33,66,99,0,34,50,10,56,39,43,69,8,70,64,50,85,58,57,37,96,78,20,62,361,3,80,31,31,94,7,2,40,66,69,51,17,59,72,50,62,7,58,54,69,100,77,19,59,16,93,96,59,94,64,50,9,320,5,
P37
49,92,71,37,21,12,41,6,69,61,84,30,44,50,79,82,37,14,55,64,29,22,43,2,65,47,86,64,70,81,86,65,0,83,29,100,38,73,99,3,37,65,4,87,42,26,26,85,61,0,55,91,50,5,48,73,42,10,50,29,7,78,67,60,204,4,2,20,100,42,52,34,60,69,59,98,86,20,4,9,41,73,8,17,59,67,100,17,62,59,11,92,75,77,0,89,3,452,5,
P38
89,59,15,30,65,85,91,15,81,0,31,59,82,34,73,3,98,69,25,41,71,56,54,22,20,90,2,53,75,40,30,197,0,65,1,19,34,39,51,38,25,93,30,17,43,91,84,64,81,33,70,96,5,78,5,22,6,79,100,40,100,60,69,24,73,4,11,27,6,71,96,65,68,47,52,38,56,59,78,64,76,2,98,41,19,59,100,97,51,41,74,17,29,13,20,3,32,273,4,
P39
60,97,89,16,78,35,83,8,95,64,42,33,67,39,1,59,46,38,14,100,61,0,90,29,19,30,36,76,60,0,86,57,1,58,75,57,63,67,15,59,50,58,50,34,22,97,33,58,92,5,35,63,27,8,7,26,48,7,52,83,27,42,18,67,79,5,2,93,91,37,5,8,75,62,67,18,92,8,20,89,49,40,14,15,36,31,56,76,48,51,90,35,20,42,67,17,35,321,0,
P40
68,74,69,50,48,29,81,90,63,13,96,30,72,41,35,87,41,96,53,97,91,73,26,26,48,53,27,94,4,90,73,236,2,29,26,37,54,76,62,3,76,50,67,9,7,58,14,8,88,41,16,95,33,30,1,86,12,96,27,98,95,94,57,89,326,0,38,81,98,13,8,64,31,0,72,52,55,88,58,35,2,60,32,58,2,47,75,92,82,95,100,48,78,32,49,53,88,111,2,
P41
89,78,92,69,34,54,49,29,50,20,36,85,73,43,46,26,39,37,99,32,29,12,85,22,72,89,12,65,27,8,16,470,1,43,24,15,12,67,65,79,76,38,37,56,47,91,63,63,85,96,60,87,81,38,82,8,35,42,68,92,59,57,74,100,157,5,67,42,84,64,8,21,82,30,8,5,31,77,66,64,0,68,10,75,25,92,36,91,5,13,22,20,67,44,74,67,40,319,3,
P42
51,52,3,100,47,54,87,84,4,59,26,51,51,66,54,15,64,83,94,48,72,31,2,84,96,30,58,89,12,9,63,90,4,11,31,60,57,73,98,94,28,44,84,57,74,34,52,100,20,100,37,68,74,73,10,41,30,69,98,71,48,63,35,75,377,3,71,84,68,52,80,43,58,10,19,90,40,20,23,50,61,48,7,97,38,79,10,26,66,43,71,39,9,34,46,17,16,169,2,
P43
63,75,96,49,58,66,74,51,83,92,16,36,6,46,86,67,94,23,98,62,6,60,58,30,48,70,5,86,33,33,62,159,1,31,4,66,91,99,77,40,55,50,40,73,49,61,38,86,95,11,24,71,19,55,6,16,25,54,46,26,97,20,58,17,155,4,34,46,23,58,57,43,13,63,29,36,13,90,84,87,87,88,32,63,14,98,5,51,36,14,85,48,98,31,64,65,65,376,2,
P44
77,66,21,16,16,3,7,99,6,81,44,58,13,3,81,10,66,53,36,23,83,50,60,88,2,59,21,96,20,29,63,206,5,74,60,7,80,14,23,19,53,72,46,92,23,7,2,14,78,21,35,84,4,60,4,50,52,0,36,9,66,19,71,59,21,5,89,100,78,2,63,73,38,42,62,22,28,14,76,26,77,56,23,82,6,26,62,57,74,60,88,4,91,100,35,67,23,316,4,
P45
79,44,75,53,42,81,100,53,38,12,22,85,89,54,37,92,44,19,41,3,74,43,62,61,39,48,56,90,10,16,55,257,2,4,10,93,90,63,30,2,54,19,9,57,33,87,44,68,37,14,94,41,64,45,7,66,20,73,85,91,35,9,87,13,366,2,25,96,50,64,37,78,52,31,93,94,58,69,50,47,17,22,73,79,80,13,38,33,84,95,32,18,62,32,41,95,33,182,0,
P46
74,35,83,73,88,20,51,76,5,6,30,8,98,40,28,38,43,68,48,71,28,87,18,50,42,95,66,2,15,59,90,371,3,3,60,59,5,80,45,81,2,78,33,47,12,70,61,72,77,92,84,85,57,3,23,8,61,25,84,47,96,98,10,67,417,3,97,93,70,14,23,62,7,81,97,23,95,13,46,33,93,92,46,97,24,29,92,23,13,19,21,21,80,98,54,35,16,385,3,
P47
28,47,6,46,22,78,52,18,86,49,58,80,53,0,13,0,37,7,53,55,57,95,15,23,97,31,48,0,87,41,81,434,5,38,15,95,18,18,39,17,31,17,54,58,55,30,49,38,81,73,8,4,47,35,96,30,48,91,94,58,82,60,60,64,458,5,97,50,52,70,98,49,94,58,62,5,91,20,97,37,17,20,32,75,43,12,60,65,33,39,28,53,74,83,69,0,65,109,3,
P48
26,76,1,44,95,54,59,52,100,12,19,13,79,22,20,32,44,78,93,59,67,56,56,14,56,42,21,7,90,8,15,123,5,48,60,64,66,57,81,19,14,36,15,30,40,97,69,14,67,15,49,62,11,98,18,5,21,0,31,82,65,96,23,43,421,2,34,80,74,94,37,36,99,28,56,95,31,39,82,63,13,24,75,73,55,74,11,49,26,51,32,61,17,5,25,34,26,463,0,
P49
26,44,53,85,63,19,63,48,32,42,70,18,40,80,62,32,39,95,88,95,75,9,3,96,84,59,70,82,74,20,66,160,2,75,5,34,94,86,36,9,82,43,5,50,57,38,31,73,100,43,36,17,14,57,84,45,4,48,6,94,38,50,42,24,180,3,86,17,40,85,11,62,45,42,1,26,71,14,17,12,54,72,86,31,21,12,83,19,39,66,24,31,66,54,57,46,8,15,3,
P50
51,59,19,13,6,17,21,43,1,27,89,64,26,27,24,80,89,100,90,58,95,39,16,65,20,56,51,67,22,81,39,414,3,85,100,95,94,81,37,65,98,60,2,28,32,1,37,68,85,17,92,69,63,96,83,69,90,87,85,98,44,76,11,60,375,3,59,40,26,4,82,94,30,18,74,13,30,27,86,16,25,73,95,74,58,33,39,82,64,5,1,87,17,60,96,46,54,55,2,
