300
5
Best: P2
3
Electric Company,States Avenue,St. James Place,Illinois Avenue,Atlantic Avenue,Oriental Avenue,Tennessee Avenue,St. Charles Place,Mediterranean Avenue,Virginia Avenue,Vermont Avenue,Boardwalk,Pennsylvania Railroad,Marvin Gardens,B & O Railroad,Pacific Avenue,Park Place,Water Works,Reading Railroad,North Carolina Avenue,
25,5,2,8,190,1,15,31,93,7,450,4,97,45,62,86,288,5,
Best: P2
4
St. Charles Place,States Avenue,New York Avenue,Water Works,Connecticut Avenue,St. James Place,Vermont Avenue,B & O Railroad,Illinois Avenue,Oriental Avenue,Pennsylvania Railroad,Electric Company,Reading Railroad,Virginia Avenue,North Carolina Avenue,Mediterranean Avenue,
25,5,2,8,190,1,15,31,93,7,450,4,97,45,62,86,288,5,
Best: P1
3
Reading Railroad,Pennsylvania Railroad,North Carolina Avenue,Marvin Gardens,Oriental Avenue,St. Charles Place,
34,9,11,18,244,0,28,32,75,6,354,3,75,59,53,86,285,4,
Best: P4
4
Reading Railroad,Pennsylvania Railroad,Illinois Avenue,St. Charles Place,Marvin Gardens,States Avenue,Kentucky Avenue,Oriental Avenue,Pennsylvania Avenue,Connecticut Avenue,
38,13,18,20,241,0,28,28,73,8,382,2,74,50,58,76,269,4,
Best: P1
3
St. Charles Place,St. James Place,Ventnor Avenue,Reading Railroad,Connecticut Avenue,Virginia Avenue,Baltic Avenue,Illinois Avenue,Short Line Railroad,Mediterranean Avenue,Kentucky Avenue,Marvin Gardens,States Avenue,Indiana Avenue,
37,11,14,19,239,0,27,28,74,7,360,1,71,52,53,80,285,4,
Best: P3
3
Connecticut Avenue,Reading Railroad,St. James Place,Water Works,Short Line Railroad,Illinois Avenue,Marvin Gardens,Kentucky Avenue,Atlantic Avenue,
35,10,15,16,249,0,26,29,80,5,361,1,73,54,54,76,285,2,
Best: P1
3
Reading Railroad,B & O Railroad,North Carolina Avenue,Baltic Avenue,St. Charles Place,Electric Company,Pennsylvania Avenue,States Avenue,Kentucky Avenue,
37,10,14,16,246,0,26,26,75,6,377,0,70,55,50,81,279,3,
Best: P1
3
Tennessee Avenue,Water Works,
37,10,14,16,246,0,26,26,75,6,377,0,70,55,50,81,279,3,
Best: P1
3
Pennsylvania Railroad,Kentucky Avenue,Pacific Avenue,Boardwalk,Connecticut Avenue,Electric Company,
37,10,14,16,246,0,26,26,75,6,377,0,70,55,50,81,279,3,
Best: P1
4
St. Charles Place,Oriental Avenue,Pennsylvania Railroad,Illinois Avenue,Vermont Avenue,St. James Place,B & O Railroad,States Avenue,Virginia Avenue,
37,10,14,16,246,0,26,26,75,6,377,0,70,55,50,81,279,3,
Best: P2
4
Oriental Avenue,B & O Railroad,Park Place,Vermont Avenue,Virginia Avenue,Illinois Avenue,Pacific Avenue,Electric Company,Baltic Avenue,Marvin Gardens,
35,8,14,15,253,0,25,24,73,4,395,0,71,52,50,76,260,2,
Best: P1
4
Pennsylvania Railroad,Reading Railroad,Virginia Avenue,Vermont Avenue,St. James Place,New York Avenue,B & O Railroad,Electric Company,Mediterranean Avenue,Tennessee Avenue,
35,8,14,15,236,0,26,24,73,4,405,0,69,53,47,79,263,1,
Best: P2
3
Reading Railroad,Virginia Avenue,Kentucky Avenue,Water Works,Pacific Avenue,Electric Company,North Carolina Avenue,Short Line Railroad,
33,8,14,14,234,0,24,25,76,3,392,0,69,52,45,75,268,0,
Best: P2
4
Vermont Avenue,Pennsylvania Railroad,Indiana Avenue,St. Charles Place,
33,8,14,14,234,0,24,25,76,3,392,0,69,52,45,75,268,0,
Best: P3
4
Kentucky Avenue,Water Works,Short Line Railroad,Vermont Avenue,Virginia Avenue,St. James Place,Reading Railroad,Pennsylvania Railroad,Tennessee Avenue,Baltic Avenue,
32,7,13,12,233,0,23,24,72,1,394,0,72,48,41,75,256,0,
Best: P2
3
Connecticut Avenue,B & O Railroad,
31,7,12,13,230,0,23,23,76,2,404,0,71,51,43,78,262,0,
Best: P2
4
Vermont Avenue,Tennessee Avenue,Illinois Avenue,Mediterranean Avenue,States Avenue,Atlantic Avenue,Connecticut Avenue,Marvin Gardens,St. Charles Place,New York Avenue,Electric Company,St. James Place,Indiana Avenue,Water Works,
31,7,12,13,230,0,23,23,76,2,404,0,71,51,43,78,262,0,
Best: P1
3
Illinois Avenue,Marvin Gardens,Atlantic Avenue,Boardwalk,Water Works,Virginia Avenue,Connecticut Avenue,St. Charles Place,
31,6,11,11,241,0,23,23,79,1,380,0,75,51,44,74,263,0,
Best: P1
3
Connecticut Avenue,Atlantic Avenue,North Carolina Avenue,Baltic Avenue,Pennsylvania Railroad,Indiana Avenue,Marvin Gardens,Short Line Railroad,St. Charles Place,Kentucky Avenue,Mediterranean Avenue,Illinois Avenue,
31,6,11,11,241,0,23,23,79,1,380,0,75,51,44,74,263,0,
Best: P2
3
St. Charles Place,St. James Place,States Avenue,Baltic Avenue,New York Avenue,Pennsylvania Railroad,Atlantic Avenue,Reading Railroad,Kentucky Avenue,
29,4,10,11,229,0,22,22,82,0,383,0,75,48,43,76,267,0,
Best: P2
3
States Avenue,Ventnor Avenue,Mediterranean Avenue,Baltic Avenue,Water Works,Oriental Avenue,
29,4,10,11,229,0,22,22,82,0,383,0,75,48,43,76,267,0,
Best: P2
3
Ventnor Avenue,Reading Railroad,Pennsylvania Railroad,St. Charles Place,Pacific Avenue,Marvin Gardens,Park Place,
29,4,10,11,229,0,22,22,82,0,383,0,75,48,43,76,267,0,
Best: P2
4
St. Charles Place,Pacific Avenue,Mediterranean Avenue,Vermont Avenue,B & O Railroad,Short Line Railroad,Illinois Avenue,North Carolina Avenue,Pennsylvania Railroad,Virginia Avenue,Kentucky Avenue,States Avenue,Baltic Avenue,
29,4,10,11,229,0,22,22,82,0,383,0,75,48,43,76,267,0,
Best: P5
4
Connecticut Avenue,New York Avenue,B & O Railroad,Pacific Avenue,Short Line Railroad,St. Charles Place,
29,3,9,10,227,0,21,20,82,0,369,0,78,46,41,75,276,0,
Best: P1
3
Connecticut Avenue,States Avenue,Ventnor Avenue,Pennsylvania Avenue,Pacific Avenue,Pennsylvania Railroad,Tennessee Avenue,
29,1,9,10,214,0,21,19,79,0,358,0,71,48,39,78,279,0,
Best: P2
3
Pennsylvania Railroad,St. Charles Place,Illinois Avenue,Pacific Avenue,
30,0,8,9,236,0,22,19,81,0,339,0,73,46,40,79,278,0,
Best: P2
4
B & O Railroad,North Carolina Avenue,States Avenue,Pacific Avenue,Mediterranean Avenue,Illinois Avenue,Water Works,Ventnor Avenue,Park Place,Reading Railroad,Atlantic Avenue,
30,0,8,9,236,0,22,19,81,0,339,0,73,46,40,79,278,0,
Best: P3
3
Tennessee Avenue,Illinois Avenue,Water Works,Park Place,Oriental Avenue,States Avenue,Kentucky Avenue,
30,0,7,8,232,0,21,18,81,0,365,0,70,44,40,77,263,0,
Best: P2
3
Reading Railroad,New York Avenue,Boardwalk,Oriental Avenue,Park Place,
29,0,7,7,229,0,22,17,81,0,334,0,72,46,42,81,261,0,
Best: P3
4
Pennsylvania Railroad,New York Avenue,B & O Railroad,Park Place,Baltic Avenue,States Avenue,Pennsylvania Avenue,Water Works,Short Line Railroad,
28,0,6,7,223,0,20,17,76,0,335,0,70,47,39,78,248,0,
Best: P2
4
Reading Railroad,Connecticut Avenue,Vermont Avenue,St. James Place,Pennsylvania Avenue,North Carolina Avenue,Electric Company,Short Line Railroad,Pennsylvania Railroad,St. Charles Place,Pacific Avenue,Tennessee Avenue,Water Works,
29,0,6,7,226,0,21,16,77,0,320,0,72,46,40,75,264,0,
Best: P2
3
B & O Railroad,Electric Company,Atlantic Avenue,Baltic Avenue,Kentucky Avenue,Connecticut Avenue,Oriental Avenue,Boardwalk,Pennsylvania Railroad,Illinois Avenue,
29,0,6,7,226,0,21,16,77,0,320,0,72,46,40,75,264,0,
Best: P2
3
Connecticut Avenue,Virginia Avenue,States Avenue,B & O Railroad,Pacific Avenue,St. Charles Place,Oriental Avenue,
29,0,6,7,226,0,21,16,77,0,320,0,72,46,40,75,264,0,
Best: P2
3
Connecticut Avenue,B & O Railroad,Electric Company,Kentucky Avenue,Virginia Avenue,Indiana Avenue,Pacific Avenue,North Carolina Avenue,Vermont Avenue,St. Charles Place,
29,0,6,7,226,0,21,16,77,0,320,0,72,46,40,75,264,0,
Best: P2
3
Pennsylvania Avenue,Baltic Avenue,Pennsylvania Railroad,St. James Place,New York Avenue,North Carolina Avenue,Electric Company,Illinois Avenue,
29,0,6,7,226,0,21,16,77,0,320,0,72,46,40,75,264,0,
Best: P3
3
Vermont Avenue,Short Line Railroad,Boardwalk,Reading Railroad,Electric Company,St. James Place,Illinois Avenue,Pennsylvania Avenue,
27,0,5,6,229,0,19,14,77,0,336,0,70,46,38,76,282,0,
Best: P3
3
Pennsylvania Railroad,Illinois Avenue,Ventnor Avenue,Short Line Railroad,Reading Railroad,St. Charles Place,Boardwalk,Water Works,Indiana Avenue,Atlantic Avenue,
27,0,5,6,229,0,19,14,77,0,336,0,70,46,38,76,282,0,
Best: P4
3
Baltic Avenue,Pennsylvania Railroad,Water Works,St. Charles Place,North Carolina Avenue,Pennsylvania Avenue,States Avenue,Tennessee Avenue,Mediterranean Avenue,Boardwalk,
26,0,4,5,232,0,19,13,72,0,339,0,69,47,36,74,275,0,
Best: P5
4
B & O Railroad,Pennsylvania Railroad,North Carolina Avenue,Indiana Avenue,St. Charles Place,Short Line Railroad,Pennsylvania Avenue,Boardwalk,
27,0,3,5,226,0,19,13,72,0,346,0,67,46,35,74,285,0,
Best: P2
3
Virginia Avenue,B & O Railroad,Short Line Railroad,Mediterranean Avenue,Illinois Avenue,Water Works,New York Avenue,Boardwalk,Vermont Avenue,Electric Company,Pacific Avenue,
26,0,3,3,230,0,17,12,72,0,328,0,70,46,35,71,288,0,
Best: P1
4
Oriental Avenue,Water Works,Park Place,Boardwalk,
26,0,3,3,234,0,19,11,69,0,325,0,67,47,35,72,281,0,
Best: P1
3
Park Place,Electric Company,Tennessee Avenue,Pennsylvania Railroad,New York Avenue,B & O Railroad,
26,0,3,3,234,0,19,11,69,0,325,0,67,47,35,72,281,0,
Best: P4
4
New York Avenue,Baltic Avenue,Illinois Avenue,Water Works,Tennessee Avenue,Kentucky Avenue,Pennsylvania Railroad,
25,0,2,2,234,0,18,10,64,0,328,0,66,44,34,67,274,0,
Best: P4
3
Short Line Railroad,
25,0,2,2,234,0,18,10,64,0,328,0,66,44,34,67,274,0,
Best: P1
3
Illinois Avenue,North Carolina Avenue,B & O Railroad,Indiana Avenue,Short Line Railroad,Connecticut Avenue,
24,0,1,2,238,0,16,9,64,0,305,0,64,45,32,65,287,0,
Best: P1
4
States Avenue,B & O Railroad,St. James Place,Indiana Avenue,Pacific Avenue,
24,0,1,2,238,0,16,9,64,0,305,0,64,45,32,65,287,0,
Best: P5
3
Indiana Avenue,Electric Company,Ventnor Avenue,Short Line Railroad,Vermont Avenue,Oriental Avenue,Pennsylvania Railroad,Illinois Avenue,Baltic Avenue,
25,0,0,0,234,0,16,7,62,0,312,0,64,46,32,62,270,0,
Best: P1
3
Vermont Avenue,Illinois Avenue,Indiana Avenue,North Carolina Avenue,
25,0,0,1,238,0,17,7,64,0,323,0,65,47,33,61,278,0,
Best: P1
3
St. Charles Place,Illinois Avenue,Indiana Avenue,Mediterranean Avenue,Vermont Avenue,Pennsylvania Railroad,Connecticut Avenue,Pacific Avenue,B & O Railroad,
25,0,0,1,238,0,17,7,64,0,323,0,65,47,33,61,278,0,
Best: P5
4
St. Charles Place,B & O Railroad,Pennsylvania Avenue,Reading Railroad,North Carolina Avenue,New York Avenue,States Avenue,
24,0,0,0,251,0,18,7,60,0,315,0,63,48,34,59,260,0,
Best: P2
4
Electric Company,Pennsylvania Railroad,Ventnor Avenue,St. Charles Place,Kentucky Avenue,Pacific Avenue,Pennsylvania Avenue,Baltic Avenue,Marvin Gardens,Indiana Avenue,
24,0,0,0,232,0,17,5,62,0,319,0,62,48,33,59,275,0,
Best: P1
3
Reading Railroad,Kentucky Avenue,St. James Place,Connecticut Avenue,
25,0,0,0,239,0,17,6,63,0,310,0,60,44,31,57,287,0,
Best: P4
3
North Carolina Avenue,Pennsylvania Avenue,Illinois Avenue,Park Place,States Avenue,Kentucky Avenue,Ventnor Avenue,Oriental Avenue,Water Works,
23,0,0,0,220,0,16,4,57,0,332,0,64,43,31,58,277,0,
Best: P2
3
Illinois Avenue,Boardwalk,Short Line Railroad,Baltic Avenue,Pacific Avenue,Electric Company,
23,0,0,0,216,0,17,4,61,0,306,0,63,42,29,54,259,0,
Best: P1
3
Reading Railroad,Pennsylvania Railroad,Oriental Avenue,B & O Railroad,North Carolina Avenue,Mediterranean Avenue,St. James Place,Electric Company,
23,0,0,0,218,0,16,4,56,0,321,0,62,43,28,55,267,0,
Best: P1
4
Vermont Avenue,St. James Place,Tennessee Avenue,Reading Railroad,B & O Railroad,Kentucky Avenue,Mediterranean Avenue,
23,0,0,0,218,0,16,4,56,0,321,0,62,43,28,55,267,0,
Best: P1
3
Vermont Avenue,St. James Place,Oriental Avenue,Atlantic Avenue,Virginia Avenue,New York Avenue,Reading Railroad,Baltic Avenue,Connecticut Avenue,Mediterranean Avenue,Marvin Gardens,Park Place,Ventnor Avenue,
23,0,0,0,218,0,16,4,56,0,321,0,62,43,28,55,267,0,
Best: P2
4
Reading Railroad,Pennsylvania Railroad,Atlantic Avenue,Mediterranean Avenue,Vermont Avenue,Water Works,Virginia Avenue,Indiana Avenue,Tennessee Avenue,Kentucky Avenue,New York Avenue,Baltic Avenue,Marvin Gardens,Oriental Avenue,
23,0,0,0,203,0,15,4,54,0,307,0,65,42,26,53,271,0,
Best: P1
4
Virginia Avenue,Oriental Avenue,Connecticut Avenue,North Carolina Avenue,Pennsylvania Avenue,St. James Place,
24,0,0,0,210,0,15,3,54,0,320,0,66,42,27,54,277,0,
Best: P1
2
Connecticut Avenue,Atlantic Avenue,St. Charles Place,Ventnor Avenue,Virginia Avenue,Boardwalk,Oriental Avenue,New York Avenue,Pacific Avenue,Reading Railroad,Marvin Gardens,
24,0,0,0,210,0,15,3,54,0,320,0,66,42,27,54,277,0,
Best: P1
4
Pennsylvania Railroad,New York Avenue,Boardwalk,Virginia Avenue,
24,0,0,0,210,0,15,3,54,0,320,0,66,42,27,54,277,0,
Best: P3
4
Connecticut Avenue,Tennessee Avenue,Marvin Gardens,Park Place,Mediterranean Avenue,Virginia Avenue,States Avenue,North Carolina Avenue,Atlantic Avenue,New York Avenue,
22,0,0,0,214,0,14,1,55,0,348,0,66,42,27,49,267,0,
Best: P3
4
Reading Railroad,Pennsylvania Railroad,B & O Railroad,Marvin Gardens,St. Charles Place,New York Avenue,Mediterranean Avenue,St. James Place,Atlantic Avenue,Electric Company,
22,0,0,0,214,0,14,1,55,0,348,0,66,42,27,49,267,0,
Best: P2
4
St. Charles Place,Indiana Avenue,Illinois Avenue,B & O Railroad,States Avenue,Baltic Avenue,Pacific Avenue,
22,0,0,0,224,0,15,0,55,0,331,0,63,39,24,47,272,0,
Best: P1
4
Ventnor Avenue,Pennsylvania Avenue,Pennsylvania Railroad,Kentucky Avenue,Virginia Avenue,Short Line Railroad,Tennessee Avenue,Marvin Gardens,Mediterranean Avenue,
21,0,0,0,213,0,13,0,57,0,351,0,66,38,27,49,275,0,
Best: P1
3
Ventnor Avenue,Tennessee Avenue,Water Works,Boardwalk,Reading Railroad,Park Place,Mediterranean Avenue,Connecticut Avenue,
21,0,0,0,213,0,13,0,57,0,351,0,66,38,27,49,275,0,
Best: P1
3
St. James Place,North Carolina Avenue,Tennessee Avenue,Short Line Railroad,Reading Railroad,Pacific Avenue,Mediterranean Avenue,
21,0,0,0,213,0,13,0,57,0,351,0,66,38,27,49,275,0,
Best: P2
4
Connecticut Avenue,Tennessee Avenue,Ventnor Avenue,St. James Place,Oriental Avenue,Pacific Avenue,St. Charles Place,
19,0,0,0,203,0,13,0,57,0,329,0,61,36,25,50,271,0,
Best: P1
3
States Avenue,B & O Railroad,North Carolina Avenue,Pacific Avenue,Oriental Avenue,Indiana Avenue,Park Place,Kentucky Avenue,Virginia Avenue,
21,0,0,0,197,0,14,0,54,0,336,0,63,37,24,48,262,0,
Best: P1
3
Vermont Avenue,Pennsylvania Railroad,Illinois Avenue,Pacific Avenue,Baltic Avenue,Connecticut Avenue,New York Avenue,Water Works,North Carolina Avenue,Atlantic Avenue,Reading Railroad,Boardwalk,Oriental Avenue,Virginia Avenue,Ventnor Avenue,States Avenue,Electric Company,Pennsylvania Avenue,
21,0,0,0,197,0,14,0,54,0,336,0,63,37,24,48,262,0,
Best: P2
4
Boardwalk,Mediterranean Avenue,Baltic Avenue,Illinois Avenue,Water Works,Connecticut Avenue,Electric Company,Marvin Gardens,
21,0,0,0,203,0,13,0,54,0,328,0,67,34,21,49,265,0,
Best: P2
4
Kentucky Avenue,Electric Company,Indiana Avenue,States Avenue,Pacific Avenue,Pennsylvania Avenue,B & O Railroad,Reading Railroad,Mediterranean Avenue,Illinois Avenue,Short Line Railroad,
21,0,0,0,203,0,13,0,54,0,328,0,67,34,21,49,265,0,
Best: P3
3
Atlantic Avenue,Ventnor Avenue,Mediterranean Avenue,St. James Place,Connecticut Avenue,Pennsylvania Railroad,Short Line Railroad,Electric Company,Reading Railroad,Vermont Avenue,
21,0,0,0,198,0,12,0,55,0,338,0,68,34,21,48,274,0,
Best: P1
3
Indiana Avenue,Tennessee Avenue,Illinois Avenue,Mediterranean Avenue,Connecticut Avenue,Kentucky Avenue,St. James Place,B & O Railroad,
21,0,0,0,185,0,12,0,51,0,335,0,66,34,19,45,266,0,
Best: P2
4
States Avenue,Electric Company,B & O Railroad,Virginia Avenue,Park Place,Pennsylvania Avenue,Water Works,
20,0,0,0,198,0,11,0,49,0,331,0,62,34,19,45,253,0,
Best: P3
3
St. James Place,B & O Railroad,Water Works,Oriental Avenue,Short Line Railroad,Tennessee Avenue,Electric Company,Marvin Gardens,Reading Railroad,Virginia Avenue,
19,0,0,0,197,0,11,0,48,0,337,0,66,34,18,45,246,0,
Best: P1
3
Connecticut Avenue,Pennsylvania Avenue,Boardwalk,Park Place,
21,0,0,0,191,0,11,0,47,0,351,0,65,34,17,45,244,0,
Best: P3
3
Vermont Avenue,Oriental Avenue,Kentucky Avenue,B & O Railroad,Mediterranean Avenue,Baltic Avenue,Connecticut Avenue,Virginia Avenue,Short Line Railroad,
19,0,0,0,184,0,10,0,48,0,326,0,66,32,16,47,257,0,
Best: P3
3
Connecticut Avenue,Ventnor Avenue,Pennsylvania Railroad,Kentucky Avenue,Virginia Avenue,Pennsylvania Avenue,North Carolina Avenue,Baltic Avenue,New York Avenue,B & O Railroad,
19,0,0,0,184,0,10,0,48,0,326,0,66,32,16,47,257,0,
Best: P1
3
Reading Railroad,Electric Company,Illinois Avenue,Short Line Railroad,Baltic Avenue,Kentucky Avenue,North Carolina Avenue,Park Place,Pennsylvania Avenue,States Avenue,Indiana Avenue,
18,0,0,0,171,0,10,0,46,0,323,0,64,33,14,44,250,0,
Best: P1
4
Pennsylvania Railroad,Atlantic Avenue,Tennessee Avenue,Marvin Gardens,Ventnor Avenue,St. Charles Place,
18,0,0,0,171,0,10,0,46,0,323,0,64,33,14,44,250,0,
Best: P1
3
Reading Railroad,Indiana Avenue,Water Works,Electric Company,North Carolina Avenue,Kentucky Avenue,Baltic Avenue,New York Avenue,Illinois Avenue,Short Line Railroad,Virginia Avenue,
18,0,0,0,171,0,10,0,46,0,323,0,64,33,14,44,250,0,
Best: P1
3
St. Charles Place,Pennsylvania Railroad,B & O Railroad,Indiana Avenue,Ventnor Avenue,Marvin Gardens,Virginia Avenue,Park Place,Kentucky Avenue,Illinois Avenue,
18,0,0,0,171,0,10,0,46,0,323,0,64,33,14,44,250,0,
Best: P2
3
Atlantic Avenue,Short Line Railroad,New York Avenue,B & O Railroad,St. James Place,Reading Railroad,Virginia Avenue,Park Place,
18,0,0,0,169,0,10,0,45,0,319,0,64,31,13,44,242,0,
Best: P2
4
New York Avenue,Pennsylvania Avenue,St. Charles Place,Tennessee Avenue,Ventnor Avenue,Marvin Gardens,Vermont Avenue,Pennsylvania Railroad,B & O Railroad,Short Line Railroad,Mediterranean Avenue,Connecticut Avenue,Electric Company,
18,0,0,0,169,0,10,0,45,0,319,0,64,31,13,44,242,0,
Best: P1
4
Kentucky Avenue,North Carolina Avenue,Atlantic Avenue,Oriental Avenue,Marvin Gardens,Vermont Avenue,Virginia Avenue,States Avenue,Connecticut Avenue,Reading Railroad,Pacific Avenue,Illinois Avenue,
17,0,0,0,161,0,10,0,45,0,316,0,60,30,13,45,251,0,
Best: P2
3
St. James Place,Atlantic Avenue,States Avenue,Ventnor Avenue,Pennsylvania Avenue,St. Charles Place,
17,0,0,0,156,0,10,0,45,0,310,0,60,30,13,44,238,0,
Best: P2
3
Reading Railroad,Electric Company,Water Works,Pennsylvania Avenue,St. James Place,Kentucky Avenue,Baltic Avenue,St. Charles Place,Atlantic Avenue,Mediterranean Avenue,Oriental Avenue,Virginia Avenue,B & O Railroad,
17,0,0,0,156,0,10,0,45,0,310,0,60,30,13,44,238,0,
Best: P1
3
Ventnor Avenue,Park Place,Vermont Avenue,Marvin Gardens,Connecticut Avenue,St. James Place,
16,0,0,0,159,0,10,0,43,0,296,0,59,30,13,46,234,0,
Best: P2
4
Water Works,Marvin Gardens,Mediterranean Avenue,Indiana Avenue,Ventnor Avenue,Short Line Railroad,States Avenue,Illinois Avenue,Vermont Avenue,St. Charles Place,Atlantic Avenue,
16,0,0,0,150,0,10,0,41,0,318,0,58,30,13,44,240,0,
Best: P1
3
Park Place,Boardwalk,
17,0,0,0,150,0,10,0,44,0,316,0,58,29,13,45,244,0,
Best: P1
4
Baltic Avenue,Water Works,Pennsylvania Avenue,Pennsylvania Railroad,Indiana Avenue,States Avenue,North Carolina Avenue,Illinois Avenue,Vermont Avenue,Tennessee Avenue,Ventnor Avenue,
17,0,0,0,150,0,10,0,44,0,316,0,58,29,13,45,244,0,
Best: P2
4
Oriental Avenue,States Avenue,B & O Railroad,Electric Company,New York Avenue,Water Works,Short Line Railroad,Indiana Avenue,Kentucky Avenue,
17,0,0,0,151,0,10,0,41,0,292,0,56,29,13,45,249,0,
Best: P1
3
Virginia Avenue,Tennessee Avenue,New York Avenue,Electric Company,Ventnor Avenue,St. James Place,Water Works,Mediterranean Avenue,Reading Railroad,States Avenue,
17,0,0,0,142,0,10,0,42,0,300,0,56,28,13,46,236,0,
Best: P3
3
Vermont Avenue,Mediterranean Avenue,Atlantic Avenue,Short Line Railroad,Oriental Avenue,Illinois Avenue,Park Place,Marvin Gardens,
16,0,0,0,151,0,11,0,41,0,294,0,57,26,11,44,237,0,
Best: P2
4
Ventnor Avenue,North Carolina Avenue,Oriental Avenue,Vermont Avenue,Baltic Avenue,Virginia Avenue,Pacific Avenue,States Avenue,Pennsylvania Railroad,Electric Company,Atlantic Avenue,Pennsylvania Avenue,
16,0,0,0,146,0,10,0,39,0,298,0,53,25,10,42,242,0,
Best: P3
4
Pennsylvania Railroad,Marvin Gardens,Vermont Avenue,St. James Place,Atlantic Avenue,Pennsylvania Avenue,Mediterranean Avenue,North Carolina Avenue,Short Line Railroad,Baltic Avenue,
17,0,0,0,140,0,10,0,41,0,287,0,55,23,9,43,248,0,
Best: P2
4
Reading Railroad,States Avenue,Tennessee Avenue,New York Avenue,Park Place,Atlantic Avenue,Short Line Railroad,
16,0,0,0,150,0,10,0,38,0,280,0,56,24,8,42,257,0,
Best: P3
3
Vermont Avenue,Boardwalk,States Avenue,Pacific Avenue,Marvin Gardens,Oriental Avenue,
16,0,0,0,150,0,10,0,39,0,288,0,53,24,7,42,259,0,
Best: P1
3
Electric Company,Mediterranean Avenue,Reading Railroad,Ventnor Avenue,Virginia Avenue,Illinois Avenue,North Carolina Avenue,Kentucky Avenue,Pennsylvania Railroad,Connecticut Avenue,Pacific Avenue,Marvin Gardens,
16,0,0,0,143,0,10,0,38,0,296,0,52,22,7,43,240,0,
Best: P1
4
St. James Place,New York Avenue,Pacific Avenue,Boardwalk,Connecticut Avenue,Short Line Railroad,North Carolina Avenue,
16,0,0,0,143,0,10,0,38,0,296,0,52,22,7,43,240,0,
Best: P4
4
Virginia Avenue,Reading Railroad,States Avenue,Water Works,St. James Place,Boardwalk,Pacific Avenue,
15,0,0,0,146,0,10,0,38,0,296,0,51,21,6,39,257,0,
Best: P2
3
Connecticut Avenue,States Avenue,Ventnor Avenue,North Carolina Avenue,Pacific Avenue,Virginia Avenue,
15,0,0,0,143,0,10,0,38,0,279,0,53,19,5,38,242,0,
Best: P3
3
Pennsylvania Railroad,Boardwalk,Virginia Avenue,Oriental Avenue,North Carolina Avenue,Reading Railroad,New York Avenue,Ventnor Avenue,Baltic Avenue,Marvin Gardens,Mediterranean Avenue,Vermont Avenue,Illinois Avenue,
16,0,0,0,144,0,10,0,39,0,293,0,54,18,4,40,259,0,
Best: P2
4
Connecticut Avenue,St. James Place,Ventnor Avenue,Mediterranean Avenue,B & O Railroad,Vermont Avenue,States Avenue,
15,0,0,0,138,0,10,0,36,0,283,0,55,18,3,40,247,0,
Best: P4
3
Water Works,St. Charles Place,Connecticut Avenue,Virginia Avenue,Baltic Avenue,Illinois Avenue,North Carolina Avenue,Kentucky Avenue,Pacific Avenue,Tennessee Avenue,Indiana Avenue,
14,0,0,0,129,0,10,0,37,0,290,0,57,18,2,38,258,0,
Best: P1
4
Vermont Avenue,Marvin Gardens,North Carolina Avenue,Indiana Avenue,Illinois Avenue,Pacific Avenue,Connecticut Avenue,
12,0,0,0,133,0,11,0,36,0,293,0,53,17,2,36,254,0,
Best: P1
3
Water Works,Short Line Railroad,Boardwalk,Pennsylvania Railroad,Tennessee Avenue,Vermont Avenue,Baltic Avenue,St. Charles Place,Electric Company,
12,0,0,0,133,0,11,0,36,0,293,0,53,17,2,36,254,0,
Best: P1
4
Tennessee Avenue,Kentucky Avenue,Illinois Avenue,
12,0,0,0,133,0,11,0,36,0,293,0,53,17,2,36,254,0,
Best: P3
3
New York Avenue,B & O Railroad,Pennsylvania Avenue,Baltic Avenue,Electric Company,Water Works,Vermont Avenue,Tennessee Avenue,Marvin Gardens,Oriental Avenue,Indiana Avenue,Illinois Avenue,Connecticut Avenue,Atlantic Avenue,Park Place,Boardwalk,
11,0,0,0,132,0,11,0,33,0,286,0,52,15,1,37,263,0,
Best: P5
3
Pennsylvania Railroad,Short Line Railroad,Electric Company,Water Works,Indiana Avenue,Tennessee Avenue,Vermont Avenue,
11,0,0,0,133,0,10,0,32,0,306,0,56,14,1,34,265,0,
Best: P1
3
Park Place,Baltic Avenue,Electric Company,Indiana Avenue,North Carolina Avenue,
11,0,0,0,127,0,10,0,32,0,304,0,52,13,1,34,250,0,
Best: P2
3
Vermont Avenue,Pennsylvania Railroad,Kentucky Avenue,Pacific Avenue,Ventnor Avenue,Oriental Avenue,Illinois Avenue,
11,0,0,0,127,0,10,0,32,0,303,0,53,13,0,35,263,0,
Best: P1
4
Oriental Avenue,St. Charles Place,Boardwalk,Illinois Avenue,Vermont Avenue,North Carolina Avenue,Atlantic Avenue,Water Works,Connecticut Avenue,
12,0,0,0,132,0,10,0,32,0,287,0,52,12,0,32,256,0,
Best: P1
3
Indiana Avenue,Electric Company,Ventnor Avenue,
12,0,0,0,132,0,10,0,32,0,287,0,52,12,0,32,256,0,
Best: P1
3
St. James Place,New York Avenue,Water Works,St. Charles Place,Marvin Gardens,Park Place,Oriental Avenue,States Avenue,
12,0,0,0,132,0,10,0,32,0,287,0,52,12,0,32,256,0,
Best: P2
4
Reading Railroad,New York Avenue,B & O Railroad,St. James Place,Kentucky Avenue,Atlantic Avenue,Tennessee Avenue,Indiana Avenue,Baltic Avenue,St. Charles Place,Water Works,
11,0,0,0,126,0,10,0,29,0,280,0,52,10,0,32,241,0,
Best: P2
4
Baltic Avenue,Kentucky Avenue,Short Line Railroad,Reading Railroad,Pacific Avenue,Mediterranean Avenue,St. Charles Place,North Carolina Avenue,Atlantic Avenue,
11,0,0,0,126,0,10,0,29,0,280,0,52,10,0,32,241,0,
Best: P2
4
Connecticut Avenue,Pennsylvania Railroad,Indiana Avenue,Kentucky Avenue,Water Works,Atlantic Avenue,Illinois Avenue,Pacific Avenue,Oriental Avenue,Pennsylvania Avenue,Short Line Railroad,Baltic Avenue,St. James Place,
11,0,0,0,126,0,10,0,29,0,280,0,52,10,0,32,241,0,
Best: P4
3
Reading Railroad,Indiana Avenue,Ventnor Avenue,Pennsylvania Railroad,Kentucky Avenue,Virginia Avenue,Tennessee Avenue,B & O Railroad,Illinois Avenue,Mediterranean Avenue,Oriental Avenue,
12,0,0,0,134,0,10,0,30,0,272,0,52,8,0,30,239,0,
Best: P2
4
Baltic Avenue,Pacific Avenue,States Avenue,North Carolina Avenue,Marvin Gardens,Indiana Avenue,New York Avenue,Atlantic Avenue,Mediterranean Avenue,St. Charles Place,
12,0,0,0,133,0,10,0,29,0,281,0,52,9,0,31,228,0,
Best: P2
4
Connecticut Avenue,Virginia Avenue,Short Line Railroad,Mediterranean Avenue,Reading Railroad,States Avenue,Kentucky Avenue,Electric Company,B & O Railroad,Illinois Avenue,Pennsylvania Railroad,St. Charles Place,North Carolina Avenue,Tennessee Avenue,Atlantic Avenue,Pacific Avenue,Park Place,
12,0,0,0,133,0,10,0,29,0,281,0,52,9,0,31,228,0,
Best: P2
3
Tennessee Avenue,Vermont Avenue,New York Avenue,Virginia Avenue,Pacific Avenue,Reading Railroad,Indiana Avenue,Connecticut Avenue,Pennsylvania Railroad,Boardwalk,Park Place,Electric Company,Oriental Avenue,B & O Railroad,
12,0,0,0,133,0,10,0,29,0,281,0,52,9,0,31,228,0,
Best: P2
4
Pennsylvania Railroad,B & O Railroad,Ventnor Avenue,Short Line Railroad,St. Charles Place,New York Avenue,Water Works,Kentucky Avenue,Oriental Avenue,
12,0,0,0,133,0,10,0,29,0,281,0,52,9,0,31,228,0,
Best: P3
3
Indiana Avenue,St. Charles Place,St. James Place,Illinois Avenue,Water Works,Boardwalk,
11,0,0,0,135,0,10,0,29,0,283,0,53,8,0,30,218,0,
Best: P2
3
Electric Company,Kentucky Avenue,Water Works,St. James Place,Baltic Avenue,Pennsylvania Avenue,Reading Railroad,Pacific Avenue,Atlantic Avenue,
11,0,0,0,135,0,10,0,27,0,276,0,49,8,0,30,218,0,
Best: P3
3
Atlantic Avenue,B & O Railroad,Baltic Avenue,Vermont Avenue,Indiana Avenue,Virginia Avenue,Illinois Avenue,Oriental Avenue,States Avenue,Tennessee Avenue,Reading Railroad,Kentucky Avenue,Ventnor Avenue,
11,0,0,0,141,0,10,0,28,0,279,0,53,7,0,31,220,0,
Best: P2
3
States Avenue,North Carolina Avenue,Oriental Avenue,Pennsylvania Railroad,Atlantic Avenue,St. Charles Place,St. James Place,Indiana Avenue,Water Works,Electric Company,
11,0,0,0,133,0,10,0,25,0,290,0,48,7,0,30,219,0,
Best: P1
3
Baltic Avenue,Electric Company,Indiana Avenue,Oriental Avenue,Marvin Gardens,St. Charles Place,New York Avenue,Ventnor Avenue,Short Line Railroad,Tennessee Avenue,Reading Railroad,Kentucky Avenue,St. James Place,Vermont Avenue,Mediterranean Avenue,Illinois Avenue,Connecticut Avenue,
11,0,0,0,142,0,10,0,24,0,281,0,50,6,0,28,208,0,
Best: P1
3
Connecticut Avenue,Indiana Avenue,St. James Place,Illinois Avenue,Reading Railroad,Oriental Avenue,Pennsylvania Railroad,Vermont Avenue,Mediterranean Avenue,
11,0,0,0,142,0,10,0,24,0,281,0,50,6,0,28,208,0,
Best: P2
4
Pennsylvania Railroad,Reading Railroad,Indiana Avenue,
11,0,0,0,140,0,10,0,24,0,296,0,47,5,0,26,207,0,
Best: P2
4
Oriental Avenue,Pennsylvania Railroad,Vermont Avenue,Park Place,Virginia Avenue,Illinois Avenue,Water Works,North Carolina Avenue,
11,0,0,0,140,0,10,0,24,0,296,0,47,5,0,26,207,0,
Best: P1
3
Reading Railroad,Kentucky Avenue,Electric Company,Oriental Avenue,Indiana Avenue,Illinois Avenue,Baltic Avenue,
10,0,0,0,143,0,10,0,24,0,307,0,46,5,0,25,212,0,
Best: P3
4
Reading Railroad,Vermont Avenue,Virginia Avenue,Pennsylvania Railroad,Atlantic Avenue,Baltic Avenue,Oriental Avenue,
10,0,0,0,141,0,10,0,23,0,289,0,48,5,0,22,202,0,
Best: P3
4
Pennsylvania Avenue,Park Place,Tennessee Avenue,St. Charles Place,B & O Railroad,St. James Place,Pennsylvania Railroad,States Avenue,North Carolina Avenue,Vermont Avenue,Connecticut Avenue,Boardwalk,Short Line Railroad,Reading Railroad,Virginia Avenue,Pacific Avenue,New York Avenue,
10,0,0,0,141,0,10,0,23,0,289,0,48,5,0,22,202,0,
Best: P1
4
Indiana Avenue,Short Line Railroad,Kentucky Avenue,Ventnor Avenue,Marvin Gardens,Atlantic Avenue,Baltic Avenue,Pacific Avenue,
10,0,0,0,140,0,10,0,23,0,272,0,47,4,0,21,211,0,
Best: P2
4
St. Charles Place,Short Line Railroad,Electric Company,Indiana Avenue,Tennessee Avenue,Ventnor Avenue,St. James Place,Illinois Avenue,
10,0,0,0,150,0,10,0,21,0,276,0,46,3,0,21,212,0,
Best: P1
4
St. Charles Place,Park Place,Illinois Avenue,St. James Place,B & O Railroad,Pennsylvania Avenue,Reading Railroad,Indiana Avenue,Boardwalk,
10,0,0,0,147,0,11,0,23,0,279,0,45,2,0,19,206,0,
Best: P1
4
Kentucky Avenue,Pacific Avenue,States Avenue,Virginia Avenue,Illinois Avenue,North Carolina Avenue,Short Line Railroad,Boardwalk,Indiana Avenue,Water Works,Pennsylvania Avenue,St. Charles Place,Tennessee Avenue,
10,0,0,0,147,0,11,0,23,0,279,0,45,2,0,19,206,0,
Best: P1
3
St. Charles Place,Tennessee Avenue,Pacific Avenue,New York Avenue,Mediterranean Avenue,Electric Company,Water Works,Park Place,
10,0,0,0,147,0,11,0,23,0,279,0,45,2,0,19,206,0,
Best: P1
3
Oriental Avenue,Short Line Railroad,Boardwalk,Baltic Avenue,Vermont Avenue,B & O Railroad,Electric Company,Kentucky Avenue,Ventnor Avenue,Illinois Avenue,Park Place,Mediterranean Avenue,Water Works,
10,0,0,0,147,0,11,0,23,0,279,0,45,2,0,19,206,0,
Best: P1
3
Oriental Avenue,Electric Company,B & O Railroad,New York Avenue,North Carolina Avenue,Boardwalk,Illinois Avenue,Vermont Avenue,Water Works,Marvin Gardens,Park Place,Ventnor Avenue,States Avenue,
10,0,0,0,147,0,11,0,23,0,279,0,45,2,0,19,206,0,
Best: P2
3
Water Works,Electric Company,States Avenue,New York Avenue,B & O Railroad,Mediterranean Avenue,Park Place,Reading Railroad,Ventnor Avenue,
10,0,0,0,148,0,10,0,22,0,273,0,43,0,0,17,211,0,
Best: P1
4
Vermont Avenue,Tennessee Avenue,Atlantic Avenue,Marvin Gardens,Short Line Railroad,Connecticut Avenue,
10,0,0,0,147,0,10,0,21,0,276,0,46,1,0,18,199,0,
Best: P2
4
Illinois Avenue,Pennsylvania Avenue,Connecticut Avenue,
11,0,0,0,147,0,10,0,20,0,287,0,42,0,0,17,198,0,
Best: P1
4
Oriental Avenue,Virginia Avenue,Vermont Avenue,St. Charles Place,Ventnor Avenue,States Avenue,Indiana Avenue,Park Place,Connecticut Avenue,
10,0,0,0,154,0,10,0,20,0,266,0,42,0,0,17,190,0,
Best: P2
3
North Carolina Avenue,Tennessee Avenue,Marvin Gardens,Water Works,Kentucky Avenue,Indiana Avenue,Electric Company,New York Avenue,Ventnor Avenue,Baltic Avenue,Pennsylvania Avenue,Mediterranean Avenue,Pacific Avenue,St. James Place,Atlantic Avenue,Illinois Avenue,Park Place,
10,0,0,0,147,0,10,0,20,0,287,0,43,0,0,16,184,0,
Best: P1
3
Baltic Avenue,St. Charles Place,Short Line Railroad,Oriental Avenue,B & O Railroad,Boardwalk,Ventnor Avenue,Atlantic Avenue,Reading Railroad,States Avenue,Pennsylvania Avenue,Illinois Avenue,North Carolina Avenue,Pennsylvania Railroad,Pacific Avenue,Connecticut Avenue,
11,0,0,0,154,0,10,0,19,0,281,0,41,0,0,16,183,0,
Best: P2
4
Marvin Gardens,Electric Company,Boardwalk,Reading Railroad,St. Charles Place,Tennessee Avenue,Indiana Avenue,Mediterranean Avenue,Atlantic Avenue,Virginia Avenue,Pennsylvania Avenue,North Carolina Avenue,
10,0,0,0,156,0,10,0,18,0,286,0,44,0,0,16,186,0,
Best: P2
3
Atlantic Avenue,Boardwalk,
10,0,0,0,156,0,10,0,18,0,286,0,44,0,0,16,186,0,
Best: P2
4
Kentucky Avenue,Pacific Avenue,Park Place,Electric Company,B & O Railroad,Pennsylvania Avenue,Vermont Avenue,Mediterranean Avenue,States Avenue,Ventnor Avenue,Oriental Avenue,Illinois Avenue,Atlantic Avenue,North Carolina Avenue,Baltic Avenue,Boardwalk,Virginia Avenue,Marvin Gardens,Indiana Avenue,St. Charles Place,Connecticut Avenue,
10,0,0,0,156,0,10,0,18,0,286,0,44,0,0,16,186,0,
Best: P1
3
Baltic Avenue,Kentucky Avenue,Pennsylvania Railroad,Indiana Avenue,Mediterranean Avenue,States Avenue,Marvin Gardens,Pennsylvania Avenue,Reading Railroad,New York Avenue,St. Charles Place,Boardwalk,Park Place,
10,0,0,0,158,0,10,0,16,0,300,0,41,0,0,15,178,0,
Best: P2
4
St. Charles Place,Virginia Avenue,Illinois Avenue,Vermont Avenue,Electric Company,Boardwalk,Pennsylvania Avenue,Baltic Avenue,Kentucky Avenue,Connecticut Avenue,Water Works,Mediterranean Avenue,Park Place,Pacific Avenue,Short Line Railroad,Pennsylvania Railroad,Indiana Avenue,North Carolina Avenue,
10,0,0,0,155,0,10,0,17,0,284,0,43,0,0,15,180,0,
Best: P2
3
Illinois Avenue,Mediterranean Avenue,Electric Company,Pacific Avenue,
10,0,0,0,155,0,10,0,17,0,284,0,43,0,0,15,180,0,
Best: P2
4
B & O Railroad,North Carolina Avenue,Pennsylvania Avenue,Pennsylvania Railroad,Water Works,Electric Company,Connecticut Avenue,States Avenue,Virginia Avenue,Boardwalk,
10,0,0,0,155,0,10,0,17,0,284,0,43,0,0,15,180,0,
Best: P1
3
Reading Railroad,Connecticut Avenue,Water Works,Mediterranean Avenue,Kentucky Avenue,Pennsylvania Avenue,St. James Place,Illinois Avenue,Electric Company,
10,0,0,0,147,0,10,0,15,0,288,0,44,0,0,13,172,0,
Best: P1
3
Indiana Avenue,Pacific Avenue,Oriental Avenue,Vermont Avenue,Illinois Avenue,St. Charles Place,Virginia Avenue,Ventnor Avenue,
10,0,0,0,147,0,10,0,15,0,288,0,44,0,0,13,172,0,
Best: P2
4
Baltic Avenue,Vermont Avenue,New York Avenue,Short Line Railroad,Atlantic Avenue,Water Works,Electric Company,
10,0,0,0,145,0,10,0,14,0,302,0,40,0,0,13,175,0,
Best: P1
4
New York Avenue,Electric Company,Short Line Railroad,Baltic Avenue,Kentucky Avenue,Ventnor Avenue,Oriental Avenue,Indiana Avenue,Marvin Gardens,Reading Railroad,Park Place,Pennsylvania Railroad,St. Charles Place,St. James Place,Boardwalk,Connecticut Avenue,
10,0,0,0,153,0,10,0,14,0,306,0,41,0,0,12,181,0,
Best: P1
3
Illinois Avenue,Kentucky Avenue,North Carolina Avenue,Water Works,Electric Company,Indiana Avenue,Vermont Avenue,Ventnor Avenue,Short Line Railroad,
10,0,0,0,153,0,10,0,14,0,306,0,41,0,0,12,181,0,
Best: P2
4
North Carolina Avenue,Vermont Avenue,B & O Railroad,Water Works,Tennessee Avenue,Atlantic Avenue,Connecticut Avenue,Boardwalk,Park Place,Marvin Gardens,
10,0,0,0,148,0,11,0,12,0,302,0,41,0,0,11,167,0,
Best: P1
4
Pennsylvania Railroad,Kentucky Avenue,Marvin Gardens,Park Place,Reading Railroad,
10,0,0,0,151,0,10,0,13,0,307,0,41,0,0,10,170,0,
Best: P2
4
Boardwalk,Vermont Avenue,Illinois Avenue,Oriental Avenue,Pennsylvania Railroad,Park Place,Baltic Avenue,Kentucky Avenue,Indiana Avenue,Pennsylvania Avenue,States Avenue,North Carolina Avenue,Mediterranean Avenue,Atlantic Avenue,
10,0,0,0,154,0,10,0,12,0,310,0,41,0,0,10,168,0,
Best: P1
3
Vermont Avenue,Water Works,Boardwalk,Oriental Avenue,States Avenue,Tennessee Avenue,Baltic Avenue,St. Charles Place,
10,0,0,0,158,0,10,0,11,0,314,0,42,0,0,9,162,0,
Best: P2
4
Electric Company,Kentucky Avenue,St. James Place,Atlantic Avenue,Pacific Avenue,Tennessee Avenue,Illinois Avenue,Vermont Avenue,Reading Railroad,Pennsylvania Avenue,New York Avenue,Indiana Avenue,North Carolina Avenue,Water Works,Ventnor Avenue,
10,0,0,0,162,0,10,0,11,0,327,0,40,0,0,9,165,0,
Best: P1
3
Oriental Avenue,Pennsylvania Avenue,Electric Company,Tennessee Avenue,Marvin Gardens,Connecticut Avenue,Virginia Avenue,Atlantic Avenue,Park Place,Ventnor Avenue,Pacific Avenue,Vermont Avenue,Mediterranean Avenue,
10,0,0,0,155,0,10,0,11,0,313,0,43,0,0,8,169,0,
Best: P2
3
Baltic Avenue,Connecticut Avenue,New York Avenue,North Carolina Avenue,Mediterranean Avenue,States Avenue,Marvin Gardens,
10,0,0,0,161,0,10,0,10,0,310,0,40,0,0,8,165,0,
Best: P1
4
Short Line Railroad,Boardwalk,Marvin Gardens,Vermont Avenue,New York Avenue,Kentucky Avenue,Pennsylvania Railroad,Ventnor Avenue,
10,0,0,0,165,0,10,0,9,0,298,0,40,0,0,7,168,0,
Best: P2
4
Connecticut Avenue,St. James Place,Indiana Avenue,St. Charles Place,
10,0,0,0,158,0,10,0,9,0,294,0,38,0,0,7,162,0,
Best: P1
3
B & O Railroad,Mediterranean Avenue,Tennessee Avenue,Water Works,Electric Company,Connecticut Avenue,Pennsylvania Railroad,Marvin Gardens,Indiana Avenue,Vermont Avenue,St. James Place,Reading Railroad,Ventnor Avenue,Kentucky Avenue,Boardwalk,Park Place,New York Avenue,Oriental Avenue,
10,0,0,0,169,0,10,0,9,0,293,0,39,0,0,6,168,0,
Best: P1
3
Kentucky Avenue,Pennsylvania Railroad,Illinois Avenue,Ventnor Avenue,Electric Company,New York Avenue,Connecticut Avenue,Pacific Avenue,Water Works,Indiana Avenue,North Carolina Avenue,Boardwalk,Short Line Railroad,St. Charles Place,St. James Place,States Avenue,
10,0,0,0,169,0,10,0,9,0,293,0,39,0,0,6,168,0,
Best: P1
3
Oriental Avenue,Atlantic Avenue,Park Place,St. Charles Place,B & O Railroad,Vermont Avenue,Tennessee Avenue,Marvin Gardens,Reading Railroad,
10,0,0,0,169,0,10,0,9,0,293,0,39,0,0,6,168,0,
Best: P3
3
Tennessee Avenue,Vermont Avenue,States Avenue,St. James Place,North Carolina Avenue,Virginia Avenue,Indiana Avenue,Illinois Avenue,Boardwalk,Marvin Gardens,Oriental Avenue,Pennsylvania Avenue,Mediterranean Avenue,New York Avenue,Short Line Railroad,Connecticut Avenue,
10,0,0,0,171,0,10,0,7,0,281,0,38,0,0,5,177,0,
Best: P1
3
Water Works,Boardwalk,Connecticut Avenue,Illinois Avenue,Reading Railroad,
10,0,0,0,168,0,10,0,7,0,295,0,39,0,0,4,177,0,
Best: P2
4
Vermont Avenue,Short Line Railroad,Reading Railroad,Electric Company,Marvin Gardens,Ventnor Avenue,Boardwalk,Pennsylvania Railroad,St. James Place,Water Works,Mediterranean Avenue,Oriental Avenue,Indiana Avenue,States Avenue,New York Avenue,
10,0,0,0,163,0,10,0,5,0,287,0,38,0,0,4,169,0,
Best: P2
3
Virginia Avenue,New York Avenue,States Avenue,Pennsylvania Avenue,Oriental Avenue,Pacific Avenue,Baltic Avenue,Pennsylvania Railroad,Illinois Avenue,Boardwalk,
10,0,0,0,163,0,10,0,5,0,287,0,38,0,0,4,169,0,
Best: P2
4
Pennsylvania Avenue,Illinois Avenue,Pacific Avenue,Baltic Avenue,States Avenue,North Carolina Avenue,Kentucky Avenue,New York Avenue,B & O Railroad,Vermont Avenue,Pennsylvania Railroad,Water Works,Tennessee Avenue,Boardwalk,Electric Company,
10,0,0,0,163,0,10,0,5,0,287,0,38,0,0,4,169,0,
Best: P1
4
Reading Railroad,Electric Company,Tennessee Avenue,Indiana Avenue,Virginia Avenue,Pennsylvania Avenue,Pennsylvania Railroad,B & O Railroad,Short Line Railroad,Atlantic Avenue,North Carolina Avenue,Mediterranean Avenue,St. Charles Place,Connecticut Avenue,Ventnor Avenue,St. James Place,Park Place,
10,0,0,0,171,0,10,0,4,0,281,0,38,0,0,3,171,0,
Best: P2
4
Vermont Avenue,Pennsylvania Railroad,B & O Railroad,St. James Place,Indiana Avenue,Reading Railroad,Pacific Avenue,Electric Company,North Carolina Avenue,Kentucky Avenue,Atlantic Avenue,Oriental Avenue,New York Avenue,Water Works,Boardwalk,Tennessee Avenue,Park Place,
11,0,0,0,175,0,10,0,3,0,289,0,38,0,0,3,168,0,
Best: P1
3
Vermont Avenue,Indiana Avenue,Pacific Avenue,Connecticut Avenue,Water Works,Electric Company,Boardwalk,Park Place,Tennessee Avenue,Reading Railroad,Marvin Gardens,Kentucky Avenue,Pennsylvania Avenue,St. Charles Place,North Carolina Avenue,St. James Place,Short Line Railroad,Mediterranean Avenue,B & O Railroad,Ventnor Avenue,
10,0,0,0,179,0,10,0,2,0,270,0,38,0,0,3,169,0,
Best: P1
3
Illinois Avenue,Connecticut Avenue,St. James Place,Virginia Avenue,Kentucky Avenue,Park Place,Boardwalk,States Avenue,Water Works,Tennessee Avenue,Ventnor Avenue,
10,0,0,0,179,0,10,0,2,0,270,0,38,0,0,3,169,0,
Best: P2
4
Oriental Avenue,Short Line Railroad,Vermont Avenue,Tennessee Avenue,St. James Place,Mediterranean Avenue,Water Works,Reading Railroad,States Avenue,Indiana Avenue,
11,0,0,0,171,0,10,0,0,0,260,0,39,0,0,2,177,0,
Best: P2
3
Pennsylvania Avenue,Connecticut Avenue,Water Works,B & O Railroad,Oriental Avenue,Virginia Avenue,Kentucky Avenue,Atlantic Avenue,Mediterranean Avenue,Pacific Avenue,
11,0,0,0,171,0,10,0,0,0,260,0,39,0,0,2,177,0,
Best: P1
3
Tennessee Avenue,Marvin Gardens,Park Place,Oriental Avenue,Atlantic Avenue,Kentucky Avenue,Boardwalk,Electric Company,Virginia Avenue,Mediterranean Avenue,Indiana Avenue,Connecticut Avenue,Illinois Avenue,
10,0,0,0,183,0,10,0,0,0,260,0,36,0,0,1,163,0,
Best: P1
4
Baltic Avenue,North Carolina Avenue,Reading Railroad,Connecticut Avenue,Vermont Avenue,Tennessee Avenue,Pacific Avenue,New York Avenue,Virginia Avenue,Atlantic Avenue,Mediterranean Avenue,Marvin Gardens,Park Place,
10,0,0,0,183,0,10,0,0,0,260,0,36,0,0,1,163,0,
Best: P1
3
States Avenue,Water Works,Boardwalk,Connecticut Avenue,North Carolina Avenue,Reading Railroad,
10,0,0,0,183,0,10,0,0,0,260,0,36,0,0,1,163,0,
Best: P1
4
Vermont Avenue,Kentucky Avenue,Baltic Avenue,Atlantic Avenue,Pennsylvania Railroad,Illinois Avenue,Ventnor Avenue,Marvin Gardens,Pennsylvania Avenue,Connecticut Avenue,St. Charles Place,Park Place,New York Avenue,Boardwalk,St. James Place,
10,0,0,0,183,0,10,0,0,0,260,0,36,0,0,1,163,0,
Best: P1
3
Reading Railroad,States Avenue,Illinois Avenue,Mediterranean Avenue,St. James Place,Water Works,Pennsylvania Railroad,Pennsylvania Avenue,
10,0,0,0,183,0,10,0,0,0,260,0,36,0,0,1,163,0,
Best: P2
4
Marvin Gardens,St. Charles Place,B & O Railroad,Pennsylvania Railroad,States Avenue,Connecticut Avenue,Park Place,
10,0,0,0,173,0,10,0,0,0,260,0,36,0,0,0,154,0,
Best: P1
4
Pennsylvania Railroad,Connecticut Avenue,Kentucky Avenue,B & O Railroad,North Carolina Avenue,New York Avenue,Baltic Avenue,St. James Place,
10,0,0,0,169,0,10,0,0,0,257,0,38,0,0,0,151,0,
Best: P2
4
Electric Company,Marvin Gardens,St. James Place,Pennsylvania Avenue,Oriental Avenue,B & O Railroad,North Carolina Avenue,Atlantic Avenue,Tennessee Avenue,Illinois Avenue,Vermont Avenue,St. Charles Place,Pennsylvania Railroad,States Avenue,Boardwalk,Reading Railroad,Mediterranean Avenue,Water Works,
10,0,0,0,179,0,10,0,0,0,260,0,38,0,0,0,144,0,
Best: P2
4
Ventnor Avenue,Pacific Avenue,B & O Railroad,Reading Railroad,Indiana Avenue,North Carolina Avenue,Kentucky Avenue,Atlantic Avenue,Electric Company,Vermont Avenue,Illinois Avenue,Tennessee Avenue,Park Place,
10,0,0,0,179,0,10,0,0,0,260,0,38,0,0,0,144,0,
Best: P2
4
Vermont Avenue,Electric Company,Ventnor Avenue,Baltic Avenue,Kentucky Avenue,Tennessee Avenue,New York Avenue,Virginia Avenue,Pennsylvania Avenue,Indiana Avenue,Water Works,Illinois Avenue,North Carolina Avenue,Pacific Avenue,Marvin Gardens,
10,0,0,0,179,0,10,0,0,0,260,0,38,0,0,0,144,0,
Best: P2
4
Water Works,Park Place,Pennsylvania Railroad,North Carolina Avenue,States Avenue,Indiana Avenue,St. James Place,Tennessee Avenue,Ventnor Avenue,Virginia Avenue,Illinois Avenue,
10,0,0,0,179,0,10,0,0,0,260,0,38,0,0,0,144,0,
Best: P1
3
States Avenue,Water Works,Oriental Avenue,Boardwalk,Indiana Avenue,Illinois Avenue,Virginia Avenue,New York Avenue,Short Line Railroad,Park Place,
10,0,0,0,174,0,10,0,0,0,249,0,36,0,0,0,139,0,
Best: P1
4
B & O Railroad,Tennessee Avenue,
10,0,0,0,174,0,10,0,0,0,249,0,36,0,0,0,139,0,
Best: P2
4
Water Works,Electric Company,Kentucky Avenue,North Carolina Avenue,Tennessee Avenue,B & O Railroad,States Avenue,Pennsylvania Railroad,Marvin Gardens,Vermont Avenue,Oriental Avenue,St. James Place,Reading Railroad,Connecticut Avenue,New York Avenue,Short Line Railroad,
10,0,0,0,168,0,10,0,0,0,235,0,38,0,0,0,145,0,
Best: P2
4
New York Avenue,Water Works,Baltic Avenue,Illinois Avenue,North Carolina Avenue,Virginia Avenue,B & O Railroad,St. Charles Place,Tennessee Avenue,Atlantic Avenue,Pennsylvania Avenue,Pennsylvania Railroad,Marvin Gardens,Oriental Avenue,Short Line Railroad,Boardwalk,
10,0,0,0,168,0,10,0,0,0,235,0,38,0,0,0,145,0,
Best: P1
4
Baltic Avenue,Connecticut Avenue,Tennessee Avenue,Reading Railroad,Ventnor Avenue,Water Works,
10,0,0,0,170,0,10,0,0,0,234,0,36,0,0,0,144,0,
Best: P1
4
Vermont Avenue,Indiana Avenue,New York Avenue,Ventnor Avenue,North Carolina Avenue,St. James Place,Electric Company,Reading Railroad,Tennessee Avenue,Pacific Avenue,Marvin Gardens,Baltic Avenue,Illinois Avenue,Connecticut Avenue,
10,0,0,0,170,0,10,0,0,0,234,0,36,0,0,0,144,0,
Best: P3
3
Electric Company,Marvin Gardens,Atlantic Avenue,Vermont Avenue,Pennsylvania Avenue,Reading Railroad,Kentucky Avenue,St. Charles Place,Illinois Avenue,Pacific Avenue,New York Avenue,Oriental Avenue,Mediterranean Avenue,Tennessee Avenue,
10,0,0,0,174,0,11,0,0,0,245,0,38,0,0,0,145,0,
Best: P2
3
Reading Railroad,States Avenue,Marvin Gardens,Illinois Avenue,Boardwalk,
10,0,0,0,159,0,10,0,0,0,245,0,38,0,0,0,140,0,
Best: P1
3
Water Works,Atlantic Avenue,Park Place,B & O Railroad,Pacific Avenue,Mediterranean Avenue,New York Avenue,Ventnor Avenue,North Carolina Avenue,Boardwalk,Connecticut Avenue,Kentucky Avenue,
10,0,0,0,159,0,10,0,0,0,247,0,36,0,0,0,144,0,
Best: P5
4
Pennsylvania Avenue,North Carolina Avenue,Connecticut Avenue,Water Works,B & O Railroad,Short Line Railroad,Indiana Avenue,Atlantic Avenue,Reading Railroad,St. Charles Place,Pacific Avenue,
10,0,0,0,161,0,10,0,0,0,240,0,34,0,0,0,141,0,
Best: P2
3
B & O Railroad,Baltic Avenue,Pacific Avenue,Short Line Railroad,Ventnor Avenue,St. Charles Place,Tennessee Avenue,Pennsylvania Avenue,Electric Company,Water Works,New York Avenue,Marvin Gardens,Indiana Avenue,Boardwalk,
10,0,0,0,155,0,10,0,0,0,242,0,36,0,0,0,146,0,
Best: P1
3
St. Charles Place,New York Avenue,B & O Railroad,Pennsylvania Avenue,St. James Place,North Carolina Avenue,Pennsylvania Railroad,Kentucky Avenue,Tennessee Avenue,Pacific Avenue,Mediterranean Avenue,Marvin Gardens,Park Place,Vermont Avenue,Virginia Avenue,Short Line Railroad,Ventnor Avenue,Oriental Avenue,
10,0,0,0,154,0,10,0,0,0,247,0,34,0,0,0,138,0,
Best: P1
3
New York Avenue,Baltic Avenue,Connecticut Avenue,Atlantic Avenue,Vermont Avenue,Virginia Avenue,States Avenue,Park Place,Oriental Avenue,Kentucky Avenue,
10,0,0,0,154,0,10,0,0,0,247,0,34,0,0,0,138,0,
Best: P2
4
Ventnor Avenue,Water Works,Pennsylvania Railroad,Oriental Avenue,Mediterranean Avenue,Short Line Railroad,Illinois Avenue,Marvin Gardens,Park Place,States Avenue,North Carolina Avenue,Baltic Avenue,Connecticut Avenue,Virginia Avenue,Tennessee Avenue,Kentucky Avenue,Pennsylvania Avenue,
10,0,0,0,154,0,10,0,0,0,235,0,36,0,0,0,147,0,
Best: P2
4
Virginia Avenue,Illinois Avenue,Marvin Gardens,Water Works,Kentucky Avenue,Pennsylvania Railroad,Oriental Avenue,Electric Company,New York Avenue,Ventnor Avenue,
10,0,0,0,154,0,10,0,0,0,235,0,36,0,0,0,147,0,
Best: P2
3
Tennessee Avenue,Indiana Avenue,Virginia Avenue,Atlantic Avenue,Water Works,B & O Railroad,Reading Railroad,New York Avenue,Ventnor Avenue,Oriental Avenue,States Avenue,Boardwalk,Illinois Avenue,Mediterranean Avenue,North Carolina Avenue,Pennsylvania Railroad,Park Place,
10,0,0,0,154,0,10,0,0,0,235,0,36,0,0,0,147,0,
Best: P2
3
Park Place,Tennessee Avenue,Atlantic Avenue,New York Avenue,Virginia Avenue,Vermont Avenue,B & O Railroad,Pacific Avenue,Marvin Gardens,Reading Railroad,Connecticut Avenue,Illinois Avenue,Short Line Railroad,Electric Company,
10,0,0,0,154,0,10,0,0,0,235,0,36,0,0,0,147,0,
Best: P2
4
Vermont Avenue,States Avenue,Pacific Avenue,Boardwalk,Pennsylvania Railroad,Oriental Avenue,Pennsylvania Avenue,Electric Company,
10,0,0,0,154,0,10,0,0,0,235,0,36,0,0,0,147,0,
Best: P2
4
Connecticut Avenue,St. James Place,Baltic Avenue,Electric Company,Water Works,St. Charles Place,Illinois Avenue,Park Place,Atlantic Avenue,Pacific Avenue,Indiana Avenue,Short Line Railroad,Kentucky Avenue,Vermont Avenue,B & O Railroad,Pennsylvania Railroad,Virginia Avenue,
10,0,0,0,154,0,10,0,0,0,235,0,36,0,0,0,147,0,
Best: P1
4
Vermont Avenue,Illinois Avenue,Pennsylvania Avenue,St. James Place,Atlantic Avenue,Water Works,Boardwalk,Pennsylvania Railroad,Marvin Gardens,Park Place,St. Charles Place,B & O Railroad,Pacific Avenue,Ventnor Avenue,Baltic Avenue,
10,0,0,0,149,0,10,0,0,0,247,0,36,0,0,0,151,0,
Best: P1
4
Electric Company,Pacific Avenue,B & O Railroad,Baltic Avenue,St. James Place,Indiana Avenue,Marvin Gardens,Ventnor Avenue,Park Place,New York Avenue,Kentucky Avenue,Reading Railroad,Pennsylvania Railroad,Illinois Avenue,North Carolina Avenue,Tennessee Avenue,Atlantic Avenue,States Avenue,
10,0,0,0,149,0,10,0,0,0,247,0,36,0,0,0,151,0,
Best: P2
3
Vermont Avenue,Tennessee Avenue,Kentucky Avenue,St. James Place,Connecticut Avenue,
10,0,0,0,147,0,10,0,0,0,229,0,37,0,0,0,155,0,
Best: P1
3
Indiana Avenue,Vermont Avenue,Ventnor Avenue,North Carolina Avenue,Boardwalk,Water Works,B & O Railroad,
10,0,0,0,148,0,11,0,0,0,249,0,37,0,0,0,159,0,
Best: P1
4
Reading Railroad,St. James Place,Indiana Avenue,B & O Railroad,Illinois Avenue,Pennsylvania Avenue,St. Charles Place,Virginia Avenue,
10,0,0,0,148,0,11,0,0,0,249,0,37,0,0,0,159,0,
Best: P2
4
Kentucky Avenue,Pennsylvania Avenue,Indiana Avenue,Ventnor Avenue,St. Charles Place,Park Place,
11,0,0,0,147,0,10,0,0,0,243,0,36,0,0,0,157,0,
Best: P2
3
Connecticut Avenue,Indiana Avenue,Tennessee Avenue,Illinois Avenue,New York Avenue,Ventnor Avenue,Pennsylvania Avenue,St. Charles Place,Pennsylvania Railroad,Reading Railroad,
11,0,0,0,147,0,10,0,0,0,243,0,36,0,0,0,157,0,
Best: P1
3
St. Charles Place,Mediterranean Avenue,Tennessee Avenue,Kentucky Avenue,States Avenue,Connecticut Avenue,Water Works,Indiana Avenue,
12,0,0,0,154,0,10,0,0,0,242,0,36,0,0,0,149,0,
Best: P1
3
Virginia Avenue,Boardwalk,Oriental Avenue,St. James Place,Baltic Avenue,Vermont Avenue,Kentucky Avenue,Marvin Gardens,Tennessee Avenue,Indiana Avenue,Park Place,Connecticut Avenue,
12,0,0,0,154,0,10,0,0,0,242,0,36,0,0,0,149,0,
Best: P2
4
Mediterranean Avenue,St. Charles Place,Pacific Avenue,Baltic Avenue,Tennessee Avenue,Ventnor Avenue,Virginia Avenue,Indiana Avenue,Illinois Avenue,North Carolina Avenue,Reading Railroad,Electric Company,New York Avenue,Pennsylvania Railroad,Pennsylvania Avenue,Oriental Avenue,Boardwalk,
12,0,0,0,152,0,10,0,0,0,244,0,35,0,0,0,154,0,
Best: P2
3
B & O Railroad,Park Place,Water Works,Short Line Railroad,Indiana Avenue,North Carolina Avenue,
12,0,0,0,152,0,10,0,0,0,244,0,35,0,0,0,154,0,
Best: P1
3
North Carolina Avenue,New York Avenue,Boardwalk,Oriental Avenue,Electric Company,B & O Railroad,
11,0,0,0,156,0,10,0,0,0,249,0,35,0,0,0,161,0,
Best: P1
3
States Avenue,Atlantic Avenue,Marvin Gardens,
11,0,0,0,156,0,10,0,0,0,249,0,35,0,0,0,161,0,
Best: P1
4
Short Line Railroad,St. Charles Place,St. James Place,Kentucky Avenue,States Avenue,B & O Railroad,Atlantic Avenue,Reading Railroad,Pennsylvania Railroad,Indiana Avenue,Marvin Gardens,Pacific Avenue,Pennsylvania Avenue,
11,0,0,0,156,0,10,0,0,0,249,0,35,0,0,0,161,0,
Best: P2
3
Connecticut Avenue,St. Charles Place,Marvin Gardens,B & O Railroad,Park Place,Kentucky Avenue,
11,0,0,0,157,0,10,0,0,0,237,0,35,0,0,0,153,0,
Best: P1
4
States Avenue,Tennessee Avenue,Atlantic Avenue,Marvin Gardens,North Carolina Avenue,Connecticut Avenue,Virginia Avenue,Pennsylvania Railroad,Reading Railroad,Mediterranean Avenue,
11,0,0,0,159,0,10,0,0,0,245,0,35,0,0,0,155,0,
Best: P1
3
Electric Company,New York Avenue,Pacific Avenue,Mediterranean Avenue,St. James Place,Connecticut Avenue,Atlantic Avenue,Virginia Avenue,Pennsylvania Railroad,Oriental Avenue,Short Line Railroad,Tennessee Avenue,Park Place,North Carolina Avenue,
11,0,0,0,159,0,10,0,0,0,245,0,35,0,0,0,155,0,
Best: P2
3
Short Line Railroad,Boardwalk,Electric Company,Ventnor Avenue,Pennsylvania Railroad,Pacific Avenue,Mediterranean Avenue,North Carolina Avenue,Connecticut Avenue,Tennessee Avenue,New York Avenue,
12,0,0,0,161,0,11,0,0,0,235,0,35,0,0,0,153,0,
Best: P1
4
B & O Railroad,Reading Railroad,Vermont Avenue,Electric Company,Illinois Avenue,Connecticut Avenue,St. James Place,Marvin Gardens,Boardwalk,Oriental Avenue,Kentucky Avenue,Water Works,New York Avenue,Ventnor Avenue,States Avenue,
11,0,0,0,160,0,10,0,0,0,244,0,34,0,0,0,152,0,
Best: P1
4
Oriental Avenue,New York Avenue,Park Place,St. Charles Place,Tennessee Avenue,Reading Railroad,Connecticut Avenue,Pacific Avenue,Mediterranean Avenue,Vermont Avenue,Kentucky Avenue,Pennsylvania Avenue,Short Line Railroad,Indiana Avenue,Pennsylvania Railroad,B & O Railroad,Baltic Avenue,North Carolina Avenue,
11,0,0,0,160,0,10,0,0,0,244,0,34,0,0,0,152,0,
Best: P1
4
Tennessee Avenue,Reading Railroad,St. Charles Place,Virginia Avenue,Water Works,Pacific Avenue,Boardwalk,Park Place,Kentucky Avenue,Baltic Avenue,Electric Company,Indiana Avenue,Short Line Railroad,St. James Place,Vermont Avenue,
11,0,0,0,160,0,10,0,0,0,244,0,34,0,0,0,152,0,
Best: P1
3
Water Works,St. Charles Place,Marvin Gardens,Vermont Avenue,Boardwalk,Baltic Avenue,Kentucky Avenue,North Carolina Avenue,Park Place,Pacific Avenue,Illinois Avenue,States Avenue,Reading Railroad,Short Line Railroad,Mediterranean Avenue,Atlantic Avenue,
11,0,0,0,160,0,10,0,0,0,244,0,34,0,0,0,152,0,
Best: P2
3
States Avenue,Baltic Avenue,Atlantic Avenue,Pennsylvania Railroad,Virginia Avenue,North Carolina Avenue,Electric Company,Kentucky Avenue,Pacific Avenue,Short Line Railroad,Ventnor Avenue,Pennsylvania Avenue,St. James Place,
11,0,0,0,152,0,10,0,0,0,254,0,34,0,0,0,157,0,
Best: P2
3
St. James Place,New York Avenue,Electric Company,Short Line Railroad,St. Charles Place,Tennessee Avenue,B & O Railroad,
11,0,0,0,152,0,10,0,0,0,254,0,34,0,0,0,157,0,
Best: P2
4
St. Charles Place,Atlantic Avenue,Pacific Avenue,Indiana Avenue,Park Place,Illinois Avenue,North Carolina Avenue,
11,0,0,0,152,0,10,0,0,0,254,0,34,0,0,0,157,0,
Best: P1
3
Water Works,Oriental Avenue,Short Line Railroad,Vermont Avenue,Reading Railroad,New York Avenue,Pennsylvania Railroad,Pacific Avenue,Indiana Avenue,States Avenue,Tennessee Avenue,Illinois Avenue,Electric Company,Marvin Gardens,Ventnor Avenue,Atlantic Avenue,North Carolina Avenue,Baltic Avenue,St. Charles Place,Boardwalk,Connecticut Avenue,Pennsylvania Avenue,
11,0,0,0,158,0,10,0,0,0,241,0,32,0,0,0,148,0,
Best: P2
4
Ventnor Avenue,Park Place,Virginia Avenue,Vermont Avenue,Oriental Avenue,Short Line Railroad,Boardwalk,St. Charles Place,Mediterranean Avenue,Water Works,B & O Railroad,New York Avenue,Atlantic Avenue,Reading Railroad,
11,0,0,0,156,0,11,0,0,0,259,0,35,0,0,0,145,0,
Best: P2
4
Tennessee Avenue,Mediterranean Avenue,Illinois Avenue,Baltic Avenue,Oriental Avenue,Indiana Avenue,Boardwalk,Reading Railroad,Ventnor Avenue,Water Works,Connecticut Avenue,Kentucky Avenue,
11,0,0,0,156,0,11,0,0,0,259,0,35,0,0,0,145,0,
Best: P2
3
Pennsylvania Railroad,Water Works,Pennsylvania Avenue,New York Avenue,St. Charles Place,Ventnor Avenue,St. James Place,Kentucky Avenue,Boardwalk,Oriental Avenue,Pacific Avenue,Indiana Avenue,Illinois Avenue,
11,0,0,0,156,0,11,0,0,0,259,0,35,0,0,0,145,0,
Best: P1
3
Short Line Railroad,Electric Company,New York Avenue,Indiana Avenue,Reading Railroad,Tennessee Avenue,Park Place,Baltic Avenue,Pennsylvania Avenue,Virginia Avenue,Illinois Avenue,St. James Place,
11,0,0,0,156,0,10,0,0,0,239,0,34,0,0,0,136,0,
Best: P2
3
Electric Company,Tennessee Avenue,Indiana Avenue,Water Works,Park Place,Pacific Avenue,St. James Place,Kentucky Avenue,States Avenue,Ventnor Avenue,Connecticut Avenue,Illinois Avenue,
12,0,0,0,162,0,10,0,0,0,239,0,32,0,0,0,141,0,
Best: P2
3
Tennessee Avenue,Kentucky Avenue,Vermont Avenue,Mediterranean Avenue,St. Charles Place,Water Works,Ventnor Avenue,Baltic Avenue,St. James Place,Marvin Gardens,Park Place,Illinois Avenue,Pennsylvania Avenue,Pennsylvania Railroad,Electric Company,
12,0,0,0,162,0,10,0,0,0,239,0,32,0,0,0,141,0,
Best: P1
4
Water Works,Kentucky Avenue,St. James Place,Pacific Avenue,Mediterranean Avenue,Pennsylvania Railroad,Marvin Gardens,Illinois Avenue,Oriental Avenue,Indiana Avenue,St. Charles Place,Tennessee Avenue,Baltic Avenue,
11,0,0,0,162,0,11,0,0,0,252,0,32,0,0,0,137,0,
Best: P1
4
Virginia Avenue,B & O Railroad,Ventnor Avenue,St. James Place,Short Line Railroad,Pennsylvania Avenue,Baltic Avenue,Reading Railroad,North Carolina Avenue,Connecticut Avenue,Vermont Avenue,Mediterranean Avenue,Atlantic Avenue,Pennsylvania Railroad,Boardwalk,Illinois Avenue,
11,0,0,0,162,0,11,0,0,0,252,0,32,0,0,0,137,0,
Best: P1
3
States Avenue,B & O Railroad,Mediterranean Avenue,Tennessee Avenue,Ventnor Avenue,Kentucky Avenue,Reading Railroad,Pacific Avenue,Marvin Gardens,Illinois Avenue,Short Line Railroad,Boardwalk,Oriental Avenue,Water Works,
11,0,0,0,162,0,11,0,0,0,252,0,32,0,0,0,137,0,
Best: P1
3
Virginia Avenue,Water Works,Reading Railroad,States Avenue,B & O Railroad,Illinois Avenue,Ventnor Avenue,Short Line Railroad,Indiana Avenue,North Carolina Avenue,St. Charles Place,New York Avenue,Marvin Gardens,Atlantic Avenue,
11,0,0,0,162,0,11,0,0,0,252,0,32,0,0,0,137,0,
Best: P2
3
Baltic Avenue,St. Charles Place,Tennessee Avenue,New York Avenue,Marvin Gardens,St. James Place,Boardwalk,
11,0,0,0,155,0,10,0,0,0,267,0,31,0,0,0,128,0,
Best: P2
4
Tennessee Avenue,Boardwalk,Vermont Avenue,Pacific Avenue,Indiana Avenue,Marvin Gardens,States Avenue,Connecticut Avenue,Atlantic Avenue,Oriental Avenue,New York Avenue,Pennsylvania Avenue,Kentucky Avenue,
11,0,0,0,155,0,10,0,0,0,267,0,31,0,0,0,128,0,
Best: P2
3
Tennessee Avenue,Illinois Avenue,Ventnor Avenue,Water Works,Indiana Avenue,B & O Railroad,Vermont Avenue,Mediterranean Avenue,Short Line Railroad,Connecticut Avenue,Pennsylvania Avenue,Electric Company,Atlantic Avenue,Pacific Avenue,
11,0,0,0,155,0,10,0,0,0,267,0,31,0,0,0,128,0,
Best: P2
4
Pennsylvania Avenue,Tennessee Avenue,States Avenue,Kentucky Avenue,New York Avenue,Park Place,Electric Company,North Carolina Avenue,St. Charles Place,Boardwalk,Atlantic Avenue,Water Works,
11,0,0,0,155,0,10,0,0,0,267,0,31,0,0,0,128,0,
Best: P1
4
Oriental Avenue,Atlantic Avenue,Vermont Avenue,Ventnor Avenue,Indiana Avenue,Virginia Avenue,Illinois Avenue,North Carolina Avenue,Pacific Avenue,Park Place,Marvin Gardens,Kentucky Avenue,New York Avenue,Pennsylvania Avenue,
11,0,0,0,159,0,10,0,0,0,263,0,31,0,0,0,128,0,
Best: P1
4
Reading Railroad,Connecticut Avenue,Indiana Avenue,Pennsylvania Avenue,Pennsylvania Railroad,Mediterranean Avenue,States Avenue,
11,0,0,0,159,0,10,0,0,0,263,0,31,0,0,0,128,0,
Best: P2
4
Baltic Avenue,Indiana Avenue,Connecticut Avenue,Ventnor Avenue,Electric Company,St. James Place,Boardwalk,Virginia Avenue,Pennsylvania Railroad,
11,0,0,0,165,0,10,0,0,0,264,0,30,0,0,0,123,0,
Best: P1
3
Marvin Gardens,Ventnor Avenue,North Carolina Avenue,Pennsylvania Avenue,Vermont Avenue,
10,0,0,0,158,0,10,0,0,0,270,0,29,0,0,0,127,0,
Best: P2
4
New York Avenue,North Carolina Avenue,Ventnor Avenue,Park Place,Illinois Avenue,Mediterranean Avenue,B & O Railroad,Water Works,
10,0,0,0,161,0,10,0,0,0,275,0,29,0,0,0,118,0,
Best: P2
4
Connecticut Avenue,Tennessee Avenue,Ventnor Avenue,North Carolina Avenue,Kentucky Avenue,Virginia Avenue,Indiana Avenue,B & O Railroad,Short Line Railroad,Marvin Gardens,Pennsylvania Railroad,Baltic Avenue,Pennsylvania Avenue,St. Charles Place,Boardwalk,Water Works,
10,0,0,0,161,0,10,0,0,0,275,0,29,0,0,0,118,0,
Best: P2
3
Electric Company,Tennessee Avenue,Baltic Avenue,North Carolina Avenue,Vermont Avenue,St. Charles Place,Virginia Avenue,Atlantic Avenue,Ventnor Avenue,Pennsylvania Railroad,Illinois Avenue,Boardwalk,New York Avenue,
10,0,0,0,161,0,10,0,0,0,275,0,29,0,0,0,118,0,
Best: P2
4
Kentucky Avenue,Water Works,Vermont Avenue,Tennessee Avenue,Park Place,Reading Railroad,St. James Place,Boardwalk,Electric Company,St. Charles Place,Illinois Avenue,Virginia Avenue,Baltic Avenue,North Carolina Avenue,Pennsylvania Avenue,
10,0,0,0,161,0,10,0,0,0,275,0,29,0,0,0,118,0,
Best: P2
4
Connecticut Avenue,St. Charles Place,Kentucky Avenue,Tennessee Avenue,Mediterranean Avenue,Vermont Avenue,St. James Place,New York Avenue,Short Line Railroad,Electric Company,Pacific Avenue,Park Place,Reading Railroad,Boardwalk,Virginia Avenue,Illinois Avenue,Marvin Gardens,Indiana Avenue,Baltic Avenue,
10,0,0,0,161,0,10,0,0,0,275,0,29,0,0,0,118,0,
Best: P1
3
Vermont Avenue,Illinois Avenue,Pennsylvania Avenue,Pacific Avenue,Baltic Avenue,Atlantic Avenue,St. James Place,North Carolina Avenue,Mediterranean Avenue,Pennsylvania Railroad,
10,0,0,0,161,0,10,0,0,0,268,0,29,0,0,0,113,0,
Best: P1
4
Electric Company,Connecticut Avenue,Pennsylvania Railroad,B & O Railroad,North Carolina Avenue,Short Line Railroad,Marvin Gardens,Kentucky Avenue,Mediterranean Avenue,Indiana Avenue,Vermont Avenue,Illinois Avenue,St. James Place,Pacific Avenue,
10,0,0,0,161,0,10,0,0,0,268,0,29,0,0,0,113,0,
Best: P2
3
Atlantic Avenue,Pennsylvania Railroad,Illinois Avenue,North Carolina Avenue,Boardwalk,Park Place,Kentucky Avenue,Pennsylvania Avenue,Pacific Avenue,
10,0,0,0,161,0,10,0,0,0,260,0,27,0,0,0,119,0,
Best: P2
3
States Avenue,Illinois Avenue,Park Place,Indiana Avenue,Short Line Railroad,B & O Railroad,Marvin Gardens,St. James Place,Electric Company,St. Charles Place,Oriental Avenue,Baltic Avenue,
10,0,0,0,161,0,10,0,0,0,260,0,27,0,0,0,119,0,
Best: P1
3
St. James Place,Connecticut Avenue,New York Avenue,B & O Railroad,Pennsylvania Avenue,Atlantic Avenue,Baltic Avenue,
10,0,0,0,155,0,10,0,0,0,255,0,28,0,0,0,116,0,
Best: P1
4
Vermont Avenue,Illinois Avenue,Park Place,North Carolina Avenue,Marvin Gardens,B & O Railroad,Boardwalk,New York Avenue,Mediterranean Avenue,Electric Company,
10,0,0,0,155,0,10,0,0,0,255,0,28,0,0,0,116,0,
Best: P1
3
States Avenue,St. Charles Place,Ventnor Avenue,Mediterranean Avenue,Vermont Avenue,St. James Place,Atlantic Avenue,Virginia Avenue,Tennessee Avenue,Illinois Avenue,Marvin Gardens,Baltic Avenue,North Carolina Avenue,Electric Company,
10,0,0,0,155,0,10,0,0,0,255,0,28,0,0,0,116,0,
Best: P1
4
Pennsylvania Railroad,North Carolina Avenue,Baltic Avenue,Water Works,Vermont Avenue,
10,0,0,0,155,0,10,0,0,0,255,0,28,0,0,0,116,0,
Best: P1
3
Kentucky Avenue,North Carolina Avenue,Park Place,St. Charles Place,B & O Railroad,Virginia Avenue,Atlantic Avenue,Indiana Avenue,Pennsylvania Railroad,Water Works,Vermont Avenue,Illinois Avenue,Short Line Railroad,Reading Railroad,Ventnor Avenue,Pennsylvania Avenue,Oriental Avenue,
10,0,0,0,155,0,10,0,0,0,255,0,28,0,0,0,116,0,
Best: P2
3
Vermont Avenue,States Avenue,Oriental Avenue,B & O Railroad,Pacific Avenue,Boardwalk,New York Avenue,Ventnor Avenue,Indiana Avenue,Marvin Gardens,Virginia Avenue,North Carolina Avenue,St. Charles Place,
10,0,0,0,159,0,10,0,0,0,243,0,26,0,0,0,117,0,
Best: P2
4
Virginia Avenue,Indiana Avenue,Vermont Avenue,States Avenue,Boardwalk,Illinois Avenue,North Carolina Avenue,Pennsylvania Avenue,New York Avenue,Ventnor Avenue,Tennessee Avenue,Connecticut Avenue,Park Place,Atlantic Avenue,Mediterranean Avenue,
10,0,0,0,159,0,10,0,0,0,243,0,26,0,0,0,117,0,
Best: P2
4
Pennsylvania Railroad,Illinois Avenue,Water Works,Virginia Avenue,Mediterranean Avenue,States Avenue,
10,0,0,0,159,0,10,0,0,0,243,0,26,0,0,0,117,0,
Best: P1
4
Baltic Avenue,Virginia Avenue,Indiana Avenue,Pennsylvania Railroad,Ventnor Avenue,Connecticut Avenue,St. James Place,Kentucky Avenue,Mediterranean Avenue,Vermont Avenue,Reading Railroad,Illinois Avenue,Park Place,St. Charles Place,
11,0,0,0,148,0,10,0,0,0,247,0,25,0,0,0,115,0,
Best: P1
3
New York Avenue,Oriental Avenue,Kentucky Avenue,Boardwalk,St. Charles Place,Electric Company,Connecticut Avenue,Baltic Avenue,Pacific Avenue,Illinois Avenue,St. James Place,Pennsylvania Railroad,Park Place,
11,0,0,0,148,0,10,0,0,0,247,0,25,0,0,0,115,0,
Best: P2
4
Pacific Avenue,Reading Railroad,B & O Railroad,Water Works,Pennsylvania Avenue,States Avenue,Park Place,Virginia Avenue,Mediterranean Avenue,Oriental Avenue,Connecticut Avenue,Electric Company,Tennessee Avenue,Kentucky Avenue,Short Line Railroad,North Carolina Avenue,St. Charles Place,Atlantic Avenue,
10,0,0,0,154,0,10,0,0,0,262,0,24,0,0,0,113,0,
Best: P1
3
Vermont Avenue,Pennsylvania Railroad,Boardwalk,Baltic Avenue,Pennsylvania Avenue,Marvin Gardens,St. James Place,Short Line Railroad,Park Place,
10,0,0,0,143,0,10,0,0,0,246,0,24,0,0,0,118,0,
Best: P2
3
Pennsylvania Railroad,States Avenue,Baltic Avenue,Kentucky Avenue,Connecticut Avenue,Water Works,Electric Company,New York Avenue,Reading Railroad,Ventnor Avenue,Tennessee Avenue,B & O Railroad,Pacific Avenue,Marvin Gardens,Pennsylvania Avenue,North Carolina Avenue,Oriental Avenue,Boardwalk,
10,0,0,0,153,0,10,0,0,0,256,0,25,0,0,0,119,0,
Best: P2
4
Water Works,St. Charles Place,Atlantic Avenue,Ventnor Avenue,Pennsylvania Avenue,Mediterranean Avenue,Electric Company,Baltic Avenue,Connecticut Avenue,Tennessee Avenue,Indiana Avenue,Reading Railroad,Vermont Avenue,
10,0,0,0,153,0,10,0,0,0,256,0,25,0,0,0,119,0,
Best: P1
4
Oriental Avenue,Connecticut Avenue,States Avenue,Water Works,Pacific Avenue,
10,0,0,0,150,0,10,0,0,0,248,0,23,0,0,0,110,0,
Best: P3
4
Marvin Gardens,Kentucky Avenue,Pennsylvania Avenue,New York Avenue,Ventnor Avenue,Pennsylvania Railroad,Pacific Avenue,Park Place,
10,0,0,0,152,0,10,0,0,0,240,0,23,0,0,0,112,0,
Best: P2
4
Park Place,Atlantic Avenue,North Carolina Avenue,Mediterranean Avenue,Virginia Avenue,B & O Railroad,
10,0,0,0,147,0,10,0,0,0,262,0,22,0,0,0,116,0,
Best: P1
3
St. James Place,Atlantic Avenue,Reading Railroad,Illinois Avenue,Mediterranean Avenue,St. Charles Place,Water Works,Short Line Railroad,North Carolina Avenue,Electric Company,Vermont Avenue,Indiana Avenue,Virginia Avenue,
10,0,0,0,150,0,10,0,0,0,249,0,24,0,0,0,114,0,
Best: P1
4
Ventnor Avenue,Connecticut Avenue,Tennessee Avenue,Kentucky Avenue,Vermont Avenue,States Avenue,
10,0,0,0,150,0,10,0,0,0,249,0,24,0,0,0,114,0,
Best: P1
3
Pennsylvania Railroad,Kentucky Avenue,Pennsylvania Avenue,Illinois Avenue,Park Place,Marvin Gardens,St. James Place,Connecticut Avenue,Electric Company,Pacific Avenue,Short Line Railroad,Reading Railroad,
10,0,0,0,150,0,10,0,0,0,249,0,24,0,0,0,114,0,
Best: P2
4
B & O Railroad,Mediterranean Avenue,Virginia Avenue,Illinois Avenue,Boardwalk,
10,0,0,0,147,0,10,0,0,0,237,0,23,0,0,0,107,0,
Best: P1
3
States Avenue,Pacific Avenue,Connecticut Avenue,Electric Company,St. James Place,Ventnor Avenue,Vermont Avenue,Water Works,Pennsylvania Railroad,Boardwalk,Baltic Avenue,New York Avenue,Marvin Gardens,
10,0,0,0,146,0,10,0,0,0,252,0,22,0,0,0,110,0,
Best: P2
3
North Carolina Avenue,Atlantic Avenue,Short Line Railroad,Ventnor Avenue,Pennsylvania Railroad,Illinois Avenue,Pacific Avenue,Baltic Avenue,Park Place,Electric Company,Kentucky Avenue,Pennsylvania Avenue,New York Avenue,Boardwalk,St. James Place,Vermont Avenue,Mediterranean Avenue,
10,0,0,0,140,0,10,0,0,0,251,0,22,0,0,0,105,0,
Best: P2
4
Water Works,Electric Company,New York Avenue,Mediterranean Avenue,Virginia Avenue,St. Charles Place,Short Line Railroad,Pacific Avenue,Atlantic Avenue,States Avenue,Boardwalk,
10,0,0,0,140,0,10,0,0,0,251,0,22,0,0,0,105,0,
Best: P2
4
Illinois Avenue,North Carolina Avenue,Reading Railroad,States Avenue,New York Avenue,Connecticut Avenue,Tennessee Avenue,Baltic Avenue,Indiana Avenue,Pennsylvania Avenue,Virginia Avenue,Atlantic Avenue,
10,0,0,0,140,0,10,0,0,0,251,0,22,0,0,0,105,0,
Best: P2
3
Atlantic Avenue,New York Avenue,Tennessee Avenue,B & O Railroad,Pacific Avenue,Boardwalk,Electric Company,Water Works,Vermont Avenue,Ventnor Avenue,Oriental Avenue,Illinois Avenue,
10,0,0,0,140,0,10,0,0,0,251,0,22,0,0,0,105,0,
Best: P2
4
States Avenue,Kentucky Avenue,B & O Railroad,Illinois Avenue,Electric Company,Ventnor Avenue,Oriental Avenue,Virginia Avenue,Pennsylvania Avenue,Tennessee Avenue,Atlantic Avenue,Short Line Railroad,Connecticut Avenue,Pacific Avenue,
10,0,0,0,140,0,10,0,0,0,251,0,22,0,0,0,105,0,
Best: P1
3
St. James Place,B & O Railroad,St. Charles Place,Boardwalk,Ventnor Avenue,Pacific Avenue,Park Place,Baltic Avenue,Illinois Avenue,Mediterranean Avenue,New York Avenue,Vermont Avenue,Pennsylvania Railroad,Atlantic Avenue,Indiana Avenue,Reading Railroad,Short Line Railroad,
10,0,0,0,142,0,10,0,0,0,243,0,23,0,0,0,109,0,
Best: P1
4
Tennessee Avenue,Boardwalk,Illinois Avenue,Kentucky Avenue,
10,0,0,0,142,0,10,0,0,0,243,0,23,0,0,0,109,0,
Best: P1
3
Pennsylvania Railroad,Illinois Avenue,States Avenue,Marvin Gardens,Pennsylvania Avenue,
10,0,0,0,142,0,10,0,0,0,243,0,23,0,0,0,109,0,
Best: P1
4
Reading Railroad,St. James Place,Tennessee Avenue,Ventnor Avenue,Marvin Gardens,Boardwalk,Connecticut Avenue,Mediterranean Avenue,Vermont Avenue,North Carolina Avenue,B & O Railroad,Water Works,St. Charles Place,
10,0,0,0,142,0,10,0,0,0,243,0,23,0,0,0,109,0,
Best: P1
3
Kentucky Avenue,Reading Railroad,St. Charles Place,St. James Place,Virginia Avenue,Vermont Avenue,Illinois Avenue,Electric Company,Park Place,Baltic Avenue,Pennsylvania Avenue,Boardwalk,Water Works,Short Line Railroad,
10,0,0,0,142,0,10,0,0,0,243,0,23,0,0,0,109,0,
Best: P2
4
B & O Railroad,Oriental Avenue,Illinois Avenue,Marvin Gardens,Boardwalk,Vermont Avenue,Indiana Avenue,St. James Place,Connecticut Avenue,Pacific Avenue,Virginia Avenue,Ventnor Avenue,Tennessee Avenue,Kentucky Avenue,
10,0,0,0,136,0,10,0,0,0,235,0,24,0,0,0,112,0,
Best: P2
3
Atlantic Avenue,Pennsylvania Avenue,Reading Railroad,States Avenue,B & O Railroad,New York Avenue,Electric Company,Indiana Avenue,Connecticut Avenue,Vermont Avenue,Baltic Avenue,Mediterranean Avenue,Pennsylvania Railroad,Park Place,
10,0,0,0,136,0,10,0,0,0,235,0,24,0,0,0,112,0,
