300
50
Best: P36
42
B & O Railroad,Reading Railroad,Connecticut Avenue,Virginia Avenue,Tennessee Avenue,States Avenue,Electric Company,Vermont Avenue,St. Charles Place,Short Line Railroad,Baltic Avenue,Park Place,
35,75,43,88,20,9,76,23,57,55,51,22,80,51,5,60,22,56,39,85,58,2,23,93,24,78,24,1,48,54,84,376,5,89,45,36,68,46,38,66,0,60,46,17,25,84,99,63,57,70,81,7,57,68,53,33,79,80,50,65,73,23,94,79,223,3,5,54,26,33,99,74,15,75,24,92,8,10,20,0,2,23,21,9,39,59,81,18,72,18,75,43,48,72,22,30,94,368,0,
Best: P47
40
Vermont Avenue,Water Works,North Carolina Avenue,Pacific Avenue,Baltic Avenue,St. James Place,Connecticut Avenue,Pennsylvania Railroad,Illinois Avenue,Kentucky Avenue,
26,58,54,35,15,34,43,59,46,88,55,57,80,100,14,84,28,41,37,58,33,26,54,100,10,71,17,24,48,46,84,335,6,75,43,39,73,40,69,37,53,51,48,28,49,57,50,34,45,31,49,48,43,48,41,70,58,44,17,67,29,20,41,49,167,3,66,53,31,35,34,76,27,60,34,100,16,29,34,27,2,67,26,28,58,48,77,17,59,65,80,75,33,46,7,54,100,158,0,
Best: P44
36
Pennsylvania Avenue,St. Charles Place,North Carolina Avenue,Mediterranean Avenue,Pennsylvania Railroad,States Avenue,Water Works,
57,54,67,39,17,36,45,34,50,87,36,55,79,84,13,49,27,38,48,41,21,14,43,48,36,60,26,21,24,20,86,339,2,100,44,41,40,26,100,26,28,42,49,32,26,58,67,39,49,28,51,31,48,50,49,41,58,32,30,66,65,12,79,43,245,2,57,59,32,18,60,62,32,32,28,85,10,27,40,29,39,62,32,29,48,70,81,32,69,66,100,68,22,47,13,75,41,209,0,
Best: P41
34
Reading Railroad,Water Works,Pennsylvania Avenue,North Carolina Avenue,Baltic Avenue,
36,87,54,38,18,32,63,48,24,84,45,50,95,100,35,63,29,53,29,29,27,20,26,81,39,60,37,11,30,11,97,318,2,62,34,20,42,64,44,38,33,25,54,32,52,37,44,20,33,27,52,25,28,47,52,81,68,55,18,58,30,15,100,20,100,1,51,47,20,10,53,96,19,45,18,100,21,53,29,31,23,43,35,21,44,84,74,16,63,76,96,85,32,45,7,70,77,227,0,
Best: P47
34
Short Line Railroad,Tennessee Avenue,Baltic Avenue,States Avenue,Indiana Avenue,Pennsylvania Railroad,Virginia Avenue,Electric Company,Marvin Gardens,Ventnor Avenue,St. James Place,
56,92,28,56,20,34,30,45,58,63,54,51,88,100,20,47,25,34,27,42,22,11,62,100,40,50,40,13,27,27,86,596,1,44,25,53,57,69,35,29,37,22,48,35,36,44,41,14,56,20,37,45,42,78,24,87,99,35,16,94,58,7,97,49,207,0,30,75,25,19,47,99,27,29,21,62,13,43,53,31,10,52,28,31,52,74,91,17,34,68,70,96,49,34,5,48,67,203,0,
Best: P47
44
Electric Company,Illinois Avenue,Indiana Avenue,Pennsylvania Railroad,Baltic Avenue,Reading Railroad,Kentucky Avenue,Park Place,Mediterranean Avenue,New York Avenue,
56,92,28,56,20,34,30,45,58,63,54,51,88,100,20,47,25,34,27,42,22,11,62,100,40,50,40,13,27,27,86,596,1,44,25,53,57,69,35,29,37,22,48,35,36,44,41,14,56,20,37,45,42,78,24,87,99,35,16,94,58,7,97,49,207,0,30,75,25,19,47,99,27,29,21,62,13,43,53,31,10,52,28,31,52,74,91,17,34,68,70,96,49,34,5,48,67,203,0,
Best: P45
43
Electric Company,Short Line Railroad,Virginia Avenue,St. Charles Place,Pennsylvania Railroad,Vermont Avenue,B & O Railroad,Indiana Avenue,Connecticut Avenue,Illinois Avenue,
63,78,68,76,20,17,16,49,26,84,26,22,100,44,25,70,29,28,22,29,30,13,37,59,21,38,63,19,24,37,53,600,0,54,26,47,26,100,58,22,56,22,30,27,29,46,30,23,43,11,24,40,49,100,34,44,70,32,23,58,77,6,100,32,155,0,35,84,16,17,72,92,26,33,8,30,12,42,50,37,12,59,18,36,62,40,100,17,22,52,79,100,59,58,4,34,49,289,0,
Best: P45
36
Electric Company,Mediterranean Avenue,B & O Railroad,Baltic Avenue,Short Line Railroad,Illinois Avenue,Kentucky Avenue,New York Avenue,Pennsylvania Railroad,St. James Place,Ventnor Avenue,Indiana Avenue,Marvin Gardens,Tennessee Avenue,
63,78,68,76,20,17,16,49,26,84,26,22,100,44,25,70,29,28,22,29,30,13,37,59,21,38,63,19,24,37,53,600,0,54,26,47,26,100,58,22,56,22,30,27,29,46,30,23,43,11,24,40,49,100,34,44,70,32,23,58,77,6,100,32,155,0,35,84,16,17,72,92,26,33,8,30,12,42,50,37,12,59,18,36,62,40,100,17,22,52,79,100,59,58,4,34,49,289,0,
Best: P36
34
Electric Company,Water Works,Ventnor Avenue,St. Charles Place,B & O Railroad,Park Place,Indiana Avenue,Illinois Avenue,Boardwalk,
61,48,62,100,14,29,37,67,63,100,18,27,88,46,45,44,40,20,22,16,12,15,23,70,49,45,35,26,15,49,33,972,0,32,30,45,60,81,35,18,30,15,65,32,37,30,39,19,42,8,10,25,58,71,28,79,100,52,15,27,89,5,100,34,241,0,26,92,13,15,64,100,16,22,10,58,10,34,73,40,16,85,13,19,24,44,100,19,42,41,85,100,78,69,1,31,35,224,0,
Best: P24
33
Electric Company,Water Works,Baltic Avenue,Ventnor Avenue,States Avenue,Park Place,Reading Railroad,Oriental Avenue,Tennessee Avenue,Atlantic Avenue,B & O Railroad,Illinois Avenue,Mediterranean Avenue,Indiana Avenue,Boardwalk,North Carolina Avenue,Pennsylvania Avenue,
67,44,47,100,9,10,25,31,29,100,28,33,100,50,20,30,25,24,24,16,9,8,25,86,36,48,55,15,19,35,52,1020,0,42,31,34,45,93,59,16,37,25,41,29,36,69,24,33,36,12,27,34,28,62,39,39,100,64,9,43,100,3,47,43,146,0,42,66,10,9,36,99,23,24,8,63,7,25,53,49,15,68,20,22,44,22,93,27,39,32,79,55,66,64,1,52,86,381,0,
Best: P3
34
Pennsylvania Railroad,Indiana Avenue,Boardwalk,States Avenue,Short Line Railroad,Illinois Avenue,B & O Railroad,St. Charles Place,Pacific Avenue,Reading Railroad,
94,66,76,100,9,9,19,37,52,76,19,34,48,71,36,28,30,27,28,14,11,6,14,48,22,19,59,29,13,34,49,1134,0,52,23,36,32,76,34,31,26,17,81,34,55,80,41,30,26,9,30,44,34,42,32,65,54,40,31,31,100,2,44,33,191,0,38,62,8,6,50,64,17,30,12,37,6,30,37,26,21,33,16,13,47,32,70,14,43,65,85,63,46,25,1,57,29,529,0,
Best: P7
33
St. Charles Place,Tennessee Avenue,B & O Railroad,Indiana Avenue,Illinois Avenue,Electric Company,States Avenue,Kentucky Avenue,New York Avenue,Park Place,Reading Railroad,Pennsylvania Avenue,North Carolina Avenue,Virginia Avenue,Pennsylvania Railroad,Mediterranean Avenue,St. James Place,
91,76,75,60,5,7,13,77,34,40,23,43,61,76,18,54,23,21,25,15,14,5,19,45,27,52,55,24,22,22,19,1511,0,32,17,32,47,51,39,24,20,8,44,18,54,62,43,27,59,18,23,33,34,68,39,44,61,71,24,27,100,2,96,50,76,0,46,42,8,5,24,91,33,34,5,57,5,31,60,47,16,30,10,10,39,16,100,17,43,52,100,63,73,37,0,57,17,556,0,
Best: P2
39
Indiana Avenue,North Carolina Avenue,Illinois Avenue,St. James Place,Pennsylvania Avenue,Boardwalk,Pacific Avenue,Water Works,Oriental Avenue,
78,81,81,75,4,14,14,84,32,58,15,24,62,81,29,37,22,15,24,13,10,8,14,50,18,39,54,30,13,24,39,1664,0,45,9,39,50,50,47,21,26,21,83,19,53,91,41,18,50,14,24,34,25,36,22,26,58,59,24,39,93,1,78,40,150,0,44,84,4,6,28,100,17,14,5,38,7,22,70,44,19,30,11,11,40,29,100,25,36,42,99,64,74,65,0,22,38,527,0,
Best: P2
41
St. Charles Place,Indiana Avenue,Mediterranean Avenue,B & O Railroad,Illinois Avenue,Water Works,Tennessee Avenue,North Carolina Avenue,Pacific Avenue,Boardwalk,Park Place,Vermont Avenue,States Avenue,Virginia Avenue,Ventnor Avenue,Baltic Avenue,Pennsylvania Avenue,Marvin Gardens,
78,81,81,75,4,14,14,84,32,58,15,24,62,81,29,37,22,15,24,13,10,8,14,50,18,39,54,30,13,24,39,1664,0,45,9,39,50,50,47,21,26,21,83,19,53,91,41,18,50,14,24,34,25,36,22,26,58,59,24,39,93,1,78,40,150,0,44,84,4,6,28,100,17,14,5,38,7,22,70,44,19,30,11,11,40,29,100,25,36,42,99,64,74,65,0,22,38,527,0,
Best: P3
44
Park Place,B & O Railroad,Mediterranean Avenue,Electric Company,Ventnor Avenue,Boardwalk,Virginia Avenue,Pennsylvania Railroad,
85,93,84,99,3,15,16,48,40,47,20,26,41,66,17,31,28,7,24,13,7,10,24,26,29,65,94,26,15,19,34,2774,0,80,19,33,56,71,75,25,33,15,100,16,58,67,39,9,31,15,15,20,35,37,23,48,59,60,28,35,50,0,83,19,173,0,28,100,7,7,22,53,12,18,10,18,4,39,73,54,14,19,9,10,54,20,100,20,21,22,100,44,58,64,0,13,21,681,0,
Best: P2
40
Tennessee Avenue,B & O Railroad,Atlantic Avenue,Ventnor Avenue,Short Line Railroad,Baltic Avenue,St. James Place,Illinois Avenue,New York Avenue,Water Works,St. Charles Place,Reading Railroad,Kentucky Avenue,Electric Company,
82,59,79,88,4,17,15,61,26,75,12,32,59,47,34,38,37,9,22,8,11,11,18,35,28,55,81,22,19,12,32,3217,0,64,17,18,34,58,45,21,18,19,71,25,70,78,52,12,50,15,15,25,33,51,11,51,45,83,39,30,50,0,100,26,165,0,24,100,7,8,34,100,14,12,9,33,4,43,65,29,18,33,14,7,39,28,100,14,16,20,85,74,48,47,0,20,22,567,0,
Best: P3
38
Atlantic Avenue,Electric Company,Illinois Avenue,Pennsylvania Avenue,St. James Place,Connecticut Avenue,
100,89,57,100,2,16,19,32,21,65,19,25,39,42,37,17,20,10,30,5,11,8,31,15,39,74,63,15,19,7,23,3623,0,66,23,21,58,89,62,27,14,21,60,17,86,50,27,14,50,14,17,26,37,29,16,54,61,97,25,28,66,0,100,16,172,0,26,67,8,10,16,100,17,14,12,15,2,28,78,57,19,23,15,5,57,14,98,11,11,24,100,63,75,63,0,21,13,330,0,
Best: P3
41
Pennsylvania Railroad,Tennessee Avenue,Illinois Avenue,Pacific Avenue,North Carolina Avenue,Baltic Avenue,Indiana Avenue,St. James Place,Marvin Gardens,Short Line Railroad,Reading Railroad,Mediterranean Avenue,Atlantic Avenue,
100,89,57,100,2,16,19,32,21,65,19,25,39,42,37,17,20,10,30,5,11,8,31,15,39,74,63,15,19,7,23,3623,0,66,23,21,58,89,62,27,14,21,60,17,86,50,27,14,50,14,17,26,37,29,16,54,61,97,25,28,66,0,100,16,172,0,26,67,8,10,16,100,17,14,12,15,2,28,78,57,19,23,15,5,57,14,98,11,11,24,100,63,75,63,0,21,13,330,0,
Best: P2
42
St. Charles Place,Kentucky Avenue,Illinois Avenue,Tennessee Avenue,Reading Railroad,Ventnor Avenue,Connecticut Avenue,States Avenue,Vermont Avenue,Pacific Avenue,Short Line Railroad,North Carolina Avenue,Atlantic Avenue,Pennsylvania Avenue,St. James Place,
100,99,62,83,2,8,14,48,17,100,18,27,41,38,32,20,15,6,26,6,6,10,39,18,48,43,40,24,17,5,18,4515,0,70,25,19,57,92,61,15,16,24,46,19,62,53,27,21,77,15,8,18,38,23,24,51,32,91,34,37,46,0,90,17,232,0,16,66,5,14,31,100,13,7,19,21,2,25,78,25,11,14,8,4,31,20,100,19,11,33,61,51,48,50,0,21,16,460,0,
Best: P3
40
Baltic Avenue,Ventnor Avenue,Pennsylvania Railroad,Vermont Avenue,B & O Railroad,New York Avenue,Marvin Gardens,Atlantic Avenue,Connecticut Avenue,St. Charles Place,Kentucky Avenue,
100,92,71,70,3,14,13,38,22,70,24,34,58,26,44,13,23,11,17,6,6,10,48,22,41,37,40,24,12,6,20,5086,0,59,13,23,86,100,43,26,11,30,66,15,88,70,30,25,85,16,14,28,45,22,26,50,45,100,20,39,65,0,96,10,151,0,17,72,6,13,26,80,10,12,19,16,2,37,40,52,16,14,11,2,37,12,100,14,16,18,94,46,82,31,0,11,11,454,0,
Best: P3
42
Reading Railroad,Indiana Avenue,Connecticut Avenue,Pennsylvania Railroad,Oriental Avenue,Pennsylvania Avenue,Water Works,Marvin Gardens,Boardwalk,Park Place,North Carolina Avenue,Virginia Avenue,
100,92,71,70,3,14,13,38,22,70,24,34,58,26,44,13,23,11,17,6,6,10,48,22,41,37,40,24,12,6,20,5086,0,59,13,23,86,100,43,26,11,30,66,15,88,70,30,25,85,16,14,28,45,22,26,50,45,100,20,39,65,0,96,10,151,0,17,72,6,13,26,80,10,12,19,16,2,37,40,52,16,14,11,2,37,12,100,14,16,18,94,46,82,31,0,11,11,454,0,
Best: P3
38
Pennsylvania Avenue,B & O Railroad,Mediterranean Avenue,North Carolina Avenue,Park Place,States Avenue,Reading Railroad,Kentucky Avenue,Connecticut Avenue,Illinois Avenue,Boardwalk,
100,92,71,70,3,14,13,38,22,70,24,34,58,26,44,13,23,11,17,6,6,10,48,22,41,37,40,24,12,6,20,5086,0,59,13,23,86,100,43,26,11,30,66,15,88,70,30,25,85,16,14,28,45,22,26,50,45,100,20,39,65,0,96,10,151,0,17,72,6,13,26,80,10,12,19,16,2,37,40,52,16,14,11,2,37,12,100,14,16,18,94,46,82,31,0,11,11,454,0,
Best: P2
39
Water Works,Mediterranean Avenue,Atlantic Avenue,Ventnor Avenue,Illinois Avenue,Virginia Avenue,Marvin Gardens,Indiana Avenue,St. James Place,Connecticut Avenue,Kentucky Avenue,
100,100,66,95,1,14,6,29,12,98,27,23,73,18,35,6,24,13,14,4,5,8,36,15,39,52,46,27,16,10,30,3936,0,45,8,27,83,100,42,24,10,34,100,15,100,88,25,26,100,8,15,14,21,22,14,47,27,100,23,34,56,0,79,6,114,0,14,64,7,8,17,34,15,8,17,11,2,31,39,47,20,10,17,2,26,10,100,14,11,15,100,54,47,38,0,19,12,301,0,
Best: P3
38
Ventnor Avenue,Park Place,Pacific Avenue,Vermont Avenue,New York Avenue,Virginia Avenue,
96,71,58,100,2,17,12,34,10,100,23,34,47,26,40,8,17,8,17,6,4,6,60,11,40,22,29,37,10,11,22,2796,0,34,8,36,100,100,37,33,5,45,83,22,100,91,16,35,100,18,10,14,45,11,26,68,18,100,30,37,89,0,47,4,196,0,13,72,4,9,32,44,10,15,21,15,1,45,32,64,13,15,9,1,17,7,100,11,13,18,49,56,62,24,0,10,11,354,0,
Best: P2
41
St. Charles Place,Pennsylvania Avenue,Baltic Avenue,Illinois Avenue,Virginia Avenue,North Carolina Avenue,States Avenue,Pacific Avenue,Pennsylvania Railroad,B & O Railroad,Oriental Avenue,
78,50,55,100,1,16,13,46,11,100,33,28,85,26,40,8,10,12,18,4,3,5,72,9,36,38,29,23,7,11,23,3130,0,30,6,39,48,100,53,20,6,50,82,26,50,84,20,31,100,8,6,20,37,20,20,58,26,54,33,27,100,0,63,4,145,0,11,63,5,7,34,34,14,7,16,19,1,29,19,52,24,15,15,1,31,8,68,11,15,23,100,40,52,30,0,19,13,251,0,
Best: P2
44
Kentucky Avenue,Illinois Avenue,Mediterranean Avenue,St. James Place,Tennessee Avenue,North Carolina Avenue,Connecticut Avenue,Indiana Avenue,Ventnor Avenue,
78,50,55,100,1,16,13,46,11,100,33,28,85,26,40,8,10,12,18,4,3,5,72,9,36,38,29,23,7,11,23,3130,0,30,6,39,48,100,53,20,6,50,82,26,50,84,20,31,100,8,6,20,37,20,20,58,26,54,33,27,100,0,63,4,145,0,11,63,5,7,34,34,14,7,16,19,1,29,19,52,24,15,15,1,31,8,68,11,15,23,100,40,52,30,0,19,13,251,0,
Best: P2
44
St. Charles Place,Illinois Avenue,B & O Railroad,Kentucky Avenue,Park Place,Boardwalk,Indiana Avenue,North Carolina Avenue,Baltic Avenue,Tennessee Avenue,Short Line Railroad,
78,50,55,100,1,16,13,46,11,100,33,28,85,26,40,8,10,12,18,4,3,5,72,9,36,38,29,23,7,11,23,3130,0,30,6,39,48,100,53,20,6,50,82,26,50,84,20,31,100,8,6,20,37,20,20,58,26,54,33,27,100,0,63,4,145,0,11,63,5,7,34,34,14,7,16,19,1,29,19,52,24,15,15,1,31,8,68,11,15,23,100,40,52,30,0,19,13,251,0,
Best: P3
40
Reading Railroad,Park Place,Baltic Avenue,Pennsylvania Railroad,Water Works,Oriental Avenue,
89,29,43,100,1,8,10,73,5,100,23,33,100,18,30,7,9,13,9,2,2,5,53,9,30,49,47,15,3,8,23,4451,0,49,3,47,31,99,89,20,7,54,79,36,43,65,21,21,100,4,5,20,24,11,11,41,20,54,16,46,98,0,88,4,149,0,12,30,3,8,37,35,15,12,10,19,1,25,33,53,23,15,8,1,23,11,83,11,16,26,100,59,29,26,0,14,9,185,0,
Best: P2
43
Park Place,Oriental Avenue,North Carolina Avenue,Electric Company,Indiana Avenue,New York Avenue,Atlantic Avenue,
66,39,64,100,1,8,13,74,11,100,28,39,100,25,40,11,11,12,11,2,1,4,54,10,27,34,51,13,3,8,21,4093,0,43,3,40,36,100,92,25,7,44,60,40,25,75,30,19,100,6,3,10,17,9,10,31,17,70,36,22,93,0,100,4,183,0,9,30,6,8,47,44,13,11,17,17,1,26,35,69,22,15,12,1,35,13,71,6,21,27,67,39,57,29,0,13,13,220,0,
Best: P2
44
B & O Railroad,Mediterranean Avenue,St. Charles Place,Ventnor Avenue,Park Place,Baltic Avenue,States Avenue,Short Line Railroad,Tennessee Avenue,Marvin Gardens,St. James Place,Water Works,Virginia Avenue,North Carolina Avenue,Atlantic Avenue,
66,39,64,100,1,8,13,74,11,100,28,39,100,25,40,11,11,12,11,2,1,4,54,10,27,34,51,13,3,8,21,4093,0,43,3,40,36,100,92,25,7,44,60,40,25,75,30,19,100,6,3,10,17,9,10,31,17,70,36,22,93,0,100,4,183,0,9,30,6,8,47,44,13,11,17,17,1,26,35,69,22,15,12,1,35,13,71,6,21,27,67,39,57,29,0,13,13,220,0,
Best: P2
40
Virginia Avenue,Marvin Gardens,Park Place,Reading Railroad,Indiana Avenue,North Carolina Avenue,Electric Company,Pennsylvania Avenue,St. Charles Place,Connecticut Avenue,Short Line Railroad,Ventnor Avenue,Atlantic Avenue,States Avenue,
66,39,64,100,1,8,13,74,11,100,28,39,100,25,40,11,11,12,11,2,1,4,54,10,27,34,51,13,3,8,21,4093,0,43,3,40,36,100,92,25,7,44,60,40,25,75,30,19,100,6,3,10,17,9,10,31,17,70,36,22,93,0,100,4,183,0,9,30,6,8,47,44,13,11,17,17,1,26,35,69,22,15,12,1,35,13,71,6,21,27,67,39,57,29,0,13,13,220,0,
Best: P2
39
Electric Company,Water Works,Park Place,St. Charles Place,Ventnor Avenue,North Carolina Avenue,Short Line Railroad,Connecticut Avenue,
66,39,64,100,1,8,13,74,11,100,28,39,100,25,40,11,11,12,11,2,1,4,54,10,27,34,51,13,3,8,21,4093,0,43,3,40,36,100,92,25,7,44,60,40,25,75,30,19,100,6,3,10,17,9,10,31,17,70,36,22,93,0,100,4,183,0,9,30,6,8,47,44,13,11,17,17,1,26,35,69,22,15,12,1,35,13,71,6,21,27,67,39,57,29,0,13,13,220,0,
Best: P2
43
Illinois Avenue,Kentucky Avenue,Indiana Avenue,Vermont Avenue,Reading Railroad,
66,39,64,100,1,8,13,74,11,100,28,39,100,25,40,11,11,12,11,2,1,4,54,10,27,34,51,13,3,8,21,4093,0,43,3,40,36,100,92,25,7,44,60,40,25,75,30,19,100,6,3,10,17,9,10,31,17,70,36,22,93,0,100,4,183,0,9,30,6,8,47,44,13,11,17,17,1,26,35,69,22,15,12,1,35,13,71,6,21,27,67,39,57,29,0,13,13,220,0,
Best: P3
43
Baltic Avenue,Atlantic Avenue,Connecticut Avenue,Electric Company,Tennessee Avenue,Pennsylvania Avenue,
50,52,51,100,1,7,12,95,8,55,35,55,100,24,25,9,5,11,10,1,1,3,50,12,30,30,37,12,1,5,14,4140,0,45,1,45,18,100,100,20,3,44,59,19,19,50,24,8,74,8,2,10,19,6,6,35,20,91,26,19,76,0,100,2,185,0,8,23,5,6,63,38,10,7,7,29,1,22,37,40,19,7,12,1,36,18,73,8,17,29,100,40,31,29,0,11,13,318,0,
Best: P3
46
St. James Place,Pennsylvania Railroad,Connecticut Avenue,Electric Company,Water Works,Pennsylvania Avenue,Boardwalk,Park Place,North Carolina Avenue,
50,52,51,100,1,7,12,95,8,55,35,55,100,24,25,9,5,11,10,1,1,3,50,12,30,30,37,12,1,5,14,4140,0,45,1,45,18,100,100,20,3,44,59,19,19,50,24,8,74,8,2,10,19,6,6,35,20,91,26,19,76,0,100,2,185,0,8,23,5,6,63,38,10,7,7,29,1,22,37,40,19,7,12,1,36,18,73,8,17,29,100,40,31,29,0,11,13,318,0,
Best: P3
45
Illinois Avenue,Connecticut Avenue,B & O Railroad,Indiana Avenue,Marvin Gardens,Short Line Railroad,States Avenue,Kentucky Avenue,Oriental Avenue,
50,52,51,100,1,7,12,95,8,55,35,55,100,24,25,9,5,11,10,1,1,3,50,12,30,30,37,12,1,5,14,4140,0,45,1,45,18,100,100,20,3,44,59,19,19,50,24,8,74,8,2,10,19,6,6,35,20,91,26,19,76,0,100,2,185,0,8,23,5,6,63,38,10,7,7,29,1,22,37,40,19,7,12,1,36,18,73,8,17,29,100,40,31,29,0,11,13,318,0,
Best: P2
47
Kentucky Avenue,Atlantic Avenue,Baltic Avenue,Marvin Gardens,St. James Place,B & O Railroad,Illinois Avenue,Reading Railroad,Connecticut Avenue,
53,43,37,83,1,8,14,58,4,64,21,59,51,22,14,8,4,9,10,1,1,2,58,15,16,18,25,7,0,2,12,3265,0,40,1,42,25,93,100,16,4,41,52,20,31,74,13,4,100,13,1,6,13,7,4,46,13,74,23,19,87,0,77,1,116,0,11,23,3,7,61,47,15,5,10,17,1,47,19,47,25,8,19,1,46,14,72,8,18,18,100,20,31,19,0,14,18,308,0,
Best: P2
43
St. Charles Place,Tennessee Avenue,Illinois Avenue,North Carolina Avenue,Mediterranean Avenue,Vermont Avenue,Water Works,Kentucky Avenue,Pennsylvania Avenue,Baltic Avenue,Ventnor Avenue,Connecticut Avenue,St. James Place,
53,43,37,83,1,8,14,58,4,64,21,59,51,22,14,8,4,9,10,1,1,2,58,15,16,18,25,7,0,2,12,3265,0,40,1,42,25,93,100,16,4,41,52,20,31,74,13,4,100,13,1,6,13,7,4,46,13,74,23,19,87,0,77,1,116,0,11,23,3,7,61,47,15,5,10,17,1,47,19,47,25,8,19,1,46,14,72,8,18,18,100,20,31,19,0,14,18,308,0,
Best: P2
42
Baltic Avenue,Park Place,Electric Company,North Carolina Avenue,St. Charles Place,Atlantic Avenue,Tennessee Avenue,Mediterranean Avenue,
53,43,37,83,1,8,14,58,4,64,21,59,51,22,14,8,4,9,10,1,1,2,58,15,16,18,25,7,0,2,12,3265,0,40,1,42,25,93,100,16,4,41,52,20,31,74,13,4,100,13,1,6,13,7,4,46,13,74,23,19,87,0,77,1,116,0,11,23,3,7,61,47,15,5,10,17,1,47,19,47,25,8,19,1,46,14,72,8,18,18,100,20,31,19,0,14,18,308,0,
Best: P2
40
Reading Railroad,St. Charles Place,Tennessee Avenue,Pacific Avenue,Water Works,Kentucky Avenue,North Carolina Avenue,Connecticut Avenue,Electric Company,Vermont Avenue,Pennsylvania Railroad,States Avenue,Marvin Gardens,Boardwalk,
53,43,37,83,1,8,14,58,4,64,21,59,51,22,14,8,4,9,10,1,1,2,58,15,16,18,25,7,0,2,12,3265,0,40,1,42,25,93,100,16,4,41,52,20,31,74,13,4,100,13,1,6,13,7,4,46,13,74,23,19,87,0,77,1,116,0,11,23,3,7,61,47,15,5,10,17,1,47,19,47,25,8,19,1,46,14,72,8,18,18,100,20,31,19,0,14,18,308,0,
Best: P2
44
Reading Railroad,Boardwalk,St. Charles Place,Oriental Avenue,Electric Company,Marvin Gardens,Kentucky Avenue,Atlantic Avenue,Indiana Avenue,Illinois Avenue,
53,43,37,83,1,8,14,58,4,64,21,59,51,22,14,8,4,9,10,1,1,2,58,15,16,18,25,7,0,2,12,3265,0,40,1,42,25,93,100,16,4,41,52,20,31,74,13,4,100,13,1,6,13,7,4,46,13,74,23,19,87,0,77,1,116,0,11,23,3,7,61,47,15,5,10,17,1,47,19,47,25,8,19,1,46,14,72,8,18,18,100,20,31,19,0,14,18,308,0,
Best: P3
44
St. Charles Place,Connecticut Avenue,Tennessee Avenue,Water Works,Pennsylvania Railroad,Short Line Railroad,Electric Company,New York Avenue,
64,52,21,100,1,8,13,57,4,53,31,74,39,11,17,5,6,12,6,1,1,1,40,13,26,9,23,12,0,1,11,3052,0,51,1,29,21,49,50,26,5,44,45,29,38,76,11,4,81,12,1,8,15,4,5,43,18,59,20,16,57,0,99,0,156,0,6,10,3,6,74,38,11,3,9,28,1,42,18,27,21,5,24,1,55,10,100,10,29,15,100,14,49,9,0,7,21,133,0,
Best: P2
41
B & O Railroad,Park Place,St. Charles Place,Boardwalk,Connecticut Avenue,Atlantic Avenue,Reading Railroad,Illinois Avenue,Kentucky Avenue,Vermont Avenue,Short Line Railroad,States Avenue,
66,52,42,100,1,12,17,50,4,76,21,60,68,22,16,5,4,6,8,1,1,1,34,13,24,14,16,5,0,0,5,4231,0,46,1,51,32,62,100,22,5,37,60,31,43,92,13,3,99,8,1,8,14,6,5,23,16,45,31,11,76,0,94,0,70,0,5,17,2,8,83,30,11,5,6,21,1,62,20,36,29,6,16,1,60,11,100,10,24,23,53,25,58,19,0,6,21,270,0,
Best: P2
42
Electric Company,Illinois Avenue,Park Place,Water Works,Atlantic Avenue,Tennessee Avenue,States Avenue,
66,52,42,100,1,12,17,50,4,76,21,60,68,22,16,5,4,6,8,1,1,1,34,13,24,14,16,5,0,0,5,4231,0,46,1,51,32,62,100,22,5,37,60,31,43,92,13,3,99,8,1,8,14,6,5,23,16,45,31,11,76,0,94,0,70,0,5,17,2,8,83,30,11,5,6,21,1,62,20,36,29,6,16,1,60,11,100,10,24,23,53,25,58,19,0,6,21,270,0,
Best: P2
40
Electric Company,Pennsylvania Railroad,Ventnor Avenue,Atlantic Avenue,Marvin Gardens,
66,52,42,100,1,12,17,50,4,76,21,60,68,22,16,5,4,6,8,1,1,1,34,13,24,14,16,5,0,0,5,4231,0,46,1,51,32,62,100,22,5,37,60,31,43,92,13,3,99,8,1,8,14,6,5,23,16,45,31,11,76,0,94,0,70,0,5,17,2,8,83,30,11,5,6,21,1,62,20,36,29,6,16,1,60,11,100,10,24,23,53,25,58,19,0,6,21,270,0,
Best: P2
41
Pennsylvania Railroad,Indiana Avenue,Electric Company,Park Place,Short Line Railroad,Water Works,Baltic Avenue,Kentucky Avenue,Oriental Avenue,Virginia Avenue,Illinois Avenue,
66,52,42,100,1,12,17,50,4,76,21,60,68,22,16,5,4,6,8,1,1,1,34,13,24,14,16,5,0,0,5,4231,0,46,1,51,32,62,100,22,5,37,60,31,43,92,13,3,99,8,1,8,14,6,5,23,16,45,31,11,76,0,94,0,70,0,5,17,2,8,83,30,11,5,6,21,1,62,20,36,29,6,16,1,60,11,100,10,24,23,53,25,58,19,0,6,21,270,0,
Best: P3
43
Park Place,North Carolina Avenue,Reading Railroad,Baltic Avenue,Indiana Avenue,Illinois Avenue,Tennessee Avenue,St. James Place,Oriental Avenue,
88,25,21,100,1,7,12,53,3,100,16,29,76,23,8,6,4,7,7,1,1,1,27,6,16,7,19,6,0,0,5,4730,0,20,1,54,28,27,49,23,6,36,73,33,60,79,8,4,76,7,1,5,19,5,5,18,22,48,19,12,76,0,50,0,121,0,5,26,1,7,100,38,7,3,6,17,1,58,22,49,27,6,17,1,37,7,69,10,22,12,55,22,56,18,0,3,12,122,0,
Best: P2
37
B & O Railroad,Pennsylvania Railroad,Connecticut Avenue,North Carolina Avenue,Pennsylvania Avenue,St. James Place,Ventnor Avenue,
100,51,41,100,1,7,12,54,3,63,12,43,50,33,11,5,4,6,6,1,1,1,38,6,23,11,16,3,0,0,7,5241,0,49,1,64,17,66,97,23,4,39,46,46,38,100,6,4,91,4,1,4,14,5,5,22,12,56,26,14,93,0,64,0,133,0,5,25,1,4,100,42,6,5,9,23,1,32,11,47,15,4,13,1,69,8,100,8,13,20,72,17,39,17,0,4,21,292,0,
Best: P3
41
Electric Company,Baltic Avenue,Indiana Avenue,Park Place,St. Charles Place,St. James Place,Mediterranean Avenue,States Avenue,Boardwalk,North Carolina Avenue,Pacific Avenue,Virginia Avenue,
100,31,35,100,1,4,10,60,3,65,15,19,57,21,11,6,5,6,8,1,1,1,17,4,13,10,18,5,0,0,5,3639,0,44,1,64,24,35,88,20,4,41,71,26,46,100,8,2,43,6,1,4,8,7,6,22,21,42,30,10,51,0,79,0,114,0,6,14,1,6,96,54,5,3,4,14,1,27,17,26,14,7,9,1,58,6,67,6,14,23,44,10,57,20,0,3,21,175,0,
Best: P3
41
Mediterranean Avenue,Atlantic Avenue,Ventnor Avenue,Pennsylvania Railroad,Water Works,Reading Railroad,Indiana Avenue,Kentucky Avenue,Vermont Avenue,Virginia Avenue,
100,31,35,100,1,4,10,60,3,65,15,19,57,21,11,6,5,6,8,1,1,1,17,4,13,10,18,5,0,0,5,3639,0,44,1,64,24,35,88,20,4,41,71,26,46,100,8,2,43,6,1,4,8,7,6,22,21,42,30,10,51,0,79,0,114,0,6,14,1,6,96,54,5,3,4,14,1,27,17,26,14,7,9,1,58,6,67,6,14,23,44,10,57,20,0,3,21,175,0,
Best: P3
44
St. Charles Place,Water Works,Electric Company,Tennessee Avenue,Connecticut Avenue,Kentucky Avenue,Park Place,Reading Railroad,North Carolina Avenue,Boardwalk,St. James Place,Illinois Avenue,Indiana Avenue,New York Avenue,
100,31,35,100,1,4,10,60,3,65,15,19,57,21,11,6,5,6,8,1,1,1,17,4,13,10,18,5,0,0,5,3639,0,44,1,64,24,35,88,20,4,41,71,26,46,100,8,2,43,6,1,4,8,7,6,22,21,42,30,10,51,0,79,0,114,0,6,14,1,6,96,54,5,3,4,14,1,27,17,26,14,7,9,1,58,6,67,6,14,23,44,10,57,20,0,3,21,175,0,
Best: P2
44
Connecticut Avenue,Vermont Avenue,Marvin Gardens,Illinois Avenue,Park Place,Ventnor Avenue,
95,37,37,100,1,3,16,36,2,71,11,14,64,24,17,4,3,5,7,1,1,1,22,4,14,9,24,7,0,0,6,3295,0,18,1,42,11,31,63,13,2,33,100,13,46,100,6,3,64,5,1,2,13,5,9,30,15,46,18,12,35,0,61,0,100,0,4,11,1,3,77,32,4,2,5,24,1,29,12,16,9,10,10,1,38,4,69,6,9,13,44,6,46,10,0,1,19,164,0,
Best: P2
47
B & O Railroad,Kentucky Avenue,Short Line Railroad,Indiana Avenue,
95,37,37,100,1,3,16,36,2,71,11,14,64,24,17,4,3,5,7,1,1,1,22,4,14,9,24,7,0,0,6,3295,0,18,1,42,11,31,63,13,2,33,100,13,46,100,6,3,64,5,1,2,13,5,9,30,15,46,18,12,35,0,61,0,100,0,4,11,1,3,77,32,4,2,5,24,1,29,12,16,9,10,10,1,38,4,69,6,9,13,44,6,46,10,0,1,19,164,0,
Best: P3
42
Kentucky Avenue,Connecticut Avenue,B & O Railroad,St. James Place,St. Charles Place,Atlantic Avenue,Short Line Railroad,Electric Company,Tennessee Avenue,Indiana Avenue,
61,32,36,71,1,2,15,46,1,55,5,15,45,13,11,5,2,3,5,1,1,1,35,5,10,7,14,10,0,0,7,4378,0,34,1,29,19,27,50,13,1,18,57,19,47,50,6,2,41,5,1,1,10,8,5,18,19,28,12,9,22,0,91,0,59,0,2,16,1,4,100,64,3,2,5,31,1,26,19,13,11,10,7,1,48,3,49,10,7,14,43,8,55,11,0,1,14,104,0,
Best: P3
42
Tennessee Avenue,B & O Railroad,Illinois Avenue,Ventnor Avenue,St. James Place,Indiana Avenue,Water Works,Marvin Gardens,
61,32,36,71,1,2,15,46,1,55,5,15,45,13,11,5,2,3,5,1,1,1,35,5,10,7,14,10,0,0,7,4378,0,34,1,29,19,27,50,13,1,18,57,19,47,50,6,2,41,5,1,1,10,8,5,18,19,28,12,9,22,0,91,0,59,0,2,16,1,4,100,64,3,2,5,31,1,26,19,13,11,10,7,1,48,3,49,10,7,14,43,8,55,11,0,1,14,104,0,
Best: P2
43
Reading Railroad,Kentucky Avenue,St. Charles Place,
72,45,25,40,1,3,20,31,1,99,4,15,56,9,22,3,1,2,2,1,1,1,19,4,8,5,23,9,0,0,6,3978,0,26,1,38,17,27,44,7,1,15,40,14,57,55,6,1,34,3,1,1,12,8,3,13,18,24,8,9,16,0,65,0,66,0,2,9,1,2,100,73,2,1,3,41,1,18,25,11,15,11,6,1,33,4,72,8,4,19,29,3,57,12,0,0,15,89,0,
Best: P2
42
Connecticut Avenue,B & O Railroad,
72,45,25,40,1,3,20,31,1,99,4,15,56,9,22,3,1,2,2,1,1,1,19,4,8,5,23,9,0,0,6,3978,0,26,1,38,17,27,44,7,1,15,40,14,57,55,6,1,34,3,1,1,12,8,3,13,18,24,8,9,16,0,65,0,66,0,2,9,1,2,100,73,2,1,3,41,1,18,25,11,15,11,6,1,33,4,72,8,4,19,29,3,57,12,0,0,15,89,0,
Best: P1
39
Electric Company,Connecticut Avenue,Atlantic Avenue,Boardwalk,Pennsylvania Railroad,Illinois Avenue,Park Place,Kentucky Avenue,Water Works,Indiana Avenue,Ventnor Avenue,
93,27,18,62,1,2,20,28,1,95,4,12,84,11,19,3,1,1,1,1,1,1,9,3,12,5,25,6,0,0,5,2700,0,44,1,46,14,15,35,6,1,10,28,24,59,35,5,1,31,4,1,1,9,9,2,10,23,30,4,8,22,0,39,0,72,0,1,8,1,2,59,40,1,1,3,35,2,37,29,10,11,15,5,1,50,3,75,8,4,11,14,2,75,6,0,0,14,93,0,
Best: P5
39
St. Charles Place,Electric Company,Indiana Avenue,St. James Place,Vermont Avenue,Pennsylvania Avenue,
83,18,14,80,1,2,20,24,1,100,3,14,98,13,23,3,1,1,1,1,1,1,14,3,8,4,16,9,0,0,1,5808,0,27,1,53,16,12,46,3,1,12,35,18,51,56,4,1,26,4,1,1,11,13,3,15,13,18,5,6,43,0,45,0,57,0,1,4,1,2,58,39,1,1,4,25,1,18,18,11,6,7,3,1,59,4,99,9,4,11,24,2,85,7,0,0,7,102,0,
Best: P2
43
St. Charles Place,Indiana Avenue,Electric Company,Park Place,Pacific Avenue,Pennsylvania Railroad,New York Avenue,Pennsylvania Avenue,Marvin Gardens,
96,14,23,97,1,3,32,45,1,100,4,14,88,18,30,3,1,1,1,1,1,1,21,2,10,4,13,11,0,0,2,4009,0,21,1,29,19,20,28,6,1,13,21,15,85,41,6,1,24,3,1,1,5,8,3,15,23,14,7,11,22,0,80,0,46,0,1,7,1,2,92,41,1,1,2,28,1,17,21,14,14,7,2,1,52,4,100,6,4,12,14,2,78,11,0,0,10,99,0,
Best: P2
42
Park Place,Connecticut Avenue,North Carolina Avenue,St. Charles Place,Water Works,Baltic Avenue,
96,14,23,97,1,3,32,45,1,100,4,14,88,18,30,3,1,1,1,1,1,1,21,2,10,4,13,11,0,0,2,4009,0,21,1,29,19,20,28,6,1,13,21,15,85,41,6,1,24,3,1,1,5,8,3,15,23,14,7,11,22,0,80,0,46,0,1,7,1,2,92,41,1,1,2,28,1,17,21,14,14,7,2,1,52,4,100,6,4,12,14,2,78,11,0,0,10,99,0,
Best: P2
41
Connecticut Avenue,Pennsylvania Avenue,
96,14,23,97,1,3,32,45,1,100,4,14,88,18,30,3,1,1,1,1,1,1,21,2,10,4,13,11,0,0,2,4009,0,21,1,29,19,20,28,6,1,13,21,15,85,41,6,1,24,3,1,1,5,8,3,15,23,14,7,11,22,0,80,0,46,0,1,7,1,2,92,41,1,1,2,28,1,17,21,14,14,7,2,1,52,4,100,6,4,12,14,2,78,11,0,0,10,99,0,
Best: P3
43
Boardwalk,Illinois Avenue,Pennsylvania Avenue,St. Charles Place,B & O Railroad,Vermont Avenue,Park Place,North Carolina Avenue,Indiana Avenue,Kentucky Avenue,
59,12,14,58,1,4,32,56,1,71,3,15,70,9,43,3,1,2,1,1,1,1,20,1,6,4,9,16,0,0,0,7831,0,9,1,18,15,16,17,4,1,6,30,27,100,52,4,1,26,4,1,1,5,8,3,13,24,12,6,11,15,0,100,0,70,0,1,3,1,1,38,31,1,1,1,13,1,8,21,19,9,8,2,1,26,3,100,8,5,10,18,1,100,8,0,0,12,109,0,
Best: P3
42
Mediterranean Avenue,B & O Railroad,Ventnor Avenue,St. James Place,Pacific Avenue,
59,12,14,58,1,4,32,56,1,71,3,15,70,9,43,3,1,2,1,1,1,1,20,1,6,4,9,16,0,0,0,7831,0,9,1,18,15,16,17,4,1,6,30,27,100,52,4,1,26,4,1,1,5,8,3,13,24,12,6,11,15,0,100,0,70,0,1,3,1,1,38,31,1,1,1,13,1,8,21,19,9,8,2,1,26,3,100,8,5,10,18,1,100,8,0,0,12,109,0,
Best: P2
43
St. Charles Place,Kentucky Avenue,Park Place,B & O Railroad,Pennsylvania Railroad,Pennsylvania Avenue,Electric Company,North Carolina Avenue,Tennessee Avenue,Ventnor Avenue,Illinois Avenue,Connecticut Avenue,
58,13,21,41,1,2,41,35,1,100,2,9,100,12,43,4,1,1,1,1,1,1,21,1,5,6,10,13,0,0,0,7962,0,12,1,31,24,19,20,7,1,7,32,17,75,84,3,1,28,2,1,1,3,3,3,9,22,6,6,4,19,0,62,0,27,0,1,4,1,1,40,33,1,1,1,19,1,8,19,17,13,9,1,1,22,3,83,5,4,15,16,1,51,9,0,0,10,68,0,
Best: P2
44
St. Charles Place,Illinois Avenue,Connecticut Avenue,Pennsylvania Railroad,Water Works,Virginia Avenue,Pennsylvania Avenue,Oriental Avenue,North Carolina Avenue,Indiana Avenue,Atlantic Avenue,
58,13,21,41,1,2,41,35,1,100,2,9,100,12,43,4,1,1,1,1,1,1,21,1,5,6,10,13,0,0,0,7962,0,12,1,31,24,19,20,7,1,7,32,17,75,84,3,1,28,2,1,1,3,3,3,9,22,6,6,4,19,0,62,0,27,0,1,4,1,1,40,33,1,1,1,19,1,8,19,17,13,9,1,1,22,3,83,5,4,15,16,1,51,9,0,0,10,68,0,
Best: P2
43
St. Charles Place,Connecticut Avenue,Atlantic Avenue,States Avenue,Baltic Avenue,
58,13,21,41,1,2,41,35,1,100,2,9,100,12,43,4,1,1,1,1,1,1,21,1,5,6,10,13,0,0,0,7962,0,12,1,31,24,19,20,7,1,7,32,17,75,84,3,1,28,2,1,1,3,3,3,9,22,6,6,4,19,0,62,0,27,0,1,4,1,1,40,33,1,1,1,19,1,8,19,17,13,9,1,1,22,3,83,5,4,15,16,1,51,9,0,0,10,68,0,
Best: P2
42
Electric Company,Park Place,Pennsylvania Avenue,Indiana Avenue,Illinois Avenue,Connecticut Avenue,Reading Railroad,Ventnor Avenue,
58,13,21,41,1,2,41,35,1,100,2,9,100,12,43,4,1,1,1,1,1,1,21,1,5,6,10,13,0,0,0,7962,0,12,1,31,24,19,20,7,1,7,32,17,75,84,3,1,28,2,1,1,3,3,3,9,22,6,6,4,19,0,62,0,27,0,1,4,1,1,40,33,1,1,1,19,1,8,19,17,13,9,1,1,22,3,83,5,4,15,16,1,51,9,0,0,10,68,0,
Best: P2
44
Marvin Gardens,B & O Railroad,Tennessee Avenue,Indiana Avenue,Electric Company,Illinois Avenue,Connecticut Avenue,
58,13,21,41,1,2,41,35,1,100,2,9,100,12,43,4,1,1,1,1,1,1,21,1,5,6,10,13,0,0,0,7962,0,12,1,31,24,19,20,7,1,7,32,17,75,84,3,1,28,2,1,1,3,3,3,9,22,6,6,4,19,0,62,0,27,0,1,4,1,1,40,33,1,1,1,19,1,8,19,17,13,9,1,1,22,3,83,5,4,15,16,1,51,9,0,0,10,68,0,
Best: P2
44
Electric Company,Ventnor Avenue,Atlantic Avenue,Baltic Avenue,Indiana Avenue,St. Charles Place,Pacific Avenue,
58,13,21,41,1,2,41,35,1,100,2,9,100,12,43,4,1,1,1,1,1,1,21,1,5,6,10,13,0,0,0,7962,0,12,1,31,24,19,20,7,1,7,32,17,75,84,3,1,28,2,1,1,3,3,3,9,22,6,6,4,19,0,62,0,27,0,1,4,1,1,40,33,1,1,1,19,1,8,19,17,13,9,1,1,22,3,83,5,4,15,16,1,51,9,0,0,10,68,0,
Best: P2
45
Connecticut Avenue,St. Charles Place,Reading Railroad,B & O Railroad,Atlantic Avenue,Ventnor Avenue,Pennsylvania Avenue,
58,13,21,41,1,2,41,35,1,100,2,9,100,12,43,4,1,1,1,1,1,1,21,1,5,6,10,13,0,0,0,7962,0,12,1,31,24,19,20,7,1,7,32,17,75,84,3,1,28,2,1,1,3,3,3,9,22,6,6,4,19,0,62,0,27,0,1,4,1,1,40,33,1,1,1,19,1,8,19,17,13,9,1,1,22,3,83,5,4,15,16,1,51,9,0,0,10,68,0,
Best: P2
45
Connecticut Avenue,Indiana Avenue,Kentucky Avenue,Atlantic Avenue,Pennsylvania Railroad,Tennessee Avenue,Oriental Avenue,St. Charles Place,
58,13,21,41,1,2,41,35,1,100,2,9,100,12,43,4,1,1,1,1,1,1,21,1,5,6,10,13,0,0,0,7962,0,12,1,31,24,19,20,7,1,7,32,17,75,84,3,1,28,2,1,1,3,3,3,9,22,6,6,4,19,0,62,0,27,0,1,4,1,1,40,33,1,1,1,19,1,8,19,17,13,9,1,1,22,3,83,5,4,15,16,1,51,9,0,0,10,68,0,
Best: P1
43
Pennsylvania Railroad,Connecticut Avenue,Tennessee Avenue,Illinois Avenue,Electric Company,States Avenue,Boardwalk,Indiana Avenue,Ventnor Avenue,Virginia Avenue,
45,24,19,18,1,1,65,38,1,100,1,5,99,10,30,4,1,1,1,1,1,1,25,1,6,8,8,17,0,0,0,6451,0,7,1,27,19,19,23,6,1,5,22,21,100,48,2,1,19,1,1,1,2,2,2,7,23,8,4,5,23,0,65,0,31,0,1,4,1,1,33,36,1,1,1,33,1,4,24,10,14,8,1,1,25,4,100,2,4,15,22,1,36,5,0,0,9,63,0,
Best: P2
44
North Carolina Avenue,Baltic Avenue,Tennessee Avenue,Park Place,B & O Railroad,Pennsylvania Railroad,Marvin Gardens,Illinois Avenue,
69,11,16,21,1,1,56,36,1,84,1,9,100,8,46,5,1,1,1,1,1,1,13,1,7,4,11,13,0,0,0,4755,0,6,1,42,24,20,19,6,1,6,15,21,93,36,2,1,31,1,1,1,1,3,3,4,16,10,5,3,20,0,86,0,31,0,1,3,1,1,37,51,1,1,1,38,1,8,17,17,12,10,1,1,23,4,100,4,3,13,14,1,39,4,0,0,13,44,0,
Best: P2
47
Connecticut Avenue,Illinois Avenue,
69,11,16,21,1,1,56,36,1,84,1,9,100,8,46,5,1,1,1,1,1,1,13,1,7,4,11,13,0,0,0,4755,0,6,1,42,24,20,19,6,1,6,15,21,93,36,2,1,31,1,1,1,1,3,3,4,16,10,5,3,20,0,86,0,31,0,1,3,1,1,37,51,1,1,1,38,1,8,17,17,12,10,1,1,23,4,100,4,3,13,14,1,39,4,0,0,13,44,0,
Best: P2
43
Illinois Avenue,Atlantic Avenue,North Carolina Avenue,St. Charles Place,Ventnor Avenue,Tennessee Avenue,Reading Railroad,Short Line Railroad,
69,11,16,21,1,1,56,36,1,84,1,9,100,8,46,5,1,1,1,1,1,1,13,1,7,4,11,13,0,0,0,4755,0,6,1,42,24,20,19,6,1,6,15,21,93,36,2,1,31,1,1,1,1,3,3,4,16,10,5,3,20,0,86,0,31,0,1,3,1,1,37,51,1,1,1,38,1,8,17,17,12,10,1,1,23,4,100,4,3,13,14,1,39,4,0,0,13,44,0,
Best: P3
44
Park Place,Tennessee Avenue,St. Charles Place,Mediterranean Avenue,Pennsylvania Railroad,
95,5,17,20,1,1,34,46,1,49,1,7,100,4,36,2,1,1,1,1,1,1,6,1,4,4,11,14,0,0,0,2498,0,6,1,49,25,22,23,4,1,7,13,27,89,39,1,1,21,1,1,1,1,2,2,6,14,11,7,3,24,0,60,0,43,0,1,3,1,1,40,44,1,1,1,48,1,6,23,16,10,6,1,1,34,3,83,6,3,11,26,1,30,4,0,0,15,45,0,
Best: P2
41
B & O Railroad,St. Charles Place,Electric Company,New York Avenue,Tennessee Avenue,
100,7,23,13,1,1,64,56,1,42,1,12,100,7,49,3,1,1,1,1,1,1,8,1,7,2,15,7,0,0,0,2792,0,8,1,59,18,20,18,3,1,6,18,19,47,46,1,2,17,1,1,1,2,3,1,5,22,15,8,4,21,0,72,0,40,0,1,3,1,1,25,30,1,1,1,50,1,6,25,12,12,11,1,1,15,2,70,6,4,15,12,1,36,4,0,0,7,28,0,
Best: P1
44
St. Charles Place,Tennessee Avenue,Electric Company,North Carolina Avenue,Indiana Avenue,Pacific Avenue,Illinois Avenue,Atlantic Avenue,
100,5,13,20,1,1,49,40,1,72,1,9,88,5,21,3,1,1,1,1,1,1,15,1,3,2,20,10,0,0,0,2918,0,5,1,42,9,28,25,5,1,7,8,14,59,29,1,1,24,1,1,1,1,1,2,6,21,14,4,4,19,0,71,0,30,0,1,2,1,1,23,24,1,1,1,51,1,2,27,16,8,9,1,1,21,3,67,4,3,17,7,1,51,3,0,0,8,41,0,
Best: P3
44
St. Charles Place,Park Place,Illinois Avenue,B & O Railroad,
100,4,15,28,1,1,58,37,1,71,1,11,76,6,33,1,1,1,1,1,1,1,15,1,5,2,23,13,0,0,0,3593,0,6,1,56,8,12,23,4,1,6,8,12,63,35,1,1,30,1,1,1,1,1,1,5,19,15,9,3,23,0,76,0,46,0,1,3,1,1,27,54,1,1,1,44,1,4,22,10,4,6,1,1,20,2,100,7,1,12,19,1,46,4,0,0,7,34,0,
Best: P3
44
Tennessee Avenue,Oriental Avenue,Indiana Avenue,Connecticut Avenue,Electric Company,Water Works,
100,4,15,28,1,1,58,37,1,71,1,11,76,6,33,1,1,1,1,1,1,1,15,1,5,2,23,13,0,0,0,3593,0,6,1,56,8,12,23,4,1,6,8,12,63,35,1,1,30,1,1,1,1,1,1,5,19,15,9,3,23,0,76,0,46,0,1,3,1,1,27,54,1,1,1,44,1,4,22,10,4,6,1,1,20,2,100,7,1,12,19,1,46,4,0,0,7,34,0,
Best: P3
42
Park Place,Kentucky Avenue,Connecticut Avenue,Water Works,North Carolina Avenue,Electric Company,
100,4,15,28,1,1,58,37,1,71,1,11,76,6,33,1,1,1,1,1,1,1,15,1,5,2,23,13,0,0,0,3593,0,6,1,56,8,12,23,4,1,6,8,12,63,35,1,1,30,1,1,1,1,1,1,5,19,15,9,3,23,0,76,0,46,0,1,3,1,1,27,54,1,1,1,44,1,4,22,10,4,6,1,1,20,2,100,7,1,12,19,1,46,4,0,0,7,34,0,
Best: P1
47
St. Charles Place,B & O Railroad,Electric Company,Connecticut Avenue,Tennessee Avenue,Pennsylvania Railroad,
100,3,13,33,1,1,61,49,1,58,1,10,47,8,15,1,1,1,1,1,1,1,10,1,4,1,23,6,0,0,0,2906,0,4,1,34,5,12,23,5,1,5,5,12,88,37,1,1,24,1,1,1,1,1,1,3,25,9,4,4,18,0,100,0,36,0,1,2,1,1,28,68,1,1,1,58,1,2,12,15,4,3,1,1,23,1,100,6,1,20,18,1,61,5,0,0,5,21,0,
Best: P1
42
Illinois Avenue,Park Place,Electric Company,Tennessee Avenue,Indiana Avenue,Mediterranean Avenue,North Carolina Avenue,
100,3,13,33,1,1,61,49,1,58,1,10,47,8,15,1,1,1,1,1,1,1,10,1,4,1,23,6,0,0,0,2906,0,4,1,34,5,12,23,5,1,5,5,12,88,37,1,1,24,1,1,1,1,1,1,3,25,9,4,4,18,0,100,0,36,0,1,2,1,1,28,68,1,1,1,58,1,2,12,15,4,3,1,1,23,1,100,6,1,20,18,1,61,5,0,0,5,21,0,
Best: P2
44
North Carolina Avenue,Water Works,Pennsylvania Railroad,
73,4,10,57,1,1,64,60,1,58,1,7,27,6,17,1,1,1,1,1,1,1,10,1,4,1,16,7,0,0,0,2156,0,6,1,44,3,13,27,6,1,2,9,7,90,43,1,1,20,1,1,1,1,1,1,3,29,10,4,4,16,0,100,0,46,0,1,1,1,1,46,48,1,1,1,68,1,3,13,20,4,3,1,1,14,1,83,5,1,25,20,1,68,6,0,0,3,17,0,
Best: P2
46
Indiana Avenue,Pennsylvania Railroad,Illinois Avenue,Pacific Avenue,
73,4,10,57,1,1,64,60,1,58,1,7,27,6,17,1,1,1,1,1,1,1,10,1,4,1,16,7,0,0,0,2156,0,6,1,44,3,13,27,6,1,2,9,7,90,43,1,1,20,1,1,1,1,1,1,3,29,10,4,4,16,0,100,0,46,0,1,1,1,1,46,48,1,1,1,68,1,3,13,20,4,3,1,1,14,1,83,5,1,25,20,1,68,6,0,0,3,17,0,
Best: P3
45
Connecticut Avenue,St. Charles Place,
33,4,14,20,1,1,50,32,1,93,1,17,13,6,23,1,1,1,1,1,1,1,18,1,4,1,8,4,0,0,0,2765,0,3,1,76,3,17,32,6,1,2,5,8,88,70,1,1,23,1,1,1,1,1,1,2,27,6,4,2,23,0,56,0,25,0,1,1,1,1,69,61,1,1,1,55,1,1,8,18,2,2,1,1,7,1,100,4,1,14,11,1,61,6,0,0,1,21,0,
Best: P1
46
Park Place,North Carolina Avenue,Baltic Avenue,Illinois Avenue,Electric Company,Short Line Railroad,St. Charles Place,
97,5,15,33,1,1,57,24,1,72,1,9,29,4,19,1,1,1,1,2,1,1,10,1,4,1,7,4,0,0,0,2608,0,2,1,50,3,21,38,3,1,1,6,11,100,64,1,1,18,1,1,1,1,1,1,2,28,3,6,2,25,0,74,0,34,0,1,1,1,1,35,80,1,1,1,27,1,1,5,14,2,1,1,1,11,1,88,3,1,22,18,1,68,4,0,0,3,19,0,
Best: P3
43
St. Charles Place,Tennessee Avenue,Electric Company,Ventnor Avenue,St. James Place,States Avenue,Indiana Avenue,
79,6,15,28,1,1,76,21,1,100,1,12,18,3,21,1,1,1,1,1,1,1,16,1,4,1,10,5,0,0,0,3975,0,3,1,36,3,19,48,3,1,1,4,12,59,56,1,1,17,1,1,1,1,1,1,1,22,5,7,1,12,0,86,0,26,0,1,1,1,1,60,73,1,1,1,56,1,1,5,9,2,1,1,1,6,1,72,3,1,23,15,1,50,5,0,0,2,24,0,
Best: P5
46
St. Charles Place,New York Avenue,
55,6,9,24,1,1,31,13,1,76,1,16,38,3,10,1,1,1,1,1,1,1,17,1,4,1,11,5,0,0,0,3305,0,4,1,47,2,15,40,3,1,1,5,9,93,62,1,1,10,1,1,1,1,1,1,1,20,6,3,2,25,0,75,0,25,0,1,1,1,1,41,59,1,1,1,61,1,1,8,14,1,1,1,1,5,1,73,2,1,13,20,1,54,5,0,0,1,12,0,
Best: P1
46
Electric Company,Tennessee Avenue,Connecticut Avenue,Pennsylvania Avenue,
71,5,20,14,2,1,35,28,1,100,1,7,17,4,19,1,1,1,1,1,1,1,14,1,3,1,8,3,0,0,0,5234,0,2,1,51,2,23,37,2,1,1,5,10,57,98,1,1,18,1,1,1,1,1,1,1,21,3,3,1,21,0,56,0,19,0,1,1,2,1,57,72,1,1,1,30,1,1,7,16,2,1,1,1,7,1,100,2,1,9,17,1,72,5,0,0,0,9,0,
Best: P3
47
Park Place,Electric Company,North Carolina Avenue,St. Charles Place,States Avenue,
37,3,23,38,1,1,26,20,1,91,1,7,25,4,11,1,1,1,1,1,1,1,17,1,5,1,9,3,0,0,0,5734,0,2,1,61,2,10,57,2,1,1,5,9,48,56,1,1,18,1,1,1,1,1,1,1,26,3,5,1,9,0,62,0,28,0,1,1,1,1,41,86,1,1,1,15,1,1,5,19,1,1,1,1,8,1,100,1,1,22,29,1,32,4,0,0,0,7,0,
Best: P3
46
St. Charles Place,Illinois Avenue,Park Place,
37,3,23,38,1,1,26,20,1,91,1,7,25,4,11,1,1,1,1,1,1,1,17,1,5,1,9,3,0,0,0,5734,0,2,1,61,2,10,57,2,1,1,5,9,48,56,1,1,18,1,1,1,1,1,1,1,26,3,5,1,9,0,62,0,28,0,1,1,1,1,41,86,1,1,1,15,1,1,5,19,1,1,1,1,8,1,100,1,1,22,29,1,32,4,0,0,0,7,0,
Best: P1
48
North Carolina Avenue,St. Charles Place,Illinois Avenue,Park Place,Kentucky Avenue,Pacific Avenue,
56,5,30,19,1,1,17,12,1,76,1,6,16,3,8,1,1,1,1,1,1,1,13,1,8,1,10,3,0,0,0,7096,0,3,1,51,3,17,49,2,1,1,3,5,33,71,1,1,8,1,1,1,1,1,1,1,26,4,6,1,19,0,87,0,32,0,1,1,1,1,68,74,1,1,1,15,1,1,5,11,1,1,1,1,10,1,100,1,1,13,15,1,33,2,0,0,0,6,0,
Best: P2
47
B & O Railroad,Park Place,Tennessee Avenue,Connecticut Avenue,Illinois Avenue,Mediterranean Avenue,Electric Company,Kentucky Avenue,Water Works,States Avenue,Ventnor Avenue,Atlantic Avenue,
46,3,37,49,1,1,19,8,1,85,1,11,13,4,7,1,1,1,1,1,1,1,15,1,4,1,9,2,0,0,0,5225,0,4,1,56,2,7,65,2,1,1,6,7,72,98,1,1,12,1,1,1,1,1,1,1,34,2,5,1,10,0,40,0,19,0,1,1,1,1,34,43,1,1,1,17,1,1,7,15,1,1,1,1,10,1,49,1,1,8,29,1,31,4,0,0,0,9,0,
Best: P2
45
Illinois Avenue,Mediterranean Avenue,Park Place,Ventnor Avenue,Indiana Avenue,
46,3,37,49,1,1,19,8,1,85,1,11,13,4,7,1,1,1,1,1,1,1,15,1,4,1,9,2,0,0,0,5225,0,4,1,56,2,7,65,2,1,1,6,7,72,98,1,1,12,1,1,1,1,1,1,1,34,2,5,1,10,0,40,0,19,0,1,1,1,1,34,43,1,1,1,17,1,1,7,15,1,1,1,1,10,1,49,1,1,8,29,1,31,4,0,0,0,9,0,
Best: P3
45
Electric Company,Park Place,Connecticut Avenue,North Carolina Avenue,Ventnor Avenue,Mediterranean Avenue,Illinois Avenue,Water Works,
22,2,23,25,1,1,21,14,1,86,1,7,20,5,10,1,1,1,1,1,1,1,7,1,7,1,8,4,0,0,0,5745,0,4,1,52,1,6,28,2,1,1,5,3,86,57,1,1,19,1,1,1,1,1,1,1,22,1,4,1,14,0,39,0,19,0,1,1,1,1,32,35,1,1,1,18,1,1,10,11,1,1,1,1,13,1,61,1,1,13,23,1,35,4,0,0,0,11,0,
Best: P3
47
Electric Company,Illinois Avenue,Indiana Avenue,St. Charles Place,
22,2,23,25,1,1,21,14,1,86,1,7,20,5,10,1,1,1,1,1,1,1,7,1,7,1,8,4,0,0,0,5745,0,4,1,52,1,6,28,2,1,1,5,3,86,57,1,1,19,1,1,1,1,1,1,1,22,1,4,1,14,0,39,0,19,0,1,1,1,1,32,35,1,1,1,18,1,1,10,11,1,1,1,1,13,1,61,1,1,13,23,1,35,4,0,0,0,11,0,
Best: P2
47
Connecticut Avenue,Illinois Avenue,New York Avenue,
34,1,16,24,1,1,17,9,2,84,1,6,24,2,7,1,2,1,1,1,1,1,6,1,8,1,6,3,0,0,0,7950,0,6,1,57,1,7,58,1,1,1,4,7,98,43,1,1,18,1,1,1,1,1,1,1,18,1,5,1,12,0,20,0,25,0,1,1,1,1,49,32,1,1,1,19,1,1,7,15,1,1,1,1,14,1,70,1,1,16,40,1,26,2,0,0,0,8,0,
Best: P3
45
Tennessee Avenue,Oriental Avenue,Electric Company,Connecticut Avenue,Indiana Avenue,Water Works,New York Avenue,
31,1,22,14,1,1,18,16,1,100,1,6,12,2,5,1,1,1,1,1,1,1,8,1,6,1,5,4,0,0,0,8079,0,3,1,53,1,4,52,1,1,1,6,5,86,66,1,1,27,1,1,1,1,1,1,1,22,1,4,1,14,0,22,0,27,0,1,1,1,1,37,29,1,1,1,24,1,1,12,7,1,1,1,1,7,1,56,1,1,13,31,1,20,4,0,0,0,6,0,
Best: P1
47
Pennsylvania Railroad,Connecticut Avenue,Tennessee Avenue,
21,1,13,21,1,1,10,11,1,56,1,4,22,2,4,1,1,1,1,1,1,1,7,1,9,1,7,3,0,0,0,7584,0,5,1,86,1,5,41,1,1,1,6,5,100,60,1,1,21,1,1,1,1,1,1,1,34,1,2,1,9,0,20,0,22,0,1,1,1,1,38,16,1,1,1,17,1,1,5,9,1,1,1,1,7,1,99,1,2,10,22,1,12,2,0,0,0,5,0,
Best: P2
46
Tennessee Avenue,Virginia Avenue,Water Works,
36,1,17,21,1,1,15,7,1,55,1,5,24,2,3,1,1,1,1,1,1,1,4,1,10,1,8,2,0,0,0,3645,0,4,1,71,1,8,33,1,1,1,4,7,99,31,1,1,26,1,1,1,1,1,1,1,38,1,3,1,12,0,25,0,28,0,1,1,1,1,23,14,1,1,1,24,1,1,10,9,1,1,1,1,5,1,60,1,1,12,24,1,15,2,0,0,0,3,0,
Best: P1
46
Pennsylvania Railroad,Atlantic Avenue,Mediterranean Avenue,
40,1,9,21,1,1,14,11,1,54,1,6,33,1,3,1,1,1,1,1,1,1,7,1,6,1,10,1,0,0,0,3761,0,6,1,100,1,6,52,1,1,1,4,6,50,47,1,1,17,1,1,1,1,1,1,1,41,1,2,1,5,0,30,0,30,0,1,1,1,1,23,8,1,1,1,22,1,1,5,10,1,1,1,1,7,1,73,1,1,12,19,1,10,2,0,0,0,2,0,
Best: P1
47
B & O Railroad,Marvin Gardens,Pennsylvania Railroad,
40,1,9,21,1,1,14,11,1,54,1,6,33,1,3,1,1,1,1,1,1,1,7,1,6,1,10,1,0,0,0,3761,0,6,1,100,1,6,52,1,1,1,4,6,50,47,1,1,17,1,1,1,1,1,1,1,41,1,2,1,5,0,30,0,30,0,1,1,1,1,23,8,1,1,1,22,1,1,5,10,1,1,1,1,7,1,73,1,1,12,19,1,10,2,0,0,0,2,0,
Best: P2
47
B & O Railroad,St. Charles Place,Indiana Avenue,St. James Place,
25,1,17,35,1,1,22,8,1,27,1,4,41,1,2,1,1,1,1,1,1,1,7,1,13,1,10,1,0,0,0,4548,0,4,1,100,1,5,42,1,1,1,2,6,63,22,1,1,12,1,1,1,1,1,1,1,50,1,1,1,4,0,36,0,39,0,1,1,1,1,29,11,1,1,1,16,1,1,3,5,1,1,1,1,6,1,36,1,1,10,29,1,8,3,0,0,0,1,0,
Best: P2
47
Park Place,Pennsylvania Railroad,Electric Company,Pacific Avenue,Oriental Avenue,
25,1,17,35,1,1,22,8,1,27,1,4,41,1,2,1,1,1,1,1,1,1,7,1,13,1,10,1,0,0,0,4548,0,4,1,100,1,5,42,1,1,1,2,6,63,22,1,1,12,1,1,1,1,1,1,1,50,1,1,1,4,0,36,0,39,0,1,1,1,1,29,11,1,1,1,16,1,1,3,5,1,1,1,1,6,1,36,1,1,10,29,1,8,3,0,0,0,1,0,
Best: P2
47
New York Avenue,Mediterranean Avenue,Baltic Avenue,
25,1,17,35,1,1,22,8,1,27,1,4,41,1,2,1,1,1,1,1,1,1,7,1,13,1,10,1,0,0,0,4548,0,4,1,100,1,5,42,1,1,1,2,6,63,22,1,1,12,1,1,1,1,1,1,1,50,1,1,1,4,0,36,0,39,0,1,1,1,1,29,11,1,1,1,16,1,1,3,5,1,1,1,1,6,1,36,1,1,10,29,1,8,3,0,0,0,1,0,
Best: P1
48
Short Line Railroad,Tennessee Avenue,Water Works,Park Place,North Carolina Avenue,Electric Company,
31,1,8,54,1,1,15,7,1,26,1,4,49,1,1,1,1,2,1,1,1,1,4,1,6,1,12,1,0,0,0,3462,0,8,1,50,1,3,36,1,1,1,2,4,56,25,1,1,5,1,1,1,1,1,1,1,65,2,1,1,3,0,23,0,38,0,1,1,1,1,37,9,1,1,1,23,1,1,2,5,1,1,1,1,5,1,18,1,1,13,22,1,8,2,0,0,0,0,0,
Best: P2
47
Pacific Avenue,Tennessee Avenue,Indiana Avenue,Electric Company,Boardwalk,B & O Railroad,
35,1,9,60,1,1,12,4,1,18,1,4,64,1,1,1,1,1,1,1,1,1,3,1,7,1,13,1,0,0,0,4085,0,4,1,72,1,5,52,1,1,1,2,3,56,21,1,1,6,1,1,1,1,1,1,1,72,1,1,1,3,0,20,0,39,0,1,1,1,1,29,6,1,1,1,26,1,1,2,7,1,1,1,1,5,1,15,1,1,9,18,1,5,1,0,0,0,0,0,
Best: P2
46
Illinois Avenue,Boardwalk,St. Charles Place,Pennsylvania Avenue,Pacific Avenue,States Avenue,
35,1,9,60,1,1,12,4,1,18,1,4,64,1,1,1,1,1,1,1,1,1,3,1,7,1,13,1,0,0,0,4085,0,4,1,72,1,5,52,1,1,1,2,3,56,21,1,1,6,1,1,1,1,1,1,1,72,1,1,1,3,0,20,0,39,0,1,1,1,1,29,6,1,1,1,26,1,1,2,7,1,1,1,1,5,1,15,1,1,9,18,1,5,1,0,0,0,0,0,
Best: P1
47
Reading Railroad,B & O Railroad,Short Line Railroad,Electric Company,
19,1,13,77,1,1,9,3,1,20,1,4,44,1,2,1,1,1,1,1,1,1,2,1,10,1,8,1,0,0,0,4220,0,6,1,55,1,6,59,1,1,1,1,4,65,22,1,1,7,1,1,1,1,1,1,1,46,1,1,1,4,0,28,0,32,0,1,1,1,1,16,5,1,1,1,17,1,1,3,4,1,1,1,1,5,1,20,1,1,7,14,1,7,1,0,0,0,0,0,
Best: P3
47
B & O Railroad,Connecticut Avenue,States Avenue,Pennsylvania Railroad,Marvin Gardens,
39,1,13,55,1,1,6,4,1,26,1,4,45,1,1,1,1,1,1,1,1,1,1,1,5,1,7,1,0,0,0,4016,0,5,1,65,1,6,53,1,1,1,1,2,95,13,1,1,12,1,1,1,1,1,1,1,89,1,1,1,5,0,11,0,27,0,1,1,1,1,30,4,1,1,1,20,1,1,2,4,1,1,1,1,6,1,16,1,1,7,18,1,5,1,0,0,0,0,0,
Best: P1
48
Virginia Avenue,
36,1,13,60,1,1,8,2,1,24,1,2,55,1,1,1,1,1,1,1,1,1,1,1,7,1,8,1,0,0,0,5271,0,6,1,33,1,6,81,1,1,1,1,2,97,19,1,1,13,1,1,1,1,1,1,1,94,1,1,1,4,0,22,0,15,0,1,1,1,1,21,3,1,1,1,10,1,1,2,5,1,1,1,1,4,1,21,1,1,8,11,1,3,1,0,0,0,0,0,
Best: P1
47
Atlantic Avenue,Illinois Avenue,Water Works,
36,1,13,60,1,1,8,2,1,24,1,2,55,1,1,1,1,1,1,1,1,1,1,1,7,1,8,1,0,0,0,5271,0,6,1,33,1,6,81,1,1,1,1,2,97,19,1,1,13,1,1,1,1,1,1,1,94,1,1,1,4,0,22,0,15,0,1,1,1,1,21,3,1,1,1,10,1,1,2,5,1,1,1,1,4,1,21,1,1,8,11,1,3,1,0,0,0,0,0,
Best: P1
48
St. Charles Place,Connecticut Avenue,
36,1,13,60,1,1,8,2,1,24,1,2,55,1,1,1,1,1,1,1,1,1,1,1,7,1,8,1,0,0,0,5271,0,6,1,33,1,6,81,1,1,1,1,2,97,19,1,1,13,1,1,1,1,1,1,1,94,1,1,1,4,0,22,0,15,0,1,1,1,1,21,3,1,1,1,10,1,1,2,5,1,1,1,1,4,1,21,1,1,8,11,1,3,1,0,0,0,0,0,
Best: P2
45
Connecticut Avenue,Pennsylvania Railroad,Park Place,Tennessee Avenue,B & O Railroad,Ventnor Avenue,Water Works,
29,1,7,44,1,1,11,2,1,29,1,1,44,1,1,1,1,1,1,1,1,1,1,1,5,1,8,1,0,0,0,8304,0,6,1,48,1,6,81,1,2,1,1,1,100,21,1,1,15,1,1,1,1,1,1,1,37,1,1,1,4,0,15,0,8,0,1,1,1,1,16,4,1,1,1,7,1,1,3,5,1,1,1,1,6,1,25,1,1,7,17,1,5,1,0,0,0,0,0,
Best: P2
47
Vermont Avenue,Illinois Avenue,North Carolina Avenue,Pennsylvania Railroad,Electric Company,Indiana Avenue,
29,1,7,44,1,1,11,2,1,29,1,1,44,1,1,1,1,1,1,1,1,1,1,1,5,1,8,1,0,0,0,8304,0,6,1,48,1,6,81,1,2,1,1,1,100,21,1,1,15,1,1,1,1,1,1,1,37,1,1,1,4,0,15,0,8,0,1,1,1,1,16,4,1,1,1,7,1,1,3,5,1,1,1,1,6,1,25,1,1,7,17,1,5,1,0,0,0,0,0,
Best: P1
47
Boardwalk,Mediterranean Avenue,Park Place,Kentucky Avenue,B & O Railroad,
29,1,10,50,1,1,9,2,1,20,1,1,40,1,1,1,1,1,1,1,1,1,1,1,4,1,8,1,0,0,0,12428,0,8,1,34,1,10,70,1,1,1,1,1,100,22,1,1,7,1,1,1,1,1,1,1,93,1,1,1,3,0,11,0,7,0,1,1,1,1,18,2,1,1,1,8,1,1,1,9,1,1,1,1,6,1,29,1,1,10,14,1,5,1,0,0,0,0,0,
Best: P1
47
Park Place,St. James Place,
29,1,10,50,1,1,9,2,1,20,1,1,40,1,1,1,1,1,1,1,1,1,1,1,4,1,8,1,0,0,0,12428,0,8,1,34,1,10,70,1,1,1,1,1,100,22,1,1,7,1,1,1,1,1,1,1,93,1,1,1,3,0,11,0,7,0,1,1,1,1,18,2,1,1,1,8,1,1,1,9,1,1,1,1,6,1,29,1,1,10,14,1,5,1,0,0,0,0,0,
Best: P2
47
Oriental Avenue,Park Place,
38,1,11,46,1,1,9,1,1,21,1,1,31,1,1,1,1,1,1,1,1,1,1,1,4,1,8,1,0,0,0,6651,0,7,1,35,1,14,68,1,1,1,1,1,57,24,1,1,7,1,1,1,1,1,1,1,100,1,1,1,4,0,10,0,8,0,1,1,1,1,19,2,1,1,1,5,1,1,1,9,1,1,1,1,3,1,38,1,1,8,8,1,2,1,0,0,0,0,0,
Best: P1
48
Illinois Avenue,Oriental Avenue,St. James Place,St. Charles Place,Atlantic Avenue,Boardwalk,
36,1,10,72,1,1,8,1,1,24,1,1,32,1,1,2,1,1,1,1,1,1,1,1,3,1,6,1,0,0,0,10397,0,6,1,32,1,17,86,1,1,1,1,1,70,23,1,1,8,1,1,1,1,1,1,1,100,1,1,1,4,0,6,0,7,0,1,1,1,1,13,2,1,1,1,8,1,1,1,13,1,1,1,1,2,1,37,1,1,11,10,1,3,1,0,0,0,0,0,
Best: P2
47
Electric Company,Tennessee Avenue,Pennsylvania Railroad,
46,1,15,45,1,1,6,1,1,25,1,1,42,1,1,1,1,1,1,1,1,1,1,1,2,1,4,2,0,0,0,11166,0,4,1,28,1,19,96,1,1,1,1,1,38,18,1,1,4,1,1,1,1,1,1,1,100,1,1,1,3,0,4,0,3,0,1,1,1,1,8,3,1,1,1,5,1,1,1,9,1,1,1,1,2,1,38,1,1,9,10,1,2,1,0,0,0,0,0,
Best: P2
46
Illinois Avenue,Virginia Avenue,Pennsylvania Railroad,Oriental Avenue,Connecticut Avenue,
46,1,15,45,1,1,6,1,1,25,1,1,42,1,1,1,1,1,1,1,1,1,1,1,2,1,4,2,0,0,0,11166,0,4,1,28,1,19,96,1,1,1,1,1,38,18,1,1,4,1,1,1,1,1,1,1,100,1,1,1,3,0,4,0,3,0,1,1,1,1,8,3,1,1,1,5,1,1,1,9,1,1,1,1,2,1,38,1,1,9,10,1,2,1,0,0,0,0,0,
Best: P2
47
Illinois Avenue,Water Works,Park Place,
46,1,15,45,1,1,6,1,1,25,1,1,42,1,1,1,1,1,1,1,1,1,1,1,2,1,4,2,0,0,0,11166,0,4,1,28,1,19,96,1,1,1,1,1,38,18,1,1,4,1,1,1,1,1,1,1,100,1,1,1,3,0,4,0,3,0,1,1,1,1,8,3,1,1,1,5,1,1,1,9,1,1,1,1,2,1,38,1,1,9,10,1,2,1,0,0,0,0,0,
Best: P1
46
Oriental Avenue,Illinois Avenue,
52,1,5,45,1,1,4,1,1,14,1,1,42,1,1,1,1,1,1,1,1,1,1,1,3,1,4,1,0,0,0,10869,0,2,1,21,1,16,100,1,1,1,1,1,65,22,1,1,4,1,1,1,1,1,1,1,100,1,1,1,2,0,4,0,2,0,1,1,1,1,11,4,1,1,1,5,1,1,1,6,1,1,1,1,3,1,20,1,1,7,9,1,1,1,0,0,0,0,0,
Best: P2
47
North Carolina Avenue,Pennsylvania Railroad,Tennessee Avenue,B & O Railroad,Water Works,States Avenue,St. Charles Place,Pacific Avenue,
55,1,11,30,1,1,7,1,1,11,1,1,27,1,1,1,1,1,1,1,1,1,1,1,2,1,2,1,0,0,0,13440,0,4,1,32,1,21,100,1,1,1,1,1,57,12,1,1,4,1,1,1,1,1,1,1,100,1,1,1,1,0,5,0,2,0,1,1,1,1,9,4,1,1,1,5,1,1,1,4,1,1,1,1,3,1,20,1,1,8,6,2,1,1,0,0,0,0,0,
Best: P1
47
St. James Place,Tennessee Avenue,Oriental Avenue,Indiana Avenue,Reading Railroad,North Carolina Avenue,
38,1,6,29,1,1,4,1,1,8,1,1,42,1,1,1,1,1,1,1,1,1,1,1,1,1,3,1,0,0,0,15678,0,2,1,29,1,26,90,1,1,1,1,1,36,16,1,1,5,1,1,1,1,1,1,1,100,1,1,1,1,0,2,0,2,0,1,2,1,1,13,5,1,1,1,3,1,1,1,3,1,1,1,1,4,1,23,1,1,4,8,1,1,1,0,0,0,0,0,
Best: P3
47
B & O Railroad,Connecticut Avenue,Mediterranean Avenue,North Carolina Avenue,
30,1,9,31,1,1,4,1,1,13,1,1,38,1,1,1,1,1,1,1,1,1,1,1,1,1,4,1,0,0,0,12058,0,2,1,17,1,22,69,1,1,1,1,1,42,7,1,1,3,1,1,1,1,1,1,1,100,1,1,1,1,0,1,0,1,0,1,1,1,1,8,3,1,1,1,7,1,1,1,5,1,1,1,1,3,1,23,1,1,5,8,1,1,1,0,0,0,0,0,
Best: P3
46
Park Place,
30,1,9,31,1,1,4,1,1,13,1,1,38,1,1,1,1,1,1,1,1,1,1,1,1,1,4,1,0,0,0,12058,0,2,1,17,1,22,69,1,1,1,1,1,42,7,1,1,3,1,1,1,1,1,1,1,100,1,1,1,1,0,1,0,1,0,1,1,1,1,8,3,1,1,1,7,1,1,1,5,1,1,1,1,3,1,23,1,1,5,8,1,1,1,0,0,0,0,0,
Best: P2
48
Tennessee Avenue,Park Place,Boardwalk,
45,1,13,21,1,1,3,1,1,17,1,1,58,1,1,1,1,1,1,1,1,1,1,1,1,1,5,1,0,0,0,9648,0,2,1,28,1,31,70,1,1,1,1,1,45,6,1,1,4,1,1,1,1,1,1,1,54,1,1,1,1,0,0,0,0,0,1,1,1,1,4,4,1,1,1,6,1,1,1,2,2,1,1,1,2,1,33,1,1,8,4,1,1,1,0,0,0,0,0,
Best: P1
47
Connecticut Avenue,St. Charles Place,
36,1,13,25,1,1,2,1,1,11,1,1,58,1,1,1,1,1,1,1,1,1,1,1,1,1,5,1,0,0,0,17534,0,1,1,18,1,33,76,1,1,1,1,1,63,6,1,1,2,1,1,1,1,1,1,1,87,1,1,1,1,0,0,0,0,0,1,1,1,1,6,3,1,1,1,4,1,1,1,2,1,1,1,1,3,1,28,1,1,6,4,1,1,1,0,0,0,0,0,
Best: P1
48
B & O Railroad,Indiana Avenue,Mediterranean Avenue,
36,1,13,25,1,1,2,1,1,11,1,1,58,1,1,1,1,1,1,1,1,1,1,1,1,1,5,1,0,0,0,17534,0,1,1,18,1,33,76,1,1,1,1,1,63,6,1,1,2,1,1,1,1,1,1,1,87,1,1,1,1,0,0,0,0,0,1,1,1,1,6,3,1,1,1,4,1,1,1,2,1,1,1,1,3,1,28,1,1,6,4,1,1,1,0,0,0,0,0,
Best: P1
46
Illinois Avenue,New York Avenue,Marvin Gardens,Reading Railroad,
36,1,13,25,1,1,2,1,1,11,1,1,58,1,1,1,1,1,1,1,1,1,1,1,1,1,5,1,0,0,0,17534,0,1,1,18,1,33,76,1,1,1,1,1,63,6,1,1,2,1,1,1,1,1,1,1,87,1,1,1,1,0,0,0,0,0,1,1,1,1,6,3,1,1,1,4,1,1,1,2,1,1,1,1,3,1,28,1,1,6,4,1,1,1,0,0,0,0,0,
Best: P2
47
St. James Place,Mediterranean Avenue,
55,1,9,24,1,1,1,1,1,9,1,1,71,1,1,1,1,1,1,1,1,1,1,1,1,1,6,1,0,0,0,19535,0,1,1,21,1,28,68,1,1,1,1,1,64,4,1,1,3,1,1,1,1,1,1,1,78,1,1,1,1,0,0,0,0,0,1,1,1,1,6,1,1,1,1,4,1,1,1,1,1,1,1,1,3,1,21,1,1,3,3,1,1,1,0,0,0,0,0,
Best: P1
48
Kentucky Avenue,
52,1,9,19,1,1,1,1,1,13,1,1,50,1,1,1,1,1,1,1,1,1,1,1,1,1,7,1,0,0,0,10935,0,1,1,15,1,29,70,1,1,1,1,1,91,4,1,1,3,1,1,1,1,1,1,1,41,1,1,1,1,0,0,0,0,0,1,1,1,1,5,2,1,1,1,3,1,1,1,1,1,1,1,1,3,1,27,1,1,2,3,1,1,1,0,0,0,0,0,
Best: P3
46
Ventnor Avenue,Electric Company,
45,1,9,17,1,1,1,1,1,8,1,1,42,1,1,1,1,1,1,1,1,1,1,1,1,1,6,1,0,0,0,15194,0,1,1,8,1,29,84,1,1,1,1,1,100,5,1,1,2,1,1,1,1,1,1,1,36,1,1,1,1,0,0,0,0,0,1,1,1,1,8,1,1,1,1,2,1,1,1,1,1,1,1,1,2,1,20,1,1,2,2,1,1,1,0,0,0,0,0,
Best: P2
47
Park Place,Connecticut Avenue,B & O Railroad,Vermont Avenue,
33,1,9,18,1,1,1,1,1,7,1,1,60,1,1,1,1,1,1,1,1,1,1,1,1,1,8,1,0,0,0,9559,0,1,1,13,1,32,79,1,1,1,1,1,78,6,1,1,3,1,1,1,1,1,1,1,58,1,1,1,1,0,0,0,0,0,1,1,1,1,5,1,1,1,1,2,1,1,1,1,1,1,1,1,3,1,32,1,1,2,2,1,1,1,0,0,0,0,0,
Best: P2
47
Oriental Avenue,Park Place,Connecticut Avenue,North Carolina Avenue,
33,1,9,18,1,1,1,1,1,7,1,1,60,1,1,1,1,1,1,1,1,1,1,1,1,1,8,1,0,0,0,9559,0,1,1,13,1,32,79,1,1,1,1,1,78,6,1,1,3,1,1,1,1,1,1,1,58,1,1,1,1,0,0,0,0,0,1,1,1,1,5,1,1,1,1,2,1,1,1,1,1,1,1,1,3,1,32,1,1,2,2,1,1,1,0,0,0,0,0,
Best: P1
48
St. James Place,Virginia Avenue,
43,1,8,26,1,1,1,1,1,13,1,1,33,1,1,1,1,1,1,1,1,1,1,1,1,1,5,1,0,0,0,11655,0,1,1,16,1,33,45,1,1,1,1,1,53,6,1,1,1,1,1,1,1,1,1,1,62,1,1,1,1,0,0,0,0,0,1,1,1,1,5,1,1,1,1,1,1,1,1,1,1,1,1,1,4,1,14,1,1,1,2,1,2,1,0,0,0,0,0,
Best: P1
48
Oriental Avenue,
43,1,8,26,1,1,1,1,1,13,1,1,33,1,1,1,1,1,1,1,1,1,1,1,1,1,5,1,0,0,0,11655,0,1,1,16,1,33,45,1,1,1,1,1,53,6,1,1,1,1,1,1,1,1,1,1,62,1,1,1,1,0,0,0,0,0,1,1,1,1,5,1,1,1,1,1,1,1,1,1,1,1,1,1,4,1,14,1,1,1,2,1,2,1,0,0,0,0,0,
Best: P2
47
Park Place,Pennsylvania Railroad,Connecticut Avenue,
36,1,7,29,1,1,1,2,1,7,1,1,45,1,1,1,1,1,1,1,1,1,1,1,1,1,6,1,0,0,0,12386,0,1,1,16,1,53,50,1,1,1,1,1,100,3,1,1,1,1,1,1,1,1,1,1,36,1,1,1,1,0,0,0,0,0,1,1,1,1,5,1,1,1,1,1,1,1,1,1,1,1,1,1,5,1,12,1,1,1,1,1,1,1,0,0,0,0,0,
Best: P1
46
Baltic Avenue,Atlantic Avenue,B & O Railroad,
52,1,7,28,1,1,1,1,1,7,1,1,50,1,1,1,1,1,1,1,2,1,1,1,1,1,6,1,0,0,0,17669,0,1,1,23,1,57,64,1,1,1,1,1,92,6,1,1,1,1,1,1,1,1,1,1,34,1,1,1,1,0,0,0,0,0,1,1,1,1,7,1,1,1,1,1,1,1,1,1,1,1,1,1,4,1,18,1,1,1,1,1,1,2,0,0,0,0,0,
Best: P2
46
Baltic Avenue,Indiana Avenue,Ventnor Avenue,
28,1,5,31,1,1,1,1,1,6,1,1,66,1,1,1,1,1,1,1,1,1,1,1,1,1,7,1,0,0,0,22540,0,1,1,15,1,54,61,1,1,1,1,1,62,3,1,1,1,1,1,1,1,1,1,1,21,1,1,1,1,0,0,0,0,0,1,1,1,1,6,1,1,1,1,1,1,1,1,1,1,1,1,1,3,1,19,1,1,1,1,1,1,1,0,0,0,0,0,
Best: P2
45
B & O Railroad,Vermont Avenue,
28,1,5,31,1,1,1,1,1,6,1,1,66,1,1,1,1,1,1,1,1,1,1,1,1,1,7,1,0,0,0,22540,0,1,1,15,1,54,61,1,1,1,1,1,62,3,1,1,1,1,1,1,1,1,1,1,21,1,1,1,1,0,0,0,0,0,1,1,1,1,6,1,1,1,1,1,1,1,1,1,1,1,1,1,3,1,19,1,1,1,1,1,1,1,0,0,0,0,0,
Best: P2
46
Park Place,
28,1,5,31,1,1,1,1,1,6,1,1,66,1,1,1,1,1,1,1,1,1,1,1,1,1,7,1,0,0,0,22540,0,1,1,15,1,54,61,1,1,1,1,1,62,3,1,1,1,1,1,1,1,1,1,1,21,1,1,1,1,0,0,0,0,0,1,1,1,1,6,1,1,1,1,1,1,1,1,1,1,1,1,1,3,1,19,1,1,1,1,1,1,1,0,0,0,0,0,
Best: P2
46
Tennessee Avenue,Mediterranean Avenue,
28,1,5,31,1,1,1,1,1,6,1,1,66,1,1,1,1,1,1,1,1,1,1,1,1,1,7,1,0,0,0,22540,0,1,1,15,1,54,61,1,1,1,1,1,62,3,1,1,1,1,1,1,1,1,1,1,21,1,1,1,1,0,0,0,0,0,1,1,1,1,6,1,1,1,1,1,1,1,1,1,1,1,1,1,3,1,19,1,1,1,1,1,1,1,0,0,0,0,0,
Best: P3
46
Vermont Avenue,
28,1,5,42,1,1,1,1,1,5,1,1,82,1,1,1,1,1,1,1,1,1,1,1,1,1,8,1,0,0,0,14010,0,1,1,15,1,58,72,1,1,1,1,1,72,2,1,1,1,1,1,1,1,1,1,1,16,1,1,1,1,0,0,0,0,0,1,1,1,1,5,1,1,1,1,1,1,1,1,1,1,1,1,1,4,1,14,1,1,1,1,1,1,1,0,0,0,0,0,
Best: P1
44
Short Line Railroad,Oriental Avenue,Illinois Avenue,Electric Company,
46,1,5,29,1,1,2,1,1,6,1,1,78,1,1,1,2,1,1,1,1,1,1,1,1,1,5,1,0,0,0,14257,0,1,1,12,1,100,37,1,1,1,1,2,68,2,1,1,1,1,1,1,1,1,1,1,8,1,1,1,1,0,0,0,0,0,1,1,1,1,2,1,1,1,1,1,1,1,1,1,1,1,1,1,3,1,14,1,1,1,1,1,1,1,0,0,0,0,0,
Best: P2
47
Electric Company,Connecticut Avenue,Vermont Avenue,Pennsylvania Avenue,Atlantic Avenue,
48,1,8,34,1,1,1,1,1,3,1,1,48,1,1,1,1,1,1,1,1,1,1,1,1,1,5,1,0,0,0,15625,0,1,1,11,1,87,27,1,1,1,1,1,64,3,1,1,1,1,1,1,1,1,1,1,6,1,1,1,1,0,0,0,0,0,1,1,1,1,4,1,1,1,1,1,1,1,1,1,1,1,1,1,4,1,12,1,1,1,1,1,1,1,0,0,0,0,0,
Best: P1
48
North Carolina Avenue,Electric Company,
68,1,4,46,1,1,1,1,1,2,1,1,35,1,1,1,1,1,1,1,1,1,1,1,1,1,7,1,0,0,0,14193,0,1,1,11,1,88,48,1,1,1,1,1,78,3,1,1,1,1,1,1,1,1,1,1,5,1,1,1,1,0,0,0,0,0,1,1,1,1,2,1,1,1,2,1,1,1,1,1,1,1,1,1,3,1,14,1,1,1,1,1,1,1,0,0,0,0,0,
Best: P1
48
Electric Company,Boardwalk,Reading Railroad,
68,1,4,46,1,1,1,1,1,2,1,1,35,1,1,1,1,1,1,1,1,1,1,1,1,1,7,1,0,0,0,14193,0,1,1,11,1,88,48,1,1,1,1,1,78,3,1,1,1,1,1,1,1,1,1,1,5,1,1,1,1,0,0,0,0,0,1,1,1,1,2,1,1,1,2,1,1,1,1,1,1,1,1,1,3,1,14,1,1,1,1,1,1,1,0,0,0,0,0,
Best: P1
48
Virginia Avenue,Illinois Avenue,Vermont Avenue,
68,1,4,46,1,1,1,1,1,2,1,1,35,1,1,1,1,1,1,1,1,1,1,1,1,1,7,1,0,0,0,14193,0,1,1,11,1,88,48,1,1,1,1,1,78,3,1,1,1,1,1,1,1,1,1,1,5,1,1,1,1,0,0,0,0,0,1,1,1,1,2,1,1,1,2,1,1,1,1,1,1,1,1,1,3,1,14,1,1,1,1,1,1,1,0,0,0,0,0,
Best: P2
47
Park Place,North Carolina Avenue,Atlantic Avenue,
90,1,5,41,1,1,1,1,1,1,1,1,29,1,1,1,1,1,1,1,1,1,1,1,1,1,5,1,0,0,0,19475,0,1,1,21,1,86,72,1,1,1,1,1,54,2,1,1,1,1,1,1,1,1,1,1,6,1,1,1,1,0,0,0,0,0,1,1,1,1,2,1,1,1,1,1,1,1,2,1,1,1,1,1,3,1,11,1,1,1,1,1,1,1,0,0,0,0,0,
Best: P1
46
Pacific Avenue,New York Avenue,
58,1,4,22,1,1,1,1,1,1,1,1,24,1,1,1,2,1,1,1,1,1,1,1,1,1,5,1,0,0,0,20369,0,1,1,19,1,100,33,1,1,1,1,1,42,2,1,1,1,1,1,1,1,1,1,1,4,1,1,1,1,0,0,0,0,0,1,1,1,1,1,1,1,1,1,1,1,1,1,1,1,1,1,1,3,1,12,1,1,1,1,1,1,1,0,0,0,0,0,
Best: P1
46
Pennsylvania Avenue,Atlantic Avenue,St. James Place,Illinois Avenue,Baltic Avenue,
58,1,4,22,1,1,1,1,1,1,1,1,24,1,1,1,2,1,1,1,1,1,1,1,1,1,5,1,0,0,0,20369,0,1,1,19,1,100,33,1,1,1,1,1,42,2,1,1,1,1,1,1,1,1,1,1,4,1,1,1,1,0,0,0,0,0,1,1,1,1,1,1,1,1,1,1,1,1,1,1,1,1,1,1,3,1,12,1,1,1,1,1,1,1,0,0,0,0,0,
Best: P1
48
Indiana Avenue,Park Place,Oriental Avenue,Ventnor Avenue,
58,1,4,22,1,1,1,1,1,1,1,1,24,1,1,1,2,1,1,1,1,1,1,1,1,1,5,1,0,0,0,20369,0,1,1,19,1,100,33,1,1,1,1,1,42,2,1,1,1,1,1,1,1,1,1,1,4,1,1,1,1,0,0,0,0,0,1,1,1,1,1,1,1,1,1,1,1,1,1,1,1,1,1,1,3,1,12,1,1,1,1,1,1,1,0,0,0,0,0,
Best: P2
48
B & O Railroad,North Carolina Avenue,Short Line Railroad,Baltic Avenue,Reading Railroad,Atlantic Avenue,
55,1,6,29,1,1,1,1,1,1,1,1,26,1,1,1,1,1,1,1,1,1,1,1,1,1,6,1,0,0,0,16505,0,1,1,25,1,81,40,1,1,1,1,2,27,1,1,1,1,1,1,1,1,1,1,1,4,1,1,1,1,0,0,0,0,0,1,1,1,1,1,1,1,1,1,1,1,1,1,1,1,1,1,1,4,1,9,1,1,1,1,1,1,1,0,0,0,0,0,
Best: P2
48
North Carolina Avenue,Short Line Railroad,Electric Company,
55,1,6,29,1,1,1,1,1,1,1,1,26,1,1,1,1,1,1,1,1,1,1,1,1,1,6,1,0,0,0,16505,0,1,1,25,1,81,40,1,1,1,1,2,27,1,1,1,1,1,1,1,1,1,1,1,4,1,1,1,1,0,0,0,0,0,1,1,1,1,1,1,1,1,1,1,1,1,1,1,1,1,1,1,4,1,9,1,1,1,1,1,1,1,0,0,0,0,0,
Best: P1
48
Connecticut Avenue,
46,1,6,13,1,1,1,1,1,1,1,1,22,1,1,1,1,1,1,1,1,1,1,1,1,1,3,1,0,0,0,9060,0,1,1,19,1,100,30,1,1,1,1,1,26,1,1,1,1,1,1,1,1,1,1,1,2,1,1,1,1,0,0,0,0,0,1,1,1,1,1,1,1,1,1,1,2,1,1,1,1,1,1,1,5,1,11,1,1,1,1,1,1,1,0,0,0,0,0,
Best: P1
48
North Carolina Avenue,Oriental Avenue,
46,1,6,13,1,1,1,1,1,1,1,1,22,1,1,1,1,1,1,1,1,1,1,1,1,1,3,1,0,0,0,9060,0,1,1,19,1,100,30,1,1,1,1,1,26,1,1,1,1,1,1,1,1,1,1,1,2,1,1,1,1,0,0,0,0,0,1,1,1,1,1,1,1,1,1,1,2,1,1,1,1,1,1,1,5,1,11,1,1,1,1,1,1,1,0,0,0,0,0,
Best: P1
48
Virginia Avenue,
46,1,6,13,1,1,1,1,1,1,1,1,22,1,1,1,1,1,1,1,1,1,1,1,1,1,3,1,0,0,0,9060,0,1,1,19,1,100,30,1,1,1,1,1,26,1,1,1,1,1,1,1,1,1,1,1,2,1,1,1,1,0,0,0,0,0,1,1,1,1,1,1,1,1,1,1,2,1,1,1,1,1,1,1,5,1,11,1,1,1,1,1,1,1,0,0,0,0,0,
Best: P2
47
Indiana Avenue,
78,1,7,14,1,1,1,1,1,2,1,1,26,1,1,1,1,1,1,1,1,1,1,1,1,1,3,1,0,0,0,8693,0,1,1,26,1,100,18,1,1,1,1,1,39,1,1,1,1,1,1,1,1,1,1,1,1,1,1,1,1,0,0,0,0,0,1,1,1,1,1,1,1,1,1,1,1,1,1,1,1,1,1,1,3,1,7,1,1,1,1,1,1,1,0,0,0,0,0,
Best: P2
46
Park Place,Reading Railroad,
78,1,7,14,1,1,1,1,1,2,1,1,26,1,1,1,1,1,1,1,1,1,1,1,1,1,3,1,0,0,0,8693,0,1,1,26,1,100,18,1,1,1,1,1,39,1,1,1,1,1,1,1,1,1,1,1,1,1,1,1,1,0,0,0,0,0,1,1,1,1,1,1,1,1,1,1,1,1,1,1,1,1,1,1,3,1,7,1,1,1,1,1,1,1,0,0,0,0,0,
Best: P2
46
Electric Company,
78,1,7,14,1,1,1,1,1,2,1,1,26,1,1,1,1,1,1,1,1,1,1,1,1,1,3,1,0,0,0,8693,0,1,1,26,1,100,18,1,1,1,1,1,39,1,1,1,1,1,1,1,1,1,1,1,1,1,1,1,1,0,0,0,0,0,1,1,1,1,1,1,1,1,1,1,1,1,1,1,1,1,1,1,3,1,7,1,1,1,1,1,1,1,0,0,0,0,0,
Best: P2
46
Electric Company,Tennessee Avenue,
78,1,7,14,1,1,1,1,1,2,1,1,26,1,1,1,1,1,1,1,1,1,1,1,1,1,3,1,0,0,0,8693,0,1,1,26,1,100,18,1,1,1,1,1,39,1,1,1,1,1,1,1,1,1,1,1,1,1,1,1,1,0,0,0,0,0,1,1,1,1,1,1,1,1,1,1,1,1,1,1,1,1,1,1,3,1,7,1,1,1,1,1,1,1,0,0,0,0,0,
Best: P1
46
Park Place,Atlantic Avenue,
95,1,5,13,1,1,1,1,1,1,1,1,42,1,1,1,1,1,1,1,1,1,1,1,1,1,2,1,0,0,0,3404,0,1,1,16,1,100,19,1,1,1,1,1,42,1,1,1,1,1,1,1,1,1,1,1,1,1,1,1,1,0,0,0,0,0,1,1,1,1,1,1,1,1,1,1,1,1,1,1,1,1,1,1,2,1,6,1,1,1,1,1,1,1,0,0,0,0,0,
Best: P3
46

90,1,4,14,1,1,1,1,1,1,1,1,17,1,1,1,1,1,1,1,1,1,1,1,1,1,3,1,0,0,0,4270,0,1,1,21,1,100,13,1,1,1,1,1,41,1,1,1,1,1,1,1,1,1,1,1,1,1,1,1,1,0,0,0,0,0,1,1,1,1,1,1,1,1,1,1,1,1,1,1,1,1,1,1,1,1,6,1,1,1,1,1,1,1,0,0,0,0,0,
Best: P1
48
Oriental Avenue,Tennessee Avenue,B & O Railroad,
100,1,6,12,1,1,1,1,1,1,1,1,26,1,1,1,1,1,1,1,1,1,1,1,1,1,3,1,0,0,0,4489,0,1,1,10,1,100,14,1,1,1,1,1,46,1,1,1,1,1,1,1,1,1,1,1,1,1,1,1,1,0,0,0,0,0,1,1,1,1,1,1,1,1,1,1,1,1,1,1,1,1,1,1,1,1,3,1,1,1,1,1,1,1,0,0,0,0,0,
Best: P1
47
Tennessee Avenue,Park Place,Marvin Gardens,
100,1,6,12,1,1,1,1,1,1,1,1,26,1,1,1,1,1,1,1,1,1,1,1,1,1,3,1,0,0,0,4489,0,1,1,10,1,100,14,1,1,1,1,1,46,1,1,1,1,1,1,1,1,1,1,1,1,1,1,1,1,0,0,0,0,0,1,1,1,1,1,1,1,1,1,1,1,1,1,1,1,1,1,1,1,1,3,1,1,1,1,1,1,1,0,0,0,0,0,
Best: P1
46
Water Works,Electric Company,
100,1,6,12,1,1,1,1,1,1,1,1,26,1,1,1,1,1,1,1,1,1,1,1,1,1,3,1,0,0,0,4489,0,1,1,10,1,100,14,1,1,1,1,1,46,1,1,1,1,1,1,1,1,1,1,1,1,1,1,1,1,0,0,0,0,0,1,1,1,1,1,1,1,1,1,1,1,1,1,1,1,1,1,1,1,1,3,1,1,1,1,1,1,1,0,0,0,0,0,
Best: P1
48
Mediterranean Avenue,Reading Railroad,
100,1,6,12,1,1,1,1,1,1,1,1,26,1,1,1,1,1,1,1,1,1,1,1,1,1,3,1,0,0,0,4489,0,1,1,10,1,100,14,1,1,1,1,1,46,1,1,1,1,1,1,1,1,1,1,1,1,1,1,1,1,0,0,0,0,0,1,1,1,1,1,1,1,1,1,1,1,1,1,1,1,1,1,1,1,1,3,1,1,1,1,1,1,1,0,0,0,0,0,
Best: P1
47
Short Line Railroad,
100,1,6,12,1,1,1,1,1,1,1,1,26,1,1,1,1,1,1,1,1,1,1,1,1,1,3,1,0,0,0,4489,0,1,1,10,1,100,14,1,1,1,1,1,46,1,1,1,1,1,1,1,1,1,1,1,1,1,1,1,1,0,0,0,0,0,1,1,1,1,1,1,1,1,1,1,1,1,1,1,1,1,1,1,1,1,3,1,1,1,1,1,1,1,0,0,0,0,0,
Best: P1
48
St. James Place,Pennsylvania Avenue,
100,1,6,12,1,1,1,1,1,1,1,1,26,1,1,1,1,1,1,1,1,1,1,1,1,1,3,1,0,0,0,4489,0,1,1,10,1,100,14,1,1,1,1,1,46,1,1,1,1,1,1,1,1,1,1,1,1,1,1,1,1,0,0,0,0,0,1,1,1,1,1,1,1,1,1,1,1,1,1,1,1,1,1,1,1,1,3,1,1,1,1,1,1,1,0,0,0,0,0,
Best: P1
48
Reading Railroad,Connecticut Avenue,St. James Place,
100,1,6,12,1,1,1,1,1,1,1,1,26,1,1,1,1,1,1,1,1,1,1,1,1,1,3,1,0,0,0,4489,0,1,1,10,1,100,14,1,1,1,1,1,46,1,1,1,1,1,1,1,1,1,1,1,1,1,1,1,1,0,0,0,0,0,1,1,1,1,1,1,1,1,1,1,1,1,1,1,1,1,1,1,1,1,3,1,1,1,1,1,1,1,0,0,0,0,0,
Best: P2
47
B & O Railroad,Ventnor Avenue,
59,1,8,10,1,1,1,1,1,1,1,1,39,1,1,1,1,1,1,1,1,1,1,1,1,1,2,1,0,0,0,4789,0,1,1,11,1,100,14,1,1,1,1,1,58,1,1,1,1,1,1,1,1,1,1,1,1,1,1,1,1,0,0,0,0,0,1,1,1,1,1,1,1,1,1,1,1,1,1,1,1,1,1,1,1,1,2,1,1,1,1,1,1,1,0,0,0,0,0,
Best: P2
47
Ventnor Avenue,St. Charles Place,
59,1,8,10,1,1,1,1,1,1,1,1,39,1,1,1,1,1,1,1,1,1,1,1,1,1,2,1,0,0,0,4789,0,1,1,11,1,100,14,1,1,1,1,1,58,1,1,1,1,1,1,1,1,1,1,1,1,1,1,1,1,0,0,0,0,0,1,1,1,1,1,1,1,1,1,1,1,1,1,1,1,1,1,1,1,1,2,1,1,1,1,1,1,1,0,0,0,0,0,
Best: P1
48
Indiana Avenue,Boardwalk,Pennsylvania Avenue,
91,1,6,8,1,1,1,1,1,1,1,1,61,1,1,1,1,1,1,1,1,1,1,1,1,1,2,1,0,0,0,3580,0,1,1,11,1,100,16,1,1,1,1,1,52,1,1,1,1,1,1,1,1,1,1,1,1,1,1,1,1,0,0,0,0,0,1,1,1,1,1,1,1,1,1,1,1,1,1,1,1,1,1,1,1,1,2,1,1,1,1,1,1,1,0,0,0,0,0,
Best: P2
47
Kentucky Avenue,Virginia Avenue,States Avenue,
60,1,4,8,1,1,1,1,1,1,1,1,29,1,1,1,1,1,1,1,1,1,1,1,1,1,2,1,0,0,0,4895,0,1,1,10,1,100,14,1,1,1,1,1,37,1,1,1,1,1,1,1,1,1,1,1,1,1,1,1,1,0,0,0,0,0,1,1,1,1,1,1,1,1,1,1,1,1,1,1,1,1,1,1,1,1,3,1,1,1,1,1,1,1,0,0,0,0,0,
Best: P1
47
Reading Railroad,
88,1,7,12,1,1,1,1,1,1,1,1,67,1,1,1,1,1,1,1,1,1,1,1,1,1,1,1,0,0,0,5169,0,1,1,14,1,63,17,1,1,1,1,1,43,1,1,1,1,1,1,1,1,1,1,1,1,1,1,1,1,0,0,0,0,0,1,1,1,1,1,1,1,1,1,1,1,1,1,1,1,1,1,1,1,1,2,1,1,1,1,1,1,1,0,0,0,0,0,
Best: P1
46
States Avenue,St. James Place,Pacific Avenue,
88,1,7,12,1,1,1,1,1,1,1,1,67,1,1,1,1,1,1,1,1,1,1,1,1,1,1,1,0,0,0,5169,0,1,1,14,1,63,17,1,1,1,1,1,43,1,1,1,1,1,1,1,1,1,1,1,1,1,1,1,1,0,0,0,0,0,1,1,1,1,1,1,1,1,1,1,1,1,1,1,1,1,1,1,1,1,2,1,1,1,1,1,1,1,0,0,0,0,0,
Best: P2
47
Boardwalk,Baltic Avenue,
53,1,7,15,1,1,1,1,1,1,1,1,48,1,1,1,1,1,1,1,1,1,1,1,1,1,1,1,0,0,0,5609,0,1,1,15,1,53,16,1,1,1,1,1,41,1,1,1,1,1,1,1,1,1,1,1,1,1,1,1,1,0,0,0,0,0,1,1,1,1,1,1,1,1,1,1,1,1,1,1,1,1,1,1,1,1,2,1,1,1,1,1,1,1,0,0,0,0,0,
Best: P1
48
States Avenue,
50,1,8,17,1,1,1,1,1,2,1,1,44,1,1,1,1,1,1,1,1,1,1,1,1,1,1,1,0,0,0,5119,0,1,1,17,1,58,15,1,1,1,1,1,37,1,1,1,1,1,1,1,1,1,1,1,1,1,1,1,1,0,0,0,0,0,1,1,1,1,1,1,1,1,1,1,1,1,1,1,1,1,1,1,1,1,2,1,1,1,1,1,1,1,0,0,0,0,0,
Best: P1
48
Oriental Avenue,Vermont Avenue,States Avenue,Indiana Avenue,
50,1,8,17,1,1,1,1,1,2,1,1,44,1,1,1,1,1,1,1,1,1,1,1,1,1,1,1,0,0,0,5119,0,1,1,17,1,58,15,1,1,1,1,1,37,1,1,1,1,1,1,1,1,1,1,1,1,1,1,1,1,0,0,0,0,0,1,1,1,1,1,1,1,1,1,1,1,1,1,1,1,1,1,1,1,1,2,1,1,1,1,1,1,1,0,0,0,0,0,
Best: P2
46
Boardwalk,Tennessee Avenue,St. Charles Place,Pennsylvania Railroad,Electric Company,
62,1,4,17,1,1,1,1,1,1,1,1,55,1,1,1,1,1,1,1,1,1,1,1,1,1,1,1,0,0,0,5550,0,1,1,13,1,55,18,1,1,1,1,1,40,1,1,1,1,1,1,1,1,1,1,1,1,1,1,1,1,0,0,0,0,0,1,1,1,1,1,1,1,1,1,1,1,1,1,1,1,1,1,1,1,1,2,1,1,1,1,1,1,1,0,0,0,0,0,
Best: P1
48
B & O Railroad,Mediterranean Avenue,
82,1,8,19,1,1,1,1,1,1,1,1,60,1,1,1,1,1,1,1,1,1,1,1,1,1,1,1,0,0,0,7254,0,1,1,10,1,77,23,1,1,1,1,2,33,1,1,1,1,1,1,1,1,1,1,1,1,1,1,1,1,0,0,0,0,0,1,1,1,1,1,1,1,1,1,1,1,1,1,1,1,1,1,1,1,1,2,1,1,1,1,1,1,1,0,0,0,0,0,
Best: P1
47
Short Line Railroad,
82,1,8,19,1,1,1,1,1,1,1,1,60,1,1,1,1,1,1,1,1,1,1,1,1,1,1,1,0,0,0,7254,0,1,1,10,1,77,23,1,1,1,1,2,33,1,1,1,1,1,1,1,1,1,1,1,1,1,1,1,1,0,0,0,0,0,1,1,1,1,1,1,1,1,1,1,1,1,1,1,1,1,1,1,1,1,2,1,1,1,1,1,1,1,0,0,0,0,0,
Best: P1
48
Electric Company,Park Place,North Carolina Avenue,
82,1,8,19,1,1,1,1,1,1,1,1,60,1,1,1,1,1,1,1,1,1,1,1,1,1,1,1,0,0,0,7254,0,1,1,10,1,77,23,1,1,1,1,2,33,1,1,1,1,1,1,1,1,1,1,1,1,1,1,1,1,0,0,0,0,0,1,1,1,1,1,1,1,1,1,1,1,1,1,1,1,1,1,1,1,1,2,1,1,1,1,1,1,1,0,0,0,0,0,
Best: P1
48
Electric Company,North Carolina Avenue,States Avenue,
82,1,8,19,1,1,1,1,1,1,1,1,60,1,1,1,1,1,1,1,1,1,1,1,1,1,1,1,0,0,0,7254,0,1,1,10,1,77,23,1,1,1,1,2,33,1,1,1,1,1,1,1,1,1,1,1,1,1,1,1,1,0,0,0,0,0,1,1,1,1,1,1,1,1,1,1,1,1,1,1,1,1,1,1,1,1,2,1,1,1,1,1,1,1,0,0,0,0,0,
Best: P1
48
Electric Company,Ventnor Avenue,Oriental Avenue,New York Avenue,
82,1,8,19,1,1,1,1,1,1,1,1,60,1,1,1,1,1,1,1,1,1,1,1,1,1,1,1,0,0,0,7254,0,1,1,10,1,77,23,1,1,1,1,2,33,1,1,1,1,1,1,1,1,1,1,1,1,1,1,1,1,0,0,0,0,0,1,1,1,1,1,1,1,1,1,1,1,1,1,1,1,1,1,1,1,1,2,1,1,1,1,1,1,1,0,0,0,0,0,
Best: P1
48
Boardwalk,Pennsylvania Avenue,Baltic Avenue,
82,1,8,19,1,1,1,1,1,1,1,1,60,1,1,1,1,1,1,1,1,1,1,1,1,1,1,1,0,0,0,7254,0,1,1,10,1,77,23,1,1,1,1,2,33,1,1,1,1,1,1,1,1,1,1,1,1,1,1,1,1,0,0,0,0,0,1,1,1,1,1,1,1,1,1,1,1,1,1,1,1,1,1,1,1,1,2,1,1,1,1,1,1,1,0,0,0,0,0,
Best: P2
46
St. Charles Place,Indiana Avenue,Pennsylvania Avenue,
74,1,12,19,1,1,1,1,1,1,1,1,71,1,1,1,1,1,1,1,1,1,1,1,1,1,1,1,0,0,0,7922,0,1,1,7,1,41,37,1,1,1,1,1,46,1,1,1,1,1,1,1,1,1,1,1,1,1,1,1,1,0,0,0,0,0,1,1,1,1,1,1,1,1,1,1,1,1,1,1,1,1,1,1,1,1,2,1,1,1,1,1,1,1,0,0,0,0,0,
Best: P1
47
Mediterranean Avenue,Virginia Avenue,
44,1,6,19,1,1,1,1,1,1,1,1,74,1,1,1,1,1,1,1,1,1,1,1,1,1,1,1,0,0,0,7663,0,1,1,11,1,77,34,1,1,1,1,1,32,1,1,1,1,1,1,1,1,1,1,1,1,1,1,1,1,0,0,0,0,0,1,1,1,1,1,1,1,1,1,1,1,1,1,1,1,1,1,1,1,1,2,1,1,1,1,1,1,1,0,0,0,0,0,
Best: P1
47

44,1,6,19,1,1,1,1,1,1,1,1,74,1,1,1,1,1,1,1,1,1,1,1,1,1,1,1,0,0,0,7663,0,1,1,11,1,77,34,1,1,1,1,1,32,1,1,1,1,1,1,1,1,1,1,1,1,1,1,1,1,0,0,0,0,0,1,1,1,1,1,1,1,1,1,1,1,1,1,1,1,1,1,1,1,1,2,1,1,1,1,1,1,1,0,0,0,0,0,
Best: P2
47
Pennsylvania Avenue,
84,1,3,17,1,1,1,1,1,1,1,1,78,1,1,1,1,1,1,1,1,1,1,1,1,1,1,1,0,0,0,5836,0,1,1,9,1,68,23,1,1,1,1,1,60,1,1,1,1,1,1,1,1,1,1,1,1,1,1,1,1,0,0,0,0,0,1,1,1,1,1,1,1,1,1,1,1,1,1,1,1,1,1,1,1,1,3,1,1,1,1,1,1,1,0,0,0,0,0,
Best: P1
48
Reading Railroad,Short Line Railroad,
33,1,4,15,1,1,1,1,1,1,1,1,86,1,1,1,1,1,1,1,1,1,1,1,1,1,1,1,0,0,0,6681,0,1,1,12,1,57,26,1,1,1,1,1,49,1,1,1,1,1,1,1,1,1,1,1,1,1,1,1,1,0,0,0,0,0,1,1,1,1,1,1,1,1,1,1,1,1,1,1,1,1,1,1,1,1,2,1,1,1,1,1,1,1,0,0,0,0,0,
Best: P1
48
Boardwalk,New York Avenue,Reading Railroad,North Carolina Avenue,Short Line Railroad,Marvin Gardens,
33,1,4,15,1,1,1,1,1,1,1,1,86,1,1,1,1,1,1,1,1,1,1,1,1,1,1,1,0,0,0,6681,0,1,1,12,1,57,26,1,1,1,1,1,49,1,1,1,1,1,1,1,1,1,1,1,1,1,1,1,1,0,0,0,0,0,1,1,1,1,1,1,1,1,1,1,1,1,1,1,1,1,1,1,1,1,2,1,1,1,1,1,1,1,0,0,0,0,0,
Best: P1
48
Tennessee Avenue,Pacific Avenue,New York Avenue,Electric Company,Virginia Avenue,
33,1,4,15,1,1,1,1,1,1,1,1,86,1,1,1,1,1,1,1,1,1,1,1,1,1,1,1,0,0,0,6681,0,1,1,12,1,57,26,1,1,1,1,1,49,1,1,1,1,1,1,1,1,1,1,1,1,1,1,1,1,0,0,0,0,0,1,1,1,1,1,1,1,1,1,1,1,1,1,1,1,1,1,1,1,1,2,1,1,1,1,1,1,1,0,0,0,0,0,
Best: P1
48
Oriental Avenue,Park Place,St. Charles Place,Virginia Avenue,
33,1,4,15,1,1,1,1,1,1,1,1,86,1,1,1,1,1,1,1,1,1,1,1,1,1,1,1,0,0,0,6681,0,1,1,12,1,57,26,1,1,1,1,1,49,1,1,1,1,1,1,1,1,1,1,1,1,1,1,1,1,0,0,0,0,0,1,1,1,1,1,1,1,1,1,1,1,1,1,1,1,1,1,1,1,1,2,1,1,1,1,1,1,1,0,0,0,0,0,
Best: P1
48
Indiana Avenue,Reading Railroad,Connecticut Avenue,Vermont Avenue,Park Place,Kentucky Avenue,
33,1,4,15,1,1,1,1,1,1,1,1,86,1,1,1,1,1,1,1,1,1,1,1,1,1,1,1,0,0,0,6681,0,1,1,12,1,57,26,1,1,1,1,1,49,1,1,1,1,1,1,1,1,1,1,1,1,1,1,1,1,0,0,0,0,0,1,1,1,1,1,1,1,1,1,1,1,1,1,1,1,1,1,1,1,1,2,1,1,1,1,1,1,1,0,0,0,0,0,
Best: P2
47
Kentucky Avenue,St. Charles Place,
21,1,3,22,1,1,1,1,1,1,1,1,100,1,1,1,1,1,1,1,1,1,1,1,1,1,1,1,0,0,0,4375,0,1,1,6,1,48,36,1,1,1,1,1,44,1,1,1,1,1,1,1,1,1,1,1,1,1,1,1,1,0,0,0,0,0,1,1,1,1,1,1,1,1,1,1,1,1,1,1,1,1,1,1,1,1,1,1,1,1,1,1,1,1,0,0,0,0,0,
Best: P1
46
Pacific Avenue,Marvin Gardens,Indiana Avenue,Pennsylvania Avenue,
27,1,3,14,1,1,1,1,1,1,1,1,73,1,1,1,1,1,1,1,1,1,1,1,1,1,1,1,0,0,0,6246,0,1,1,12,1,72,30,1,1,1,1,1,52,1,1,1,1,1,1,1,1,1,1,1,1,1,1,1,1,0,0,0,0,0,1,1,1,1,1,1,1,1,1,1,1,1,1,1,1,1,1,1,1,1,1,1,1,1,1,1,1,1,0,0,0,0,0,
Best: P1
47
Indiana Avenue,New York Avenue,Baltic Avenue,
27,1,3,14,1,1,1,1,1,1,1,1,73,1,1,1,1,1,1,1,1,1,1,1,1,1,1,1,0,0,0,6246,0,1,1,12,1,72,30,1,1,1,1,1,52,1,1,1,1,1,1,1,1,1,1,1,1,1,1,1,1,0,0,0,0,0,1,1,1,1,1,1,1,1,1,1,1,1,1,1,1,1,1,1,1,1,1,1,1,1,1,1,1,1,0,0,0,0,0,
Best: P1
48
New York Avenue,B & O Railroad,
27,1,3,14,1,1,1,1,1,1,1,1,73,1,1,1,1,1,1,1,1,1,1,1,1,1,1,1,0,0,0,6246,0,1,1,12,1,72,30,1,1,1,1,1,52,1,1,1,1,1,1,1,1,1,1,1,1,1,1,1,1,0,0,0,0,0,1,1,1,1,1,1,1,1,1,1,1,1,1,1,1,1,1,1,1,1,1,1,1,1,1,1,1,1,0,0,0,0,0,
Best: P3
46
Ventnor Avenue,Kentucky Avenue,Marvin Gardens,
14,1,3,12,1,1,1,1,1,1,1,1,99,1,1,1,1,1,1,1,1,1,1,1,1,1,1,1,0,0,0,6841,0,1,1,7,1,67,50,1,1,1,1,1,26,1,1,1,1,1,1,1,1,1,1,1,1,1,1,2,1,0,0,0,0,0,2,1,1,1,1,1,1,1,1,1,1,1,1,1,1,1,1,1,1,1,1,1,1,1,1,2,1,1,0,0,0,0,0,
Best: P1
46
Boardwalk,Short Line Railroad,Tennessee Avenue,North Carolina Avenue,
29,1,2,17,1,1,1,1,1,1,1,1,100,1,1,1,1,1,1,1,1,1,1,1,1,1,1,1,0,0,0,5954,0,1,1,9,1,99,38,1,1,1,1,1,32,1,1,1,1,1,1,1,2,1,1,1,1,1,1,1,1,0,0,0,0,0,1,1,1,1,1,1,1,1,1,1,1,1,1,1,1,1,1,1,1,1,1,1,1,1,1,1,1,1,0,0,0,0,0,
Best: P1
47
Pennsylvania Railroad,
29,1,2,17,1,1,1,1,1,1,1,1,100,1,1,1,1,1,1,1,1,1,1,1,1,1,1,1,0,0,0,5954,0,1,1,9,1,99,38,1,1,1,1,1,32,1,1,1,1,1,1,1,2,1,1,1,1,1,1,1,1,0,0,0,0,0,1,1,1,1,1,1,1,1,1,1,1,1,1,1,1,1,1,1,1,1,1,1,1,1,1,1,1,1,0,0,0,0,0,
Best: P1
48
Baltic Avenue,Atlantic Avenue,States Avenue,Virginia Avenue,
29,1,2,17,1,1,1,1,1,1,1,1,100,1,1,1,1,1,1,1,1,1,1,1,1,1,1,1,0,0,0,5954,0,1,1,9,1,99,38,1,1,1,1,1,32,1,1,1,1,1,1,1,2,1,1,1,1,1,1,1,1,0,0,0,0,0,1,1,1,1,1,1,1,1,1,1,1,1,1,1,1,1,1,1,1,1,1,1,1,1,1,1,1,1,0,0,0,0,0,
Best: P1
47
Connecticut Avenue,
29,1,2,17,1,1,1,1,1,1,1,1,100,1,1,1,1,1,1,1,1,1,1,1,1,1,1,1,0,0,0,5954,0,1,1,9,1,99,38,1,1,1,1,1,32,1,1,1,1,1,1,1,2,1,1,1,1,1,1,1,1,0,0,0,0,0,1,1,1,1,1,1,1,1,1,1,1,1,1,1,1,1,1,1,1,1,1,1,1,1,1,1,1,1,0,0,0,0,0,
Best: P1
48
Reading Railroad,New York Avenue,
29,1,2,17,1,1,1,1,1,1,1,1,100,1,1,1,1,1,1,1,1,1,1,1,1,1,1,1,0,0,0,5954,0,1,1,9,1,99,38,1,1,1,1,1,32,1,1,1,1,1,1,1,2,1,1,1,1,1,1,1,1,0,0,0,0,0,1,1,1,1,1,1,1,1,1,1,1,1,1,1,1,1,1,1,1,1,1,1,1,1,1,1,1,1,0,0,0,0,0,
Best: P1
48
Virginia Avenue,States Avenue,Electric Company,
29,1,2,17,1,1,1,1,1,1,1,1,100,1,1,1,1,1,1,1,1,1,1,1,1,1,1,1,0,0,0,5954,0,1,1,9,1,99,38,1,1,1,1,1,32,1,1,1,1,1,1,1,2,1,1,1,1,1,1,1,1,0,0,0,0,0,1,1,1,1,1,1,1,1,1,1,1,1,1,1,1,1,1,1,1,1,1,1,1,1,1,1,1,1,0,0,0,0,0,
Best: P1
48
Pennsylvania Railroad,Mediterranean Avenue,Electric Company,
29,1,2,17,1,1,1,1,1,1,1,1,100,1,1,1,1,1,1,1,1,1,1,1,1,1,1,1,0,0,0,5954,0,1,1,9,1,99,38,1,1,1,1,1,32,1,1,1,1,1,1,1,2,1,1,1,1,1,1,1,1,0,0,0,0,0,1,1,1,1,1,1,1,1,1,1,1,1,1,1,1,1,1,1,1,1,1,1,1,1,1,1,1,1,0,0,0,0,0,
Best: P1
47
Indiana Avenue,Pennsylvania Avenue,Short Line Railroad,Kentucky Avenue,
29,1,2,17,1,1,1,1,1,1,1,1,100,1,1,1,1,1,1,1,1,1,1,1,1,1,1,1,0,0,0,5954,0,1,1,9,1,99,38,1,1,1,1,1,32,1,1,1,1,1,1,1,2,1,1,1,1,1,1,1,1,0,0,0,0,0,1,1,1,1,1,1,1,1,1,1,1,1,1,1,1,1,1,1,1,1,1,1,1,1,1,1,1,1,0,0,0,0,0,
Best: P3
47

22,1,1,19,1,1,1,1,1,1,1,1,60,1,1,1,1,1,1,1,1,1,1,1,1,1,1,1,0,0,0,4660,0,1,1,12,1,100,42,1,1,1,1,1,22,1,1,1,1,1,1,1,1,1,1,1,1,1,1,1,1,0,0,0,0,0,1,1,1,1,1,1,1,1,1,1,1,1,1,1,1,1,1,1,1,1,1,1,1,1,1,1,1,1,0,0,0,0,0,
Best: P2
47
Electric Company,Oriental Avenue,St. Charles Place,Atlantic Avenue,Vermont Avenue,
17,1,1,19,1,1,1,1,1,1,1,1,55,1,1,1,1,1,1,2,1,1,1,1,1,1,1,1,0,0,0,8756,0,1,1,8,1,100,33,1,1,1,1,1,16,1,1,1,1,1,1,1,1,1,1,1,1,1,1,1,1,0,0,0,0,0,1,1,1,1,1,1,1,1,1,1,1,1,2,1,1,1,1,1,1,1,1,1,1,1,1,1,1,1,0,0,0,0,0,
Best: P3
47
Park Place,
17,1,1,26,1,1,2,1,1,1,1,1,74,1,1,1,1,1,1,1,1,1,1,1,1,1,1,1,0,0,0,7647,0,1,1,9,1,62,34,1,1,2,1,1,22,1,1,1,1,1,1,1,1,1,1,1,1,1,1,1,1,0,0,0,0,0,1,1,1,1,1,1,1,1,1,1,1,1,1,1,1,1,1,1,1,1,1,1,1,1,1,1,1,1,0,0,0,0,0,
Best: P1
45
Ventnor Avenue,Pacific Avenue,
12,1,1,13,1,1,1,1,1,1,1,1,87,1,1,1,1,1,2,1,1,1,1,1,1,1,1,1,0,0,0,12770,0,1,1,4,1,100,16,1,1,1,1,1,12,1,1,1,1,1,1,1,1,1,1,1,1,1,1,1,1,0,0,0,0,0,1,1,1,1,1,1,1,1,1,1,1,1,1,1,1,1,1,1,1,1,1,1,1,1,1,1,1,1,0,0,0,0,0,
Best: P1
46
Oriental Avenue,New York Avenue,St. James Place,
12,1,1,13,1,1,1,1,1,1,1,1,87,1,1,1,1,1,2,1,1,1,1,1,1,1,1,1,0,0,0,12770,0,1,1,4,1,100,16,1,1,1,1,1,12,1,1,1,1,1,1,1,1,1,1,1,1,1,1,1,1,0,0,0,0,0,1,1,1,1,1,1,1,1,1,1,1,1,1,1,1,1,1,1,1,1,1,1,1,1,1,1,1,1,0,0,0,0,0,
Best: P2
47
St. Charles Place,Pacific Avenue,
16,1,1,31,1,1,1,1,1,1,1,1,100,1,1,1,1,1,1,1,1,1,1,1,1,1,1,1,0,0,0,12102,0,1,1,9,1,76,18,1,1,1,1,1,11,1,1,1,1,1,1,1,1,1,1,1,1,1,1,1,1,0,0,0,0,0,1,1,1,1,1,1,1,1,1,1,1,1,1,1,1,1,1,1,1,1,1,1,1,1,1,1,1,1,0,0,0,0,0,
Best: P1
46
Vermont Avenue,B & O Railroad,Water Works,
8,1,1,33,1,1,1,1,1,1,1,1,100,1,1,1,1,1,1,1,1,1,1,1,1,1,1,1,0,0,0,8705,0,1,1,4,1,100,17,1,1,1,1,1,12,1,1,1,1,1,1,1,1,1,1,1,1,1,1,1,1,0,0,0,0,0,1,1,1,1,1,1,1,1,1,1,1,1,1,1,1,1,1,1,1,1,1,1,1,1,1,1,1,1,0,0,0,0,0,
Best: P2
47
Pennsylvania Avenue,Illinois Avenue,Marvin Gardens,
7,1,1,36,1,1,1,1,1,1,1,1,69,1,1,1,1,1,1,1,1,1,1,1,2,1,1,1,0,0,0,6345,0,1,1,9,1,55,10,1,1,1,1,1,9,1,1,1,1,1,1,1,1,1,1,1,1,1,1,1,1,0,0,0,0,0,1,1,1,1,1,1,1,1,1,1,1,1,1,1,1,1,1,1,1,1,1,1,1,1,1,1,1,1,0,0,0,0,0,
Best: P1
48
Park Place,Virginia Avenue,
9,1,1,44,1,1,1,1,1,1,1,1,53,1,1,1,1,1,1,1,1,1,1,1,1,1,1,1,0,0,0,10760,0,1,1,5,1,91,12,1,1,1,1,1,13,1,1,1,1,1,1,1,1,1,1,1,1,1,1,1,1,0,0,0,0,0,1,2,1,1,1,1,1,1,1,1,1,1,1,1,1,1,1,1,1,1,1,1,1,1,1,1,1,1,0,0,0,0,0,
Best: P1
48
Tennessee Avenue,
9,1,1,44,1,1,1,1,1,1,1,1,53,1,1,1,1,1,1,1,1,1,1,1,1,1,1,1,0,0,0,10760,0,1,1,5,1,91,12,1,1,1,1,1,13,1,1,1,1,1,1,1,1,1,1,1,1,1,1,1,1,0,0,0,0,0,1,2,1,1,1,1,1,1,1,1,1,1,1,1,1,1,1,1,1,1,1,1,1,1,1,1,1,1,0,0,0,0,0,
Best: P1
47
Mediterranean Avenue,
9,1,1,44,1,1,1,1,1,1,1,1,53,1,1,1,1,1,1,1,1,1,1,1,1,1,1,1,0,0,0,10760,0,1,1,5,1,91,12,1,1,1,1,1,13,1,1,1,1,1,1,1,1,1,1,1,1,1,1,1,1,0,0,0,0,0,1,2,1,1,1,1,1,1,1,1,1,1,1,1,1,1,1,1,1,1,1,1,1,1,1,1,1,1,0,0,0,0,0,
Best: P1
48
Pennsylvania Railroad,Baltic Avenue,St. James Place,
9,1,1,44,1,1,1,1,1,1,1,1,53,1,1,1,1,1,1,1,1,1,1,1,1,1,1,1,0,0,0,10760,0,1,1,5,1,91,12,1,1,1,1,1,13,1,1,1,1,1,1,1,1,1,1,1,1,1,1,1,1,0,0,0,0,0,1,2,1,1,1,1,1,1,1,1,1,1,1,1,1,1,1,1,1,1,1,1,1,1,1,1,1,1,0,0,0,0,0,
Best: P2
47
Pennsylvania Avenue,Baltic Avenue,Pennsylvania Railroad,
8,1,1,38,1,1,1,1,1,1,1,1,64,1,1,2,1,1,1,1,1,1,1,1,2,1,1,1,0,0,0,14305,0,1,1,2,1,60,13,1,1,1,1,1,10,1,1,1,1,1,1,1,1,1,1,1,1,1,1,1,1,0,0,0,0,0,1,1,1,1,1,1,1,1,1,1,1,1,1,1,1,1,1,1,1,1,1,1,1,1,1,1,1,1,0,0,0,0,0,
Best: P1
48

8,1,1,59,1,1,1,1,1,1,1,1,31,1,1,1,1,1,1,1,1,1,1,1,1,1,1,1,0,0,0,9774,0,1,1,2,1,76,15,1,1,1,1,1,13,1,1,1,1,1,1,1,1,1,1,1,1,1,1,1,1,0,0,0,0,0,1,1,1,1,1,1,1,1,1,1,1,1,1,1,1,1,1,1,1,1,1,1,1,1,1,1,1,1,0,0,0,0,0,
Best: P1
47
Short Line Railroad,St. James Place,North Carolina Avenue,Reading Railroad,
8,1,1,59,1,1,1,1,1,1,1,1,31,1,1,1,1,1,1,1,1,1,1,1,1,1,1,1,0,0,0,9774,0,1,1,2,1,76,15,1,1,1,1,1,13,1,1,1,1,1,1,1,1,1,1,1,1,1,1,1,1,0,0,0,0,0,1,1,1,1,1,1,1,1,1,1,1,1,1,1,1,1,1,1,1,1,1,1,1,1,1,1,1,1,0,0,0,0,0,
Best: P1
48
Park Place,Boardwalk,Mediterranean Avenue,B & O Railroad,St. Charles Place,
8,1,1,59,1,1,1,1,1,1,1,1,31,1,1,1,1,1,1,1,1,1,1,1,1,1,1,1,0,0,0,9774,0,1,1,2,1,76,15,1,1,1,1,1,13,1,1,1,1,1,1,1,1,1,1,1,1,1,1,1,1,0,0,0,0,0,1,1,1,1,1,1,1,1,1,1,1,1,1,1,1,1,1,1,1,1,1,1,1,1,1,1,1,1,0,0,0,0,0,
Best: P1
47
New York Avenue,North Carolina Avenue,Electric Company,
8,1,1,59,1,1,1,1,1,1,1,1,31,1,1,1,1,1,1,1,1,1,1,1,1,1,1,1,0,0,0,9774,0,1,1,2,1,76,15,1,1,1,1,1,13,1,1,1,1,1,1,1,1,1,1,1,1,1,1,1,1,0,0,0,0,0,1,1,1,1,1,1,1,1,1,1,1,1,1,1,1,1,1,1,1,1,1,1,1,1,1,1,1,1,0,0,0,0,0,
Best: P2
46
Short Line Railroad,Illinois Avenue,
9,1,1,59,1,1,1,1,1,1,1,1,35,1,1,1,1,1,1,1,1,1,1,1,1,1,1,1,0,0,0,9777,0,1,1,2,2,55,16,1,2,1,1,1,10,1,1,1,1,1,1,1,1,1,1,1,1,1,1,1,1,0,0,0,0,0,1,1,1,1,1,1,1,2,1,1,1,1,1,1,1,1,1,1,1,1,1,1,1,1,1,1,1,1,0,0,0,0,0,
Best: P2
46
Pennsylvania Railroad,Kentucky Avenue,
9,1,1,59,1,1,1,1,1,1,1,1,35,1,1,1,1,1,1,1,1,1,1,1,1,1,1,1,0,0,0,9777,0,1,1,2,2,55,16,1,2,1,1,1,10,1,1,1,1,1,1,1,1,1,1,1,1,1,1,1,1,0,0,0,0,0,1,1,1,1,1,1,1,2,1,1,1,1,1,1,1,1,1,1,1,1,1,1,1,1,1,1,1,1,0,0,0,0,0,
Best: P1
46
Water Works,
8,1,1,70,1,1,1,1,1,1,1,1,34,1,1,1,1,1,1,1,1,1,1,1,1,1,1,1,0,0,0,10538,0,1,1,3,1,75,10,1,1,1,1,1,9,1,1,1,1,1,1,1,1,1,1,1,1,1,1,1,1,0,0,0,0,0,1,1,1,1,1,1,1,1,1,1,1,2,1,1,1,1,1,1,1,1,1,1,1,1,1,1,1,1,0,0,0,0,0,
Best: P2
47
Pacific Avenue,Kentucky Avenue,
11,1,1,64,1,1,1,1,1,1,1,1,47,1,1,1,1,1,1,1,1,1,2,1,1,1,1,1,0,0,0,9852,0,1,1,3,1,76,13,1,1,1,1,1,10,1,1,1,1,1,1,1,1,1,1,1,1,1,1,1,1,0,0,0,0,0,1,1,1,1,1,1,1,1,1,1,1,1,1,1,1,1,1,1,1,1,1,1,1,1,1,1,1,1,0,0,0,0,0,
Best: P2
47
Ventnor Avenue,Oriental Avenue,
11,1,1,64,1,1,1,1,1,1,1,1,47,1,1,1,1,1,1,1,1,1,2,1,1,1,1,1,0,0,0,9852,0,1,1,3,1,76,13,1,1,1,1,1,10,1,1,1,1,1,1,1,1,1,1,1,1,1,1,1,1,0,0,0,0,0,1,1,1,1,1,1,1,1,1,1,1,1,1,1,1,1,1,1,1,1,1,1,1,1,1,1,1,1,0,0,0,0,0,
Best: P1
46

12,1,1,47,1,1,1,1,1,1,1,1,42,1,1,1,1,1,1,1,1,1,1,1,1,1,1,1,0,0,0,6549,0,1,1,3,1,74,10,1,1,1,1,1,13,1,1,1,1,1,1,1,1,1,1,1,1,1,1,1,1,0,0,0,0,0,1,1,1,1,1,1,1,1,1,1,1,1,1,1,1,1,1,1,1,1,1,1,1,1,1,1,1,1,0,0,0,0,0,
Best: P1
48
Pacific Avenue,Electric Company,Boardwalk,
12,1,1,47,1,1,1,1,1,1,1,1,42,1,1,1,1,1,1,1,1,1,1,1,1,1,1,1,0,0,0,6549,0,1,1,3,1,74,10,1,1,1,1,1,13,1,1,1,1,1,1,1,1,1,1,1,1,1,1,1,1,0,0,0,0,0,1,1,1,1,1,1,1,1,1,1,1,1,1,1,1,1,1,1,1,1,1,1,1,1,1,1,1,1,0,0,0,0,0,
Best: P2
46
Atlantic Avenue,Boardwalk,
6,1,1,47,1,1,1,1,1,1,1,1,76,1,1,1,1,1,1,1,1,1,1,1,1,1,1,1,0,0,0,7042,0,1,1,1,1,100,7,1,1,1,1,1,7,1,1,1,1,1,1,1,1,1,1,1,1,1,1,1,1,0,0,0,0,0,1,1,1,1,1,1,1,1,1,1,1,1,1,1,1,1,1,1,1,1,1,1,1,1,1,1,1,1,0,0,0,0,0,
Best: P2
47
Mediterranean Avenue,States Avenue,Water Works,
6,1,1,47,1,1,1,1,1,1,1,1,76,1,1,1,1,1,1,1,1,1,1,1,1,1,1,1,0,0,0,7042,0,1,1,1,1,100,7,1,1,1,1,1,7,1,1,1,1,1,1,1,1,1,1,1,1,1,1,1,1,0,0,0,0,0,1,1,1,1,1,1,1,1,1,1,1,1,1,1,1,1,1,1,1,1,1,1,1,1,1,1,1,1,0,0,0,0,0,
Best: P1
48
Tennessee Avenue,Pennsylvania Avenue,
7,1,1,49,1,1,1,1,1,1,1,1,98,1,1,1,1,1,1,1,1,1,1,1,1,1,1,1,0,0,0,10339,0,1,1,1,1,63,8,1,1,1,1,1,11,1,1,1,1,1,1,1,1,1,1,1,1,1,1,1,1,0,0,0,0,0,1,1,1,1,1,1,1,1,1,1,1,1,1,1,1,1,1,1,1,1,1,1,1,1,1,1,1,1,0,0,0,0,0,
Best: P1
48
Short Line Railroad,
7,1,1,49,1,1,1,1,1,1,1,1,98,1,1,1,1,1,1,1,1,1,1,1,1,1,1,1,0,0,0,10339,0,1,1,1,1,63,8,1,1,1,1,1,11,1,1,1,1,1,1,1,1,1,1,1,1,1,1,1,1,0,0,0,0,0,1,1,1,1,1,1,1,1,1,1,1,1,1,1,1,1,1,1,1,1,1,1,1,1,1,1,1,1,0,0,0,0,0,
Best: P2
47
Virginia Avenue,Kentucky Avenue,
4,1,1,71,1,1,1,1,1,1,1,1,100,1,1,1,1,1,1,1,1,1,1,1,1,1,1,1,0,0,0,4581,0,1,1,1,1,92,7,1,1,1,1,1,13,1,1,1,1,1,1,1,1,1,1,1,1,1,1,1,1,0,0,0,0,0,1,1,1,1,1,1,1,1,1,1,1,1,1,1,1,1,1,1,1,1,1,1,1,1,1,1,1,1,0,0,0,0,0,
Best: P1
46
North Carolina Avenue,Virginia Avenue,Pennsylvania Avenue,Electric Company,Ventnor Avenue,
3,1,1,59,1,1,1,1,1,1,1,1,100,1,1,1,1,1,1,1,1,1,1,2,1,1,1,1,0,0,0,11115,0,1,1,1,1,100,7,1,1,1,1,1,13,1,1,1,1,1,1,1,1,1,1,1,1,1,1,1,1,0,0,0,0,0,1,1,1,1,1,1,1,1,1,1,1,1,1,1,1,1,1,1,2,1,1,1,1,1,1,1,1,1,0,0,0,0,0,
Best: P1
48
Reading Railroad,
3,1,1,59,1,1,1,1,1,1,1,1,100,1,1,1,1,1,1,1,1,1,1,2,1,1,1,1,0,0,0,11115,0,1,1,1,1,100,7,1,1,1,1,1,13,1,1,1,1,1,1,1,1,1,1,1,1,1,1,1,1,0,0,0,0,0,1,1,1,1,1,1,1,1,1,1,1,1,1,1,1,1,1,1,2,1,1,1,1,1,1,1,1,1,0,0,0,0,0,
Best: P1
47
Short Line Railroad,
3,1,1,59,1,1,1,1,1,1,1,1,100,1,1,1,1,1,1,1,1,1,1,2,1,1,1,1,0,0,0,11115,0,1,1,1,1,100,7,1,1,1,1,1,13,1,1,1,1,1,1,1,1,1,1,1,1,1,1,1,1,0,0,0,0,0,1,1,1,1,1,1,1,1,1,1,1,1,1,1,1,1,1,1,2,1,1,1,1,1,1,1,1,1,0,0,0,0,0,
Best: P1
48
Illinois Avenue,Virginia Avenue,B & O Railroad,
3,1,1,59,1,1,1,1,1,1,1,1,100,1,1,1,1,1,1,1,1,1,1,2,1,1,1,1,0,0,0,11115,0,1,1,1,1,100,7,1,1,1,1,1,13,1,1,1,1,1,1,1,1,1,1,1,1,1,1,1,1,0,0,0,0,0,1,1,1,1,1,1,1,1,1,1,1,1,1,1,1,1,1,1,2,1,1,1,1,1,1,1,1,1,0,0,0,0,0,
Best: P3
46
Illinois Avenue,Tennessee Avenue,
4,1,1,47,1,1,1,1,1,1,1,1,100,1,1,1,1,1,1,1,1,1,1,2,1,2,1,1,0,0,0,10987,0,1,1,1,1,53,6,1,1,1,1,1,8,1,1,1,1,1,1,1,1,1,1,1,1,1,1,1,1,0,0,0,0,0,1,1,1,1,1,1,1,1,1,1,1,1,1,1,1,1,1,1,1,1,1,1,1,1,1,1,1,1,0,0,0,0,0,
Best: P1
48
Pennsylvania Railroad,Short Line Railroad,
2,1,1,70,1,1,1,1,1,1,1,1,74,1,1,1,1,1,1,1,1,1,1,2,1,1,1,1,0,0,0,8730,0,1,1,1,1,72,6,1,1,1,1,1,13,1,1,1,1,1,1,1,1,1,1,1,1,1,1,1,1,0,0,0,0,0,1,1,1,1,1,1,1,1,1,1,1,1,1,1,1,1,1,1,1,1,1,1,1,1,1,1,1,1,0,0,0,0,0,
Best: P2
47
Kentucky Avenue,
2,1,1,61,1,1,1,1,1,1,1,1,100,1,1,1,1,1,1,1,1,1,1,1,1,1,1,1,0,0,0,12361,0,1,1,1,1,87,5,1,1,1,1,1,14,1,1,1,1,1,1,1,1,1,1,1,1,1,1,1,1,0,0,0,0,0,1,1,1,1,1,1,1,1,1,1,1,1,1,1,1,1,1,1,1,1,1,1,1,1,2,1,1,1,0,0,0,0,0,
Best: P1
47
Tennessee Avenue,Connecticut Avenue,
2,1,1,86,1,1,1,1,1,2,1,1,45,1,1,1,1,1,1,1,1,1,1,1,1,1,1,1,0,0,0,7381,0,1,1,1,1,70,4,1,1,1,1,1,16,1,1,1,1,1,1,1,1,1,1,1,1,1,1,1,1,0,0,0,0,0,1,1,1,1,1,1,1,1,1,1,1,1,1,1,1,1,1,1,1,1,1,1,1,1,1,1,1,1,0,0,0,0,0,
Best: P1
48

2,1,1,86,1,1,1,1,1,2,1,1,45,1,1,1,1,1,1,1,1,1,1,1,1,1,1,1,0,0,0,7381,0,1,1,1,1,70,4,1,1,1,1,1,16,1,1,1,1,1,1,1,1,1,1,1,1,1,1,1,1,0,0,0,0,0,1,1,1,1,1,1,1,1,1,1,1,1,1,1,1,1,1,1,1,1,1,1,1,1,1,1,1,1,0,0,0,0,0,
Best: P1
47
Water Works,
2,1,1,86,1,1,1,1,1,2,1,1,45,1,1,1,1,1,1,1,1,1,1,1,1,1,1,1,0,0,0,7381,0,1,1,1,1,70,4,1,1,1,1,1,16,1,1,1,1,1,1,1,1,1,1,1,1,1,1,1,1,0,0,0,0,0,1,1,1,1,1,1,1,1,1,1,1,1,1,1,1,1,1,1,1,1,1,1,1,1,1,1,1,1,0,0,0,0,0,
Best: P1
46
Ventnor Avenue,Pennsylvania Railroad,New York Avenue,
2,1,1,86,1,1,1,1,1,2,1,1,45,1,1,1,1,1,1,1,1,1,1,1,1,1,1,1,0,0,0,7381,0,1,1,1,1,70,4,1,1,1,1,1,16,1,1,1,1,1,1,1,1,1,1,1,1,1,1,1,1,0,0,0,0,0,1,1,1,1,1,1,1,1,1,1,1,1,1,1,1,1,1,1,1,1,1,1,1,1,1,1,1,1,0,0,0,0,0,
Best: P1
48
Electric Company,Vermont Avenue,
2,1,1,86,1,1,1,1,1,2,1,1,45,1,1,1,1,1,1,1,1,1,1,1,1,1,1,1,0,0,0,7381,0,1,1,1,1,70,4,1,1,1,1,1,16,1,1,1,1,1,1,1,1,1,1,1,1,1,1,1,1,0,0,0,0,0,1,1,1,1,1,1,1,1,1,1,1,1,1,1,1,1,1,1,1,1,1,1,1,1,1,1,1,1,0,0,0,0,0,
Best: P1
47
Atlantic Avenue,Pennsylvania Avenue,States Avenue,Water Works,Pennsylvania Railroad,
2,1,1,86,1,1,1,1,1,2,1,1,45,1,1,1,1,1,1,1,1,1,1,1,1,1,1,1,0,0,0,7381,0,1,1,1,1,70,4,1,1,1,1,1,16,1,1,1,1,1,1,1,1,1,1,1,1,1,1,1,1,0,0,0,0,0,1,1,1,1,1,1,1,1,1,1,1,1,1,1,1,1,1,1,1,1,1,1,1,1,1,1,1,1,0,0,0,0,0,
Best: P1
48
Water Works,Indiana Avenue,Short Line Railroad,New York Avenue,St. James Place,
2,1,1,86,1,1,1,1,1,2,1,1,45,1,1,1,1,1,1,1,1,1,1,1,1,1,1,1,0,0,0,7381,0,1,1,1,1,70,4,1,1,1,1,1,16,1,1,1,1,1,1,1,1,1,1,1,1,1,1,1,1,0,0,0,0,0,1,1,1,1,1,1,1,1,1,1,1,1,1,1,1,1,1,1,1,1,1,1,1,1,1,1,1,1,0,0,0,0,0,
Best: P2
46
Indiana Avenue,Baltic Avenue,Kentucky Avenue,
1,1,1,58,1,1,1,1,1,1,1,1,59,1,1,1,1,1,1,1,1,1,1,1,1,1,1,1,0,0,0,3972,0,1,1,1,1,47,5,1,1,1,1,1,18,1,1,1,1,1,1,1,1,1,1,1,1,1,1,1,1,0,0,0,0,0,1,1,1,1,1,1,1,1,1,1,1,1,1,1,1,1,1,1,1,1,1,1,1,1,1,1,1,1,0,0,0,0,0,
Best: P1
47
Illinois Avenue,Virginia Avenue,Short Line Railroad,
1,1,1,100,1,1,1,1,1,1,1,1,45,1,1,1,1,1,1,1,1,1,1,1,1,1,1,1,0,0,0,4484,0,1,1,1,1,75,3,1,1,1,1,1,10,1,1,1,1,1,1,1,1,1,1,1,1,1,1,1,1,0,0,0,0,0,1,1,1,1,1,1,1,1,1,1,1,1,1,1,1,1,1,1,1,1,1,1,1,1,1,1,1,1,0,0,0,0,0,
Best: P2
46

1,1,1,71,1,1,1,1,1,1,1,1,64,1,1,1,1,1,1,1,1,1,1,1,1,1,1,1,0,0,0,5876,0,1,1,1,1,84,3,1,1,1,1,1,9,1,1,1,1,1,1,1,1,1,1,1,1,2,1,1,1,0,0,0,0,0,1,1,1,1,2,1,1,1,1,1,1,1,1,1,1,1,1,1,1,1,1,1,1,1,1,1,1,1,0,0,0,0,0,
Best: P2
47
Reading Railroad,
1,1,1,71,1,1,1,1,1,1,1,1,64,1,1,1,1,1,1,1,1,1,1,1,1,1,1,1,0,0,0,5876,0,1,1,1,1,84,3,1,1,1,1,1,9,1,1,1,1,1,1,1,1,1,1,1,1,2,1,1,1,0,0,0,0,0,1,1,1,1,2,1,1,1,1,1,1,1,1,1,1,1,1,1,1,1,1,1,1,1,1,1,1,1,0,0,0,0,0,
Best: P1
48
Tennessee Avenue,Indiana Avenue,Virginia Avenue,
1,1,1,85,1,1,1,1,1,1,1,1,56,1,1,1,1,1,1,1,1,1,1,1,1,1,1,1,0,0,0,3253,0,1,1,1,1,41,3,1,1,1,1,1,7,1,1,1,1,1,1,1,1,1,1,1,1,1,1,1,1,0,0,0,0,0,1,1,1,1,1,1,1,1,1,1,1,1,1,1,1,1,1,1,1,1,1,1,1,1,1,1,1,1,0,0,0,0,0,
Best: P1
46
Boardwalk,Short Line Railroad,Mediterranean Avenue,Water Works,Electric Company,Baltic Avenue,Kentucky Avenue,St. James Place,
1,1,1,85,1,1,1,1,1,1,1,1,56,1,1,1,1,1,1,1,1,1,1,1,1,1,1,1,0,0,0,3253,0,1,1,1,1,41,3,1,1,1,1,1,7,1,1,1,1,1,1,1,1,1,1,1,1,1,1,1,1,0,0,0,0,0,1,1,1,1,1,1,1,1,1,1,1,1,1,1,1,1,1,1,1,1,1,1,1,1,1,1,1,1,0,0,0,0,0,
Best: P1
48
B & O Railroad,States Avenue,Virginia Avenue,
1,1,1,85,1,1,1,1,1,1,1,1,56,1,1,1,1,1,1,1,1,1,1,1,1,1,1,1,0,0,0,3253,0,1,1,1,1,41,3,1,1,1,1,1,7,1,1,1,1,1,1,1,1,1,1,1,1,1,1,1,1,0,0,0,0,0,1,1,1,1,1,1,1,1,1,1,1,1,1,1,1,1,1,1,1,1,1,1,1,1,1,1,1,1,0,0,0,0,0,
Best: P1
47
Connecticut Avenue,Boardwalk,New York Avenue,Pennsylvania Avenue,
1,1,1,85,1,1,1,1,1,1,1,1,56,1,1,1,1,1,1,1,1,1,1,1,1,1,1,1,0,0,0,3253,0,1,1,1,1,41,3,1,1,1,1,1,7,1,1,1,1,1,1,1,1,1,1,1,1,1,1,1,1,0,0,0,0,0,1,1,1,1,1,1,1,1,1,1,1,1,1,1,1,1,1,1,1,1,1,1,1,1,1,1,1,1,0,0,0,0,0,
Best: P1
47
Baltic Avenue,Pennsylvania Railroad,
1,1,1,85,1,1,1,1,1,1,1,1,56,1,1,1,1,1,1,1,1,1,1,1,1,1,1,1,0,0,0,3253,0,1,1,1,1,41,3,1,1,1,1,1,7,1,1,1,1,1,1,1,1,1,1,1,1,1,1,1,1,0,0,0,0,0,1,1,1,1,1,1,1,1,1,1,1,1,1,1,1,1,1,1,1,1,1,1,1,1,1,1,1,1,0,0,0,0,0,
Best: P1
46
Short Line Railroad,Boardwalk,
1,1,1,85,1,1,1,1,1,1,1,1,56,1,1,1,1,1,1,1,1,1,1,1,1,1,1,1,0,0,0,3253,0,1,1,1,1,41,3,1,1,1,1,1,7,1,1,1,1,1,1,1,1,1,1,1,1,1,1,1,1,0,0,0,0,0,1,1,1,1,1,1,1,1,1,1,1,1,1,1,1,1,1,1,1,1,1,1,1,1,1,1,1,1,0,0,0,0,0,
Best: P1
48
B & O Railroad,
1,1,1,85,1,1,1,1,1,1,1,1,56,1,1,1,1,1,1,1,1,1,1,1,1,1,1,1,0,0,0,3253,0,1,1,1,1,41,3,1,1,1,1,1,7,1,1,1,1,1,1,1,1,1,1,1,1,1,1,1,1,0,0,0,0,0,1,1,1,1,1,1,1,1,1,1,1,1,1,1,1,1,1,1,1,1,1,1,1,1,1,1,1,1,0,0,0,0,0,
Best: P1
47
States Avenue,
1,1,1,85,1,1,1,1,1,1,1,1,56,1,1,1,1,1,1,1,1,1,1,1,1,1,1,1,0,0,0,3253,0,1,1,1,1,41,3,1,1,1,1,1,7,1,1,1,1,1,1,1,1,1,1,1,1,1,1,1,1,0,0,0,0,0,1,1,1,1,1,1,1,1,1,1,1,1,1,1,1,1,1,1,1,1,1,1,1,1,1,1,1,1,0,0,0,0,0,
Best: P2
47
Vermont Avenue,St. Charles Place,Marvin Gardens,
1,1,1,55,1,1,1,1,1,1,1,1,89,1,1,1,1,1,1,1,1,1,1,1,1,1,1,1,0,0,0,1698,0,1,1,1,1,45,2,1,1,1,1,2,7,1,1,1,1,1,1,1,1,1,1,1,1,1,1,1,1,0,0,0,0,0,1,1,1,1,1,1,1,1,1,1,1,1,1,1,1,1,1,1,1,1,1,1,1,1,1,1,1,1,0,0,0,0,0,
Best: P2
47
Connecticut Avenue,States Avenue,
1,1,1,55,1,1,1,1,1,1,1,1,89,1,1,1,1,1,1,1,1,1,1,1,1,1,1,1,0,0,0,1698,0,1,1,1,1,45,2,1,1,1,1,2,7,1,1,1,1,1,1,1,1,1,1,1,1,1,1,1,1,0,0,0,0,0,1,1,1,1,1,1,1,1,1,1,1,1,1,1,1,1,1,1,1,1,1,1,1,1,1,1,1,1,0,0,0,0,0,
Best: P1
47
Mediterranean Avenue,
1,1,1,32,1,1,1,1,1,1,1,1,85,1,1,1,1,1,1,1,1,1,1,1,1,1,1,1,0,0,0,1676,0,1,1,1,1,35,2,1,1,1,1,1,7,1,2,1,1,1,1,1,1,1,1,1,1,1,1,1,1,0,0,0,0,0,1,1,1,1,1,1,1,1,1,1,1,1,1,1,1,1,1,1,1,1,1,1,1,1,1,1,1,1,0,0,0,0,0,
Best: P1
48
Electric Company,Pennsylvania Avenue,
1,1,1,32,1,1,1,1,1,1,1,1,85,1,1,1,1,1,1,1,1,1,1,1,1,1,1,1,0,0,0,1676,0,1,1,1,1,35,2,1,1,1,1,1,7,1,2,1,1,1,1,1,1,1,1,1,1,1,1,1,1,0,0,0,0,0,1,1,1,1,1,1,1,1,1,1,1,1,1,1,1,1,1,1,1,1,1,1,1,1,1,1,1,1,0,0,0,0,0,
Best: P1
47
Ventnor Avenue,St. Charles Place,Mediterranean Avenue,
1,1,1,32,1,1,1,1,1,1,1,1,85,1,1,1,1,1,1,1,1,1,1,1,1,1,1,1,0,0,0,1676,0,1,1,1,1,35,2,1,1,1,1,1,7,1,2,1,1,1,1,1,1,1,1,1,1,1,1,1,1,0,0,0,0,0,1,1,1,1,1,1,1,1,1,1,1,1,1,1,1,1,1,1,1,1,1,1,1,1,1,1,1,1,0,0,0,0,0,
Best: P1
48
Oriental Avenue,Virginia Avenue,
1,1,1,32,1,1,1,1,1,1,1,1,85,1,1,1,1,1,1,1,1,1,1,1,1,1,1,1,0,0,0,1676,0,1,1,1,1,35,2,1,1,1,1,1,7,1,2,1,1,1,1,1,1,1,1,1,1,1,1,1,1,0,0,0,0,0,1,1,1,1,1,1,1,1,1,1,1,1,1,1,1,1,1,1,1,1,1,1,1,1,1,1,1,1,0,0,0,0,0,
Best: P1
47
Kentucky Avenue,Tennessee Avenue,St. Charles Place,Pennsylvania Railroad,Park Place,Pennsylvania Avenue,
1,1,1,32,1,1,1,1,1,1,1,1,85,1,1,1,1,1,1,1,1,1,1,1,1,1,1,1,0,0,0,1676,0,1,1,1,1,35,2,1,1,1,1,1,7,1,2,1,1,1,1,1,1,1,1,1,1,1,1,1,1,0,0,0,0,0,1,1,1,1,1,1,1,1,1,1,1,1,1,1,1,1,1,1,1,1,1,1,1,1,1,1,1,1,0,0,0,0,0,
Best: P2
47
Kentucky Avenue,Atlantic Avenue,Illinois Avenue,Pacific Avenue,
1,1,1,32,1,1,1,1,1,1,1,1,57,1,1,1,1,1,1,1,1,1,1,1,1,1,1,1,0,0,0,2112,0,1,1,1,1,23,1,1,1,1,1,1,8,1,1,1,1,1,1,1,1,1,1,1,1,1,1,1,1,0,0,0,0,0,1,1,1,1,1,1,1,1,1,1,1,1,1,1,1,1,1,1,1,1,1,1,1,1,1,1,1,1,0,0,0,0,0,
Best: P1
47
Water Works,Vermont Avenue,
1,1,1,19,1,1,1,1,2,1,1,1,80,1,1,1,1,1,1,1,1,1,1,1,1,1,1,1,0,0,0,2670,0,1,1,1,1,17,1,1,1,1,1,1,9,1,1,1,1,1,1,1,1,1,1,1,1,1,1,1,1,0,0,0,0,0,1,1,1,1,1,1,1,1,1,1,1,1,1,1,1,1,1,1,1,2,1,1,1,1,1,1,1,1,0,0,0,0,0,
Best: P1
48
Virginia Avenue,Marvin Gardens,St. Charles Place,St. James Place,
1,1,1,19,1,1,1,1,2,1,1,1,80,1,1,1,1,1,1,1,1,1,1,1,1,1,1,1,0,0,0,2670,0,1,1,1,1,17,1,1,1,1,1,1,9,1,1,1,1,1,1,1,1,1,1,1,1,1,1,1,1,0,0,0,0,0,1,1,1,1,1,1,1,1,1,1,1,1,1,1,1,1,1,1,1,2,1,1,1,1,1,1,1,1,0,0,0,0,0,
Best: P1
47
B & O Railroad,Tennessee Avenue,Marvin Gardens,Virginia Avenue,Atlantic Avenue,
1,1,1,19,1,1,1,1,2,1,1,1,80,1,1,1,1,1,1,1,1,1,1,1,1,1,1,1,0,0,0,2670,0,1,1,1,1,17,1,1,1,1,1,1,9,1,1,1,1,1,1,1,1,1,1,1,1,1,1,1,1,0,0,0,0,0,1,1,1,1,1,1,1,1,1,1,1,1,1,1,1,1,1,1,1,2,1,1,1,1,1,1,1,1,0,0,0,0,0,
Best: P1
48
St. Charles Place,St. James Place,
1,1,1,19,1,1,1,1,2,1,1,1,80,1,1,1,1,1,1,1,1,1,1,1,1,1,1,1,0,0,0,2670,0,1,1,1,1,17,1,1,1,1,1,1,9,1,1,1,1,1,1,1,1,1,1,1,1,1,1,1,1,0,0,0,0,0,1,1,1,1,1,1,1,1,1,1,1,1,1,1,1,1,1,1,1,2,1,1,1,1,1,1,1,1,0,0,0,0,0,
Best: P1
46
States Avenue,
1,1,1,19,1,1,1,1,2,1,1,1,80,1,1,1,1,1,1,1,1,1,1,1,1,1,1,1,0,0,0,2670,0,1,1,1,1,17,1,1,1,1,1,1,9,1,1,1,1,1,1,1,1,1,1,1,1,1,1,1,1,0,0,0,0,0,1,1,1,1,1,1,1,1,1,1,1,1,1,1,1,1,1,1,1,2,1,1,1,1,1,1,1,1,0,0,0,0,0,
Best: P1
47
Baltic Avenue,Park Place,
1,1,1,19,1,1,1,1,2,1,1,1,80,1,1,1,1,1,1,1,1,1,1,1,1,1,1,1,0,0,0,2670,0,1,1,1,1,17,1,1,1,1,1,1,9,1,1,1,1,1,1,1,1,1,1,1,1,1,1,1,1,0,0,0,0,0,1,1,1,1,1,1,1,1,1,1,1,1,1,1,1,1,1,1,1,2,1,1,1,1,1,1,1,1,0,0,0,0,0,
Best: P1
48
Reading Railroad,North Carolina Avenue,Pennsylvania Railroad,
1,1,1,19,1,1,1,1,2,1,1,1,80,1,1,1,1,1,1,1,1,1,1,1,1,1,1,1,0,0,0,2670,0,1,1,1,1,17,1,1,1,1,1,1,9,1,1,1,1,1,1,1,1,1,1,1,1,1,1,1,1,0,0,0,0,0,1,1,1,1,1,1,1,1,1,1,1,1,1,1,1,1,1,1,1,2,1,1,1,1,1,1,1,1,0,0,0,0,0,
Best: P1
48
Pennsylvania Railroad,Boardwalk,
1,1,1,19,1,1,1,1,2,1,1,1,80,1,1,1,1,1,1,1,1,1,1,1,1,1,1,1,0,0,0,2670,0,1,1,1,1,17,1,1,1,1,1,1,9,1,1,1,1,1,1,1,1,1,1,1,1,1,1,1,1,0,0,0,0,0,1,1,1,1,1,1,1,1,1,1,1,1,1,1,1,1,1,1,1,2,1,1,1,1,1,1,1,1,0,0,0,0,0,
Best: P1
48
B & O Railroad,Electric Company,
1,1,1,19,1,1,1,1,2,1,1,1,80,1,1,1,1,1,1,1,1,1,1,1,1,1,1,1,0,0,0,2670,0,1,1,1,1,17,1,1,1,1,1,1,9,1,1,1,1,1,1,1,1,1,1,1,1,1,1,1,1,0,0,0,0,0,1,1,1,1,1,1,1,1,1,1,1,1,1,1,1,1,1,1,1,2,1,1,1,1,1,1,1,1,0,0,0,0,0,
Best: P1
46
New York Avenue,
1,1,1,19,1,1,1,1,2,1,1,1,80,1,1,1,1,1,1,1,1,1,1,1,1,1,1,1,0,0,0,2670,0,1,1,1,1,17,1,1,1,1,1,1,9,1,1,1,1,1,1,1,1,1,1,1,1,1,1,1,1,0,0,0,0,0,1,1,1,1,1,1,1,1,1,1,1,1,1,1,1,1,1,1,1,2,1,1,1,1,1,1,1,1,0,0,0,0,0,
Best: P1
47
Pennsylvania Avenue,Pennsylvania Railroad,Oriental Avenue,
1,1,1,19,1,1,1,1,2,1,1,1,80,1,1,1,1,1,1,1,1,1,1,1,1,1,1,1,0,0,0,2670,0,1,1,1,1,17,1,1,1,1,1,1,9,1,1,1,1,1,1,1,1,1,1,1,1,1,1,1,1,0,0,0,0,0,1,1,1,1,1,1,1,1,1,1,1,1,1,1,1,1,1,1,1,2,1,1,1,1,1,1,1,1,0,0,0,0,0,
Best: P3
47
New York Avenue,Short Line Railroad,Reading Railroad,B & O Railroad,Boardwalk,Connecticut Avenue,
1,1,1,23,1,1,1,1,1,1,1,2,100,1,1,1,1,1,1,1,1,1,1,1,1,1,1,1,0,0,0,4502,0,1,1,1,1,13,1,1,1,1,1,1,10,1,1,1,1,1,1,1,1,1,1,1,1,1,1,1,1,0,0,0,0,0,1,1,2,1,1,1,1,1,1,1,1,1,2,1,1,1,1,1,1,1,1,1,1,1,1,1,1,1,0,0,0,0,0,
Best: P1
48
Vermont Avenue,New York Avenue,
1,1,1,24,1,1,1,1,1,1,1,1,100,1,1,1,1,1,1,1,1,1,1,1,1,1,1,1,0,0,0,4339,0,1,1,1,1,12,1,1,1,1,1,1,6,1,1,1,1,1,1,1,1,1,1,1,1,1,1,1,1,0,0,0,0,0,1,1,1,1,1,1,1,1,1,1,1,1,1,1,1,1,1,1,1,1,1,1,1,1,1,1,1,1,0,0,0,0,0,
Best: P1
46
States Avenue,B & O Railroad,Connecticut Avenue,Reading Railroad,
1,1,1,24,1,1,1,1,1,1,1,1,100,1,1,1,1,1,1,1,1,1,1,1,1,1,1,1,0,0,0,4339,0,1,1,1,1,12,1,1,1,1,1,1,6,1,1,1,1,1,1,1,1,1,1,1,1,1,1,1,1,0,0,0,0,0,1,1,1,1,1,1,1,1,1,1,1,1,1,1,1,1,1,1,1,1,1,1,1,1,1,1,1,1,0,0,0,0,0,
Best: P1
47
Kentucky Avenue,Marvin Gardens,Vermont Avenue,
1,1,1,24,1,1,1,1,1,1,1,1,100,1,1,1,1,1,1,1,1,1,1,1,1,1,1,1,0,0,0,4339,0,1,1,1,1,12,1,1,1,1,1,1,6,1,1,1,1,1,1,1,1,1,1,1,1,1,1,1,1,0,0,0,0,0,1,1,1,1,1,1,1,1,1,1,1,1,1,1,1,1,1,1,1,1,1,1,1,1,1,1,1,1,0,0,0,0,0,
Best: P2
47
Connecticut Avenue,Indiana Avenue,Oriental Avenue,
1,1,1,22,1,1,1,1,1,1,1,1,100,1,1,1,1,1,1,1,1,1,1,1,1,1,1,1,0,0,0,2538,0,1,1,1,1,9,1,1,1,1,1,1,4,1,1,1,1,1,1,1,1,1,1,1,1,1,1,1,1,0,0,0,0,0,1,1,1,1,1,1,1,1,1,1,2,1,1,1,1,1,1,1,1,1,1,1,1,1,1,1,1,1,0,0,0,0,0,
Best: P1
46
Virginia Avenue,
1,1,1,33,1,1,1,1,1,1,1,1,69,1,1,1,1,1,1,1,1,1,1,1,1,1,1,1,0,0,0,4985,0,1,1,1,1,12,1,1,1,1,1,1,6,1,1,1,1,1,1,1,1,1,1,1,1,1,1,1,1,0,0,0,0,0,1,1,1,2,1,1,1,1,1,1,1,1,1,1,1,1,1,1,1,1,1,1,1,1,1,1,1,1,0,0,0,0,0,
Best: P1
48
Ventnor Avenue,Vermont Avenue,Electric Company,
1,1,1,33,1,1,1,1,1,1,1,1,69,1,1,1,1,1,1,1,1,1,1,1,1,1,1,1,0,0,0,4985,0,1,1,1,1,12,1,1,1,1,1,1,6,1,1,1,1,1,1,1,1,1,1,1,1,1,1,1,1,0,0,0,0,0,1,1,1,2,1,1,1,1,1,1,1,1,1,1,1,1,1,1,1,1,1,1,1,1,1,1,1,1,0,0,0,0,0,
Best: P1
47
Marvin Gardens,Boardwalk,St. Charles Place,
1,1,1,33,1,1,1,1,1,1,1,1,69,1,1,1,1,1,1,1,1,1,1,1,1,1,1,1,0,0,0,4985,0,1,1,1,1,12,1,1,1,1,1,1,6,1,1,1,1,1,1,1,1,1,1,1,1,1,1,1,1,0,0,0,0,0,1,1,1,2,1,1,1,1,1,1,1,1,1,1,1,1,1,1,1,1,1,1,1,1,1,1,1,1,0,0,0,0,0,
Best: P1
47
Pacific Avenue,Oriental Avenue,Vermont Avenue,St. James Place,
1,1,1,33,1,1,1,1,1,1,1,1,69,1,1,1,1,1,1,1,1,1,1,1,1,1,1,1,0,0,0,4985,0,1,1,1,1,12,1,1,1,1,1,1,6,1,1,1,1,1,1,1,1,1,1,1,1,1,1,1,1,0,0,0,0,0,1,1,1,2,1,1,1,1,1,1,1,1,1,1,1,1,1,1,1,1,1,1,1,1,1,1,1,1,0,0,0,0,0,
Best: P1
48
Illinois Avenue,Short Line Railroad,
1,1,1,33,1,1,1,1,1,1,1,1,69,1,1,1,1,1,1,1,1,1,1,1,1,1,1,1,0,0,0,4985,0,1,1,1,1,12,1,1,1,1,1,1,6,1,1,1,1,1,1,1,1,1,1,1,1,1,1,1,1,0,0,0,0,0,1,1,1,2,1,1,1,1,1,1,1,1,1,1,1,1,1,1,1,1,1,1,1,1,1,1,1,1,0,0,0,0,0,
Best: P1
48
Reading Railroad,North Carolina Avenue,
1,1,1,33,1,1,1,1,1,1,1,1,69,1,1,1,1,1,1,1,1,1,1,1,1,1,1,1,0,0,0,4985,0,1,1,1,1,12,1,1,1,1,1,1,6,1,1,1,1,1,1,1,1,1,1,1,1,1,1,1,1,0,0,0,0,0,1,1,1,2,1,1,1,1,1,1,1,1,1,1,1,1,1,1,1,1,1,1,1,1,1,1,1,1,0,0,0,0,0,
Best: P1
46
Electric Company,Water Works,Marvin Gardens,Reading Railroad,
1,1,1,33,1,1,1,1,1,1,1,1,69,1,1,1,1,1,1,1,1,1,1,1,1,1,1,1,0,0,0,4985,0,1,1,1,1,12,1,1,1,1,1,1,6,1,1,1,1,1,1,1,1,1,1,1,1,1,1,1,1,0,0,0,0,0,1,1,1,2,1,1,1,1,1,1,1,1,1,1,1,1,1,1,1,1,1,1,1,1,1,1,1,1,0,0,0,0,0,
Best: P1
47
Virginia Avenue,St. Charles Place,
1,1,1,33,1,1,1,1,1,1,1,1,69,1,1,1,1,1,1,1,1,1,1,1,1,1,1,1,0,0,0,4985,0,1,1,1,1,12,1,1,1,1,1,1,6,1,1,1,1,1,1,1,1,1,1,1,1,1,1,1,1,0,0,0,0,0,1,1,1,2,1,1,1,1,1,1,1,1,1,1,1,1,1,1,1,1,1,1,1,1,1,1,1,1,0,0,0,0,0,
Best: P1
48
States Avenue,North Carolina Avenue,New York Avenue,
1,1,1,33,1,1,1,1,1,1,1,1,69,1,1,1,1,1,1,1,1,1,1,1,1,1,1,1,0,0,0,4985,0,1,1,1,1,12,1,1,1,1,1,1,6,1,1,1,1,1,1,1,1,1,1,1,1,1,1,1,1,0,0,0,0,0,1,1,1,2,1,1,1,1,1,1,1,1,1,1,1,1,1,1,1,1,1,1,1,1,1,1,1,1,0,0,0,0,0,
