P1
69,11,85,70,96,8,56,92,79,96,2,45,31,11,34,65,37,37,12,72,83,23,48,98,75,9,1,31,64,37,99,186,4,58,29,62,43,1,77,99,90,32,23,38,20,18,2,44,48,38,74,99,27,1,52,65,88,75,28,89,44,35,19,59,172,5,53,45,95,0,17,94,97,70,85,24,32,48,10,8,28,41,86,55,3,65,56,45,23,1,47,52,27,70,0,42,53,447,5,
P2
68,9,57,23,68,1,85,70,46,82,82,80,47,18,83,25,91,66,48,4,29,23,13,98,20,43,0,18,7,14,75,466,1,1,16,12,100,72,44,90,76,30,7,79,41,21,83,14,86,9,15,4,40,69,79,69,57,89,70,42,97,28,56,97,350,4,54,70,26,16,6,77,6,38,24,17,46,52,24,98,74,27,28,96,73,51,97,19,69,90,56,70,99,27,89,51,8,259,5,
P3
65,57,24,15,27,36,64,8,83,10,93,65,35,49,97,50,54,93,73,33,56,59,77,22,77,84,36,43,25,92,56,350,4,62,10,54,51,86,50,24,30,91,11,13,4,98,89,86,68,29,54,12,98,77,0,67,18,63,61,75,95,57,12,19,206,4,92,94,95,98,31,19,81,43,37,5,6,77,99,0,72,37,18,34,23,87,24,79,22,22,5,11,39,32,86,26,77,114,0,
P4
37,42,92,0,50,40,77,8,71,79,58,34,28,11,26,67,44,48,25,87,70,69,37,72,78,28,63,8,50,78,87,116,5,36,41,75,27,71,65,4,50,70,1,5,55,35,34,76,47,98,18,48,30,37,10,91,78,72,14,56,76,100,45,1,89,4,75,83,64,55,25,67,26,98,44,25,99,82,62,16,83,85,69,73,29,92,95,1,2,100,33,88,93,49,31,78,72,170,1,
P5
88,35,61,30,44,98,8,1,31,36,79,23,69,22,71,61,76,40,29,79,78,6,6,41,14,56,85,44,8,4,62,378,1,28,22,39,33,73,75,0,78,97,2,78,72,49,41,56,63,71,59,40,27,36,11,41,59,53,40,3,19,8,55,36,203,3,26,52,91,19,50,0,10,14,82,72,97,30,23,65,2,52,56,63,53,24,63,52,79,55,1,9,32,61,81,59,73,280,2,
P6
93,49,56,0,16,87,3,95,10,72,17,47,32,59,88,27,37,31,33,43,72,14,65,23,24,73,27,56,1,32,94,394,1,35,15,74,2,93,36,4,36,74,19,77,30,83,47,89,89,41,92,66,82,50,18,89,19,4,97,74,98,99,16,0,2,3,58,27,7,68,7,55,6,3,86,29,34,88,47,57,51,67,47,80,85,25,34,52,0,32,13,47,92,64,87,69,44,148,5,
P7
94,64,89,63,59,99,35,42,45,33,0,99,61,37,30,60,46,68,40,10,91,65,49,84,87,50,83,66,9,30,3,8,3,2,91,39,73,27,13,58,70,9,40,17,98,95,58,89,60,5,4,45,60,90,49,22,63,12,21,80,76,88,78,56,199,0,12,2,99,85,72,50,80,5,38,93,28,55,59,76,34,10,0,34,62,68,66,41,14,23,71,0,92,7,11,53,90,417,3,
P8
32,18,54,67,60,65,67,26,30,27,29,60,53,75,94,94,51,51,58,67,0,10,83,83,76,93,79,43,62,39,94,445,0,28,61,97,52,31,5,93,14,70,53,38,24,13,43,96,58,70,85,73,92,14,85,79,60,60,66,37,4,21,71,15,56,2,74,93,66,53,65,70,45,93,91,71,68,91,81,35,24,8,2,57,50,16,46,20,84,38,28,61,57,45,50,79,90,265,3,
P9
61,50,50,94,76,80,87,5,5,39,46,65,32,98,15,56,30,83,66,12,65,8,4,10,17,66,15,83,60,38,87,353,0,68,63,23,26,77,93,79,81,83,58,23,78,82,59,29,54,51,43,5,29,2,65,62,39,36,83,76,24,65,7,32,108,1,8,35,29,19,95,20,56,62,10,2,97,1,11,99,58,27,82,3,47,31,7,41,92,65,87,7,43,13,97,80,71,310,1,
P10
80,30,96,66,1,67,71,13,32,3,77,13,25,6,96,92,19,27,66,90,37,83,56,52,31,82,56,99,68,10,13,431,2,24,79,56,69,59,5,27,49,83,8,7,11,29,58,54,34,54,22,65,15,27,0,64,3,91,28,77,66,26,13,50,102,0,90,76,22,12,3,99,14,0,100,25,65,57,52,46,27,66,43,0,6,34,65,59,41,74,39,3,20,11,40,1,97,496,2,
P11
79,74,9,49,87,41,18,30,21,44,36,16,1,21,43,67,11,46,15,33,64,47,14,20,11,82,97,92,95,2,39,31,3,19,17,57,12,66,5,20,39,84,49,64,3,49,17,26,14,99,19,14,28,22,5,57,66,37,49,79,32,100,36,85,431,4,8,46,34,22,46,100,48,78,57,66,90,50,31,33,50,4,67,82,29,75,55,34,44,41,46,85,42,59,47,51,55,384,2,
P12
54,28,85,73,58,72,83,61,89,84,82,98,16,59,44,31,92,74,44,5,94,55,87,90,47,47,58,81,52,100,6,455,4,97,51,79,83,91,28,99,54,31,47,37,23,61,1,43,42,29,31,47,52,97,50,1,41,82,67,78,32,51,63,13,116,0,77,9,60,91,87,83,23,43,99,20,76,49,24,8,30,20,49,51,54,60,93,100,10,0,25,57,18,52,11,15,88,9,5,
P13
45,52,47,94,12,1,77,61,66,59,19,76,56,11,49,0,83,43,21,36,99,34,83,57,82,35,56,72,7,50,18,397,0,62,4,77,26,24,8,74,27,31,0,28,40,42,57,72,55,9,34,4,77,76,53,43,19,85,60,82,55,39,96,0,9,1,45,44,88,68,87,86,88,62,0,79,36,97,65,86,14,18,45,6,85,55,73,76,11,91,94,89,72,72,42,63,87,422,0,
P14
11,47,28,54,7,94,12,94,69,68,71,85,34,53,27,22,89,92,22,38,48,3,39,71,76,46,87,89,30,55,41,174,4,27,90,55,67,16,53,33,44,93,76,68,30,97,43,65,1,19,6,20,62,25,4,21,6,59,60,2,29,26,34,19,307,2,20,59,82,75,87,82,53,22,79,84,74,93,1,85,65,52,5,3,27,83,61,20,71,32,58,13,61,34,66,33,53,187,4,
P15
95,76,3,6,35,39,40,5,23,41,25,16,63,80,7,51,84,22,55,22,59,97,34,45,51,64,67,67,4,69,65,93,0,52,40,17,86,51,77,27,85,6,23,27,37,91,46,43,10,74,68,81,61,41,6,87,9,35,12,43,11,99,67,50,396,0,27,44,93,46,67,37,29,6,29,97,92,60,49,63,29,42,46,90,29,83,22,87,96,49,87,28,83,50,47,40,74,344,3,
P16
71,46,85,78,17,7,18,8,90,47,89,98,98,72,86,18,61,44,14,61,55,32,25,21,99,96,56,75,61,33,98,418,2,1,91,2,28,75,76,18,68,79,8,80,22,86,53,56,66,13,97,72,100,5,74,78,49,51,42,82,94,93,21,94,286,5,86,17,89,81,90,84,77,81,43,92,10,39,0,56,28,96,38,16,82,0,66,35,95,14,85,41,20,44,81,4,66,478,3,
P17
41,62,79,59,71,69,72,25,32,36,63,84,20,23,27,1,51,48,33,76,36,31,37,92,72,64,91,58,28,35,69,455,5,89,52,30,6,19,76,81,99,64,66,51,19,99,30,83,36,96,54,9,40,69,27,82,17,20,74,38,6,34,50,89,435,0,12,78,69,55,24,78,13,34,16,13,90,11,75,95,27,22,95,59,57,55,73,41,96,94,52,76,64,48,7,52,19,319,4,
P18
95,34,77,32,25,75,68,88,58,89,78,51,90,28,65,22,70,0,19,73,59,91,37,49,48,31,85,78,100,48,94,62,5,61,21,33,41,86,63,74,3,49,72,33,31,7,96,51,84,35,87,10,16,3,97,57,41,70,91,57,98,45,25,5,218,3,74,19,78,87,54,60,66,9,71,40,3,65,63,64,23,19,18,63,27,80,22,79,21,86,93,28,3,57,13,99,54,470,1,
P19
26,73,69,60,60,26,14,3,43,3,31,7,92,67,8,77,40,67,67,43,82,82,74,66,25,39,80,77,100,61,92,123,3,46,98,17,19,0,66,57,0,63,31,96,81,81,30,67,57,46,70,53,2,77,89,59,34,86,70,59,41,75,71,88,54,4,6,72,60,73,81,98,79,51,62,7,14,85,94,100,13,20,79,35,65,67,21,23,95,24,80,75,23,2,28,7,34,13,1,
P20
51,60,31,66,63,74,35,61,81,94,94,55,70,100,88,37,8,70,85,48,1,9,88,82,86,53,8,56,44,8,95,369,3,73,35,11,30,35,40,27,30,20,7,60,87,64,72,22,83,41,66,72,66,66,57,36,91,64,77,61,92,64,95,37,410,2,6,92,60,52,42,88,59,23,38,52,89,52,72,67,87,2,33,7,25,95,99,72,69,88,74,97,61,77,97,5,3,292,1,
P21
26,97,65,28,23,11,21,17,67,91,83,54,94,92,90,78,39,92,53,93,73,4,45,81,26,55,89,87,16,22,42,483,3,33,30,88,60,60,75,67,86,27,97,24,50,45,31,82,83,97,47,6,99,37,70,76,64,62,39,58,99,42,54,75,382,2,21,39,85,80,28,22,32,16,74,70,49,61,73,49,34,64,43,99,35,78,52,76,40,12,18,36,17,23,39,14,60,230,5,
P22
70,8,20,57,92,53,48,75,6,41,32,63,86,37,54,4,30,26,9,41,6,35,97,62,89,12,84,66,20,69,57,59,3,34,10,40,67,62,34,29,86,84,75,16,31,57,80,78,63,44,14,100,19,78,27,25,1,92,67,21,3,8,72,42,358,1,6,47,93,4,29,67,74,78,94,12,26,94,77,69,93,78,46,10,53,86,23,71,22,6,60,27,87,46,54,5,26,81,5,
P23
13,69,13,61,43,86,69,41,48,20,79,1,24,75,94,33,15,67,35,78,28,23,56,11,55,43,47,96,100,24,79,265,5,76,76,76,4,62,25,45,44,56,2,90,33,31,34,13,30,19,91,57,44,58,14,78,80,17,86,17,19,94,65,35,1,1,30,47,76,3,25,35,83,17,28,59,87,87,2,99,98,56,51,87,93,39,93,19,32,80,65,52,51,82,78,36,7,463,5,
P24
6,2,21,75,43,69,61,88,37,85,62,30,85,44,97,19,88,91,8,44,69,63,53,15,59,52,39,81,97,98,2,304,1,40,68,27,51,79,49,53,34,82,51,68,61,47,54,17,4,98,75,85,41,20,2,93,37,88,87,68,48,21,75,27,91,3,11,40,33,94,58,27,18,10,14,20,8,78,42,25,64,35,30,22,20,63,68,85,14,19,32,93,21,89,66,70,77,400,5,
P25
43,76,5,3,63,42,89,92,39,73,35,1,58,22,93,66,32,27,28,85,42,53,36,47,34,33,10,50,1,77,45,104,5,79,87,92,98,21,39,14,55,100,62,8,16,32,73,57,16,80,78,85,73,14,72,59,49,86,46,23,1,40,31,85,2,4,36,34,13,20,44,94,7,18,71,15,10,34,16,40,22,36,2,91,21,84,76,19,42,97,8,7,32,61,51,75,53,485,1,
P26
48,81,0,36,72,5,75,6,6,32,96,65,98,27,92,93,12,100,11,14,46,45,13,57,61,15,33,47,60,51,74,67,5,48,5,40,63,26,5,24,35,21,56,74,45,72,53,22,57,25,2,95,50,51,81,63,74,82,2,5,26,53,90,0,122,3,40,18,19,47,3,90,62,13,90,79,53,11,14,22,68,1,72,43,21,80,5,96,87,4,22,3,79,35,57,88,97,91,0,
P27
10,70,77,51,42,49,84,37,14,47,65,72,39,77,72,51,57,17,62,71,40,23,86,39,36,11,56,7,85,54,61,273,5,63,20,39,53,21,27,75,61,72,13,81,94,70,5,62,30,22,13,10,85,87,93,53,58,85,5,47,78,72,41,1,432,0,9,75,1,37,88,57,15,7,35,97,96,2,64,67,12,51,12,17,12,99,21,35,69,0,36,92,54,30,88,92,63,382,4,
P28
12,65,71,62,2,51,8,33,22,14,76,60,31,32,78,93,2,84,82,54,23,18,31,79,25,16,32,71,43,21,21,475,2,54,15,10,96,77,82,8,57,41,44,28,69,74,50,82,85,0,69,43,19,26,94,91,40,71,63,81,49,30,75,50,18,2,100,20,67,82,27,1,44,89,71,7,21,83,25,33,100,37,32,88,38,67,54,41,58,74,71,11,65,12,74,31,39,13,3,
P29
83,55,45,58,54,34,72,29,94,2,61,37,61,30,21,43,50,44,61,82,89,52,64,88,89,6,8,47,28,61,77,49,5,45,33,90,53,90,97,97,84,65,71,0,13,21,67,82,64,87,74,23,77,13,94,5,61,8,1,1,6,52,92,97,485,4,20,45,91,64,34,61,38,55,43,63,89,9,66,87,97,4,53,16,11,10,90,82,21,54,94,95,86,16,33,3,20,361,0,
P30
34,35,20,72,30,13,40,58,51,1,88,38,44,3,48,71,85,36,89,48,90,78,21,99,24,49,25,65,92,7,93,259,1,50,80,66,12,30,98,49,30,10,70,97,58,100,49,98,22,93,78,83,98,4,57,100,5,30,17,64,44,13,88,29,244,5,50,82,90,88,3,32,16,92,7,49,44,70,53,97,86,64,6,75,11,94,29,71,88,14,87,87,84,58,73,31,23,224,0,
P31
64,39,17,4,63,34,72,16,72,82,19,19,18,4,55,6,18,45,50,39,9,40,54,34,5,46,7,22,38,83,68,61,5,8,64,9,57,94,86,94,56,43,93,5,7,82,98,51,30,61,55,87,26,60,83,43,23,27,23,78,41,18,78,26,112,0,77,83,7,94,40,82,8,84,51,61,80,37,91,52,11,68,45,40,38,99,20,25,51,3,49,24,1,35,47,81,90,5,2,
P32
72,50,77,43,66,48,91,85,33,8,55,88,15,74,99,31,12,74,72,33,75,43,79,48,65,83,30,57,50,17,89,233,5,84,0,48,43,22,58,35,27,65,83,91,82,12,18,36,66,44,62,48,54,52,41,43,29,48,61,73,1,88,13,37,233,4,49,69,66,57,52,16,84,98,53,74,49,65,7,60,71,46,58,58,37,75,61,86,99,62,88,11,8,98,1,37,50,364,1,
P33
31,99,56,22,50,89,97,4,43,78,44,7,9,23,82,81,56,22,23,34,70,54,83,0,11,32,84,77,20,17,18,383,1,80,1,1,81,96,32,30,86,13,42,3,49,74,14,78,89,34,29,29,77,24,78,37,97,45,91,76,75,94,55,39,441,4,7,57,64,91,20,83,31,35,47,38,95,85,50,18,42,87,94,69,39,92,98,93,70,5,90,71,43,38,87,14,94,216,1,
P34
6,31,30,2,2,39,81,46,46,56,35,94,36,91,82,25,91,52,45,73,18,56,5,1,33,92,85,18,9,33,82,197,3,20,17,52,50,70,32,58,39,47,99,19,24,53,53,53,48,96,77,92,100,73,36,90,14,10,50,69,96,89,58,75,12,1,51,58,64,82,94,77,86,88,61,36,6,69,89,66,38,94,23,35,86,93,6,42,29,49,80,16,64,30,76,1,26,36,3,
P35
85,99,94,31,11,6,87,46,66,89,37,48,13,27,100,58,0,84,81,5,85,80,63,36,98,73,35,56,54,65,4,401,4,91,10,31,15,16,79,80,35,2,32,55,56,80,16,99,72,15,38,74,72,52,51,21,88,46,76,45,27,17,86,7,339,1,74,18,51,26,73,79,28,45,47,16,10,85,77,33,86,62,26,93,3,55,41,49,37,71,80,13,38,57,5,64,80,486,4,
P36
35,75,43,88,20,9,76,23,57,55,51,22,80,51,5,60,22,56,39,85,58,2,23,93,24,78,24,1,48,54,84,376,5,89,45,36,68,46,38,66,0,60,46,17,25,84,99,63,57,70,81,7,57,68,53,33,79,80,50,65,73,23,94,79,223,3,5,54,26,33,99,74,15,75,24,92,8,10,20,0,2,23,21,9,39,59,81,18,72,18,75,43,48,72,22,30,94,368,0,
P37
37,14,57,13,4,80,34,55,1,13,72,73,39,94,96,44,44,19,12,68,79,37,11,2,38,59,56,77,8,50,46,289,2,12,84,70,79,51,30,91,34,21,74,99,84,97,69,64,4,25,99,23,24,77,70,40,7,42,30,0,72,8,4,20,226,0,93,15,86,8,90,76,66,64,86,86,64,88,76,86,98,14,10,44,99,48,62,73,91,10,10,13,6,29,73,22,66,154,4,
P38
25,34,62,59,55,29,39,26,69,44,19,64,55,64,49,67,98,27,3,8,29,8,67,51,51,76,67,76,88,64,79,286,3,65,72,69,55,72,90,95,70,39,92,38,3,96,30,68,85,54,44,54,95,52,96,24,18,33,99,23,36,85,78,50,106,0,40,94,69,5,57,20,58,21,8,33,73,72,13,83,15,11,30,43,50,20,19,60,100,92,55,73,14,63,38,51,78,42,1,
P39
37,19,81,42,45,15,53,31,79,7,61,95,74,58,21,44,32,51,52,99,68,2,40,35,45,94,99,69,72,62,76,409,5,4,87,0,100,56,39,57,61,8,18,91,76,2,10,20,57,71,38,18,61,56,18,59,45,20,44,89,96,60,3,64,256,0,49,68,77,6,89,51,39,61,22,18,9,3,29,39,46,45,25,32,4,25,23,60,98,37,89,1,55,9,45,65,94,288,4,
P40
84,93,16,36,90,61,9,50,21,50,74,43,94,5,60,11,70,27,13,10,28,24,70,93,93,42,21,79,17,68,0,404,1,29,46,45,86,73,54,3,29,96,73,39,82,96,10,19,80,37,42,98,97,87,85,6,76,80,66,79,86,96,35,92,226,0,67,87,59,72,13,81,91,89,84,86,27,96,31,53,27,35,44,51,61,7,54,49,75,75,25,19,6,91,79,4,45,434,1,
P41
3,15,89,12,31,77,62,4,19,21,9,79,32,80,72,12,56,0,36,25,93,96,33,13,74,50,48,19,17,74,20,454,2,43,19,57,47,48,18,86,87,0,81,63,86,60,0,27,24,63,14,8,35,56,88,67,0,40,62,35,31,19,82,63,87,1,17,37,3,74,26,87,59,19,48,90,38,76,25,48,93,52,55,12,1,29,88,26,14,60,83,60,30,81,71,88,54,259,2,
P42
99,87,79,61,58,98,82,33,42,81,79,13,93,34,80,95,26,73,90,59,52,64,76,100,49,93,40,97,79,96,77,130,2,76,48,42,61,1,42,41,30,94,67,97,21,91,59,1,65,60,23,53,26,23,59,55,59,56,74,40,57,36,7,78,100,4,27,84,59,87,2,6,76,7,82,67,55,40,19,77,53,87,72,6,12,87,66,61,12,96,41,83,50,10,37,7,64,127,4,
P43
3,5,73,52,39,14,32,84,94,91,85,74,85,10,12,41,35,30,4,10,97,19,69,36,82,13,98,46,91,45,60,407,2,38,22,29,45,19,23,12,15,10,69,41,11,34,0,34,53,94,57,11,48,82,33,88,22,90,24,96,70,68,16,6,9,1,16,59,47,93,32,96,59,88,35,44,30,54,30,1,60,8,54,92,69,66,88,76,49,3,86,52,10,68,82,67,99,451,1,
P44
78,22,7,76,5,68,66,90,7,17,66,19,58,1,15,28,78,11,47,13,13,29,26,10,41,83,22,63,9,39,87,363,2,51,24,76,29,39,86,65,46,97,99,47,97,17,40,19,95,54,1,27,41,90,84,31,85,53,100,67,76,5,72,22,328,2,91,24,17,15,11,18,60,41,39,56,8,99,65,63,91,33,28,44,9,43,13,61,61,90,29,43,56,37,41,47,98,344,1,
P45
63,32,64,95,22,71,11,54,56,69,21,71,97,100,49,10,79,62,39,4,73,46,54,61,75,63,100,98,49,26,78,436,1,18,1,89,83,47,51,47,60,47,30,100,33,24,19,34,17,61,90,0,92,40,19,91,6,96,62,45,23,51,6,35,477,1,79,48,94,38,55,32,61,64,30,25,26,87,24,20,97,33,30,76,95,91,65,90,33,87,93,74,0,18,37,37,16,306,2,
P46
73,46,27,84,67,83,19,88,53,82,53,1,92,31,30,97,36,2,43,56,29,84,18,28,81,33,20,74,11,44,84,219,2,17,21,67,30,81,80,60,47,12,50,66,12,33,93,68,34,85,74,53,41,81,14,70,92,38,20,98,65,21,72,38,180,2,20,73,51,81,2,48,5,95,0,97,15,98,29,45,39,90,1,4,79,35,57,72,75,23,90,12,61,82,95,79,14,411,2,
P47
33,23,39,18,10,59,0,64,26,92,95,56,89,97,24,98,52,53,81,36,47,62,70,67,1,47,11,32,30,68,29,80,4,34,39,59,60,52,71,9,85,50,42,77,84,42,27,58,62,35,4,76,4,96,13,91,93,78,11,64,24,15,22,49,145,5,96,20,32,67,14,33,63,29,97,59,40,35,48,42,5,94,43,29,65,17,52,20,96,79,68,90,57,35,4,75,66,135,1,
P48
48,0,53,48,30,79,39,92,35,94,88,25,91,6,79,72,8,25,100,78,93,67,24,70,99,20,37,88,16,27,64,101,3,75,46,32,84,30,48,92,74,31,0,67,89,62,1,93,37,72,54,51,28,47,95,5,77,18,20,66,21,35,60,9,269,2,99,8,51,62,4,13,87,10,15,0,52,87,94,95,15,24,79,68,10,74,46,79,64,3,80,34,44,100,100,38,98,245,5,
P49
78,24,79,83,82,80,77,69,5,33,41,50,4,16,75,70,60,33,37,51,2,1,71,5,55,53,99,2,83,59,60,464,4,59,2,61,17,42,93,17,75,47,45,43,6,48,14,60,65,9,73,60,14,16,44,35,48,65,36,7,81,12,79,37,66,3,25,16,49,78,27,30,79,45,16,72,6,32,63,85,100,73,58,11,17,88,81,98,88,24,97,53,28,81,17,41,8,241,3,
P50
9,30,27,86,65,99,18,6,14,90,89,90,25,48,89,28,99,58,30,36,63,85,89,28,54,72,87,56,98,35,6,386,2,54,89,80,37,64,26,48,6,99,97,87,25,61,62,98,87,77,80,31,78,27,96,13,34,42,92,80,36,29,26,49,457,3,87,50,61,65,96,43,2,68,75,65,52,40,4,76,18,21,30,99,18,17,90,82,37,17,28,54,24,44,28,48,14,184,4,
