P1
27,33,0,84,38,31,90,48,46,30,81,8,64,93,39,15,35,1,28,25,6,73,91,61,6,70,45,19,71,23,99,3,0,67,49,97,4,52,7,95,38,52,77,68,79,94,69,39,95,36,8,33,12,39,96,9,82,21,4,21,36,44,62,77,72,5,34,96,69,35,49,1,5,11,46,91,16,32,49,67,56,69,41,35,29,47,33,11,51,25,31,57,35,89,38,14,38,224,0,
P2
82,60,43,37,8,55,67,89,63,97,47,68,78,83,35,72,74,42,45,30,2,17,0,14,36,71,37,82,35,59,83,221,2,81,62,84,42,66,35,18,34,13,11,69,18,6,4,94,5,84,32,1,59,14,89,63,1,25,6,63,4,83,39,30,99,0,73,25,8,44,2,54,34,18,53,83,52,75,17,59,9,46,5,8,23,22,100,55,79,35,43,83,15,83,20,92,59,248,0,
P3
19,26,57,52,82,86,14,28,53,92,77,55,64,51,97,75,81,65,92,47,79,95,18,15,76,19,40,36,2,59,88,323,0,72,67,64,56,0,44,68,35,62,40,40,21,11,23,54,12,48,34,68,10,1,59,84,30,63,32,69,8,62,35,100,104,4,2,85,85,2,70,3,86,21,78,2,80,54,15,51,62,38,39,62,93,84,63,2,67,78,51,87,70,6,46,52,14,201,4,
P4
40,32,13,54,27,33,12,3,88,42,20,50,16,68,14,74,81,94,68,65,75,10,85,82,46,87,40,16,74,57,80,311,1,56,68,45,90,3,7,96,9,95,6,99,48,86,46,48,53,22,15,11,5,45,40,38,80,48,66,15,86,66,83,88,10,4,17,73,92,2,94,70,71,39,90,86,56,51,91,61,79,49,44,7,51,10,86,68,64,21,41,9,39,78,23,42,6,249,4,
P5
0,83,91,12,52,78,20,39,27,36,73,7,76,53,67,44,18,8,54,2,90,66,55,96,82,95,52,26,75,7,75,245,0,77,87,5,38,96,0,44,60,14,29,72,29,48,94,44,25,66,56,31,3,1,80,69,16,65,0,66,18,88,83,30,400,0,8,40,94,46,45,83,98,0,100,88,27,45,37,72,52,54,48,3,22,11,24,63,87,30,6,77,38,39,83,19,58,73,4,
P6
53,75,84,73,13,77,75,86,84,50,4,51,94,22,25,13,91,14,79,45,76,27,40,94,53,81,68,2,21,23,40,231,2,68,30,56,79,90,37,74,27,66,22,20,76,13,86,31,45,55,33,24,91,15,55,91,81,74,45,63,91,41,98,76,4,0,3,4,71,67,71,36,55,99,81,58,36,100,11,84,2,100,62,94,28,48,23,35,24,61,40,7,80,2,65,5,34,236,1,
P7
12,77,1,53,28,51,2,33,68,63,55,93,42,46,73,21,57,48,14,63,42,67,43,9,69,30,32,77,70,97,48,25,3,54,83,5,27,9,37,15,97,12,29,48,44,40,3,43,64,94,24,85,50,5,24,61,34,14,2,32,61,44,25,98,200,1,0,80,97,21,44,44,79,80,43,91,30,45,90,92,38,85,39,27,86,64,89,25,37,34,94,68,39,84,1,14,68,63,5,
P8
0,68,19,70,0,88,99,55,80,40,67,53,27,24,67,41,87,8,74,97,17,8,26,16,85,63,79,52,10,17,78,251,5,91,84,3,73,46,15,68,95,25,7,98,34,37,57,59,21,73,30,12,34,30,26,2,62,53,46,54,14,9,28,66,187,4,90,4,16,68,51,59,24,47,71,81,38,75,65,43,2,50,73,57,75,9,57,34,77,63,17,44,77,94,12,37,68,241,4,
P9
13,85,94,11,6,39,17,39,58,45,29,25,52,83,33,26,79,17,34,71,100,19,100,78,37,10,61,58,54,46,33,394,4,38,91,66,72,85,57,79,48,58,15,71,83,3,43,12,15,43,42,7,45,71,61,57,91,75,66,85,22,99,28,2,40,5,35,59,41,26,5,11,6,9,87,71,52,55,20,25,11,61,0,68,61,78,30,44,88,74,37,66,10,2,33,85,35,28,3,
P10
10,69,62,27,8,20,72,3,45,91,86,44,16,64,61,16,1,60,1,0,3,39,77,65,97,97,77,26,29,39,39,50,4,75,69,61,53,16,85,35,53,67,4,97,45,86,39,87,93,51,23,19,7,13,61,40,98,83,38,26,54,40,44,81,69,3,61,14,3,33,23,56,3,42,10,90,67,88,16,67,22,77,10,18,87,65,92,23,30,69,25,30,53,77,31,63,58,0,4,
