P1
90,52,48,75,94,39,35,86,62,44,53,83,7,81,4,71,84,39,70,96,28,99,93,77,50,57,48,72,76,15,65,285,5,58,40,57,81,65,16,64,55,1,90,34,71,85,14,28,76,48,62,76,99,74,20,37,81,6,91,91,42,20,43,78,88,1,75,35,38,17,96,94,15,45,31,8,89,32,57,57,45,32,38,59,70,20,93,86,92,27,76,15,57,63,84,2,25,355,2,
P2
39,26,97,41,78,58,51,31,40,58,78,10,95,62,50,64,23,44,62,82,88,78,38,35,50,13,50,59,44,49,84,412,3,25,47,16,89,1,18,44,2,55,28,83,49,70,30,77,45,95,51,31,31,98,38,22,54,46,8,98,57,87,80,78,272,3,42,99,31,58,44,29,66,99,61,22,55,73,20,59,31,56,45,23,41,2,16,83,18,39,46,1,41,46,26,45,35,171,3,
P3
91,19,71,41,16,77,65,94,88,59,21,3,89,44,47,17,25,34,61,30,36,77,9,52,36,54,1,52,3,42,94,176,3,66,95,57,9,63,11,3,45,27,73,41,3,84,35,54,14,67,18,18,55,72,30,63,69,53,15,15,9,93,8,24,336,2,93,53,10,24,51,37,12,72,9,99,97,6,54,41,96,61,44,12,44,28,17,56,96,25,1,89,36,85,23,45,82,373,1,
P4
0,43,78,65,37,31,90,24,34,44,35,48,61,26,48,89,56,84,31,66,36,67,86,3,86,89,45,50,48,73,48,237,4,100,32,84,2,77,10,75,85,13,58,19,34,39,52,52,23,6,23,20,36,59,73,17,74,83,77,82,31,67,50,67,462,0,5,15,80,84,54,89,82,16,62,1,58,57,62,68,35,72,62,53,27,57,78,95,11,13,46,34,24,11,82,89,87,428,5,
P5
12,18,93,1,43,26,45,44,40,73,70,89,27,26,72,58,58,74,92,43,77,43,31,89,59,79,61,76,93,42,4,136,4,69,25,96,10,9,9,34,28,43,73,47,61,63,19,84,83,21,8,21,5,82,3,82,29,0,48,80,3,14,27,50,385,5,36,24,88,17,40,49,85,64,73,47,31,7,85,59,60,12,16,3,6,27,16,52,28,41,30,9,96,50,63,100,99,73,2,
P6
72,70,55,83,13,95,55,83,49,48,75,88,73,32,27,64,41,4,6,38,93,65,83,19,40,75,61,76,79,88,50,320,5,60,27,60,94,22,69,33,69,29,96,54,79,44,76,88,65,81,35,35,62,65,1,76,10,71,57,3,26,6,22,32,367,3,83,97,85,67,60,57,80,58,64,65,16,91,43,99,94,15,93,10,34,20,17,64,96,12,80,24,79,95,23,34,72,355,5,
P7
33,36,86,54,19,35,69,60,89,41,59,15,4,100,86,77,38,78,7,20,63,13,96,91,55,40,78,59,91,35,90,493,1,25,37,37,58,72,32,19,26,77,63,1,30,95,82,66,29,9,97,97,51,73,68,7,76,60,80,98,2,11,13,3,422,4,4,57,70,51,14,34,82,30,24,24,96,17,5,88,94,39,74,77,69,69,56,48,94,0,8,83,34,38,20,31,91,352,2,
P8
9,22,3,78,83,92,85,41,6,55,6,93,31,44,36,4,31,66,17,26,56,73,32,33,98,22,34,14,78,72,54,190,3,61,22,5,47,48,82,76,15,12,70,63,44,65,38,6,62,89,79,96,63,20,55,8,18,57,87,98,27,90,47,50,0,4,41,68,21,89,98,11,12,93,28,85,46,89,23,19,31,93,55,53,6,48,53,82,97,54,19,16,51,36,6,4,14,362,1,
P9
98,42,10,83,49,83,37,56,41,35,100,44,39,97,9,23,22,65,62,55,64,59,43,99,39,88,36,55,7,96,4,131,3,63,49,87,39,30,65,75,93,8,6,97,14,68,52,59,29,81,80,50,89,64,6,75,61,100,64,74,66,81,76,43,234,2,2,35,55,82,95,50,66,40,4,55,60,1,47,14,55,54,28,74,35,24,94,20,6,44,22,79,48,46,59,86,28,472,1,
P10
87,87,100,91,42,40,25,8,50,30,4,59,53,94,90,14,14,54,40,23,18,79,77,54,0,84,49,40,89,53,41,257,3,48,21,89,23,80,63,29,77,44,63,28,2,58,8,82,7,63,11,80,38,72,45,68,12,10,14,88,81,58,78,72,420,4,76,15,61,7,55,65,62,81,32,9,61,87,29,55,61,30,79,20,16,51,65,38,97,79,84,55,31,40,49,52,24,471,3,
P11
98,48,62,22,22,12,19,94,37,72,87,27,53,67,81,93,90,99,37,67,18,37,16,33,78,4,87,34,12,93,9,428,0,61,45,88,90,21,31,18,15,100,42,23,82,49,52,59,95,90,31,39,24,9,49,38,97,96,62,40,66,34,5,95,362,0,31,88,8,60,35,40,35,96,27,64,51,54,60,96,74,42,13,4,80,9,50,30,30,81,36,80,32,87,3,65,1,37,5,
P12
99,29,29,17,89,67,55,41,94,7,7,40,66,63,4,3,96,22,40,12,55,84,83,7,17,61,100,73,71,73,69,362,4,51,37,40,35,52,40,78,41,88,93,93,46,88,49,43,26,73,52,76,10,14,37,39,55,2,73,26,59,33,42,50,343,1,61,87,78,96,49,71,59,100,24,85,61,65,26,74,35,72,83,85,68,13,31,3,59,63,56,62,94,52,63,12,23,307,5,
P13
52,56,86,6,97,45,81,70,85,46,99,89,49,95,77,56,73,99,39,55,72,23,16,38,96,53,10,86,88,78,39,74,1,86,97,81,63,37,34,21,96,46,8,44,90,35,83,7,77,60,22,13,99,43,83,37,35,7,70,77,41,20,55,72,360,2,18,13,4,43,79,29,94,40,60,86,80,95,58,29,80,92,8,10,62,67,40,84,28,33,36,58,11,25,81,77,66,108,1,
P14
11,96,2,92,31,87,38,29,42,53,23,85,8,96,49,14,17,21,37,100,59,32,52,69,18,5,12,90,10,45,21,66,1,0,54,96,21,49,42,30,94,31,65,76,4,7,1,93,20,100,35,2,36,70,9,73,46,17,93,67,32,64,84,64,3,5,75,35,59,69,41,18,54,20,12,78,15,58,70,23,35,31,90,75,14,85,74,16,42,86,42,89,28,67,20,17,96,423,1,
P15
80,37,1,17,66,9,36,56,94,45,17,43,59,34,64,96,100,89,27,17,57,11,22,69,0,32,80,47,20,52,100,175,1,51,87,31,81,46,28,11,88,100,18,90,92,39,89,27,7,92,63,84,64,76,0,22,42,99,52,26,93,82,63,32,315,5,64,59,73,84,46,52,62,61,9,31,85,10,28,40,51,8,91,25,25,99,77,67,88,71,33,74,54,30,69,73,99,314,0,
P16
16,20,37,18,76,31,63,94,40,88,94,70,83,94,58,77,77,81,54,100,15,55,98,61,68,17,12,95,16,67,99,464,1,13,61,41,91,15,40,9,4,31,14,59,24,88,16,88,71,80,29,37,68,71,36,19,63,95,0,93,43,100,74,79,156,0,83,77,9,10,4,85,41,89,96,35,95,46,43,86,37,68,84,80,0,37,50,0,78,4,30,46,77,81,11,74,60,138,4,
P17
17,63,57,46,22,97,34,15,32,83,75,90,59,52,36,80,17,51,34,14,11,68,99,90,62,14,56,51,80,43,63,467,4,69,16,2,78,20,33,92,45,24,80,62,11,16,7,40,54,76,77,56,95,6,50,62,99,60,61,72,82,5,73,74,339,1,70,21,65,77,76,60,11,70,72,54,21,76,89,72,55,89,75,72,55,52,76,85,65,18,32,76,92,70,35,75,4,99,4,
P18
8,60,31,42,41,29,92,16,86,16,34,21,96,51,39,96,31,16,63,29,6,92,10,62,42,90,71,19,52,8,60,441,3,52,75,45,9,20,69,55,48,46,38,55,52,58,30,96,13,92,1,63,53,66,89,80,37,70,85,77,13,24,31,76,119,2,81,71,40,58,7,78,78,28,53,66,66,8,21,41,80,76,93,21,27,23,5,59,99,63,95,100,38,44,70,33,16,103,1,
P19
69,9,46,60,92,31,76,25,53,72,42,92,67,73,7,97,2,80,54,12,8,62,68,79,82,19,54,1,45,21,80,372,1,52,93,39,73,40,86,10,61,3,68,92,99,81,83,100,10,1,31,99,47,35,35,98,11,48,21,8,74,64,81,15,386,4,74,78,8,52,72,61,84,38,35,4,79,81,81,37,1,74,61,6,32,25,70,26,92,74,37,61,6,27,78,43,17,85,4,
P20
39,88,62,82,12,81,19,54,72,52,94,45,14,96,92,68,74,100,30,41,44,78,26,98,45,71,86,29,51,82,56,157,0,54,79,34,65,40,38,32,98,2,80,80,69,56,47,100,20,60,34,55,57,11,3,44,20,77,7,0,20,89,40,43,48,1,35,59,93,19,97,95,23,41,75,70,44,43,43,71,15,75,63,85,68,54,24,4,14,31,98,58,74,55,76,61,77,94,5,
P21
3,48,67,89,69,4,7,62,50,21,23,7,90,63,6,86,70,50,63,96,48,74,32,33,2,49,81,27,72,16,75,392,3,74,24,7,72,21,9,51,67,78,73,13,78,94,73,11,48,96,23,17,40,43,60,13,9,80,2,49,49,11,34,85,356,2,96,82,40,19,89,14,55,32,57,99,70,73,73,32,23,6,86,48,77,66,45,75,24,85,96,66,11,49,8,97,4,270,4,
P22
30,100,86,37,27,1,58,50,8,13,79,81,65,48,30,27,9,44,67,41,43,69,91,24,63,62,40,77,2,71,32,429,2,22,80,34,40,12,12,12,26,56,5,65,67,20,61,56,37,67,65,98,80,75,43,48,90,58,59,23,42,9,82,32,92,3,90,32,81,44,31,38,42,0,77,82,99,66,88,84,80,65,15,91,5,5,42,0,37,53,15,46,50,9,50,94,39,305,4,
P23
35,97,42,60,12,16,73,91,97,38,4,27,31,13,37,99,21,81,33,11,71,62,39,77,38,7,48,28,6,84,41,37,4,38,39,80,50,31,35,22,97,68,42,23,91,45,90,55,8,69,96,18,17,86,76,42,8,85,18,56,51,16,49,54,448,1,83,57,61,92,23,3,73,21,35,26,71,15,57,52,72,62,58,13,29,95,33,44,40,49,20,56,42,96,95,34,44,169,0,
P24
0,59,27,40,16,24,78,87,17,75,0,54,39,21,0,39,99,37,0,3,14,39,10,28,33,83,11,1,24,58,91,100,1,3,19,65,92,82,100,33,4,90,45,94,10,53,63,6,71,46,58,13,54,32,98,72,89,14,54,37,100,7,92,78,23,0,1,46,82,40,67,17,66,3,99,90,56,70,17,80,50,46,74,49,57,81,98,43,36,5,4,98,40,23,7,63,75,115,1,
P25
30,100,30,74,52,13,49,52,33,54,39,34,93,3,71,94,6,85,99,84,79,31,66,91,99,56,14,78,47,98,43,210,5,35,59,94,69,64,49,13,23,59,32,86,31,70,98,89,83,52,21,46,90,76,26,44,79,25,17,37,55,61,14,63,267,2,14,42,67,46,46,65,35,68,0,53,47,16,65,87,65,88,33,28,30,70,34,1,33,40,24,6,2,92,81,11,61,78,0,
P26
17,15,93,32,33,25,86,73,25,45,42,97,38,15,47,2,99,26,100,30,83,98,87,97,75,100,61,24,42,23,25,145,3,31,2,91,10,26,15,8,78,47,78,42,35,26,60,22,38,49,64,65,59,9,90,43,46,10,70,26,59,32,65,29,379,4,6,66,38,8,100,5,27,46,21,58,99,53,46,32,81,42,68,81,43,67,20,33,73,23,25,19,0,66,80,20,52,237,5,
P27
57,38,54,9,10,79,20,18,41,58,33,89,26,31,81,25,28,29,89,81,25,30,80,86,54,88,76,24,13,80,36,221,0,39,26,39,48,3,86,92,11,87,18,71,76,56,20,5,87,45,14,43,88,26,53,24,52,12,56,84,79,52,17,91,187,5,26,85,83,53,97,71,78,96,90,23,94,70,31,61,17,41,27,37,74,66,26,99,85,27,31,30,47,71,48,100,75,194,4,
P28
11,27,85,31,12,25,55,45,80,81,43,26,72,71,55,61,51,47,91,97,32,10,84,74,34,63,54,87,66,71,77,462,0,4,12,93,63,24,45,81,95,20,2,14,26,90,26,6,32,80,33,85,3,51,63,26,34,8,78,17,77,34,60,5,63,3,94,47,34,71,8,23,94,1,59,92,62,76,32,55,13,5,20,5,71,71,32,1,0,46,72,48,45,86,22,95,16,262,4,
P29
8,77,68,29,21,47,10,64,74,82,34,28,8,51,41,65,47,74,76,98,47,76,26,0,28,92,38,20,69,2,43,437,1,68,97,87,14,57,74,16,38,100,72,64,72,3,43,4,55,47,22,17,73,22,92,50,40,68,84,66,51,55,38,22,470,0,87,15,5,47,83,65,38,10,40,36,65,19,41,51,25,11,21,23,12,21,69,50,36,80,36,24,41,85,6,48,60,483,4,
P30
72,66,43,48,30,16,97,30,10,4,48,52,70,95,92,11,58,4,87,85,72,82,76,9,1,44,11,29,53,56,25,411,5,36,58,19,19,62,18,91,25,56,61,68,27,15,81,49,99,19,71,91,35,77,58,86,43,76,40,47,34,63,48,65,378,1,6,12,3,10,23,10,46,88,29,53,39,20,31,26,44,9,14,79,60,50,59,62,74,100,46,81,13,80,40,43,12,278,5,
P31
73,51,84,35,48,60,40,96,11,76,56,69,53,14,74,39,65,45,87,40,20,88,51,31,17,3,87,42,95,74,34,363,4,84,100,83,75,24,39,35,58,66,16,5,81,81,24,17,71,60,95,96,11,3,37,51,50,71,80,64,51,45,1,28,450,1,89,45,32,0,32,28,19,37,48,50,30,58,60,44,37,19,94,62,47,33,27,93,80,40,39,86,50,58,98,72,52,476,0,
P32
69,39,52,75,34,30,16,90,99,69,70,38,75,34,83,61,41,69,49,92,100,32,61,52,40,22,26,83,22,17,91,457,1,69,91,3,70,49,35,86,54,15,67,44,99,3,70,93,99,81,62,1,99,12,73,78,42,90,89,44,4,17,10,52,382,0,18,14,6,38,52,20,88,48,79,47,92,82,32,51,43,79,84,36,38,64,42,77,49,92,34,13,63,13,31,45,50,150,0,
P33
32,56,22,48,11,88,17,82,25,58,82,75,18,89,43,33,46,9,31,7,61,71,96,53,19,17,70,60,74,92,72,255,1,22,16,39,7,36,54,40,80,19,44,16,78,8,63,40,10,61,18,49,5,60,38,94,70,8,10,81,44,63,48,85,194,2,88,78,85,75,25,63,89,16,10,20,67,19,100,16,55,3,46,97,80,62,55,13,41,84,93,72,29,51,21,89,75,484,2,
P34
20,59,95,3,6,20,61,54,95,45,43,3,79,89,12,9,62,40,47,57,93,66,40,29,26,81,20,45,52,34,72,351,3,58,100,41,99,45,60,8,61,38,16,24,44,93,85,62,41,90,21,79,84,92,88,60,38,98,89,86,79,39,49,64,142,2,16,57,94,4,39,3,24,72,22,90,88,43,93,34,40,72,62,61,51,2,44,10,74,39,27,62,94,7,2,25,18,437,3,
P35
41,65,67,68,85,27,80,27,30,58,83,43,33,44,83,80,68,41,46,74,70,38,54,91,83,6,24,34,44,83,52,316,3,62,59,100,36,20,37,52,44,47,11,95,8,52,51,97,98,0,54,85,26,92,48,15,43,26,20,58,59,84,72,11,110,2,22,87,36,13,58,24,2,12,68,62,12,74,33,74,0,51,42,44,27,82,50,54,9,43,27,12,35,100,30,83,19,8,2,
P36
19,98,6,99,25,37,22,7,46,22,17,95,68,85,35,80,59,5,17,79,62,66,85,52,67,96,0,13,47,13,32,429,5,47,16,35,66,26,82,77,88,57,28,38,53,25,38,6,76,30,98,23,45,6,16,66,64,41,15,1,73,27,98,74,75,1,32,60,24,34,72,92,96,50,31,96,90,31,12,31,42,39,13,92,59,89,0,86,0,35,52,98,85,50,16,20,48,300,3,
P37
98,1,2,86,75,48,7,93,42,42,43,44,21,68,49,5,47,77,37,98,28,3,59,95,84,5,7,43,4,84,1,398,0,5,6,53,82,94,9,77,31,62,68,35,68,10,66,31,100,77,37,82,8,67,22,24,68,95,51,65,31,91,45,63,185,5,82,18,32,44,68,63,39,24,61,51,55,2,56,34,60,14,23,60,100,90,62,51,87,46,0,2,66,50,50,11,99,486,1,
P38
87,26,59,61,85,68,2,95,11,90,28,60,61,41,2,99,39,97,1,98,91,51,70,98,94,74,47,2,41,99,94,99,2,10,45,63,87,43,91,21,44,24,98,9,55,97,53,58,45,61,91,67,85,24,28,1,90,59,59,0,60,21,52,31,392,0,42,64,51,81,88,11,98,8,80,53,9,5,67,99,66,66,54,94,84,41,39,84,9,71,0,60,82,91,24,78,66,317,3,
P39
54,42,39,22,36,16,79,65,42,39,72,44,37,10,40,5,75,30,56,10,94,16,84,7,85,91,5,98,84,63,38,312,0,85,6,34,5,50,58,2,26,80,65,79,3,9,39,95,77,91,18,71,92,74,29,16,41,55,37,59,69,35,22,19,310,2,12,95,41,9,69,20,28,44,26,61,42,58,26,97,51,76,3,56,60,12,26,60,38,74,50,62,51,28,27,58,5,388,3,
P40
26,7,57,4,38,100,44,10,9,81,87,50,52,61,46,75,37,6,91,20,13,41,10,85,38,61,14,39,65,19,91,39,0,91,11,36,93,3,82,23,82,86,33,87,46,76,43,30,46,1,71,41,17,11,96,21,70,65,56,59,43,75,19,31,230,2,14,54,18,8,98,10,69,6,34,62,69,85,37,72,6,63,84,32,22,89,72,38,50,23,66,78,47,23,83,32,64,107,1,
P41
62,31,35,5,41,44,52,94,60,4,55,73,79,92,45,35,79,24,76,55,8,80,15,89,85,46,7,98,37,0,99,146,3,23,33,5,12,81,57,45,34,2,20,77,99,32,78,69,73,62,80,69,83,16,100,38,75,42,79,94,29,9,91,99,367,5,38,83,14,7,89,48,35,57,99,72,95,71,35,45,2,23,33,41,62,83,30,94,26,77,16,76,8,37,5,60,43,97,2,
P42
70,4,11,21,98,38,92,18,77,36,77,21,37,21,45,12,76,19,58,58,8,43,3,82,40,6,48,73,71,45,40,71,1,10,71,46,22,4,14,8,47,13,41,92,82,13,53,28,48,35,10,47,39,85,89,84,44,84,59,0,2,57,91,33,214,0,16,98,36,51,21,35,23,82,72,24,26,41,47,59,82,8,42,11,2,34,88,85,9,63,21,14,22,29,24,31,40,173,1,
P43
28,13,21,19,31,98,22,7,85,59,28,96,38,71,15,96,95,90,4,64,37,10,37,86,49,7,97,89,48,12,76,31,4,55,98,18,64,44,31,71,35,80,84,88,74,32,89,84,79,94,34,34,77,44,84,1,45,52,24,35,44,58,28,79,43,0,92,83,88,14,64,60,38,91,0,85,49,82,60,57,59,28,92,12,12,0,75,0,82,64,29,5,61,46,45,56,2,265,2,
P44
61,22,92,49,97,76,8,91,38,12,61,53,7,21,8,79,52,45,55,89,97,4,96,60,93,9,38,65,51,29,79,29,2,8,69,64,79,71,9,29,24,83,27,13,66,72,73,66,5,16,9,56,17,54,7,42,55,17,66,83,31,44,7,53,38,0,16,2,46,20,59,12,72,7,60,98,65,18,25,22,30,3,22,72,3,70,1,99,75,62,44,87,18,43,89,22,72,474,3,
P45
27,47,58,1,38,96,13,65,14,88,53,89,32,71,0,87,59,63,91,20,22,50,30,60,81,81,89,5,25,6,53,245,2,31,13,2,60,37,51,53,16,83,25,90,48,30,5,57,52,89,78,60,30,99,43,62,82,75,6,55,38,25,98,56,7,4,58,49,53,29,23,79,26,54,97,17,76,93,88,98,64,57,34,65,56,8,27,100,61,11,8,16,100,37,88,57,45,350,1,
P46
54,57,7,34,89,22,21,7,10,53,78,77,5,2,40,97,22,62,46,18,89,26,66,77,32,91,83,19,43,2,64,4,4,83,14,16,35,30,65,26,86,79,57,91,35,75,80,79,0,76,78,44,38,25,85,10,46,89,35,10,86,57,87,5,478,0,41,95,75,33,48,37,51,23,30,4,88,60,61,21,92,16,96,85,83,23,62,91,39,61,95,93,84,38,37,56,78,358,5,
P47
98,80,61,85,53,37,3,30,14,8,32,20,71,21,82,83,39,36,76,4,13,74,96,62,59,4,30,91,68,22,31,20,3,7,98,98,33,49,76,56,40,77,31,86,22,31,27,66,41,31,91,25,41,2,13,42,12,99,100,66,15,4,32,78,376,2,78,65,80,28,54,76,99,7,35,59,95,93,76,57,77,24,80,38,81,85,66,75,77,49,13,13,71,81,58,21,35,389,0,
P48
82,55,93,85,51,73,60,50,59,97,71,41,80,76,77,21,81,56,95,42,85,53,46,14,43,81,36,38,78,4,60,463,1,11,45,53,67,51,30,64,2,52,96,29,84,2,27,74,28,68,42,7,77,55,73,76,87,88,46,18,2,24,81,35,379,1,29,72,77,27,80,79,86,40,71,27,97,14,17,76,52,99,26,84,73,2,100,52,83,70,32,6,57,55,41,8,36,267,1,
P49
10,42,92,36,92,51,33,28,58,79,71,34,100,51,57,60,59,41,12,71,21,22,17,24,60,96,95,20,21,86,31,63,5,68,42,63,32,44,81,94,39,64,96,66,3,90,0,45,98,77,66,70,18,52,23,64,37,25,54,84,5,55,75,23,500,4,29,26,10,81,66,47,75,63,61,92,4,80,90,31,63,29,100,62,47,82,32,46,88,89,67,95,64,55,97,10,92,478,4,
P50
34,86,81,67,80,38,11,50,39,10,67,62,36,25,69,48,63,56,36,80,80,63,41,40,49,62,25,88,60,53,94,197,1,21,26,47,81,31,77,42,98,80,32,64,91,96,40,57,31,58,75,54,88,78,46,42,27,17,97,1,55,86,84,6,368,4,73,68,78,47,30,4,4,1,84,61,99,13,90,98,41,2,46,39,48,33,95,81,95,58,36,57,34,22,49,36,21,293,5,
P51
26,84,69,3,34,7,13,0,35,49,93,3,63,21,60,66,0,5,95,8,46,43,70,37,30,96,56,13,55,60,47,178,4,87,7,77,29,71,56,27,34,46,22,40,69,53,98,10,73,51,54,18,93,82,1,90,49,22,75,100,9,48,75,34,41,5,34,0,67,38,1,17,99,66,30,54,63,37,57,75,77,71,75,71,18,69,95,54,25,28,76,74,64,95,61,67,95,291,2,
P52
50,44,20,29,10,56,44,69,25,74,90,85,39,57,57,100,65,69,42,0,5,38,63,62,51,17,88,29,31,98,81,8,3,29,18,41,56,18,54,44,58,89,63,21,99,36,73,53,20,31,34,22,20,49,44,62,48,54,76,23,29,76,37,5,93,2,100,34,7,64,66,37,18,96,74,41,70,16,11,44,87,29,79,81,49,4,75,92,44,4,86,72,38,9,66,71,31,20,3,
P53
10,85,17,20,53,43,94,9,27,99,66,50,98,97,18,39,97,24,77,59,52,95,43,39,23,74,3,65,20,10,97,35,4,27,40,76,72,65,31,0,86,29,36,24,48,57,56,48,45,42,98,89,3,45,8,79,34,38,55,72,19,26,94,19,393,2,96,37,9,13,32,49,54,2,66,31,46,18,61,25,66,76,96,40,67,5,45,53,77,49,28,9,19,27,40,91,35,446,4,
P54
17,14,20,10,90,13,76,55,64,73,51,48,79,13,72,21,73,90,15,82,96,38,21,99,2,41,75,29,38,36,21,128,4,57,64,14,58,16,9,94,40,58,16,96,5,61,38,69,16,7,14,91,53,14,95,74,86,13,66,45,21,85,45,42,173,1,14,60,23,34,62,89,66,75,7,93,66,39,68,27,79,35,99,90,54,76,38,82,51,24,75,57,14,74,59,42,73,435,3,
P55
98,5,72,73,26,1,12,77,50,91,56,88,11,28,78,27,76,39,31,97,37,34,4,11,29,8,13,1,29,29,93,227,1,100,91,27,59,31,51,76,93,23,2,97,92,85,4,5,76,23,87,36,97,72,50,62,84,71,46,95,41,54,69,53,139,3,7,97,26,73,71,100,65,2,38,99,29,83,33,95,39,87,70,43,34,87,67,75,43,48,14,1,56,28,41,24,48,440,4,
P56
66,26,100,78,2,15,68,59,69,45,53,12,72,96,51,3,92,88,3,62,66,32,70,45,100,99,75,59,58,75,23,309,4,79,23,70,20,15,93,22,79,84,7,49,56,49,72,42,51,34,80,67,96,29,37,7,23,44,62,59,69,81,51,25,251,5,87,58,57,17,27,95,15,22,43,15,16,48,68,52,92,2,38,58,43,82,72,58,49,28,86,90,52,51,3,39,90,7,3,
P57
67,70,2,0,95,72,45,14,84,84,9,35,53,67,89,56,29,20,54,65,66,53,64,6,78,88,81,100,10,48,43,123,5,45,55,15,68,33,65,41,82,87,56,53,28,6,87,75,74,48,70,77,56,94,88,84,18,56,30,69,9,56,42,0,72,1,73,91,25,89,12,35,70,29,83,37,81,74,5,86,99,49,67,70,73,82,98,58,72,16,76,75,55,84,31,18,3,30,0,
P58
43,45,27,54,59,11,3,34,12,56,1,0,78,97,21,31,61,53,50,91,59,94,78,5,94,54,20,81,97,4,5,369,2,34,97,79,41,78,65,63,98,60,70,50,0,9,99,70,52,20,29,39,70,47,96,100,82,71,21,90,3,89,53,89,221,4,58,21,75,27,16,58,31,63,31,36,48,96,51,81,66,23,63,29,48,34,45,90,75,0,73,5,85,88,76,94,33,402,3,
P59
26,8,41,96,8,53,52,76,19,96,72,6,94,100,59,43,90,84,3,34,90,97,88,9,43,51,80,45,22,28,14,429,2,30,93,26,93,90,52,28,40,18,37,4,88,56,24,17,95,94,30,56,59,79,27,47,68,97,1,87,12,90,35,86,223,4,27,63,93,24,25,91,60,74,86,78,54,17,67,83,47,81,83,58,70,58,58,9,29,9,63,71,69,57,71,49,98,185,2,
P60
10,11,68,28,87,88,23,25,60,16,24,19,26,80,2,29,13,58,92,68,67,0,85,12,45,73,41,20,54,9,64,54,3,79,50,84,73,90,1,77,60,55,32,84,38,26,43,35,49,69,13,76,15,47,72,16,34,50,72,35,90,58,29,2,333,1,21,2,75,47,42,27,91,97,10,58,79,23,38,28,82,75,86,5,84,81,14,46,52,83,3,22,98,96,86,75,6,267,5,
