300
5
Best: P1
4
Reading Railroad,B & O Railroad,Baltic Avenue,Tennessee Avenue,Vermont Avenue,Water Works,Pacific Avenue,Mediterranean Avenue,St. Charles Place,Short Line Railroad,Indiana Avenue,Park Place,Virginia Avenue,
18,43,40,39,446,4,34,77,86,4,263,0,66,83,42,39,316,0,
Best: P2
4
Electric Company,North Carolina Avenue,Pennsylvania Railroad,Oriental Avenue,Boardwalk,
47,49,40,54,430,4,51,63,71,10,344,0,46,60,44,65,405,0,
Best: P1
4
Marvin Gardens,Pennsylvania Avenue,North Carolina Avenue,St. James Place,Reading Railroad,States Avenue,Atlantic Avenue,Park Place,Pennsylvania Railroad,
31,45,42,44,438,3,44,70,76,7,287,0,58,69,41,52,352,0,
Best: P5
4
Ventnor Avenue,Atlantic Avenue,Pennsylvania Avenue,Connecticut Avenue,Pacific Avenue,Boardwalk,
40,42,38,51,382,3,41,63,72,14,272,0,56,64,46,49,325,0,
Best: P2
4
Vermont Avenue,Illinois Avenue,Water Works,Baltic Avenue,
39,44,38,49,395,3,47,61,68,10,278,0,55,60,42,56,331,0,
Best: P1
4
New York Avenue,B & O Railroad,Water Works,Oriental Avenue,States Avenue,St. James Place,Short Line Railroad,Baltic Avenue,Tennessee Avenue,Reading Railroad,
37,41,36,47,395,2,43,66,69,9,269,0,59,58,41,54,340,0,
Best: P2
3
Reading Railroad,New York Avenue,Virginia Avenue,Mediterranean Avenue,Kentucky Avenue,Ventnor Avenue,St. Charles Place,
36,44,38,47,398,1,44,63,70,9,278,0,59,56,43,56,341,0,
Best: P1
4
Tennessee Avenue,Oriental Avenue,Indiana Avenue,Kentucky Avenue,Baltic Avenue,St. James Place,Electric Company,Illinois Avenue,
37,43,37,46,392,1,44,60,70,9,264,0,61,57,43,55,329,0,
Best: P5
3
Oriental Avenue,New York Avenue,Park Place,Vermont Avenue,St. James Place,Indiana Avenue,Kentucky Avenue,Reading Railroad,States Avenue,B & O Railroad,Electric Company,St. Charles Place,Water Works,Tennessee Avenue,
37,44,38,48,388,0,46,58,70,8,266,0,56,55,41,50,350,0,
Best: P1
4
Pennsylvania Railroad,Tennessee Avenue,Atlantic Avenue,Baltic Avenue,Marvin Gardens,Pennsylvania Avenue,North Carolina Avenue,Ventnor Avenue,
38,43,36,47,370,0,47,58,72,8,251,0,57,54,40,52,345,0,
Best: P1
4
Electric Company,Marvin Gardens,Pennsylvania Railroad,Virginia Avenue,
38,43,36,47,370,0,47,58,72,8,251,0,57,54,40,52,345,0,
Best: P2
3
Reading Railroad,Marvin Gardens,Boardwalk,New York Avenue,Tennessee Avenue,Mediterranean Avenue,
38,43,34,46,404,0,47,58,69,6,264,0,55,56,39,49,339,0,
Best: P1
4
Reading Railroad,Electric Company,St. James Place,Baltic Avenue,Oriental Avenue,Pennsylvania Railroad,B & O Railroad,Pennsylvania Avenue,St. Charles Place,
37,43,35,46,375,0,48,58,70,7,244,0,54,54,37,52,355,0,
Best: P1
3
Park Place,Electric Company,Tennessee Avenue,Water Works,Ventnor Avenue,Pennsylvania Avenue,New York Avenue,Mediterranean Avenue,Vermont Avenue,St. Charles Place,Pacific Avenue,North Carolina Avenue,
37,43,35,46,375,0,48,58,70,7,244,0,54,54,37,52,355,0,
Best: P2
3
New York Avenue,Marvin Gardens,St. James Place,St. Charles Place,Tennessee Avenue,
37,41,35,47,357,0,48,59,69,5,254,0,56,54,39,49,355,0,
Best: P1
3
Virginia Avenue,New York Avenue,St. James Place,Marvin Gardens,Baltic Avenue,Vermont Avenue,Pennsylvania Railroad,States Avenue,St. Charles Place,
37,41,35,46,362,0,47,60,71,6,239,0,58,53,36,48,362,0,
Best: P4
3
Reading Railroad,St. Charles Place,Illinois Avenue,States Avenue,Water Works,
37,41,35,44,355,0,45,55,64,4,254,0,53,55,35,51,357,0,
Best: P2
3
North Carolina Avenue,Indiana Avenue,Reading Railroad,New York Avenue,Mediterranean Avenue,St. Charles Place,Kentucky Avenue,Illinois Avenue,Connecticut Avenue,
37,40,35,46,365,0,43,56,64,4,254,0,52,55,35,49,358,0,
Best: P1
3
North Carolina Avenue,Boardwalk,Vermont Avenue,Kentucky Avenue,Baltic Avenue,Virginia Avenue,Tennessee Avenue,B & O Railroad,
37,39,36,43,381,0,45,55,62,3,235,0,53,52,33,48,367,0,
Best: P2
3
North Carolina Avenue,New York Avenue,St. James Place,Oriental Avenue,Short Line Railroad,Mediterranean Avenue,Connecticut Avenue,
38,39,36,41,354,0,42,57,61,2,234,0,52,51,34,49,369,0,
Best: P1
4
Kentucky Avenue,Pennsylvania Avenue,Virginia Avenue,Water Works,Illinois Avenue,Mediterranean Avenue,States Avenue,North Carolina Avenue,New York Avenue,
36,39,36,40,370,0,45,53,61,2,224,0,53,52,32,49,368,0,
Best: P2
3
Indiana Avenue,Oriental Avenue,Illinois Avenue,Tennessee Avenue,Virginia Avenue,Pacific Avenue,
38,37,36,38,365,0,41,57,61,1,217,0,50,49,32,47,375,0,
Best: P1
3
Reading Railroad,Water Works,Pennsylvania Avenue,North Carolina Avenue,New York Avenue,Baltic Avenue,Vermont Avenue,Pacific Avenue,
37,37,35,37,378,0,43,57,58,0,213,0,50,50,32,47,378,0,
Best: P2
4
New York Avenue,Marvin Gardens,St. James Place,Water Works,Vermont Avenue,Pennsylvania Railroad,Virginia Avenue,Park Place,
38,35,36,38,382,0,43,57,58,0,210,0,48,49,32,44,394,0,
Best: P4
4
Oriental Avenue,States Avenue,Virginia Avenue,Connecticut Avenue,B & O Railroad,Indiana Avenue,Kentucky Avenue,
36,35,32,35,356,0,41,55,59,0,223,0,47,50,30,42,401,0,
Best: P3
3
B & O Railroad,Park Place,Boardwalk,
37,33,32,34,364,0,38,56,57,0,210,0,46,49,30,43,364,0,
Best: P1
3
States Avenue,North Carolina Avenue,Electric Company,Park Place,Mediterranean Avenue,Marvin Gardens,Baltic Avenue,St. James Place,Pennsylvania Railroad,Illinois Avenue,
39,34,33,32,363,0,40,55,58,0,223,0,50,45,30,42,386,0,
Best: P2
4
Electric Company,New York Avenue,Virginia Avenue,B & O Railroad,Connecticut Avenue,Pennsylvania Railroad,St. James Place,Tennessee Avenue,
39,33,30,33,342,0,41,56,57,0,223,0,47,48,30,44,389,0,
Best: P2
3
Indiana Avenue,Pacific Avenue,Kentucky Avenue,B & O Railroad,Pennsylvania Avenue,Electric Company,Tennessee Avenue,St. Charles Place,Boardwalk,New York Avenue,
39,33,30,33,342,0,41,56,57,0,223,0,47,48,30,44,389,0,
Best: P2
3
Pennsylvania Railroad,Boardwalk,New York Avenue,Mediterranean Avenue,Illinois Avenue,Connecticut Avenue,Water Works,Tennessee Avenue,Oriental Avenue,Baltic Avenue,Kentucky Avenue,Park Place,Indiana Avenue,
39,33,30,33,342,0,41,56,57,0,223,0,47,48,30,44,389,0,
Best: P1
3
Oriental Avenue,B & O Railroad,Short Line Railroad,Pennsylvania Railroad,Marvin Gardens,Atlantic Avenue,
36,33,29,29,336,0,37,56,57,0,223,0,49,47,28,43,364,0,
Best: P3
3
Vermont Avenue,North Carolina Avenue,Pennsylvania Avenue,Baltic Avenue,New York Avenue,Atlantic Avenue,Reading Railroad,Marvin Gardens,Oriental Avenue,Pennsylvania Railroad,
36,31,31,29,341,0,36,52,58,0,230,0,47,48,26,40,386,0,
Best: P1
2
Baltic Avenue,B & O Railroad,Illinois Avenue,Park Place,Ventnor Avenue,St. Charles Place,Indiana Avenue,St. James Place,
35,32,31,27,321,0,37,51,54,0,232,0,47,48,27,41,378,0,
Best: P4
3
Water Works,Reading Railroad,Indiana Avenue,Pennsylvania Avenue,Oriental Avenue,Tennessee Avenue,Illinois Avenue,Pacific Avenue,Baltic Avenue,Electric Company,Pennsylvania Railroad,
35,30,27,26,318,0,37,50,54,0,227,0,48,50,26,39,364,0,
Best: P1
3
Electric Company,New York Avenue,Tennessee Avenue,Pennsylvania Railroad,
35,31,29,26,312,0,37,49,51,0,233,0,46,47,26,39,371,0,
Best: P3
3
Electric Company,Ventnor Avenue,Reading Railroad,States Avenue,
36,31,25,27,295,0,36,50,55,0,239,0,48,49,24,36,386,0,
Best: P4
3
Pennsylvania Avenue,Boardwalk,Pennsylvania Railroad,Atlantic Avenue,St. James Place,North Carolina Avenue,Baltic Avenue,Water Works,Park Place,
33,30,25,26,293,0,37,47,55,0,232,0,49,48,23,37,404,0,
Best: P1
3
Oriental Avenue,Atlantic Avenue,Short Line Railroad,Mediterranean Avenue,Pennsylvania Railroad,Ventnor Avenue,Virginia Avenue,Indiana Avenue,St. James Place,
34,27,26,25,294,0,33,46,54,0,235,0,46,50,23,38,394,0,
Best: P1
3
Pennsylvania Railroad,Short Line Railroad,Vermont Avenue,Kentucky Avenue,Reading Railroad,
34,27,26,25,294,0,33,46,54,0,235,0,46,50,23,38,394,0,
Best: P3
4
Baltic Avenue,North Carolina Avenue,St. Charles Place,Illinois Avenue,
32,27,23,23,304,0,31,47,53,0,229,0,45,47,22,36,399,0,
Best: P1
2
Reading Railroad,Connecticut Avenue,Illinois Avenue,New York Avenue,
34,28,24,22,296,0,32,47,54,0,232,0,47,47,22,35,384,0,
Best: P1
3
Electric Company,Pennsylvania Railroad,States Avenue,Water Works,St. Charles Place,B & O Railroad,Pennsylvania Avenue,Mediterranean Avenue,North Carolina Avenue,Boardwalk,
34,28,24,22,296,0,32,47,54,0,232,0,47,47,22,35,384,0,
Best: P2
4
Oriental Avenue,Connecticut Avenue,Tennessee Avenue,B & O Railroad,Electric Company,Reading Railroad,States Avenue,Mediterranean Avenue,Vermont Avenue,Kentucky Avenue,Illinois Avenue,Indiana Avenue,
34,25,23,21,282,0,33,48,54,0,232,0,45,44,21,36,371,0,
Best: P2
3
Short Line Railroad,Oriental Avenue,St. James Place,Mediterranean Avenue,Indiana Avenue,Reading Railroad,St. Charles Place,Marvin Gardens,Illinois Avenue,Virginia Avenue,Tennessee Avenue,Vermont Avenue,Water Works,Kentucky Avenue,
34,25,23,21,282,0,33,48,54,0,232,0,45,44,21,36,371,0,
Best: P5
4
Pacific Avenue,Pennsylvania Avenue,Water Works,Park Place,New York Avenue,Oriental Avenue,Boardwalk,
32,24,21,20,291,0,32,45,50,0,231,0,45,42,20,32,361,0,
Best: P3
3
Tennessee Avenue,North Carolina Avenue,Mediterranean Avenue,Oriental Avenue,St. Charles Place,Electric Company,Pacific Avenue,B & O Railroad,Illinois Avenue,
31,26,20,20,295,0,32,46,54,0,222,0,44,45,20,32,362,0,
Best: P2
3
Vermont Avenue,Ventnor Avenue,St. James Place,Park Place,Pennsylvania Avenue,Marvin Gardens,Electric Company,Kentucky Avenue,Baltic Avenue,Atlantic Avenue,Pacific Avenue,States Avenue,
32,24,20,19,281,0,30,47,54,0,225,0,41,43,19,32,370,0,
Best: P1
3
Vermont Avenue,Pennsylvania Avenue,Baltic Avenue,Atlantic Avenue,St. James Place,Indiana Avenue,Short Line Railroad,Reading Railroad,New York Avenue,Mediterranean Avenue,Connecticut Avenue,Oriental Avenue,Tennessee Avenue,North Carolina Avenue,
30,21,20,17,279,0,29,47,55,0,225,0,43,39,18,28,390,0,
Best: P3
4
Pennsylvania Avenue,Electric Company,Mediterranean Avenue,Reading Railroad,Connecticut Avenue,Pacific Avenue,
33,22,18,17,296,0,32,47,55,0,224,0,43,38,17,29,396,0,
Best: P2
4
Vermont Avenue,Baltic Avenue,St. Charles Place,Marvin Gardens,Ventnor Avenue,Park Place,Indiana Avenue,Oriental Avenue,Reading Railroad,New York Avenue,
31,21,18,16,286,0,31,44,54,0,211,0,43,38,16,29,404,0,
Best: P1
3
Boardwalk,Connecticut Avenue,Pennsylvania Railroad,Illinois Avenue,Marvin Gardens,Vermont Avenue,Electric Company,Park Place,Reading Railroad,St. Charles Place,
31,19,18,16,299,0,29,45,56,0,214,0,42,38,16,27,393,0,
Best: P1
3
Vermont Avenue,Virginia Avenue,Tennessee Avenue,Park Place,Illinois Avenue,
31,19,18,16,299,0,29,45,56,0,214,0,42,38,16,27,393,0,
Best: P2
4
Boardwalk,Connecticut Avenue,Ventnor Avenue,Baltic Avenue,Electric Company,Water Works,Pennsylvania Avenue,Tennessee Avenue,States Avenue,Indiana Avenue,
33,19,18,16,286,0,29,41,52,0,215,0,42,37,15,26,394,0,
Best: P2
3
Reading Railroad,Virginia Avenue,Atlantic Avenue,Baltic Avenue,States Avenue,St. James Place,Oriental Avenue,Tennessee Avenue,Connecticut Avenue,Illinois Avenue,Marvin Gardens,Indiana Avenue,Pennsylvania Avenue,Pacific Avenue,Kentucky Avenue,
33,19,18,16,286,0,29,41,52,0,215,0,42,37,15,26,394,0,
Best: P5
3
Tennessee Avenue,Water Works,Pacific Avenue,Oriental Avenue,Pennsylvania Avenue,Baltic Avenue,Virginia Avenue,Connecticut Avenue,
31,17,16,15,266,0,27,40,49,0,210,0,43,34,14,24,376,0,
Best: P2
4
B & O Railroad,New York Avenue,Reading Railroad,Baltic Avenue,St. Charles Place,North Carolina Avenue,
32,17,16,14,289,0,28,38,52,0,205,0,41,35,13,24,365,0,
Best: P2
3
North Carolina Avenue,St. Charles Place,Pennsylvania Avenue,States Avenue,Water Works,Ventnor Avenue,Boardwalk,Pennsylvania Railroad,New York Avenue,Indiana Avenue,Kentucky Avenue,
32,17,16,14,289,0,28,38,52,0,205,0,41,35,13,24,365,0,
Best: P2
3
St. James Place,Pacific Avenue,Boardwalk,Oriental Avenue,Kentucky Avenue,Short Line Railroad,B & O Railroad,Pennsylvania Railroad,North Carolina Avenue,St. Charles Place,Pennsylvania Avenue,Ventnor Avenue,
32,17,16,14,289,0,28,38,52,0,205,0,41,35,13,24,365,0,
Best: P1
3
Short Line Railroad,Indiana Avenue,Electric Company,North Carolina Avenue,Tennessee Avenue,Water Works,Pennsylvania Avenue,Connecticut Avenue,
32,15,15,14,293,0,26,35,49,0,205,0,39,36,13,23,374,0,
Best: P1
3
Virginia Avenue,Reading Railroad,B & O Railroad,Connecticut Avenue,Park Place,Boardwalk,
32,15,15,14,293,0,26,35,49,0,205,0,39,36,13,23,374,0,
Best: P1
4
Illinois Avenue,Electric Company,Mediterranean Avenue,Oriental Avenue,Reading Railroad,Park Place,
32,15,15,14,293,0,26,35,49,0,205,0,39,36,13,23,374,0,
Best: P1
4
Pennsylvania Railroad,Atlantic Avenue,Vermont Avenue,Connecticut Avenue,Electric Company,Kentucky Avenue,Water Works,Pennsylvania Avenue,St. Charles Place,
32,15,15,14,293,0,26,35,49,0,205,0,39,36,13,23,374,0,
Best: P1
3
Water Works,Pacific Avenue,Connecticut Avenue,St. James Place,Kentucky Avenue,Atlantic Avenue,Baltic Avenue,Indiana Avenue,Oriental Avenue,Illinois Avenue,Mediterranean Avenue,
32,15,15,14,293,0,26,35,49,0,205,0,39,36,13,23,374,0,
Best: P2
3
Virginia Avenue,Indiana Avenue,St. James Place,Pacific Avenue,Water Works,Pennsylvania Railroad,States Avenue,New York Avenue,B & O Railroad,Kentucky Avenue,Illinois Avenue,Boardwalk,
32,14,14,13,276,0,27,33,48,0,214,0,38,35,11,22,357,0,
Best: P3
3
Kentucky Avenue,Pennsylvania Railroad,Mediterranean Avenue,
32,13,13,12,277,0,28,34,46,0,217,0,39,36,11,20,368,0,
Best: P2
4
St. James Place,Oriental Avenue,Marvin Gardens,Reading Railroad,States Avenue,Virginia Avenue,Water Works,Illinois Avenue,B & O Railroad,Boardwalk,Pacific Avenue,Park Place,
31,13,13,12,273,0,27,31,46,0,225,0,37,36,11,21,369,0,
Best: P2
3
Illinois Avenue,Pacific Avenue,St. Charles Place,Kentucky Avenue,Atlantic Avenue,Pennsylvania Avenue,Connecticut Avenue,
31,13,13,12,273,0,27,31,46,0,225,0,37,36,11,21,369,0,
Best: P1
3
Virginia Avenue,Short Line Railroad,St. James Place,New York Avenue,Oriental Avenue,States Avenue,B & O Railroad,
29,11,12,11,264,0,25,29,45,0,221,0,37,36,11,22,368,0,
Best: P2
4
Ventnor Avenue,Connecticut Avenue,Atlantic Avenue,St. Charles Place,St. James Place,B & O Railroad,Virginia Avenue,New York Avenue,Mediterranean Avenue,Electric Company,Tennessee Avenue,Illinois Avenue,
31,11,12,10,257,0,27,31,47,0,225,0,37,35,11,20,364,0,
Best: P5
3
Park Place,States Avenue,Atlantic Avenue,Oriental Avenue,Virginia Avenue,St. Charles Place,St. James Place,Water Works,North Carolina Avenue,Short Line Railroad,
31,10,11,10,268,0,26,28,44,0,239,0,36,34,9,20,365,0,
Best: P3
3
Connecticut Avenue,States Avenue,Pacific Avenue,Indiana Avenue,Pennsylvania Railroad,Short Line Railroad,Electric Company,Ventnor Avenue,St. James Place,Pennsylvania Avenue,New York Avenue,Water Works,Atlantic Avenue,Reading Railroad,Illinois Avenue,Baltic Avenue,
31,9,10,9,262,0,25,29,46,0,224,0,37,35,9,18,359,0,
Best: P2
3
Vermont Avenue,Marvin Gardens,Pennsylvania Railroad,B & O Railroad,Baltic Avenue,Atlantic Avenue,New York Avenue,Ventnor Avenue,Water Works,Indiana Avenue,North Carolina Avenue,
31,8,10,8,252,0,26,28,42,0,235,0,35,32,9,18,380,0,
Best: P2
4
Oriental Avenue,Pennsylvania Avenue,Marvin Gardens,Electric Company,Short Line Railroad,St. James Place,Atlantic Avenue,Virginia Avenue,Park Place,Vermont Avenue,Ventnor Avenue,Boardwalk,
31,8,10,8,252,0,26,28,42,0,235,0,35,32,9,18,380,0,
Best: P1
3
Connecticut Avenue,Kentucky Avenue,Boardwalk,Electric Company,Mediterranean Avenue,Indiana Avenue,B & O Railroad,Marvin Gardens,St. Charles Place,Tennessee Avenue,Atlantic Avenue,Oriental Avenue,Reading Railroad,North Carolina Avenue,
30,7,9,7,255,0,27,27,38,0,218,0,34,32,7,17,369,0,
Best: P1
3
Ventnor Avenue,Park Place,Kentucky Avenue,Water Works,Marvin Gardens,North Carolina Avenue,
30,7,9,7,255,0,27,27,38,0,218,0,34,32,7,17,369,0,
Best: P1
4
Pennsylvania Avenue,Boardwalk,Pennsylvania Railroad,Tennessee Avenue,Oriental Avenue,
30,7,9,7,255,0,27,27,38,0,218,0,34,32,7,17,369,0,
Best: P4
4
Tennessee Avenue,Indiana Avenue,Connecticut Avenue,New York Avenue,
28,6,8,6,246,0,25,25,37,0,222,0,35,29,5,16,354,0,
Best: P2
4
St. James Place,B & O Railroad,Vermont Avenue,New York Avenue,Ventnor Avenue,Short Line Railroad,Water Works,Connecticut Avenue,
29,6,7,6,264,0,25,24,36,0,212,0,34,29,4,14,374,0,
Best: P2
3
Oriental Avenue,Tennessee Avenue,Indiana Avenue,Park Place,Baltic Avenue,Pennsylvania Railroad,Reading Railroad,Ventnor Avenue,Short Line Railroad,New York Avenue,Marvin Gardens,St. James Place,
29,6,7,6,264,0,25,24,36,0,212,0,34,29,4,14,374,0,
Best: P1
3
Short Line Railroad,New York Avenue,Baltic Avenue,St. James Place,Atlantic Avenue,Marvin Gardens,Oriental Avenue,Electric Company,States Avenue,
28,5,6,4,252,0,25,24,35,0,213,0,35,29,3,12,361,0,
Best: P1
3
States Avenue,Illinois Avenue,St. James Place,Virginia Avenue,
28,5,6,4,252,0,25,24,35,0,213,0,35,29,3,12,361,0,
Best: P1
3
Electric Company,Kentucky Avenue,Marvin Gardens,Reading Railroad,St. Charles Place,Tennessee Avenue,New York Avenue,
28,5,6,4,252,0,25,24,35,0,213,0,35,29,3,12,361,0,
Best: P1
4
Indiana Avenue,Marvin Gardens,Illinois Avenue,Tennessee Avenue,B & O Railroad,
28,5,6,4,252,0,25,24,35,0,213,0,35,29,3,12,361,0,
Best: P1
3
Connecticut Avenue,Tennessee Avenue,B & O Railroad,Electric Company,Ventnor Avenue,St. Charles Place,Water Works,
28,5,6,4,252,0,25,24,35,0,213,0,35,29,3,12,361,0,
Best: P1
4
Oriental Avenue,Virginia Avenue,New York Avenue,Marvin Gardens,States Avenue,Ventnor Avenue,Short Line Railroad,Pennsylvania Avenue,Electric Company,Water Works,B & O Railroad,
28,5,6,4,252,0,25,24,35,0,213,0,35,29,3,12,361,0,
Best: P2
4
St. Charles Place,Indiana Avenue,Tennessee Avenue,Ventnor Avenue,Pacific Avenue,
26,4,4,2,254,0,24,23,35,0,223,0,36,28,1,10,337,0,
Best: P2
3
New York Avenue,St. James Place,Marvin Gardens,Atlantic Avenue,Boardwalk,Mediterranean Avenue,Connecticut Avenue,Electric Company,Vermont Avenue,States Avenue,Water Works,Virginia Avenue,Short Line Railroad,
26,4,4,2,254,0,24,23,35,0,223,0,36,28,1,10,337,0,
Best: P1
4
Pennsylvania Railroad,Water Works,States Avenue,Ventnor Avenue,North Carolina Avenue,Mediterranean Avenue,St. Charles Place,Pennsylvania Avenue,Kentucky Avenue,Virginia Avenue,
25,3,3,2,245,0,24,20,35,0,219,0,35,29,1,10,333,0,
Best: P1
3
Oriental Avenue,Virginia Avenue,Park Place,Water Works,North Carolina Avenue,Marvin Gardens,
25,3,3,2,245,0,24,20,35,0,219,0,35,29,1,10,333,0,
Best: P1
4
Electric Company,Tennessee Avenue,Park Place,Indiana Avenue,Mediterranean Avenue,Pennsylvania Railroad,St. James Place,Water Works,New York Avenue,Marvin Gardens,
25,3,3,2,245,0,24,20,35,0,219,0,35,29,1,10,333,0,
Best: P5
3
Park Place,Water Works,Indiana Avenue,Reading Railroad,Baltic Avenue,Mediterranean Avenue,
25,2,2,1,246,0,25,18,35,0,220,0,36,25,0,8,346,0,
Best: P2
3
B & O Railroad,Connecticut Avenue,North Carolina Avenue,Short Line Railroad,Ventnor Avenue,Baltic Avenue,Vermont Avenue,Atlantic Avenue,
24,1,1,1,236,0,24,19,35,0,215,0,35,23,0,8,331,0,
Best: P2
3
St. James Place,Water Works,States Avenue,Mediterranean Avenue,Pennsylvania Railroad,Vermont Avenue,Short Line Railroad,Indiana Avenue,Kentucky Avenue,Tennessee Avenue,Baltic Avenue,Ventnor Avenue,
24,1,1,1,236,0,24,19,35,0,215,0,35,23,0,8,331,0,
Best: P2
3
B & O Railroad,States Avenue,Virginia Avenue,Ventnor Avenue,Water Works,Atlantic Avenue,Marvin Gardens,
24,1,1,1,236,0,24,19,35,0,215,0,35,23,0,8,331,0,
Best: P1
3
Short Line Railroad,Electric Company,States Avenue,Baltic Avenue,New York Avenue,Pennsylvania Railroad,Illinois Avenue,Virginia Avenue,Tennessee Avenue,B & O Railroad,Water Works,St. James Place,Kentucky Avenue,North Carolina Avenue,Connecticut Avenue,
24,0,1,0,238,0,24,17,32,0,217,0,34,23,0,8,346,0,
Best: P2
4
Virginia Avenue,New York Avenue,Electric Company,Marvin Gardens,St. Charles Place,Pennsylvania Railroad,
25,0,1,0,229,0,25,18,31,0,220,0,35,23,0,7,354,0,
Best: P2
3
New York Avenue,Atlantic Avenue,Oriental Avenue,States Avenue,North Carolina Avenue,St. James Place,Indiana Avenue,Baltic Avenue,Illinois Avenue,Reading Railroad,B & O Railroad,Ventnor Avenue,
25,0,1,0,229,0,25,18,31,0,220,0,35,23,0,7,354,0,
Best: P1
3
Kentucky Avenue,Park Place,Baltic Avenue,St. Charles Place,Illinois Avenue,Pacific Avenue,Boardwalk,
24,0,0,0,240,0,24,17,30,0,207,0,32,24,0,5,332,0,
Best: P2
3
Boardwalk,Short Line Railroad,Marvin Gardens,St. Charles Place,Park Place,
24,0,0,0,226,0,23,17,30,0,213,0,32,21,0,6,339,0,
Best: P2
3
Vermont Avenue,Water Works,Indiana Avenue,Baltic Avenue,Kentucky Avenue,
24,0,0,0,226,0,23,17,30,0,213,0,32,21,0,6,339,0,
Best: P2
4
St. James Place,Ventnor Avenue,Vermont Avenue,Pennsylvania Railroad,Kentucky Avenue,Connecticut Avenue,Marvin Gardens,Reading Railroad,States Avenue,
24,0,0,0,226,0,23,17,30,0,213,0,32,21,0,6,339,0,
Best: P1
4
New York Avenue,B & O Railroad,Virginia Avenue,Illinois Avenue,Mediterranean Avenue,St. James Place,Kentucky Avenue,Park Place,
24,0,0,0,212,0,23,17,30,0,204,0,32,21,0,4,353,0,
Best: P2
3
Indiana Avenue,New York Avenue,Water Works,Short Line Railroad,Electric Company,Marvin Gardens,St. James Place,Ventnor Avenue,
23,0,0,0,225,0,24,16,30,0,210,0,31,21,0,5,335,0,
Best: P2
4
Baltic Avenue,States Avenue,North Carolina Avenue,Vermont Avenue,Short Line Railroad,Mediterranean Avenue,Pacific Avenue,Marvin Gardens,Reading Railroad,Water Works,Connecticut Avenue,Park Place,
23,0,0,0,225,0,24,16,30,0,210,0,31,21,0,5,335,0,
Best: P1
3
St. Charles Place,Tennessee Avenue,Ventnor Avenue,Pennsylvania Railroad,Short Line Railroad,St. James Place,Illinois Avenue,Atlantic Avenue,Baltic Avenue,Kentucky Avenue,Vermont Avenue,Reading Railroad,Water Works,Virginia Avenue,Mediterranean Avenue,Boardwalk,Electric Company,Park Place,
21,0,0,0,206,0,23,14,29,0,221,0,32,21,0,4,332,0,
Best: P2
4
Illinois Avenue,North Carolina Avenue,Park Place,Pacific Avenue,Electric Company,
22,0,0,0,225,0,24,14,30,0,212,0,31,21,0,4,326,0,
Best: P2
4
Baltic Avenue,Pennsylvania Railroad,Atlantic Avenue,B & O Railroad,Connecticut Avenue,
22,0,0,0,225,0,24,14,30,0,212,0,31,21,0,4,326,0,
Best: P1
3
States Avenue,Park Place,Water Works,Short Line Railroad,Reading Railroad,Ventnor Avenue,Boardwalk,
21,0,0,0,220,0,22,14,27,0,212,0,32,20,0,3,335,0,
Best: P2
3
Oriental Avenue,Virginia Avenue,Short Line Railroad,States Avenue,Electric Company,Kentucky Avenue,Ventnor Avenue,Pennsylvania Railroad,Water Works,Boardwalk,B & O Railroad,North Carolina Avenue,Reading Railroad,
21,0,0,0,230,0,22,14,27,0,212,0,30,20,0,3,333,0,
Best: P2
3
Oriental Avenue,Electric Company,Atlantic Avenue,Mediterranean Avenue,
21,0,0,0,230,0,22,14,27,0,212,0,30,20,0,3,333,0,
Best: P2
4
Pennsylvania Railroad,Marvin Gardens,Mediterranean Avenue,Vermont Avenue,B & O Railroad,Short Line Railroad,Pennsylvania Avenue,Tennessee Avenue,
21,0,0,0,230,0,22,14,27,0,212,0,30,20,0,3,333,0,
Best: P1
3
Vermont Avenue,B & O Railroad,Oriental Avenue,St. James Place,Pacific Avenue,Mediterranean Avenue,Short Line Railroad,Park Place,Electric Company,
22,0,0,0,233,0,22,13,25,0,216,0,29,19,0,3,348,0,
Best: P2
3
Indiana Avenue,Marvin Gardens,Ventnor Avenue,B & O Railroad,North Carolina Avenue,Illinois Avenue,Oriental Avenue,Reading Railroad,Atlantic Avenue,Boardwalk,
22,0,0,0,226,0,21,12,25,0,207,0,30,18,0,3,323,0,
Best: P1
3
States Avenue,Marvin Gardens,Oriental Avenue,Pennsylvania Railroad,Ventnor Avenue,North Carolina Avenue,Mediterranean Avenue,Water Works,Vermont Avenue,Virginia Avenue,Pennsylvania Avenue,New York Avenue,Boardwalk,
23,0,0,0,222,0,21,11,25,0,211,0,29,18,0,2,348,0,
Best: P3
4
Reading Railroad,North Carolina Avenue,St. James Place,Park Place,B & O Railroad,Ventnor Avenue,Virginia Avenue,Mediterranean Avenue,Kentucky Avenue,Pennsylvania Railroad,New York Avenue,Illinois Avenue,Vermont Avenue,
24,0,0,0,206,0,21,11,22,0,199,0,30,17,0,0,351,0,
Best: P1
3
Baltic Avenue,St. Charles Place,B & O Railroad,Oriental Avenue,Ventnor Avenue,Pacific Avenue,Water Works,North Carolina Avenue,Kentucky Avenue,New York Avenue,Reading Railroad,Mediterranean Avenue,Pennsylvania Avenue,Electric Company,States Avenue,Park Place,
23,0,0,0,211,0,22,11,22,0,211,0,29,16,0,1,352,0,
Best: P2
3
Illinois Avenue,Short Line Railroad,Connecticut Avenue,North Carolina Avenue,Tennessee Avenue,Pacific Avenue,Pennsylvania Railroad,Park Place,Electric Company,Virginia Avenue,Atlantic Avenue,Baltic Avenue,Pennsylvania Avenue,
23,0,0,0,224,0,21,10,21,0,213,0,28,15,0,0,340,0,
Best: P1
4
Electric Company,B & O Railroad,Short Line Railroad,Pennsylvania Railroad,Ventnor Avenue,St. James Place,Water Works,Illinois Avenue,Pacific Avenue,Baltic Avenue,Boardwalk,Connecticut Avenue,Oriental Avenue,New York Avenue,Kentucky Avenue,Tennessee Avenue,
23,0,0,0,214,0,22,10,21,0,207,0,27,14,0,0,352,0,
Best: P2
3
Vermont Avenue,New York Avenue,Pennsylvania Railroad,Ventnor Avenue,Reading Railroad,Baltic Avenue,Illinois Avenue,Park Place,
23,0,0,0,229,0,20,9,20,0,210,0,28,14,0,0,332,0,
Best: P2
3
Reading Railroad,Kentucky Avenue,Marvin Gardens,Pennsylvania Avenue,Vermont Avenue,New York Avenue,Water Works,Pacific Avenue,St. Charles Place,St. James Place,Park Place,Virginia Avenue,Illinois Avenue,Pennsylvania Railroad,
23,0,0,0,229,0,20,9,20,0,210,0,28,14,0,0,332,0,
Best: P1
3
Indiana Avenue,Atlantic Avenue,Pennsylvania Avenue,
21,0,0,0,233,0,19,7,20,0,213,0,28,12,0,0,320,0,
Best: P1
4
Atlantic Avenue,
21,0,0,0,233,0,19,7,20,0,213,0,28,12,0,0,320,0,
Best: P1
4
Oriental Avenue,Ventnor Avenue,Atlantic Avenue,Vermont Avenue,New York Avenue,B & O Railroad,Connecticut Avenue,Virginia Avenue,Short Line Railroad,Illinois Avenue,Tennessee Avenue,Electric Company,Baltic Avenue,Water Works,Reading Railroad,
21,0,0,0,233,0,19,7,20,0,213,0,28,12,0,0,320,0,
Best: P1
3
B & O Railroad,Baltic Avenue,Oriental Avenue,Short Line Railroad,New York Avenue,Atlantic Avenue,Pennsylvania Avenue,Reading Railroad,Electric Company,Ventnor Avenue,
21,0,0,0,233,0,19,7,20,0,213,0,28,12,0,0,320,0,
Best: P1
4
Pennsylvania Railroad,B & O Railroad,Kentucky Avenue,Marvin Gardens,Short Line Railroad,St. Charles Place,St. James Place,Illinois Avenue,Pacific Avenue,Ventnor Avenue,
21,0,0,0,233,0,19,7,20,0,213,0,28,12,0,0,320,0,
Best: P2
3
Baltic Avenue,North Carolina Avenue,Water Works,Connecticut Avenue,Indiana Avenue,Tennessee Avenue,Park Place,Pennsylvania Railroad,Mediterranean Avenue,Oriental Avenue,Short Line Railroad,
21,0,0,0,221,0,18,6,18,0,208,0,26,11,0,0,307,0,
Best: P1
3
Connecticut Avenue,Baltic Avenue,Tennessee Avenue,B & O Railroad,North Carolina Avenue,Pacific Avenue,Vermont Avenue,Atlantic Avenue,Illinois Avenue,Virginia Avenue,
20,0,0,0,231,0,18,6,18,0,205,0,26,11,0,0,309,0,
Best: P2
4
States Avenue,Atlantic Avenue,Electric Company,Virginia Avenue,Park Place,Reading Railroad,
20,0,0,0,214,0,18,5,18,0,199,0,25,10,0,0,311,0,
Best: P5
3
Atlantic Avenue,St. Charles Place,Connecticut Avenue,New York Avenue,Mediterranean Avenue,Electric Company,Ventnor Avenue,Illinois Avenue,North Carolina Avenue,Park Place,St. James Place,Reading Railroad,Kentucky Avenue,Tennessee Avenue,Indiana Avenue,Oriental Avenue,Pacific Avenue,
19,0,0,0,224,0,18,4,18,0,194,0,26,9,0,0,325,0,
Best: P1
3
Boardwalk,States Avenue,Water Works,Indiana Avenue,Pacific Avenue,Ventnor Avenue,Connecticut Avenue,Short Line Railroad,Illinois Avenue,Reading Railroad,
19,0,0,0,232,0,18,4,18,0,192,0,25,9,0,0,334,0,
Best: P2
3
Virginia Avenue,St. Charles Place,Pennsylvania Avenue,Oriental Avenue,Indiana Avenue,Baltic Avenue,Reading Railroad,
20,0,0,0,222,0,18,2,18,0,200,0,25,7,0,0,312,0,
Best: P4
4
Oriental Avenue,Pennsylvania Railroad,Atlantic Avenue,Reading Railroad,North Carolina Avenue,Indiana Avenue,Ventnor Avenue,Baltic Avenue,Pennsylvania Avenue,Vermont Avenue,Water Works,B & O Railroad,Park Place,St. Charles Place,Tennessee Avenue,
20,0,0,0,232,0,18,1,17,0,202,0,24,8,0,0,309,0,
Best: P2
4
Oriental Avenue,Kentucky Avenue,Tennessee Avenue,Virginia Avenue,Reading Railroad,St. James Place,B & O Railroad,St. Charles Place,Park Place,Mediterranean Avenue,Water Works,Vermont Avenue,
20,0,0,0,238,0,18,1,17,0,198,0,24,7,0,0,316,0,
Best: P2
3
Pacific Avenue,Oriental Avenue,St. James Place,Park Place,Mediterranean Avenue,Reading Railroad,
20,0,0,0,238,0,18,1,17,0,198,0,24,7,0,0,316,0,
Best: P2
4
Baltic Avenue,St. James Place,Kentucky Avenue,Mediterranean Avenue,Vermont Avenue,Tennessee Avenue,Pacific Avenue,Connecticut Avenue,Marvin Gardens,Pennsylvania Railroad,
20,0,0,0,238,0,18,1,17,0,198,0,24,7,0,0,316,0,
Best: P1
4
North Carolina Avenue,Oriental Avenue,Baltic Avenue,St. Charles Place,St. James Place,Boardwalk,Vermont Avenue,Atlantic Avenue,
19,0,0,0,233,0,16,0,16,0,210,0,22,6,0,0,316,0,
Best: P2
4
Virginia Avenue,Water Works,North Carolina Avenue,Oriental Avenue,Marvin Gardens,Baltic Avenue,Pacific Avenue,B & O Railroad,Illinois Avenue,Connecticut Avenue,St. James Place,Pennsylvania Avenue,Atlantic Avenue,Indiana Avenue,Boardwalk,
18,0,0,0,237,0,16,0,15,0,206,0,23,6,0,0,319,0,
Best: P2
3
Electric Company,Tennessee Avenue,St. Charles Place,St. James Place,Illinois Avenue,New York Avenue,
18,0,0,0,237,0,16,0,15,0,206,0,23,6,0,0,319,0,
Best: P1
3
Electric Company,B & O Railroad,Reading Railroad,Oriental Avenue,St. James Place,Marvin Gardens,Pacific Avenue,States Avenue,Atlantic Avenue,Indiana Avenue,Boardwalk,St. Charles Place,
17,0,0,0,240,0,16,0,13,0,215,0,22,4,0,0,323,0,
Best: P1
4
North Carolina Avenue,B & O Railroad,Oriental Avenue,Atlantic Avenue,Vermont Avenue,Illinois Avenue,Pennsylvania Railroad,Indiana Avenue,Ventnor Avenue,Baltic Avenue,Park Place,New York Avenue,Reading Railroad,
17,0,0,0,240,0,16,0,13,0,215,0,22,4,0,0,323,0,
Best: P2
4
New York Avenue,Reading Railroad,Pacific Avenue,St. Charles Place,Mediterranean Avenue,North Carolina Avenue,Indiana Avenue,Park Place,B & O Railroad,Water Works,Short Line Railroad,St. James Place,Marvin Gardens,
17,0,0,0,241,0,15,0,12,0,214,0,23,3,0,0,312,0,
Best: P2
3
Pennsylvania Railroad,Atlantic Avenue,Electric Company,New York Avenue,Baltic Avenue,Illinois Avenue,Marvin Gardens,Kentucky Avenue,Mediterranean Avenue,
17,0,0,0,241,0,15,0,12,0,214,0,23,3,0,0,312,0,
Best: P2
3
St. James Place,Short Line Railroad,Connecticut Avenue,Marvin Gardens,Electric Company,Ventnor Avenue,Pennsylvania Avenue,
17,0,0,0,241,0,15,0,12,0,214,0,23,3,0,0,312,0,
Best: P2
3
Water Works,Tennessee Avenue,Virginia Avenue,Vermont Avenue,Pennsylvania Avenue,Pacific Avenue,
17,0,0,0,241,0,15,0,12,0,214,0,23,3,0,0,312,0,
Best: P1
3
Baltic Avenue,States Avenue,Vermont Avenue,St. James Place,Short Line Railroad,Boardwalk,Kentucky Avenue,Illinois Avenue,North Carolina Avenue,Reading Railroad,Indiana Avenue,Water Works,Park Place,Pennsylvania Avenue,St. Charles Place,Pennsylvania Railroad,Pacific Avenue,
17,0,0,0,248,0,16,0,11,0,209,0,21,1,0,0,303,0,
Best: P2
4
Pennsylvania Avenue,Marvin Gardens,B & O Railroad,Boardwalk,Atlantic Avenue,Kentucky Avenue,St. Charles Place,Connecticut Avenue,
18,0,0,0,253,0,15,0,11,0,208,0,22,2,0,0,291,0,
Best: P2
4
Atlantic Avenue,Vermont Avenue,Pennsylvania Railroad,North Carolina Avenue,Pacific Avenue,Connecticut Avenue,Pennsylvania Avenue,Oriental Avenue,Boardwalk,B & O Railroad,Mediterranean Avenue,
18,0,0,0,253,0,15,0,11,0,208,0,22,2,0,0,291,0,
Best: P1
3
Short Line Railroad,Water Works,Virginia Avenue,Atlantic Avenue,Ventnor Avenue,Boardwalk,Mediterranean Avenue,Indiana Avenue,Vermont Avenue,New York Avenue,Kentucky Avenue,States Avenue,Pennsylvania Avenue,
18,0,0,0,264,0,15,0,11,0,194,0,21,1,0,0,298,0,
Best: P1
3
St. James Place,Pacific Avenue,Connecticut Avenue,New York Avenue,B & O Railroad,Mediterranean Avenue,North Carolina Avenue,Short Line Railroad,Indiana Avenue,Electric Company,Tennessee Avenue,Marvin Gardens,Illinois Avenue,States Avenue,
18,0,0,0,264,0,15,0,11,0,194,0,21,1,0,0,298,0,
Best: P2
3
Tennessee Avenue,Mediterranean Avenue,Virginia Avenue,B & O Railroad,Baltic Avenue,Kentucky Avenue,Illinois Avenue,Electric Company,Water Works,Pacific Avenue,Boardwalk,North Carolina Avenue,Connecticut Avenue,
18,0,0,0,249,0,15,0,11,0,189,0,20,0,0,0,283,0,
Best: P1
4
Boardwalk,Reading Railroad,Water Works,Illinois Avenue,North Carolina Avenue,Pennsylvania Railroad,B & O Railroad,
17,0,0,0,261,0,16,0,10,0,181,0,20,0,0,0,298,0,
Best: P1
3
Vermont Avenue,Illinois Avenue,North Carolina Avenue,Baltic Avenue,Atlantic Avenue,Oriental Avenue,St. Charles Place,Tennessee Avenue,Connecticut Avenue,Marvin Gardens,Park Place,Water Works,
17,0,0,0,261,0,16,0,10,0,181,0,20,0,0,0,298,0,
Best: P2
4
States Avenue,St. James Place,Electric Company,Water Works,Reading Railroad,Kentucky Avenue,Illinois Avenue,
16,0,0,0,273,0,15,0,10,0,190,0,20,0,0,0,307,0,
Best: P1
3
States Avenue,Illinois Avenue,Vermont Avenue,Connecticut Avenue,Indiana Avenue,B & O Railroad,Baltic Avenue,Oriental Avenue,
15,0,0,0,275,0,15,0,10,0,186,0,20,0,0,0,292,0,
Best: P1
4
New York Avenue,B & O Railroad,Oriental Avenue,Pacific Avenue,Ventnor Avenue,Illinois Avenue,Park Place,St. Charles Place,Short Line Railroad,Virginia Avenue,North Carolina Avenue,Electric Company,Boardwalk,Kentucky Avenue,
15,0,0,0,275,0,15,0,10,0,186,0,20,0,0,0,292,0,
Best: P1
4
States Avenue,St. James Place,Oriental Avenue,Kentucky Avenue,Electric Company,Vermont Avenue,New York Avenue,Pennsylvania Avenue,Reading Railroad,Tennessee Avenue,Park Place,Atlantic Avenue,Boardwalk,Baltic Avenue,Virginia Avenue,
15,0,0,0,275,0,15,0,10,0,186,0,20,0,0,0,292,0,
Best: P1
3
Vermont Avenue,Marvin Gardens,Water Works,North Carolina Avenue,States Avenue,B & O Railroad,Atlantic Avenue,Virginia Avenue,New York Avenue,
15,0,0,0,275,0,15,0,10,0,186,0,20,0,0,0,292,0,
Best: P2
4
Mediterranean Avenue,Tennessee Avenue,Boardwalk,St. James Place,Connecticut Avenue,Indiana Avenue,New York Avenue,Pennsylvania Avenue,St. Charles Place,Park Place,Pennsylvania Railroad,States Avenue,
14,0,0,0,274,0,16,0,8,0,193,0,19,0,0,0,304,0,
Best: P3
4
North Carolina Avenue,Water Works,Pennsylvania Railroad,New York Avenue,Connecticut Avenue,Park Place,St. James Place,Mediterranean Avenue,Oriental Avenue,B & O Railroad,Kentucky Avenue,
14,0,0,0,290,0,16,0,7,0,190,0,19,0,0,0,293,0,
Best: P1
4
New York Avenue,States Avenue,Vermont Avenue,B & O Railroad,St. James Place,Pacific Avenue,Virginia Avenue,Atlantic Avenue,Electric Company,Indiana Avenue,North Carolina Avenue,Connecticut Avenue,Oriental Avenue,Short Line Railroad,Ventnor Avenue,Pennsylvania Railroad,
14,0,0,0,296,0,14,0,6,0,180,0,19,0,0,0,291,0,
Best: P1
3
St. James Place,Pennsylvania Avenue,Short Line Railroad,Vermont Avenue,Electric Company,B & O Railroad,Connecticut Avenue,Boardwalk,Reading Railroad,Baltic Avenue,Oriental Avenue,Indiana Avenue,Mediterranean Avenue,Virginia Avenue,Park Place,New York Avenue,
14,0,0,0,296,0,14,0,6,0,180,0,19,0,0,0,291,0,
Best: P2
4
Short Line Railroad,Pacific Avenue,Water Works,Connecticut Avenue,Electric Company,Mediterranean Avenue,Illinois Avenue,Kentucky Avenue,B & O Railroad,Baltic Avenue,Vermont Avenue,Reading Railroad,Ventnor Avenue,
13,0,0,0,282,0,13,0,6,0,195,0,18,0,0,0,269,0,
Best: P2
3
Indiana Avenue,Illinois Avenue,North Carolina Avenue,Atlantic Avenue,Pennsylvania Avenue,Oriental Avenue,Kentucky Avenue,Mediterranean Avenue,Reading Railroad,Pennsylvania Railroad,B & O Railroad,Park Place,
13,0,0,0,282,0,13,0,6,0,195,0,18,0,0,0,269,0,
Best: P2
3
Short Line Railroad,Park Place,States Avenue,Tennessee Avenue,Virginia Avenue,Marvin Gardens,Pennsylvania Avenue,Vermont Avenue,Kentucky Avenue,Electric Company,
13,0,0,0,282,0,13,0,6,0,195,0,18,0,0,0,269,0,
Best: P2
3
Illinois Avenue,Park Place,St. Charles Place,Virginia Avenue,States Avenue,Water Works,Reading Railroad,St. James Place,Tennessee Avenue,B & O Railroad,
13,0,0,0,282,0,13,0,6,0,195,0,18,0,0,0,269,0,
Best: P2
4
Tennessee Avenue,B & O Railroad,Mediterranean Avenue,States Avenue,Atlantic Avenue,St. James Place,St. Charles Place,Reading Railroad,Virginia Avenue,Pennsylvania Avenue,
13,0,0,0,282,0,13,0,6,0,195,0,18,0,0,0,269,0,
Best: P2
3
Reading Railroad,Short Line Railroad,Electric Company,Mediterranean Avenue,B & O Railroad,Pennsylvania Avenue,Oriental Avenue,Water Works,North Carolina Avenue,Indiana Avenue,Park Place,States Avenue,
13,0,0,0,282,0,13,0,6,0,195,0,18,0,0,0,269,0,
Best: P1
3
Virginia Avenue,Short Line Railroad,Oriental Avenue,Atlantic Avenue,B & O Railroad,Park Place,Illinois Avenue,Tennessee Avenue,Marvin Gardens,
12,0,0,0,296,0,11,0,5,0,199,0,17,0,0,0,282,0,
Best: P2
4
Reading Railroad,Indiana Avenue,Park Place,Electric Company,Atlantic Avenue,Pacific Avenue,B & O Railroad,Kentucky Avenue,Virginia Avenue,Oriental Avenue,North Carolina Avenue,Short Line Railroad,States Avenue,
12,0,0,0,283,0,12,0,4,0,204,0,16,0,0,0,272,0,
Best: P1
3
Atlantic Avenue,Baltic Avenue,Oriental Avenue,Illinois Avenue,Short Line Railroad,Virginia Avenue,St. James Place,St. Charles Place,Tennessee Avenue,Park Place,North Carolina Avenue,Water Works,Mediterranean Avenue,Pennsylvania Railroad,Pennsylvania Avenue,Electric Company,Marvin Gardens,
12,0,0,0,283,0,11,0,4,0,209,0,16,0,0,0,268,0,
Best: P2
3
Kentucky Avenue,B & O Railroad,St. Charles Place,Short Line Railroad,Ventnor Avenue,Illinois Avenue,Oriental Avenue,Connecticut Avenue,Park Place,Reading Railroad,Boardwalk,
12,0,0,0,280,0,11,0,3,0,203,0,16,0,0,0,267,0,
Best: P2
3
Boardwalk,Baltic Avenue,Electric Company,Pennsylvania Avenue,Pennsylvania Railroad,Illinois Avenue,Pacific Avenue,
12,0,0,0,280,0,11,0,3,0,203,0,16,0,0,0,267,0,
Best: P2
4
Mediterranean Avenue,Tennessee Avenue,Oriental Avenue,Reading Railroad,
12,0,0,0,280,0,11,0,3,0,203,0,16,0,0,0,267,0,
Best: P1
3
Pennsylvania Railroad,Park Place,Mediterranean Avenue,Short Line Railroad,New York Avenue,B & O Railroad,Ventnor Avenue,Atlantic Avenue,Connecticut Avenue,Oriental Avenue,Reading Railroad,Indiana Avenue,Illinois Avenue,
12,0,0,0,279,0,11,0,2,0,215,0,15,0,0,0,265,0,
Best: P1
3
Pacific Avenue,Marvin Gardens,Short Line Railroad,Indiana Avenue,Park Place,North Carolina Avenue,St. James Place,Water Works,Connecticut Avenue,
12,0,0,0,279,0,11,0,2,0,215,0,15,0,0,0,265,0,
Best: P1
3
States Avenue,Vermont Avenue,Pennsylvania Avenue,
12,0,0,0,279,0,11,0,2,0,215,0,15,0,0,0,265,0,
Best: P2
3
Pennsylvania Railroad,Kentucky Avenue,States Avenue,Pacific Avenue,B & O Railroad,Tennessee Avenue,Ventnor Avenue,St. James Place,St. Charles Place,New York Avenue,Indiana Avenue,North Carolina Avenue,Electric Company,Marvin Gardens,
12,0,0,0,296,0,11,0,1,0,205,0,16,0,0,0,272,0,
Best: P1
4
Reading Railroad,Ventnor Avenue,Atlantic Avenue,Pacific Avenue,Electric Company,Illinois Avenue,North Carolina Avenue,Oriental Avenue,Park Place,St. Charles Place,Tennessee Avenue,Short Line Railroad,
13,0,0,0,295,0,11,0,0,0,201,0,15,0,0,0,257,0,
Best: P1
3
Oriental Avenue,Park Place,St. James Place,St. Charles Place,Electric Company,Boardwalk,Indiana Avenue,Marvin Gardens,Kentucky Avenue,Ventnor Avenue,North Carolina Avenue,
13,0,0,0,295,0,11,0,0,0,201,0,15,0,0,0,257,0,
Best: P1
4
B & O Railroad,Connecticut Avenue,Pacific Avenue,Short Line Railroad,North Carolina Avenue,Kentucky Avenue,
13,0,0,0,295,0,11,0,0,0,201,0,15,0,0,0,257,0,
Best: P2
4
Tennessee Avenue,Virginia Avenue,Atlantic Avenue,
14,0,0,0,280,0,11,0,0,0,206,0,15,0,0,0,243,0,
Best: P1
3
Short Line Railroad,New York Avenue,Kentucky Avenue,Virginia Avenue,B & O Railroad,Illinois Avenue,Marvin Gardens,North Carolina Avenue,Water Works,Atlantic Avenue,Pacific Avenue,
13,0,0,0,275,0,11,0,0,0,196,0,15,0,0,0,257,0,
Best: P1
4
Reading Railroad,Pacific Avenue,Boardwalk,
13,0,0,0,275,0,11,0,0,0,196,0,15,0,0,0,257,0,
Best: P1
3
Connecticut Avenue,Ventnor Avenue,Vermont Avenue,Virginia Avenue,Park Place,North Carolina Avenue,Oriental Avenue,Reading Railroad,Mediterranean Avenue,Pennsylvania Railroad,
13,0,0,0,275,0,11,0,0,0,196,0,15,0,0,0,257,0,
Best: P2
4
Boardwalk,Electric Company,St. James Place,Pennsylvania Railroad,Marvin Gardens,Short Line Railroad,Kentucky Avenue,Oriental Avenue,Indiana Avenue,Pennsylvania Avenue,North Carolina Avenue,New York Avenue,States Avenue,
13,0,0,0,282,0,11,0,0,0,206,0,14,0,0,0,246,0,
Best: P1
4
Ventnor Avenue,Short Line Railroad,Tennessee Avenue,Kentucky Avenue,Atlantic Avenue,Virginia Avenue,Pennsylvania Railroad,States Avenue,St. Charles Place,Boardwalk,Vermont Avenue,St. James Place,Illinois Avenue,Water Works,B & O Railroad,Reading Railroad,
13,0,0,0,266,0,11,0,0,0,203,0,15,0,0,0,248,0,
Best: P2
4
St. James Place,Ventnor Avenue,States Avenue,Pacific Avenue,Connecticut Avenue,Illinois Avenue,Indiana Avenue,
13,0,0,0,279,0,11,0,0,0,214,0,14,0,0,0,254,0,
Best: P1
3
Virginia Avenue,New York Avenue,Baltic Avenue,St. James Place,Park Place,North Carolina Avenue,Boardwalk,Ventnor Avenue,
12,0,0,0,269,0,10,0,0,0,201,0,14,0,0,0,251,0,
Best: P1
3
Tennessee Avenue,Mediterranean Avenue,New York Avenue,B & O Railroad,North Carolina Avenue,Baltic Avenue,Atlantic Avenue,Virginia Avenue,St. James Place,Illinois Avenue,States Avenue,Connecticut Avenue,Ventnor Avenue,
12,0,0,0,269,0,10,0,0,0,201,0,14,0,0,0,251,0,
Best: P2
3
Electric Company,Marvin Gardens,Water Works,Atlantic Avenue,Tennessee Avenue,Virginia Avenue,Illinois Avenue,Ventnor Avenue,B & O Railroad,New York Avenue,Connecticut Avenue,Park Place,Kentucky Avenue,Reading Railroad,Baltic Avenue,North Carolina Avenue,
12,0,0,0,276,0,10,0,0,0,211,0,14,0,0,0,265,0,
Best: P2
3
Vermont Avenue,Tennessee Avenue,Indiana Avenue,Kentucky Avenue,North Carolina Avenue,Marvin Gardens,Park Place,Pacific Avenue,Virginia Avenue,Short Line Railroad,St. James Place,States Avenue,Mediterranean Avenue,
12,0,0,0,276,0,10,0,0,0,211,0,14,0,0,0,265,0,
Best: P1
3
Connecticut Avenue,Oriental Avenue,Reading Railroad,Virginia Avenue,St. Charles Place,Indiana Avenue,Park Place,Mediterranean Avenue,Marvin Gardens,North Carolina Avenue,Pacific Avenue,Pennsylvania Railroad,Atlantic Avenue,Pennsylvania Avenue,New York Avenue,
12,0,0,0,253,0,10,0,0,0,197,0,15,0,0,0,252,0,
Best: P1
3
Marvin Gardens,Kentucky Avenue,Park Place,Pennsylvania Avenue,Pennsylvania Railroad,Atlantic Avenue,Virginia Avenue,New York Avenue,Vermont Avenue,North Carolina Avenue,Indiana Avenue,
12,0,0,0,253,0,10,0,0,0,197,0,15,0,0,0,252,0,
Best: P2
4
Illinois Avenue,States Avenue,Pacific Avenue,Mediterranean Avenue,North Carolina Avenue,Atlantic Avenue,Reading Railroad,Pennsylvania Avenue,Ventnor Avenue,New York Avenue,
11,0,0,0,242,0,10,0,0,0,196,0,14,0,0,0,257,0,
Best: P1
4
North Carolina Avenue,States Avenue,Pacific Avenue,Reading Railroad,Connecticut Avenue,Indiana Avenue,Tennessee Avenue,
12,0,0,0,251,0,10,0,0,0,203,0,13,0,0,0,243,0,
Best: P1
4
Illinois Avenue,Ventnor Avenue,Marvin Gardens,Pacific Avenue,Kentucky Avenue,Oriental Avenue,North Carolina Avenue,States Avenue,Virginia Avenue,St. James Place,Boardwalk,
12,0,0,0,251,0,10,0,0,0,203,0,13,0,0,0,243,0,
Best: P1
4
Indiana Avenue,Reading Railroad,Pennsylvania Railroad,Baltic Avenue,Kentucky Avenue,St. Charles Place,B & O Railroad,New York Avenue,Mediterranean Avenue,North Carolina Avenue,Water Works,
12,0,0,0,251,0,10,0,0,0,203,0,13,0,0,0,243,0,
Best: P1
3
St. Charles Place,Boardwalk,New York Avenue,Pacific Avenue,St. James Place,B & O Railroad,Oriental Avenue,Connecticut Avenue,Illinois Avenue,
12,0,0,0,251,0,10,0,0,0,203,0,13,0,0,0,243,0,
Best: P1
3

12,0,0,0,251,0,10,0,0,0,203,0,13,0,0,0,243,0,
Best: P1
4
Oriental Avenue,B & O Railroad,Pacific Avenue,Atlantic Avenue,Water Works,Pennsylvania Avenue,Kentucky Avenue,Ventnor Avenue,Boardwalk,St. Charles Place,Electric Company,North Carolina Avenue,Reading Railroad,St. James Place,Vermont Avenue,
12,0,0,0,251,0,10,0,0,0,203,0,13,0,0,0,243,0,
Best: P2
4
Indiana Avenue,Oriental Avenue,Short Line Railroad,Kentucky Avenue,Pennsylvania Avenue,Reading Railroad,Electric Company,Vermont Avenue,
12,0,0,0,257,0,10,0,0,0,206,0,13,0,0,0,250,0,
Best: P1
3
North Carolina Avenue,Park Place,Connecticut Avenue,Pacific Avenue,Illinois Avenue,St. James Place,Mediterranean Avenue,Tennessee Avenue,Marvin Gardens,Baltic Avenue,Boardwalk,Atlantic Avenue,
11,0,0,0,251,0,10,0,0,0,193,0,13,0,0,0,238,0,
Best: P1
3
Baltic Avenue,Illinois Avenue,Ventnor Avenue,Indiana Avenue,Pacific Avenue,Park Place,St. Charles Place,Boardwalk,Kentucky Avenue,Virginia Avenue,
11,0,0,0,251,0,10,0,0,0,193,0,13,0,0,0,238,0,
Best: P2
4
Electric Company,Illinois Avenue,Pennsylvania Railroad,Virginia Avenue,Short Line Railroad,Connecticut Avenue,Water Works,North Carolina Avenue,Baltic Avenue,Vermont Avenue,Ventnor Avenue,Reading Railroad,B & O Railroad,St. Charles Place,
11,0,0,0,264,0,11,0,0,0,187,0,13,0,0,0,235,0,
Best: P2
4
Atlantic Avenue,Water Works,Illinois Avenue,Virginia Avenue,New York Avenue,Mediterranean Avenue,B & O Railroad,St. James Place,Indiana Avenue,Pennsylvania Avenue,
11,0,0,0,264,0,11,0,0,0,187,0,13,0,0,0,235,0,
Best: P2
4
Vermont Avenue,New York Avenue,Atlantic Avenue,Indiana Avenue,Baltic Avenue,Tennessee Avenue,Boardwalk,North Carolina Avenue,
11,0,0,0,264,0,11,0,0,0,187,0,13,0,0,0,235,0,
Best: P1
3
Electric Company,B & O Railroad,Tennessee Avenue,Baltic Avenue,St. James Place,Illinois Avenue,Reading Railroad,Pennsylvania Railroad,Marvin Gardens,Ventnor Avenue,Connecticut Avenue,North Carolina Avenue,
11,0,0,0,256,0,10,0,0,0,193,0,12,0,0,0,251,0,
Best: P2
4
Vermont Avenue,Kentucky Avenue,Water Works,Electric Company,Oriental Avenue,New York Avenue,States Avenue,Baltic Avenue,St. Charles Place,Virginia Avenue,
11,0,0,0,249,0,10,0,0,0,197,0,12,0,0,0,250,0,
Best: P2
4
Pennsylvania Avenue,Illinois Avenue,Short Line Railroad,
11,0,0,0,249,0,10,0,0,0,197,0,12,0,0,0,250,0,
Best: P1
4
St. Charles Place,B & O Railroad,Vermont Avenue,St. James Place,Reading Railroad,Baltic Avenue,Connecticut Avenue,Indiana Avenue,Mediterranean Avenue,Kentucky Avenue,Virginia Avenue,Short Line Railroad,North Carolina Avenue,
12,0,0,0,259,0,10,0,0,0,192,0,12,0,0,0,242,0,
Best: P2
4
Virginia Avenue,Reading Railroad,Vermont Avenue,Pennsylvania Railroad,Connecticut Avenue,Pacific Avenue,Kentucky Avenue,Pennsylvania Avenue,Electric Company,Tennessee Avenue,Marvin Gardens,Park Place,
10,0,0,0,259,0,10,0,0,0,184,0,12,0,0,0,248,0,
Best: P1
3
St. Charles Place,Indiana Avenue,States Avenue,Park Place,Illinois Avenue,Ventnor Avenue,Kentucky Avenue,
11,0,0,0,266,0,10,0,0,0,193,0,12,0,0,0,245,0,
Best: P2
4
Marvin Gardens,Short Line Railroad,Ventnor Avenue,Pacific Avenue,Water Works,Pennsylvania Railroad,
10,0,0,0,251,0,10,0,0,0,191,0,12,0,0,0,236,0,
Best: P2
4
Virginia Avenue,Pennsylvania Railroad,Atlantic Avenue,Marvin Gardens,Connecticut Avenue,St. James Place,Ventnor Avenue,Pacific Avenue,Vermont Avenue,Short Line Railroad,Kentucky Avenue,B & O Railroad,St. Charles Place,
10,0,0,0,251,0,10,0,0,0,191,0,12,0,0,0,236,0,
Best: P3
4
B & O Railroad,Virginia Avenue,Pennsylvania Railroad,Pacific Avenue,Reading Railroad,Oriental Avenue,Baltic Avenue,Electric Company,Marvin Gardens,St. James Place,Short Line Railroad,
10,0,0,0,231,0,10,0,0,0,185,0,11,0,0,0,240,0,
Best: P1
4
Reading Railroad,Indiana Avenue,St. James Place,B & O Railroad,Marvin Gardens,Boardwalk,
10,0,0,0,235,0,10,0,0,0,189,0,11,0,0,0,232,0,
Best: P1
3
Connecticut Avenue,North Carolina Avenue,States Avenue,Water Works,Reading Railroad,Virginia Avenue,Pacific Avenue,Baltic Avenue,St. Charles Place,Electric Company,Mediterranean Avenue,Illinois Avenue,Indiana Avenue,Tennessee Avenue,
10,0,0,0,235,0,10,0,0,0,189,0,11,0,0,0,232,0,
Best: P1
4
Marvin Gardens,Indiana Avenue,Virginia Avenue,Water Works,North Carolina Avenue,Boardwalk,Electric Company,Tennessee Avenue,Reading Railroad,Mediterranean Avenue,St. James Place,St. Charles Place,Kentucky Avenue,Pacific Avenue,Park Place,Oriental Avenue,New York Avenue,
10,0,0,0,235,0,10,0,0,0,189,0,11,0,0,0,232,0,
Best: P2
4
Pennsylvania Avenue,Marvin Gardens,Mediterranean Avenue,Tennessee Avenue,
10,0,0,0,247,0,11,0,0,0,185,0,11,0,0,0,246,0,
Best: P1
3
Pennsylvania Avenue,St. Charles Place,Pennsylvania Railroad,Boardwalk,Baltic Avenue,Electric Company,Oriental Avenue,Connecticut Avenue,New York Avenue,St. James Place,Kentucky Avenue,States Avenue,Mediterranean Avenue,Short Line Railroad,
11,0,0,0,250,0,10,0,0,0,190,0,11,0,0,0,239,0,
Best: P1
3
Tennessee Avenue,Connecticut Avenue,Marvin Gardens,St. Charles Place,New York Avenue,Indiana Avenue,Illinois Avenue,Virginia Avenue,North Carolina Avenue,Reading Railroad,States Avenue,St. James Place,Pacific Avenue,Oriental Avenue,
11,0,0,0,250,0,10,0,0,0,190,0,11,0,0,0,239,0,
Best: P1
3
Pacific Avenue,Vermont Avenue,Tennessee Avenue,B & O Railroad,St. James Place,Indiana Avenue,Pennsylvania Railroad,Pennsylvania Avenue,North Carolina Avenue,Kentucky Avenue,Park Place,Water Works,Atlantic Avenue,
11,0,0,0,250,0,10,0,0,0,190,0,11,0,0,0,239,0,
Best: P1
3
Baltic Avenue,Atlantic Avenue,Virginia Avenue,St. James Place,B & O Railroad,Park Place,Oriental Avenue,Electric Company,New York Avenue,Indiana Avenue,North Carolina Avenue,Short Line Railroad,Pennsylvania Avenue,St. Charles Place,Ventnor Avenue,
11,0,0,0,250,0,10,0,0,0,190,0,11,0,0,0,239,0,
Best: P4
3
Vermont Avenue,Atlantic Avenue,St. Charles Place,Marvin Gardens,Pennsylvania Avenue,Kentucky Avenue,Water Works,Oriental Avenue,Indiana Avenue,Virginia Avenue,Electric Company,Pacific Avenue,Pennsylvania Railroad,New York Avenue,
10,0,0,0,229,0,10,0,0,0,188,0,11,0,0,0,236,0,
Best: P1
3
Virginia Avenue,Water Works,Pacific Avenue,St. Charles Place,Oriental Avenue,Park Place,Electric Company,Marvin Gardens,Tennessee Avenue,Indiana Avenue,New York Avenue,Illinois Avenue,Mediterranean Avenue,B & O Railroad,Reading Railroad,St. James Place,Atlantic Avenue,
10,0,0,0,248,0,10,0,0,0,183,0,11,0,0,0,248,0,
Best: P1
3
St. Charles Place,Atlantic Avenue,Boardwalk,Pennsylvania Railroad,Baltic Avenue,
10,0,0,0,248,0,10,0,0,0,183,0,11,0,0,0,248,0,
Best: P2
4
Virginia Avenue,Illinois Avenue,States Avenue,St. James Place,Oriental Avenue,Kentucky Avenue,
10,0,0,0,229,0,10,0,0,0,176,0,11,0,0,0,237,0,
Best: P2
3
Reading Railroad,New York Avenue,Pennsylvania Railroad,North Carolina Avenue,Illinois Avenue,Park Place,Indiana Avenue,Water Works,Mediterranean Avenue,Marvin Gardens,Tennessee Avenue,St. Charles Place,
10,0,0,0,229,0,10,0,0,0,176,0,11,0,0,0,237,0,
Best: P1
4
St. James Place,Connecticut Avenue,Kentucky Avenue,Ventnor Avenue,Atlantic Avenue,Water Works,North Carolina Avenue,Oriental Avenue,Pennsylvania Avenue,Pacific Avenue,Virginia Avenue,
10,0,0,0,229,0,10,0,0,0,169,0,11,0,0,0,245,0,
Best: P1
3
St. James Place,Marvin Gardens,Illinois Avenue,Pacific Avenue,Oriental Avenue,Kentucky Avenue,States Avenue,Pennsylvania Avenue,B & O Railroad,Park Place,Electric Company,Water Works,Mediterranean Avenue,Ventnor Avenue,
10,0,0,0,229,0,10,0,0,0,169,0,11,0,0,0,245,0,
Best: P1
3
Pacific Avenue,Illinois Avenue,Connecticut Avenue,New York Avenue,St. Charles Place,Kentucky Avenue,Atlantic Avenue,Boardwalk,Park Place,Short Line Railroad,
10,0,0,0,229,0,10,0,0,0,169,0,11,0,0,0,245,0,
Best: P1
4
Kentucky Avenue,Baltic Avenue,States Avenue,Boardwalk,St. Charles Place,Mediterranean Avenue,Pacific Avenue,Pennsylvania Avenue,Illinois Avenue,
10,0,0,0,229,0,10,0,0,0,169,0,11,0,0,0,245,0,
Best: P1
3
Marvin Gardens,Connecticut Avenue,States Avenue,Kentucky Avenue,North Carolina Avenue,Atlantic Avenue,Tennessee Avenue,Electric Company,Ventnor Avenue,B & O Railroad,Mediterranean Avenue,New York Avenue,Baltic Avenue,
10,0,0,0,229,0,10,0,0,0,169,0,11,0,0,0,245,0,
Best: P2
4
St. James Place,Connecticut Avenue,Park Place,Boardwalk,Illinois Avenue,Baltic Avenue,Kentucky Avenue,Indiana Avenue,Reading Railroad,Marvin Gardens,B & O Railroad,
10,0,0,0,212,0,10,0,0,0,177,0,11,0,0,0,240,0,
Best: P1
3
Illinois Avenue,Atlantic Avenue,New York Avenue,Virginia Avenue,Reading Railroad,Electric Company,St. James Place,Tennessee Avenue,Boardwalk,Mediterranean Avenue,Kentucky Avenue,St. Charles Place,Connecticut Avenue,
10,0,0,0,220,0,10,0,0,0,174,0,11,0,0,0,242,0,
Best: P1
4
Pacific Avenue,B & O Railroad,Oriental Avenue,States Avenue,Short Line Railroad,Electric Company,Pennsylvania Avenue,Kentucky Avenue,Water Works,Park Place,Baltic Avenue,Mediterranean Avenue,Tennessee Avenue,New York Avenue,
10,0,0,0,220,0,10,0,0,0,174,0,11,0,0,0,242,0,
Best: P1
3
Boardwalk,Pacific Avenue,Virginia Avenue,Water Works,Electric Company,St. James Place,North Carolina Avenue,Short Line Railroad,Vermont Avenue,Tennessee Avenue,Mediterranean Avenue,Pennsylvania Avenue,Kentucky Avenue,
10,0,0,0,220,0,10,0,0,0,174,0,11,0,0,0,242,0,
Best: P2
4
Mediterranean Avenue,Short Line Railroad,Baltic Avenue,Pennsylvania Railroad,Kentucky Avenue,Marvin Gardens,Park Place,Electric Company,B & O Railroad,Illinois Avenue,
10,0,0,0,209,0,10,0,0,0,180,0,11,0,0,0,231,0,
Best: P1
3
Marvin Gardens,Connecticut Avenue,
10,0,0,0,216,0,11,0,0,0,184,0,11,0,0,0,226,0,
Best: P1
4
Illinois Avenue,
10,0,0,0,216,0,11,0,0,0,184,0,11,0,0,0,226,0,
Best: P1
3
Kentucky Avenue,Marvin Gardens,Boardwalk,States Avenue,Tennessee Avenue,Mediterranean Avenue,Pacific Avenue,
10,0,0,0,216,0,11,0,0,0,184,0,11,0,0,0,226,0,
Best: P1
4
Ventnor Avenue,Tennessee Avenue,Water Works,Marvin Gardens,St. James Place,Reading Railroad,Vermont Avenue,Pennsylvania Railroad,Virginia Avenue,Park Place,Baltic Avenue,Indiana Avenue,
10,0,0,0,216,0,11,0,0,0,184,0,11,0,0,0,226,0,
Best: P1
3
Water Works,Oriental Avenue,States Avenue,Atlantic Avenue,Reading Railroad,Marvin Gardens,Pacific Avenue,Vermont Avenue,Electric Company,New York Avenue,Pennsylvania Avenue,Virginia Avenue,Baltic Avenue,Indiana Avenue,
10,0,0,0,216,0,11,0,0,0,184,0,11,0,0,0,226,0,
Best: P1
4
Baltic Avenue,Park Place,Indiana Avenue,Atlantic Avenue,Oriental Avenue,St. Charles Place,
10,0,0,0,216,0,11,0,0,0,184,0,11,0,0,0,226,0,
Best: P2
4
Indiana Avenue,Short Line Railroad,Pennsylvania Avenue,Reading Railroad,Oriental Avenue,B & O Railroad,Pennsylvania Railroad,New York Avenue,Marvin Gardens,
10,0,0,0,228,0,10,0,0,0,186,0,10,0,0,0,224,0,
Best: P1
3
St. James Place,Kentucky Avenue,Boardwalk,Pennsylvania Railroad,Illinois Avenue,Ventnor Avenue,Tennessee Avenue,Marvin Gardens,
10,0,0,0,217,0,10,0,0,0,194,0,10,0,0,0,225,0,
Best: P1
4
Park Place,Mediterranean Avenue,Marvin Gardens,North Carolina Avenue,Illinois Avenue,Vermont Avenue,Short Line Railroad,Indiana Avenue,Oriental Avenue,Tennessee Avenue,Boardwalk,
10,0,0,0,217,0,10,0,0,0,194,0,10,0,0,0,225,0,
Best: P2
4
Electric Company,Atlantic Avenue,Park Place,Short Line Railroad,Vermont Avenue,Tennessee Avenue,States Avenue,Kentucky Avenue,Indiana Avenue,Pennsylvania Railroad,Mediterranean Avenue,
11,0,0,0,205,0,11,0,0,0,190,0,10,0,0,0,217,0,
Best: P1
3
Park Place,Tennessee Avenue,Boardwalk,Pennsylvania Avenue,Marvin Gardens,Baltic Avenue,New York Avenue,
10,0,0,0,217,0,10,0,0,0,186,0,10,0,0,0,216,0,
Best: P1
4
Connecticut Avenue,Reading Railroad,New York Avenue,Oriental Avenue,Pennsylvania Railroad,Mediterranean Avenue,Illinois Avenue,St. Charles Place,Park Place,
10,0,0,0,217,0,10,0,0,0,186,0,10,0,0,0,216,0,
Best: P2
4
Pacific Avenue,Marvin Gardens,North Carolina Avenue,New York Avenue,States Avenue,
10,0,0,0,227,0,10,0,0,0,183,0,10,0,0,0,220,0,
Best: P3
3
Marvin Gardens,Pacific Avenue,North Carolina Avenue,Electric Company,Water Works,Pennsylvania Avenue,Reading Railroad,Ventnor Avenue,Tennessee Avenue,New York Avenue,St. James Place,
10,0,0,0,236,0,10,0,0,0,191,0,10,0,0,0,211,0,
Best: P1
4
Vermont Avenue,Electric Company,Pacific Avenue,Short Line Railroad,Pennsylvania Avenue,St. James Place,Kentucky Avenue,New York Avenue,Virginia Avenue,Water Works,
10,0,0,0,227,0,10,0,0,0,194,0,10,0,0,0,202,0,
Best: P2
4
Oriental Avenue,States Avenue,Tennessee Avenue,Reading Railroad,Atlantic Avenue,B & O Railroad,Pacific Avenue,Ventnor Avenue,St. Charles Place,Mediterranean Avenue,Baltic Avenue,
11,0,0,0,241,0,10,0,0,0,186,0,10,0,0,0,215,0,
Best: P1
4
Tennessee Avenue,Pennsylvania Railroad,Reading Railroad,Vermont Avenue,North Carolina Avenue,Atlantic Avenue,Mediterranean Avenue,Oriental Avenue,Virginia Avenue,Park Place,St. Charles Place,
10,0,0,0,222,0,10,0,0,0,191,0,10,0,0,0,214,0,
Best: P1
4
Ventnor Avenue,Oriental Avenue,States Avenue,Tennessee Avenue,Water Works,Marvin Gardens,
10,0,0,0,222,0,10,0,0,0,191,0,10,0,0,0,214,0,
Best: P1
3
Vermont Avenue,Boardwalk,New York Avenue,St. James Place,Tennessee Avenue,Illinois Avenue,Virginia Avenue,Connecticut Avenue,Pennsylvania Avenue,Pennsylvania Railroad,Short Line Railroad,Park Place,Reading Railroad,
10,0,0,0,222,0,10,0,0,0,191,0,10,0,0,0,214,0,
Best: P1
3
Atlantic Avenue,Tennessee Avenue,Water Works,Pennsylvania Avenue,Marvin Gardens,Indiana Avenue,B & O Railroad,Short Line Railroad,Illinois Avenue,Oriental Avenue,
10,0,0,0,222,0,10,0,0,0,191,0,10,0,0,0,214,0,
Best: P2
4
Illinois Avenue,Electric Company,States Avenue,Pennsylvania Railroad,
10,0,0,0,231,0,10,0,0,0,186,0,10,0,0,0,215,0,
Best: P1
3
New York Avenue,Kentucky Avenue,Atlantic Avenue,Reading Railroad,B & O Railroad,Indiana Avenue,States Avenue,Park Place,Oriental Avenue,
10,0,0,0,219,0,10,0,0,0,182,0,10,0,0,0,220,0,
Best: P1
4
Kentucky Avenue,Pacific Avenue,Oriental Avenue,Illinois Avenue,Indiana Avenue,Virginia Avenue,North Carolina Avenue,Mediterranean Avenue,Atlantic Avenue,Boardwalk,Vermont Avenue,Pennsylvania Railroad,St. Charles Place,New York Avenue,Electric Company,
10,0,0,0,219,0,10,0,0,0,182,0,10,0,0,0,220,0,
Best: P1
4
Reading Railroad,St. Charles Place,States Avenue,Indiana Avenue,Virginia Avenue,Tennessee Avenue,Water Works,Kentucky Avenue,Pennsylvania Avenue,St. James Place,New York Avenue,Oriental Avenue,Park Place,Illinois Avenue,Connecticut Avenue,Short Line Railroad,Baltic Avenue,
10,0,0,0,219,0,10,0,0,0,182,0,10,0,0,0,220,0,
Best: P1
4
North Carolina Avenue,Boardwalk,Pennsylvania Railroad,Pacific Avenue,Baltic Avenue,States Avenue,
10,0,0,0,219,0,10,0,0,0,182,0,10,0,0,0,220,0,
Best: P2
3
New York Avenue,B & O Railroad,
10,0,0,0,209,0,10,0,0,0,179,0,10,0,0,0,210,0,
Best: P1
3
Electric Company,States Avenue,North Carolina Avenue,Boardwalk,St. Charles Place,B & O Railroad,Atlantic Avenue,Vermont Avenue,Tennessee Avenue,Pennsylvania Railroad,New York Avenue,Short Line Railroad,Mediterranean Avenue,
10,0,0,0,216,0,10,0,0,0,176,0,10,0,0,0,223,0,
Best: P1
3
St. Charles Place,Indiana Avenue,Vermont Avenue,New York Avenue,Virginia Avenue,Short Line Railroad,Atlantic Avenue,North Carolina Avenue,Pacific Avenue,Ventnor Avenue,
10,0,0,0,216,0,10,0,0,0,176,0,10,0,0,0,223,0,
Best: P1
3
St. James Place,Reading Railroad,North Carolina Avenue,Indiana Avenue,Pacific Avenue,St. Charles Place,States Avenue,Short Line Railroad,New York Avenue,Ventnor Avenue,B & O Railroad,Boardwalk,Connecticut Avenue,Pennsylvania Railroad,Park Place,
10,0,0,0,216,0,10,0,0,0,176,0,10,0,0,0,223,0,
Best: P1
3
Ventnor Avenue,Oriental Avenue,Pennsylvania Avenue,New York Avenue,Electric Company,Kentucky Avenue,Short Line Railroad,Baltic Avenue,Marvin Gardens,Pacific Avenue,St. Charles Place,Boardwalk,
10,0,0,0,216,0,10,0,0,0,176,0,10,0,0,0,223,0,
Best: P1
3
Indiana Avenue,Mediterranean Avenue,New York Avenue,B & O Railroad,Kentucky Avenue,Water Works,Park Place,Pennsylvania Railroad,Ventnor Avenue,Pacific Avenue,Vermont Avenue,Marvin Gardens,Virginia Avenue,
10,0,0,0,216,0,10,0,0,0,176,0,10,0,0,0,223,0,
Best: P2
3
Pennsylvania Avenue,Vermont Avenue,Tennessee Avenue,Marvin Gardens,Baltic Avenue,
10,0,0,0,213,0,10,0,0,0,171,0,10,0,0,0,216,0,
Best: P2
3
B & O Railroad,Atlantic Avenue,Boardwalk,Short Line Railroad,Connecticut Avenue,Indiana Avenue,Ventnor Avenue,Reading Railroad,Marvin Gardens,
10,0,0,0,213,0,10,0,0,0,171,0,10,0,0,0,216,0,
Best: P2
4
Electric Company,Reading Railroad,Marvin Gardens,Kentucky Avenue,Short Line Railroad,New York Avenue,Baltic Avenue,B & O Railroad,Connecticut Avenue,St. James Place,
10,0,0,0,213,0,10,0,0,0,171,0,10,0,0,0,216,0,
Best: P1
3
Tennessee Avenue,Short Line Railroad,Ventnor Avenue,Kentucky Avenue,B & O Railroad,Connecticut Avenue,Reading Railroad,Illinois Avenue,States Avenue,Water Works,
10,0,0,0,214,0,10,0,0,0,170,0,10,0,0,0,200,0,
Best: P2
4
Tennessee Avenue,St. Charles Place,Virginia Avenue,Boardwalk,Reading Railroad,States Avenue,Pennsylvania Railroad,Atlantic Avenue,Pacific Avenue,
10,0,0,0,204,0,10,0,0,0,168,0,10,0,0,0,197,0,
Best: P1
4
States Avenue,Pennsylvania Railroad,Water Works,Illinois Avenue,Ventnor Avenue,North Carolina Avenue,New York Avenue,Boardwalk,Indiana Avenue,Mediterranean Avenue,Reading Railroad,Pennsylvania Avenue,St. James Place,Virginia Avenue,Short Line Railroad,St. Charles Place,
11,0,0,0,198,0,10,0,0,0,167,0,10,0,0,0,188,0,
Best: P2
4
Electric Company,Short Line Railroad,St. James Place,Baltic Avenue,Indiana Avenue,Ventnor Avenue,North Carolina Avenue,Oriental Avenue,Water Works,
10,0,0,0,211,0,10,0,0,0,163,0,10,0,0,0,192,0,
Best: P2
3
Pennsylvania Railroad,Ventnor Avenue,Oriental Avenue,B & O Railroad,St. Charles Place,Pacific Avenue,Water Works,Marvin Gardens,Illinois Avenue,Pennsylvania Avenue,
10,0,0,0,211,0,10,0,0,0,163,0,10,0,0,0,192,0,
Best: P1
3
Pacific Avenue,Virginia Avenue,B & O Railroad,Boardwalk,Water Works,Mediterranean Avenue,Electric Company,Ventnor Avenue,New York Avenue,Pennsylvania Avenue,
10,0,0,0,200,0,10,0,0,0,160,0,10,0,0,0,202,0,
Best: P1
3
B & O Railroad,Connecticut Avenue,Pennsylvania Avenue,Virginia Avenue,Atlantic Avenue,Ventnor Avenue,Oriental Avenue,
10,0,0,0,200,0,10,0,0,0,160,0,10,0,0,0,202,0,
Best: P2
4
Connecticut Avenue,Pennsylvania Avenue,B & O Railroad,Oriental Avenue,Tennessee Avenue,St. Charles Place,Virginia Avenue,Water Works,
10,0,0,0,202,0,10,0,0,0,156,0,10,0,0,0,206,0,
Best: P2
4
Vermont Avenue,New York Avenue,Illinois Avenue,Ventnor Avenue,Pacific Avenue,Mediterranean Avenue,Water Works,Virginia Avenue,St. James Place,Short Line Railroad,Tennessee Avenue,Indiana Avenue,Marvin Gardens,
10,0,0,0,202,0,10,0,0,0,156,0,10,0,0,0,206,0,
Best: P2
4
Pennsylvania Railroad,Atlantic Avenue,Vermont Avenue,Marvin Gardens,Boardwalk,Electric Company,Ventnor Avenue,Indiana Avenue,Baltic Avenue,B & O Railroad,Tennessee Avenue,Pennsylvania Avenue,Illinois Avenue,
10,0,0,0,202,0,10,0,0,0,156,0,10,0,0,0,206,0,
Best: P1
4
Tennessee Avenue,B & O Railroad,Electric Company,Boardwalk,Short Line Railroad,Atlantic Avenue,St. Charles Place,Marvin Gardens,Water Works,Ventnor Avenue,
10,0,0,0,204,0,10,0,0,0,157,0,10,0,0,0,194,0,
Best: P2
4
Mediterranean Avenue,North Carolina Avenue,Boardwalk,
10,0,0,0,196,0,11,0,0,0,149,0,10,0,0,0,209,0,
Best: P1
4
Boardwalk,Pacific Avenue,Pennsylvania Railroad,New York Avenue,Oriental Avenue,Pennsylvania Avenue,Marvin Gardens,Baltic Avenue,Park Place,
10,0,0,0,204,0,10,0,0,0,151,0,10,0,0,0,194,0,
Best: P1
4
Oriental Avenue,Baltic Avenue,Kentucky Avenue,Mediterranean Avenue,Tennessee Avenue,Vermont Avenue,Virginia Avenue,Boardwalk,Atlantic Avenue,Connecticut Avenue,Pennsylvania Railroad,
10,0,0,0,204,0,10,0,0,0,151,0,10,0,0,0,194,0,
Best: P1
4
Water Works,Indiana Avenue,St. James Place,Short Line Railroad,Atlantic Avenue,Illinois Avenue,St. Charles Place,
10,0,0,0,204,0,10,0,0,0,151,0,10,0,0,0,194,0,
Best: P1
3
New York Avenue,States Avenue,B & O Railroad,Illinois Avenue,St. Charles Place,Vermont Avenue,Park Place,Reading Railroad,Atlantic Avenue,Baltic Avenue,Pacific Avenue,Tennessee Avenue,Short Line Railroad,
10,0,0,0,204,0,10,0,0,0,151,0,10,0,0,0,194,0,
Best: P1
3
Atlantic Avenue,Vermont Avenue,Water Works,Baltic Avenue,Virginia Avenue,Marvin Gardens,B & O Railroad,Pacific Avenue,Reading Railroad,Indiana Avenue,
10,0,0,0,204,0,10,0,0,0,151,0,10,0,0,0,194,0,
Best: P1
4
Marvin Gardens,Kentucky Avenue,Virginia Avenue,Pennsylvania Avenue,Electric Company,Park Place,Reading Railroad,Short Line Railroad,Illinois Avenue,
10,0,0,0,204,0,10,0,0,0,151,0,10,0,0,0,194,0,
Best: P1
3
States Avenue,Boardwalk,Kentucky Avenue,Tennessee Avenue,New York Avenue,Electric Company,Marvin Gardens,Park Place,Vermont Avenue,Pennsylvania Avenue,Atlantic Avenue,
10,0,0,0,204,0,10,0,0,0,151,0,10,0,0,0,194,0,
Best: P1
3
Boardwalk,Reading Railroad,Illinois Avenue,St. James Place,Tennessee Avenue,Virginia Avenue,Mediterranean Avenue,
10,0,0,0,204,0,10,0,0,0,151,0,10,0,0,0,194,0,
Best: P1
4
Pacific Avenue,St. James Place,Connecticut Avenue,Water Works,States Avenue,Baltic Avenue,Mediterranean Avenue,Tennessee Avenue,Oriental Avenue,North Carolina Avenue,Virginia Avenue,Boardwalk,New York Avenue,Indiana Avenue,
10,0,0,0,204,0,10,0,0,0,151,0,10,0,0,0,194,0,
Best: P2
4
Atlantic Avenue,Marvin Gardens,St. Charles Place,Indiana Avenue,Boardwalk,Kentucky Avenue,Virginia Avenue,
10,0,0,0,211,0,10,0,0,0,151,0,10,0,0,0,201,0,
Best: P2
4
Mediterranean Avenue,Connecticut Avenue,Tennessee Avenue,Atlantic Avenue,Pacific Avenue,Marvin Gardens,Short Line Railroad,Park Place,Kentucky Avenue,St. James Place,Vermont Avenue,
10,0,0,0,211,0,10,0,0,0,151,0,10,0,0,0,201,0,
Best: P1
4
Reading Railroad,B & O Railroad,Tennessee Avenue,Pennsylvania Railroad,Electric Company,North Carolina Avenue,Pennsylvania Avenue,Water Works,Oriental Avenue,Virginia Avenue,Indiana Avenue,Ventnor Avenue,
10,0,0,0,206,0,10,0,0,0,148,0,10,0,0,0,196,0,
Best: P1
3
Atlantic Avenue,Indiana Avenue,B & O Railroad,Kentucky Avenue,Park Place,North Carolina Avenue,Vermont Avenue,Water Works,New York Avenue,Boardwalk,Short Line Railroad,
10,0,0,0,206,0,10,0,0,0,148,0,10,0,0,0,196,0,
Best: P1
4
St. Charles Place,Tennessee Avenue,B & O Railroad,Boardwalk,Baltic Avenue,Pacific Avenue,Water Works,Ventnor Avenue,North Carolina Avenue,Mediterranean Avenue,
10,0,0,0,206,0,10,0,0,0,148,0,10,0,0,0,196,0,
Best: P1
4
Ventnor Avenue,Virginia Avenue,Marvin Gardens,States Avenue,Connecticut Avenue,Reading Railroad,Kentucky Avenue,Tennessee Avenue,Park Place,Water Works,
10,0,0,0,206,0,10,0,0,0,148,0,10,0,0,0,196,0,
Best: P2
4
Illinois Avenue,Ventnor Avenue,Vermont Avenue,Connecticut Avenue,Water Works,Baltic Avenue,Pennsylvania Avenue,Park Place,
10,0,0,0,216,0,10,0,0,0,151,0,11,0,0,0,205,0,
