P1
47,4,41,16,62,70,56,95,78,44,73,16,70,98,7,38,65,54,65,81,74,9,18,86,6,49,12,19,50,33,97,495,5,46,59,0,9,75,40,75,86,90,56,46,27,83,89,17,23,29,15,52,15,30,45,4,69,79,17,68,95,4,42,16,209,2,19,58,23,64,83,32,78,90,18,30,26,77,87,94,29,40,33,30,63,59,49,100,21,48,75,64,18,8,88,44,73,370,5,
P2
79,66,61,34,60,38,44,99,20,13,97,27,51,61,82,83,41,55,58,59,6,64,74,18,50,23,51,33,86,55,30,135,2,93,42,19,33,94,76,90,5,2,72,60,19,95,89,0,12,70,97,57,74,31,1,92,66,62,62,7,75,79,40,71,285,2,36,50,76,80,39,94,76,32,36,29,25,65,69,24,61,32,84,10,31,71,24,72,34,43,81,88,87,0,60,54,62,134,2,
P3
31,46,89,75,44,8,89,6,36,5,67,84,54,74,4,11,100,10,42,73,28,92,97,46,91,48,0,81,79,87,76,111,1,70,41,15,59,12,17,97,72,2,58,26,69,70,96,66,27,36,97,95,27,62,57,55,35,98,33,76,52,70,23,40,127,1,7,8,11,83,40,14,11,32,79,81,56,6,79,39,16,76,76,6,14,9,15,61,97,1,61,22,21,3,84,24,91,158,5,
P4
50,8,28,4,15,30,77,48,80,30,22,84,42,21,94,50,60,88,7,22,33,98,71,100,45,15,86,76,91,50,6,457,0,65,43,56,62,82,24,19,7,93,55,70,24,48,5,21,43,99,49,100,53,51,63,53,93,81,89,82,38,95,12,60,321,0,40,39,13,51,71,59,31,27,65,76,32,47,52,8,53,66,84,69,93,47,36,53,69,24,56,19,48,78,9,47,15,41,2,
P5
78,74,86,54,21,65,50,9,48,92,30,7,7,91,95,14,12,28,79,49,94,23,30,80,99,87,29,94,94,54,71,92,3,88,3,22,6,77,15,27,12,39,76,84,26,18,82,42,84,1,93,46,20,85,27,8,66,31,70,45,8,29,67,16,28,0,67,57,15,64,50,80,40,83,26,58,57,46,90,40,81,82,87,16,34,22,40,56,41,55,34,16,1,78,32,54,99,470,0,
P6
91,15,65,40,24,79,99,21,86,5,11,81,20,90,75,99,5,68,88,35,13,86,22,9,46,82,63,95,18,57,8,268,3,89,79,44,15,92,49,91,75,76,75,23,17,24,91,76,37,77,60,30,51,92,61,20,36,69,49,69,76,31,71,19,165,2,62,27,96,68,76,89,25,99,34,14,39,14,96,92,97,96,13,3,52,54,24,52,71,92,96,69,46,96,67,23,95,434,5,
P7
14,62,39,12,83,91,85,60,37,4,16,11,69,21,46,56,56,25,7,44,34,53,25,64,14,43,87,76,17,24,32,465,3,1,41,63,58,82,4,33,71,88,23,27,63,26,3,89,56,55,81,84,75,83,18,91,52,60,21,89,64,7,38,8,298,1,29,59,62,54,57,62,35,62,42,97,54,4,59,33,7,10,54,98,28,91,90,23,59,35,18,25,24,97,86,6,14,10,5,
P8
44,35,98,28,95,34,99,10,12,33,98,24,55,54,49,63,64,50,82,90,80,62,32,66,37,50,56,39,82,41,92,124,0,66,27,45,65,64,100,55,92,62,81,95,17,3,49,64,53,91,46,71,81,64,31,68,53,61,75,57,39,49,2,82,208,3,35,89,25,36,16,33,32,36,37,91,70,11,67,23,8,95,13,98,84,38,99,2,29,89,65,14,96,34,96,26,97,354,2,
P9
87,37,43,85,13,21,85,11,45,39,65,60,1,95,76,84,84,21,45,83,53,49,99,8,88,80,16,99,37,58,23,126,1,46,59,56,67,16,85,14,11,1,17,26,65,36,16,77,6,63,41,3,31,60,31,72,16,36,21,18,82,2,80,14,124,4,32,98,21,64,100,58,21,69,35,54,58,44,49,37,7,32,75,73,0,3,61,31,85,22,65,46,15,28,42,96,74,356,2,
P10
75,75,37,59,86,48,98,16,74,66,10,50,15,95,71,26,77,24,75,75,99,28,20,14,27,23,73,34,13,33,88,358,5,82,55,11,96,32,79,79,25,9,14,7,86,87,71,93,57,68,52,88,39,35,23,60,19,71,62,100,75,77,4,24,228,5,3,59,28,24,94,63,45,18,73,60,55,47,58,97,19,59,66,46,90,16,35,21,62,50,15,3,11,99,77,71,47,267,0,
