100
5
Best: P1
3
Electric Company,Baltic Avenue,Pennsylvania Railroad,Connecticut Avenue,Oriental Avenue,Mediterranean Avenue,
65,30,30,47,482,4,20,44,64,26,313,5,32,70,71,58,253,3,
Best: P3
3
Reading Railroad,St. Charles Place,New York Avenue,Connecticut Avenue,North Carolina Avenue,Mediterranean Avenue,Vermont Avenue,States Avenue,St. James Place,Tennessee Avenue,B & O Railroad,Park Place,
49,47,63,35,363,2,31,57,82,62,356,5,43,45,79,57,299,1,
Best: P1
3
Electric Company,Tennessee Avenue,St. James Place,Connecticut Avenue,Virginia Avenue,
55,35,45,42,432,1,26,47,75,43,322,4,36,57,71,56,277,2,
Best: P1
4
Electric Company,Tennessee Avenue,St. James Place,Illinois Avenue,Pacific Avenue,New York Avenue,Water Works,
57,33,46,43,440,0,27,45,75,41,318,4,35,59,72,56,274,2,
Best: P2
3
Pacific Avenue,Short Line Railroad,Reading Railroad,Water Works,Electric Company,North Carolina Avenue,Tennessee Avenue,Baltic Avenue,Ventnor Avenue,B & O Railroad,
54,30,40,38,434,0,29,51,74,41,349,2,37,56,69,51,281,0,
Best: P2
3
Electric Company,Pennsylvania Avenue,Pennsylvania Railroad,Baltic Avenue,New York Avenue,
52,29,41,38,412,0,30,53,76,40,338,1,36,55,66,49,295,0,
Best: P1
4
St. Charles Place,Tennessee Avenue,Virginia Avenue,Ventnor Avenue,Atlantic Avenue,
53,31,41,38,438,0,27,47,73,38,353,0,36,52,64,49,291,0,
Best: P2
4
Illinois Avenue,Oriental Avenue,St. Charles Place,Connecticut Avenue,B & O Railroad,Pennsylvania Railroad,
55,30,42,36,439,0,29,51,76,39,323,0,35,56,62,46,300,0,
Best: P1
3
Vermont Avenue,States Avenue,Atlantic Avenue,Water Works,Pacific Avenue,Illinois Avenue,Pennsylvania Railroad,Park Place,Baltic Avenue,
56,30,43,37,422,0,28,47,74,37,330,0,34,53,64,47,273,0,
Best: P4
4
Electric Company,Water Works,Reading Railroad,St. James Place,B & O Railroad,States Avenue,St. Charles Place,Pennsylvania Avenue,North Carolina Avenue,Pennsylvania Railroad,Mediterranean Avenue,
55,28,43,38,423,0,29,49,72,35,330,0,34,51,64,44,296,0,
Best: P1
4
Connecticut Avenue,Illinois Avenue,Kentucky Avenue,Pennsylvania Railroad,Pacific Avenue,Park Place,Electric Company,B & O Railroad,Boardwalk,Oriental Avenue,
53,28,41,37,437,0,28,46,75,34,304,0,34,49,64,46,280,0,
Best: P2
3
Baltic Avenue,Pacific Avenue,Park Place,Reading Railroad,Illinois Avenue,Connecticut Avenue,St. James Place,North Carolina Avenue,Boardwalk,
52,28,40,33,432,0,28,49,74,35,297,0,33,50,66,42,283,0,
Best: P1
4
St. James Place,
52,28,40,35,425,0,29,49,74,34,302,0,33,48,61,45,268,0,
Best: P2
3
B & O Railroad,Marvin Gardens,Mediterranean Avenue,Pennsylvania Avenue,Baltic Avenue,Pacific Avenue,New York Avenue,Electric Company,Ventnor Avenue,North Carolina Avenue,St. James Place,
53,27,40,33,423,0,29,50,68,33,299,0,34,47,60,39,269,0,
Best: P2
4
Connecticut Avenue,Indiana Avenue,St. Charles Place,Illinois Avenue,Pacific Avenue,
52,27,41,34,439,0,28,51,68,33,301,0,35,45,61,40,274,0,
Best: P1
3
Indiana Avenue,Water Works,Boardwalk,Reading Railroad,Ventnor Avenue,Pennsylvania Avenue,Virginia Avenue,Electric Company,St. James Place,Atlantic Avenue,Marvin Gardens,
52,26,38,33,443,0,26,52,67,31,296,0,32,45,58,39,275,0,
Best: P2
4
Oriental Avenue,Baltic Avenue,North Carolina Avenue,Mediterranean Avenue,Water Works,Ventnor Avenue,
51,25,37,32,419,0,25,48,67,32,281,0,33,47,58,39,284,0,
Best: P1
3
Atlantic Avenue,Pennsylvania Avenue,Ventnor Avenue,
52,23,35,29,422,0,26,51,68,28,278,0,31,43,59,40,280,0,
Best: P2
3
Pennsylvania Railroad,North Carolina Avenue,Indiana Avenue,Mediterranean Avenue,Vermont Avenue,
50,23,35,31,430,0,27,49,66,28,263,0,31,43,58,36,270,0,
Best: P2
4
Marvin Gardens,Illinois Avenue,Virginia Avenue,Atlantic Avenue,Boardwalk,Ventnor Avenue,Oriental Avenue,Kentucky Avenue,Park Place,Connecticut Avenue,
51,22,35,30,430,0,26,47,66,28,270,0,30,45,55,37,270,0,
Best: P2
3
B & O Railroad,North Carolina Avenue,Atlantic Avenue,St. Charles Place,Short Line Railroad,Pennsylvania Railroad,Water Works,
50,20,34,29,442,0,26,46,64,28,283,0,30,45,52,35,256,0,
Best: P1
3
Atlantic Avenue,Electric Company,Boardwalk,Marvin Gardens,St. James Place,Short Line Railroad,Connecticut Avenue,Illinois Avenue,Indiana Avenue,States Avenue,North Carolina Avenue,
48,19,33,27,438,0,27,45,60,28,287,0,29,42,52,34,264,0,
Best: P2
4
Pennsylvania Railroad,States Avenue,
48,18,33,28,448,0,26,45,63,28,279,0,30,43,50,32,276,0,
Best: P2
4
Oriental Avenue,Illinois Avenue,Pennsylvania Railroad,
50,18,31,26,439,0,25,46,63,29,281,0,31,44,52,31,289,0,
Best: P1
4
Water Works,Pacific Avenue,Short Line Railroad,Vermont Avenue,Atlantic Avenue,Oriental Avenue,Reading Railroad,
51,17,32,23,440,0,26,47,60,29,298,0,29,43,49,32,272,0,
Best: P4
4
B & O Railroad,Water Works,St. James Place,Tennessee Avenue,Marvin Gardens,Boardwalk,Vermont Avenue,Pennsylvania Railroad,Ventnor Avenue,Atlantic Avenue,
50,16,31,24,421,0,26,48,59,29,273,0,30,39,50,30,281,0,
Best: P1
4
Kentucky Avenue,Park Place,Pacific Avenue,
52,16,32,21,432,0,27,46,58,29,292,0,29,41,46,32,279,0,
Best: P2
3
St. Charles Place,Pennsylvania Avenue,Oriental Avenue,Virginia Avenue,St. James Place,Atlantic Avenue,Electric Company,Marvin Gardens,Ventnor Avenue,Mediterranean Avenue,New York Avenue,
47,16,31,22,438,0,27,44,61,29,291,0,31,41,47,30,295,0,
Best: P2
3
Illinois Avenue,North Carolina Avenue,Mediterranean Avenue,Electric Company,Kentucky Avenue,Pennsylvania Railroad,Pennsylvania Avenue,Pacific Avenue,Reading Railroad,St. Charles Place,States Avenue,
49,15,29,22,433,0,28,41,57,28,276,0,30,40,49,30,289,0,
Best: P1
3
New York Avenue,Virginia Avenue,Atlantic Avenue,St. James Place,Tennessee Avenue,Electric Company,
49,15,29,22,447,0,27,39,58,27,280,0,29,37,46,29,272,0,
Best: P2
3
Kentucky Avenue,Illinois Avenue,Pennsylvania Avenue,Mediterranean Avenue,New York Avenue,
50,15,28,23,418,0,28,40,54,25,265,0,28,36,46,28,288,0,
Best: P3
3
Pacific Avenue,Tennessee Avenue,Illinois Avenue,Marvin Gardens,Indiana Avenue,Ventnor Avenue,Connecticut Avenue,Mediterranean Avenue,
49,13,27,20,406,0,26,38,54,24,265,0,30,37,46,29,284,0,
Best: P1
3
Atlantic Avenue,Ventnor Avenue,Boardwalk,B & O Railroad,St. Charles Place,North Carolina Avenue,Marvin Gardens,Park Place,
48,12,27,20,445,0,27,36,56,24,277,0,28,37,46,27,278,0,
Best: P1
3
Vermont Avenue,St. Charles Place,
46,11,26,20,431,0,26,34,58,24,274,0,28,35,47,27,289,0,
Best: P5
4
Reading Railroad,
46,11,27,19,430,0,27,36,54,24,269,0,29,36,46,26,296,0,
Best: P1
3
Baltic Avenue,B & O Railroad,Pacific Avenue,Kentucky Avenue,
47,10,25,19,440,0,27,32,54,23,282,0,28,36,44,26,291,0,
Best: P1
3
B & O Railroad,North Carolina Avenue,Pacific Avenue,Indiana Avenue,Park Place,Pennsylvania Railroad,States Avenue,Boardwalk,
49,10,26,18,426,0,27,31,54,22,293,0,27,37,41,25,293,0,
Best: P1
4
B & O Railroad,Marvin Gardens,Electric Company,Short Line Railroad,Park Place,
47,10,24,17,443,0,28,31,52,22,290,0,26,35,42,23,307,0,
Best: P1
3
Water Works,Oriental Avenue,Short Line Railroad,St. Charles Place,New York Avenue,Connecticut Avenue,Electric Company,Indiana Avenue,
46,9,23,17,451,0,28,31,49,21,304,0,25,33,43,23,300,0,
Best: P1
3
States Avenue,Tennessee Avenue,Atlantic Avenue,Virginia Avenue,Indiana Avenue,Short Line Railroad,Park Place,Oriental Avenue,Mediterranean Avenue,Pennsylvania Railroad,Ventnor Avenue,B & O Railroad,St. James Place,
44,9,22,17,446,0,29,30,47,20,307,0,24,34,43,24,297,0,
Best: P1
4
North Carolina Avenue,Reading Railroad,Connecticut Avenue,Ventnor Avenue,Pennsylvania Railroad,Pennsylvania Avenue,B & O Railroad,Marvin Gardens,Electric Company,
44,8,20,16,468,0,30,31,47,19,319,0,24,32,43,24,294,0,
Best: P2
3
Reading Railroad,Ventnor Avenue,Oriental Avenue,North Carolina Avenue,Virginia Avenue,Mediterranean Avenue,
43,6,20,15,462,0,30,29,46,18,299,0,24,33,40,23,310,0,
Best: P3
3
Vermont Avenue,
44,6,18,15,471,0,29,28,45,17,303,0,24,32,41,20,313,0,
Best: P2
4
Ventnor Avenue,Indiana Avenue,Boardwalk,Short Line Railroad,Connecticut Avenue,St. James Place,Reading Railroad,
40,4,19,13,444,0,28,27,44,16,296,0,22,31,40,20,328,0,
Best: P4
4
Water Works,Reading Railroad,States Avenue,Virginia Avenue,Mediterranean Avenue,St. James Place,Oriental Avenue,B & O Railroad,Illinois Avenue,St. Charles Place,North Carolina Avenue,Baltic Avenue,Tennessee Avenue,
44,4,18,13,474,0,30,28,43,15,280,0,22,31,41,20,329,0,
Best: P1
3
Illinois Avenue,Pacific Avenue,Kentucky Avenue,Connecticut Avenue,
43,4,18,11,443,0,27,26,40,14,278,0,22,30,42,21,314,0,
Best: P1
3
New York Avenue,States Avenue,Water Works,Pennsylvania Avenue,
44,4,17,10,456,0,26,26,41,14,286,0,21,30,41,20,314,0,
Best: P1
4
Water Works,Park Place,Pennsylvania Avenue,Boardwalk,Reading Railroad,Pacific Avenue,Kentucky Avenue,
45,4,16,9,478,0,26,26,43,14,277,0,21,29,41,21,329,0,
Best: P2
4
Water Works,St. Charles Place,Kentucky Avenue,Pennsylvania Railroad,Boardwalk,Indiana Avenue,B & O Railroad,Electric Company,
42,3,15,8,474,0,27,26,42,14,280,0,21,28,40,20,340,0,
Best: P1
4
Indiana Avenue,
41,3,14,8,506,0,27,24,43,13,279,0,20,26,38,20,352,0,
Best: P3
3
Pennsylvania Avenue,B & O Railroad,Pacific Avenue,Pennsylvania Railroad,St. Charles Place,Water Works,
40,2,14,6,483,0,25,23,41,12,271,0,20,28,38,20,346,0,
Best: P2
4
Marvin Gardens,North Carolina Avenue,Connecticut Avenue,
42,1,13,6,461,0,24,23,42,12,275,0,19,27,38,19,358,0,
Best: P2
3
States Avenue,Pennsylvania Railroad,
43,0,13,6,474,0,23,23,44,12,283,0,18,27,39,18,347,0,
Best: P3
3
Vermont Avenue,Virginia Avenue,Park Place,Electric Company,Oriental Avenue,Pennsylvania Avenue,
43,0,12,5,447,0,23,22,43,11,281,0,19,28,36,18,327,0,
Best: P1
4
North Carolina Avenue,Baltic Avenue,Marvin Gardens,Pennsylvania Avenue,St. James Place,Connecticut Avenue,B & O Railroad,New York Avenue,Virginia Avenue,Pacific Avenue,
39,0,12,4,432,0,22,20,39,11,272,0,17,27,36,17,328,0,
Best: P2
4
Oriental Avenue,Vermont Avenue,Kentucky Avenue,
40,0,11,4,474,0,22,20,41,11,287,0,17,25,38,16,345,0,
Best: P3
3
St. James Place,Pennsylvania Avenue,Illinois Avenue,States Avenue,Pacific Avenue,Park Place,Pennsylvania Railroad,Vermont Avenue,Short Line Railroad,Boardwalk,Baltic Avenue,Tennessee Avenue,Mediterranean Avenue,
41,0,10,3,466,0,24,20,39,11,283,0,19,25,36,16,345,0,
Best: P2
3
St. James Place,Pacific Avenue,Short Line Railroad,Kentucky Avenue,Tennessee Avenue,Vermont Avenue,St. Charles Place,Ventnor Avenue,
43,0,9,2,472,0,23,19,40,10,289,0,17,22,34,16,370,0,
Best: P2
4
B & O Railroad,Baltic Avenue,Reading Railroad,Tennessee Avenue,Atlantic Avenue,Pennsylvania Avenue,Mediterranean Avenue,Marvin Gardens,
42,0,9,1,467,0,23,19,41,10,294,0,18,23,33,16,381,0,
Best: P1
3
New York Avenue,Atlantic Avenue,Mediterranean Avenue,Ventnor Avenue,Short Line Railroad,Vermont Avenue,
41,0,9,0,475,0,22,18,39,8,279,0,17,20,33,15,374,0,
Best: P2
4
Oriental Avenue,Pennsylvania Railroad,States Avenue,Indiana Avenue,Short Line Railroad,Mediterranean Avenue,Connecticut Avenue,B & O Railroad,Electric Company,Tennessee Avenue,St. James Place,Illinois Avenue,Marvin Gardens,Ventnor Avenue,Vermont Avenue,
41,0,8,0,447,0,22,17,40,8,289,0,17,21,33,14,367,0,
Best: P1
2
Oriental Avenue,Indiana Avenue,Illinois Avenue,Park Place,New York Avenue,Kentucky Avenue,Marvin Gardens,Reading Railroad,Connecticut Avenue,
41,0,8,0,442,0,22,17,39,6,275,0,18,19,31,13,369,0,
Best: P1
3
St. Charles Place,Short Line Railroad,Marvin Gardens,States Avenue,North Carolina Avenue,Pennsylvania Avenue,St. James Place,Oriental Avenue,Atlantic Avenue,
43,0,8,0,424,0,22,17,40,6,275,0,18,18,32,13,354,0,
Best: P2
3
North Carolina Avenue,Pacific Avenue,Pennsylvania Railroad,Atlantic Avenue,Short Line Railroad,Pennsylvania Avenue,States Avenue,Kentucky Avenue,Oriental Avenue,Connecticut Avenue,
41,0,6,0,428,0,21,15,40,6,263,0,17,19,30,11,364,0,
Best: P4
3
Indiana Avenue,
41,0,5,0,449,0,22,15,37,4,270,0,18,17,31,11,379,0,
Best: P2
4
Electric Company,Indiana Avenue,Atlantic Avenue,Kentucky Avenue,New York Avenue,Water Works,
38,0,4,0,429,0,20,13,40,4,264,0,18,17,31,10,367,0,
Best: P2
4
Pennsylvania Railroad,Pennsylvania Avenue,Kentucky Avenue,Ventnor Avenue,Oriental Avenue,
39,0,3,0,429,0,20,13,39,4,261,0,17,17,31,10,352,0,
Best: P2
3

39,0,3,0,407,0,19,12,40,4,255,0,16,16,30,10,334,0,
Best: P2
3
Virginia Avenue,Water Works,Marvin Gardens,Oriental Avenue,Atlantic Avenue,
38,0,3,0,415,0,18,12,40,3,249,0,17,16,30,10,334,0,
Best: P1
3
Pacific Avenue,St. James Place,Ventnor Avenue,
37,0,1,0,393,0,18,11,40,3,253,0,16,14,31,9,357,0,
Best: P2
3
Reading Railroad,Tennessee Avenue,Water Works,New York Avenue,Park Place,
39,0,1,0,393,0,18,11,42,3,251,0,17,13,32,8,346,0,
Best: P1
3
B & O Railroad,Tennessee Avenue,St. James Place,Electric Company,New York Avenue,Pennsylvania Avenue,Baltic Avenue,
38,0,1,0,374,0,19,10,40,3,240,0,17,12,29,7,341,0,
Best: P1
3
Connecticut Avenue,States Avenue,Vermont Avenue,Oriental Avenue,Indiana Avenue,Pennsylvania Railroad,Boardwalk,Kentucky Avenue,Electric Company,Mediterranean Avenue,
37,0,0,0,355,0,20,10,40,3,244,0,17,12,28,7,323,0,
Best: P3
4
North Carolina Avenue,Short Line Railroad,Indiana Avenue,
37,0,0,0,364,0,19,8,38,2,258,0,16,12,28,7,333,0,
Best: P2
3
Pennsylvania Avenue,Illinois Avenue,Reading Railroad,St. Charles Place,Connecticut Avenue,Boardwalk,Baltic Avenue,New York Avenue,North Carolina Avenue,Atlantic Avenue,Short Line Railroad,
36,0,0,0,374,0,19,7,38,2,261,0,16,12,25,5,325,0,
Best: P2
3
Tennessee Avenue,Ventnor Avenue,North Carolina Avenue,
35,0,0,0,359,0,19,6,37,2,271,0,16,11,26,5,341,0,
Best: P1
3
Marvin Gardens,Virginia Avenue,States Avenue,Baltic Avenue,Pennsylvania Railroad,Indiana Avenue,Park Place,
35,0,0,0,353,0,17,6,37,0,271,0,15,10,23,3,328,0,
Best: P4
3
Oriental Avenue,Water Works,Marvin Gardens,Pennsylvania Railroad,
33,0,0,0,379,0,18,6,38,0,269,0,16,10,25,3,313,0,
Best: P1
3
Water Works,States Avenue,Pacific Avenue,St. Charles Place,Tennessee Avenue,New York Avenue,Illinois Avenue,Boardwalk,St. James Place,
35,0,0,0,362,0,16,5,35,0,265,0,16,9,23,2,333,0,
Best: P2
4
Illinois Avenue,Connecticut Avenue,Reading Railroad,Ventnor Avenue,Atlantic Avenue,States Avenue,Baltic Avenue,Water Works,Pennsylvania Railroad,Marvin Gardens,Kentucky Avenue,Electric Company,
35,0,0,0,349,0,16,4,36,0,266,0,14,8,21,1,336,0,
Best: P2
4
States Avenue,Tennessee Avenue,New York Avenue,Mediterranean Avenue,Pacific Avenue,
35,0,0,0,359,0,16,3,37,0,255,0,15,8,19,0,349,0,
Best: P5
3
Reading Railroad,Ventnor Avenue,New York Avenue,North Carolina Avenue,St. James Place,Indiana Avenue,
34,0,0,0,336,0,16,3,37,0,244,0,14,7,20,0,348,0,
Best: P2
3
Pennsylvania Railroad,Atlantic Avenue,Indiana Avenue,Marvin Gardens,St. James Place,Short Line Railroad,Oriental Avenue,St. Charles Place,Pacific Avenue,Baltic Avenue,Park Place,Tennessee Avenue,Illinois Avenue,Water Works,
36,0,0,0,341,0,16,1,37,0,248,0,14,6,18,0,347,0,
Best: P2
4
Vermont Avenue,North Carolina Avenue,Indiana Avenue,Boardwalk,Ventnor Avenue,New York Avenue,Park Place,Pennsylvania Avenue,Mediterranean Avenue,
35,0,0,0,358,0,15,0,37,0,248,0,14,6,18,0,360,0,
Best: P2
3
St. James Place,North Carolina Avenue,Baltic Avenue,States Avenue,Vermont Avenue,New York Avenue,Connecticut Avenue,Indiana Avenue,Atlantic Avenue,Oriental Avenue,Marvin Gardens,Kentucky Avenue,
36,0,0,0,340,0,15,0,36,0,245,0,13,6,18,0,360,0,
Best: P2
3
Pennsylvania Railroad,Illinois Avenue,Park Place,Mediterranean Avenue,
36,0,0,0,343,0,16,0,34,0,252,0,13,6,18,0,363,0,
Best: P2
4
Illinois Avenue,Indiana Avenue,Park Place,Reading Railroad,Vermont Avenue,
36,0,0,0,332,0,16,0,34,0,257,0,12,5,18,0,348,0,
Best: P2
3
Indiana Avenue,Short Line Railroad,Illinois Avenue,St. James Place,B & O Railroad,North Carolina Avenue,
36,0,0,0,341,0,16,0,33,0,249,0,12,5,18,0,337,0,
Best: P3
3
Oriental Avenue,Ventnor Avenue,Pennsylvania Avenue,Short Line Railroad,B & O Railroad,Marvin Gardens,North Carolina Avenue,Park Place,
34,0,0,0,324,0,14,0,33,0,251,0,12,3,16,0,333,0,
Best: P2
3
Kentucky Avenue,Tennessee Avenue,St. James Place,Mediterranean Avenue,Connecticut Avenue,States Avenue,Illinois Avenue,B & O Railroad,Boardwalk,Oriental Avenue,New York Avenue,Water Works,
35,0,0,0,329,0,15,0,30,0,252,0,12,3,17,0,329,0,
Best: P1
4
B & O Railroad,Illinois Avenue,Pennsylvania Avenue,Mediterranean Avenue,St. Charles Place,Ventnor Avenue,
34,0,0,0,343,0,15,0,31,0,242,0,11,3,16,0,333,0,
Best: P1
3
Water Works,Tennessee Avenue,Electric Company,Pennsylvania Railroad,B & O Railroad,Boardwalk,North Carolina Avenue,St. James Place,Reading Railroad,Pennsylvania Avenue,Mediterranean Avenue,Virginia Avenue,
33,0,0,0,346,0,16,0,31,0,239,0,11,3,15,0,336,0,
Best: P2
4
Atlantic Avenue,Oriental Avenue,Boardwalk,States Avenue,Ventnor Avenue,Indiana Avenue,Pacific Avenue,
33,0,0,0,361,0,15,0,29,0,249,0,11,2,15,0,326,0,
Best: P1
4
St. James Place,Virginia Avenue,Illinois Avenue,B & O Railroad,Baltic Avenue,New York Avenue,Connecticut Avenue,Water Works,Atlantic Avenue,Vermont Avenue,
33,0,0,0,368,0,16,0,30,0,231,0,11,1,14,0,337,0,
Best: P1
3
Vermont Avenue,Reading Railroad,Oriental Avenue,Pacific Avenue,Short Line Railroad,Baltic Avenue,New York Avenue,Virginia Avenue,Marvin Gardens,Illinois Avenue,Water Works,St. James Place,Indiana Avenue,Mediterranean Avenue,St. Charles Place,
35,0,0,0,382,0,17,0,30,0,228,0,12,1,13,0,353,0,
Best: P1
3
Mediterranean Avenue,Marvin Gardens,Oriental Avenue,States Avenue,Electric Company,Illinois Avenue,Virginia Avenue,Vermont Avenue,
36,0,0,0,382,0,16,0,30,0,232,0,12,1,13,0,345,0,
Best: P1
3
St. James Place,Illinois Avenue,Pacific Avenue,Connecticut Avenue,Park Place,B & O Railroad,Water Works,Short Line Railroad,Boardwalk,States Avenue,Reading Railroad,
38,0,0,0,393,0,17,0,28,0,236,0,12,1,12,0,338,0,
Best: P2
3
Pacific Avenue,New York Avenue,Pennsylvania Avenue,North Carolina Avenue,St. Charles Place,Boardwalk,Vermont Avenue,Indiana Avenue,Electric Company,Connecticut Avenue,Atlantic Avenue,Baltic Avenue,Virginia Avenue,
33,0,0,0,375,0,17,0,27,0,243,0,12,0,11,0,342,0,
Best: P1
4
Virginia Avenue,B & O Railroad,Park Place,Ventnor Avenue,St. James Place,Reading Railroad,Short Line Railroad,Pennsylvania Railroad,Indiana Avenue,Electric Company,Pacific Avenue,Baltic Avenue,Tennessee Avenue,Mediterranean Avenue,Connecticut Avenue,
36,0,0,0,398,0,18,0,27,0,236,0,12,0,10,0,343,0,
Best: P1
4
Water Works,Pennsylvania Avenue,Electric Company,
37,0,0,0,417,0,19,0,26,0,231,0,12,0,9,0,356,0,
