100
5
Best: P4
3
St. Charles Place,Illinois Avenue,Connecticut Avenue,Indiana Avenue,B & O Railroad,Reading Railroad,Kentucky Avenue,
96,44,54,98,499,1,68,59,83,79,28,5,75,27,17,81,289,4,
Best: P1
4
Virginia Avenue,B & O Railroad,St. Charles Place,Marvin Gardens,Baltic Avenue,Tennessee Avenue,Illinois Avenue,
66,71,62,95,292,1,70,33,72,85,73,3,70,37,52,47,315,2,
Best: P1
4
Baltic Avenue,Vermont Avenue,States Avenue,New York Avenue,Virginia Avenue,Tennessee Avenue,Reading Railroad,Short Line Railroad,Electric Company,Pennsylvania Avenue,
66,71,62,95,292,1,70,33,72,85,73,3,70,37,52,47,315,2,
Best: P3
3
Pennsylvania Railroad,Illinois Avenue,Park Place,Indiana Avenue,Reading Railroad,Vermont Avenue,Electric Company,
70,64,63,88,326,1,69,41,63,68,89,1,75,29,43,46,286,1,
Best: P1
3
Connecticut Avenue,Indiana Avenue,Mediterranean Avenue,Reading Railroad,Virginia Avenue,States Avenue,Pennsylvania Avenue,
67,68,58,95,315,0,71,35,69,79,84,2,72,31,47,45,291,1,
Best: P3
4
St. James Place,Illinois Avenue,Marvin Gardens,Park Place,Atlantic Avenue,Tennessee Avenue,Virginia Avenue,Kentucky Avenue,Mediterranean Avenue,Electric Company,Reading Railroad,
66,66,57,86,336,0,67,37,63,75,81,0,77,30,42,46,302,1,
Best: P3
3
Pennsylvania Railroad,New York Avenue,B & O Railroad,Connecticut Avenue,Pacific Avenue,Tennessee Avenue,Indiana Avenue,St. Charles Place,Reading Railroad,States Avenue,
66,66,57,86,336,0,67,37,63,75,81,0,77,30,42,46,302,1,
Best: P1
3
St. James Place,Electric Company,North Carolina Avenue,Ventnor Avenue,Park Place,Pennsylvania Railroad,Marvin Gardens,Connecticut Avenue,B & O Railroad,
64,67,55,87,338,0,72,37,63,77,79,0,72,29,45,42,285,1,
Best: P5
4
St. James Place,B & O Railroad,Virginia Avenue,Tennessee Avenue,Water Works,Electric Company,Pennsylvania Railroad,New York Avenue,Vermont Avenue,States Avenue,Atlantic Avenue,North Carolina Avenue,
68,68,55,83,349,0,67,34,65,72,80,0,74,28,43,45,293,0,
Best: P1
3
States Avenue,Pennsylvania Avenue,Boardwalk,Virginia Avenue,St. James Place,Water Works,Reading Railroad,North Carolina Avenue,Electric Company,Tennessee Avenue,Pacific Avenue,
69,67,52,80,356,0,70,36,61,72,75,0,72,27,42,45,277,0,
Best: P5
4
Pennsylvania Railroad,Boardwalk,Ventnor Avenue,
69,68,51,78,352,0,65,36,63,71,80,0,73,28,41,45,293,0,
Best: P1
3
Reading Railroad,Kentucky Avenue,Ventnor Avenue,Marvin Gardens,Pennsylvania Railroad,Illinois Avenue,St. James Place,Indiana Avenue,Baltic Avenue,Oriental Avenue,Tennessee Avenue,Boardwalk,Park Place,States Avenue,Water Works,
68,65,49,75,361,0,66,36,63,72,80,0,76,27,38,46,285,0,
Best: P1
4
St. James Place,Connecticut Avenue,Virginia Avenue,Atlantic Avenue,Reading Railroad,Indiana Avenue,Pennsylvania Railroad,Water Works,Tennessee Avenue,Ventnor Avenue,Electric Company,
68,65,49,75,361,0,66,36,63,72,80,0,76,27,38,46,285,0,
Best: P1
3
B & O Railroad,Virginia Avenue,Ventnor Avenue,Pennsylvania Avenue,Park Place,Short Line Railroad,Baltic Avenue,Tennessee Avenue,St. James Place,Reading Railroad,Pacific Avenue,Kentucky Avenue,Atlantic Avenue,Boardwalk,Oriental Avenue,
68,65,49,75,361,0,66,36,63,72,80,0,76,27,38,46,285,0,
Best: P3
3
Tennessee Avenue,Atlantic Avenue,Pennsylvania Railroad,New York Avenue,St. James Place,Illinois Avenue,Water Works,Baltic Avenue,Indiana Avenue,
67,62,47,79,362,0,65,35,60,75,76,0,76,25,36,47,274,0,
Best: P3
4
Atlantic Avenue,Electric Company,New York Avenue,
67,62,47,79,362,0,65,35,60,75,76,0,76,25,36,47,274,0,
Best: P3
3
States Avenue,Virginia Avenue,Pacific Avenue,Pennsylvania Avenue,Ventnor Avenue,Reading Railroad,Kentucky Avenue,
67,62,47,79,362,0,65,35,60,75,76,0,76,25,36,47,274,0,
Best: P1
4
St. Charles Place,Pacific Avenue,Park Place,Baltic Avenue,Virginia Avenue,Electric Company,
66,61,48,82,361,0,64,33,60,70,71,0,77,25,36,47,264,0,
Best: P1
3
St. Charles Place,Pennsylvania Avenue,Vermont Avenue,B & O Railroad,Virginia Avenue,Boardwalk,Short Line Railroad,States Avenue,
66,61,48,82,361,0,64,33,60,70,71,0,77,25,36,47,264,0,
Best: P2
4
Baltic Avenue,Kentucky Avenue,Ventnor Avenue,Atlantic Avenue,Reading Railroad,Park Place,Water Works,
64,59,48,78,375,0,63,33,58,65,68,0,71,25,34,46,267,0,
Best: P1
3
Oriental Avenue,Vermont Avenue,Atlantic Avenue,Marvin Gardens,North Carolina Avenue,Electric Company,Water Works,States Avenue,Pennsylvania Avenue,Ventnor Avenue,
62,60,45,78,386,0,66,33,59,63,69,0,76,25,36,44,259,0,
Best: P2
3
Connecticut Avenue,Pennsylvania Railroad,New York Avenue,Illinois Avenue,North Carolina Avenue,Mediterranean Avenue,Electric Company,Ventnor Avenue,Boardwalk,St. James Place,
61,58,43,77,391,0,61,33,60,66,70,0,74,25,33,42,273,0,
Best: P2
4
Reading Railroad,New York Avenue,Ventnor Avenue,Short Line Railroad,Tennessee Avenue,Atlantic Avenue,B & O Railroad,Boardwalk,Electric Company,Park Place,
61,58,43,77,391,0,61,33,60,66,70,0,74,25,33,42,273,0,
Best: P1
3
Connecticut Avenue,Kentucky Avenue,Ventnor Avenue,Park Place,Baltic Avenue,Electric Company,Virginia Avenue,Illinois Avenue,St. James Place,Tennessee Avenue,Marvin Gardens,Indiana Avenue,St. Charles Place,Oriental Avenue,
63,59,41,75,414,0,59,33,56,63,69,0,77,24,30,44,259,0,
Best: P2
3
B & O Railroad,North Carolina Avenue,Vermont Avenue,Water Works,Boardwalk,Pennsylvania Avenue,Marvin Gardens,Oriental Avenue,St. James Place,
59,55,41,79,393,0,62,33,55,64,66,0,79,25,30,42,258,0,
Best: P4
4
Pennsylvania Railroad,Indiana Avenue,Baltic Avenue,Kentucky Avenue,Illinois Avenue,B & O Railroad,
58,53,39,76,385,0,60,32,55,61,66,0,82,24,28,41,255,0,
Best: P4
4
Atlantic Avenue,Pacific Avenue,Marvin Gardens,Boardwalk,Reading Railroad,
58,53,39,76,385,0,60,32,55,61,66,0,82,24,28,41,255,0,
Best: P1
3
Electric Company,B & O Railroad,Pacific Avenue,Baltic Avenue,Vermont Avenue,Tennessee Avenue,New York Avenue,Ventnor Avenue,Mediterranean Avenue,States Avenue,Kentucky Avenue,North Carolina Avenue,St. Charles Place,Indiana Avenue,Virginia Avenue,
61,55,37,75,406,0,59,31,56,62,67,0,80,24,29,42,263,0,
Best: P2
3
Oriental Avenue,Vermont Avenue,Short Line Railroad,Baltic Avenue,Electric Company,St. James Place,B & O Railroad,
58,54,36,79,397,0,60,31,53,60,66,0,77,22,29,41,247,0,
Best: P1
3
Oriental Avenue,Indiana Avenue,Marvin Gardens,Illinois Avenue,Water Works,Atlantic Avenue,Pennsylvania Railroad,Kentucky Avenue,Mediterranean Avenue,
58,54,37,78,421,0,56,29,53,61,64,0,78,22,29,40,242,0,
Best: P2
4
Connecticut Avenue,States Avenue,Marvin Gardens,Virginia Avenue,Kentucky Avenue,Ventnor Avenue,St. James Place,Electric Company,Pennsylvania Railroad,Atlantic Avenue,
57,53,37,78,392,0,57,30,55,61,68,0,77,22,27,41,231,0,
Best: P2
3
Pacific Avenue,Virginia Avenue,Illinois Avenue,Pennsylvania Avenue,Pennsylvania Railroad,Oriental Avenue,North Carolina Avenue,
57,53,37,78,392,0,57,30,55,61,68,0,77,22,27,41,231,0,
Best: P5
3
Water Works,Atlantic Avenue,B & O Railroad,St. James Place,Oriental Avenue,St. Charles Place,Illinois Avenue,
55,51,35,78,388,0,54,29,52,62,66,0,81,20,25,40,224,0,
Best: P1
4
Baltic Avenue,Electric Company,New York Avenue,Atlantic Avenue,Short Line Railroad,States Avenue,Tennessee Avenue,Pacific Avenue,Virginia Avenue,Indiana Avenue,
54,53,34,78,399,0,57,29,51,60,70,0,80,20,26,39,229,0,
Best: P5
4
Pennsylvania Railroad,Water Works,North Carolina Avenue,
53,51,35,78,389,0,56,28,51,61,65,0,80,20,25,40,232,0,
Best: P4
4
Pennsylvania Railroad,Ventnor Avenue,Baltic Avenue,Connecticut Avenue,Short Line Railroad,Illinois Avenue,New York Avenue,Boardwalk,Electric Company,Kentucky Avenue,B & O Railroad,St. James Place,Park Place,
52,49,36,73,385,0,58,28,50,59,63,0,80,18,25,39,224,0,
Best: P2
4
Tennessee Avenue,Kentucky Avenue,Water Works,Marvin Gardens,Short Line Railroad,Atlantic Avenue,Park Place,Baltic Avenue,Vermont Avenue,St. James Place,New York Avenue,Boardwalk,
53,48,35,72,384,0,57,27,48,60,62,0,80,19,24,36,237,0,
Best: P1
4
Vermont Avenue,Kentucky Avenue,Ventnor Avenue,Atlantic Avenue,Park Place,States Avenue,Indiana Avenue,Water Works,Short Line Railroad,Illinois Avenue,Mediterranean Avenue,
51,46,35,71,382,0,59,27,52,55,61,0,76,19,22,36,227,0,
Best: P4
3
Oriental Avenue,New York Avenue,Atlantic Avenue,Baltic Avenue,Short Line Railroad,Illinois Avenue,
53,48,32,76,380,0,57,28,51,56,62,0,76,17,22,34,237,0,
Best: P3
3
Tennessee Avenue,B & O Railroad,Short Line Railroad,Vermont Avenue,St. James Place,Atlantic Avenue,New York Avenue,Marvin Gardens,Mediterranean Avenue,Oriental Avenue,Water Works,
51,44,32,75,385,0,58,26,51,52,57,0,75,17,22,35,224,0,
Best: P3
3
Oriental Avenue,Virginia Avenue,Illinois Avenue,Mediterranean Avenue,Kentucky Avenue,B & O Railroad,Ventnor Avenue,Boardwalk,St. Charles Place,Atlantic Avenue,
51,44,32,75,385,0,58,26,51,52,57,0,75,17,22,35,224,0,
Best: P2
4
Pennsylvania Railroad,Ventnor Avenue,Boardwalk,Connecticut Avenue,Indiana Avenue,Marvin Gardens,Reading Railroad,States Avenue,North Carolina Avenue,
53,42,31,74,385,0,58,25,48,50,56,0,68,16,21,34,240,0,
Best: P1
4
Boardwalk,Oriental Avenue,Virginia Avenue,Tennessee Avenue,Indiana Avenue,Short Line Railroad,Illinois Avenue,Electric Company,Vermont Avenue,St. Charles Place,Pacific Avenue,Ventnor Avenue,
52,39,32,74,383,0,60,23,48,49,55,0,69,15,19,35,239,0,
Best: P1
3
Vermont Avenue,Illinois Avenue,Atlantic Avenue,Mediterranean Avenue,Tennessee Avenue,B & O Railroad,Pennsylvania Railroad,Kentucky Avenue,Indiana Avenue,
52,39,32,74,383,0,60,23,48,49,55,0,69,15,19,35,239,0,
Best: P2
3
North Carolina Avenue,Short Line Railroad,B & O Railroad,Pacific Avenue,Virginia Avenue,Pennsylvania Avenue,Mediterranean Avenue,Reading Railroad,Illinois Avenue,Ventnor Avenue,
52,37,31,71,373,0,56,23,47,50,52,0,70,14,18,33,243,0,
Best: P2
4
Tennessee Avenue,Atlantic Avenue,B & O Railroad,North Carolina Avenue,Oriental Avenue,Ventnor Avenue,New York Avenue,Virginia Avenue,St. James Place,Park Place,
52,37,31,71,373,0,56,23,47,50,52,0,70,14,18,33,243,0,
Best: P3
4
Oriental Avenue,Water Works,Virginia Avenue,Pennsylvania Avenue,
52,36,28,68,389,0,59,22,44,49,52,0,67,13,16,35,243,0,
Best: P1
3
Oriental Avenue,St. James Place,States Avenue,Marvin Gardens,Short Line Railroad,St. Charles Place,Electric Company,Virginia Avenue,B & O Railroad,Mediterranean Avenue,Pennsylvania Railroad,Atlantic Avenue,North Carolina Avenue,Connecticut Avenue,Ventnor Avenue,Vermont Avenue,Boardwalk,
49,35,30,70,366,0,60,20,45,49,51,0,73,12,16,31,236,0,
Best: P1
3
Pennsylvania Railroad,Atlantic Avenue,St. James Place,Indiana Avenue,Electric Company,Vermont Avenue,New York Avenue,Mediterranean Avenue,States Avenue,
49,35,30,70,366,0,60,20,45,49,51,0,73,12,16,31,236,0,
Best: P4
4
B & O Railroad,North Carolina Avenue,St. Charles Place,Virginia Avenue,Vermont Avenue,Marvin Gardens,Pennsylvania Railroad,Oriental Avenue,Atlantic Avenue,St. James Place,Mediterranean Avenue,
49,35,28,67,344,0,61,20,43,45,48,0,72,11,14,30,227,0,
Best: P1
3
Baltic Avenue,Pennsylvania Railroad,Ventnor Avenue,Boardwalk,
49,36,29,65,337,0,57,19,42,44,49,0,76,11,14,30,228,0,
Best: P1
3
Electric Company,Water Works,Indiana Avenue,Mediterranean Avenue,Pennsylvania Railroad,Kentucky Avenue,Short Line Railroad,Oriental Avenue,States Avenue,Pacific Avenue,Pennsylvania Avenue,Connecticut Avenue,Virginia Avenue,Boardwalk,Park Place,Baltic Avenue,
49,36,29,65,337,0,57,19,42,44,49,0,76,11,14,30,228,0,
Best: P1
3
Reading Railroad,States Avenue,Boardwalk,Short Line Railroad,Indiana Avenue,Ventnor Avenue,Vermont Avenue,Virginia Avenue,Tennessee Avenue,St. James Place,Connecticut Avenue,B & O Railroad,Electric Company,North Carolina Avenue,
49,36,29,65,337,0,57,19,42,44,49,0,76,11,14,30,228,0,
Best: P1
3
Oriental Avenue,Virginia Avenue,New York Avenue,Ventnor Avenue,Connecticut Avenue,Kentucky Avenue,North Carolina Avenue,Electric Company,Pennsylvania Railroad,Water Works,
49,36,29,65,337,0,57,19,42,44,49,0,76,11,14,30,228,0,
Best: P2
3
Pennsylvania Railroad,Illinois Avenue,Pennsylvania Avenue,New York Avenue,Water Works,Vermont Avenue,Indiana Avenue,Electric Company,Park Place,St. James Place,St. Charles Place,
48,35,26,62,320,0,55,17,42,45,47,0,73,10,13,27,219,0,
Best: P2
4
St. James Place,Indiana Avenue,Pennsylvania Avenue,Reading Railroad,New York Avenue,Pacific Avenue,Electric Company,Illinois Avenue,Marvin Gardens,Boardwalk,North Carolina Avenue,
48,35,26,62,320,0,55,17,42,45,47,0,73,10,13,27,219,0,
Best: P1
3
Pennsylvania Railroad,B & O Railroad,Indiana Avenue,Atlantic Avenue,Pacific Avenue,Baltic Avenue,Short Line Railroad,St. Charles Place,Kentucky Avenue,Reading Railroad,North Carolina Avenue,Mediterranean Avenue,Ventnor Avenue,Illinois Avenue,Marvin Gardens,Vermont Avenue,
46,34,26,58,328,0,54,16,42,43,48,0,75,9,12,28,231,0,
Best: P2
4
Pennsylvania Railroad,B & O Railroad,Virginia Avenue,Short Line Railroad,Pacific Avenue,Oriental Avenue,
48,33,27,62,340,0,51,15,43,45,47,0,75,8,12,27,220,0,
Best: P2
3
St. Charles Place,Electric Company,Pennsylvania Avenue,Virginia Avenue,Atlantic Avenue,Reading Railroad,Short Line Railroad,
48,33,27,62,340,0,51,15,43,45,47,0,75,8,12,27,220,0,
Best: P1
3
Vermont Avenue,Pennsylvania Railroad,Kentucky Avenue,B & O Railroad,Short Line Railroad,Reading Railroad,Virginia Avenue,St. Charles Place,Indiana Avenue,Tennessee Avenue,
45,33,26,63,360,0,52,14,43,42,44,0,77,6,11,27,207,0,
Best: P1
4
St. Charles Place,Atlantic Avenue,North Carolina Avenue,Tennessee Avenue,Water Works,States Avenue,Illinois Avenue,Pennsylvania Avenue,Oriental Avenue,Pennsylvania Railroad,New York Avenue,Connecticut Avenue,Virginia Avenue,Ventnor Avenue,Short Line Railroad,Baltic Avenue,Kentucky Avenue,
45,33,26,63,360,0,52,14,43,42,44,0,77,6,11,27,207,0,
Best: P5
4
Illinois Avenue,Baltic Avenue,Electric Company,B & O Railroad,Kentucky Avenue,Water Works,Short Line Railroad,Indiana Avenue,Tennessee Avenue,
47,32,25,58,352,0,52,14,44,42,43,0,78,5,10,26,210,0,
Best: P2
4
Vermont Avenue,New York Avenue,Ventnor Avenue,Oriental Avenue,Boardwalk,Water Works,Reading Railroad,Tennessee Avenue,Illinois Avenue,Virginia Avenue,B & O Railroad,Pennsylvania Railroad,St. Charles Place,
46,32,25,63,350,0,52,12,43,41,40,0,83,4,9,25,209,0,
Best: P1
4
Electric Company,Tennessee Avenue,St. Charles Place,Baltic Avenue,New York Avenue,Pacific Avenue,Reading Railroad,States Avenue,North Carolina Avenue,St. James Place,Marvin Gardens,Water Works,Boardwalk,
48,32,24,62,374,0,54,12,41,42,41,0,83,3,8,26,207,0,
Best: P2
4
Reading Railroad,Virginia Avenue,Indiana Avenue,Kentucky Avenue,Water Works,Boardwalk,Vermont Avenue,Tennessee Avenue,Marvin Gardens,Ventnor Avenue,Baltic Avenue,
45,33,24,59,369,0,55,12,39,41,41,0,81,3,7,24,208,0,
Best: P2
3
St. James Place,Atlantic Avenue,Illinois Avenue,North Carolina Avenue,States Avenue,Kentucky Avenue,Virginia Avenue,Reading Railroad,Electric Company,Pennsylvania Avenue,Pacific Avenue,Marvin Gardens,Short Line Railroad,Tennessee Avenue,
45,33,24,59,369,0,55,12,39,41,41,0,81,3,7,24,208,0,
Best: P2
4
Electric Company,Indiana Avenue,Ventnor Avenue,Virginia Avenue,B & O Railroad,Atlantic Avenue,Reading Railroad,
45,33,24,59,369,0,55,12,39,41,41,0,81,3,7,24,208,0,
Best: P1
4
Electric Company,Indiana Avenue,Reading Railroad,North Carolina Avenue,Pacific Avenue,States Avenue,Short Line Railroad,Tennessee Avenue,
44,31,24,54,365,0,50,11,37,40,38,0,81,3,6,22,196,0,
Best: P1
4
Connecticut Avenue,Tennessee Avenue,Pennsylvania Avenue,Kentucky Avenue,Reading Railroad,Pacific Avenue,Vermont Avenue,St. James Place,Oriental Avenue,New York Avenue,Pennsylvania Railroad,Indiana Avenue,
44,31,24,54,365,0,50,11,37,40,38,0,81,3,6,22,196,0,
Best: P3
3
Reading Railroad,Virginia Avenue,Illinois Avenue,Baltic Avenue,States Avenue,Indiana Avenue,Pacific Avenue,Oriental Avenue,Pennsylvania Railroad,Atlantic Avenue,St. Charles Place,New York Avenue,Pennsylvania Avenue,
45,31,23,54,372,0,49,11,35,38,39,0,80,2,6,20,210,0,
Best: P2
3
St. James Place,B & O Railroad,Pennsylvania Avenue,Tennessee Avenue,Mediterranean Avenue,St. Charles Place,Water Works,Boardwalk,Pennsylvania Railroad,Indiana Avenue,New York Avenue,Pacific Avenue,States Avenue,Park Place,North Carolina Avenue,Baltic Avenue,Virginia Avenue,
43,30,22,57,357,0,48,11,35,40,38,0,80,1,5,20,204,0,
Best: P2
3
States Avenue,Vermont Avenue,Kentucky Avenue,Illinois Avenue,Short Line Railroad,
43,30,22,57,357,0,48,11,35,40,38,0,80,1,5,20,204,0,
Best: P2
4
Oriental Avenue,Atlantic Avenue,B & O Railroad,Short Line Railroad,Baltic Avenue,Electric Company,Pennsylvania Railroad,Virginia Avenue,North Carolina Avenue,Reading Railroad,Marvin Gardens,Ventnor Avenue,
43,30,22,57,357,0,48,11,35,40,38,0,80,1,5,20,204,0,
Best: P1
3
Atlantic Avenue,Baltic Avenue,Electric Company,Pennsylvania Railroad,Kentucky Avenue,B & O Railroad,Marvin Gardens,Illinois Avenue,Ventnor Avenue,Mediterranean Avenue,Pacific Avenue,North Carolina Avenue,Short Line Railroad,Boardwalk,Park Place,Indiana Avenue,
43,28,20,53,336,0,48,9,34,40,37,0,82,0,5,19,209,0,
Best: P2
4
Vermont Avenue,Pennsylvania Railroad,Boardwalk,Baltic Avenue,Water Works,Park Place,Tennessee Avenue,North Carolina Avenue,Indiana Avenue,Ventnor Avenue,
41,28,21,56,332,0,48,9,35,38,37,0,79,0,5,18,197,0,
Best: P2
4
Pennsylvania Railroad,Atlantic Avenue,North Carolina Avenue,Tennessee Avenue,B & O Railroad,Electric Company,Virginia Avenue,Pacific Avenue,Reading Railroad,States Avenue,Mediterranean Avenue,Indiana Avenue,Boardwalk,Water Works,Marvin Gardens,New York Avenue,
41,28,21,56,332,0,48,9,35,38,37,0,79,0,5,18,197,0,
Best: P2
4
Reading Railroad,Connecticut Avenue,Kentucky Avenue,St. Charles Place,Virginia Avenue,North Carolina Avenue,B & O Railroad,Water Works,Atlantic Avenue,
41,28,21,56,332,0,48,9,35,38,37,0,79,0,5,18,197,0,
Best: P1
4
Boardwalk,Marvin Gardens,Baltic Avenue,Water Works,Pennsylvania Avenue,Park Place,Pacific Avenue,North Carolina Avenue,States Avenue,
41,25,21,52,328,0,49,7,34,36,38,0,76,0,4,16,193,0,
Best: P1
4
Reading Railroad,States Avenue,Tennessee Avenue,Indiana Avenue,Boardwalk,Ventnor Avenue,Mediterranean Avenue,Connecticut Avenue,St. Charles Place,
41,25,21,52,328,0,49,7,34,36,38,0,76,0,4,16,193,0,
Best: P2
4
St. Charles Place,Indiana Avenue,North Carolina Avenue,Electric Company,Kentucky Avenue,Pacific Avenue,Illinois Avenue,Ventnor Avenue,Pennsylvania Avenue,St. James Place,Vermont Avenue,
43,22,20,54,318,0,46,7,34,36,37,0,76,0,2,15,196,0,
Best: P2
4
Oriental Avenue,St. Charles Place,Ventnor Avenue,Park Place,Virginia Avenue,Tennessee Avenue,North Carolina Avenue,Kentucky Avenue,Pennsylvania Avenue,Connecticut Avenue,Short Line Railroad,Mediterranean Avenue,
43,22,20,54,318,0,46,7,34,36,37,0,76,0,2,15,196,0,
Best: P1
3
St. Charles Place,Park Place,Reading Railroad,Baltic Avenue,Pennsylvania Railroad,
40,22,19,50,318,0,46,7,32,34,37,0,72,0,2,14,197,0,
Best: P1
3
Oriental Avenue,St. Charles Place,Tennessee Avenue,Indiana Avenue,Short Line Railroad,Pennsylvania Railroad,Marvin Gardens,Reading Railroad,Ventnor Avenue,Electric Company,Virginia Avenue,B & O Railroad,
40,22,19,50,318,0,46,7,32,34,37,0,72,0,2,14,197,0,
Best: P1
3
Reading Railroad,Electric Company,Indiana Avenue,Atlantic Avenue,Short Line Railroad,B & O Railroad,Pennsylvania Avenue,Baltic Avenue,Tennessee Avenue,Illinois Avenue,Pennsylvania Railroad,Ventnor Avenue,Mediterranean Avenue,St. James Place,
40,22,19,50,318,0,46,7,32,34,37,0,72,0,2,14,197,0,
Best: P2
4
Vermont Avenue,Kentucky Avenue,Boardwalk,Atlantic Avenue,Mediterranean Avenue,St. James Place,Ventnor Avenue,North Carolina Avenue,Indiana Avenue,Illinois Avenue,Baltic Avenue,B & O Railroad,Short Line Railroad,
38,21,18,52,333,0,44,6,33,36,37,0,75,0,1,12,201,0,
Best: P1
3
Atlantic Avenue,
39,21,18,52,328,0,45,6,32,33,35,0,75,0,1,12,197,0,
Best: P2
4
Vermont Avenue,St. James Place,Connecticut Avenue,B & O Railroad,Ventnor Avenue,New York Avenue,Marvin Gardens,Illinois Avenue,
40,21,18,52,346,0,44,6,31,32,34,0,79,0,0,12,197,0,
Best: P2
4
Kentucky Avenue,Ventnor Avenue,Boardwalk,Oriental Avenue,Vermont Avenue,States Avenue,B & O Railroad,Marvin Gardens,Park Place,Baltic Avenue,Illinois Avenue,St. James Place,St. Charles Place,Mediterranean Avenue,
40,21,18,52,346,0,44,6,31,32,34,0,79,0,0,12,197,0,
Best: P2
3
St. James Place,B & O Railroad,Oriental Avenue,Ventnor Avenue,Boardwalk,Vermont Avenue,Park Place,Pennsylvania Avenue,Atlantic Avenue,Baltic Avenue,Short Line Railroad,Mediterranean Avenue,Reading Railroad,Tennessee Avenue,Illinois Avenue,
40,21,18,52,346,0,44,6,31,32,34,0,79,0,0,12,197,0,
Best: P5
4
Virginia Avenue,Indiana Avenue,Pacific Avenue,Ventnor Avenue,Connecticut Avenue,Tennessee Avenue,
42,19,16,52,345,0,47,4,32,29,32,0,76,0,0,10,199,0,
Best: P2
4
Vermont Avenue,Tennessee Avenue,Marvin Gardens,Short Line Railroad,Ventnor Avenue,Boardwalk,Reading Railroad,St. James Place,St. Charles Place,Oriental Avenue,Mediterranean Avenue,Virginia Avenue,Connecticut Avenue,Pennsylvania Avenue,Illinois Avenue,
40,19,16,49,338,0,43,4,31,30,33,0,76,0,0,11,203,0,
Best: P3
4
Oriental Avenue,States Avenue,Ventnor Avenue,Mediterranean Avenue,Connecticut Avenue,Virginia Avenue,Kentucky Avenue,Atlantic Avenue,Baltic Avenue,Indiana Avenue,Water Works,Vermont Avenue,New York Avenue,Short Line Railroad,Marvin Gardens,Illinois Avenue,
40,18,14,53,319,0,44,3,30,30,32,0,77,0,0,10,201,0,
Best: P1
3
St. Charles Place,Illinois Avenue,Marvin Gardens,Boardwalk,Reading Railroad,
40,16,14,48,311,0,44,2,28,30,31,0,79,0,0,9,192,0,
Best: P2
4
Reading Railroad,B & O Railroad,New York Avenue,Pennsylvania Avenue,Atlantic Avenue,Baltic Avenue,Vermont Avenue,St. James Place,Marvin Gardens,Oriental Avenue,Park Place,Pacific Avenue,Boardwalk,Ventnor Avenue,North Carolina Avenue,Mediterranean Avenue,
39,16,14,51,304,0,43,1,27,30,32,0,81,0,0,8,208,0,
Best: P4
4
North Carolina Avenue,Park Place,Mediterranean Avenue,St. Charles Place,Indiana Avenue,B & O Railroad,Marvin Gardens,Reading Railroad,New York Avenue,Ventnor Avenue,Baltic Avenue,Tennessee Avenue,Short Line Railroad,Kentucky Avenue,Pennsylvania Railroad,Boardwalk,
38,16,13,53,335,0,47,0,25,27,32,0,74,0,0,8,203,0,
Best: P2
4
Vermont Avenue,Indiana Avenue,Mediterranean Avenue,Connecticut Avenue,Electric Company,North Carolina Avenue,Park Place,St. James Place,B & O Railroad,Tennessee Avenue,Oriental Avenue,Pennsylvania Railroad,Water Works,Reading Railroad,States Avenue,
37,16,13,54,328,0,45,0,26,26,33,0,79,0,0,8,194,0,
Best: P1
3
New York Avenue,St. James Place,Indiana Avenue,Mediterranean Avenue,Reading Railroad,Pennsylvania Railroad,Illinois Avenue,Pacific Avenue,Tennessee Avenue,Baltic Avenue,B & O Railroad,Marvin Gardens,Park Place,Kentucky Avenue,Oriental Avenue,
38,14,12,50,321,0,43,0,23,26,28,0,73,0,0,7,192,0,
Best: P1
3
St. Charles Place,Kentucky Avenue,Ventnor Avenue,Boardwalk,Pennsylvania Railroad,Mediterranean Avenue,
38,14,12,50,321,0,43,0,23,26,28,0,73,0,0,7,192,0,
Best: P1
4
Tennessee Avenue,Mediterranean Avenue,Ventnor Avenue,Connecticut Avenue,Pennsylvania Railroad,B & O Railroad,Marvin Gardens,Baltic Avenue,New York Avenue,Pennsylvania Avenue,St. Charles Place,Water Works,
38,14,12,50,321,0,43,0,23,26,28,0,73,0,0,7,192,0,
Best: P1
3
Electric Company,Illinois Avenue,St. James Place,Kentucky Avenue,Pacific Avenue,Marvin Gardens,Oriental Avenue,Park Place,Reading Railroad,Virginia Avenue,Atlantic Avenue,Vermont Avenue,Mediterranean Avenue,Pennsylvania Railroad,Indiana Avenue,Connecticut Avenue,
38,14,12,50,321,0,43,0,23,26,28,0,73,0,0,7,192,0,
