P1
65,25,5,3,58,69,59,52,58,59,15,28,44,63,83,96,11,40,16,87,41,45,11,52,99,4,18,43,94,2,58,201,4,21,19,98,99,0,37,93,81,66,37,8,88,7,14,51,56,74,72,23,21,94,22,4,70,85,1,70,23,70,57,57,114,1,77,72,25,7,16,54,60,56,43,20,74,5,50,48,71,32,36,3,90,31,29,59,84,57,20,13,78,4,0,62,77,454,4,
P2
62,52,75,87,3,33,45,85,27,89,47,9,51,58,15,67,10,56,79,21,7,77,93,25,19,86,27,54,43,21,71,486,5,55,9,33,48,56,99,51,65,52,59,45,2,81,85,74,3,5,34,26,76,3,77,44,39,100,13,63,31,70,4,92,130,3,50,50,26,77,72,69,63,46,40,12,94,10,44,96,80,0,26,8,59,76,65,79,89,8,84,89,70,30,65,70,15,454,1,
P3
57,42,34,69,26,61,23,39,71,74,97,86,7,6,42,86,94,15,62,86,7,47,37,0,0,47,21,61,17,60,41,23,3,39,36,24,90,67,76,14,11,78,95,62,18,99,68,52,91,9,21,33,53,61,99,32,23,96,69,94,23,60,74,65,122,1,92,57,28,20,2,68,32,62,45,42,57,24,42,49,100,68,25,64,46,80,39,96,69,75,92,100,44,94,81,96,38,398,1,
P4
76,94,58,99,32,28,73,95,80,80,67,88,31,61,70,93,12,77,39,50,77,5,97,65,33,80,24,96,87,93,62,350,3,20,8,15,35,19,60,96,47,78,60,14,29,50,91,16,49,9,77,47,42,66,43,10,26,32,70,66,81,0,41,20,242,4,58,21,49,90,50,60,32,6,51,40,22,50,7,13,13,54,93,18,15,61,94,7,27,37,67,7,100,19,46,52,3,244,4,
P5
27,85,9,100,79,90,45,46,77,42,73,12,34,51,89,39,67,32,10,29,97,43,76,87,4,62,45,97,91,98,17,393,5,55,34,62,51,81,5,10,62,34,27,18,50,76,27,94,90,69,25,99,45,51,30,81,16,77,81,23,98,1,38,56,198,3,94,89,42,92,62,93,31,84,42,39,63,22,59,55,40,74,83,100,47,9,3,13,16,2,33,62,54,100,66,93,25,27,3,
P6
83,26,77,94,38,19,35,77,32,35,28,87,74,61,18,84,91,81,94,66,34,98,27,79,60,84,76,38,0,23,83,321,4,73,86,32,50,13,32,77,31,48,18,24,7,74,60,33,72,4,50,1,86,67,45,32,56,8,33,61,74,56,65,95,8,4,16,9,16,13,93,25,52,21,13,77,76,53,17,24,19,64,33,22,78,16,24,77,44,44,42,76,2,24,0,50,83,388,1,
P7
42,54,87,77,98,18,11,25,5,51,52,90,1,42,71,95,7,71,58,1,49,18,51,92,56,52,81,81,0,97,43,30,1,44,29,63,87,26,10,5,17,85,45,77,17,17,47,67,85,32,100,29,31,22,37,64,49,77,86,13,43,81,30,24,431,5,97,17,55,14,38,68,58,81,88,75,4,73,4,4,95,48,20,18,24,30,28,33,6,30,57,73,47,71,56,5,18,1,4,
P8
86,14,53,98,5,24,14,57,13,15,100,50,76,73,20,34,40,36,18,92,27,74,9,74,20,9,71,68,18,54,4,273,4,11,52,47,83,69,98,27,11,14,10,58,47,96,91,13,91,88,35,28,51,84,71,37,63,14,84,93,88,7,18,85,421,5,99,94,56,56,74,9,97,45,82,1,49,76,49,35,60,40,65,88,73,37,85,96,10,31,66,32,2,66,16,58,14,129,4,
P9
68,39,44,82,96,58,64,61,7,5,0,95,39,40,30,23,98,23,97,73,97,16,49,33,50,67,87,52,37,20,4,281,2,67,71,34,61,82,14,71,39,61,32,96,74,23,83,75,17,34,24,88,37,88,68,20,80,56,94,64,46,79,100,11,352,2,37,25,19,33,36,68,34,85,43,50,86,70,56,17,23,95,20,7,90,30,4,55,28,74,87,44,31,41,59,49,96,461,0,
P10
53,21,74,83,82,47,88,48,41,94,55,37,16,18,60,80,92,23,62,40,56,12,6,9,64,10,29,35,14,55,33,29,0,38,17,97,76,57,57,7,52,98,97,35,72,13,35,63,68,38,50,35,58,96,57,17,60,2,62,25,51,40,62,78,51,3,95,77,70,96,62,13,11,13,49,67,97,72,61,17,46,16,47,16,37,42,90,23,86,88,30,10,36,47,72,77,67,306,5,
P11
15,23,4,70,72,11,63,26,15,45,44,75,24,1,98,87,41,20,65,14,29,28,24,58,29,4,12,47,38,54,19,98,4,53,1,53,27,54,16,23,55,54,37,90,16,71,27,66,5,51,62,63,34,88,31,97,79,83,2,6,15,80,52,100,340,2,28,82,65,39,95,13,5,92,86,32,8,98,14,21,13,51,63,3,74,15,91,71,92,93,84,64,70,100,97,23,91,313,3,
P12
89,15,52,17,7,67,63,17,41,87,19,5,39,60,25,3,40,54,98,64,78,94,35,91,6,39,10,76,58,88,13,437,2,93,73,46,15,27,100,18,83,16,89,76,82,95,26,9,23,27,97,54,23,42,2,92,48,18,37,100,96,36,19,95,484,3,29,65,30,0,22,82,32,97,79,12,85,92,63,13,61,2,28,17,73,87,10,57,16,80,56,79,69,41,69,39,98,91,0,
P13
30,76,68,59,60,75,12,79,80,51,4,71,21,45,24,85,75,2,44,9,59,50,48,35,26,73,23,42,86,58,82,57,0,10,86,70,28,68,52,84,44,34,44,36,9,67,63,73,87,52,14,90,43,62,74,47,28,69,83,47,60,78,38,54,263,5,98,93,69,96,55,13,7,39,4,70,53,32,72,47,49,11,33,25,68,49,71,90,27,39,31,62,44,55,59,14,22,383,2,
P14
7,60,17,19,4,98,36,8,34,57,19,59,8,61,27,52,70,52,69,85,87,61,23,76,69,8,34,78,56,0,63,337,2,48,58,18,31,68,18,75,3,27,7,33,100,95,51,13,84,61,42,23,7,70,58,56,16,17,100,20,47,53,10,1,261,4,17,27,56,91,33,26,60,86,58,99,99,74,76,32,99,43,47,36,99,41,75,96,2,86,50,28,66,58,50,38,68,149,2,
P15
82,64,0,85,38,35,41,24,60,15,85,53,34,20,4,2,4,57,29,27,100,98,1,100,75,24,100,95,53,59,1,474,3,99,35,48,74,4,42,81,37,41,75,55,21,24,15,29,13,22,99,71,78,81,88,78,0,34,97,10,13,98,44,97,296,4,58,64,15,85,15,73,49,14,12,24,46,78,33,59,13,31,100,54,27,69,39,43,97,4,68,46,8,34,80,40,38,238,3,
P16
86,26,100,93,50,59,8,0,78,42,21,48,10,92,4,39,86,3,36,53,69,77,77,68,37,30,93,34,31,81,83,96,0,36,50,66,16,53,73,58,7,60,48,22,89,62,10,53,32,89,100,87,32,67,20,28,77,100,26,88,76,89,32,24,55,1,89,86,77,3,100,56,94,11,33,93,70,46,90,36,100,16,4,5,26,67,9,60,12,85,94,93,91,83,97,60,51,280,0,
P17
75,90,22,49,91,100,57,78,47,67,69,18,72,54,88,74,7,57,50,50,24,87,46,17,21,43,64,86,25,37,0,231,5,6,35,70,30,8,30,79,98,85,6,7,38,4,62,3,91,94,70,78,22,13,43,14,0,18,69,32,84,59,81,65,383,0,54,10,86,47,21,18,39,58,64,28,94,29,11,64,34,3,30,10,63,8,95,22,67,51,72,63,10,58,13,22,33,32,5,
P18
49,84,72,6,27,85,39,96,2,11,16,91,85,90,47,1,39,37,88,86,20,75,28,85,61,20,88,10,20,81,35,179,0,62,90,81,40,53,65,12,61,69,16,22,39,74,83,8,51,4,21,94,85,21,12,53,20,96,11,67,77,76,48,37,179,1,80,20,91,85,78,20,80,37,16,57,67,50,60,63,26,22,71,87,10,38,37,82,67,48,40,81,36,94,80,34,60,246,1,
P19
41,57,4,47,19,6,58,35,63,8,24,76,76,29,13,64,81,100,4,76,84,31,96,38,7,15,18,90,16,15,58,308,3,43,57,38,21,84,74,38,72,12,11,54,20,28,58,8,88,42,96,66,61,82,28,72,48,4,48,96,98,51,66,61,6,1,10,98,10,90,0,26,46,67,42,72,29,69,60,67,55,71,4,59,18,71,73,24,17,8,18,98,42,51,23,97,100,470,0,
P20
71,57,86,95,58,48,2,82,91,79,78,70,8,58,69,79,33,53,77,28,57,84,9,75,73,26,56,48,50,95,20,425,4,82,72,48,86,43,26,63,98,13,91,21,21,79,30,16,44,91,99,72,29,12,42,77,75,39,94,40,9,20,28,2,320,0,56,61,42,68,27,85,40,23,19,100,90,40,36,60,99,55,97,37,79,14,45,63,78,54,13,67,50,54,66,76,88,371,4,
P21
14,76,60,83,23,16,27,0,86,1,59,54,47,58,73,23,53,29,6,62,71,46,54,26,94,3,87,53,90,4,70,0,2,88,8,25,51,72,38,7,60,59,52,90,41,97,46,5,34,75,85,43,17,59,82,78,99,58,98,26,42,66,92,54,480,3,56,30,63,96,19,48,61,8,54,98,68,53,18,64,56,63,44,1,26,88,55,39,20,71,59,53,46,29,40,49,96,274,2,
P22
19,2,73,12,70,58,14,28,78,61,52,51,84,4,46,56,33,16,1,87,9,95,57,96,14,12,66,45,49,45,68,325,4,71,72,69,44,98,94,97,87,1,59,99,73,59,40,57,1,23,15,50,0,13,7,99,5,15,30,63,55,84,63,20,198,1,91,64,50,18,38,3,15,5,22,100,35,79,62,46,80,54,100,0,60,20,37,18,73,49,13,12,98,87,75,8,31,163,5,
P23
80,84,98,60,78,75,20,29,92,70,0,38,26,33,54,94,86,63,89,8,25,69,21,91,13,70,2,14,3,16,49,321,3,31,64,15,27,50,16,52,14,55,10,20,12,12,44,27,28,44,7,35,8,79,50,39,42,71,89,71,23,76,37,6,326,1,49,76,42,30,47,64,29,49,8,58,95,54,78,94,54,37,80,91,22,52,6,1,31,3,89,5,79,77,36,16,52,216,3,
P24
9,9,25,96,38,17,66,4,21,58,3,75,51,90,4,5,98,29,74,85,86,87,20,88,67,23,70,20,39,1,48,402,4,100,16,8,51,30,63,61,17,41,39,61,69,67,71,42,68,46,20,84,85,62,55,39,32,44,81,69,55,87,69,86,56,4,82,5,53,78,54,62,1,48,15,79,8,36,16,88,93,4,6,99,5,37,69,60,8,47,37,10,29,18,62,21,10,138,5,
P25
43,15,46,75,19,67,32,23,7,50,79,11,21,42,6,96,94,59,48,13,46,82,3,83,68,42,50,5,56,61,99,77,0,2,82,85,30,99,92,69,25,60,2,96,1,36,41,89,20,92,50,41,98,49,85,78,17,6,31,53,19,16,3,86,140,2,88,47,88,89,96,70,33,3,5,15,57,98,19,63,63,25,100,31,85,74,78,88,85,6,72,12,95,45,22,88,76,81,5,
P26
74,61,79,72,50,86,88,28,64,9,37,36,71,30,95,85,43,7,66,12,56,34,20,5,5,76,66,39,75,74,14,419,0,15,15,83,84,40,43,52,2,10,55,9,99,75,1,15,15,99,64,66,42,47,38,73,100,58,56,70,99,41,87,56,160,3,64,96,95,64,65,66,79,22,30,99,85,93,90,51,90,40,24,67,95,75,39,32,88,100,78,76,53,15,52,54,82,95,5,
P27
52,51,14,6,80,78,15,83,81,52,12,75,36,21,82,69,0,37,69,20,43,74,97,75,12,37,49,63,17,50,69,321,1,5,8,81,24,10,58,79,87,22,53,88,3,34,52,67,66,60,14,4,33,80,28,89,49,26,29,36,82,51,4,56,89,4,45,81,33,24,2,29,89,53,88,78,3,77,17,28,9,11,69,15,44,56,81,88,32,34,2,84,54,8,31,69,77,494,1,
P28
75,46,50,56,28,30,7,6,71,10,28,53,45,95,56,13,14,99,87,77,40,65,13,55,94,30,4,85,66,71,40,230,2,80,90,91,58,76,79,77,29,83,10,47,49,43,6,63,47,39,9,41,94,58,33,89,60,14,39,64,100,96,43,41,184,4,67,84,38,55,37,26,32,6,2,15,0,79,94,70,94,3,25,74,91,23,74,59,73,27,67,4,63,43,47,44,13,362,2,
P29
63,11,68,36,85,39,46,79,58,57,73,13,70,87,79,22,64,85,87,43,39,46,74,9,97,5,46,19,11,29,74,319,0,66,40,1,42,69,84,19,82,32,62,88,62,8,94,71,15,87,95,48,76,55,62,14,85,27,76,94,60,17,58,83,1,3,68,31,48,100,37,17,81,38,96,74,7,89,77,99,62,33,22,2,58,95,96,25,65,58,34,11,2,52,24,97,92,131,1,
P30
10,92,30,22,70,54,80,8,33,15,95,11,38,24,62,91,68,67,37,7,76,33,12,22,52,23,17,9,64,24,40,384,1,91,32,32,9,13,31,71,1,93,45,61,29,60,47,23,7,22,44,35,3,96,63,45,55,89,28,13,70,77,77,68,89,5,57,64,5,38,68,0,78,41,55,21,40,83,54,28,85,12,89,81,3,54,4,3,31,73,21,56,69,95,13,96,37,294,4,
P31
62,51,50,7,59,83,23,20,61,27,44,22,17,11,90,54,85,31,88,97,19,5,87,37,14,50,27,81,90,9,17,378,0,77,89,48,14,56,6,59,16,35,19,30,25,93,52,35,95,21,97,57,33,52,45,61,31,81,38,7,66,5,83,48,175,4,75,94,54,18,35,8,39,41,92,60,69,76,38,23,56,7,77,61,10,75,100,98,30,69,92,9,30,41,46,56,87,409,2,
P32
25,86,76,14,5,2,7,15,91,24,94,46,45,78,78,99,41,63,3,27,100,85,77,27,65,66,36,42,83,62,74,148,0,62,60,4,21,77,39,6,6,30,65,24,66,59,12,62,82,45,80,93,5,10,74,9,85,5,81,33,55,29,37,57,307,1,5,17,57,10,24,48,70,93,24,7,82,46,81,25,73,91,100,73,88,29,7,46,4,37,87,51,60,81,37,76,8,273,1,
P33
54,85,11,61,0,2,86,94,48,30,37,92,28,78,55,98,4,20,82,47,13,47,12,49,55,62,78,89,1,91,56,308,1,44,74,62,50,46,93,82,36,24,40,48,52,22,93,32,14,65,8,54,74,59,60,21,59,14,50,96,67,6,93,51,108,3,19,16,0,89,75,91,63,22,3,43,47,42,34,46,14,88,41,88,100,46,25,52,97,85,100,100,60,28,8,18,27,406,2,
P34
16,42,44,68,1,59,64,38,50,58,16,4,56,87,92,3,34,4,16,12,20,71,40,98,26,42,54,91,64,29,46,30,3,67,78,44,48,14,34,55,28,86,77,21,84,57,52,59,11,92,84,71,12,42,51,28,4,85,1,97,74,52,96,85,202,1,15,41,38,44,29,41,88,77,84,88,22,64,41,30,52,41,42,77,93,4,27,92,3,53,87,11,37,33,4,3,87,259,1,
P35
14,72,35,44,77,85,69,59,56,24,45,47,94,45,51,10,24,71,47,64,34,73,72,89,63,35,84,96,82,21,62,464,2,100,53,35,54,82,21,30,69,71,87,87,96,64,78,80,0,57,88,52,85,58,2,86,55,76,3,16,68,55,55,54,60,5,30,39,60,17,15,9,71,4,74,12,0,25,53,42,68,11,46,61,70,49,13,56,27,16,55,98,19,36,84,29,81,134,0,
P36
72,35,23,40,94,79,30,5,92,24,16,9,34,6,46,47,71,47,20,8,35,83,44,85,44,25,5,82,53,65,24,446,0,7,56,92,3,24,28,56,77,24,20,54,70,20,77,23,38,62,82,40,13,2,83,84,18,16,38,73,85,92,47,65,117,5,98,50,91,69,54,64,47,54,55,100,62,89,77,7,49,12,22,28,68,15,44,90,13,63,25,97,58,80,43,25,41,332,3,
P37
65,26,22,95,98,81,85,80,90,85,87,1,32,23,48,52,31,49,0,75,34,11,66,39,93,18,70,13,9,36,74,450,5,34,93,41,56,69,31,76,90,67,63,66,90,67,27,37,7,7,39,56,91,23,72,28,63,56,86,9,78,16,79,16,151,4,76,61,80,89,81,34,54,42,22,30,49,37,43,72,65,77,87,8,66,66,37,91,29,95,36,72,87,97,79,27,20,347,1,
P38
34,25,25,19,4,81,3,91,83,35,13,97,87,45,46,54,86,80,65,52,85,23,36,55,36,45,57,93,85,85,19,58,3,72,6,27,14,96,94,77,61,50,43,55,87,16,28,93,72,18,15,9,12,44,32,64,54,9,80,99,99,62,69,33,160,0,8,69,26,62,11,15,93,26,52,1,64,17,44,17,92,10,83,29,67,11,23,70,50,9,32,28,3,44,49,92,57,368,2,
P39
38,80,10,41,37,59,77,50,21,29,61,67,83,13,12,13,31,98,37,67,52,73,79,8,32,63,59,36,82,34,19,293,0,47,36,83,90,98,32,33,18,85,15,46,77,88,64,59,97,42,2,28,5,22,3,85,20,69,46,56,64,45,30,93,161,1,19,3,10,78,30,28,79,60,45,89,77,3,99,26,32,32,3,21,1,53,98,33,82,0,43,97,58,46,19,50,38,256,5,
P40
27,50,66,3,67,88,99,94,20,48,73,33,61,3,30,98,71,82,37,49,56,69,78,81,71,60,14,35,45,94,72,134,1,82,30,99,81,14,84,97,60,60,50,90,85,12,31,88,7,36,76,77,87,97,45,99,52,75,43,48,27,1,81,84,229,5,82,50,45,26,9,91,15,53,60,80,79,92,78,82,79,79,35,76,78,83,42,88,45,66,33,64,16,40,69,36,16,485,3,
P41
41,43,62,6,2,83,54,76,15,14,79,45,79,49,93,82,64,14,50,8,95,87,68,75,21,79,68,30,17,44,24,187,1,30,24,76,93,50,1,8,39,87,88,36,40,61,72,15,37,58,78,83,22,29,57,66,44,50,67,24,10,16,1,13,384,4,43,61,58,24,13,17,3,92,75,82,40,54,26,75,96,71,23,38,58,34,3,57,98,86,97,32,21,19,49,6,58,137,4,
P42
30,90,49,84,65,30,65,43,75,9,59,33,91,89,13,6,97,7,93,30,48,13,76,16,10,93,60,15,83,13,13,158,2,5,42,45,81,47,98,68,84,3,28,21,19,31,46,97,13,68,93,37,33,36,53,67,26,63,83,27,65,96,86,68,5,5,82,81,62,51,39,3,99,79,57,25,19,18,62,8,56,19,42,26,42,5,11,38,4,33,23,53,5,43,77,39,58,133,5,
P43
63,33,27,27,42,69,36,67,68,26,56,82,99,18,55,91,15,3,71,91,86,81,49,11,96,31,24,43,10,93,74,236,5,48,6,84,82,90,88,76,11,73,6,23,35,87,91,94,90,24,29,8,91,22,72,39,15,2,1,0,78,69,60,83,48,3,75,25,19,74,70,42,99,89,60,60,97,83,45,4,8,87,76,86,91,80,85,13,99,91,22,75,29,77,99,15,74,454,1,
P44
0,34,69,3,0,2,96,22,84,95,7,5,85,22,8,55,79,60,35,94,71,97,24,62,40,35,54,12,75,12,75,111,3,30,56,67,72,33,5,44,56,41,97,47,0,86,37,97,95,94,18,32,32,33,34,100,0,78,34,60,7,83,26,12,368,4,47,76,53,45,64,12,71,26,95,82,97,69,68,73,55,24,52,39,3,51,29,25,25,25,68,24,40,60,98,47,10,278,0,
P45
44,12,50,40,1,100,0,8,4,85,97,79,6,41,38,7,34,9,4,24,71,10,25,91,22,100,2,35,41,14,85,285,5,50,48,26,95,4,33,91,17,33,43,20,29,3,80,47,35,78,47,35,78,47,13,11,73,87,95,66,74,73,14,90,353,2,55,19,2,92,45,63,73,8,99,6,81,53,30,99,58,100,49,54,91,41,79,59,31,85,18,95,98,56,4,87,25,474,5,
P46
91,95,98,91,69,1,76,31,81,48,72,18,55,5,94,25,29,64,1,55,21,91,20,23,92,61,38,39,46,31,36,405,2,84,32,19,40,15,52,83,1,48,86,81,95,87,59,7,22,36,20,1,13,94,88,74,59,28,13,73,22,2,0,52,222,1,16,16,77,89,24,75,61,71,94,91,70,51,56,85,71,46,25,49,4,56,0,90,16,98,45,20,50,90,45,21,27,5,0,
P47
27,60,1,69,91,48,16,28,33,37,33,26,29,28,57,30,49,44,20,70,67,78,30,71,17,76,68,20,79,25,5,433,0,92,14,45,75,83,93,26,63,54,80,21,61,1,23,82,69,37,41,22,10,100,50,90,38,38,92,4,12,43,3,1,20,0,15,28,87,76,66,46,32,35,63,54,19,34,0,45,83,71,67,49,60,50,47,4,70,63,61,82,51,64,8,55,91,160,3,
P48
40,7,36,22,35,69,59,34,61,88,63,84,85,11,27,71,47,61,49,78,98,32,19,32,52,64,57,72,69,8,75,199,4,42,67,76,34,96,96,13,17,23,81,6,71,49,43,11,38,20,77,54,9,81,59,68,85,71,77,55,43,44,5,86,50,2,32,48,74,31,49,36,85,69,70,85,80,19,22,12,68,82,62,81,87,99,10,47,80,61,77,54,15,18,44,64,43,4,0,
P49
97,17,29,22,51,57,76,13,40,60,92,34,98,38,61,46,82,58,44,68,90,96,31,13,33,67,21,92,41,2,4,275,0,20,67,98,33,50,87,14,57,57,29,66,68,67,52,44,21,62,91,80,96,75,16,38,96,25,83,0,51,68,38,54,57,0,74,27,88,58,96,58,9,41,43,31,54,10,79,82,58,65,80,68,78,25,28,20,46,9,4,90,73,16,99,51,72,222,0,
P50
93,71,38,68,50,79,95,41,79,92,46,39,3,94,97,47,61,53,42,59,66,75,25,87,32,32,55,18,2,41,95,81,1,88,21,69,68,44,25,63,10,59,97,62,2,84,90,93,63,51,33,45,90,29,71,38,29,88,5,68,6,26,39,13,272,2,97,40,13,72,82,22,69,1,99,47,49,56,79,96,90,22,87,84,9,32,93,13,89,66,30,87,83,98,25,61,21,351,2,
P51
29,27,83,23,35,27,81,47,66,84,40,29,97,68,82,4,26,47,79,17,100,77,49,54,96,52,61,62,12,38,41,495,0,47,71,14,76,47,73,72,75,41,55,31,100,84,82,33,29,37,28,66,75,23,19,47,57,93,73,96,47,52,89,65,175,5,59,15,54,27,83,53,40,31,75,18,93,31,7,80,14,16,11,74,29,66,39,25,53,88,23,78,49,42,65,83,23,110,1,
P52
30,0,42,10,47,75,60,53,3,56,20,85,60,12,31,4,29,97,82,79,16,43,97,78,71,75,15,36,16,81,12,27,3,40,38,24,12,12,31,33,43,31,17,92,64,12,95,58,44,36,81,63,49,38,55,21,100,69,39,54,5,70,79,9,182,3,16,80,47,56,10,89,75,70,19,48,49,33,64,26,73,93,93,11,18,45,66,7,89,14,49,53,97,23,42,60,58,453,4,
P53
23,60,0,83,13,3,5,100,54,65,12,85,70,41,81,51,86,63,94,48,40,64,23,56,66,5,2,50,17,16,6,13,1,88,29,44,88,38,75,4,96,4,83,57,62,93,93,8,55,41,12,77,28,12,11,67,66,83,36,11,4,11,27,66,173,5,13,15,86,54,85,4,1,100,4,31,26,77,24,18,55,8,29,20,82,84,0,30,2,63,20,44,22,4,68,27,81,481,4,
P54
56,55,11,61,55,65,25,67,49,95,74,96,11,60,58,71,74,65,0,63,20,33,68,89,83,52,4,24,58,47,80,451,1,53,27,68,23,22,72,5,79,100,98,37,74,18,78,87,61,5,65,72,38,30,54,40,41,59,18,35,42,84,57,2,87,3,1,94,92,69,93,62,0,85,39,91,69,60,99,64,46,80,47,46,76,15,75,62,59,63,66,93,90,34,40,98,41,88,4,
P55
40,22,7,66,55,22,26,29,84,4,55,7,75,28,72,42,92,58,75,25,47,23,77,17,13,1,64,45,81,32,88,201,0,25,73,40,30,17,5,94,55,45,78,99,31,39,71,96,10,8,93,31,15,100,56,100,34,64,83,92,99,85,41,9,44,3,9,16,41,76,0,46,66,36,5,30,100,17,76,13,63,52,28,37,80,54,100,12,46,55,46,52,52,67,93,76,69,29,3,
P56
19,9,83,11,4,32,15,59,39,57,53,78,99,44,35,39,36,48,62,79,32,75,80,62,86,27,94,73,81,14,100,484,4,5,98,78,65,18,89,42,16,20,47,87,82,58,62,74,89,43,40,44,42,74,7,24,31,72,75,39,38,50,18,21,484,1,44,58,98,77,94,69,6,94,86,49,73,14,0,67,17,46,87,83,58,100,37,3,51,56,36,44,31,82,79,22,89,499,5,
P57
10,60,80,93,18,18,49,37,96,13,48,98,52,84,11,13,62,43,54,8,5,39,1,99,78,82,79,77,47,34,57,194,5,52,100,42,60,16,28,7,2,77,65,64,16,19,6,56,29,14,30,2,4,27,74,79,66,78,95,51,54,82,32,33,311,5,65,40,66,38,100,18,87,72,32,53,38,50,99,92,32,23,91,70,26,41,92,63,51,22,10,29,10,9,18,56,49,349,4,
P58
15,11,54,64,49,16,77,97,13,28,46,24,7,7,34,27,82,39,66,83,3,9,30,83,52,77,16,42,0,77,15,229,3,94,48,77,0,16,53,31,47,69,16,19,25,45,34,21,13,38,14,53,84,81,30,78,31,50,26,29,90,59,61,18,337,1,87,95,57,39,32,89,92,37,38,57,28,37,80,18,73,72,59,64,0,10,86,10,5,96,20,23,51,93,39,47,92,137,5,
P59
46,2,82,22,65,61,17,77,51,91,51,85,18,32,23,50,82,94,60,78,76,11,55,58,54,21,34,31,36,89,82,390,5,85,92,32,15,38,1,31,57,93,42,91,80,55,29,94,7,12,40,3,56,37,53,82,67,8,7,27,12,92,2,77,325,2,31,40,43,89,77,47,11,4,84,57,89,56,29,47,19,96,23,71,6,29,66,93,18,84,51,57,97,83,15,3,12,27,2,
P60
71,89,71,54,31,89,10,82,39,28,81,63,45,62,56,71,39,98,82,60,21,1,81,22,100,84,77,62,31,33,68,231,0,92,31,92,90,88,84,31,45,29,87,74,22,60,52,63,64,74,100,83,22,66,92,96,60,3,87,28,95,63,21,21,75,3,0,86,26,79,56,9,35,44,32,30,58,51,26,81,89,99,76,54,57,95,3,7,17,100,90,32,70,26,10,79,11,68,0,
