250
60
Best: P51
51
Reading Railroad,Connecticut Avenue,Vermont Avenue,Tennessee Avenue,St. James Place,New York Avenue,Short Line Railroad,Mediterranean Avenue,Pennsylvania Avenue,Electric Company,
1,2,0,3,0,0,1,0,
1
15,88,42,21,15,68,86,58,11,24,50,100,49,55,95,23,3,12,40,70,9,22,90,79,31,80,24,90,15,69,97,430,1,1,100,10,1,70,77,61,54,54,79,93,63,1,23,51,62,81,9,10,51,12,24,5,39,14,4,17,69,47,60,14,293,4,70,86,83,88,63,26,14,53,75,37,49,17,50,13,86,41,39,35,0,29,24,23,49,49,12,78,59,5,46,93,82,408,0,
Best: P51
48
Oriental Avenue,Pacific Avenue,Short Line Railroad,Connecticut Avenue,Reading Railroad,Pennsylvania Railroad,B & O Railroad,Boardwalk,
0,2,0,0,0,0,1,1,
1
15,88,42,21,15,68,86,58,11,24,50,100,49,55,95,23,3,12,40,70,9,22,90,79,31,80,24,90,15,69,97,430,1,1,100,10,1,70,77,61,54,54,79,93,63,1,23,51,62,81,9,10,51,12,24,5,39,14,4,17,69,47,60,14,293,4,70,86,83,88,63,26,14,53,75,37,49,17,50,13,86,41,39,35,0,29,24,23,49,49,12,78,59,5,46,93,82,408,0,
Best: P54
50
Boardwalk,Park Place,
0,0,0,0,0,0,0,2,
0
31,83,43,35,11,51,71,52,19,35,63,97,39,47,74,17,26,26,48,65,20,21,89,74,39,74,42,85,21,68,77,408,1,1,98,14,25,52,83,48,46,54,64,88,64,20,30,48,54,70,24,30,59,27,34,14,48,16,16,30,53,38,56,14,340,2,74,85,77,69,55,35,11,57,58,29,51,18,46,30,70,36,52,39,20,45,31,28,54,43,31,74,50,13,36,85,62,405,0,
Best: P54
44
Short Line Railroad,Pennsylvania Railroad,New York Avenue,Vermont Avenue,
0,1,0,1,0,0,0,0,
4
31,83,43,35,11,51,71,52,19,35,63,97,39,47,74,17,26,26,48,65,20,21,89,74,39,74,42,85,21,68,77,408,1,1,98,14,25,52,83,48,46,54,64,88,64,20,30,48,54,70,24,30,59,27,34,14,48,16,16,30,53,38,56,14,340,2,74,85,77,69,55,35,11,57,58,29,51,18,46,30,70,36,52,39,20,45,31,28,54,43,31,74,50,13,36,85,62,405,0,
250
60
Best: P44
54
Reading Railroad,B & O Railroad,Electric Company,Short Line Railroad,Atlantic Avenue,Marvin Gardens,Oriental Avenue,Ventnor Avenue,
0,1,0,0,0,3,0,0,
0
35,46,76,80,33,77,57,25,62,39,79,12,79,8,77,26,78,31,71,72,89,11,54,49,89,56,87,34,45,55,46,231,2,82,83,60,51,12,88,93,4,13,20,60,28,79,37,67,36,62,49,98,5,6,100,15,90,19,21,50,93,74,47,55,224,4,62,76,63,35,0,71,50,59,90,32,64,8,71,75,64,20,73,13,83,54,24,23,78,66,82,63,52,57,29,81,92,444,0,
Best: P52
48
Oriental Avenue,Atlantic Avenue,Reading Railroad,Pennsylvania Railroad,Tennessee Avenue,Marvin Gardens,Pennsylvania Avenue,North Carolina Avenue,Water Works,New York Avenue,Pacific Avenue,Mediterranean Avenue,
1,1,0,2,0,2,3,0,
0
57,27,58,72,37,84,76,63,54,43,75,49,81,25,76,55,42,44,58,83,84,17,38,52,45,47,77,33,33,40,58,146,0,76,67,49,31,48,74,64,26,9,51,70,22,60,27,85,41,34,61,65,8,30,55,28,65,57,32,76,83,56,36,67,212,3,78,56,66,23,45,80,63,77,77,56,54,51,36,45,78,27,49,8,55,41,29,50,75,44,82,53,60,67,28,79,59,358,0,
Best: P53
48
Mediterranean Avenue,Boardwalk,Park Place,Baltic Avenue,
2,0,0,0,0,0,0,2,
7
62,43,49,76,45,74,53,41,51,52,73,48,68,22,59,57,64,42,48,62,66,31,38,47,63,41,67,48,48,41,53,235,0,80,67,63,33,28,58,72,28,29,35,68,39,58,43,64,44,54,61,74,29,21,61,28,79,52,34,54,66,54,50,54,270,3,63,62,60,40,30,78,59,74,70,41,57,52,49,55,80,31,64,14,56,40,24,48,75,58,73,60,49,57,44,61,75,374,0,
Best: P55
50
B & O Railroad,Oriental Avenue,Connecticut Avenue,Pennsylvania Railroad,Ventnor Avenue,Pennsylvania Avenue,North Carolina Avenue,
0,2,0,0,0,1,2,0,
5
58,35,49,67,44,68,63,42,52,46,78,50,68,21,61,48,52,45,55,70,70,32,37,44,57,48,77,42,41,46,48,243,0,73,62,56,32,30,69,65,31,24,39,63,36,61,41,61,45,45,64,66,19,26,62,30,67,46,29,59,70,54,51,55,231,2,71,63,60,39,31,72,51,75,74,46,61,41,44,57,81,30,56,11,54,46,29,45,72,57,66,53,55,62,32,60,76,371,0,
