P1
22,30,83,1,51,92,46,19,17,44,70,3,2,30,40,68,85,86,1,15,79,7,20,25,66,17,44,92,7,45,96,49,5,59,34,14,47,31,16,16,56,68,6,2,78,88,21,81,99,59,68,31,45,23,70,85,76,87,17,30,30,15,94,40,38,5,88,55,59,66,22,40,42,96,65,44,31,71,10,48,41,6,37,41,87,37,9,83,61,95,94,98,83,71,78,9,66,37,5,
P2
63,93,9,8,11,26,18,47,29,87,77,36,55,61,21,56,43,100,30,29,92,62,47,35,19,20,46,22,15,88,78,286,2,87,24,30,3,46,64,9,48,8,63,69,89,61,94,56,58,38,45,95,89,20,47,5,51,78,87,10,11,27,37,13,28,1,98,53,14,39,14,45,83,45,82,60,93,23,66,96,64,52,100,73,0,26,34,61,23,16,31,68,92,47,100,22,97,4,0,
P3
52,23,40,36,71,36,23,13,72,44,41,59,66,84,24,62,12,15,24,25,16,43,45,29,31,60,16,37,37,29,55,433,0,83,74,51,58,21,59,87,57,14,14,50,36,72,55,82,32,43,68,80,15,85,57,1,95,34,28,98,25,8,25,57,164,5,36,55,46,85,66,28,44,58,51,77,19,14,95,85,53,96,10,53,56,0,69,53,34,27,0,33,15,88,29,90,65,360,0,
P4
92,89,94,81,2,31,24,9,90,56,93,13,18,71,96,8,63,11,17,7,40,49,68,23,52,71,52,2,93,70,84,92,3,82,19,22,68,42,36,82,93,38,20,13,19,52,22,88,31,37,38,54,39,33,88,67,30,79,41,55,91,99,19,80,364,5,16,76,29,60,100,46,2,18,26,98,70,80,59,46,99,81,46,68,33,80,61,100,79,76,88,8,31,77,39,41,55,330,1,
P5
64,27,84,54,2,73,9,61,53,94,31,48,1,60,25,86,68,32,34,1,21,52,72,39,54,64,8,14,13,33,43,9,3,13,47,44,62,5,82,82,18,1,100,7,55,98,44,93,51,83,92,5,16,22,84,23,43,75,21,63,95,67,68,47,309,4,82,15,19,84,100,46,81,69,92,5,15,90,86,27,23,19,74,50,18,52,25,72,60,56,48,100,63,93,54,79,1,410,4,
P6
97,28,90,73,89,42,66,87,56,34,46,48,19,13,80,19,14,67,71,53,5,91,83,13,4,63,13,38,5,39,69,215,4,8,20,61,56,4,28,21,11,49,18,22,8,70,4,100,41,87,21,91,10,31,31,98,94,25,31,27,61,44,41,52,192,5,86,60,97,32,28,54,38,9,10,23,37,100,42,10,50,27,62,75,99,89,98,13,54,60,72,74,39,37,76,99,61,375,0,
P7
41,56,87,73,8,8,73,55,22,58,34,68,43,49,34,80,68,39,71,16,19,41,79,32,79,51,71,67,19,4,60,344,1,74,99,62,95,9,11,13,98,19,49,2,85,56,55,6,46,31,3,78,96,97,69,93,23,97,36,30,2,54,24,27,65,2,93,53,4,97,62,81,20,65,81,62,75,30,55,3,71,54,58,68,33,11,28,4,51,33,7,26,98,95,53,22,12,330,5,
P8
99,35,38,72,56,61,29,91,28,39,5,63,18,73,68,89,55,87,30,34,18,8,85,56,42,70,60,19,29,53,94,289,0,21,98,76,0,96,61,15,64,45,71,85,17,17,16,20,61,11,83,29,70,72,25,5,69,95,59,93,30,86,14,73,420,4,8,69,63,28,34,43,57,8,73,11,78,44,31,1,78,64,12,5,34,64,4,41,56,69,2,9,91,13,21,31,29,356,5,
P9
31,10,13,61,0,8,66,5,37,84,44,4,73,66,92,69,66,76,43,16,98,85,86,58,70,81,77,18,74,31,5,475,2,40,73,97,55,2,42,26,88,25,9,3,46,36,81,95,65,50,33,57,21,1,51,80,94,47,31,74,42,70,17,9,91,1,58,100,1,14,75,41,92,52,51,23,54,28,53,32,0,54,62,71,95,18,39,63,27,29,77,14,26,72,43,93,67,291,5,
P10
32,42,59,98,14,96,81,58,67,19,23,24,88,89,100,31,4,98,82,56,21,52,36,64,36,10,96,74,82,37,13,170,3,31,59,49,57,46,74,32,15,86,68,62,81,99,11,13,55,32,81,72,78,74,86,8,13,94,45,30,37,54,87,51,473,2,47,66,5,39,85,56,28,4,50,81,36,50,34,99,21,96,83,26,58,76,56,0,90,48,73,99,6,35,66,65,79,362,5,
P11
77,93,12,57,17,79,43,6,2,97,62,68,27,32,31,76,89,18,94,24,83,29,0,78,70,82,14,95,95,59,37,211,1,7,58,0,5,40,52,73,1,32,72,80,11,93,78,92,31,56,31,16,30,10,9,41,41,46,96,94,91,46,5,20,360,3,17,81,26,45,51,77,93,88,93,93,52,80,88,0,6,12,76,28,12,65,42,51,63,49,87,95,13,86,74,9,57,330,0,
P12
61,35,0,3,7,69,100,69,3,94,1,34,69,90,19,62,13,68,57,14,45,26,62,25,87,57,50,98,60,68,20,223,4,25,70,1,65,37,33,2,16,11,95,61,69,92,16,0,7,12,10,83,54,17,96,15,78,86,27,83,68,13,79,5,73,1,69,7,25,61,61,85,53,79,30,7,79,36,19,54,30,31,85,73,49,48,21,35,8,0,20,82,76,77,39,32,74,492,2,
P13
23,10,55,23,45,58,83,46,59,51,35,78,79,15,11,1,96,22,28,57,47,81,80,97,78,40,31,98,60,100,50,228,4,70,52,17,72,34,28,32,95,64,24,10,30,98,90,6,81,43,24,76,24,1,27,17,50,95,31,96,11,36,9,72,380,5,34,33,1,53,12,32,26,57,68,45,78,65,43,62,37,92,76,24,93,85,24,12,32,66,56,37,65,82,10,71,10,389,2,
P14
39,21,63,21,67,21,38,69,65,83,50,76,84,11,98,78,68,10,59,14,73,36,20,3,33,46,3,83,96,79,0,459,1,9,96,7,41,90,71,31,67,0,29,56,7,76,65,98,51,55,65,78,72,81,38,2,76,50,4,86,45,76,46,85,413,3,64,48,32,56,5,66,1,49,30,10,10,33,68,87,57,26,37,47,4,35,13,60,73,78,7,49,14,73,60,84,90,49,2,
P15
21,33,71,25,68,35,7,84,77,58,95,74,35,28,50,94,42,22,30,28,26,29,75,96,79,36,74,66,37,40,24,366,4,93,98,2,90,30,70,85,86,43,60,16,6,77,71,37,54,8,17,59,11,60,8,15,45,19,58,57,44,8,65,67,487,1,45,3,2,12,52,100,89,28,32,56,81,56,48,17,2,53,53,82,12,92,59,87,40,73,59,100,23,98,89,21,34,375,1,
P16
50,73,87,23,56,29,81,50,2,16,78,18,9,87,40,5,14,32,1,55,27,46,92,68,11,28,74,26,52,12,1,347,5,57,58,80,41,9,22,1,92,95,78,28,31,99,36,49,57,47,8,31,29,19,16,53,42,26,61,73,68,28,0,51,411,3,12,42,1,1,36,0,23,17,56,72,34,24,24,53,6,2,44,31,89,85,71,13,50,94,77,39,81,77,39,71,17,152,0,
P17
25,6,59,5,56,27,88,100,45,64,52,51,69,67,84,36,21,10,82,79,44,93,6,17,85,59,96,28,26,46,17,125,1,58,100,47,59,91,41,3,18,73,68,55,88,91,68,62,88,63,47,3,15,89,30,43,62,98,37,28,76,88,19,45,234,0,18,14,13,42,31,69,13,32,60,3,85,32,5,96,63,95,80,33,74,29,93,51,34,39,94,39,9,39,57,54,75,254,5,
P18
90,74,9,77,40,20,6,92,72,42,24,55,78,12,31,26,91,76,85,64,59,36,89,55,64,81,67,89,99,86,54,189,0,71,76,88,40,60,26,74,81,13,64,15,41,17,78,88,87,60,77,83,2,4,47,39,32,22,93,51,22,3,36,74,422,2,83,66,35,62,98,61,65,49,93,71,44,55,31,90,55,4,18,13,21,19,53,82,58,28,20,81,83,73,56,17,4,240,5,
P19
97,65,67,3,23,38,45,13,59,89,92,91,14,49,66,66,12,91,1,67,45,65,47,12,53,11,64,91,65,89,28,134,1,80,37,15,53,85,29,83,100,36,100,43,24,87,2,67,69,71,71,15,76,2,4,68,20,93,72,22,28,11,100,92,475,4,67,47,34,31,96,26,68,5,47,65,95,68,36,79,82,57,98,0,4,22,28,25,2,77,98,24,94,36,29,43,96,423,2,
P20
98,43,8,8,22,67,97,14,57,78,29,89,43,7,80,10,74,91,41,87,69,61,99,32,51,29,21,88,57,41,20,88,3,10,87,27,94,52,64,59,96,54,11,64,20,81,35,91,62,77,59,32,11,79,92,83,0,86,60,66,69,17,69,28,304,5,93,51,1,27,56,15,92,16,83,27,95,64,51,59,64,55,81,59,80,83,35,44,74,29,80,2,72,22,64,27,22,418,5,
P21
28,38,32,25,18,55,69,47,44,78,20,90,88,94,80,28,81,49,55,45,47,5,74,68,59,98,75,16,17,91,46,430,1,21,74,24,80,35,78,92,99,98,38,100,54,66,77,12,65,88,92,56,36,58,7,62,24,76,80,93,76,7,13,28,197,4,49,66,14,41,82,63,68,76,27,18,0,57,74,81,15,19,30,51,63,3,80,9,72,17,31,35,10,28,57,54,73,259,5,
P22
37,13,0,5,27,10,49,47,100,36,7,45,30,88,94,52,99,41,57,72,75,83,35,16,65,53,73,11,65,68,68,11,0,74,88,3,31,53,0,35,52,20,68,95,33,32,48,91,54,50,48,61,12,38,36,58,30,78,65,10,14,59,63,99,333,5,13,0,37,81,42,64,66,43,87,39,90,2,24,86,53,88,89,99,63,26,82,94,27,92,88,51,11,82,23,30,36,204,5,
P23
39,75,33,88,88,99,90,95,43,86,48,3,37,46,10,61,18,51,43,19,67,74,38,6,85,2,40,7,36,88,75,79,0,30,70,10,31,88,31,99,83,30,30,97,20,84,13,68,44,25,6,46,83,2,24,13,79,4,72,8,44,70,25,66,66,2,83,4,21,48,13,75,53,3,77,78,89,96,31,44,60,94,36,41,53,64,99,6,14,76,54,37,72,9,39,68,21,323,2,
P24
62,83,27,17,77,37,3,92,40,40,37,50,0,21,0,9,41,34,83,79,6,34,48,46,7,84,0,38,59,28,87,123,4,98,48,62,96,97,92,93,94,78,42,6,45,53,98,17,99,46,87,89,59,65,93,97,39,37,32,64,91,99,91,62,214,0,36,52,29,89,55,72,32,9,67,29,19,26,89,56,33,7,19,98,14,100,73,68,2,10,43,41,78,77,28,15,30,376,2,
P25
71,54,64,74,45,3,80,48,19,47,70,19,22,10,19,5,55,25,5,2,38,12,53,38,16,11,32,50,64,9,0,156,4,23,35,40,82,95,17,24,0,29,43,64,12,41,9,99,97,34,30,89,30,69,25,63,100,83,27,90,3,55,95,78,20,3,86,54,64,17,64,30,13,49,22,1,4,21,9,90,85,90,89,23,57,57,33,67,98,10,43,93,92,40,22,92,74,488,1,
P26
74,74,9,20,21,28,67,57,13,89,33,100,60,89,91,65,57,28,78,9,66,94,87,65,9,17,74,52,17,69,92,317,1,26,24,9,16,92,38,59,55,16,66,65,82,62,99,11,51,96,46,42,24,11,24,17,68,95,72,28,13,15,58,41,361,0,58,75,92,71,24,13,72,95,0,47,85,85,36,39,7,94,97,40,60,60,16,69,18,74,8,7,65,6,81,10,38,407,1,
P27
11,29,61,44,53,41,99,86,6,59,40,97,90,98,25,33,6,57,27,60,88,2,77,61,55,94,29,12,85,37,62,150,2,57,40,51,15,61,68,48,92,15,9,57,93,60,52,38,2,76,16,93,93,50,87,30,78,66,45,2,4,53,51,9,22,2,75,75,72,47,70,38,60,20,22,97,25,96,56,88,1,82,48,84,50,32,23,24,39,89,30,87,65,31,24,15,100,117,2,
P28
72,52,13,71,37,19,96,78,16,51,41,7,85,13,30,78,73,18,80,49,45,34,43,41,13,94,44,59,22,43,94,9,3,92,17,2,5,76,17,14,32,9,41,84,13,43,25,96,35,84,11,89,80,90,54,24,92,24,43,8,42,19,31,77,366,1,12,26,65,38,46,53,34,37,14,56,25,82,37,39,65,53,71,88,77,77,42,73,63,6,70,87,89,25,52,79,30,443,3,
P29
30,99,30,92,42,12,43,83,86,27,96,16,4,35,0,84,84,45,85,26,52,98,87,97,56,8,39,53,68,0,99,116,2,82,23,28,96,21,3,36,4,16,45,96,79,47,45,90,35,24,45,55,15,2,80,24,10,88,43,41,30,19,56,0,207,4,69,83,1,69,19,15,25,44,97,28,49,27,82,20,82,24,97,23,64,59,97,33,11,85,59,30,29,10,26,100,61,455,5,
P30
90,40,6,99,89,93,25,50,75,96,85,75,80,69,86,30,61,38,27,13,0,49,21,5,1,90,5,66,54,70,43,84,5,97,67,72,99,37,54,44,100,32,91,10,89,92,1,33,46,16,36,92,40,12,79,50,54,8,69,76,49,70,87,32,350,2,30,0,43,21,11,39,49,60,33,97,46,14,88,42,37,51,67,100,84,45,84,8,41,12,86,67,11,45,28,59,24,88,2,
P31
8,64,91,33,14,31,29,65,72,75,33,58,71,61,62,98,74,28,12,62,33,80,51,5,45,4,41,71,13,17,21,252,5,30,57,43,74,56,75,30,32,63,21,33,63,68,15,65,59,22,77,4,72,97,12,40,38,62,76,25,79,7,78,38,299,0,45,3,54,60,63,53,23,76,67,77,84,70,27,51,70,77,62,19,52,2,32,37,35,9,48,63,35,19,53,61,64,286,0,
P32
21,61,92,16,26,63,91,25,87,61,52,14,24,93,42,2,54,42,82,71,13,94,75,54,64,54,71,33,42,18,63,281,4,78,22,51,8,55,81,29,88,9,97,3,74,22,25,50,26,63,13,4,2,51,32,45,76,78,52,20,45,56,20,34,272,3,91,93,6,13,68,39,56,52,75,49,69,44,92,30,64,43,99,62,46,33,37,94,63,72,80,15,99,13,80,28,70,146,1,
P33
79,71,80,35,97,67,62,48,81,52,40,90,54,60,31,1,30,44,95,71,98,25,25,35,24,67,53,84,96,98,40,345,4,42,64,85,71,51,94,34,20,67,22,11,84,14,74,97,18,43,47,51,88,23,28,39,43,39,96,29,26,96,38,37,403,0,49,89,44,71,6,18,19,75,29,10,71,59,20,69,20,66,2,23,26,65,62,5,46,26,85,92,55,17,61,76,76,166,0,
P34
75,31,13,2,79,60,20,86,49,40,45,80,41,42,90,2,12,54,94,37,89,17,70,41,68,31,4,68,71,73,11,470,2,74,19,8,7,39,76,96,51,25,9,91,21,28,33,68,45,20,57,39,26,66,44,88,62,70,83,100,100,19,1,93,331,0,46,37,50,31,78,79,8,49,37,28,84,23,60,86,13,86,16,75,57,29,0,41,20,55,58,48,97,46,23,94,36,315,0,
P35
13,49,88,100,0,36,39,11,83,81,53,72,49,66,25,42,69,80,25,39,20,93,70,92,61,7,30,75,18,34,99,129,2,67,25,31,62,42,56,38,100,77,66,32,10,77,19,34,15,45,100,59,32,61,95,81,27,60,100,95,75,58,81,91,255,2,33,74,6,41,89,10,69,73,33,29,24,46,81,41,87,38,70,88,79,56,8,3,3,5,49,94,99,27,29,95,28,390,5,
P36
98,49,92,37,26,40,84,80,12,32,45,3,40,13,84,65,18,70,58,55,61,85,62,92,25,80,92,94,78,6,42,70,2,19,81,16,57,80,59,22,78,69,65,97,69,80,7,35,4,5,62,65,86,89,24,51,83,65,9,29,95,100,1,18,68,5,70,23,37,38,62,37,33,86,83,14,93,70,52,28,23,97,85,31,100,88,2,15,81,67,42,76,27,63,4,28,74,428,3,
P37
79,47,47,28,26,25,26,37,29,66,51,79,30,35,48,54,90,76,4,51,33,30,98,24,23,75,30,73,83,51,27,270,5,75,27,96,63,4,65,94,1,100,73,8,34,43,14,97,74,66,85,65,17,34,29,26,63,91,92,30,11,77,11,17,185,5,78,12,97,78,64,79,58,57,14,76,85,37,72,69,35,38,57,3,53,37,71,61,13,64,90,84,92,45,57,8,0,96,4,
P38
55,91,18,81,27,13,46,44,92,43,80,39,63,35,81,68,53,13,64,50,37,87,91,33,25,74,50,71,0,14,56,323,2,47,9,75,40,10,75,80,85,75,89,65,71,63,31,22,27,48,56,22,40,85,79,98,15,57,74,26,5,58,31,4,182,5,78,51,46,35,7,26,10,92,64,49,61,65,87,84,68,39,87,4,66,100,69,55,49,60,66,5,69,71,73,55,50,331,3,
P39
36,98,61,49,42,18,58,88,23,20,22,4,54,75,17,84,24,21,71,15,20,62,55,71,100,55,85,29,77,55,13,437,0,10,16,98,90,0,72,45,32,43,74,29,65,67,77,87,89,83,71,34,80,86,91,20,79,62,44,9,43,14,15,24,476,1,52,79,76,28,71,5,77,98,36,63,81,3,68,67,8,33,33,77,54,48,2,20,20,37,57,93,59,60,8,30,60,157,4,
P40
28,94,88,86,47,10,72,70,81,93,10,99,76,1,86,12,83,5,41,37,76,40,58,26,35,35,47,44,48,100,42,413,1,81,64,69,25,96,78,99,24,42,31,67,95,19,15,65,19,62,51,76,82,29,3,92,4,47,5,86,46,96,83,42,149,3,55,46,22,31,9,58,61,56,61,28,89,35,28,88,78,82,36,81,1,56,84,24,48,8,85,56,39,60,83,14,3,63,3,
P41
94,73,43,31,8,24,90,18,89,66,86,74,44,68,45,85,71,21,91,29,13,92,64,27,35,78,93,14,86,51,79,350,0,33,42,21,98,32,29,28,100,23,14,14,88,100,76,4,76,23,33,79,81,3,25,52,55,38,48,37,13,56,50,90,223,2,34,35,56,61,91,83,56,79,18,84,67,96,31,69,42,100,24,93,23,72,0,7,94,39,33,42,19,9,45,45,46,330,3,
P42
9,98,14,100,83,69,31,68,42,41,2,53,26,73,74,83,68,54,75,31,81,76,75,39,91,60,56,37,38,46,14,181,5,53,90,6,82,55,29,62,36,16,61,78,21,36,68,20,82,48,91,73,67,45,77,14,49,90,36,99,46,92,22,45,431,4,6,36,46,28,82,30,78,14,92,9,83,34,75,73,93,98,44,93,72,3,99,4,12,17,14,23,29,88,69,75,42,126,3,
P43
80,25,76,77,60,84,17,62,37,9,0,77,59,69,97,100,66,77,75,41,15,31,0,72,69,5,84,96,86,26,65,230,5,93,33,24,54,35,7,81,12,95,84,46,14,65,61,71,3,27,83,81,7,31,70,43,96,83,35,84,5,46,61,4,471,4,70,25,93,14,39,50,23,88,84,98,60,76,61,70,35,32,39,33,3,51,16,84,75,11,71,9,87,88,17,30,54,368,4,
P44
7,44,29,24,5,66,0,72,42,59,40,39,58,6,82,32,13,64,30,13,1,99,18,85,60,3,77,63,34,61,41,292,5,24,95,99,4,74,59,54,19,74,18,80,10,89,6,93,69,13,90,4,23,51,87,24,34,59,36,62,26,40,21,64,292,4,68,60,59,91,47,8,54,73,51,14,8,52,13,47,51,83,99,67,66,39,79,2,48,31,91,66,61,6,19,82,53,71,5,
P45
32,76,69,32,48,77,91,88,15,14,60,64,12,73,94,42,53,61,40,37,11,0,7,88,29,41,15,3,49,19,81,107,2,34,90,41,89,75,81,73,55,58,61,27,16,96,7,73,67,97,23,53,20,24,78,56,86,3,62,73,88,92,89,25,147,2,43,54,81,63,93,98,43,0,49,22,47,100,4,11,33,36,50,78,5,65,8,96,97,35,68,15,16,15,34,23,77,238,2,
P46
79,43,52,35,97,33,49,23,63,61,62,56,70,14,16,9,52,27,76,59,82,5,66,97,8,14,82,15,61,77,5,287,2,80,19,91,19,40,14,46,67,30,42,40,2,8,36,93,27,56,16,5,78,68,75,39,6,62,30,96,64,22,5,68,192,5,5,35,66,48,1,15,37,48,81,41,26,13,44,76,91,49,6,65,10,2,100,78,17,82,94,51,71,81,94,13,65,330,3,
P47
6,49,7,55,72,70,83,100,26,18,14,8,27,32,2,70,57,50,75,89,12,49,3,94,30,30,37,87,2,89,8,72,2,87,64,78,33,98,7,75,37,77,49,74,69,76,96,51,47,74,85,22,79,91,50,76,52,14,64,58,88,31,82,18,247,1,80,15,97,16,30,43,23,56,23,67,98,13,82,4,45,92,6,10,36,91,93,96,7,29,76,68,43,92,99,23,78,254,1,
P48
30,75,37,79,75,29,97,55,3,23,87,72,93,9,21,33,98,100,49,67,60,79,64,63,65,66,51,92,74,55,3,4,3,51,9,34,92,46,10,6,86,45,48,82,96,96,21,46,84,100,37,33,41,55,13,4,12,67,36,61,50,20,73,37,238,0,60,35,78,84,57,0,16,54,81,99,24,25,90,98,35,25,88,94,87,61,23,63,28,66,20,27,55,93,71,60,31,333,5,
P49
48,36,90,44,91,94,34,43,31,93,18,53,26,16,18,75,83,78,19,12,6,51,78,58,42,18,79,100,88,40,36,131,5,95,94,21,0,80,67,14,27,62,9,48,8,59,13,11,59,55,66,72,25,79,5,27,5,55,47,78,66,84,25,78,408,0,14,51,5,30,72,86,28,62,77,85,59,11,76,46,5,63,7,28,92,1,60,11,95,14,70,66,41,97,97,35,77,35,1,
P50
80,33,9,13,43,41,6,61,60,99,43,44,39,93,22,58,4,28,8,83,52,16,67,97,83,54,3,43,90,46,36,341,0,44,64,64,59,57,93,34,4,0,94,85,78,18,39,43,56,30,88,61,58,93,83,4,36,14,55,27,91,32,12,43,386,1,73,91,90,1,52,66,52,11,78,27,23,49,56,97,43,47,65,2,24,59,83,60,91,23,22,53,25,90,29,44,2,222,0,
P51
15,88,42,21,15,68,86,58,11,24,50,100,49,55,95,23,3,12,40,70,9,22,90,79,31,80,24,90,15,69,97,430,1,1,100,10,1,70,77,61,54,54,79,93,63,1,23,51,62,81,9,10,51,12,24,5,39,14,4,17,69,47,60,14,293,4,70,86,83,88,63,26,14,53,75,37,49,17,50,13,86,41,39,35,0,29,24,23,49,49,12,78,59,5,46,93,82,408,0,
P52
18,38,66,70,96,44,95,12,43,43,33,37,32,2,50,72,72,25,60,61,70,91,6,94,47,88,28,37,85,51,69,444,1,82,28,73,43,49,26,88,41,55,89,30,5,17,77,82,27,95,60,52,100,99,32,70,83,0,83,42,53,63,67,45,421,5,69,7,64,50,60,5,87,76,89,36,55,41,77,94,76,44,90,66,67,38,82,45,82,40,16,28,33,72,76,78,45,167,1,
P53
38,17,11,99,29,55,7,28,58,40,30,74,78,1,65,38,28,34,28,1,94,75,89,89,79,39,5,81,74,61,12,453,4,54,9,80,41,17,35,30,13,6,13,57,54,40,51,13,58,16,79,91,87,61,57,35,2,10,99,35,92,43,96,63,81,4,61,78,10,47,19,100,49,74,40,93,34,82,36,23,47,69,27,95,80,8,35,96,2,34,67,79,78,42,23,95,84,125,4,
P54
77,73,47,85,0,4,24,30,45,68,98,76,5,25,10,0,93,70,75,48,58,19,87,64,66,61,91,81,39,68,15,390,2,3,89,26,100,1,100,12,24,53,19,75,67,77,58,45,33,44,72,91,79,74,67,43,75,24,52,70,3,14,41,18,446,3,97,91,57,11,31,63,3,65,10,5,54,24,40,81,18,19,89,53,82,92,53,48,70,30,91,59,25,38,8,63,4,357,1,
P55
100,40,23,90,70,34,24,67,10,29,58,87,29,17,56,71,65,81,56,17,44,22,44,34,2,83,68,75,65,7,30,374,0,84,64,87,63,88,40,82,29,73,58,87,84,58,97,55,14,41,95,47,85,69,71,36,4,41,51,12,36,35,7,18,445,5,15,51,82,86,15,93,57,69,16,98,49,0,16,3,20,98,95,73,12,30,3,69,89,95,73,97,57,68,67,77,83,370,1,
P56
87,49,17,10,82,27,39,5,13,35,22,69,5,87,15,27,71,59,49,14,59,17,64,93,92,95,66,85,24,79,77,228,2,81,25,16,28,54,89,53,6,72,10,2,93,24,43,87,71,27,55,41,30,25,82,81,37,84,82,11,74,100,48,47,255,2,34,8,94,91,43,76,88,58,42,71,28,62,34,22,35,46,53,4,81,7,65,53,71,21,21,37,65,74,86,58,19,224,1,
P57
87,75,11,93,81,91,94,69,25,65,22,41,92,93,66,41,73,25,58,2,84,16,97,50,0,88,95,68,64,89,17,423,4,75,59,20,27,65,58,37,67,50,27,77,36,64,70,57,5,100,82,53,46,19,3,27,97,77,27,44,26,40,84,14,206,3,77,42,9,30,67,52,0,95,80,1,83,81,47,35,51,95,9,15,47,80,3,34,16,34,75,2,92,49,88,91,64,231,2,
P58
76,76,86,69,45,11,33,67,52,91,25,17,31,98,8,56,67,59,72,63,8,72,16,69,6,81,57,91,64,53,5,267,1,8,7,35,11,40,51,39,83,53,69,53,9,40,52,57,94,99,76,97,25,72,39,18,83,65,58,66,22,39,74,13,466,4,95,66,43,61,60,23,62,42,3,76,44,55,70,19,36,16,99,39,17,81,73,92,49,31,6,37,88,56,67,87,27,434,4,
P59
74,39,15,73,72,67,29,97,51,61,61,25,83,27,84,54,56,58,92,73,27,64,19,50,55,83,2,7,88,98,27,242,0,24,54,17,29,36,70,65,89,79,4,41,35,98,5,78,60,97,15,99,15,98,29,39,29,17,44,70,83,57,16,48,163,4,89,78,13,16,87,84,58,97,4,27,15,40,10,13,46,94,94,85,85,9,15,91,46,3,13,79,56,61,6,8,61,113,2,
P60
66,8,60,95,71,10,21,31,2,70,24,86,23,81,10,82,53,37,45,38,87,66,20,90,39,74,53,51,67,89,99,97,3,43,6,35,7,61,80,12,68,82,76,73,25,36,70,40,0,51,4,97,90,100,13,0,69,97,57,86,45,71,21,81,336,1,43,38,14,1,34,18,95,49,58,71,28,70,64,89,55,48,98,36,5,9,39,85,88,96,45,94,70,96,20,21,64,170,1,
P1
48,98,32,80,17,97,37,27,87,22,73,70,5,55,67,14,25,66,8,61,74,14,6,18,97,11,67,27,17,77,65,180,4,47,33,50,45,38,27,29,22,93,46,25,50,36,54,70,51,45,44,67,88,39,47,83,87,68,82,71,20,85,47,98,298,2,81,47,15,29,62,29,76,34,23,2,18,98,34,27,39,8,83,73,32,77,48,66,9,38,38,57,27,60,76,52,57,299,3,
P2
44,58,5,82,51,58,70,24,94,76,45,61,56,36,93,65,97,66,45,69,51,41,80,17,68,97,61,45,62,1,72,162,0,43,84,18,72,6,77,17,98,93,20,17,62,71,62,73,3,50,11,50,99,64,18,80,35,4,30,48,46,28,94,71,434,4,52,26,98,27,61,20,96,45,17,97,38,23,71,21,62,2,64,9,68,39,13,72,96,40,32,38,92,85,95,56,46,66,2,
P3
19,9,17,90,100,10,65,44,71,87,81,29,17,43,62,62,12,12,69,92,96,3,55,56,14,83,57,35,54,82,40,437,5,8,50,64,92,13,56,11,30,85,48,92,23,52,7,34,68,72,64,52,17,65,57,48,12,2,42,6,6,79,50,87,151,4,39,76,2,0,20,86,97,59,8,67,46,70,35,9,79,3,48,58,75,10,99,73,48,56,23,8,79,42,20,27,25,227,2,
P4
29,57,21,60,1,59,46,48,88,64,91,15,25,69,94,61,27,90,64,82,11,78,64,35,80,17,16,74,23,74,52,29,5,78,79,13,56,75,98,70,32,20,88,40,20,56,78,51,7,96,15,30,9,28,33,51,34,5,96,50,32,82,15,25,212,4,25,89,11,89,47,19,21,93,56,57,68,0,26,16,59,0,93,23,40,40,45,63,14,23,4,34,16,28,59,85,50,462,3,
P5
11,99,30,24,12,85,88,2,100,79,38,94,39,65,49,69,46,26,13,9,61,93,93,44,66,16,84,50,34,81,12,257,5,47,0,33,17,32,20,4,72,6,60,16,57,34,11,73,30,20,0,63,37,0,34,32,16,67,80,98,22,4,23,18,478,3,38,87,50,60,46,72,16,13,72,42,96,97,8,88,19,14,94,65,44,7,54,14,7,37,42,66,88,62,16,27,20,92,5,
P6
36,57,2,23,26,1,68,64,61,74,28,9,42,74,36,55,49,63,13,7,6,79,90,57,95,24,37,83,36,83,72,388,3,35,55,11,5,94,84,32,9,41,66,20,13,96,6,80,25,43,46,59,75,62,92,54,59,81,24,82,38,42,4,43,263,4,80,26,79,62,39,17,70,35,13,45,22,100,59,16,64,69,90,84,84,98,20,92,29,8,19,11,35,11,99,15,78,104,5,
P7
61,31,70,28,95,98,68,22,6,10,62,8,31,77,72,45,85,44,90,74,67,51,64,71,33,100,19,100,71,24,98,393,5,49,18,91,81,94,98,12,13,10,74,86,56,65,28,1,91,2,63,82,22,88,28,13,69,67,55,39,62,65,64,80,224,0,6,81,47,76,82,60,87,70,25,46,52,55,81,42,39,64,5,25,56,0,33,41,79,35,52,77,16,37,54,58,26,384,1,
P8
93,50,34,60,39,7,36,67,82,34,44,19,45,28,30,34,68,97,51,32,67,84,31,86,83,69,10,50,32,32,24,244,1,26,42,89,4,22,65,78,7,20,9,36,21,100,4,50,47,94,37,42,6,5,8,27,10,36,92,74,37,37,89,63,40,2,2,52,39,55,21,31,0,74,86,48,15,91,11,87,16,33,87,15,75,65,16,93,41,33,96,62,57,62,88,27,56,274,4,
P9
51,87,27,53,54,9,87,98,28,31,92,24,32,25,21,83,57,88,33,55,40,82,90,50,32,88,82,52,12,29,29,434,5,33,53,13,78,60,33,87,62,20,52,67,70,99,26,6,40,32,11,14,59,88,17,17,62,20,20,16,15,84,47,16,27,3,11,100,78,78,73,63,92,54,54,3,40,36,2,94,51,43,24,68,36,66,67,31,94,23,60,47,50,67,70,28,47,181,2,
P10
82,36,8,69,33,2,66,91,27,64,15,48,47,39,1,46,94,41,27,49,57,25,36,4,77,14,0,49,43,83,25,45,5,94,26,10,46,88,31,98,20,0,63,46,74,69,78,85,50,3,39,33,20,67,53,40,83,34,90,30,99,73,96,32,270,2,91,33,20,83,87,40,52,94,76,54,53,93,98,77,26,100,8,93,97,68,15,22,15,65,90,51,59,69,98,19,88,41,3,
P11
60,17,58,25,7,51,90,22,99,2,61,67,48,20,74,41,35,98,67,72,68,9,86,68,58,96,16,5,20,34,80,392,4,79,9,83,42,96,50,4,42,23,40,19,74,90,89,12,22,75,79,41,82,62,76,71,58,74,9,53,15,8,75,53,87,5,70,4,18,21,64,60,42,83,52,5,60,79,4,34,71,67,2,53,90,84,84,79,34,43,13,31,28,39,85,80,21,381,1,
P12
71,24,36,26,13,1,28,40,68,42,61,7,84,96,4,16,33,39,25,19,6,50,14,90,55,0,23,16,46,41,16,111,1,95,45,66,66,87,55,5,73,95,61,61,7,49,2,52,90,84,80,31,20,37,4,30,57,19,38,98,53,91,47,51,63,0,8,81,28,16,63,47,21,89,25,92,23,62,59,92,14,48,75,99,93,8,7,5,5,35,11,56,81,62,77,97,52,44,3,
P13
43,44,4,37,85,38,46,11,12,96,73,83,11,6,21,2,92,95,52,72,84,7,38,6,90,84,13,57,66,45,75,492,5,83,11,55,54,50,49,14,77,22,63,79,41,19,62,87,50,83,91,21,79,47,6,16,44,59,73,57,27,90,81,73,168,4,68,40,38,90,28,29,47,17,58,5,8,72,19,49,36,78,23,43,50,28,44,61,51,91,89,94,88,52,45,30,80,411,1,
P14
12,39,1,58,16,13,53,90,97,30,62,84,99,53,78,51,91,61,24,28,34,80,78,47,2,43,58,28,18,13,97,235,1,26,41,64,7,18,52,36,97,93,55,25,46,72,7,36,93,86,83,99,68,93,58,6,15,51,96,96,45,34,88,27,377,2,35,65,78,82,48,35,88,57,73,73,5,9,51,29,18,0,23,63,27,40,19,15,34,6,68,45,37,78,24,73,59,320,5,
P15
20,35,73,39,91,35,69,52,19,67,71,97,84,27,58,7,55,58,53,99,71,55,41,29,50,25,8,41,21,26,41,341,1,34,79,75,70,42,33,92,67,79,63,40,14,55,25,63,19,59,55,43,31,36,95,93,32,39,27,86,98,54,80,54,253,3,41,52,3,95,75,43,67,46,52,84,41,70,50,31,99,77,71,85,59,71,91,93,16,94,70,6,33,95,66,36,73,168,0,
P16
80,84,8,14,1,94,48,38,91,98,65,14,72,86,72,24,84,42,80,25,37,29,16,45,36,38,38,37,45,31,92,120,3,90,0,27,81,33,6,9,73,20,30,64,84,50,22,4,93,53,41,87,45,39,92,38,24,90,58,3,76,78,28,68,195,5,33,28,76,100,75,94,50,15,30,100,46,95,77,84,79,35,54,36,27,70,29,97,77,28,57,8,31,87,47,85,80,269,0,
P17
5,16,45,19,21,35,17,86,15,89,38,87,12,21,95,58,12,32,87,29,43,90,33,81,26,78,79,69,69,94,41,84,3,14,27,69,24,100,56,54,63,5,3,51,76,63,3,16,15,15,21,7,19,45,63,78,15,38,55,43,74,89,38,3,209,5,45,20,22,95,1,18,95,14,12,37,98,92,72,51,27,65,88,22,27,30,17,50,4,48,37,51,99,90,97,78,41,245,3,
P18
60,63,99,43,49,80,31,87,66,10,74,27,68,53,59,21,82,68,10,14,15,2,58,94,71,27,53,90,68,95,94,159,4,27,31,27,81,60,32,51,11,74,13,81,57,28,62,78,35,82,23,64,25,38,1,46,47,41,35,51,78,38,83,65,480,0,2,66,23,63,80,36,100,77,94,37,94,87,1,81,75,28,77,92,78,81,5,81,98,4,70,94,48,54,1,12,3,434,1,
P19
37,73,65,68,59,97,78,99,23,12,51,48,33,99,16,9,79,31,11,37,24,48,64,77,3,98,71,23,91,95,27,151,4,11,39,74,62,16,13,75,64,70,3,25,48,4,73,71,69,64,75,36,10,21,78,45,73,55,83,55,70,13,0,24,46,4,32,23,51,31,100,44,68,59,97,35,6,71,63,83,29,6,64,0,54,61,4,90,21,19,43,22,98,69,92,75,23,420,4,
P20
62,92,35,5,91,59,17,41,6,16,6,22,92,85,53,69,21,43,16,51,86,87,14,23,76,72,17,50,99,85,26,244,1,53,22,64,27,86,34,97,77,82,1,16,52,36,80,26,72,90,13,15,34,86,36,83,6,5,62,6,16,53,79,5,106,5,20,63,44,88,21,6,22,27,43,51,77,72,23,6,39,77,33,9,67,54,28,76,42,25,10,100,66,94,22,29,8,3,0,
P21
99,32,49,82,40,21,99,46,44,56,30,63,25,18,73,7,35,58,94,50,81,70,21,99,86,86,49,75,79,91,77,150,0,99,52,31,62,95,12,63,10,30,65,91,22,2,46,35,18,47,21,20,96,94,26,58,67,8,77,45,42,48,11,12,7,3,96,80,9,84,73,53,0,49,91,24,55,29,67,55,39,33,8,67,9,17,59,86,16,24,80,39,54,73,47,11,9,368,3,
P22
58,63,0,22,75,10,79,71,40,70,55,12,77,91,36,71,6,17,6,94,82,92,45,30,32,23,87,63,66,9,91,308,0,74,57,14,2,34,44,67,91,66,70,36,67,54,83,54,74,79,48,66,2,14,75,79,25,83,26,36,88,38,99,79,127,4,59,30,4,26,79,96,50,0,24,16,55,29,16,29,97,92,46,21,77,63,11,22,68,31,96,81,43,38,56,100,82,361,2,
P23
12,12,86,57,50,92,26,4,70,3,95,6,40,67,23,46,60,71,3,5,0,2,95,53,65,61,63,40,51,67,29,280,5,81,21,47,48,11,79,84,48,45,3,30,66,77,75,13,43,77,94,84,55,85,32,47,20,86,52,85,75,30,72,10,44,1,7,75,56,23,75,46,39,96,76,21,24,38,12,37,59,90,100,70,11,33,1,73,80,10,77,2,9,33,84,5,91,166,1,
P24
53,96,59,79,100,28,48,61,0,88,27,23,100,54,94,3,25,60,5,19,13,36,46,42,76,63,75,91,93,20,45,264,5,24,71,69,7,18,80,10,15,45,54,90,24,63,67,84,12,88,68,44,35,88,29,53,38,70,83,10,47,93,70,17,124,0,13,54,27,18,15,2,6,39,6,18,42,65,74,7,1,52,40,69,91,87,79,68,89,54,67,72,59,26,28,4,7,151,1,
P25
90,82,77,4,42,78,92,35,0,58,89,61,27,13,87,99,100,66,34,45,74,77,8,49,67,67,69,91,78,51,67,441,4,91,59,51,68,40,63,21,96,87,84,62,37,96,16,4,5,17,59,0,70,97,70,52,6,16,10,76,19,27,16,85,94,5,92,39,3,98,45,9,16,87,75,56,95,42,7,0,10,99,87,55,32,75,75,65,12,34,91,40,38,98,47,63,39,11,5,
P26
71,6,94,29,41,60,87,97,87,80,76,74,78,75,39,11,20,80,88,95,28,21,61,63,78,38,80,17,71,78,8,448,1,52,47,70,73,42,23,22,4,60,17,87,64,22,3,22,89,73,19,58,91,92,40,0,34,59,95,16,49,79,57,30,401,5,36,12,10,18,100,51,75,94,93,48,94,69,12,81,90,44,21,64,8,34,98,65,74,2,28,88,31,26,93,32,95,23,5,
P27
3,58,52,90,54,39,35,29,79,12,4,84,90,91,63,44,51,91,65,78,20,8,15,100,92,52,44,91,60,60,63,157,5,69,45,49,91,15,75,74,1,38,62,71,61,50,9,46,7,100,3,13,0,37,72,95,53,87,73,76,8,69,79,3,167,4,13,10,87,54,3,45,1,63,80,81,9,69,24,98,33,100,31,97,30,71,99,59,58,29,85,16,28,77,11,39,24,253,3,
P28
18,71,6,53,67,85,31,37,34,21,94,98,65,44,54,96,21,40,3,2,40,96,54,50,86,81,9,35,9,94,95,224,3,94,72,90,33,40,28,95,10,55,44,20,67,17,19,70,30,19,7,68,80,26,54,18,2,62,53,47,29,56,37,15,483,2,44,18,78,11,47,57,92,57,26,83,54,59,48,51,55,78,88,20,2,12,15,87,28,43,64,39,48,43,29,63,73,239,5,
P29
47,97,59,45,33,93,66,93,56,30,36,77,25,57,16,95,25,22,56,46,38,8,26,14,43,1,7,45,96,37,9,483,2,48,49,28,42,25,49,52,45,15,69,31,51,65,50,24,32,97,51,86,14,19,14,68,66,43,90,3,53,5,79,19,489,1,51,95,9,42,17,35,91,37,60,38,54,81,16,41,0,18,53,16,72,82,25,1,20,40,44,16,2,18,55,16,5,395,1,
P30
54,33,36,19,26,59,15,28,1,6,52,17,67,77,6,23,89,10,31,14,24,40,83,98,51,78,35,70,87,35,6,15,3,28,18,29,80,64,10,15,95,28,80,10,52,79,6,69,64,88,88,44,21,54,53,10,23,6,82,1,59,1,61,29,207,0,14,94,81,4,97,40,43,50,20,25,57,88,9,10,70,47,92,95,48,78,0,58,60,70,43,15,86,13,20,62,34,73,2,
P31
92,26,40,6,21,41,79,73,25,12,15,98,35,4,7,32,85,32,38,67,29,89,11,30,24,98,31,3,4,32,96,30,5,75,8,12,56,2,40,2,80,92,81,52,61,10,39,14,55,26,68,7,37,57,80,18,24,39,86,85,45,81,64,22,349,0,39,84,45,48,100,31,39,56,18,48,66,88,96,23,49,9,68,49,68,27,18,10,42,3,90,29,31,14,29,18,34,334,5,
P32
69,45,32,13,84,57,25,100,54,26,70,28,58,20,60,96,88,55,50,99,86,40,62,83,43,32,14,28,28,39,63,431,3,78,41,31,80,20,90,26,38,16,37,44,30,92,70,65,65,6,21,45,92,46,50,43,30,95,24,60,40,12,32,90,344,1,82,0,61,20,57,80,35,89,33,97,12,82,5,80,31,39,73,15,49,82,86,4,10,16,85,39,35,3,74,2,21,489,3,
P33
76,68,75,1,33,28,27,69,22,52,89,82,13,42,3,64,6,55,70,69,37,13,0,52,7,95,57,93,23,6,100,41,1,36,59,85,62,63,0,65,6,31,22,77,62,88,49,83,99,6,95,48,50,25,8,40,51,48,52,49,46,7,88,9,54,5,8,60,40,43,48,73,39,26,21,10,72,18,50,45,33,65,26,18,70,2,1,54,41,2,24,81,4,23,2,7,10,222,1,
P34
67,73,12,60,7,34,11,97,83,25,38,86,55,45,6,91,80,43,3,46,61,77,7,17,69,30,91,79,96,30,62,229,3,38,76,94,2,82,91,25,24,52,79,40,0,77,46,96,91,62,20,99,68,37,12,19,87,59,94,74,67,2,87,40,381,3,19,48,63,24,40,84,34,12,1,84,23,0,15,15,19,51,17,87,71,24,89,95,5,59,18,74,67,1,50,66,69,72,4,
P35
22,77,41,100,73,90,91,78,75,45,89,47,36,68,90,5,80,51,49,87,34,84,17,24,62,12,55,91,41,91,63,348,1,9,76,8,0,67,26,79,6,27,55,18,22,11,81,8,9,14,45,21,0,31,46,94,72,12,62,24,38,69,52,78,499,5,93,20,3,26,32,71,77,55,71,58,36,56,8,53,42,79,43,97,74,14,56,58,88,89,25,3,54,16,72,34,30,212,2,
P36
28,6,26,19,84,67,64,72,13,66,5,3,38,85,20,87,38,20,36,21,11,99,100,32,55,40,22,85,69,89,98,337,4,78,94,57,22,66,84,77,85,72,88,31,80,63,45,92,50,11,22,97,4,60,8,33,84,12,1,1,69,45,29,89,203,4,23,52,76,100,73,47,57,8,69,31,27,78,9,36,74,49,51,96,73,4,84,99,8,4,81,46,4,17,77,24,100,467,0,
P37
16,78,82,46,15,95,12,20,98,16,72,84,69,9,4,4,97,15,69,96,47,23,36,69,75,71,23,63,68,18,84,63,4,10,21,6,53,5,44,6,2,24,69,13,15,18,25,3,81,96,30,56,28,13,68,96,15,36,6,10,1,95,65,71,377,3,65,14,11,21,89,46,52,15,23,27,51,64,77,68,59,49,73,9,13,47,13,95,93,84,78,69,7,100,68,49,32,32,2,
P38
30,44,19,8,64,16,91,1,67,59,77,71,63,73,52,32,69,65,55,71,100,96,41,22,58,9,6,1,59,69,55,161,2,23,57,40,96,25,64,30,39,45,15,30,15,96,92,45,51,20,24,19,82,5,21,89,15,23,49,47,47,20,32,9,119,2,19,17,88,37,99,77,65,49,40,41,84,100,56,56,8,70,2,88,64,95,71,41,30,44,6,98,93,37,30,21,15,112,3,
P39
29,42,61,19,10,94,78,87,64,41,26,82,39,95,46,60,31,11,56,72,33,80,47,40,81,6,75,6,27,53,57,23,0,5,47,13,1,52,24,16,82,5,12,40,50,29,26,41,14,7,46,36,62,28,59,11,75,72,31,73,14,6,95,78,339,3,53,2,75,17,17,14,24,0,80,46,56,88,15,24,41,45,86,11,52,15,21,59,79,80,62,75,67,72,91,71,43,432,4,
P40
76,71,3,20,24,33,27,50,81,66,10,93,92,7,3,47,79,3,27,93,9,7,65,84,13,92,2,64,48,63,91,313,1,80,94,0,96,42,5,74,82,22,3,7,29,17,14,75,53,43,2,78,54,43,49,51,16,29,57,10,93,1,18,81,303,0,26,91,91,50,91,71,96,13,58,78,3,66,22,89,43,75,70,65,100,49,44,27,23,11,65,13,48,0,22,21,48,306,3,
P41
10,91,9,3,6,57,35,83,49,26,90,19,74,34,22,67,26,31,40,91,81,20,49,83,50,97,11,56,53,78,29,145,2,76,20,6,16,1,95,19,75,23,2,55,64,22,98,33,100,51,76,15,68,58,44,25,35,36,93,53,71,73,65,14,303,3,64,34,72,26,13,96,3,17,61,92,72,4,66,42,35,31,57,79,58,46,56,90,60,71,90,48,58,0,97,35,26,8,4,
P42
32,40,99,67,22,47,94,78,32,33,12,54,66,4,85,5,62,65,92,10,47,41,73,25,98,26,2,29,21,37,54,191,4,30,52,71,15,26,60,18,82,24,40,79,23,5,97,99,20,64,23,31,55,58,33,47,10,3,19,42,75,0,93,30,479,3,52,49,67,21,32,28,13,3,99,45,11,33,43,34,78,67,81,0,56,6,71,46,54,95,12,50,96,80,43,30,95,431,1,
P43
87,66,49,46,43,81,45,21,35,10,26,19,83,54,51,74,64,64,82,2,89,45,95,58,74,16,95,11,36,37,89,372,2,46,37,48,30,85,38,70,30,61,75,26,26,62,56,49,59,11,73,92,58,83,62,44,91,2,44,84,19,40,95,52,312,1,83,77,11,96,47,9,6,24,8,49,59,53,83,39,19,38,45,56,84,99,50,96,15,45,41,58,41,92,18,87,0,332,2,
P44
35,46,76,80,33,77,57,25,62,39,79,12,79,8,77,26,78,31,71,72,89,11,54,49,89,56,87,34,45,55,46,231,2,82,83,60,51,12,88,93,4,13,20,60,28,79,37,67,36,62,49,98,5,6,100,15,90,19,21,50,93,74,47,55,224,4,62,76,63,35,0,71,50,59,90,32,64,8,71,75,64,20,73,13,83,54,24,23,78,66,82,63,52,57,29,81,92,444,0,
P45
25,0,13,48,25,75,53,71,88,99,45,30,24,22,27,62,95,83,73,14,98,61,71,84,61,82,39,56,27,72,18,403,3,73,74,95,65,78,74,51,38,68,29,75,34,65,36,83,63,7,89,28,89,44,13,10,60,6,84,74,87,4,69,77,375,3,93,23,43,42,82,99,41,11,7,11,86,71,98,24,51,80,45,75,3,22,40,51,85,92,74,81,39,83,38,96,30,393,4,
P46
67,64,47,19,34,0,17,79,97,8,1,90,70,62,72,8,42,70,69,12,19,96,60,24,18,87,97,77,5,68,38,172,2,7,20,61,58,24,28,87,66,62,18,68,11,47,42,66,75,30,77,89,6,36,61,56,9,47,61,45,41,37,88,45,218,3,38,66,62,79,43,69,90,28,6,54,18,23,33,63,98,2,86,4,53,36,62,26,16,0,76,54,62,30,50,46,89,465,2,
P47
57,31,28,41,77,24,49,44,80,18,72,52,26,13,88,61,93,73,56,52,98,74,5,60,17,10,94,66,48,92,71,161,0,69,65,84,56,30,12,74,64,23,20,72,55,61,2,31,15,75,34,76,31,9,23,92,54,30,95,41,24,5,82,75,408,4,67,20,91,23,48,63,77,33,86,76,96,49,79,81,19,98,84,82,91,66,82,66,87,10,96,36,56,89,24,34,58,169,4,
P48
78,65,45,26,8,91,10,80,42,36,60,96,63,52,69,86,70,32,25,75,92,42,51,85,74,65,42,0,36,31,13,120,4,97,42,8,36,72,98,22,44,52,83,12,50,99,87,84,40,17,93,29,75,47,25,36,54,50,41,1,96,82,47,78,246,1,47,69,28,90,1,80,65,63,96,43,44,14,41,94,96,31,25,44,97,11,54,58,48,76,46,38,9,21,62,30,8,406,0,
P49
6,71,23,16,16,31,19,76,94,82,94,28,33,64,60,59,38,17,67,90,68,41,54,10,7,56,41,96,70,2,42,437,5,13,27,97,35,71,15,85,83,65,49,69,14,89,53,73,85,27,86,9,63,40,59,71,41,55,52,55,46,97,9,9,138,4,64,32,28,29,95,23,72,4,3,12,98,66,9,90,9,5,0,29,29,14,71,75,19,47,63,81,77,16,56,7,19,157,3,
P50
58,56,14,77,98,74,25,58,1,58,21,27,83,25,44,16,14,78,23,35,88,30,91,95,25,26,64,19,68,2,26,146,3,11,73,90,96,55,20,44,91,34,99,43,7,83,36,59,59,100,65,17,36,73,38,54,27,51,50,2,63,26,5,3,384,0,48,33,81,87,4,51,65,68,16,75,57,92,46,58,87,76,38,57,16,57,3,45,4,46,61,60,53,92,45,58,60,321,4,
P51
69,89,55,94,46,56,18,67,83,67,92,93,49,73,37,72,7,24,2,64,86,94,91,15,79,58,17,81,50,8,86,377,4,99,33,47,8,23,48,73,32,21,22,68,80,81,33,45,64,69,84,2,90,10,19,39,79,82,31,84,85,34,62,99,372,2,46,62,47,77,29,63,51,87,20,64,10,6,39,48,29,21,5,100,67,9,45,94,35,65,85,46,22,34,5,46,17,231,2,
P52
79,8,39,63,41,89,97,99,47,45,71,84,84,44,75,86,8,60,45,99,75,24,22,58,4,39,66,32,24,28,69,58,1,73,50,39,12,82,60,34,49,5,81,83,16,44,17,100,46,6,76,31,12,55,12,43,38,98,44,100,75,42,26,82,192,4,95,37,72,11,90,92,75,100,64,80,47,93,1,18,92,34,27,3,27,28,34,79,75,22,79,46,69,75,30,76,24,266,0,
P53
99,77,9,95,76,56,5,12,40,89,57,81,40,31,6,86,96,47,9,17,4,80,22,37,78,12,31,94,82,34,46,433,0,94,57,97,27,6,2,74,55,85,17,72,85,30,79,26,61,91,81,74,100,19,37,43,85,78,52,11,10,33,87,26,427,5,35,68,46,77,33,76,56,81,34,23,65,93,57,59,96,51,87,29,29,27,17,74,74,86,48,70,28,31,94,6,95,338,5,
P54
6,18,45,11,31,51,67,54,31,73,85,37,58,80,84,33,63,55,79,86,58,57,98,89,50,45,22,30,91,66,97,490,4,19,16,12,93,71,97,9,42,47,5,87,74,67,43,54,6,43,39,9,86,24,53,37,1,63,36,54,10,62,64,47,344,1,71,74,73,94,20,6,16,86,99,40,44,60,91,97,55,86,24,73,25,64,58,73,33,86,70,93,59,55,87,100,24,415,1,
P55
75,14,15,7,68,12,80,18,50,38,98,100,37,27,20,16,12,78,73,76,33,89,21,21,18,78,87,37,41,71,15,496,3,39,16,28,15,25,76,20,78,49,53,21,69,59,64,8,68,15,99,21,19,66,50,55,19,26,17,50,46,30,96,36,190,2,84,60,63,66,45,28,5,89,88,62,85,9,13,75,82,38,38,5,10,71,58,46,63,83,0,16,82,85,6,20,90,344,5,
P56
22,86,95,1,3,10,5,68,76,9,95,97,25,73,40,98,48,73,52,35,95,70,80,47,6,20,17,73,1,35,23,180,0,51,3,14,37,47,29,91,68,98,49,98,72,84,13,70,71,99,1,87,53,88,13,36,37,25,67,32,70,2,77,19,109,0,55,91,99,27,79,86,89,30,61,2,71,8,40,9,81,17,46,4,63,76,87,30,58,34,14,64,54,56,19,0,74,422,4,
P57
91,90,58,63,57,33,72,17,96,63,90,36,60,4,75,78,5,35,47,85,49,19,4,66,58,72,67,79,95,87,52,60,5,56,94,17,12,27,81,28,25,53,78,4,89,48,2,91,34,55,78,13,58,81,5,24,79,41,93,56,15,11,1,33,307,2,67,36,76,56,32,37,24,2,45,30,11,25,47,24,29,77,66,82,6,23,15,87,87,36,42,72,36,68,45,26,79,92,4,
P58
81,100,17,52,17,79,14,73,81,40,77,56,17,83,57,30,33,5,49,4,38,6,76,4,52,37,58,78,89,34,35,400,4,46,22,67,40,13,19,17,17,75,65,86,65,65,40,8,79,98,55,50,88,33,91,80,89,5,57,91,8,91,51,2,405,2,34,60,37,24,63,82,54,40,74,1,30,69,78,96,17,50,18,32,36,71,68,79,42,3,12,54,97,71,32,91,32,310,5,
P59
87,16,57,67,90,38,73,32,60,90,81,83,86,14,89,34,18,26,6,60,97,58,97,54,36,51,54,98,86,54,38,119,3,42,52,47,59,69,88,90,20,18,54,61,26,99,24,81,14,79,80,4,24,69,76,82,25,50,38,76,10,40,15,48,337,1,56,80,55,9,86,95,77,16,30,54,78,47,3,97,45,6,33,13,51,76,83,63,96,45,100,27,36,36,25,53,81,227,1,
P60
4,25,69,77,58,28,32,38,11,17,18,66,17,2,58,91,63,54,48,25,75,50,43,28,13,95,48,21,33,85,3,16,1,73,69,38,62,89,56,82,15,48,47,6,28,61,85,74,32,8,42,7,90,67,58,27,9,68,33,91,72,81,23,53,125,5,90,50,25,67,32,55,87,10,68,57,73,13,63,5,93,13,47,41,42,42,53,8,35,89,44,60,7,54,40,72,97,318,1,
P1
86,68,31,69,46,23,8,81,41,37,6,58,45,30,87,40,77,92,5,13,4,62,18,28,90,74,8,53,17,23,3,202,1,87,83,98,58,82,77,11,76,22,33,75,67,88,30,26,33,96,24,99,2,96,47,76,72,10,22,86,15,92,46,44,329,1,40,33,44,27,43,76,58,49,68,7,96,87,36,49,95,68,47,99,5,22,78,85,62,82,37,75,60,91,69,15,75,387,3,
P2
38,2,87,47,49,27,50,22,51,96,52,3,1,28,62,73,7,66,0,93,60,91,66,34,9,84,23,76,53,80,91,210,4,68,77,76,79,53,98,78,94,31,65,23,57,64,85,47,63,53,43,76,29,14,52,51,66,67,8,78,2,18,73,86,311,1,69,57,94,26,72,62,33,34,14,36,49,9,3,96,7,9,85,52,60,12,100,63,88,59,20,56,41,28,98,55,66,214,2,
P3
3,98,17,54,86,34,15,37,4,83,31,32,55,5,98,21,98,23,11,29,23,88,79,46,63,31,25,67,22,40,25,66,5,65,69,40,42,62,71,74,51,94,37,2,40,66,55,83,8,50,63,60,68,28,94,42,73,96,61,45,96,46,61,77,408,4,58,50,68,91,84,82,93,33,57,97,95,31,72,79,49,98,92,48,60,79,73,46,0,13,74,64,69,20,96,47,53,455,0,
P4
45,90,42,60,27,12,42,24,44,63,96,7,85,93,97,62,89,19,49,67,65,78,99,56,11,20,97,35,11,0,57,423,0,86,23,14,59,75,7,62,43,47,28,98,97,36,48,25,62,82,20,55,23,93,50,84,37,12,30,65,16,73,60,58,65,4,10,13,41,2,12,65,65,73,96,2,52,44,100,9,58,26,54,30,72,20,10,12,85,79,99,80,92,24,33,20,9,324,1,
P5
16,83,62,25,74,5,54,69,79,4,28,75,33,16,94,48,83,24,93,81,81,3,67,43,4,79,9,46,35,65,17,463,0,16,24,47,79,67,60,73,30,22,75,44,48,36,25,34,58,49,26,74,99,29,86,28,60,68,1,20,27,25,70,8,106,1,11,11,55,77,85,16,79,36,60,45,11,17,71,65,14,8,85,24,20,35,69,18,15,26,8,14,46,58,23,46,0,449,1,
P6
8,88,64,29,22,42,33,50,17,32,66,77,81,49,1,39,96,48,42,63,57,12,41,66,58,42,97,88,59,10,68,311,5,53,93,40,25,22,28,66,67,76,1,58,76,25,6,1,100,5,31,51,100,91,19,67,77,12,93,12,80,0,72,53,167,4,43,41,87,89,43,12,33,20,97,70,85,10,78,36,0,99,37,69,83,18,95,92,32,6,49,21,52,64,89,9,31,499,4,
P7
97,87,17,96,36,0,28,69,78,75,17,45,13,12,93,21,75,15,33,82,47,91,23,43,45,83,20,57,16,84,79,336,3,44,53,94,9,86,35,77,43,11,2,16,12,68,88,9,18,87,67,3,20,9,16,79,89,96,45,26,20,64,57,7,103,4,86,26,65,18,46,27,88,98,3,32,100,3,30,36,38,79,21,32,70,19,5,86,7,57,15,96,32,15,93,15,79,459,2,
P8
40,73,16,68,41,60,8,24,4,88,2,63,75,78,78,74,25,24,31,49,33,42,98,53,99,80,37,97,58,73,98,487,3,83,95,80,25,3,91,27,19,70,61,6,45,80,60,78,83,80,88,65,24,76,60,69,68,47,32,24,32,5,33,88,138,5,97,53,26,51,16,30,83,15,100,79,18,38,57,39,36,94,24,41,79,31,99,94,26,97,76,19,11,9,64,18,26,359,5,
P9
32,18,53,6,42,23,95,11,86,35,55,63,9,80,53,40,95,87,48,58,5,46,37,8,8,61,82,86,59,59,57,182,1,12,98,13,6,83,49,67,56,94,12,15,72,62,61,25,26,85,67,53,53,34,100,51,59,31,22,58,74,76,52,54,243,4,77,88,31,25,70,30,3,54,34,27,59,71,20,83,78,99,14,42,58,40,39,33,25,16,43,55,35,17,82,6,24,14,2,
P10
29,52,89,90,63,74,25,17,3,0,98,22,6,92,8,54,50,81,66,53,89,74,14,36,25,39,96,71,62,39,91,55,4,60,64,57,94,19,51,72,34,89,33,95,13,60,45,80,79,64,13,78,14,38,8,2,97,48,78,48,43,32,29,58,3,4,50,29,46,19,49,46,46,7,83,32,91,61,30,4,69,55,10,74,54,2,91,63,23,25,81,4,98,99,96,57,11,54,1,
P11
81,20,64,5,37,67,72,34,90,78,93,64,31,8,44,97,61,100,36,41,35,27,80,97,99,41,1,0,32,59,79,115,4,51,12,92,90,12,80,22,7,59,48,18,4,26,83,85,70,63,22,44,66,18,92,43,32,35,75,27,53,33,20,50,129,1,30,1,72,43,76,21,41,66,48,72,36,16,93,12,91,46,81,81,76,4,72,56,75,69,20,70,92,34,47,44,44,248,1,
P12
50,15,88,21,16,43,99,75,6,96,83,17,58,9,83,60,51,17,87,97,14,51,4,15,17,36,74,7,81,52,30,383,4,39,10,31,28,84,57,42,2,61,35,85,45,4,13,34,49,79,18,40,22,51,41,63,44,60,96,64,54,12,28,17,471,2,87,88,86,27,19,33,65,55,49,23,33,5,36,14,86,11,18,23,67,59,92,53,96,84,88,42,94,80,86,72,38,475,0,
P13
17,50,58,15,24,30,77,73,13,34,48,96,60,99,80,46,62,94,64,66,75,81,68,49,55,48,67,83,78,0,61,279,0,11,89,59,54,57,20,55,7,31,59,21,31,74,100,50,81,21,0,88,51,10,48,46,75,1,24,69,6,42,74,53,134,5,32,78,62,63,99,78,87,32,83,89,46,35,100,30,58,32,55,16,85,50,66,38,59,25,18,10,98,62,49,22,47,339,1,
P14
42,6,84,18,45,64,18,94,25,78,92,4,90,53,64,53,85,39,0,52,54,55,100,20,3,43,88,67,3,70,45,334,0,73,86,54,27,94,51,53,14,83,93,13,32,73,1,99,61,52,8,8,64,49,76,89,18,48,97,58,56,15,87,55,353,2,9,65,63,62,63,12,16,75,13,15,71,37,47,26,19,99,42,85,36,0,10,54,78,74,83,26,96,40,39,62,48,412,5,
P15
29,88,67,47,81,93,91,39,97,47,58,61,66,43,66,66,95,19,87,95,5,90,3,93,22,7,29,42,18,72,48,478,0,48,66,61,0,46,43,60,59,75,32,26,73,59,78,47,33,8,97,75,97,81,22,59,38,45,40,25,34,95,64,43,147,0,77,56,67,93,31,46,75,68,83,88,94,2,86,2,53,89,69,29,8,46,2,91,72,99,97,77,26,22,25,86,68,248,5,
P16
61,6,4,18,45,68,65,69,95,30,11,26,63,73,45,15,67,50,5,36,9,94,43,4,36,28,76,82,76,0,2,44,1,9,75,13,69,100,88,68,26,26,93,70,73,26,78,35,67,40,15,90,99,54,34,39,45,34,100,8,44,8,3,18,362,1,26,39,55,67,6,3,55,67,72,6,69,25,61,37,54,70,84,57,26,21,21,23,99,13,45,90,100,88,23,7,15,115,3,
P17
20,17,65,85,87,59,82,64,85,10,36,96,25,69,11,97,5,20,91,14,91,93,42,66,74,84,33,100,87,39,6,420,4,53,43,81,87,35,73,80,5,46,72,49,81,38,90,63,94,54,16,94,59,27,28,59,35,38,67,4,19,51,48,71,414,3,83,18,20,3,51,93,9,19,17,71,23,37,6,6,60,32,94,81,55,58,61,66,47,60,53,36,33,49,52,45,34,202,5,
P18
58,76,19,39,39,70,49,42,31,40,10,43,37,82,29,94,97,20,86,4,52,25,55,85,24,41,91,21,13,13,71,62,3,57,93,32,36,64,44,74,12,92,12,68,54,72,22,70,66,81,63,60,5,98,98,73,1,83,90,15,96,60,72,17,455,1,3,81,45,12,100,28,49,22,65,55,95,25,88,55,72,8,12,99,75,26,24,27,28,57,43,80,1,8,80,31,83,252,5,
P19
76,94,3,24,35,35,65,12,44,68,94,73,61,90,59,46,61,11,71,15,96,61,22,52,82,35,65,64,6,86,82,110,0,19,60,98,94,39,89,72,6,42,43,28,78,75,76,40,34,81,3,32,19,71,81,9,86,76,69,23,97,52,54,38,280,4,62,77,33,10,66,65,32,26,56,86,47,94,94,60,93,34,52,16,62,80,74,71,26,41,79,72,38,40,21,15,83,499,1,
P20
73,81,35,3,93,79,71,87,52,98,42,77,43,69,88,80,84,50,40,5,1,22,41,33,52,13,18,49,61,64,33,328,4,98,18,68,35,25,9,78,53,53,19,28,59,53,76,62,85,95,32,66,3,17,7,39,6,71,57,26,87,95,6,92,93,4,59,91,76,57,83,98,8,30,91,2,56,83,2,7,100,30,53,39,0,45,46,80,17,85,86,4,66,63,53,24,11,155,5,
P21
2,3,63,39,90,81,36,99,58,79,67,45,24,17,95,65,22,63,53,29,96,4,8,80,53,70,44,1,69,89,72,341,2,26,15,8,71,35,27,90,29,86,42,4,47,94,100,45,25,69,28,99,7,34,69,65,61,21,25,33,53,84,57,9,33,5,35,64,12,43,94,70,11,49,52,14,22,17,44,75,22,11,87,69,91,3,19,42,7,85,4,60,76,79,37,56,38,79,0,
P22
10,48,96,47,12,53,92,45,65,83,62,59,13,85,88,66,80,83,36,89,63,55,58,73,22,93,61,75,64,18,41,463,5,46,74,87,1,2,72,10,7,85,70,73,29,95,41,57,59,49,58,95,80,18,15,71,51,69,54,74,20,30,12,76,233,5,82,79,8,59,94,26,39,15,44,84,57,32,95,43,0,51,12,19,59,86,71,63,11,12,7,14,34,34,53,20,0,227,4,
P23
54,10,4,11,56,69,94,17,94,6,68,82,38,48,30,74,2,93,95,26,31,17,18,92,92,49,77,81,90,75,9,198,2,44,55,72,54,28,22,23,0,18,84,41,75,42,56,32,36,1,16,18,73,33,53,26,74,73,22,52,86,65,4,8,432,4,59,59,6,99,40,16,48,97,49,8,5,15,25,17,1,84,69,72,12,80,84,20,95,17,20,13,3,93,13,69,38,468,3,
P24
20,41,3,81,58,98,87,93,79,25,40,75,65,8,34,60,34,65,77,18,23,34,67,100,81,22,40,11,31,25,18,378,0,28,53,45,17,53,63,0,60,4,42,16,2,45,84,19,63,56,52,15,49,92,54,71,44,40,35,48,25,9,73,37,403,4,2,33,62,16,97,77,24,1,92,15,86,93,65,54,30,78,0,80,64,95,64,84,7,67,76,87,35,14,91,28,94,125,4,
P25
99,57,13,85,49,58,76,55,33,7,63,67,67,63,31,9,81,54,9,14,19,90,36,60,0,34,51,47,52,84,50,351,4,54,44,22,20,3,26,29,86,28,74,36,13,2,92,66,84,6,57,37,44,0,43,45,14,34,55,87,82,58,78,79,432,0,9,24,29,0,92,88,82,77,46,47,98,77,24,98,56,54,58,19,3,31,53,79,17,88,59,7,83,84,67,77,77,337,2,
P26
0,89,1,43,9,34,50,72,67,83,34,64,58,81,18,67,61,3,22,64,29,22,98,81,36,15,64,66,65,70,65,105,5,65,92,55,94,43,49,33,79,63,1,37,95,85,9,17,89,53,85,98,65,99,32,86,52,80,43,29,87,88,17,53,425,2,43,92,19,24,35,32,71,32,8,61,96,30,14,53,16,84,84,69,62,67,22,87,74,71,71,7,47,74,84,47,93,383,5,
P27
74,33,9,23,4,42,72,4,6,29,51,91,62,12,94,84,76,90,73,39,70,8,54,100,74,18,69,48,49,93,23,193,4,12,84,86,46,63,48,47,66,42,99,41,25,87,61,9,84,25,8,82,10,60,62,53,55,14,7,72,30,26,46,38,426,4,16,6,90,54,38,98,14,100,94,96,52,9,79,1,78,7,68,67,60,7,37,30,14,85,70,64,98,42,22,69,39,458,5,
P28
12,96,42,85,66,48,80,83,4,42,95,64,25,36,53,98,75,22,72,28,21,11,12,56,60,28,14,84,17,5,29,390,0,50,59,31,98,91,39,62,31,65,14,92,74,98,83,48,46,93,74,74,12,29,88,19,67,84,45,80,16,83,76,33,496,0,59,79,52,73,78,45,34,29,21,80,97,65,87,30,31,46,38,35,43,18,19,79,49,83,87,71,52,86,76,26,34,303,5,
P29
80,32,38,60,15,42,1,76,6,93,12,59,57,53,48,28,82,35,40,60,92,66,88,72,15,4,78,64,0,44,80,266,0,97,91,70,24,88,0,38,46,75,1,28,89,47,88,63,20,100,58,8,18,24,58,29,3,74,78,79,74,77,79,39,171,5,7,49,3,7,45,91,87,41,55,39,72,87,52,76,21,61,60,6,5,8,55,93,80,6,44,55,100,51,90,71,63,192,2,
P30
39,24,1,6,66,74,100,78,99,56,98,46,84,45,82,90,4,39,55,59,10,36,63,54,0,63,65,55,43,7,48,71,4,63,90,41,0,1,82,2,96,36,49,83,99,36,82,22,10,66,47,68,61,16,8,39,96,82,15,40,52,55,42,84,227,3,36,30,1,90,38,23,28,76,9,46,51,97,73,10,69,79,86,23,37,65,97,81,86,62,31,41,99,40,70,84,6,24,2,
P31
55,63,54,54,7,53,9,4,65,59,49,12,15,19,51,70,78,28,73,41,48,73,70,12,94,79,86,6,27,83,82,46,0,85,99,12,53,94,49,68,43,13,3,91,36,80,23,49,48,84,65,22,22,26,70,4,67,88,59,75,45,8,72,93,146,5,96,18,8,90,94,84,2,10,46,75,20,14,53,5,3,90,36,100,37,89,27,68,29,25,74,66,76,92,72,56,33,55,0,
P32
1,19,60,77,23,92,1,38,3,16,57,21,53,35,15,25,42,63,98,11,76,91,91,27,63,84,10,50,31,89,32,105,5,45,96,3,80,38,84,83,29,86,29,52,34,77,1,65,65,24,92,34,28,24,21,53,99,32,61,36,8,20,72,31,347,2,22,33,34,91,43,46,66,29,60,85,1,29,41,37,96,78,25,22,11,21,14,86,87,90,43,24,11,86,57,51,45,377,4,
P33
75,97,41,76,34,45,93,57,66,45,58,81,36,100,9,100,11,85,56,68,12,18,51,89,35,82,77,59,80,50,54,398,0,10,5,83,60,0,68,89,18,68,31,19,33,96,9,24,29,3,48,16,22,12,48,50,48,57,70,19,20,67,52,78,422,5,36,93,48,68,88,74,52,89,2,93,26,98,36,17,20,48,4,0,100,91,90,8,81,67,60,37,17,62,49,33,51,139,1,
P34
29,46,95,88,2,26,32,61,73,34,60,82,33,37,33,89,71,11,7,88,100,8,35,42,67,14,92,75,68,37,64,253,5,3,23,70,92,7,4,89,94,37,84,2,27,79,73,75,95,95,53,42,44,67,99,13,52,85,81,3,71,24,27,27,25,2,18,79,51,70,68,19,29,60,17,31,43,3,45,48,70,10,4,25,18,86,92,44,89,75,72,3,7,1,54,99,72,328,3,
P35
51,51,77,50,78,15,84,4,64,84,7,97,72,79,7,45,66,73,53,1,14,19,82,72,61,16,75,51,46,23,97,91,3,85,24,12,73,17,49,56,86,42,0,58,16,95,19,35,2,63,1,68,43,53,52,90,57,89,80,50,61,6,66,57,246,1,8,10,82,3,70,65,0,80,34,46,27,3,56,98,28,41,49,19,85,4,60,23,7,67,24,28,31,36,66,74,40,252,3,
P36
12,85,27,63,89,91,46,62,87,17,40,60,29,73,32,82,40,12,1,88,50,62,3,24,79,49,13,47,12,53,91,464,5,29,39,64,51,92,5,51,49,89,45,34,90,47,98,92,81,6,10,33,96,33,88,41,83,49,13,15,85,70,71,99,135,1,9,20,9,10,100,9,56,93,79,78,57,6,18,5,92,70,76,51,59,84,84,49,78,14,85,43,89,83,84,39,93,303,4,
P37
53,92,9,65,54,62,49,60,21,78,32,19,59,38,98,60,26,47,88,96,71,33,11,84,80,23,2,38,13,6,33,85,4,49,68,34,100,83,89,10,17,78,23,14,69,4,87,46,3,48,79,91,89,62,5,1,43,56,71,13,21,69,90,84,470,0,2,25,79,24,84,58,2,40,30,87,12,22,22,88,39,81,37,90,30,14,70,81,24,58,29,7,63,23,66,22,35,43,0,
P38
98,51,94,46,11,81,23,9,100,49,14,63,8,6,9,63,1,80,96,12,29,41,1,32,80,82,38,36,81,1,78,484,2,49,40,37,59,23,15,48,37,50,18,90,96,21,37,75,79,25,2,50,93,45,6,63,24,27,98,81,76,81,3,29,40,1,25,97,61,94,3,92,47,82,80,69,69,85,16,73,74,12,87,44,93,77,68,22,50,31,45,16,19,3,17,32,42,67,5,
P39
91,30,76,80,5,41,28,19,4,3,25,13,66,94,60,27,72,55,68,40,53,47,21,57,50,1,59,85,45,78,35,210,0,54,66,43,68,69,60,87,24,21,74,61,62,52,52,64,2,44,75,75,73,66,1,36,46,43,83,49,34,78,59,98,445,3,2,64,93,49,45,38,17,81,22,100,53,63,11,5,6,71,83,74,93,32,71,3,14,90,6,98,88,46,6,49,8,328,3,
P40
82,79,28,9,65,99,79,56,78,10,49,3,37,88,59,72,27,78,85,14,35,34,15,94,85,26,37,30,28,10,9,138,0,66,26,31,52,50,53,25,11,14,44,29,45,46,40,86,87,79,51,54,15,97,97,64,12,31,42,71,60,39,61,4,26,2,57,24,9,40,71,99,40,90,61,17,95,33,88,43,6,46,42,44,49,22,100,21,20,88,34,26,2,47,34,81,57,452,1,
P41
85,19,8,64,76,53,74,91,56,78,78,81,49,71,59,100,85,94,34,66,53,85,93,90,14,87,100,98,62,54,46,169,4,22,37,15,48,14,96,92,9,40,3,49,93,56,95,43,9,76,6,5,39,18,2,81,89,62,87,49,94,57,2,80,256,0,97,41,59,2,97,19,87,92,52,74,0,25,87,8,69,35,31,68,23,17,21,57,43,90,3,43,71,89,66,7,28,438,4,
P42
76,49,1,16,5,23,60,84,4,8,20,29,74,5,89,7,71,41,93,29,97,73,15,62,70,77,15,44,90,55,31,168,3,94,86,99,51,95,5,20,10,98,76,4,40,85,80,12,56,85,30,59,32,18,87,18,34,46,41,2,68,20,7,80,402,3,31,11,95,17,2,46,57,70,37,43,78,72,45,75,40,68,92,27,24,0,17,94,9,54,49,75,61,99,3,76,0,358,1,
P43
47,76,16,6,25,87,81,45,15,55,50,3,28,88,10,87,16,6,26,99,34,62,41,50,5,30,4,98,62,75,75,353,0,97,87,41,16,63,38,92,67,44,42,12,57,99,64,87,23,96,72,9,80,72,22,20,74,90,7,81,61,87,73,50,207,2,17,56,80,40,25,16,50,70,89,95,10,95,28,2,88,18,2,4,11,79,58,60,53,86,24,22,61,98,22,14,5,240,2,
P44
48,41,60,28,86,76,49,2,45,44,90,22,30,5,95,56,70,29,18,11,79,90,41,49,54,69,90,10,10,5,58,130,2,66,89,41,24,21,85,66,0,7,30,64,61,53,25,99,29,4,70,51,24,43,40,98,90,67,51,28,29,0,19,66,416,3,46,62,26,62,98,81,22,8,75,50,10,28,68,79,33,45,23,57,72,43,8,62,65,70,59,54,50,90,59,20,71,23,0,
P45
52,99,52,68,0,97,11,90,85,41,61,80,64,31,8,48,8,53,37,15,68,91,85,58,68,61,29,17,18,42,70,312,3,56,96,24,89,62,98,18,92,58,38,16,56,67,20,92,84,10,34,23,75,90,57,25,17,52,25,37,85,57,10,80,160,4,99,12,37,20,20,78,70,97,6,3,42,39,15,65,62,87,7,71,48,39,6,74,93,56,29,17,43,94,55,58,53,342,3,
P46
3,6,42,14,62,93,22,22,72,52,19,46,100,27,65,2,43,33,60,94,57,27,54,52,44,38,94,38,74,100,78,415,4,68,33,45,52,24,2,90,6,25,22,26,16,5,3,17,96,78,73,18,69,57,70,94,94,54,16,70,78,62,8,29,185,5,74,91,66,9,53,72,80,95,77,95,26,4,81,100,41,95,38,47,34,97,70,63,81,79,57,35,36,74,54,5,94,64,3,
P47
92,67,84,80,56,21,31,75,68,30,69,32,100,78,31,59,37,54,86,91,73,96,95,66,100,68,32,83,45,37,3,265,1,48,99,4,37,4,29,26,98,11,31,0,95,26,44,68,10,12,24,81,72,84,34,54,19,78,16,27,2,11,1,59,98,1,3,15,30,83,76,73,43,1,78,90,1,18,84,5,32,85,69,1,47,49,46,70,50,82,43,3,53,71,64,15,33,28,3,
P48
83,26,78,81,67,11,77,1,9,76,79,7,0,15,27,86,72,100,48,66,66,47,0,98,29,11,0,69,14,71,64,26,2,97,70,36,22,67,14,19,33,8,12,77,42,22,89,66,2,60,15,3,81,35,81,97,28,49,7,96,53,67,95,29,316,4,82,38,32,24,40,9,13,7,95,63,79,93,47,47,94,61,62,5,30,11,87,40,82,5,10,45,20,39,78,83,59,174,0,
P49
10,30,45,87,31,21,29,77,28,29,58,55,82,97,55,29,28,87,42,28,50,38,40,50,6,20,88,63,50,50,60,480,0,17,98,10,36,31,85,48,7,27,37,63,59,5,89,75,8,69,76,56,65,70,71,39,66,23,5,26,84,0,57,17,430,1,83,27,6,62,0,67,91,45,59,38,93,18,99,54,23,95,32,76,34,13,82,44,24,68,84,1,51,48,26,38,75,43,5,
P50
13,78,29,42,20,57,71,78,79,18,74,33,13,69,86,56,97,35,60,2,85,32,23,72,95,73,89,58,100,34,12,292,5,53,86,73,68,59,100,4,21,59,9,77,100,85,45,75,6,77,10,77,15,76,0,87,2,50,87,59,62,3,13,22,346,1,36,98,85,26,42,10,30,34,28,95,55,18,90,53,94,23,66,75,68,90,43,17,57,60,31,83,64,43,23,95,59,441,3,
P51
54,98,19,91,42,98,76,82,97,89,50,82,10,47,16,70,15,67,1,38,39,63,78,94,20,77,27,87,55,5,75,241,5,56,24,22,26,11,47,2,88,12,53,100,53,59,76,63,35,91,39,1,77,41,17,29,66,79,99,46,28,87,10,43,481,2,51,33,21,48,34,16,42,55,34,31,7,94,21,39,69,55,28,78,38,51,37,69,33,0,11,56,61,38,81,52,98,57,1,
P52
31,10,65,6,93,61,96,42,42,72,55,58,42,71,24,9,8,29,72,52,22,59,95,16,45,49,21,94,23,90,55,482,2,35,79,52,37,66,64,90,31,16,14,6,79,16,63,84,17,5,91,1,34,57,46,32,2,41,19,79,58,28,46,63,190,1,11,85,19,54,5,19,51,12,13,72,51,48,26,45,25,30,62,28,100,95,95,77,16,55,82,63,73,98,27,90,38,41,3,
P53
27,59,86,22,0,94,61,56,17,2,26,8,78,0,37,50,19,26,8,13,8,19,29,96,13,18,85,40,73,51,67,81,5,67,56,44,22,88,60,37,94,4,53,57,89,36,62,45,37,63,1,84,61,70,91,46,15,48,74,61,10,3,85,70,38,2,58,46,39,9,25,52,47,42,100,40,54,91,70,15,85,35,10,79,12,93,100,94,22,38,91,49,28,91,53,69,11,444,3,
P54
55,77,11,15,32,28,17,24,36,96,91,40,11,9,32,86,90,40,4,85,35,84,2,86,24,42,3,56,8,12,63,387,4,58,94,94,95,54,64,13,77,18,50,4,64,53,67,31,2,28,1,93,40,83,40,14,43,16,84,94,6,53,100,10,12,3,20,5,68,67,48,34,73,1,24,43,16,9,78,93,54,56,52,20,49,40,58,5,89,52,63,7,87,39,18,68,4,362,1,
P55
79,87,45,62,77,47,57,68,87,34,43,85,19,99,91,91,83,92,74,86,78,64,27,47,86,1,25,59,64,81,42,104,3,72,13,64,85,90,82,0,94,11,54,27,43,56,21,44,49,61,93,55,41,35,72,24,28,78,43,94,18,54,53,92,157,2,38,87,57,10,54,81,53,37,56,31,96,77,53,47,63,2,87,87,74,41,39,2,49,92,42,33,59,97,38,65,76,130,5,
P56
4,10,67,27,44,19,62,53,4,47,52,95,37,0,87,78,52,30,7,45,77,94,46,1,18,10,82,93,18,15,22,221,1,76,21,96,43,82,6,97,75,49,18,62,59,33,22,51,89,30,52,26,54,80,3,98,40,88,17,93,72,75,25,16,373,2,86,72,23,5,75,45,2,70,88,55,84,50,23,70,37,64,78,42,66,93,33,7,25,59,4,63,23,23,4,40,57,153,0,
P57
16,35,64,44,88,68,91,39,29,95,6,82,38,58,11,45,3,54,4,49,21,22,25,70,82,44,85,60,32,76,48,8,3,59,94,87,55,34,1,40,96,27,73,18,78,61,14,30,87,68,76,57,31,15,10,14,75,48,89,66,33,5,78,30,335,5,62,52,33,30,89,21,85,72,37,75,7,74,38,85,82,70,77,15,78,2,40,48,31,29,37,36,35,2,59,13,87,448,0,
P58
92,64,2,83,70,98,43,76,79,81,33,56,92,2,76,97,18,97,85,43,66,66,53,16,25,86,58,96,33,34,25,165,3,52,72,33,92,68,60,64,52,37,92,66,33,78,100,76,0,98,91,11,78,31,59,67,97,58,38,75,37,34,12,86,128,4,16,19,44,67,57,81,41,65,21,79,49,2,49,93,84,93,61,23,6,92,52,43,94,88,12,18,67,35,4,98,20,481,0,
P59
74,68,96,16,9,40,63,8,62,54,11,37,16,96,33,1,4,66,33,58,82,25,43,6,20,76,40,16,67,4,6,351,0,77,17,60,41,35,64,32,0,63,76,67,38,43,30,96,54,7,26,79,40,90,37,44,64,40,79,42,7,64,92,41,240,5,88,6,83,95,71,3,40,87,72,89,79,56,47,39,79,19,97,31,28,57,85,40,75,51,42,80,14,33,66,64,19,266,3,
P60
89,47,15,51,56,77,72,33,80,88,95,80,55,99,45,55,56,93,80,99,99,66,41,5,83,74,9,63,81,14,69,481,0,48,10,64,46,78,27,21,10,31,64,40,26,84,47,19,29,88,8,32,31,38,72,9,80,79,40,37,53,47,79,95,134,4,14,41,87,54,27,58,8,72,80,21,10,59,40,74,56,68,97,40,75,71,57,16,16,71,15,49,35,50,68,5,48,173,1,
P1
9,89,17,79,21,81,30,34,95,53,16,83,44,50,19,97,73,100,62,75,7,83,10,21,32,26,62,85,92,19,67,204,1,21,48,85,68,20,57,60,27,25,57,50,12,3,99,65,9,4,52,23,40,27,79,89,28,12,57,22,60,83,85,3,351,3,45,85,66,65,74,68,91,11,91,31,0,28,86,96,80,18,70,78,75,41,22,98,0,66,21,2,93,97,8,96,53,128,0,
P2
11,95,67,7,95,61,27,77,44,71,93,29,68,66,95,29,6,1,78,83,89,9,8,51,95,67,36,98,33,9,11,19,1,37,18,14,63,11,5,19,27,84,22,25,15,99,29,33,88,35,61,66,90,89,79,12,78,38,95,62,10,64,60,68,467,0,84,54,59,41,31,49,38,31,43,23,93,23,41,62,67,82,69,90,45,36,55,67,4,13,29,12,8,89,32,55,82,346,5,
P3
85,31,78,11,7,21,83,0,16,50,66,10,45,38,78,22,20,66,31,29,16,92,96,52,55,95,61,4,72,98,57,62,4,30,55,19,16,82,3,38,6,85,2,1,17,91,36,44,22,92,100,0,4,77,4,65,4,15,96,64,49,29,7,59,345,0,89,5,53,26,2,97,50,96,86,57,23,52,5,59,41,50,95,62,16,99,42,12,78,16,0,76,71,81,57,45,12,24,3,
P4
68,35,19,50,1,1,66,33,78,10,71,55,32,58,20,30,87,37,21,48,55,43,42,16,47,81,80,68,37,7,71,293,4,75,9,86,80,82,36,48,83,54,4,85,64,27,76,63,94,46,39,65,78,9,80,73,73,95,1,46,92,26,74,68,296,5,38,86,0,88,47,86,11,70,3,16,95,11,66,55,39,49,20,81,61,98,64,61,39,34,7,62,46,93,74,28,12,29,0,
P5
21,10,52,53,9,29,64,81,84,62,38,71,58,91,74,46,38,28,89,46,10,1,26,90,70,29,97,69,0,72,88,464,2,13,97,29,61,79,49,66,29,12,59,5,76,18,17,81,83,95,91,28,33,29,23,0,42,81,27,82,21,95,31,74,58,2,66,60,14,77,97,17,93,91,95,25,12,34,74,32,81,34,96,10,61,34,45,69,96,57,27,70,85,90,48,65,13,352,5,
P6
40,57,1,70,37,51,99,41,21,56,31,95,68,35,90,22,48,100,24,40,90,94,70,52,28,36,23,48,23,71,29,63,3,34,73,92,66,1,3,91,73,45,9,91,93,92,51,49,20,85,78,9,85,19,90,78,1,11,38,99,25,11,92,12,258,0,91,20,49,49,78,44,74,90,44,13,88,91,47,83,1,75,83,12,43,78,69,36,13,19,25,61,84,43,75,8,31,368,1,
P7
66,31,4,64,39,93,86,36,53,54,72,42,42,86,42,66,25,98,59,61,15,88,97,5,1,86,76,88,15,70,81,67,4,78,32,95,35,4,6,44,61,99,1,79,13,21,63,91,30,13,77,87,58,44,98,96,8,89,7,100,89,19,30,63,71,1,46,38,67,87,94,77,100,81,34,13,29,35,88,11,13,97,56,48,99,69,67,23,97,51,66,37,25,40,34,86,80,425,0,
P8
10,6,71,62,42,23,82,80,32,24,65,40,90,91,37,49,17,52,2,14,57,3,100,100,92,81,35,99,27,2,37,25,5,64,32,46,7,60,10,9,38,90,97,67,81,94,46,23,80,3,33,43,100,7,98,73,73,52,58,2,31,87,30,51,131,0,32,84,73,99,31,6,11,60,7,65,72,20,27,94,68,25,28,1,14,24,18,46,27,43,86,61,95,14,7,85,5,2,1,
P9
66,17,71,47,63,2,71,28,42,27,85,45,42,1,97,44,82,20,47,82,86,4,28,20,3,56,90,13,59,30,24,299,0,58,89,60,33,93,50,97,59,97,56,4,86,1,8,85,10,74,92,74,46,64,25,3,33,56,56,29,93,6,58,31,182,3,3,100,90,81,25,64,11,63,84,38,56,18,29,85,86,9,75,3,55,2,12,6,29,6,21,2,58,31,8,26,11,100,0,
P10
38,77,100,75,71,41,1,55,86,9,22,48,53,4,68,0,52,19,4,80,6,74,1,62,54,27,92,14,17,5,55,120,3,30,4,18,26,29,81,48,34,32,49,8,16,59,82,7,32,94,37,57,63,70,79,18,100,72,25,23,80,56,36,52,113,4,59,83,34,70,46,84,75,68,68,70,52,19,80,94,22,0,62,0,7,91,7,95,60,65,25,68,57,6,45,14,3,474,0,
P11
97,18,17,64,39,2,74,61,16,26,31,51,93,83,70,64,29,42,37,97,3,57,90,96,71,7,67,48,28,81,24,151,0,79,36,12,26,36,10,42,10,26,0,92,100,100,51,37,56,13,73,1,31,72,39,56,96,18,78,98,67,30,70,75,185,0,74,8,93,14,77,27,84,95,46,63,88,69,64,49,69,37,6,42,31,66,73,22,100,96,28,44,9,37,48,73,88,185,4,
P12
55,3,9,28,30,26,20,62,43,80,10,12,43,5,21,46,2,24,3,92,86,40,65,18,55,94,99,79,84,63,4,232,0,67,74,54,8,84,81,76,41,46,75,92,49,97,4,22,98,2,94,36,58,55,21,2,18,88,99,89,52,39,60,5,412,5,68,23,100,51,18,11,81,72,80,44,88,15,47,60,23,78,25,97,66,24,58,61,34,68,98,48,6,78,1,53,69,321,1,
P13
99,97,88,19,24,30,65,34,9,74,40,30,19,8,54,89,66,6,96,31,24,50,91,23,28,74,52,14,45,18,43,190,4,81,84,97,56,25,8,97,83,58,93,88,80,57,90,39,93,13,95,13,82,12,67,80,67,86,85,94,47,91,27,71,154,0,20,61,93,0,99,39,10,86,20,57,45,43,0,36,5,66,26,64,26,61,98,91,75,3,34,77,56,50,45,99,65,120,5,
P14
28,71,95,93,4,3,66,10,100,52,85,19,6,51,25,1,48,50,17,38,73,12,78,91,26,22,75,2,66,55,94,459,5,93,1,34,89,51,58,47,4,37,3,94,76,63,73,36,42,21,49,76,67,82,61,52,75,74,42,68,3,79,45,37,322,1,31,24,95,7,76,81,30,21,91,30,23,96,63,50,25,55,77,22,45,51,92,79,27,14,95,39,12,58,3,4,1,265,3,
P15
53,97,30,18,73,96,36,58,14,43,75,40,10,22,90,28,26,28,40,70,18,66,93,94,35,24,14,1,84,6,36,311,0,92,63,52,38,67,89,42,26,31,4,66,67,12,87,15,88,53,64,14,4,38,89,12,6,58,57,17,52,60,29,51,152,2,8,3,56,39,91,46,35,14,41,98,30,33,53,73,21,64,90,13,43,84,94,3,22,72,62,92,76,76,93,3,68,154,3,
P16
21,41,19,57,65,33,66,5,73,77,94,28,4,86,56,44,56,41,76,14,34,77,4,14,78,88,20,72,91,89,78,274,4,90,25,88,98,18,18,68,84,85,80,36,67,68,89,30,82,60,34,36,38,40,94,62,57,46,21,53,93,73,11,28,414,0,6,64,17,41,44,25,5,74,58,24,12,79,88,2,58,97,86,51,67,74,23,28,65,99,70,58,69,86,92,42,98,1,0,
P17
0,27,81,67,100,53,43,93,82,13,79,3,23,0,44,65,14,44,42,18,59,86,72,79,58,62,34,19,39,97,6,178,1,25,20,28,93,70,80,38,5,46,5,61,42,54,87,42,90,24,83,50,86,5,96,74,24,54,46,35,10,74,38,65,475,2,4,16,100,76,56,23,100,69,2,54,37,26,16,89,78,83,62,67,77,26,31,12,50,66,99,41,74,22,4,46,76,457,5,
P18
73,89,66,82,48,13,95,26,17,17,93,27,82,6,72,23,24,97,9,96,41,33,24,75,18,29,37,51,35,27,7,213,2,23,95,62,61,100,74,33,26,82,53,12,24,42,37,73,58,89,44,53,28,69,73,40,70,84,13,74,4,44,99,67,485,5,51,84,52,17,18,20,71,21,47,53,9,91,2,71,23,45,64,54,24,13,87,89,21,60,10,25,72,73,0,100,52,104,3,
P19
89,29,43,49,21,26,66,13,54,14,19,92,3,9,88,79,72,28,11,96,70,97,24,6,47,26,33,11,100,15,55,448,4,28,24,55,27,51,3,80,63,94,88,66,66,46,21,76,65,49,44,38,90,14,21,69,88,25,13,52,78,46,10,74,449,2,35,34,74,72,56,87,24,65,77,93,2,100,38,66,20,28,79,6,16,66,66,26,92,38,99,58,3,67,76,53,10,371,1,
P20
3,32,77,36,45,30,50,65,21,53,40,75,32,11,2,9,6,72,72,98,45,86,90,44,97,89,25,3,43,36,13,259,1,67,52,84,46,14,43,34,47,8,80,34,50,44,83,95,48,38,75,35,74,28,26,53,47,4,99,57,29,39,58,5,489,4,82,9,47,73,74,90,65,76,90,69,7,76,97,53,82,12,18,13,4,9,17,70,34,21,36,9,40,22,20,94,68,411,3,
P21
49,12,59,99,43,46,17,84,20,49,95,90,25,68,27,97,31,72,82,20,83,44,75,7,47,85,43,0,98,10,46,210,1,52,91,1,52,3,76,31,37,26,41,86,87,90,24,27,24,64,21,51,16,68,21,81,92,16,19,49,93,92,25,9,403,5,40,77,51,72,18,6,6,93,82,70,45,29,48,63,42,53,39,26,89,73,13,91,48,53,12,34,13,26,2,15,8,274,2,
P22
44,32,67,27,82,88,77,43,43,68,10,70,30,7,8,79,94,91,22,68,98,36,18,7,2,15,17,98,61,6,71,201,0,61,85,27,92,21,19,99,6,5,88,97,99,79,60,20,96,42,88,83,23,79,65,8,95,57,66,86,41,75,67,1,437,1,46,77,44,19,35,25,89,80,54,2,42,62,21,47,54,9,86,67,100,34,87,78,68,100,4,70,14,92,45,39,91,50,3,
P23
65,87,39,7,29,82,75,5,17,4,79,25,49,72,82,38,6,46,40,91,53,42,6,36,5,33,43,24,71,14,35,470,5,59,38,39,58,10,44,45,74,9,90,100,29,51,42,16,33,31,62,99,5,22,21,72,7,62,12,40,54,14,57,73,345,4,9,16,64,64,96,84,67,3,11,54,51,66,64,36,32,29,70,85,74,4,84,78,74,65,35,85,3,64,42,85,51,172,5,
P24
42,63,29,83,68,12,53,13,38,2,51,86,40,23,31,80,14,50,88,20,87,93,19,96,83,90,9,92,91,76,99,409,5,30,37,89,42,10,98,98,10,26,49,52,9,82,49,71,46,54,93,34,92,66,62,4,5,16,85,62,56,23,22,54,171,3,82,96,15,14,99,26,68,15,58,98,52,91,94,88,41,67,92,25,10,32,56,45,16,25,8,58,9,77,76,76,23,431,2,
P25
81,73,47,34,52,51,36,2,2,42,26,0,88,40,50,41,26,36,33,11,98,16,68,73,74,58,49,80,23,53,3,196,4,62,36,87,59,46,12,74,64,88,22,12,58,68,32,16,68,24,82,30,95,87,12,79,14,68,1,36,68,21,62,83,109,4,37,1,82,71,17,40,35,69,97,95,22,37,61,14,28,71,46,50,15,28,75,90,87,50,32,28,25,6,51,62,54,289,0,
P26
37,43,43,39,12,46,47,38,46,34,44,62,75,36,65,75,47,62,57,81,35,30,39,50,9,62,69,90,31,61,35,494,0,8,9,21,48,73,8,70,51,33,4,83,49,72,6,98,1,67,84,13,45,99,47,13,0,81,34,28,3,84,92,58,317,4,91,81,15,92,15,11,86,37,15,46,17,9,83,63,60,64,92,0,19,44,51,17,72,76,90,89,4,51,8,68,99,163,0,
P27
40,48,71,88,86,83,88,96,44,29,98,75,70,11,37,26,92,72,22,97,88,99,24,56,88,56,83,69,91,19,30,351,4,5,5,74,42,56,6,46,5,21,84,78,85,52,45,35,65,90,100,79,2,66,59,3,95,28,87,52,40,44,19,15,399,0,91,96,54,42,99,35,55,16,10,37,79,70,68,36,71,87,80,88,71,17,63,60,72,33,78,46,67,4,45,81,1,202,3,
P28
84,19,79,72,81,90,67,79,64,36,90,67,28,47,4,50,44,92,14,68,14,68,90,97,37,46,82,97,43,49,26,361,5,57,47,50,69,52,38,53,29,22,4,74,23,35,30,22,80,99,89,5,1,49,33,88,0,39,98,86,44,80,77,2,496,0,9,41,0,64,57,11,1,1,47,35,4,84,88,50,71,58,34,0,18,5,33,62,52,0,66,63,47,11,30,56,39,451,0,
P29
64,14,94,30,93,58,32,48,24,60,96,29,77,5,87,57,39,0,25,29,98,28,75,45,91,17,94,84,10,27,74,64,0,72,41,42,91,70,64,61,10,54,96,40,76,76,38,64,81,6,12,80,60,80,19,24,65,63,3,7,50,5,30,43,290,0,3,19,21,71,87,69,5,91,52,59,7,90,17,41,56,1,12,89,63,30,55,28,93,69,5,89,24,49,95,87,64,204,5,
P30
71,0,5,69,15,97,96,77,92,38,82,78,95,20,79,19,15,42,47,91,87,38,74,47,88,84,40,76,24,82,95,114,3,33,7,26,94,17,80,56,23,55,98,61,86,44,33,64,23,94,43,8,17,75,37,20,82,54,92,79,7,1,15,0,217,0,0,58,49,72,15,68,30,22,57,47,63,12,14,75,67,77,5,89,71,64,57,43,19,81,92,13,67,51,43,38,43,447,2,
P31
29,30,92,24,6,83,62,54,27,57,40,5,76,56,13,23,12,66,27,86,12,14,36,53,57,60,0,47,20,15,49,492,2,61,5,41,16,28,62,80,56,47,23,89,78,12,82,87,21,99,61,58,85,9,11,77,88,19,44,69,55,44,92,4,289,1,14,77,48,44,99,71,58,27,49,72,69,16,15,74,71,86,3,27,28,22,74,87,1,6,37,44,10,69,87,72,67,469,3,
P32
74,17,83,35,37,9,58,44,81,34,66,94,23,78,26,50,29,4,30,65,23,87,91,24,33,10,5,42,60,17,100,119,4,87,25,18,66,81,32,89,69,9,1,17,62,89,15,23,46,0,99,58,43,52,43,87,20,98,30,78,13,1,75,88,19,2,11,13,35,35,41,84,6,9,66,21,49,36,74,52,29,68,41,69,20,42,75,58,87,51,26,39,23,42,6,38,84,425,2,
P33
0,4,34,59,48,81,59,13,75,82,57,67,98,86,71,94,17,95,47,7,85,80,85,90,88,44,73,63,9,74,9,143,1,54,12,86,8,47,61,76,64,23,64,80,12,77,46,10,34,89,28,43,41,14,40,71,93,19,72,33,89,60,99,80,55,2,18,58,24,91,67,57,79,82,93,52,0,89,86,41,57,6,49,99,30,1,49,56,41,72,99,13,76,4,97,27,81,295,2,
P34
68,92,68,26,71,8,74,27,41,71,79,12,31,62,73,78,36,57,23,20,12,11,30,86,40,39,25,94,48,69,16,30,0,54,23,55,30,54,44,60,33,56,36,45,32,36,33,60,79,74,75,85,10,33,3,49,66,58,75,30,67,54,6,7,86,4,71,18,92,49,66,51,0,66,5,53,73,28,25,22,26,55,23,76,10,30,13,75,9,90,45,5,83,56,86,33,57,87,1,
P35
42,63,90,83,56,31,53,34,9,50,63,82,27,99,4,51,18,16,62,14,68,1,53,59,96,0,94,42,83,19,92,390,4,3,49,26,30,48,82,66,93,81,2,92,40,47,31,81,32,8,80,1,57,45,60,31,41,26,51,47,87,24,9,28,59,4,72,84,32,73,15,37,92,89,66,16,10,92,71,100,33,47,97,13,89,5,69,100,11,17,56,63,16,80,86,34,58,134,5,
P36
74,3,77,93,38,86,43,67,33,70,65,37,20,49,19,82,63,88,50,82,46,45,82,6,53,31,92,77,22,40,96,111,4,24,6,42,90,65,22,58,57,28,72,54,76,3,62,21,71,18,33,30,49,74,22,66,88,8,91,97,43,85,20,8,108,4,97,99,30,54,53,96,70,29,54,6,29,53,19,25,32,74,30,0,74,7,84,96,37,0,75,89,0,69,46,84,8,61,2,
P37
88,81,84,97,13,16,67,78,19,53,93,38,1,21,92,51,2,4,62,51,10,14,82,1,91,3,41,12,65,85,18,323,2,64,58,99,89,81,94,60,34,35,29,97,56,100,81,89,97,97,29,18,62,16,94,18,12,2,2,99,71,10,92,41,185,4,62,1,54,98,30,74,3,25,27,90,50,25,63,47,26,36,20,76,31,23,76,5,12,76,41,24,25,2,33,74,61,473,4,
P38
15,45,9,48,89,28,0,82,67,1,69,24,52,72,28,13,22,38,28,70,40,85,73,47,98,3,31,7,21,29,36,177,1,29,96,5,89,29,40,84,92,63,83,39,51,79,35,80,64,63,62,57,82,40,59,50,39,29,61,30,77,68,45,97,287,4,59,71,55,28,97,82,17,12,7,81,25,100,16,12,41,14,35,17,86,13,59,26,38,85,96,71,24,56,98,65,56,488,0,
P39
84,62,39,51,9,5,52,79,29,71,16,24,50,4,62,44,74,68,29,12,82,93,15,12,100,36,41,0,39,81,89,209,1,51,35,35,34,27,98,83,32,14,28,67,61,92,96,22,48,77,63,73,94,68,68,20,98,45,88,42,34,84,48,0,169,2,85,98,40,1,77,13,48,68,79,31,80,20,45,82,3,30,95,28,23,32,12,18,69,2,40,67,33,78,89,35,73,169,1,
P40
5,18,55,58,63,50,95,79,74,44,83,2,89,22,36,84,34,17,42,49,97,41,52,37,42,57,85,53,11,94,17,383,0,34,76,93,83,7,74,10,74,0,1,36,22,15,79,51,54,72,85,22,92,82,33,79,90,33,28,37,27,28,87,28,402,5,41,75,56,89,9,34,19,89,20,30,70,23,27,31,52,50,63,30,34,99,33,74,65,32,17,53,67,53,93,66,33,94,1,
P41
41,7,73,35,52,13,79,1,15,33,23,51,83,58,35,24,73,31,66,91,34,74,13,18,26,25,78,28,8,22,49,273,0,11,70,55,88,9,55,56,45,44,71,24,61,92,96,46,13,54,94,46,32,84,79,27,87,5,21,39,28,50,1,27,442,0,88,15,85,74,71,5,3,6,95,97,37,46,46,67,43,80,65,42,20,96,74,37,14,41,91,6,73,86,5,45,94,368,3,
P42
84,81,36,28,48,17,28,72,35,10,96,70,1,34,0,67,92,0,6,4,19,32,96,63,26,3,85,77,18,80,68,275,2,81,80,87,36,92,30,74,82,57,65,43,2,44,97,97,90,29,46,34,22,99,5,43,38,0,93,39,77,86,76,67,300,2,67,98,58,36,70,53,33,7,65,45,74,7,92,4,15,11,100,90,48,80,97,4,53,69,56,58,13,58,17,40,50,233,0,
P43
97,75,52,91,12,87,67,7,22,68,8,22,34,100,90,6,3,8,38,100,37,30,69,22,73,88,1,39,55,28,17,439,5,69,12,56,42,94,13,73,37,82,16,100,78,72,95,90,72,16,89,78,60,93,44,18,31,87,71,73,60,37,94,5,21,1,87,74,88,86,47,53,30,87,26,21,91,42,32,56,98,47,35,94,17,88,28,74,12,7,31,29,14,42,80,17,32,195,3,
P44
7,82,12,75,56,34,42,64,23,43,63,12,49,32,87,54,31,90,84,67,11,57,54,80,62,75,74,35,93,43,66,404,2,14,32,55,87,35,37,3,35,14,75,96,71,13,12,25,91,38,17,0,56,14,87,26,87,12,29,46,32,1,85,15,491,1,17,3,17,47,90,10,35,80,18,33,35,15,80,37,75,64,24,2,37,2,9,68,32,23,10,78,7,88,9,64,93,280,1,
P45
6,81,39,15,44,62,24,73,40,39,4,93,93,2,82,43,69,60,66,89,39,94,63,12,28,21,22,54,88,47,94,13,5,68,85,66,71,86,47,12,82,17,25,94,42,82,31,59,48,53,73,0,80,25,12,75,37,11,76,22,86,57,5,25,370,2,39,23,12,40,70,30,74,71,11,19,7,86,83,99,54,19,0,63,54,99,87,64,76,94,17,51,23,69,43,57,49,209,3,
P46
8,3,25,32,42,31,72,46,23,30,14,71,39,49,30,4,37,69,98,67,48,92,88,36,12,75,49,71,35,42,9,390,0,62,76,27,40,57,10,31,16,52,79,13,77,93,66,15,93,11,40,72,87,77,83,28,65,68,52,70,82,77,26,4,215,1,55,16,79,28,87,56,48,61,41,97,25,61,16,92,24,70,91,77,100,32,36,16,50,59,51,59,16,89,74,63,29,64,1,
P47
8,53,90,46,65,12,76,80,49,82,95,80,86,99,14,50,65,62,41,52,64,53,94,12,90,95,54,23,70,31,78,172,1,11,91,65,42,6,83,88,86,25,80,51,40,39,29,46,10,82,23,59,9,54,26,61,24,74,3,16,2,75,50,86,82,2,57,98,72,71,58,80,68,49,40,50,41,30,86,98,6,85,29,42,67,45,68,17,4,50,5,78,79,43,73,23,97,36,3,
P48
23,49,49,66,95,99,47,89,44,99,87,58,48,17,87,56,36,50,75,96,63,65,90,83,54,59,14,36,3,98,93,269,5,94,12,3,47,98,29,27,14,69,32,43,15,8,24,4,67,0,58,59,27,48,99,31,64,67,72,13,91,57,19,16,477,5,67,45,42,0,60,49,16,0,79,1,64,52,86,60,94,18,4,27,36,8,77,7,53,55,16,25,44,41,21,31,55,244,3,
P49
58,73,53,71,62,97,36,14,54,50,99,6,72,34,57,47,29,19,78,85,1,31,9,15,33,12,80,73,5,58,29,331,2,64,95,43,91,9,12,89,18,94,97,9,98,63,9,55,88,36,70,86,33,33,53,71,13,9,27,99,20,10,30,74,212,1,55,1,95,38,2,40,39,32,92,92,92,51,9,97,79,11,4,21,19,23,77,1,49,87,43,36,17,13,91,59,12,410,3,
P50
67,59,76,2,39,96,18,37,2,91,71,59,3,66,44,47,50,11,44,26,94,78,38,73,50,9,30,77,5,27,72,262,3,30,100,56,18,18,49,14,27,12,43,2,67,97,4,36,48,38,36,0,75,15,76,2,13,96,12,9,97,52,0,82,256,1,50,29,60,55,61,17,46,53,68,56,49,46,67,19,68,52,43,10,54,58,97,63,94,81,76,51,39,0,63,100,79,115,4,
P51
40,25,26,58,62,95,14,100,53,17,65,63,64,82,75,8,7,68,52,45,6,68,21,2,44,26,30,100,64,15,70,186,0,100,84,10,80,77,22,89,79,55,85,84,58,99,88,60,100,62,75,41,30,54,37,8,30,33,60,30,73,41,96,6,455,4,33,90,29,80,42,64,1,57,9,34,76,43,87,18,19,6,76,83,35,36,63,77,87,1,77,15,68,30,94,96,26,348,5,
P52
94,69,17,8,68,36,25,99,100,56,80,40,64,87,7,82,99,80,49,19,82,93,11,11,58,41,94,54,10,100,3,83,0,52,22,32,40,1,53,91,85,10,56,72,70,21,100,10,62,30,31,99,38,61,98,99,57,36,5,18,36,12,64,30,108,4,72,59,1,73,15,77,7,92,20,60,76,5,32,18,88,67,20,50,43,6,18,86,21,86,15,14,47,58,6,99,45,78,1,
P53
11,68,62,3,67,61,59,46,0,89,100,74,70,98,53,85,83,34,77,60,12,34,0,5,88,10,71,29,13,5,92,109,3,37,88,31,94,38,7,49,76,78,70,75,54,32,71,51,97,9,78,95,74,34,97,79,19,33,57,83,79,88,69,24,379,1,84,5,39,57,63,25,16,38,31,14,22,18,81,42,35,23,14,53,9,35,4,91,15,51,14,89,15,76,33,39,83,222,2,
P54
95,39,43,19,52,43,74,17,83,9,81,35,94,29,35,70,89,47,70,89,18,23,65,90,18,44,61,73,35,33,96,408,2,17,60,27,67,1,4,36,77,25,34,47,76,31,22,54,92,96,54,88,75,73,87,98,22,32,85,57,55,75,80,93,328,4,40,73,69,22,10,66,37,100,51,17,41,86,7,22,4,83,57,8,73,39,59,88,27,41,63,26,46,68,8,56,14,163,5,
P55
14,57,40,88,74,89,63,20,23,56,49,25,92,37,72,61,92,57,50,22,12,69,66,73,41,68,72,97,63,77,44,414,0,25,7,73,27,50,64,62,97,5,93,19,59,50,81,80,3,55,18,57,19,40,89,3,98,9,79,43,50,37,14,62,419,1,37,4,79,74,3,29,57,11,81,64,33,51,46,56,59,19,95,84,73,88,24,35,80,36,2,89,92,80,2,19,5,59,4,
P56
98,73,55,61,59,79,16,7,3,8,44,41,35,1,64,86,23,76,54,90,14,61,57,87,23,86,29,84,29,29,94,30,0,55,71,86,16,34,92,75,19,16,91,100,96,95,21,14,51,40,20,5,9,17,14,54,26,30,91,41,47,18,28,74,282,0,79,94,100,2,4,46,66,37,97,79,60,55,64,54,4,36,8,96,71,88,31,40,42,23,86,11,8,11,16,99,62,264,2,
P57
54,27,49,70,34,18,44,45,26,80,46,90,31,36,32,85,25,46,11,48,99,1,100,28,51,29,57,67,22,91,42,274,2,56,100,46,98,85,29,88,84,24,48,71,4,99,77,25,3,87,8,84,40,1,13,98,42,27,15,70,97,55,35,78,414,5,64,97,59,96,0,55,74,60,76,37,80,81,39,88,42,77,42,73,16,84,62,1,95,37,80,11,35,27,39,27,2,53,4,
P58
78,18,71,22,63,97,68,75,87,99,10,18,49,1,30,26,15,29,27,15,57,78,10,80,44,99,70,82,40,88,17,263,2,41,85,59,95,35,49,43,5,54,7,49,45,78,1,19,61,41,20,41,4,62,68,87,99,30,41,33,13,85,34,25,3,0,98,91,21,38,16,97,41,62,43,81,16,85,57,58,24,39,41,86,40,2,22,86,13,24,80,18,51,87,20,41,84,479,2,
P59
5,34,1,73,8,54,37,86,38,86,53,68,79,69,97,5,50,19,50,60,99,94,24,35,41,64,89,75,47,60,19,318,5,20,53,17,29,25,37,36,74,82,80,75,0,41,82,88,48,53,49,15,39,47,11,46,47,24,31,81,34,22,65,8,397,1,21,80,70,63,42,12,9,24,64,66,82,88,4,89,39,10,91,28,97,70,52,42,88,69,28,7,77,80,58,74,79,318,3,
P60
92,68,0,96,19,38,47,73,5,25,7,69,98,57,88,47,83,87,6,6,21,48,36,76,89,83,35,34,1,28,60,276,0,37,9,21,40,49,69,19,90,36,26,71,23,74,90,38,55,28,86,66,75,99,57,72,79,57,94,43,24,2,27,39,445,4,7,28,0,16,52,30,48,33,84,52,88,23,63,79,17,25,48,35,33,2,3,61,76,80,40,33,20,93,79,40,52,272,2,
P1
70,72,70,95,21,70,44,2,14,82,84,22,36,66,68,31,51,76,99,41,35,8,12,25,19,26,64,48,51,51,87,429,5,88,77,97,19,21,68,60,62,56,23,59,15,64,27,33,43,35,99,95,61,2,62,8,13,26,26,74,60,2,100,56,453,2,83,30,2,87,80,37,36,52,52,66,10,25,88,72,0,73,92,27,44,51,47,80,55,0,43,83,100,59,27,51,76,39,3,
P2
81,9,64,24,11,44,72,62,67,74,27,34,4,44,76,70,85,10,44,63,36,30,89,66,78,39,16,69,25,5,73,280,5,41,64,96,67,26,52,57,85,33,87,11,66,30,13,64,24,74,32,52,83,46,78,75,86,4,44,85,35,66,27,7,205,3,62,26,55,64,44,74,29,20,99,84,93,65,22,84,92,66,0,5,11,21,5,21,3,71,80,97,22,29,73,69,34,177,4,
P3
97,59,4,35,20,37,8,13,37,80,57,13,49,8,23,93,37,25,22,26,58,66,31,74,35,23,45,31,96,26,58,441,4,40,84,77,97,34,9,84,12,41,13,25,71,3,99,2,21,47,14,99,22,100,2,32,85,4,98,78,67,71,1,11,366,4,99,72,42,94,93,6,77,51,71,99,0,62,31,67,67,8,88,73,96,58,43,75,54,31,70,26,67,84,27,28,92,125,4,
P4
93,71,31,1,50,69,81,73,48,96,47,71,88,85,63,77,10,20,42,7,60,43,30,5,74,92,98,65,16,48,75,386,4,74,19,9,57,31,16,36,56,87,5,20,56,26,68,70,92,56,70,60,88,20,64,51,98,98,89,100,89,66,50,39,242,2,85,58,66,28,75,36,93,75,64,90,41,98,65,96,36,60,53,45,1,73,77,37,66,43,20,59,37,38,50,2,0,330,4,
P5
76,0,58,22,73,5,84,20,76,72,71,38,14,81,24,56,54,85,66,51,90,39,8,53,70,24,67,96,100,51,41,237,2,63,32,15,99,54,68,4,75,23,97,42,94,88,98,63,48,51,83,78,68,46,75,56,11,30,88,28,19,27,63,90,278,1,95,1,98,88,77,62,43,84,59,7,79,61,68,98,5,35,37,82,72,2,91,59,61,94,63,77,63,27,77,90,72,447,4,
P6
30,90,47,13,76,89,51,12,94,65,93,17,88,13,1,53,64,57,58,72,9,28,63,76,90,62,93,74,69,76,99,463,3,54,15,33,58,90,56,55,98,15,8,61,78,22,11,26,0,80,39,41,1,50,37,90,78,22,83,7,6,38,69,92,73,1,25,100,48,68,84,73,42,28,33,76,26,38,10,63,87,48,31,77,6,92,71,36,68,100,29,10,89,17,82,11,73,112,3,
P7
12,74,16,29,87,9,95,45,94,82,58,95,0,88,18,58,26,94,86,89,36,75,16,28,48,85,71,29,84,2,62,406,0,16,40,93,37,3,7,45,65,52,34,42,78,0,88,16,41,90,33,79,45,77,0,27,50,73,31,18,10,22,69,38,474,0,7,61,90,49,89,89,24,81,94,34,43,46,82,40,22,55,31,59,91,65,58,19,76,12,36,23,24,6,63,1,70,21,2,
P8
91,62,83,51,7,42,32,31,3,99,19,21,57,45,14,8,33,50,50,15,45,64,100,15,94,83,17,50,10,59,68,26,4,75,78,12,87,42,64,20,85,7,20,72,24,27,27,23,72,38,100,73,31,16,11,62,0,88,85,69,34,89,9,30,107,3,18,16,34,42,64,27,42,73,73,90,13,62,10,10,87,0,76,11,86,17,90,89,40,80,95,69,47,17,38,75,56,125,2,
P9
18,95,14,17,25,84,15,10,4,38,55,19,47,54,35,63,69,80,26,35,61,86,84,44,36,95,3,25,62,91,80,417,2,83,96,13,2,46,88,89,85,11,82,11,0,54,16,66,26,47,82,3,9,83,92,60,17,25,48,27,63,44,81,26,187,0,64,21,91,72,94,64,62,6,92,72,17,44,39,59,21,91,76,11,79,82,91,39,51,38,23,89,79,86,11,36,75,345,2,
P10
97,42,28,79,53,100,16,74,85,29,95,19,92,29,66,85,64,26,70,48,37,72,8,40,64,36,97,94,15,13,79,409,2,95,89,46,83,73,23,65,50,23,85,66,56,77,13,37,80,22,86,71,82,3,62,96,97,92,6,77,71,32,18,27,314,1,47,51,70,75,23,27,12,6,71,17,65,93,8,40,70,53,89,60,59,39,64,82,94,43,33,4,45,83,46,2,59,285,2,
P11
23,74,32,39,14,16,35,75,35,93,70,67,77,0,94,13,48,30,51,22,36,81,58,99,75,39,11,12,84,32,6,487,0,76,79,65,6,29,89,91,95,44,67,74,47,13,96,33,50,43,2,79,5,99,70,11,41,6,43,59,1,36,66,79,58,5,33,42,85,11,15,21,29,80,13,3,87,83,22,75,9,81,13,39,28,6,48,62,78,94,10,23,96,99,82,81,81,345,2,
P12
12,87,25,47,27,27,39,97,94,83,97,87,62,10,83,12,99,85,94,56,83,34,62,60,12,45,93,24,18,65,30,236,1,51,5,63,8,67,73,41,40,86,54,36,18,4,45,20,83,50,85,18,61,25,91,71,51,58,6,83,68,51,93,2,292,0,92,3,27,87,84,41,56,70,90,79,10,65,25,23,71,54,96,18,15,73,11,25,62,73,90,43,19,45,90,8,48,68,5,
P13
43,10,86,48,6,79,30,70,32,58,46,81,71,45,66,30,67,48,30,28,75,42,40,67,66,58,98,100,88,81,97,36,4,10,31,43,51,71,28,72,6,13,76,18,100,24,68,85,8,96,76,65,66,26,22,38,8,90,56,68,98,58,32,34,167,5,0,61,85,57,97,41,1,6,5,26,96,76,80,92,61,61,30,38,52,59,11,41,68,97,52,58,4,2,5,83,5,117,1,
P14
44,63,54,41,99,86,99,45,67,35,90,32,31,22,46,61,51,87,70,91,53,35,14,16,0,68,97,91,64,53,74,48,0,85,33,5,56,6,85,98,91,84,88,58,34,62,19,77,26,85,2,15,90,78,4,45,11,2,2,43,70,36,72,87,500,3,28,6,38,29,12,10,22,8,86,1,66,46,29,62,85,81,20,62,22,89,24,74,12,29,43,17,78,56,89,87,84,350,0,
P15
14,81,5,80,25,72,81,81,70,79,70,83,5,20,69,75,77,89,77,91,71,43,24,68,34,88,87,100,61,69,42,163,4,9,43,69,73,33,18,61,92,19,89,10,96,15,62,64,30,17,7,0,62,18,69,30,27,39,32,99,52,85,70,94,182,5,12,72,68,34,80,19,2,11,32,31,39,83,78,26,10,100,81,34,40,93,29,49,76,6,71,30,60,90,13,52,26,41,0,
P16
88,41,63,34,89,33,79,58,82,85,44,16,25,87,71,1,77,42,11,0,76,45,54,62,44,81,98,64,89,13,42,88,1,67,12,89,94,3,7,82,80,69,63,7,33,59,24,40,60,52,25,28,82,52,33,80,51,51,65,87,53,58,65,91,254,4,26,69,67,95,46,99,92,86,47,70,11,57,35,92,57,41,50,87,56,25,59,26,55,18,16,69,37,29,61,26,53,398,0,
P17
77,8,50,55,32,98,5,76,14,31,62,85,99,4,93,76,71,68,87,24,30,31,72,27,61,60,40,15,2,60,45,45,2,50,46,86,99,93,55,61,100,54,20,91,60,80,42,85,74,91,3,7,70,54,58,34,6,11,59,71,0,49,48,100,485,5,14,41,7,5,93,54,75,70,77,77,61,33,17,77,86,74,1,45,66,23,29,82,58,66,78,85,93,54,37,54,51,12,1,
P18
66,67,46,72,9,26,69,37,78,33,8,70,9,79,38,96,70,34,93,41,61,19,67,67,34,69,93,67,80,94,46,330,1,98,86,86,24,52,39,44,42,65,90,50,16,30,40,19,37,77,39,61,10,45,38,69,82,39,85,29,17,50,90,13,172,1,23,20,90,64,90,66,40,17,65,24,94,51,64,62,62,29,85,57,78,8,23,55,93,82,75,96,1,37,13,62,36,489,5,
P19
17,36,88,52,73,65,85,81,34,60,26,38,22,96,72,14,2,99,34,35,31,34,4,24,0,50,17,15,96,44,79,379,0,37,93,72,48,0,37,3,51,53,33,57,38,36,33,77,98,44,88,1,79,69,6,29,99,24,79,54,72,58,95,96,351,4,100,72,60,6,55,24,97,48,41,60,9,69,89,60,26,66,68,15,87,60,97,61,56,98,64,35,25,2,71,74,36,434,3,
P20
30,19,61,82,66,61,41,92,100,63,53,71,44,21,36,44,57,67,78,27,91,79,77,75,60,73,18,2,51,65,48,6,1,9,88,80,79,4,99,12,62,36,14,95,79,78,4,66,80,50,35,86,79,100,76,58,53,14,15,47,19,77,0,52,62,2,8,100,47,4,13,54,64,23,23,53,49,15,85,17,30,38,43,93,99,99,90,29,100,81,98,70,54,95,73,65,81,361,2,
P21
29,15,87,36,7,52,66,26,89,9,48,24,19,4,92,97,31,48,41,74,22,1,46,7,70,64,38,35,11,88,6,354,0,31,93,6,9,20,9,23,15,54,1,86,20,47,35,21,99,14,87,41,38,39,55,53,52,40,97,53,1,48,7,79,37,5,52,44,17,15,33,6,34,82,21,86,99,51,23,42,43,88,6,99,16,6,45,81,42,100,75,81,30,91,62,61,13,43,2,
P22
8,76,64,74,69,53,49,16,77,68,87,34,65,84,83,5,57,71,73,3,44,9,33,82,44,10,35,3,16,38,91,145,3,54,20,24,78,1,78,45,87,64,58,89,85,56,2,71,97,40,76,17,59,28,57,55,47,25,3,54,0,48,19,69,134,5,95,3,43,29,85,64,14,50,81,37,58,90,24,64,54,7,36,99,88,45,64,28,25,95,18,53,55,38,66,25,61,408,0,
P23
65,14,32,13,30,76,48,83,9,12,66,92,84,23,29,23,93,73,32,25,21,76,1,56,45,84,60,27,74,6,38,330,3,12,6,17,57,60,81,14,48,66,36,16,2,33,22,79,16,81,73,74,2,19,99,72,39,99,19,58,14,54,64,66,179,2,56,79,47,36,28,94,39,86,49,63,16,2,36,18,68,90,63,98,17,55,92,2,7,12,40,74,3,82,0,98,22,489,4,
P24
18,17,47,66,100,57,44,32,14,94,55,43,16,13,83,48,4,3,90,5,25,1,89,86,28,62,92,1,67,11,85,104,0,22,96,51,2,9,83,39,25,51,38,13,96,54,95,68,94,97,53,92,68,58,57,53,16,37,7,80,90,73,15,62,122,0,58,71,38,97,23,88,25,5,56,28,23,23,17,53,21,35,7,79,3,14,92,43,54,61,91,20,59,56,8,35,66,78,1,
P25
50,95,43,60,26,58,53,47,67,70,60,49,84,30,18,74,35,44,41,90,29,69,51,87,37,17,64,77,68,59,84,114,5,30,53,92,35,79,42,39,58,38,94,52,72,53,14,92,45,48,49,68,68,31,4,75,10,60,13,93,52,41,36,72,244,0,28,95,25,20,100,82,48,90,71,31,42,92,32,15,71,35,96,28,45,50,55,35,36,13,57,45,14,57,77,87,5,364,1,
P26
43,45,30,97,92,63,32,17,79,15,47,97,55,48,6,62,37,1,31,54,88,34,38,18,10,5,77,39,90,96,99,225,4,73,33,95,12,92,32,72,9,70,24,91,61,69,38,77,2,5,7,73,46,85,100,26,77,51,67,79,12,4,67,44,70,4,92,47,68,39,36,39,70,44,97,2,59,33,3,20,61,48,70,16,84,73,96,6,17,10,64,60,63,59,65,9,22,409,2,
P27
61,64,71,93,81,49,75,94,11,96,41,85,58,44,86,55,98,40,55,35,58,65,41,0,3,97,62,15,95,68,22,292,2,56,24,56,27,33,26,51,23,53,87,28,29,89,33,37,28,46,21,27,72,64,78,4,42,56,76,75,20,19,41,75,141,1,61,24,18,98,68,14,66,93,48,69,13,75,84,49,57,33,88,53,39,71,29,2,31,92,27,62,67,39,85,90,45,220,4,
P28
81,78,7,21,37,86,17,44,70,41,88,55,62,85,61,16,87,18,47,27,85,50,90,46,31,50,80,20,72,77,53,467,0,68,65,26,18,54,45,4,82,75,60,82,11,88,27,32,14,65,62,58,35,3,81,10,44,0,96,52,44,36,83,3,211,3,8,48,50,40,6,98,76,86,39,59,1,96,58,89,48,97,26,43,66,57,0,93,18,68,31,2,23,49,14,2,22,286,0,
P29
74,57,4,57,0,74,64,54,95,25,5,56,41,92,40,88,18,25,4,74,37,1,23,17,88,96,94,33,48,81,88,262,5,22,68,82,93,49,22,18,97,33,5,90,31,86,54,93,10,56,96,91,66,5,57,28,57,0,64,40,11,68,53,56,105,4,29,90,65,4,75,3,63,42,66,20,98,80,83,23,23,48,80,23,7,64,57,4,67,80,20,81,83,71,69,65,98,223,2,
P30
45,4,29,8,24,23,34,29,45,41,20,86,96,4,10,100,78,47,0,1,30,55,97,24,88,10,71,39,98,74,8,460,4,48,36,83,33,32,15,38,89,12,91,42,4,67,98,66,57,30,72,80,58,95,46,88,34,57,55,88,37,77,74,92,400,2,68,96,39,30,37,4,16,0,85,66,23,74,80,69,97,53,33,54,24,100,100,10,46,48,81,81,13,86,45,67,12,1,2,
P31
84,69,12,84,98,24,24,85,9,19,89,19,85,33,32,52,0,63,6,63,53,94,73,23,99,36,97,59,11,41,95,269,2,24,8,28,28,97,41,18,4,11,85,69,78,7,65,15,87,89,9,33,76,10,56,98,64,59,74,37,57,65,13,89,241,1,9,66,65,92,66,15,57,90,89,3,24,51,56,57,71,80,22,71,90,68,18,37,15,31,89,60,65,9,38,93,47,373,1,
P32
44,73,50,68,57,59,54,12,44,38,11,77,56,11,5,62,74,58,21,46,47,86,48,43,44,59,50,92,19,59,63,439,3,17,84,38,1,54,50,53,22,94,26,53,75,13,41,50,12,17,60,34,14,23,94,54,27,16,86,40,86,74,94,57,433,1,39,24,14,62,80,69,65,3,87,21,61,57,67,49,94,23,17,12,60,99,9,14,58,40,23,62,33,92,9,91,14,62,3,
P33
98,21,94,17,33,37,21,44,80,78,55,85,5,28,42,94,40,55,79,55,99,23,80,14,14,66,40,99,28,38,92,87,4,25,97,71,78,86,64,3,38,4,83,80,54,61,63,81,62,43,3,55,97,97,37,82,2,22,22,96,4,45,38,70,341,4,76,60,41,41,30,94,28,57,50,61,5,44,84,89,22,9,87,98,23,10,38,46,73,71,4,82,27,62,62,8,37,128,3,
P34
8,59,29,30,69,9,74,24,60,79,18,69,72,25,23,17,46,88,40,25,2,20,91,42,86,86,46,18,77,4,52,33,2,47,20,25,17,24,96,66,3,50,27,66,30,89,8,100,9,72,97,46,19,65,34,41,61,38,87,65,30,22,66,36,178,4,44,64,33,38,20,50,100,26,94,49,14,82,25,68,79,14,78,83,27,16,53,31,98,47,59,25,21,92,63,21,73,451,5,
P35
48,99,14,88,89,75,66,6,43,4,98,32,21,43,20,27,69,22,47,25,30,32,10,76,16,54,46,26,72,76,86,26,3,53,10,79,85,80,28,11,12,24,66,87,24,41,58,87,53,78,51,87,85,78,92,37,9,21,60,75,79,62,61,81,265,5,11,72,13,77,64,6,92,45,54,16,79,33,31,56,15,58,73,35,55,36,48,13,62,69,71,91,90,35,63,41,74,79,1,
P36
73,62,87,4,34,96,8,32,28,96,41,14,22,76,36,70,1,32,68,78,7,85,98,19,77,69,95,8,20,34,93,1,5,65,83,35,43,95,60,8,82,50,50,5,36,69,83,53,56,34,31,13,71,40,34,97,81,79,58,41,41,38,44,70,37,4,16,9,19,8,54,39,24,99,72,21,55,54,79,94,55,33,96,2,12,23,37,84,13,93,18,43,34,17,83,80,100,92,0,
P37
98,63,36,5,61,30,68,1,44,90,78,46,25,45,78,60,89,51,44,87,70,87,21,31,62,42,31,49,34,94,98,116,1,12,88,8,20,69,58,36,75,94,5,23,47,27,57,44,40,95,50,40,57,30,18,82,38,25,86,48,73,55,75,67,448,2,7,9,54,98,7,93,19,28,12,98,21,67,98,84,35,9,6,38,59,87,30,44,96,30,61,78,9,57,77,99,50,234,3,
P38
70,16,20,37,84,30,26,61,76,18,72,19,78,61,70,88,47,6,74,34,37,35,42,34,84,43,27,73,40,49,9,25,1,54,98,22,56,38,82,61,62,28,54,85,38,60,45,88,100,2,85,85,84,22,9,35,70,49,91,11,4,57,40,77,69,1,48,81,85,67,9,97,30,97,29,94,80,30,70,53,68,28,5,98,72,0,95,100,78,3,56,21,1,28,71,75,18,494,0,
P39
46,49,80,39,76,22,57,48,41,0,75,78,88,88,50,61,21,53,97,64,87,46,6,14,85,12,63,14,22,95,34,125,5,33,42,4,60,70,99,14,20,3,74,66,91,40,34,75,24,84,63,100,18,33,48,75,10,18,32,50,19,75,53,7,57,5,51,31,33,82,27,28,75,74,58,44,26,92,39,98,55,10,98,49,9,41,53,32,62,20,60,33,96,46,17,17,69,214,0,
P40
73,51,31,96,99,39,96,73,83,83,26,32,44,48,85,6,78,71,18,50,51,70,62,14,84,84,75,13,18,50,57,210,1,68,97,77,82,17,80,21,49,36,61,49,78,51,99,40,51,16,39,65,58,49,84,90,99,2,30,18,9,38,45,5,50,1,16,75,9,91,14,33,1,40,24,40,3,45,16,0,95,93,8,13,24,70,33,50,69,95,62,53,78,44,21,92,37,124,3,
P41
53,100,25,48,38,7,31,65,39,41,79,23,13,56,60,98,72,11,67,33,92,16,84,66,29,68,15,18,91,15,43,44,2,53,59,43,74,74,79,35,22,22,86,20,63,2,2,68,68,60,17,17,15,82,19,46,66,28,50,11,15,55,19,74,383,4,94,47,33,61,88,23,67,57,68,84,24,28,42,32,41,66,68,41,15,37,1,43,90,80,87,77,37,78,80,70,39,320,5,
P42
58,86,69,55,16,7,62,95,97,75,16,56,72,88,67,5,87,58,21,36,90,51,70,71,35,61,53,5,70,33,27,438,2,47,17,67,48,5,55,34,92,84,2,94,52,70,20,69,53,1,16,72,47,83,67,63,60,48,17,79,27,91,89,4,155,2,67,71,100,33,27,33,83,51,62,24,83,69,56,51,76,37,54,78,80,9,23,32,52,60,9,98,30,53,36,47,2,392,2,
P43
48,0,8,9,61,4,50,77,26,89,30,60,94,84,84,14,86,74,31,56,10,32,83,63,3,52,63,70,46,47,94,29,2,52,77,69,52,68,52,55,27,3,91,13,38,44,15,55,82,28,3,14,92,29,63,75,74,56,32,62,36,36,33,54,386,3,2,10,28,51,62,56,42,10,24,98,27,0,35,47,44,81,56,33,13,74,93,89,71,89,8,74,1,3,76,85,44,385,1,
P44
70,75,83,19,18,76,7,14,35,67,64,18,82,50,58,79,5,69,11,88,98,14,5,60,51,17,74,21,78,54,47,48,0,6,43,70,27,36,74,84,50,11,94,31,32,76,25,35,56,16,30,18,58,3,40,90,65,77,92,98,26,11,73,17,180,5,96,90,14,37,100,4,0,94,71,1,40,81,83,63,13,62,36,73,16,7,61,24,81,29,95,22,80,59,33,41,95,466,5,
P45
32,79,91,6,94,25,73,57,10,20,6,34,100,78,2,77,31,67,57,37,26,7,20,66,29,98,19,96,10,81,43,151,1,10,18,53,61,68,31,54,65,29,96,90,31,52,73,61,36,30,65,77,86,29,19,43,94,11,54,32,55,38,48,48,146,3,98,97,68,98,90,5,66,96,86,14,58,100,76,61,38,58,68,99,49,14,94,43,2,74,68,1,14,51,96,11,93,210,0,
P46
49,52,93,88,76,2,8,48,37,74,26,5,50,57,72,6,60,65,81,47,97,76,44,83,71,21,63,47,64,21,79,223,2,8,66,51,29,30,80,24,19,10,76,92,72,79,88,2,55,73,98,74,15,91,51,36,23,5,74,37,5,88,69,63,428,3,57,29,87,22,24,39,2,83,4,44,9,42,1,43,6,50,57,0,93,25,40,60,27,20,10,22,31,24,82,4,38,367,0,
P47
66,82,9,40,29,12,13,21,85,29,79,56,36,4,87,16,17,50,58,62,32,28,83,95,41,12,82,90,57,88,22,265,1,92,30,22,15,49,99,58,7,36,36,95,38,57,34,36,97,15,93,47,51,82,18,91,18,90,79,53,15,41,53,32,35,5,26,24,64,28,73,68,72,82,9,73,24,83,90,47,83,48,72,22,8,65,42,85,54,40,76,35,10,14,39,10,65,303,5,
P48
29,65,85,8,86,69,38,30,91,40,35,44,22,52,94,80,80,25,74,28,86,14,6,33,70,63,88,66,52,56,81,355,4,13,99,10,71,72,46,73,32,85,29,32,87,25,48,45,72,65,27,90,56,11,80,34,31,61,75,50,84,73,100,86,419,1,93,73,71,30,54,47,69,78,29,58,91,78,6,62,66,81,94,74,31,47,13,73,82,91,87,20,67,26,85,67,43,166,3,
P49
89,6,23,93,36,13,32,37,23,20,56,16,100,1,7,73,97,59,54,2,93,23,66,80,90,17,1,94,98,89,52,56,5,23,35,51,96,67,1,25,100,54,50,13,100,89,78,93,78,100,3,23,100,34,50,40,85,34,12,84,96,65,47,88,397,1,39,59,45,7,2,74,66,93,17,72,20,83,18,13,57,49,60,36,22,41,26,75,27,59,67,78,25,62,87,30,25,10,1,
P50
11,63,50,43,0,74,64,22,56,29,90,64,2,86,22,22,89,81,45,54,26,34,71,28,94,34,83,41,52,43,63,195,1,83,14,19,74,80,39,91,93,4,79,37,97,22,36,0,12,36,0,62,76,51,62,55,0,57,19,13,57,6,61,55,53,5,33,91,80,65,49,97,2,70,46,20,83,2,35,9,38,23,16,31,99,44,56,65,21,82,27,75,11,88,100,67,32,143,4,
P51
73,72,68,2,94,23,31,84,53,100,35,76,21,23,22,67,77,49,67,13,43,61,13,25,68,66,34,46,95,39,67,145,5,29,55,65,86,48,70,64,85,66,52,87,66,64,22,33,26,65,84,88,19,51,45,38,64,68,10,25,8,31,67,26,277,0,63,73,35,65,42,81,85,91,83,20,100,87,43,16,84,7,26,40,73,13,88,66,88,65,53,88,31,45,86,55,49,350,4,
P52
35,71,97,67,20,50,32,56,92,54,45,13,87,22,28,53,1,37,80,15,62,14,47,96,26,41,1,66,75,79,9,210,0,11,35,2,75,86,68,27,73,0,91,61,100,83,25,49,71,10,100,82,14,30,49,24,55,24,22,21,92,48,8,60,255,1,13,1,65,65,92,13,51,58,66,60,40,50,68,66,56,40,79,43,5,33,74,24,20,5,35,72,26,85,87,86,67,122,2,
P53
42,36,85,75,58,76,95,2,56,81,91,84,100,93,21,46,74,49,60,20,11,86,27,12,51,68,57,56,44,72,52,73,5,0,29,94,94,1,60,51,29,59,33,54,7,70,31,74,51,45,3,67,36,24,91,58,11,48,72,19,5,31,63,99,201,3,31,78,46,82,1,12,41,41,28,75,73,50,14,52,93,86,85,66,76,71,37,11,8,29,96,96,14,65,28,0,59,22,5,
P54
26,98,17,20,0,73,67,57,23,67,15,10,12,89,25,38,75,36,23,69,14,40,2,71,96,46,9,52,99,83,91,176,3,92,26,83,42,55,41,76,76,15,45,6,89,63,17,58,96,53,82,52,77,59,66,49,78,71,80,7,1,78,66,36,267,0,6,46,89,13,54,16,89,26,66,69,44,24,55,95,56,30,31,60,7,40,89,3,1,3,34,29,3,98,54,14,60,207,3,
P55
78,47,84,10,70,73,77,86,83,55,40,8,59,82,10,48,16,25,54,18,62,15,31,71,68,96,20,95,52,0,29,111,1,78,13,14,19,89,29,31,61,84,94,78,7,55,98,89,73,74,13,38,22,92,9,69,99,77,12,30,0,48,88,26,277,3,39,81,44,94,6,76,63,51,100,84,11,22,80,43,82,54,83,70,23,50,39,57,79,43,54,32,57,28,58,84,97,286,4,
P56
40,83,28,83,68,78,4,75,86,29,56,62,78,72,87,31,56,15,47,87,52,14,48,72,75,0,38,47,29,51,35,277,3,11,55,84,42,82,68,1,26,75,56,23,30,28,97,43,67,86,0,42,54,99,85,66,95,85,81,83,59,73,83,84,420,4,57,37,76,19,54,42,69,65,64,14,7,11,68,56,47,91,72,87,47,50,29,68,48,52,62,5,2,17,69,66,25,249,1,
P57
85,68,74,89,42,25,17,64,88,61,35,74,93,58,55,5,44,7,19,93,79,60,59,17,6,88,68,75,90,68,74,460,3,26,86,64,27,11,5,84,0,1,78,98,44,10,83,11,18,2,76,2,34,71,54,14,53,12,87,1,25,71,72,63,94,5,10,22,35,45,88,65,59,61,42,27,84,89,84,55,75,31,72,70,65,19,89,26,92,91,43,60,22,61,51,92,27,4,5,
P58
28,10,71,45,75,24,6,76,64,65,33,19,70,44,26,55,2,71,14,61,54,21,14,89,62,3,56,33,77,24,4,442,3,90,35,57,39,36,58,84,100,68,94,48,79,79,16,55,81,50,25,34,65,44,12,17,11,37,54,84,25,83,7,73,50,2,72,0,52,30,28,94,23,11,48,7,32,23,4,3,59,35,23,47,61,14,37,70,40,26,97,91,17,16,17,30,89,307,4,
P59
16,9,5,89,85,69,19,85,88,89,28,80,9,30,51,23,57,71,10,71,59,73,75,82,72,17,5,16,22,40,4,476,2,78,44,57,61,9,91,21,57,36,100,73,91,80,90,82,81,20,92,93,37,2,97,58,86,21,40,93,64,79,1,57,339,2,85,92,14,75,2,63,82,0,52,52,4,10,87,27,24,13,7,27,49,47,53,46,3,70,28,87,0,32,41,64,25,235,4,
P60
93,0,72,11,51,25,66,79,72,75,75,22,64,98,59,41,68,18,13,42,100,85,60,4,1,48,45,65,18,60,10,75,2,17,21,76,38,44,11,37,84,68,84,73,15,64,93,6,22,96,76,18,19,61,5,60,20,35,38,88,98,61,99,45,245,4,66,23,30,13,23,82,65,27,58,17,20,82,97,94,9,46,40,62,58,9,32,52,96,99,84,36,62,3,28,16,94,375,1,
