P1
89,33,78,52,97,73,59,13,62,35,55,85,42,12,23,75,17,52,53,71,20,4,17,47,73,66,55,19,6,41,61,437,0,9,34,90,64,25,47,96,57,4,65,43,81,13,51,0,26,62,15,22,31,2,100,92,7,20,83,99,62,24,80,0,132,0,67,23,75,64,96,78,37,65,11,68,74,12,36,20,25,18,100,28,77,32,96,71,3,72,92,33,24,42,53,38,19,426,2,
P2
79,70,99,37,49,60,73,3,10,81,82,0,56,99,18,75,35,38,45,53,85,85,18,5,3,92,46,86,18,19,98,356,4,64,5,87,25,28,57,90,71,3,69,21,3,61,50,86,84,81,54,49,39,61,69,88,25,97,78,5,47,78,85,7,133,1,84,23,56,20,88,67,54,27,45,56,48,71,74,13,99,16,45,60,53,14,31,11,48,21,53,0,60,91,87,87,70,319,3,
P3
34,3,68,73,74,45,54,21,45,76,20,63,50,21,67,95,74,51,45,59,56,49,50,1,34,68,87,44,31,41,32,241,1,32,85,64,88,21,67,22,43,71,84,93,22,33,39,76,82,44,3,16,31,28,79,9,33,25,53,85,79,61,40,59,287,2,56,64,92,76,91,2,31,4,39,71,17,3,87,29,64,39,43,95,16,57,83,36,24,42,93,10,95,61,46,4,68,148,5,
P4
4,84,98,24,5,8,100,92,37,15,12,3,77,53,20,21,11,76,36,61,43,36,95,29,47,26,36,66,24,13,28,444,0,47,12,15,35,55,52,85,13,74,17,18,16,65,63,19,47,60,47,25,35,47,51,89,98,29,15,3,14,74,95,87,435,4,43,24,45,74,96,50,10,12,54,97,41,17,1,51,78,18,7,60,20,31,68,12,7,63,73,53,33,23,20,67,29,250,0,
P5
19,68,91,85,25,95,67,4,98,43,57,18,30,34,60,33,95,70,69,55,65,82,47,1,47,71,81,32,66,43,85,196,0,89,27,30,73,6,71,91,91,87,21,19,5,35,80,18,60,81,31,77,35,28,73,16,32,53,91,93,16,43,65,31,52,0,69,52,26,79,31,46,75,38,29,43,89,7,27,97,33,47,94,68,25,1,97,98,54,29,20,41,62,52,70,85,39,101,2,
P6
35,2,65,1,6,29,10,29,13,7,63,73,40,23,42,75,79,7,57,92,75,70,63,55,1,95,98,82,45,75,80,471,4,4,64,27,61,20,13,48,40,18,83,86,3,43,66,34,86,68,63,24,84,61,78,40,53,60,84,17,87,81,41,51,350,0,84,34,33,25,38,63,68,27,36,61,23,35,74,83,2,99,84,65,62,4,60,82,45,21,0,81,73,95,86,76,70,91,2,
P7
48,50,79,58,46,92,65,8,31,71,99,39,46,43,12,69,34,87,38,63,7,6,57,72,54,68,12,73,48,56,96,369,1,11,91,84,26,30,69,8,15,38,17,48,72,3,15,0,94,99,61,71,39,80,97,89,63,83,35,3,26,87,74,64,280,0,95,13,44,28,40,80,89,29,81,28,12,50,26,62,14,88,66,75,35,10,62,35,92,34,97,43,76,44,12,51,73,192,1,
P8
19,18,60,51,93,57,21,91,96,67,33,8,35,68,61,40,97,35,12,20,6,66,88,18,5,1,41,95,97,47,83,174,4,56,61,47,65,43,85,82,91,57,51,5,23,45,70,85,82,75,64,79,29,27,61,65,97,53,17,71,82,47,1,3,244,2,0,71,14,55,67,96,83,45,45,75,6,59,62,73,33,64,83,62,65,40,96,61,84,72,5,62,89,30,35,19,1,312,1,
P9
33,23,44,54,14,40,88,13,14,89,81,75,28,44,9,40,64,82,73,51,67,78,53,7,72,15,20,100,98,51,30,374,5,68,71,59,15,27,82,67,32,4,78,69,89,59,43,19,37,73,12,65,3,8,84,20,45,32,33,12,93,2,7,36,84,5,57,23,75,39,34,19,14,40,79,42,12,78,5,62,5,71,68,1,98,17,39,2,80,27,100,81,47,99,82,70,38,340,3,
P10
51,88,37,38,68,51,93,48,93,21,58,1,27,21,84,100,73,50,43,92,57,81,6,77,81,71,94,34,67,67,17,106,3,52,72,5,85,3,10,62,38,65,87,82,50,91,20,62,21,23,37,71,9,48,2,42,27,61,45,34,27,81,78,99,61,1,44,93,38,24,32,83,66,11,27,38,73,32,75,40,33,72,24,72,41,3,66,40,50,79,4,31,48,82,70,6,80,313,1,
P11
21,89,86,14,2,78,1,61,46,95,82,29,61,20,45,3,78,68,51,85,10,98,21,3,31,88,36,62,72,57,59,464,1,83,19,66,10,57,30,98,4,47,54,24,75,75,47,78,45,56,26,14,99,19,41,9,53,34,90,97,52,55,12,37,412,1,3,97,21,35,7,48,39,80,81,13,87,80,86,10,18,26,80,84,32,29,62,36,26,76,17,96,82,85,41,46,44,437,4,
P12
73,14,26,40,41,72,35,89,67,96,76,11,65,53,45,15,3,55,12,24,24,9,79,61,38,50,84,34,75,96,14,20,5,14,54,69,78,59,15,31,83,91,72,97,68,83,52,60,97,16,79,4,92,98,38,48,95,56,2,6,63,39,3,53,77,5,46,16,25,85,96,72,65,48,17,16,24,35,8,70,85,40,65,12,76,92,88,59,53,35,43,95,81,32,4,90,16,206,5,
P13
54,83,47,55,71,81,50,12,92,82,66,3,97,69,24,76,60,49,51,38,76,89,54,25,90,28,20,38,8,62,63,152,5,97,82,19,27,31,76,99,27,10,48,79,70,44,62,15,14,53,12,53,0,6,8,2,79,72,8,82,73,27,5,24,463,0,1,67,72,32,82,89,48,5,91,56,42,41,96,6,54,71,98,41,96,17,43,39,11,90,37,82,79,12,99,50,66,423,3,
P14
84,48,7,34,60,65,82,25,68,78,61,59,19,20,7,71,24,49,25,44,74,14,72,61,19,47,89,32,76,100,59,140,4,17,17,4,16,10,14,64,90,51,74,17,66,89,70,78,7,37,51,82,5,29,19,13,78,93,41,83,35,31,35,48,40,5,98,99,39,11,70,96,67,78,36,62,85,56,99,48,64,60,65,6,65,42,96,2,91,75,14,89,91,94,20,7,84,343,3,
P15
59,6,64,40,99,98,85,59,56,3,45,29,40,69,78,32,12,52,12,50,79,31,97,67,30,72,66,55,31,79,90,459,2,30,29,83,60,85,33,0,1,65,55,38,43,62,41,60,43,46,55,63,60,32,21,67,81,56,98,16,54,11,1,42,345,2,95,8,43,61,86,46,89,36,1,53,85,65,79,15,71,44,24,33,12,14,7,93,69,98,86,89,72,29,38,9,32,381,5,
P16
30,84,81,81,8,37,84,53,66,91,21,10,22,33,28,34,49,6,32,46,73,62,84,5,16,81,50,36,37,35,33,366,1,1,82,71,1,49,35,56,53,44,84,94,3,94,40,59,22,66,57,43,32,38,99,96,20,18,6,21,40,48,84,16,247,1,59,70,32,13,5,100,32,56,65,10,38,1,54,62,34,66,42,7,25,10,72,10,65,43,39,2,18,83,0,2,59,394,2,
P17
13,93,37,63,11,69,53,32,79,41,31,6,42,81,12,74,93,52,35,42,23,17,23,73,54,26,75,73,59,59,72,440,2,84,81,83,6,33,94,90,27,97,49,33,21,71,99,79,13,97,83,12,58,2,97,64,90,3,79,73,81,95,4,44,349,0,38,9,100,70,66,30,46,70,32,67,31,32,99,73,40,23,49,11,34,13,20,73,15,4,55,15,6,90,40,44,78,66,4,
P18
34,29,45,54,28,23,61,59,30,2,5,8,42,64,60,77,73,83,61,96,22,81,21,97,53,46,55,93,17,39,17,147,2,50,84,36,6,77,33,55,9,20,93,74,65,5,36,47,84,94,15,47,24,71,50,2,44,30,63,14,24,6,99,57,424,4,13,86,52,59,55,50,25,52,83,91,91,89,13,39,66,47,18,86,87,100,56,7,81,63,98,20,73,53,64,93,43,94,3,
P19
71,63,2,32,88,99,0,94,6,43,23,67,86,96,15,12,57,37,93,44,100,12,90,21,4,6,60,38,91,95,61,202,4,29,59,2,50,34,22,42,75,54,14,10,0,64,4,83,10,28,53,60,97,97,90,59,10,80,65,75,47,88,23,83,394,0,68,99,77,60,16,59,50,6,47,63,11,12,10,96,64,63,95,20,70,75,49,33,61,21,87,91,14,27,33,58,1,394,4,
P20
59,11,84,26,71,90,69,94,22,20,56,4,33,12,7,25,57,7,37,46,28,7,19,88,12,9,49,29,36,72,62,324,0,33,82,6,75,56,60,55,67,27,19,37,9,96,31,62,56,27,25,11,52,1,92,16,43,4,71,66,20,53,47,86,374,2,27,39,90,77,12,3,39,90,82,15,86,12,44,46,32,81,21,47,13,82,34,66,39,14,94,72,73,47,39,62,66,130,5,
P21
54,53,19,89,13,42,8,69,46,7,81,53,33,3,26,36,16,54,10,1,8,22,77,57,17,79,28,98,6,78,60,391,1,27,51,4,48,17,31,67,20,6,63,51,68,85,44,59,96,96,61,53,78,3,23,14,35,43,68,82,81,19,76,12,191,1,42,79,3,48,69,51,29,20,63,74,66,61,54,53,7,33,1,8,100,40,22,59,11,61,72,17,22,16,83,90,92,44,0,
P22
48,9,88,57,78,100,64,25,19,63,28,45,66,10,66,42,11,74,64,54,97,47,33,24,44,39,68,71,66,65,13,484,5,61,9,59,94,29,65,22,46,99,6,56,58,69,51,85,88,96,54,11,9,89,54,43,36,1,29,78,93,7,71,68,460,1,39,2,2,68,89,66,7,55,93,61,74,67,61,75,75,26,14,63,85,93,24,56,9,46,38,58,1,20,49,36,88,297,0,
P23
36,18,70,67,43,55,96,37,67,61,48,32,2,25,5,32,46,1,79,45,92,89,50,26,25,15,91,42,29,30,65,392,0,28,42,43,50,88,7,23,44,65,58,61,15,45,22,35,22,32,90,77,41,92,44,70,36,2,78,6,22,11,18,5,171,5,22,94,6,29,14,65,57,88,31,17,63,72,43,43,35,94,35,59,15,10,71,20,69,73,40,17,8,79,72,12,94,185,5,
P24
31,91,70,27,95,2,54,8,34,23,100,5,21,45,73,67,90,64,21,40,56,47,21,46,55,50,43,33,82,91,79,10,2,56,14,16,45,24,48,2,51,29,13,74,65,36,72,20,79,12,12,22,49,48,91,93,20,12,70,38,79,76,65,98,434,2,89,86,90,45,74,21,28,2,59,37,11,94,97,13,52,12,23,90,99,58,28,38,42,36,16,13,14,35,6,87,61,340,5,
P25
5,8,85,26,16,85,15,15,90,36,27,62,2,83,93,24,89,48,37,10,61,92,60,70,91,7,60,37,87,74,58,171,0,8,69,17,10,19,47,90,59,78,92,30,98,70,9,76,58,24,23,48,16,9,26,52,14,4,94,79,58,91,23,65,233,3,73,11,3,67,80,62,4,92,56,67,4,74,45,94,63,43,52,91,48,94,93,64,6,74,66,79,26,92,5,64,78,171,4,
P26
84,98,22,99,80,11,1,73,40,3,55,99,94,44,46,30,54,73,88,80,42,78,88,69,82,74,8,68,31,91,82,324,4,41,77,58,31,36,35,22,32,100,59,41,75,16,65,65,31,47,74,57,66,88,28,59,66,52,16,55,80,81,12,22,11,2,45,21,73,15,12,95,82,83,68,27,77,98,70,95,54,17,54,13,48,60,87,80,4,79,71,9,42,45,54,84,99,462,1,
P27
80,100,71,81,72,10,51,27,8,10,37,20,7,91,60,95,36,68,73,23,36,54,63,11,88,95,1,58,76,21,21,324,5,53,92,51,41,23,50,100,31,91,16,96,55,13,9,29,70,75,16,64,33,49,83,49,70,28,30,83,19,18,38,71,137,2,13,50,88,61,33,22,88,76,86,24,70,39,7,23,52,21,49,4,0,19,49,38,95,92,83,48,41,3,12,12,92,372,0,
P28
69,59,64,19,52,38,29,89,58,36,45,84,98,82,52,70,71,54,90,34,65,77,95,32,0,36,54,17,57,41,25,356,0,11,18,1,78,15,92,94,11,47,6,87,42,42,61,24,73,94,39,55,9,9,83,5,58,69,23,62,70,60,57,37,301,1,53,62,39,6,37,24,97,73,64,4,62,82,25,77,53,93,62,1,30,56,59,12,71,67,82,49,79,45,41,7,60,471,3,
P29
10,18,72,6,73,97,42,18,80,39,66,98,75,36,52,30,36,83,73,30,15,74,32,35,57,90,76,28,81,41,92,144,0,14,57,80,7,34,93,80,20,34,89,81,25,27,40,64,48,15,39,97,20,97,65,9,24,34,69,81,55,6,22,87,485,3,66,72,26,63,10,56,33,38,3,24,14,22,16,76,91,46,99,49,24,35,82,6,84,61,17,24,34,80,84,70,16,34,5,
P30
98,99,97,5,16,76,11,48,40,52,50,92,83,87,74,55,83,55,28,15,90,86,71,31,80,51,39,41,42,64,5,302,4,95,79,82,40,65,83,95,11,7,21,17,37,35,33,77,32,19,39,97,96,64,98,64,10,18,36,99,62,23,43,84,143,3,45,18,29,44,56,32,68,37,55,85,12,45,97,77,60,21,11,42,94,96,69,10,86,69,91,36,38,38,18,46,63,231,4,
P31
11,44,46,89,92,86,40,8,43,22,95,16,78,43,72,72,58,27,23,28,59,2,46,98,10,54,61,17,60,90,37,75,0,90,18,47,51,29,20,72,47,58,74,46,0,5,31,5,68,26,69,65,57,46,84,59,44,11,82,54,28,31,7,88,416,0,73,86,38,40,89,93,24,1,3,21,44,30,8,22,38,68,17,73,44,69,7,0,4,46,38,89,58,49,17,88,90,407,5,
P32
25,58,52,31,66,95,54,60,77,98,2,14,69,27,8,93,21,67,61,67,64,71,21,91,55,47,46,76,84,46,75,81,3,38,55,26,76,68,84,49,80,84,54,11,90,89,37,24,53,60,70,2,19,81,80,0,34,74,99,41,67,86,33,90,110,4,30,28,86,54,96,56,41,5,52,15,27,56,83,10,95,94,80,1,94,50,13,32,39,71,47,56,24,2,46,30,76,425,3,
P33
5,35,87,25,61,29,89,29,10,58,56,18,16,78,85,43,10,14,81,98,71,35,44,17,77,94,29,85,68,99,40,100,0,65,22,49,81,2,99,34,80,54,22,16,45,42,77,81,10,62,61,57,62,61,30,26,69,63,78,1,1,67,56,99,378,2,96,86,2,3,91,20,85,18,76,34,95,36,27,74,38,20,91,51,18,29,89,66,85,12,34,97,8,29,38,32,34,255,1,
P34
31,94,58,20,22,68,44,79,86,26,22,36,69,99,16,49,97,88,50,40,71,26,0,100,77,34,98,53,40,30,72,282,3,79,47,13,79,26,68,68,8,12,9,51,93,86,12,20,42,41,81,73,67,49,1,11,51,3,78,6,3,42,51,20,195,3,3,75,65,88,59,7,21,53,43,48,94,81,35,84,99,19,12,87,51,63,65,85,60,74,13,98,5,90,98,90,67,119,4,
P35
58,11,74,68,56,26,94,44,62,28,43,79,44,39,32,94,45,2,87,11,68,63,46,65,83,86,61,30,23,50,47,458,3,100,90,31,67,65,9,42,15,69,27,95,89,36,35,35,75,68,51,76,45,1,79,23,74,48,31,92,32,52,55,51,73,1,55,89,72,42,7,82,57,0,28,92,50,26,77,62,79,28,92,44,12,17,17,26,81,89,82,79,44,82,45,74,66,493,4,
P36
14,17,36,74,61,64,69,70,42,12,75,40,72,87,42,58,98,9,88,43,40,70,96,0,100,18,16,2,32,78,12,425,0,84,76,37,92,57,5,85,17,94,20,18,95,95,87,45,71,98,12,15,20,87,64,52,44,96,70,65,92,87,76,70,25,5,8,2,32,31,69,26,89,19,53,65,47,31,93,38,41,72,21,58,64,2,47,45,47,57,93,92,98,4,24,25,99,35,1,
P37
53,88,78,21,24,20,100,99,26,71,85,69,96,83,44,49,92,85,85,87,51,50,72,34,52,3,78,64,82,38,34,240,5,61,41,61,11,24,20,32,43,14,93,96,60,29,93,72,45,80,24,75,98,68,70,67,100,62,53,41,47,89,25,15,67,1,29,97,13,17,82,32,82,28,29,41,33,71,12,54,28,76,22,41,87,69,99,79,61,96,83,51,87,38,49,81,44,218,2,
P38
55,15,42,20,81,68,58,65,2,53,13,13,68,72,64,52,24,14,1,96,48,54,65,25,84,47,29,28,81,88,2,75,4,26,90,49,24,32,63,17,27,22,46,87,61,57,66,85,31,63,19,68,29,18,96,82,59,42,36,84,44,51,15,77,166,2,61,24,35,8,18,65,49,17,1,27,38,29,2,60,37,55,29,1,100,56,63,49,6,15,87,21,96,77,65,4,92,143,1,
P39
22,49,25,80,81,28,99,60,41,32,31,4,84,56,85,52,17,100,5,49,91,55,62,87,83,8,40,66,10,8,100,215,3,1,3,50,85,98,39,97,84,100,54,49,84,51,11,2,18,6,20,13,54,46,55,90,96,65,6,11,3,83,83,50,237,1,100,13,12,15,30,13,42,68,9,11,95,12,66,23,13,32,79,42,81,85,57,67,72,19,9,36,23,22,27,18,93,23,1,
P40
45,71,43,10,30,84,42,28,54,93,50,4,44,33,70,15,82,61,70,43,13,53,52,53,85,28,61,75,27,51,39,417,0,0,15,46,98,99,45,51,13,28,1,91,98,20,63,84,100,16,29,21,72,25,52,78,2,56,27,85,12,77,36,78,375,4,7,94,63,50,28,38,27,22,50,59,45,29,91,90,37,71,74,94,3,45,79,80,47,69,1,74,87,72,66,50,40,76,5,
P41
49,18,15,57,12,35,49,28,39,59,61,9,74,9,36,44,52,49,63,70,1,13,99,28,88,92,80,10,97,67,11,227,5,75,16,9,92,97,4,59,53,1,45,16,85,45,99,14,32,71,5,84,48,7,5,75,92,18,18,94,3,62,11,2,490,3,56,37,88,83,25,3,41,36,32,99,25,35,69,65,28,39,76,74,85,22,42,86,62,95,24,95,44,45,34,19,90,321,2,
P42
69,29,92,84,57,98,43,85,6,16,94,42,26,11,57,55,82,58,69,46,86,56,37,31,33,0,99,41,11,15,80,341,3,60,91,14,18,9,15,64,25,0,75,91,81,6,61,86,90,75,93,96,16,50,80,34,9,49,62,21,84,30,15,90,203,1,38,48,51,79,51,49,43,76,84,79,41,78,17,83,51,68,5,59,53,33,53,43,94,63,54,27,83,14,83,5,20,164,0,
P43
30,68,19,39,52,25,55,11,33,48,23,90,2,4,13,37,16,100,94,53,97,93,19,61,33,31,77,98,77,88,6,41,3,7,81,24,37,73,91,11,63,71,17,90,56,74,64,14,35,46,64,81,46,73,29,7,60,80,37,75,40,93,12,67,218,1,66,70,27,8,12,77,87,53,21,70,1,38,37,6,98,57,6,16,66,100,46,20,94,28,34,42,100,63,63,85,95,415,4,
P44
45,74,31,67,85,30,81,7,87,49,78,100,87,94,65,46,13,62,38,32,22,37,63,65,35,40,52,21,12,74,24,157,3,3,32,28,15,61,65,99,50,20,72,80,34,6,26,64,53,72,3,83,46,29,28,49,71,68,42,83,82,8,42,11,217,4,69,67,78,22,86,65,92,87,3,96,60,67,52,32,83,84,31,28,3,91,22,4,33,88,33,62,73,40,56,94,91,370,4,
P45
57,31,21,37,5,7,86,83,73,72,43,38,17,56,66,21,88,54,25,17,19,26,23,37,47,1,10,6,25,23,82,285,1,93,34,46,92,84,66,29,30,67,2,56,97,55,94,66,3,39,96,98,89,66,65,30,14,13,4,57,100,15,30,75,166,1,12,11,50,71,64,53,66,23,19,84,21,2,67,53,97,37,43,19,41,42,6,74,3,45,13,25,38,55,16,98,95,329,3,
P46
85,26,24,71,75,97,8,17,34,93,73,66,13,27,20,4,10,39,30,33,42,77,0,19,50,26,42,13,74,63,59,430,2,32,14,58,61,44,91,29,66,53,51,60,19,54,65,81,52,53,12,83,49,26,96,53,83,61,35,13,41,9,44,41,259,1,65,39,9,97,28,28,80,50,97,13,2,60,50,11,79,91,20,51,30,23,97,9,15,34,30,98,99,36,92,73,23,236,1,
P47
29,30,50,3,13,51,96,87,16,76,80,36,80,90,41,10,89,50,87,89,69,2,81,10,82,55,40,11,80,61,8,314,2,68,35,12,98,0,66,48,26,51,68,92,31,86,10,43,69,26,69,30,45,52,92,80,31,99,55,75,97,62,99,30,182,5,19,6,96,100,56,59,79,24,18,28,1,63,85,21,13,14,11,76,23,26,77,20,23,75,56,14,13,48,37,92,23,439,3,
P48
11,71,99,74,57,14,49,2,17,28,58,24,38,12,74,92,0,42,60,48,19,42,69,25,53,48,86,85,22,43,100,474,2,94,0,30,7,26,81,41,84,78,27,61,20,62,87,56,58,31,7,49,78,38,13,99,79,10,61,77,63,57,77,16,303,2,22,53,70,0,77,54,95,78,16,79,100,96,59,77,72,48,2,14,68,25,89,24,5,1,72,9,93,88,32,90,20,162,3,
P49
73,36,44,21,38,27,16,62,52,20,74,92,78,40,34,38,88,19,80,56,44,99,70,29,83,92,72,14,92,51,64,454,3,23,69,37,30,53,15,23,80,1,85,66,57,43,63,64,58,6,68,38,5,46,48,66,90,77,89,66,70,4,42,94,237,3,87,85,88,81,29,70,25,95,65,84,71,2,31,73,16,100,64,71,90,35,39,61,44,31,14,42,88,79,62,96,14,482,2,
P50
52,91,82,68,52,100,88,25,58,66,32,92,70,19,77,49,42,20,47,11,49,97,3,88,10,61,38,21,24,25,42,361,2,23,96,79,47,75,46,98,6,3,6,70,67,31,42,1,69,47,47,16,79,36,59,67,68,95,71,76,21,64,53,54,340,0,61,76,1,86,36,33,69,6,1,67,45,18,32,8,55,21,9,94,82,20,25,63,62,79,7,91,40,87,71,53,32,333,0,
