P1
41,67,35,100,59,49,30,26,63,87,99,89,98,10,98,99,42,49,48,69,93,36,88,33,33,55,73,58,25,75,67,121,3,2,1,16,29,72,72,91,70,66,36,85,45,68,53,26,24,19,70,86,83,44,69,36,89,100,68,56,45,36,28,38,108,1,18,19,96,89,12,16,22,35,3,11,1,92,97,41,45,33,91,88,75,97,75,30,28,85,76,74,30,33,33,68,51,35,5,
P2
66,67,51,63,94,81,15,58,35,12,68,99,77,77,48,92,11,6,27,99,5,26,54,45,51,45,19,17,11,27,44,73,0,33,68,58,23,3,91,25,55,35,93,7,61,83,93,97,68,76,41,3,11,96,2,80,52,13,82,80,84,86,42,18,499,2,6,65,50,28,0,53,39,68,10,1,9,22,34,66,76,75,29,50,4,57,35,47,30,31,80,64,100,53,81,52,87,102,4,
P3
73,20,17,88,78,18,66,12,17,42,55,31,100,66,37,94,65,42,19,85,87,36,29,73,54,7,66,73,17,26,56,19,0,7,80,51,99,34,53,91,7,13,39,0,77,7,42,17,10,53,79,79,99,30,59,80,77,42,31,18,79,15,95,22,335,1,15,84,22,54,51,100,56,26,21,56,59,97,31,88,47,35,44,48,82,74,79,28,3,78,47,85,97,33,37,13,18,40,3,
P4
9,91,78,41,69,61,49,23,92,49,89,28,42,19,36,27,70,23,64,100,62,17,73,27,56,56,54,32,11,66,87,280,0,20,41,43,77,49,23,16,15,100,90,57,83,66,76,61,10,75,58,69,20,34,11,52,52,56,67,13,96,56,54,42,494,2,39,80,24,95,6,45,50,65,41,47,52,54,83,62,1,30,35,81,24,39,24,71,90,20,71,93,100,73,11,62,50,148,2,
P5
27,91,28,76,80,19,24,69,13,66,54,50,94,24,39,23,90,0,40,62,27,96,84,47,27,95,80,18,81,1,7,308,1,86,9,85,68,91,50,23,13,99,89,90,26,99,30,84,34,50,84,11,68,1,67,35,14,29,57,34,82,65,96,50,119,5,10,14,32,26,79,40,74,97,94,22,58,96,52,59,76,43,64,100,13,53,20,84,12,86,57,23,48,20,73,56,49,190,0,
P6
49,38,66,74,73,80,5,27,96,65,51,34,88,40,34,94,68,27,90,51,75,83,11,20,67,92,21,19,65,80,13,343,3,17,62,10,40,41,9,95,30,35,60,60,85,94,10,68,4,78,69,37,79,50,66,1,84,13,67,45,23,16,16,0,440,2,75,48,80,48,10,74,70,68,35,89,93,10,31,57,76,10,76,62,95,88,48,51,10,96,71,49,51,45,98,87,73,55,1,
P7
53,57,43,59,84,38,23,0,38,78,40,72,71,74,66,26,24,6,9,35,26,76,93,47,61,23,94,93,37,44,56,468,2,6,85,2,68,82,3,27,41,54,20,17,21,91,62,57,27,6,6,94,8,56,73,41,68,96,23,50,79,23,60,97,16,4,87,10,71,23,78,5,11,36,82,8,93,58,18,69,19,79,22,33,96,33,28,33,48,45,78,46,31,63,85,31,71,414,3,
P8
14,51,72,4,17,9,82,24,48,18,98,13,45,22,19,54,23,11,96,16,24,23,39,17,15,42,27,5,99,95,79,283,2,64,92,45,57,100,99,43,83,87,33,44,9,60,17,82,19,25,3,93,66,71,88,89,87,33,79,46,5,41,57,71,128,4,94,85,37,71,21,85,79,80,42,64,14,28,42,37,61,38,36,56,71,84,67,48,29,65,78,13,96,38,85,3,44,102,4,
P9
49,28,52,97,52,66,15,16,45,60,38,30,80,61,41,41,43,66,30,83,49,12,24,77,84,89,71,89,34,48,83,32,1,27,13,22,36,97,75,69,6,84,95,23,65,14,14,68,73,46,5,26,35,92,59,80,38,64,87,61,77,57,75,50,33,4,15,75,57,60,21,99,23,35,93,66,72,54,70,7,76,40,92,42,54,87,6,31,67,69,69,51,72,38,61,25,76,28,4,
P10
80,95,82,61,10,27,20,48,23,66,75,65,73,18,97,3,67,45,15,57,88,99,12,24,54,46,72,85,28,14,74,265,2,86,51,96,20,57,79,81,81,9,95,95,78,33,41,83,60,42,40,18,88,78,49,40,38,92,97,80,91,12,34,64,349,1,36,88,98,59,22,90,91,61,9,60,34,85,66,92,94,20,79,66,51,45,34,20,62,72,24,22,64,100,65,30,0,181,4,
P11
34,18,9,20,32,32,86,73,63,25,57,59,28,23,71,9,47,24,74,59,49,27,4,87,12,32,0,12,73,75,6,469,0,50,7,53,30,54,62,92,49,5,24,56,54,84,64,95,69,17,38,17,57,43,75,19,22,65,98,56,77,61,40,10,111,0,25,72,85,83,32,61,8,33,45,75,24,4,95,2,71,45,47,4,31,75,43,55,98,6,21,28,36,19,28,86,19,484,4,
P12
27,91,69,79,64,31,3,87,57,98,10,27,73,57,17,47,15,66,74,19,19,52,17,86,31,90,61,92,63,19,90,486,1,6,68,31,98,83,3,22,38,57,72,68,17,40,51,56,23,7,99,98,93,20,63,90,42,5,16,48,22,26,61,32,283,1,68,56,59,77,89,71,51,12,41,11,82,11,22,28,83,54,70,25,75,67,31,62,95,33,81,89,85,95,74,41,8,444,1,
P13
34,40,94,38,26,50,1,2,43,75,59,61,21,40,93,61,25,78,80,9,64,77,65,24,68,27,43,96,83,19,17,38,0,97,10,93,18,14,15,56,48,33,63,99,89,86,72,87,50,64,73,79,53,14,84,35,28,6,61,89,64,60,17,22,31,4,85,51,55,1,30,97,79,11,7,0,5,56,20,75,81,62,7,78,23,68,10,4,22,95,99,97,2,24,71,65,55,480,5,
P14
21,52,68,89,54,78,63,13,4,50,19,97,11,45,75,57,20,4,33,85,28,67,79,37,29,27,57,87,44,82,31,346,2,40,8,61,62,22,60,24,21,48,10,93,0,26,23,39,4,42,19,54,78,47,26,4,35,91,30,18,43,52,12,58,28,1,22,12,26,0,23,34,67,28,56,88,70,37,49,77,14,72,45,92,42,67,52,7,29,20,31,100,86,40,20,34,42,247,1,
P15
20,88,16,49,67,20,100,86,83,77,97,23,100,83,27,32,68,21,99,12,59,27,39,15,81,50,97,85,81,30,67,3,4,20,75,41,44,96,89,20,55,55,12,44,94,16,86,12,37,29,25,63,34,60,53,64,45,63,83,23,17,40,9,26,231,1,8,35,30,42,29,87,29,99,90,44,76,70,82,20,27,24,53,46,98,83,66,28,82,17,69,69,51,39,77,97,52,394,1,
P16
83,50,58,48,35,41,24,99,30,23,81,24,21,14,45,19,26,3,13,66,85,94,15,48,44,62,78,0,96,61,78,17,2,37,46,94,23,67,48,36,10,7,52,62,86,89,92,10,18,92,36,71,21,47,33,3,70,16,10,45,14,2,96,39,225,1,94,61,85,22,25,74,66,0,9,47,87,37,37,40,83,34,89,14,63,36,32,98,4,83,2,82,46,37,33,43,26,248,1,
P17
25,78,37,15,76,67,4,23,91,25,37,2,10,64,5,23,96,57,83,77,4,94,38,48,94,33,75,65,77,51,1,49,0,63,74,93,99,84,100,16,11,51,5,2,27,23,60,30,60,82,77,60,85,47,76,61,92,57,64,87,42,2,94,31,485,2,14,96,59,46,96,69,59,49,72,97,55,20,30,43,34,59,45,32,22,16,15,91,64,61,95,97,3,29,89,74,69,80,5,
P18
16,4,65,20,94,21,11,30,23,22,60,96,45,21,52,95,98,22,88,36,70,81,35,44,45,12,95,6,80,89,63,6,5,29,83,80,46,95,30,17,63,58,6,23,54,32,4,30,92,55,77,34,83,35,91,46,88,32,14,48,19,46,81,41,390,4,14,30,8,39,45,80,35,100,66,32,8,67,57,54,99,46,36,13,36,100,40,30,96,10,26,50,84,41,85,18,65,212,1,
P19
49,52,56,61,83,45,49,8,40,60,30,58,54,27,80,41,29,15,21,31,25,33,9,86,5,55,75,8,84,33,33,104,4,53,58,42,70,87,66,42,9,86,75,80,16,32,35,59,66,84,60,22,29,48,21,9,62,40,21,42,73,63,5,15,321,1,3,60,69,39,59,35,37,34,68,94,54,66,39,90,80,42,89,86,38,50,96,64,66,45,4,50,29,19,14,44,84,191,0,
P20
60,34,9,75,8,16,34,38,74,89,32,20,29,27,1,17,24,27,16,33,12,21,55,87,96,38,87,4,37,72,63,310,1,52,16,92,60,92,78,0,72,94,33,73,18,65,56,79,54,51,93,75,60,54,81,82,62,54,10,34,4,92,63,43,397,2,22,28,78,25,28,45,19,82,11,24,37,57,32,92,8,71,41,4,34,73,15,39,22,45,24,2,55,32,53,24,41,205,4,
P21
37,80,61,72,85,0,60,16,87,55,9,89,72,34,15,88,33,94,75,88,81,37,93,33,41,29,71,77,93,42,29,11,3,70,37,100,70,75,59,69,47,77,0,2,21,54,19,80,95,45,33,75,93,62,28,2,96,100,95,24,29,3,70,39,343,2,67,47,64,52,95,41,42,32,98,75,23,73,45,31,77,45,3,58,50,93,2,74,61,57,72,13,81,47,55,66,21,236,5,
P22
67,72,81,26,88,68,48,64,22,19,98,3,74,97,97,14,51,43,51,43,76,59,38,46,1,30,88,55,26,76,93,191,2,9,47,75,44,60,18,44,62,39,98,47,19,92,92,18,67,85,46,61,87,41,26,47,66,22,17,1,73,56,74,65,296,1,73,73,71,81,4,34,55,95,6,66,92,49,78,61,7,27,53,76,1,14,100,39,94,46,86,48,11,51,35,23,74,197,5,
P23
86,1,49,33,31,71,18,95,40,58,91,37,73,41,80,90,50,22,48,89,68,49,18,22,70,10,64,38,3,77,55,386,4,76,80,48,19,7,54,17,20,39,75,11,23,7,96,70,35,49,10,61,96,42,83,79,43,22,35,16,78,66,2,41,101,5,55,67,84,76,27,57,8,85,5,86,46,79,12,99,55,80,79,20,19,39,66,4,53,78,22,89,67,35,28,29,83,495,0,
P24
88,75,6,72,69,46,30,26,83,2,67,29,92,84,17,6,72,85,21,56,73,92,67,2,96,36,80,15,91,90,44,94,0,61,21,42,44,41,47,85,53,70,93,14,39,27,63,16,54,25,24,37,3,68,25,4,84,2,71,53,76,78,0,38,3,3,25,56,24,33,41,30,18,87,75,30,51,96,77,97,15,96,35,82,66,88,59,88,42,25,22,71,21,6,19,84,10,293,1,
P25
15,100,2,45,25,52,13,59,47,72,42,64,78,13,14,99,69,88,90,35,90,86,37,35,67,27,25,17,37,56,19,367,5,48,29,18,100,48,89,58,63,94,51,25,76,4,16,0,7,20,68,32,91,17,34,61,36,77,39,37,6,43,25,58,416,5,43,46,95,27,32,36,24,50,31,0,12,47,96,47,28,61,0,53,15,9,44,3,46,65,10,65,14,51,42,54,85,261,0,
P26
30,47,61,44,5,74,15,13,37,59,26,51,57,61,4,13,63,61,99,100,62,65,94,87,49,30,42,22,15,64,46,384,0,57,69,51,14,31,11,65,22,87,35,39,53,43,25,87,75,15,71,76,77,6,18,82,9,24,91,34,69,48,21,71,293,0,79,99,12,2,14,43,2,26,90,64,39,84,24,5,36,39,14,47,9,26,11,19,58,26,36,100,46,51,50,11,28,498,3,
P27
90,82,65,71,95,68,29,20,86,52,47,56,65,9,16,63,9,45,95,69,31,9,65,40,31,81,70,29,26,80,82,250,5,51,87,60,82,8,13,17,47,66,60,38,19,0,54,90,76,97,96,94,44,5,85,34,5,53,49,26,85,86,82,37,242,5,30,90,49,99,82,4,62,20,55,53,93,91,58,73,3,67,100,15,52,57,7,88,56,53,5,5,30,99,0,6,97,28,1,
P28
52,21,86,47,7,37,99,54,94,64,64,76,93,39,20,53,7,18,62,38,58,60,18,27,89,44,73,75,25,100,43,30,4,18,77,73,1,90,5,27,28,24,28,48,13,70,10,8,64,54,80,14,54,86,67,2,78,18,55,60,52,92,27,76,167,5,96,44,90,23,64,44,42,56,1,0,29,4,33,95,86,86,51,93,39,73,11,44,44,42,9,44,14,80,41,76,2,497,3,
P29
90,94,48,55,13,41,18,77,84,77,82,3,30,55,88,58,94,45,17,11,38,72,22,77,13,13,76,72,57,62,12,337,2,44,26,90,71,20,80,99,68,93,35,78,67,65,98,47,79,51,32,45,20,9,29,75,69,81,32,63,59,74,99,17,3,1,25,84,65,68,5,32,34,0,2,67,61,89,18,11,47,58,84,25,68,28,33,77,38,47,22,79,22,87,81,8,73,351,2,
P30
67,35,38,51,78,21,95,26,92,24,81,79,48,40,91,66,18,95,37,40,72,50,53,13,89,76,42,71,55,63,88,25,4,55,44,44,19,78,36,54,21,2,18,18,15,97,36,47,8,56,23,37,97,58,85,28,20,9,1,19,18,86,43,40,301,2,40,63,3,74,30,5,6,91,60,25,69,7,83,18,32,16,12,31,94,51,78,15,96,66,2,77,74,9,15,31,55,232,2,
P31
5,42,27,100,68,85,90,14,64,37,55,20,69,73,14,6,79,52,22,31,66,10,74,74,48,95,2,49,82,67,53,256,1,59,31,95,13,53,63,98,37,79,95,73,25,69,28,14,72,24,73,56,18,93,65,87,78,49,72,88,31,78,41,2,227,0,95,57,55,67,13,82,92,82,89,40,67,87,57,79,17,16,29,61,98,92,93,66,68,67,75,83,64,21,3,91,64,463,3,
P32
52,8,33,7,22,63,45,77,83,13,15,64,86,94,15,75,92,47,51,31,20,99,25,23,48,73,56,69,26,30,44,127,5,82,57,81,80,95,25,40,33,50,75,62,31,46,52,3,2,37,96,33,23,74,83,61,27,80,4,68,70,6,5,55,376,5,30,61,40,89,8,95,95,41,81,51,20,64,67,15,91,31,6,83,97,40,49,38,89,80,25,58,70,63,88,84,85,482,1,
P33
52,26,46,63,3,96,76,85,59,28,79,40,2,36,54,53,67,40,52,58,29,66,30,85,0,22,81,85,67,85,18,109,4,34,23,24,40,56,41,14,84,72,60,2,75,28,5,36,28,28,76,10,55,2,56,59,70,25,31,42,79,86,37,86,344,2,73,18,21,67,26,68,85,46,31,17,27,21,48,34,3,45,40,19,49,29,65,74,53,0,2,41,84,90,25,94,64,327,2,
P34
81,81,75,22,65,100,16,9,6,85,11,60,4,78,100,22,1,96,54,99,80,54,20,27,4,87,11,72,71,89,17,62,2,25,82,76,5,32,47,32,0,21,26,5,23,54,100,100,30,20,1,87,79,38,78,76,46,22,62,83,67,47,8,39,237,5,97,4,71,81,16,1,99,43,89,12,43,59,23,84,44,72,79,8,46,31,75,48,38,59,38,63,52,20,93,97,90,452,1,
P35
6,0,93,22,76,65,74,88,24,78,31,90,100,33,85,53,31,31,73,51,24,78,4,35,15,41,24,33,59,59,65,466,0,44,54,23,76,20,10,2,25,33,22,91,99,53,10,67,5,55,4,83,31,16,5,59,65,38,5,39,39,10,95,55,446,4,70,16,63,34,26,51,47,69,76,70,18,86,42,97,60,54,95,35,68,99,94,5,28,11,93,20,8,16,9,75,46,96,2,
P36
53,35,15,26,22,5,70,19,95,35,52,46,54,49,43,27,0,67,71,71,68,52,11,92,52,36,17,44,67,42,20,476,0,97,35,14,65,27,13,88,84,12,40,95,79,45,15,49,94,46,31,99,71,96,36,43,34,41,53,95,56,74,9,71,14,0,80,84,91,26,52,32,63,71,18,71,33,78,24,94,12,92,59,72,64,87,84,56,6,92,72,83,66,48,28,23,7,216,2,
P37
12,65,81,49,85,75,84,2,87,38,52,29,65,18,96,1,89,64,53,66,21,4,2,4,14,69,47,75,55,23,34,383,2,35,38,54,22,21,66,28,82,10,39,98,59,33,9,90,98,81,51,34,23,85,75,42,45,98,16,21,57,87,32,88,265,3,0,25,9,63,62,27,33,61,72,23,21,50,81,80,22,44,66,5,66,72,63,3,54,95,52,82,18,39,56,91,56,173,4,
P38
83,5,72,66,74,58,3,25,54,34,43,49,35,98,79,55,64,67,25,32,71,6,67,17,81,89,7,31,22,62,71,434,5,10,57,83,4,5,93,44,2,51,77,78,6,40,24,57,74,47,7,15,56,52,79,72,73,35,58,4,99,45,40,21,91,1,18,43,86,17,4,57,40,25,6,20,4,95,31,36,100,63,7,28,67,28,23,18,76,7,23,31,98,5,53,80,37,93,0,
P39
2,6,23,6,32,77,6,41,92,8,5,37,29,35,3,54,67,40,60,100,58,7,88,65,38,9,93,31,46,92,49,254,5,93,69,90,36,37,6,79,14,79,18,5,35,59,18,42,40,74,61,18,45,33,19,2,4,85,14,44,100,1,74,94,134,1,54,93,4,60,84,11,81,54,72,78,90,38,40,64,66,6,92,55,91,33,62,80,31,26,85,84,72,82,21,60,41,203,3,
P40
21,96,62,27,3,19,1,8,56,30,9,25,51,76,66,77,41,23,84,29,54,88,4,12,19,51,3,15,100,0,20,229,3,29,45,26,74,26,71,59,31,6,17,49,14,23,23,41,7,68,75,26,37,79,77,51,89,77,52,29,40,12,71,7,470,3,1,2,45,48,23,16,25,12,20,65,76,87,38,33,41,95,33,70,75,64,96,59,13,67,40,0,93,70,42,11,9,373,0,
P41
13,66,47,15,40,70,11,49,95,62,91,60,5,31,49,89,60,69,77,65,81,96,82,84,77,81,51,77,67,13,80,305,3,82,42,22,40,39,95,23,88,75,12,10,16,19,79,91,45,82,35,22,32,90,65,50,18,71,62,56,29,70,38,17,13,4,57,3,97,82,82,17,12,58,70,50,57,10,45,90,80,86,53,41,44,33,74,51,100,67,87,41,44,56,16,91,73,492,3,
P42
61,18,87,39,33,82,67,23,7,72,54,23,61,14,92,3,45,39,65,26,89,41,73,39,84,39,18,54,85,97,12,71,3,23,85,29,46,72,3,58,83,19,43,27,76,88,8,10,76,6,67,6,22,51,77,85,6,73,20,10,19,37,56,26,456,1,20,8,82,33,66,51,49,22,28,60,12,74,45,31,15,90,30,55,6,30,88,93,37,32,48,54,89,84,93,15,13,96,3,
P43
51,13,72,84,2,79,56,57,68,83,37,26,52,82,65,16,74,53,57,46,59,6,85,77,60,69,40,97,47,87,98,136,4,38,79,86,96,27,5,4,20,47,92,95,24,34,0,91,6,89,41,50,39,14,22,59,24,7,62,47,27,88,53,25,353,2,46,55,81,61,77,8,21,55,49,66,53,64,21,83,18,27,79,6,19,16,4,33,36,59,83,28,40,31,41,63,53,365,0,
P44
82,2,37,3,25,71,52,62,97,3,9,61,19,83,81,42,28,39,48,12,15,74,48,21,36,95,8,23,59,75,6,278,5,87,24,32,91,44,80,49,38,3,49,4,60,21,94,67,71,32,47,59,58,72,66,86,85,59,40,37,34,31,35,85,335,5,14,27,83,35,82,31,67,0,95,89,50,79,15,28,51,1,10,21,34,46,47,84,75,87,14,82,16,41,35,100,49,254,5,
P45
9,69,89,27,30,51,30,40,12,15,22,59,57,17,98,71,29,79,10,43,0,46,38,75,35,63,49,16,69,92,44,320,5,75,70,39,90,74,8,4,45,68,26,4,1,97,36,48,22,60,86,54,46,70,13,52,7,47,83,8,8,67,67,8,84,4,50,75,61,16,75,21,4,24,67,87,19,84,88,29,5,88,42,52,71,16,4,51,64,20,92,99,20,40,13,46,29,443,5,
P46
71,57,5,67,63,84,82,51,42,38,68,5,75,64,84,51,6,50,97,10,24,99,73,39,14,41,31,13,51,91,21,126,2,64,77,83,69,21,16,61,25,17,23,27,66,45,54,51,100,66,88,79,17,61,92,66,69,67,33,1,35,41,4,4,477,3,46,62,85,16,52,51,2,71,35,56,67,6,44,8,24,14,91,28,32,20,49,23,19,35,29,99,47,32,28,68,74,48,0,
P47
88,76,22,35,27,64,39,95,69,13,58,18,64,31,69,27,41,59,25,14,99,5,21,96,85,39,86,52,60,100,14,94,3,39,34,40,100,25,57,90,18,89,34,72,6,100,3,94,78,20,54,70,87,89,36,86,90,37,93,60,78,63,6,2,296,2,90,47,98,59,85,99,14,51,4,58,25,95,39,82,22,71,1,37,60,87,38,56,86,86,88,13,19,83,53,14,8,373,2,
P48
49,68,42,89,63,10,68,87,29,99,17,64,25,59,89,16,39,53,88,26,48,72,31,0,91,58,66,81,72,6,87,31,3,68,31,98,57,16,53,58,88,59,57,92,18,1,78,38,71,30,93,73,82,82,76,74,8,53,3,14,54,72,88,39,129,4,67,11,23,48,28,94,72,53,88,10,0,77,47,69,13,74,55,52,29,6,3,16,86,22,99,38,2,26,47,29,80,489,2,
P49
41,70,79,76,56,74,74,40,3,65,65,58,47,70,11,34,96,25,5,27,92,96,51,23,43,22,30,69,75,37,83,16,3,63,0,11,87,89,36,43,46,20,10,90,24,81,87,16,19,68,98,61,8,5,81,11,87,34,83,74,96,88,58,16,468,0,94,69,35,66,89,89,42,55,65,90,23,79,63,45,97,58,51,100,74,37,88,38,41,90,30,88,18,48,34,59,27,249,1,
P50
58,28,20,98,68,23,62,32,82,8,1,59,8,64,84,13,57,76,76,7,65,85,96,61,53,36,98,89,18,3,42,132,2,69,13,67,12,25,87,89,81,10,70,67,26,55,1,90,83,9,62,63,87,48,63,35,88,58,89,11,11,72,36,40,309,0,59,83,79,1,3,44,91,27,89,19,72,51,43,89,16,16,25,3,20,67,59,50,20,77,99,20,2,54,14,63,73,471,0,
P51
39,66,80,0,99,27,75,66,86,49,29,35,63,52,77,4,59,42,89,20,2,41,57,0,96,75,70,98,17,68,22,64,1,18,40,61,7,21,71,43,54,63,64,55,53,46,30,14,75,83,28,38,17,15,62,73,93,40,44,29,82,50,44,69,309,4,74,48,99,30,41,53,15,79,70,58,68,86,40,93,55,60,25,13,77,46,57,41,32,59,61,46,21,71,19,32,59,244,1,
P52
23,99,93,64,30,44,13,26,79,42,78,22,12,3,64,0,23,32,7,46,99,69,88,69,67,71,2,87,93,2,82,166,3,76,72,21,85,25,84,48,47,2,95,77,16,35,60,10,73,43,92,1,15,85,41,25,80,89,76,90,11,44,40,86,125,2,56,54,43,37,32,80,96,100,65,1,59,87,28,84,100,4,96,22,11,28,47,72,74,34,42,59,66,67,85,79,6,484,3,
P53
46,98,88,25,23,32,33,0,54,45,3,84,11,94,16,18,39,14,53,26,49,86,97,52,72,90,54,90,37,21,83,171,2,70,3,100,17,16,69,78,93,85,13,18,62,52,62,53,53,77,37,94,2,83,49,78,73,60,88,12,55,73,91,8,137,0,43,30,46,4,97,77,6,55,63,34,38,29,4,34,51,82,28,99,53,68,32,61,27,65,94,78,9,17,84,7,26,463,4,
P54
74,41,86,6,7,39,17,11,90,28,71,5,12,76,86,66,2,35,51,65,87,90,20,6,79,58,94,45,6,11,47,467,3,92,76,72,70,34,22,49,53,84,67,14,37,87,57,40,46,25,90,95,69,62,55,56,74,76,95,30,13,2,56,95,88,3,98,33,38,3,54,68,3,93,97,74,93,13,55,87,11,74,54,10,34,47,75,27,24,50,10,74,57,60,67,60,64,375,0,
P55
53,26,89,37,3,78,65,74,83,78,49,68,9,17,69,26,49,55,15,69,28,61,93,21,5,100,100,2,46,17,65,323,5,30,32,76,45,85,26,11,65,29,64,88,35,10,13,24,4,48,86,25,71,26,1,65,56,81,34,79,63,95,76,24,380,5,67,13,27,36,5,90,76,64,2,97,50,81,70,71,91,70,17,31,63,42,81,74,15,37,33,82,63,55,11,22,78,15,1,
P56
1,12,51,33,52,100,77,68,33,86,85,2,11,33,23,27,69,17,54,61,39,25,60,38,27,72,21,79,3,31,4,256,4,35,58,84,46,89,12,10,77,48,87,56,72,91,70,24,83,40,50,84,72,72,30,5,50,93,100,93,75,90,100,24,297,3,80,7,97,55,38,65,17,54,45,87,24,1,22,42,32,86,50,12,25,65,15,58,13,79,79,24,67,59,69,2,14,495,5,
P57
3,96,34,80,29,34,65,13,2,77,13,92,70,48,9,90,8,14,14,35,52,7,6,39,87,9,70,4,81,80,84,196,0,36,12,95,12,55,8,99,77,47,56,47,71,38,87,20,88,24,58,17,29,75,76,95,67,50,84,66,48,74,56,10,279,2,36,14,60,53,68,71,6,93,73,28,34,4,80,84,84,4,14,65,29,94,9,74,85,77,100,53,45,31,33,21,69,5,3,
P58
30,70,40,95,49,42,37,62,34,73,9,9,62,85,23,42,19,41,50,92,80,2,68,50,73,14,96,79,98,36,27,475,2,22,90,100,21,33,12,43,80,83,81,32,69,68,57,27,51,52,1,26,47,68,42,97,100,56,71,56,53,81,57,69,454,0,22,3,22,95,96,95,22,96,66,69,79,49,39,59,80,34,53,90,8,3,32,7,56,77,38,55,99,30,24,33,12,474,0,
P59
89,20,34,25,49,34,65,24,43,26,8,66,69,94,6,85,86,52,87,19,68,59,33,63,38,97,99,90,91,70,79,47,1,90,45,22,32,91,71,79,90,40,46,12,33,63,64,0,55,77,68,97,74,33,19,44,55,72,91,11,82,59,24,15,10,1,6,98,99,95,93,64,63,37,79,69,97,59,2,15,48,10,18,80,84,40,22,22,95,20,52,85,54,0,97,56,69,470,4,
P60
70,5,48,34,29,57,27,4,89,96,98,95,80,49,13,32,68,81,91,0,44,95,98,8,84,88,45,65,32,1,1,94,5,13,26,16,93,82,22,4,94,55,68,23,21,89,0,89,86,40,88,71,50,43,42,40,20,90,65,10,46,46,46,60,430,0,64,46,33,93,84,78,61,46,36,64,27,50,40,11,96,24,17,18,12,11,38,64,63,58,64,59,14,34,28,68,58,342,0,
