P1
93,8,74,81,16,80,78,79,35,14,47,72,39,28,54,65,75,18,19,30,13,14,23,74,67,64,33,95,1,56,60,249,4,32,41,3,41,64,35,88,23,94,79,76,76,50,19,60,94,79,100,12,14,20,23,29,35,94,5,63,81,23,19,55,112,3,25,78,40,44,57,93,54,60,8,54,56,18,60,96,87,24,27,63,41,28,2,60,30,99,18,84,90,62,61,15,86,496,2,
P2
40,46,17,84,92,19,64,4,91,69,33,10,33,74,95,52,3,75,33,26,48,66,56,47,60,57,69,58,84,100,90,59,4,96,56,86,49,46,79,27,21,54,44,6,80,37,51,46,49,65,66,38,94,0,32,99,29,12,88,14,59,42,40,4,374,4,30,16,27,50,76,1,4,98,19,30,93,72,20,87,34,61,14,36,87,10,0,5,95,90,33,55,72,95,7,30,37,221,0,
P3
74,2,98,37,7,88,6,40,99,5,80,59,24,83,33,23,8,81,89,30,94,14,54,63,72,37,62,33,26,73,100,65,5,19,8,73,13,96,27,57,1,6,60,52,52,75,84,84,12,77,84,44,42,80,22,29,94,82,38,0,91,8,29,27,31,0,87,89,24,57,86,43,53,45,82,74,31,15,0,11,18,54,21,18,59,15,75,58,37,12,52,44,8,47,47,21,100,314,4,
P4
3,15,98,76,21,62,81,0,20,71,83,54,94,57,0,82,87,95,97,40,23,34,77,85,34,70,23,46,69,31,72,156,0,40,99,85,63,100,92,22,17,9,63,0,94,76,44,43,19,86,89,8,81,83,90,85,49,80,93,78,65,87,81,93,288,5,57,61,69,76,72,50,15,69,32,16,80,50,70,1,34,95,83,75,18,86,87,71,29,96,17,42,16,53,42,92,65,269,3,
P5
47,67,80,95,67,67,65,49,87,59,72,53,6,59,47,69,65,70,70,8,20,3,78,10,49,12,41,3,51,88,64,420,4,56,44,65,44,61,75,7,62,34,49,72,43,68,57,32,76,3,81,31,55,96,11,47,39,76,100,86,99,93,30,48,481,2,40,91,30,56,25,62,38,5,78,74,73,79,34,21,53,52,7,40,89,2,1,73,45,17,92,53,75,37,17,59,57,353,3,
P6
58,88,34,90,2,87,48,75,40,20,100,53,90,64,90,59,38,9,62,82,86,10,95,94,80,45,47,1,8,67,33,237,3,58,0,78,65,28,11,80,100,21,48,22,19,90,93,100,21,47,95,99,60,100,40,60,85,39,52,14,78,66,88,90,141,0,79,41,9,83,46,87,22,85,65,22,5,85,41,12,24,29,82,25,68,26,8,60,79,49,97,96,7,13,18,23,64,172,3,
P7
22,57,23,36,31,63,56,30,15,45,60,71,70,65,81,31,46,32,7,40,25,88,51,72,55,26,39,57,59,59,47,56,1,21,83,70,0,82,91,48,71,76,4,63,75,92,9,35,90,35,34,29,95,18,34,12,99,11,44,52,26,34,6,55,348,5,46,76,22,35,60,53,57,65,37,98,44,27,94,25,18,61,17,26,20,62,75,83,57,49,62,41,72,22,4,35,17,451,5,
P8
83,12,11,4,8,93,16,35,64,86,100,10,84,45,42,57,52,68,44,69,5,66,95,10,89,19,70,82,66,51,14,201,2,55,36,11,70,6,87,40,69,28,31,44,29,20,80,30,15,40,48,50,53,13,27,63,65,53,97,71,3,17,59,73,11,0,18,36,32,75,0,35,73,10,63,66,35,81,93,18,74,13,80,14,62,2,63,24,44,34,46,14,35,2,98,11,15,318,0,
P9
86,38,34,1,73,98,87,38,7,36,50,49,94,68,83,3,36,89,69,98,99,24,16,34,5,49,86,36,29,15,14,15,2,8,68,54,48,3,82,79,13,78,65,93,7,80,100,21,29,52,34,57,81,100,76,78,70,80,61,96,70,33,57,7,334,4,57,14,48,29,24,77,61,26,58,53,44,98,32,91,78,95,93,41,85,2,41,30,84,77,99,81,88,80,63,35,19,324,0,
P10
15,93,74,69,97,81,71,46,97,64,13,79,68,16,33,2,13,99,26,96,99,99,44,84,0,40,99,77,54,18,36,246,1,55,94,73,100,74,16,64,66,23,44,65,44,39,83,79,96,64,44,38,7,13,84,68,75,53,68,98,90,75,89,97,56,5,14,39,84,41,65,7,94,76,71,93,66,49,53,58,56,37,27,97,33,10,39,31,91,94,11,19,95,36,38,9,52,434,5,
P11
71,73,75,41,19,37,72,99,82,39,14,15,7,94,80,34,90,78,99,100,28,99,39,93,41,60,10,61,96,87,32,121,1,62,21,34,26,54,57,36,85,1,75,68,46,37,98,90,41,71,69,24,4,10,43,72,7,99,13,62,78,76,10,37,143,2,59,80,67,53,55,4,11,87,53,64,10,8,67,37,4,100,47,10,97,4,3,74,23,98,10,28,6,19,46,20,5,468,4,
P12
39,45,32,10,9,13,49,24,95,23,17,40,23,73,85,21,73,79,86,11,71,26,71,48,88,32,34,8,30,60,70,330,2,29,51,88,65,2,55,6,70,67,9,33,22,50,70,57,74,74,67,83,12,41,81,25,2,58,67,79,20,70,43,100,450,3,24,20,50,35,73,69,65,84,77,31,20,47,97,34,57,93,38,26,33,27,90,43,55,96,62,68,83,41,73,48,97,197,2,
P13
80,81,81,96,71,42,18,54,48,41,27,32,28,66,10,13,77,48,39,14,96,93,12,96,67,43,22,36,12,93,58,88,4,30,62,25,36,31,58,45,30,80,95,100,2,34,40,36,83,52,77,63,77,45,88,9,91,7,79,33,24,78,93,75,392,5,98,7,37,62,57,13,93,44,26,55,78,50,47,82,76,80,8,66,89,30,27,51,98,76,58,36,24,10,32,59,96,40,0,
P14
53,76,93,37,97,40,44,23,39,72,55,15,51,31,63,57,11,24,15,24,20,83,67,42,18,45,0,89,2,40,56,317,3,77,52,77,22,49,22,83,48,25,84,54,61,32,5,3,62,48,48,49,57,4,22,36,37,13,80,30,7,54,51,98,161,4,57,90,61,15,33,53,70,77,2,83,58,45,63,32,77,17,62,3,68,25,80,92,61,70,68,59,28,12,54,26,77,491,1,
P15
59,78,71,3,67,76,41,21,92,93,19,20,15,30,45,30,54,65,79,87,73,64,31,73,52,34,79,91,56,61,14,316,4,19,17,93,68,32,84,17,86,10,50,92,13,11,39,27,26,97,32,14,99,69,27,44,65,35,65,82,28,62,51,81,309,5,92,14,74,27,91,42,10,48,87,39,47,63,56,8,33,91,0,79,48,27,48,16,87,42,95,6,34,55,50,50,41,6,3,
P16
17,5,34,25,93,92,84,11,11,99,8,22,95,62,87,74,15,25,37,46,99,55,46,77,45,1,3,32,16,8,100,260,5,14,66,5,99,52,15,48,9,95,25,14,22,17,10,20,31,75,89,59,19,20,60,84,68,88,45,18,51,92,53,72,453,1,35,21,23,11,35,76,50,82,5,72,57,4,28,57,83,77,84,97,59,36,4,53,9,38,7,59,54,49,66,85,0,73,2,
P17
91,72,47,74,84,59,38,92,47,100,19,34,39,34,25,76,47,23,97,59,67,41,61,70,39,43,78,28,8,57,66,473,5,70,2,61,84,78,55,8,93,77,25,69,63,23,44,52,82,29,38,41,12,5,95,23,91,45,14,9,18,52,60,22,352,1,11,40,61,27,22,66,100,45,36,94,1,18,70,51,81,28,88,51,48,97,89,55,55,9,70,87,94,66,88,65,65,216,4,
P18
39,79,56,44,36,3,43,55,3,82,56,28,23,69,18,86,27,85,26,54,20,31,63,65,59,72,21,9,37,16,42,39,1,5,40,79,81,32,22,72,1,85,95,11,2,42,40,40,83,18,12,77,41,69,89,21,44,6,39,3,70,61,32,33,9,0,93,93,42,58,37,78,51,4,62,88,56,42,82,9,59,29,72,14,85,93,23,20,79,16,52,66,81,2,31,51,90,307,4,
P19
52,97,32,61,18,1,8,40,97,98,8,14,83,1,65,75,56,85,5,18,49,31,56,37,40,59,19,47,1,81,19,396,2,80,71,61,51,38,45,12,15,48,54,55,54,3,39,32,46,46,67,34,67,10,7,73,14,77,33,12,37,32,85,11,329,5,47,13,99,64,18,61,51,40,69,33,15,28,62,87,42,12,45,31,100,23,47,51,56,94,19,53,10,99,42,20,55,180,1,
P20
81,61,77,89,0,73,53,75,87,35,77,51,10,99,35,82,16,51,12,39,88,53,98,73,66,65,53,8,85,97,31,465,4,63,26,81,75,42,95,95,63,15,98,2,13,10,48,81,44,82,91,17,54,71,95,53,84,31,86,34,73,97,22,25,354,4,18,18,44,70,24,80,69,39,74,97,92,15,76,36,46,41,25,59,92,81,18,11,100,28,76,41,49,95,62,49,81,466,3,
P21
86,24,66,38,99,18,74,41,69,50,39,70,31,56,87,10,61,74,29,58,47,61,23,66,70,74,28,87,4,52,90,114,0,66,91,50,61,53,31,24,55,44,34,70,24,45,51,82,62,71,18,22,23,1,19,8,2,92,5,91,100,97,39,63,368,3,16,57,68,51,62,41,47,53,22,89,55,34,29,80,93,88,27,77,65,26,4,40,34,53,34,96,68,11,42,0,58,146,2,
P22
95,40,62,34,82,30,84,20,66,81,42,53,57,2,93,86,27,5,47,16,72,16,90,66,69,60,17,81,49,59,9,19,3,90,49,68,13,70,11,14,5,2,59,56,84,87,26,1,9,16,70,95,24,38,87,96,28,52,93,68,6,55,63,10,399,3,8,85,74,22,3,96,77,58,29,6,4,88,60,31,64,24,23,35,64,57,54,64,19,22,41,61,89,7,86,12,60,162,0,
P23
43,47,82,93,33,47,40,42,66,97,10,59,83,37,30,96,53,1,78,8,68,46,68,51,93,84,10,16,93,76,36,244,1,23,14,89,3,19,91,28,42,74,15,34,41,91,50,10,85,41,48,71,36,43,23,28,10,96,49,39,5,25,84,49,167,4,82,0,9,59,24,5,31,28,59,91,25,90,81,49,24,44,72,78,7,91,100,14,18,55,21,3,67,62,63,63,11,424,0,
P24
28,21,62,68,29,28,65,40,53,13,43,83,75,63,51,52,71,85,64,39,35,56,89,11,38,81,87,72,83,75,11,111,2,18,49,26,47,91,100,62,92,7,18,7,84,2,48,32,40,85,75,29,79,51,91,95,56,96,19,39,44,34,2,53,323,2,36,20,22,33,48,82,23,40,71,3,89,61,13,26,38,87,17,4,0,1,59,22,4,25,50,33,54,25,10,50,12,413,3,
P25
45,92,42,76,98,61,55,41,44,29,3,61,47,40,45,10,45,46,32,33,58,36,81,10,7,63,52,94,74,81,86,176,3,100,75,5,27,66,79,45,40,63,13,88,61,53,38,1,48,84,52,39,78,74,0,63,13,44,64,82,24,16,100,82,93,2,45,84,46,34,23,83,3,78,43,16,4,47,69,88,51,36,55,76,24,25,67,74,58,88,65,35,3,6,47,39,93,9,3,
P26
61,36,11,16,43,21,11,12,48,59,52,93,69,98,4,68,97,28,3,77,5,78,6,57,71,80,3,79,31,41,93,298,5,8,6,81,19,46,43,32,0,3,52,38,4,66,21,22,4,65,62,5,28,75,15,92,23,39,74,89,69,55,29,29,322,1,26,12,31,30,56,40,12,26,88,48,80,4,84,34,81,7,59,47,81,84,0,45,18,3,17,65,42,55,23,31,16,331,2,
P27
75,86,94,86,98,41,44,16,100,80,80,3,47,42,99,16,19,3,94,25,60,65,71,29,43,2,70,38,61,80,35,63,4,14,14,94,46,14,63,64,53,67,30,40,55,0,5,16,72,100,58,88,57,47,26,30,1,96,51,31,66,46,100,60,388,5,12,31,75,91,58,28,38,37,33,21,38,13,28,97,26,75,80,27,86,64,30,3,29,39,24,18,70,27,34,79,12,139,2,
P28
87,29,44,31,45,43,10,91,13,23,32,11,39,17,14,33,8,40,98,80,69,6,48,4,11,75,84,88,76,15,62,80,1,5,28,72,36,47,4,32,87,25,32,58,7,71,23,65,58,80,78,84,76,80,45,26,77,10,72,76,26,31,89,3,373,0,3,33,31,41,37,64,63,75,43,57,71,70,32,17,63,84,81,59,53,76,98,77,95,67,4,95,11,32,7,88,10,438,5,
P29
59,55,11,35,11,24,58,43,1,98,61,15,97,69,21,60,14,56,66,28,60,43,69,10,31,44,25,89,73,35,31,178,5,5,29,77,37,83,68,35,6,76,5,30,6,63,76,85,13,52,30,58,44,6,69,83,48,61,80,2,97,83,86,54,450,0,17,23,63,80,64,6,3,35,76,35,18,4,85,99,63,38,75,61,14,35,94,18,96,72,17,2,25,18,79,11,97,245,3,
P30
33,67,91,91,76,92,54,2,73,50,38,94,9,18,15,42,47,76,85,82,52,82,93,43,70,31,44,26,28,100,61,115,5,91,29,46,93,2,21,98,32,95,27,74,45,6,25,75,64,36,47,99,18,95,60,98,63,22,47,48,57,0,96,58,328,3,42,65,87,45,66,28,46,84,32,31,49,95,69,90,55,49,24,15,34,19,87,51,89,78,35,33,55,87,29,56,72,170,3,
P31
52,7,41,72,10,81,22,14,40,98,32,56,5,45,98,91,27,15,38,86,58,75,16,1,0,44,0,93,5,99,23,25,2,50,93,35,13,91,29,6,65,74,12,56,14,77,92,61,75,76,21,0,74,51,22,87,99,80,87,60,81,10,51,60,43,4,83,19,81,29,3,12,26,18,73,61,7,95,9,31,9,9,16,62,60,71,39,96,4,94,48,33,16,81,71,70,20,317,1,
P32
95,82,97,83,96,36,47,95,58,52,39,55,8,66,70,47,51,94,21,33,95,88,78,61,46,83,59,89,72,31,66,7,0,40,34,59,46,99,100,59,20,13,1,12,41,76,88,28,77,27,79,65,13,44,10,67,3,92,77,20,86,3,30,43,436,1,15,58,58,41,76,30,1,83,91,77,80,100,87,63,27,12,33,66,74,3,26,88,3,8,68,74,78,67,60,32,75,388,5,
P33
15,41,2,28,35,61,80,74,82,89,6,18,1,23,11,89,57,73,76,34,33,21,83,59,76,54,56,46,86,0,67,460,1,55,28,6,13,48,86,14,26,93,57,81,21,100,7,66,64,21,9,75,88,80,32,30,100,84,33,29,66,76,59,98,293,2,15,32,33,83,82,23,26,27,90,79,90,16,91,90,49,31,93,41,85,96,49,19,36,93,86,96,91,65,37,47,52,408,0,
P34
95,42,76,75,16,57,29,89,75,97,78,53,85,34,25,60,34,24,47,16,83,90,36,4,35,22,5,82,55,46,50,383,3,10,68,97,92,94,90,14,40,77,80,48,42,43,35,18,84,89,98,82,18,63,32,52,59,64,94,17,2,91,37,68,321,4,1,27,57,27,54,46,5,10,62,62,66,77,59,24,17,44,87,32,63,89,91,14,50,82,79,87,28,80,5,74,6,6,4,
P35
91,71,95,86,25,36,82,2,89,66,37,13,92,37,37,4,54,87,94,56,91,29,44,96,77,100,8,73,15,97,5,0,4,25,64,65,39,4,41,18,18,50,27,53,68,78,7,31,59,25,94,91,43,52,54,3,36,22,94,39,35,27,9,52,414,3,100,21,47,4,98,76,32,63,52,58,87,36,68,73,68,97,27,59,10,78,40,56,64,34,1,69,8,80,75,75,74,306,0,
P36
91,58,6,38,26,61,3,63,40,61,67,44,65,20,30,59,42,87,54,87,83,30,86,91,69,67,53,79,72,52,28,122,4,57,43,84,75,61,33,69,80,67,46,87,98,71,79,57,62,21,76,82,24,78,4,85,16,5,11,25,50,30,64,87,294,5,44,59,70,43,88,89,0,41,24,34,80,92,30,7,16,40,85,56,62,48,57,63,84,31,43,58,72,91,99,34,8,124,1,
P37
66,1,49,35,31,90,62,98,33,26,84,63,51,25,15,4,11,98,0,63,54,69,29,73,13,67,91,29,61,66,93,244,2,28,34,75,97,81,41,42,33,4,12,11,27,40,33,2,89,23,46,59,7,28,64,86,19,81,82,84,73,68,57,96,346,3,17,47,43,17,54,67,51,33,24,47,40,41,88,24,63,49,39,19,79,22,16,88,46,89,78,10,22,62,86,47,2,396,0,
P38
94,65,55,55,62,54,48,45,16,99,36,99,70,14,96,70,43,16,5,39,55,18,5,46,47,33,11,30,25,45,19,242,2,58,37,29,100,37,33,79,48,26,85,81,96,73,71,41,98,78,70,62,29,89,42,10,38,81,45,95,28,6,18,65,492,0,87,13,58,3,47,49,51,87,90,38,78,18,53,16,4,31,4,20,85,16,8,62,27,97,24,12,44,6,14,3,0,89,1,
P39
40,37,72,88,82,54,53,85,52,89,99,14,24,41,97,29,80,51,48,52,97,61,85,8,92,76,53,54,61,29,1,419,3,30,58,44,8,6,70,94,53,65,32,23,6,30,68,42,92,63,97,100,74,35,80,85,96,74,91,13,90,55,35,86,426,3,4,64,4,21,16,60,59,94,79,78,76,83,76,80,2,60,97,78,89,90,74,12,1,17,85,82,21,83,49,4,19,160,1,
P40
55,14,29,74,99,81,62,63,61,53,70,57,82,16,8,96,68,4,23,18,79,14,94,99,68,21,27,4,89,59,43,53,1,60,65,80,53,85,45,52,7,17,82,41,25,39,4,21,38,44,22,84,28,18,23,85,98,12,40,99,79,92,58,51,92,1,40,50,36,65,44,81,42,86,63,84,66,31,10,28,75,99,17,49,77,85,66,61,32,53,10,81,23,82,100,91,39,186,4,
P41
84,71,55,11,100,16,64,70,39,12,86,47,7,19,18,30,37,97,10,97,95,44,17,88,15,72,47,95,15,86,65,81,5,71,73,12,22,47,29,3,54,54,42,24,42,46,68,64,96,62,48,18,47,12,30,53,10,75,44,34,63,95,23,65,195,5,3,51,73,12,36,1,96,68,100,72,62,74,70,45,22,46,29,55,74,28,74,50,8,98,31,8,54,88,13,61,17,175,3,
P42
76,22,5,40,92,45,52,43,92,25,62,9,22,99,73,99,62,33,43,45,88,58,17,0,18,99,86,87,63,8,4,443,0,87,75,38,56,29,93,98,53,0,9,88,30,4,49,79,22,62,91,18,14,67,93,58,68,55,19,57,86,84,18,37,284,5,29,81,88,91,14,87,63,77,26,32,21,15,45,17,70,85,45,9,34,53,6,31,27,27,18,41,54,31,58,32,53,425,4,
P43
44,89,26,62,32,84,54,94,60,76,59,32,74,87,31,83,31,18,6,14,18,24,79,4,77,7,79,53,12,9,56,26,2,93,89,91,91,7,91,66,95,21,71,10,66,93,72,22,11,87,89,70,10,22,25,29,79,77,80,64,71,16,23,8,372,0,43,26,57,72,69,83,4,91,98,15,74,33,100,18,43,33,37,15,30,65,8,48,72,63,80,96,95,63,48,73,57,87,1,
P44
85,97,9,38,90,69,80,14,67,19,67,65,69,65,83,75,79,68,100,24,38,42,31,16,95,43,26,95,66,91,50,279,4,65,85,84,31,46,71,1,56,36,94,94,58,71,46,13,41,57,35,32,52,81,8,31,44,79,47,33,47,22,10,87,2,0,29,34,72,100,91,36,14,64,35,80,48,44,79,51,26,8,82,34,56,53,97,1,48,91,30,96,29,97,19,95,48,159,0,
P45
54,42,31,100,23,65,85,90,29,53,54,78,28,100,45,94,23,49,35,54,66,97,98,58,57,29,14,44,79,67,99,2,2,17,6,61,85,28,98,45,22,21,15,34,0,22,57,2,54,9,83,28,40,93,73,54,92,20,76,68,60,28,28,46,234,4,47,51,26,27,81,27,6,95,72,85,45,98,93,27,31,14,80,95,83,95,51,79,56,81,76,75,41,27,89,1,1,121,5,
P46
64,98,1,48,88,30,1,7,8,96,6,53,89,96,69,90,50,34,86,13,58,9,42,72,53,87,38,59,51,12,14,426,2,97,29,41,41,17,62,57,52,29,79,8,31,100,84,80,27,91,72,0,44,63,20,86,97,46,13,24,63,25,92,22,135,0,28,99,3,0,93,75,51,37,38,9,64,35,24,10,29,73,4,81,51,60,27,93,1,68,87,90,35,70,92,53,86,353,0,
P47
62,64,27,29,37,1,24,10,21,12,5,90,69,55,90,54,34,47,63,42,85,82,28,22,40,79,0,36,59,77,88,114,1,63,4,8,86,22,37,31,98,68,30,47,47,23,37,85,90,47,13,76,32,9,89,12,0,51,3,92,91,25,79,55,231,4,87,43,90,37,46,94,47,77,28,37,87,24,76,57,71,93,83,98,52,84,31,38,40,66,74,31,85,86,16,35,2,417,5,
P48
16,44,28,7,54,49,86,59,4,54,81,94,75,81,40,3,23,24,86,51,12,25,97,79,27,21,56,26,8,62,92,13,5,6,72,49,37,35,83,33,83,30,23,19,81,12,67,95,55,65,70,43,77,70,94,47,62,50,38,40,53,93,90,100,134,5,6,90,49,53,66,44,56,18,68,31,75,38,23,58,1,75,7,99,79,47,64,19,44,48,71,61,49,72,29,93,35,100,3,
P49
65,25,62,50,85,32,71,31,25,45,11,31,48,34,21,100,52,100,92,14,78,18,35,100,11,10,28,30,68,100,32,59,2,2,97,96,2,45,92,25,65,38,3,98,32,58,62,69,67,5,38,60,52,100,76,56,6,28,49,96,93,14,23,83,345,1,54,14,53,9,32,20,6,7,24,30,31,92,71,4,90,16,52,19,1,96,33,72,22,82,9,52,40,3,53,21,7,439,0,
P50
48,76,2,18,6,94,63,84,24,78,85,45,43,36,44,34,16,88,19,51,88,30,27,82,26,95,81,69,26,72,75,409,2,85,31,23,9,62,62,13,59,60,37,88,28,4,59,33,30,77,32,6,32,4,0,47,67,93,27,90,64,10,42,95,122,1,83,34,51,90,41,41,86,38,32,22,42,88,4,60,6,5,22,39,44,10,87,19,28,26,89,82,47,67,55,49,37,23,3,
P51
59,19,0,89,70,91,66,54,1,75,90,45,9,5,99,95,22,52,91,50,33,16,10,14,51,3,86,56,44,100,2,85,3,4,1,47,84,27,6,87,14,1,91,39,34,21,82,32,94,13,37,94,27,3,53,54,59,16,64,1,78,25,41,29,169,5,93,90,89,78,94,87,0,35,74,4,62,46,77,84,85,87,94,37,5,22,63,61,70,77,27,24,25,59,27,74,20,251,3,
P52
91,88,86,22,7,87,98,97,98,73,68,96,67,57,14,23,73,47,39,83,27,56,86,80,11,96,79,40,99,63,89,73,1,79,69,49,65,49,50,22,88,84,43,35,82,2,15,18,96,42,88,48,96,47,30,26,48,75,51,55,37,46,97,24,175,0,64,22,14,30,23,55,1,85,0,78,34,52,64,95,89,35,16,18,96,52,95,23,42,86,48,35,25,20,21,54,86,110,3,
P53
11,24,73,75,88,36,47,21,98,80,78,11,2,50,59,7,100,52,63,51,31,40,47,9,46,45,73,47,100,56,77,458,0,55,81,78,43,35,27,52,70,8,54,85,94,50,26,47,64,89,94,95,14,7,69,65,62,72,10,25,51,0,91,21,293,4,15,65,50,83,50,16,60,84,68,90,44,23,92,26,7,53,78,1,76,19,53,90,55,78,77,76,98,24,27,39,9,18,2,
P54
51,67,74,98,89,71,43,32,83,45,49,7,18,48,59,81,65,91,87,78,66,32,22,4,79,89,60,78,65,40,83,226,2,65,5,15,16,76,91,71,26,84,87,53,30,50,41,91,10,55,64,45,86,26,17,62,51,34,62,7,80,49,44,13,496,4,92,19,86,18,70,19,74,13,8,65,40,15,18,17,83,60,3,35,16,24,79,93,66,76,83,94,14,2,2,85,60,147,3,
P55
46,61,60,90,94,8,34,8,82,19,56,40,66,87,97,53,65,29,85,53,33,30,41,60,74,73,100,90,55,72,0,297,1,30,92,40,67,84,23,53,36,19,69,43,9,80,64,74,91,49,66,74,77,83,8,38,90,54,54,100,88,67,15,63,378,2,78,73,42,52,87,16,83,93,99,67,9,81,94,79,83,9,2,61,1,69,3,84,28,84,52,97,68,90,56,72,0,428,5,
P56
56,59,11,57,67,93,76,89,100,41,75,62,94,5,91,45,59,91,41,66,50,14,38,15,3,59,53,48,26,18,82,474,4,96,57,66,14,93,86,84,2,95,29,66,34,19,82,66,94,58,48,68,63,3,88,16,3,41,49,18,79,12,92,74,301,5,52,63,36,0,55,34,34,31,81,27,9,29,2,79,57,3,47,60,53,41,9,72,37,78,61,59,15,72,59,92,77,461,0,
P57
38,9,21,13,64,87,55,5,49,14,10,5,25,69,62,66,35,78,47,39,93,50,99,46,64,91,30,15,72,7,10,195,2,89,6,73,72,8,33,67,41,34,52,22,100,11,46,14,79,8,17,32,91,87,40,40,5,18,18,63,5,92,77,80,77,2,78,9,94,11,6,74,4,16,70,6,95,26,76,7,52,95,48,61,66,51,38,26,9,19,99,69,11,56,45,66,89,158,2,
P58
90,47,18,10,52,33,92,62,4,16,98,67,49,32,44,96,37,37,11,35,49,76,92,45,91,64,18,0,40,1,29,170,3,17,24,31,84,65,31,2,53,97,13,65,10,59,74,95,91,30,81,30,70,52,14,54,14,20,46,57,79,92,6,9,406,3,100,48,82,70,30,51,76,24,77,51,98,28,12,11,56,78,62,94,4,37,13,69,5,91,24,17,22,39,5,63,72,165,1,
P59
6,66,48,98,94,53,80,91,86,28,89,29,23,93,32,35,94,47,10,86,93,67,49,10,67,55,78,64,50,92,56,288,1,59,61,4,61,80,0,41,44,11,100,84,5,56,14,52,53,50,4,67,4,85,53,16,42,99,7,14,75,83,10,42,495,4,41,6,80,84,97,22,0,60,51,12,71,6,91,99,66,61,36,45,29,7,35,19,24,57,58,30,87,4,68,29,8,214,5,
P60
19,84,12,100,40,98,27,96,94,17,88,92,52,81,5,28,66,64,95,81,40,27,35,18,91,86,76,70,7,100,27,320,2,69,83,52,9,26,29,8,77,0,31,57,53,84,73,57,16,43,41,70,59,49,34,33,29,8,15,39,22,23,42,93,266,2,58,99,34,59,59,51,71,96,23,61,95,89,88,97,0,16,3,1,35,95,59,59,91,11,63,58,40,96,32,42,91,172,1,
P61
93,22,40,86,17,100,2,71,91,20,52,96,48,84,59,42,65,100,69,100,84,60,51,59,96,59,58,25,52,6,44,223,3,68,17,88,43,60,88,74,16,40,57,55,63,73,99,71,8,57,19,42,90,49,16,72,54,4,95,63,44,53,53,88,479,3,49,66,57,86,27,80,13,88,69,0,84,35,84,54,36,18,48,61,44,38,72,6,62,79,1,94,20,75,50,27,65,74,0,
P62
29,79,6,99,50,97,18,1,59,67,51,84,75,15,49,10,82,32,36,99,58,31,23,15,57,75,89,24,85,50,81,254,5,30,96,43,70,78,50,93,33,12,65,98,83,40,54,69,48,10,84,65,48,3,35,42,32,80,62,86,82,49,21,45,147,1,51,87,17,64,74,52,30,24,87,13,78,23,99,92,84,42,96,22,48,57,0,50,16,87,24,67,81,71,31,39,48,408,3,
P63
79,78,66,97,45,91,29,97,75,4,78,23,81,59,22,16,58,80,13,81,61,70,22,15,60,6,65,57,53,94,98,314,3,14,61,96,73,60,75,3,57,23,43,78,58,92,54,7,22,1,11,57,43,9,36,71,95,84,19,83,87,30,66,10,140,5,11,32,44,42,56,98,55,100,20,19,57,70,61,52,92,9,8,58,25,91,45,15,57,25,86,55,30,61,2,22,81,436,0,
P64
95,83,49,90,45,90,60,22,13,40,48,1,56,72,47,70,18,7,5,40,23,32,13,54,89,66,47,82,64,85,24,91,3,83,53,35,87,76,25,29,53,49,87,6,57,8,7,34,32,17,43,34,88,4,85,74,87,71,3,52,36,14,44,97,475,3,89,76,94,9,41,80,29,98,50,90,15,7,65,23,32,90,80,77,4,3,68,57,58,64,17,26,52,70,73,72,27,126,2,
P65
80,44,79,40,32,58,46,80,25,2,17,72,38,36,45,9,76,34,41,55,89,97,88,35,78,17,86,17,7,85,87,214,2,49,73,23,79,92,39,31,99,96,6,72,29,38,89,38,38,77,42,22,50,28,60,19,46,96,33,91,93,97,53,45,349,5,37,54,72,32,17,88,21,32,62,87,21,94,42,1,70,13,71,3,70,95,67,53,20,19,22,60,91,20,87,71,23,413,2,
P66
93,27,40,39,73,65,7,91,2,45,93,48,54,68,82,62,90,70,58,77,72,35,94,23,18,0,8,56,53,2,46,443,1,90,84,19,88,48,81,94,19,76,98,75,14,35,17,22,24,67,17,84,52,63,45,52,19,4,48,73,62,59,30,15,206,5,55,8,38,43,6,100,96,28,93,37,96,28,16,66,98,52,26,65,4,46,50,93,72,6,13,59,77,25,48,68,70,153,3,
P67
85,69,10,92,25,12,2,17,26,22,51,8,84,40,44,41,16,82,42,76,5,26,42,80,83,96,48,21,41,44,92,481,2,69,94,41,62,13,17,25,54,98,26,71,86,50,3,2,100,55,32,11,6,51,15,20,90,43,46,87,17,27,66,96,45,4,12,48,80,74,42,39,77,3,67,94,35,65,45,61,96,50,74,11,8,45,17,21,70,61,13,18,28,89,88,36,66,371,1,
P68
83,3,55,51,87,81,73,37,89,23,44,100,64,26,81,73,2,52,99,44,31,47,39,46,34,46,90,0,37,68,86,451,5,23,39,2,48,59,100,74,29,85,24,32,54,90,53,86,0,60,2,82,46,93,24,58,45,8,85,10,86,80,36,69,341,3,39,93,54,15,62,87,75,64,51,20,24,12,36,64,23,44,9,41,66,45,68,45,63,96,100,16,98,35,82,47,87,101,1,
P69
36,90,78,76,93,32,99,36,98,28,63,45,0,65,97,66,75,95,79,81,40,80,26,96,46,64,29,88,49,32,52,24,2,16,100,72,57,28,23,47,26,77,36,80,28,37,5,30,85,51,89,9,76,33,17,60,10,69,6,46,74,75,88,58,310,0,69,68,90,43,31,7,29,21,86,65,52,9,76,27,16,7,72,84,52,35,45,51,17,42,86,100,55,35,52,61,87,479,2,
P70
27,13,26,25,50,24,53,79,69,20,9,31,52,84,25,30,64,31,76,57,26,21,20,55,9,35,87,60,87,74,13,411,0,14,82,41,61,7,84,63,87,11,66,58,7,51,76,97,26,51,96,9,77,5,78,83,52,51,24,5,64,82,58,62,326,1,97,92,68,25,79,53,57,30,28,32,57,44,5,29,94,57,30,38,74,47,46,60,12,1,61,31,28,32,17,22,13,62,1,
P71
4,3,70,24,82,4,44,91,36,62,40,27,58,71,59,34,27,51,55,13,73,30,48,25,56,1,100,9,14,87,19,463,4,89,47,72,51,100,49,17,58,56,34,100,52,60,50,48,69,26,19,46,76,71,64,100,42,27,47,0,75,75,39,63,3,5,5,92,45,28,89,74,26,45,84,31,40,44,88,36,82,27,84,95,87,62,62,14,93,90,12,10,78,4,90,57,95,347,1,
P72
43,3,97,53,60,99,81,100,92,38,36,16,72,29,68,94,42,40,23,57,31,80,58,30,55,72,83,77,57,38,66,350,4,80,18,49,63,42,4,97,41,23,56,91,37,24,83,56,71,58,94,0,57,35,27,70,35,68,44,41,97,73,93,53,414,4,89,2,81,14,14,31,45,54,75,99,57,56,26,40,16,79,1,44,59,61,100,71,71,77,41,60,100,37,21,14,9,306,5,
P73
85,0,96,65,67,87,70,69,3,41,99,37,34,40,77,24,97,74,70,54,4,24,93,53,1,15,58,36,48,99,32,341,3,15,18,82,12,59,71,68,15,7,93,99,64,29,56,57,29,80,58,22,49,94,90,94,0,52,66,93,48,85,70,0,56,1,24,97,56,35,17,30,34,74,53,26,80,35,71,47,80,30,7,79,67,44,22,8,71,21,45,92,1,90,67,51,57,433,4,
P74
64,99,14,33,67,84,40,31,20,41,72,63,65,34,37,34,55,41,24,13,60,25,28,17,27,76,83,60,75,14,4,291,2,12,13,78,46,28,51,4,26,81,33,83,3,28,62,62,16,77,21,72,36,21,23,2,80,37,87,15,62,53,70,65,92,4,93,30,34,93,70,53,85,15,88,55,63,33,51,36,12,18,81,0,26,51,88,37,8,56,27,75,6,75,32,19,91,471,0,
P75
37,45,52,77,77,73,84,14,35,48,48,38,48,69,45,73,82,5,64,10,22,92,52,4,51,93,18,5,97,97,33,132,4,78,77,29,82,3,77,82,52,80,76,80,41,93,56,28,64,93,49,88,61,29,91,13,44,53,67,80,54,98,62,41,56,2,83,86,30,33,1,85,88,30,17,39,66,96,57,12,62,49,29,50,86,37,5,79,12,78,53,10,97,98,0,12,49,81,5,
P76
77,85,64,26,65,66,75,79,3,89,48,15,61,29,20,25,5,42,83,58,13,33,16,31,4,13,95,44,12,2,55,480,3,23,8,3,71,26,50,46,5,57,38,27,86,69,86,0,22,12,29,12,26,40,31,59,19,85,22,48,16,64,53,87,60,1,82,66,56,35,62,73,40,94,35,63,6,97,11,35,46,98,39,17,76,17,95,96,27,58,59,94,70,33,8,34,56,273,2,
P77
82,17,98,56,96,1,10,9,16,72,39,2,63,10,44,11,34,57,44,51,55,15,64,49,59,76,51,95,31,3,12,80,0,57,53,29,69,58,53,74,51,38,42,3,38,30,15,34,42,7,40,74,66,25,24,89,39,41,18,92,17,71,18,94,180,3,91,61,100,98,21,34,60,27,30,72,28,43,35,67,26,77,84,88,38,77,45,97,70,14,30,44,15,0,100,14,57,261,5,
P78
34,48,25,10,58,7,48,63,76,10,73,20,21,7,43,32,24,64,13,88,79,72,29,96,33,26,65,94,4,51,4,348,1,62,95,45,35,12,49,43,15,53,73,30,87,82,38,93,21,70,85,45,24,23,86,42,15,69,12,100,32,5,71,68,347,3,54,29,26,13,56,22,51,50,31,52,17,58,29,67,45,67,44,56,64,80,36,60,24,51,60,90,32,87,12,40,66,184,1,
P79
15,57,83,63,86,59,40,58,45,27,31,54,25,55,85,38,8,63,10,4,59,43,30,90,2,1,41,86,5,6,87,247,4,69,43,84,12,24,36,51,55,90,32,59,48,53,95,32,99,19,56,50,27,37,86,40,36,17,11,73,41,45,4,14,332,5,46,91,27,63,40,24,15,23,82,44,91,93,77,0,14,40,46,51,100,36,68,26,26,100,12,38,5,92,71,40,83,394,0,
P80
50,14,69,90,72,80,83,70,100,8,24,84,46,100,47,56,3,72,65,100,61,67,0,68,19,6,74,80,93,2,8,321,0,93,38,27,43,59,16,42,84,31,61,78,63,25,63,18,76,91,21,27,97,58,44,7,30,51,19,34,93,100,48,92,140,4,45,37,80,26,60,27,36,16,20,13,83,0,19,29,51,86,65,86,11,57,51,23,62,57,81,32,97,43,81,94,92,112,2,
P81
64,55,3,47,24,3,55,14,53,0,13,66,23,83,37,88,83,65,21,83,32,40,55,73,19,48,75,9,22,58,87,437,3,0,10,27,8,94,58,70,37,87,95,0,72,36,57,93,63,53,50,6,26,81,23,45,81,15,44,95,99,1,46,69,121,4,18,56,71,54,39,57,67,21,57,53,16,75,38,48,60,49,4,77,38,32,33,19,30,97,28,10,56,92,2,52,87,253,2,
P82
33,69,73,88,83,25,54,63,92,77,11,95,65,94,25,86,77,58,25,98,30,10,11,71,86,34,95,86,20,39,53,50,1,77,15,60,46,19,46,7,19,17,43,76,10,73,95,26,79,20,6,2,32,54,84,42,48,83,10,61,92,79,49,55,168,0,40,12,28,74,34,51,26,16,92,64,64,17,79,35,95,16,33,94,35,64,90,29,40,11,88,42,63,89,95,71,1,201,3,
P83
6,57,18,60,86,76,37,97,37,68,91,62,53,33,19,44,30,15,54,42,53,6,42,13,92,62,53,46,81,60,53,417,2,68,84,99,75,69,83,17,10,59,90,4,85,35,24,58,3,22,11,87,31,25,69,41,52,60,19,1,53,40,32,7,175,4,75,83,71,67,66,63,97,96,80,75,97,74,91,30,68,93,94,23,88,33,35,75,42,98,63,2,34,89,3,84,44,330,5,
P84
12,1,66,15,65,2,83,55,64,1,54,50,45,50,31,66,58,84,72,100,64,63,61,16,75,7,42,80,60,25,73,285,5,82,50,19,66,60,44,21,30,28,22,20,86,25,43,63,79,74,89,13,81,6,74,66,7,93,5,5,65,80,87,61,169,4,77,98,76,73,94,21,13,90,96,71,19,63,29,79,52,16,79,87,58,87,51,20,89,85,9,93,68,17,2,0,80,276,5,
P85
54,57,36,3,78,0,4,31,16,50,82,47,82,5,98,53,5,61,82,32,43,22,40,85,1,100,9,70,38,69,93,84,2,93,28,30,14,58,58,2,79,10,28,88,73,6,27,27,19,7,34,59,73,7,18,78,13,49,23,66,50,85,69,43,198,4,52,57,60,32,47,55,2,32,84,31,11,1,13,90,89,71,42,5,92,30,90,67,89,24,50,92,91,47,37,54,55,95,3,
P86
96,3,6,66,0,89,82,48,36,63,54,33,15,25,60,63,57,2,85,97,53,52,63,29,89,0,98,59,59,89,20,245,4,23,21,90,26,66,66,20,53,39,26,80,32,11,53,32,37,92,40,21,35,19,70,59,85,19,43,19,21,52,83,76,420,2,87,24,65,89,56,14,86,67,16,100,22,71,70,64,76,27,61,31,60,49,21,10,6,11,23,9,32,74,65,9,51,257,3,
P87
87,25,26,68,73,28,98,93,61,79,17,87,42,75,55,93,37,75,11,100,3,66,0,67,91,25,21,55,46,80,99,96,2,68,35,41,88,54,46,13,100,78,91,52,10,94,43,50,14,78,35,84,36,19,2,45,39,90,64,21,8,39,91,6,122,5,6,55,30,58,89,12,57,10,83,94,41,24,87,1,55,47,16,77,23,90,54,46,99,86,86,29,61,70,47,94,53,218,4,
P88
32,43,80,29,36,41,75,19,94,16,60,49,75,98,90,52,97,93,17,63,25,7,55,46,29,67,92,88,65,96,63,319,3,94,45,70,73,44,47,29,62,23,23,71,39,3,14,74,88,17,94,56,28,32,46,92,19,20,97,76,3,2,67,62,262,0,77,37,94,34,13,42,94,20,66,80,88,87,26,4,63,15,60,17,27,24,69,13,54,30,49,0,90,34,19,4,96,172,2,
P89
59,7,26,33,26,86,15,87,0,56,50,90,8,12,48,92,76,73,100,30,86,95,97,77,48,27,39,54,56,44,14,90,2,0,21,10,30,49,33,19,86,73,22,100,46,9,16,5,32,45,37,44,2,22,64,100,98,68,68,64,61,30,41,97,282,2,96,21,83,89,7,14,69,96,1,61,66,30,77,25,47,70,15,83,83,35,79,32,35,68,32,20,73,81,16,80,11,173,2,
P90
13,43,16,28,96,17,85,45,73,59,58,21,50,100,60,15,96,45,9,92,89,58,85,27,11,40,37,16,55,54,34,404,2,93,43,33,11,28,72,0,28,85,76,10,90,7,21,94,51,24,15,82,23,13,15,91,43,76,87,51,66,50,45,42,131,4,67,75,85,1,70,52,62,1,83,4,93,96,75,7,78,23,43,56,21,44,91,54,65,63,0,47,8,21,58,76,91,81,3,
P91
63,59,80,13,3,19,72,27,40,21,26,100,37,21,11,12,79,100,36,29,93,13,70,29,29,91,49,76,24,11,53,25,3,54,83,37,20,77,88,96,54,78,3,75,71,20,65,52,1,54,65,16,11,75,59,64,92,24,13,2,57,56,57,76,416,3,92,52,61,20,53,43,91,45,5,65,18,49,55,61,72,76,72,62,96,36,91,96,83,99,84,6,40,41,64,22,55,454,5,
P92
66,40,3,3,67,9,92,60,9,95,47,20,6,93,86,43,21,78,56,91,73,52,47,21,27,72,32,32,91,2,57,379,4,96,49,13,91,2,57,94,44,27,81,8,79,82,29,10,65,40,51,23,3,42,47,17,10,70,73,68,92,14,74,9,170,2,75,93,20,66,37,25,97,22,75,17,49,46,60,20,74,55,56,64,17,4,28,67,78,69,7,41,91,24,62,31,3,249,4,
P93
26,75,97,17,0,72,11,14,58,85,6,43,94,27,87,15,85,59,67,98,46,61,35,78,93,26,46,76,49,54,75,57,2,100,92,53,60,35,46,40,9,91,88,38,0,52,44,51,75,48,59,89,31,70,58,70,3,16,84,43,100,93,31,58,140,4,69,27,13,31,49,88,49,98,100,75,85,73,29,6,2,12,11,30,79,55,99,53,62,56,43,23,53,44,26,76,61,187,5,
P94
59,62,97,36,76,20,87,48,63,80,42,15,96,26,74,28,90,86,89,25,63,82,51,76,57,66,96,86,40,57,65,259,4,17,23,26,23,33,16,78,37,17,29,82,34,71,96,60,59,26,29,83,96,99,99,79,41,98,37,72,59,95,61,79,185,4,93,84,98,7,48,97,82,32,35,77,38,37,56,15,68,0,70,32,19,31,54,62,21,73,5,47,49,37,8,84,67,434,3,
P95
1,61,93,54,9,21,34,51,36,96,43,76,23,32,61,12,23,91,60,40,32,83,5,27,69,12,51,79,77,36,44,359,2,68,83,82,45,87,65,75,68,65,45,63,24,70,89,19,52,50,17,17,95,58,14,31,97,40,92,23,45,70,73,4,95,3,40,15,41,88,13,43,30,51,80,86,67,13,53,2,12,72,0,32,0,21,5,72,34,20,8,42,3,56,75,37,14,18,4,
P96
99,72,32,99,89,34,94,31,77,83,30,3,61,19,94,20,60,92,3,65,86,72,43,36,16,87,72,34,30,34,95,470,2,49,42,89,90,76,53,0,4,44,70,59,63,89,8,81,5,2,4,86,100,67,92,91,90,37,27,63,80,31,85,46,58,2,68,31,50,99,49,97,50,15,76,69,84,54,7,50,87,7,37,58,79,72,78,54,80,47,76,55,51,42,35,69,3,266,2,
P97
93,95,43,52,93,19,35,89,23,96,7,83,83,33,75,52,99,60,90,7,62,5,94,100,6,91,33,51,85,5,44,426,0,36,68,10,2,38,54,39,97,17,27,4,64,99,73,68,50,38,35,8,95,91,11,88,53,91,85,37,94,31,29,33,152,0,68,15,62,84,97,37,53,80,92,60,97,44,33,33,1,78,71,45,98,51,58,73,5,8,14,6,44,30,76,10,43,52,0,
P98
62,25,22,63,13,11,25,87,94,7,20,34,25,85,60,14,92,21,86,86,20,92,76,20,8,26,92,68,36,58,99,370,0,35,0,82,74,63,65,67,33,28,31,72,96,48,9,97,22,71,88,33,58,6,90,9,10,83,40,5,33,39,69,40,466,0,94,21,60,46,67,17,72,29,61,4,63,28,82,33,73,80,50,31,18,21,39,100,28,49,29,3,59,24,13,84,73,210,5,
P99
27,62,36,52,49,96,25,69,30,50,53,90,64,10,78,16,96,64,7,37,84,16,30,76,50,66,100,87,30,83,58,426,3,81,65,5,13,98,100,11,70,62,59,45,58,47,15,11,80,40,85,69,49,95,17,55,100,16,94,34,42,33,36,80,356,0,18,4,91,90,33,51,60,62,80,7,62,18,87,11,49,72,33,55,71,27,3,100,97,29,90,76,79,2,48,50,66,268,3,
P100
9,93,9,35,27,5,51,46,95,15,57,72,31,18,36,4,56,86,20,86,27,37,17,27,23,48,76,1,5,19,81,467,2,94,98,55,4,33,16,29,79,40,76,94,18,21,100,2,56,48,97,73,2,62,55,96,97,97,96,32,80,41,32,34,108,0,21,53,83,47,82,28,55,43,12,7,20,62,79,53,83,15,46,52,81,43,47,36,18,26,38,67,42,80,99,62,87,112,5,
P101
82,72,61,33,18,56,14,75,94,11,93,96,15,14,48,2,66,75,39,84,1,28,98,77,96,69,63,77,49,7,98,352,1,4,29,4,33,74,10,75,33,28,96,33,97,51,81,59,23,84,21,78,45,17,75,6,15,20,48,13,88,48,8,53,412,2,33,28,87,54,71,100,28,92,27,73,10,76,89,57,27,69,66,41,5,84,67,9,16,8,89,15,36,100,68,83,67,330,1,
P102
30,63,82,44,37,75,55,97,37,36,77,85,38,43,25,43,93,94,72,90,70,33,24,99,76,73,5,75,70,51,66,186,2,52,77,57,27,10,85,22,9,48,74,90,6,63,39,27,7,51,44,48,23,25,34,37,38,22,52,13,64,71,83,22,461,5,21,48,10,49,39,37,21,16,12,76,39,5,45,4,46,16,54,79,92,71,87,47,52,89,12,19,72,70,86,83,73,403,5,
P103
9,17,56,30,80,93,67,56,43,71,65,69,14,23,62,52,79,98,51,2,97,27,76,68,1,11,85,1,78,99,53,283,5,15,36,51,38,11,99,78,0,5,6,6,99,80,23,9,27,46,34,28,50,73,50,1,52,80,72,34,23,94,60,9,230,2,88,2,94,76,18,72,51,23,44,62,27,56,44,81,35,36,51,88,83,69,43,61,88,14,30,74,63,78,12,59,0,312,3,
P104
50,61,31,16,83,74,53,48,8,67,37,70,85,16,68,36,18,30,29,60,64,97,72,15,98,15,13,13,34,61,84,479,0,13,6,5,57,74,77,29,46,76,9,69,85,2,81,18,30,30,57,46,31,8,26,2,43,15,63,2,5,38,65,17,53,0,76,45,32,26,68,42,89,61,99,99,42,100,34,59,53,83,28,96,43,15,9,40,55,38,84,34,64,84,34,91,9,8,0,
P105
66,3,22,19,17,30,52,55,0,3,71,34,39,55,30,34,15,60,30,53,75,94,34,54,73,68,14,23,18,1,84,434,1,74,77,27,69,22,2,78,91,53,47,38,37,77,68,95,23,100,69,15,68,78,30,30,81,35,34,11,13,51,48,91,384,3,1,70,51,56,31,49,55,39,14,55,98,68,38,92,63,47,7,39,87,28,43,70,28,73,20,62,64,30,37,66,39,13,0,
P106
2,89,90,21,9,56,24,46,56,29,1,52,63,16,12,59,35,53,52,69,74,24,2,88,13,20,56,85,71,27,73,166,2,60,13,93,3,71,45,50,8,48,27,76,8,16,41,78,31,9,55,61,5,1,63,40,12,76,91,27,39,82,18,7,204,1,61,32,39,15,71,20,71,69,88,75,26,16,21,100,21,8,28,31,44,56,3,30,85,67,61,21,32,33,26,34,88,297,1,
P107
94,25,56,17,71,12,46,38,64,75,20,42,33,55,96,51,90,69,75,59,22,55,79,78,5,49,4,16,89,87,48,140,4,10,68,99,61,42,47,54,85,55,36,25,32,33,0,54,94,73,55,22,12,34,99,69,61,3,16,79,100,23,42,0,71,5,2,3,49,39,38,2,13,64,18,35,64,6,9,58,37,19,13,40,50,64,74,10,52,5,9,78,5,100,65,38,34,463,3,
P108
32,48,84,78,87,48,19,6,56,52,28,51,3,84,86,44,42,8,65,88,52,71,2,23,87,91,9,2,39,87,37,248,2,27,18,99,47,69,53,83,61,52,15,61,72,75,100,26,98,11,60,62,47,87,31,63,31,30,53,74,17,19,50,46,286,1,73,79,79,53,42,63,54,5,35,63,63,72,48,43,79,98,73,52,74,24,23,50,2,29,49,33,67,77,67,74,6,0,2,
P109
14,87,38,100,60,94,52,54,45,21,37,97,31,80,71,97,67,23,67,69,12,19,26,21,21,31,7,61,68,7,48,36,3,93,3,52,75,64,3,56,24,75,30,91,68,27,1,94,55,14,81,87,44,11,16,63,85,100,82,34,34,27,69,19,128,5,59,60,93,79,32,28,41,61,66,55,3,44,19,43,96,93,67,19,8,69,14,57,69,47,100,1,20,18,7,38,32,15,0,
P110
48,87,16,66,40,27,53,77,23,84,22,95,46,55,84,79,24,96,98,16,83,85,47,90,46,14,63,30,28,90,76,397,0,60,1,89,82,92,30,11,82,98,5,84,91,60,64,71,12,7,49,29,70,33,95,17,34,29,44,69,62,29,6,55,188,4,10,96,69,17,57,34,73,26,79,92,69,40,50,36,25,59,71,39,82,39,86,82,41,72,66,14,9,14,13,74,23,27,4,
P111
7,82,62,60,25,51,10,47,11,56,2,61,1,93,22,99,75,4,84,21,60,96,1,90,25,96,79,44,72,21,45,66,1,36,99,66,14,81,29,19,30,86,45,60,23,58,68,72,53,3,71,47,21,4,42,31,39,71,27,11,17,82,85,18,115,0,7,92,23,80,18,68,37,53,8,53,89,33,78,26,39,60,31,24,7,38,97,73,53,72,53,66,11,7,55,81,62,339,0,
P112
5,27,24,82,41,1,3,9,63,4,1,85,70,42,56,19,63,15,14,30,4,5,25,84,50,63,4,95,8,6,80,350,3,32,97,80,17,93,66,28,52,55,86,86,26,4,90,97,18,77,68,26,74,6,97,0,85,81,83,69,100,67,18,65,397,0,7,22,54,10,76,28,30,30,28,7,56,67,33,54,57,40,92,19,80,10,92,32,42,2,40,98,49,2,25,88,100,191,1,
P113
27,41,59,30,50,88,1,17,39,37,59,95,56,88,9,36,17,14,41,8,64,57,72,34,18,46,6,52,92,6,18,69,1,82,6,28,76,59,83,62,10,75,32,66,72,50,42,39,77,83,11,39,83,96,19,65,31,86,98,49,2,62,30,9,370,1,9,51,37,5,82,31,13,37,98,46,91,55,53,49,40,32,59,31,30,1,0,36,65,49,39,90,2,94,89,79,65,177,3,
P114
48,63,89,15,46,27,52,4,21,74,92,97,9,75,77,17,84,40,74,21,40,58,67,47,9,58,19,85,76,33,90,56,2,86,61,42,13,72,17,45,3,89,62,12,94,38,95,71,43,77,67,63,8,64,48,5,12,50,34,8,14,9,45,95,456,3,70,77,37,49,14,1,96,71,22,14,86,62,12,45,60,42,46,60,79,77,75,84,66,44,77,21,89,46,86,84,21,122,2,
P115
5,75,0,23,79,88,98,37,84,6,78,61,23,61,67,64,82,7,88,14,20,64,72,39,48,47,38,33,3,0,75,261,2,74,9,33,86,13,21,47,25,81,51,86,51,94,62,84,56,36,47,70,42,26,86,42,34,0,51,45,74,12,84,86,460,1,71,41,22,32,11,10,46,98,39,24,8,99,66,20,24,44,97,65,94,62,8,71,49,63,83,34,47,0,22,7,93,163,1,
P116
98,19,60,95,22,44,68,0,71,57,27,37,87,76,44,75,90,64,38,28,70,52,41,7,86,44,74,58,85,14,83,430,0,37,72,9,84,63,56,34,48,7,95,10,57,16,12,4,87,54,97,72,62,30,38,13,76,12,92,25,68,43,17,81,358,0,91,25,20,2,89,59,26,97,23,92,83,47,2,79,12,96,7,87,32,56,50,14,57,63,81,79,70,69,37,84,27,465,1,
P117
43,22,67,77,89,37,34,83,75,87,24,85,61,80,15,99,7,85,51,49,92,2,59,66,26,44,80,90,93,80,1,101,2,64,18,22,65,33,96,25,9,52,41,21,22,94,42,18,32,3,49,70,83,91,48,74,82,16,17,99,73,98,20,27,248,5,96,64,91,21,26,80,79,9,27,47,88,5,43,61,58,41,17,74,56,40,36,2,18,72,71,55,55,15,48,30,9,128,2,
P118
79,23,84,79,5,24,65,29,8,26,76,23,91,83,7,7,98,66,76,23,31,2,33,77,58,25,23,71,26,58,71,204,1,58,38,54,83,47,6,24,68,95,17,9,13,49,13,28,86,62,85,33,36,66,49,19,30,88,83,51,93,76,56,34,476,2,30,19,16,75,95,9,22,83,81,31,9,39,72,26,79,94,66,15,97,50,53,33,71,8,49,85,4,96,94,98,90,129,1,
P119
49,53,24,81,48,99,73,23,22,29,73,96,37,70,61,12,93,58,81,25,1,5,16,91,76,9,14,93,80,95,96,54,2,83,6,78,6,40,72,91,50,85,5,29,79,91,91,63,24,93,28,39,78,25,94,26,76,52,2,98,2,2,23,85,393,5,65,78,24,87,26,4,84,35,9,21,28,55,15,60,70,78,10,89,10,47,97,25,32,67,20,25,64,52,15,13,80,106,0,
P120
42,62,82,14,85,70,43,57,65,46,94,93,25,52,16,72,78,84,77,60,40,53,69,54,11,15,15,4,10,28,52,417,1,58,35,23,48,85,7,53,80,87,10,37,15,0,96,44,5,40,69,99,66,10,50,34,74,19,2,97,93,54,92,11,373,4,32,83,27,82,84,3,2,78,58,17,38,94,61,14,82,38,61,45,63,93,11,84,85,42,1,66,55,34,45,11,43,296,1,
