P1
53,1,93,41,78,2,25,5,54,52,74,28,66,32,6,27,47,66,62,5,82,0,46,78,0,40,100,24,98,9,50,189,0,11,100,14,26,31,100,25,64,90,22,51,73,52,88,79,74,20,2,99,96,26,31,0,96,49,84,28,47,63,60,41,113,0,37,93,57,83,31,54,71,9,11,46,27,14,91,24,48,93,66,3,38,34,49,42,97,55,94,0,17,69,67,45,70,406,1,
P2
57,55,63,83,60,16,0,33,10,66,31,83,60,78,48,88,83,96,54,29,74,21,35,39,45,32,15,47,48,93,71,11,0,33,56,30,25,87,20,47,37,59,65,91,37,39,10,6,37,73,32,34,73,94,83,22,22,96,52,48,80,59,6,92,390,0,53,0,86,23,77,64,35,3,78,26,95,93,18,26,96,23,61,11,31,23,66,91,23,83,60,57,94,35,26,63,79,185,0,
P3
19,74,52,19,73,62,52,4,44,11,82,59,65,31,20,18,26,60,5,61,100,51,59,81,64,6,73,71,43,86,63,267,3,83,14,60,29,51,86,61,41,22,100,18,95,2,91,26,37,29,87,86,18,8,82,36,56,27,95,28,37,52,56,35,157,3,69,6,16,3,76,60,29,70,52,14,63,14,37,90,25,68,12,57,59,2,39,85,25,99,19,51,61,86,97,91,65,413,5,
P4
82,99,86,33,69,96,10,50,20,41,47,7,26,73,67,31,33,32,48,92,12,11,64,85,48,7,37,20,70,62,17,497,1,30,88,55,91,96,77,56,13,72,59,70,64,62,65,50,47,49,24,95,51,46,21,45,40,24,64,63,68,65,100,95,199,1,68,39,14,64,75,32,78,37,46,81,93,37,48,72,94,73,74,99,57,99,63,42,15,91,95,11,47,32,42,10,77,58,3,
P5
51,28,92,27,45,78,69,92,85,95,31,52,92,64,84,40,22,97,17,86,47,66,59,50,86,28,12,30,12,38,29,221,5,52,48,34,74,61,72,99,97,36,60,28,52,74,43,43,68,95,55,56,39,96,80,69,58,13,33,57,50,95,9,12,156,3,40,23,65,84,27,11,64,86,14,78,57,75,51,97,39,74,95,2,83,77,93,77,88,39,8,97,15,61,73,64,12,197,2,
P6
56,44,61,91,35,45,51,32,63,43,97,13,83,85,76,100,36,89,31,96,39,84,90,51,80,1,55,4,30,88,53,6,3,86,85,80,85,48,82,10,42,34,50,85,43,18,79,98,40,85,59,86,53,16,100,53,39,15,47,15,23,25,39,10,335,1,62,47,36,25,32,16,2,56,91,19,52,30,60,47,99,42,90,57,18,77,62,93,39,78,20,11,41,13,23,61,51,436,0,
P7
43,33,25,95,65,89,3,27,1,86,11,43,85,48,31,16,43,70,66,99,87,45,67,42,49,97,29,2,15,61,25,268,2,61,37,93,38,79,93,88,64,35,72,42,99,11,26,24,98,46,40,97,99,46,11,11,27,0,36,66,98,12,55,40,166,1,76,6,57,45,62,13,30,13,9,90,26,7,31,15,30,15,59,93,8,98,70,28,76,77,7,65,38,12,16,11,58,399,4,
P8
86,24,63,89,52,30,74,63,73,24,77,3,6,19,74,72,85,60,16,51,68,32,13,98,34,29,58,84,54,17,39,218,2,78,71,59,31,0,60,3,43,24,14,35,48,78,47,55,74,11,67,52,22,94,18,58,59,16,37,13,24,77,72,20,86,0,2,45,55,100,25,64,89,17,38,87,100,68,68,24,26,42,88,96,70,63,39,44,28,43,56,44,54,74,1,4,71,223,1,
P9
94,59,50,67,22,89,57,99,92,64,85,31,35,35,58,18,86,25,50,99,22,50,94,46,33,13,29,91,52,37,11,356,3,51,9,41,54,18,65,35,54,13,12,67,34,53,79,0,71,0,94,55,25,18,71,62,98,61,4,70,17,24,79,75,78,0,70,40,33,24,24,37,77,23,72,45,13,98,87,0,60,23,64,99,33,58,41,89,68,61,28,69,65,43,5,81,41,192,3,
P10
78,84,14,35,49,6,65,100,37,66,34,61,84,86,87,33,50,8,50,44,21,83,57,50,74,76,87,50,87,49,31,416,4,96,6,4,30,26,84,8,59,17,27,37,17,64,4,77,19,29,95,90,57,92,17,27,27,34,51,5,33,92,60,87,44,3,32,10,49,75,100,87,19,12,85,73,80,44,62,43,42,95,67,49,49,34,76,77,69,41,87,75,88,65,82,40,13,412,0,
P11
32,47,97,97,46,0,62,46,61,12,31,47,11,48,22,61,92,43,44,14,59,84,90,46,33,43,61,9,74,59,72,445,0,83,58,92,58,16,75,85,20,58,49,24,0,34,19,95,23,76,53,40,2,80,41,19,86,40,10,45,78,64,43,46,159,3,89,16,45,74,96,29,12,75,73,74,84,81,34,50,96,83,84,72,26,52,79,12,93,66,43,41,72,87,20,89,75,9,0,
P12
34,18,63,96,65,91,74,62,3,86,9,25,46,67,34,56,82,94,39,37,5,73,46,66,82,86,24,48,57,97,91,6,5,70,83,86,21,2,9,36,93,10,70,11,71,93,87,23,100,55,3,6,40,55,46,51,66,90,14,8,42,26,75,63,341,0,49,67,19,27,7,58,1,91,5,35,6,0,85,90,72,10,7,50,89,67,82,98,7,54,84,27,8,28,2,80,17,17,1,
P13
53,46,30,26,74,34,11,50,25,24,16,60,80,64,19,19,1,24,58,47,90,5,33,80,54,56,43,31,47,24,100,380,0,84,26,13,19,18,23,89,97,95,47,49,17,46,4,87,52,44,41,64,61,6,54,41,81,96,68,55,48,30,79,80,75,4,10,19,27,11,76,32,13,48,100,64,3,71,40,11,88,95,44,69,92,51,89,76,44,64,70,12,43,54,96,22,6,174,0,
P14
92,43,68,70,93,59,94,76,18,39,39,3,58,40,27,82,54,83,88,53,29,7,8,72,38,55,96,75,20,31,79,334,0,99,89,89,87,85,49,33,34,33,46,4,19,98,14,27,62,76,100,82,16,81,77,50,35,25,46,13,77,25,84,90,62,3,84,50,82,63,98,81,26,1,52,66,79,39,26,22,74,18,39,29,94,49,93,29,62,1,84,23,23,39,29,31,80,270,5,
P15
48,33,35,7,75,19,46,13,23,71,20,16,52,40,100,5,93,28,12,67,66,16,89,61,92,8,92,100,53,31,67,253,2,76,23,12,76,23,11,21,94,98,85,8,24,12,50,90,94,32,70,37,49,72,62,61,51,4,53,1,13,42,40,85,412,5,42,44,85,35,45,2,67,23,7,94,45,48,11,50,77,4,100,35,33,27,36,83,50,60,22,46,57,10,25,3,33,290,5,
P16
74,4,62,87,85,51,23,71,68,41,10,67,47,69,61,25,35,26,42,23,53,100,99,10,99,51,41,40,18,38,58,192,3,26,19,67,13,12,30,64,87,54,77,36,43,36,35,80,73,84,17,0,44,68,5,97,69,85,5,75,27,56,4,82,199,5,68,59,68,35,82,42,28,94,90,5,43,32,76,42,67,75,69,2,24,86,28,12,31,51,22,22,20,3,55,68,90,290,4,
P17
10,93,96,100,29,63,41,39,96,54,7,56,45,9,48,87,32,67,86,30,77,51,48,18,91,32,22,74,90,30,67,65,1,95,1,44,58,89,64,0,91,74,37,25,53,76,8,36,77,19,3,48,82,39,32,53,80,59,8,50,6,90,39,50,239,1,24,74,44,18,33,100,90,77,31,65,85,98,39,20,67,63,5,61,41,2,12,64,24,32,67,45,66,1,34,58,24,363,1,
P18
66,52,43,73,58,38,26,31,61,72,40,75,24,39,42,77,69,18,27,83,2,84,14,24,57,4,55,41,37,44,2,316,5,8,96,96,75,52,35,11,78,88,88,52,23,30,37,93,78,86,98,9,38,78,34,47,27,40,2,33,27,53,40,27,82,0,42,31,80,31,7,11,62,93,75,68,12,7,97,84,69,38,86,81,1,9,12,34,54,45,35,55,2,4,79,0,21,136,0,
P19
76,19,1,68,17,28,5,57,3,97,96,11,73,31,96,66,13,99,49,28,89,6,99,43,47,1,53,68,3,15,45,217,1,1,53,21,80,97,75,33,49,64,63,52,56,6,37,20,82,76,64,15,89,91,21,91,90,15,9,29,40,36,30,4,360,2,18,5,76,47,98,16,14,76,24,10,59,59,14,10,39,82,19,17,15,40,62,16,95,31,88,73,31,72,60,29,45,126,4,
P20
80,84,94,85,41,63,81,2,74,19,100,70,85,80,34,34,7,22,6,72,32,19,73,85,54,42,66,51,54,33,33,129,1,84,46,88,83,61,51,11,13,73,17,50,59,99,92,22,80,80,80,0,71,69,82,46,65,88,83,61,80,53,10,36,325,5,58,99,95,72,41,85,48,66,43,63,77,48,10,62,31,26,1,94,8,62,91,96,1,88,34,27,17,70,72,18,96,392,4,
P21
17,23,73,65,93,13,84,58,83,35,37,16,35,10,4,7,82,36,93,20,88,46,63,19,64,16,52,80,15,35,99,461,1,85,84,63,96,97,2,12,13,61,77,4,84,56,85,29,22,21,98,4,67,62,92,15,90,72,68,100,30,70,22,54,436,4,67,90,59,82,56,1,10,99,15,20,60,46,12,28,5,88,56,96,49,57,84,83,85,67,53,22,51,67,18,33,51,101,3,
P22
63,83,42,13,41,91,48,78,73,49,89,77,56,36,80,48,57,67,61,86,52,24,68,71,70,83,5,26,81,96,10,116,0,15,2,7,94,15,69,70,20,18,92,71,47,14,58,10,18,24,39,9,6,28,47,74,27,78,44,16,20,64,22,46,118,4,32,45,0,8,9,82,29,69,27,41,63,33,95,19,95,44,76,44,26,26,10,79,49,27,11,33,27,52,50,16,83,243,5,
P23
23,19,19,37,63,92,86,17,34,7,54,13,55,77,46,15,62,99,5,29,69,76,11,74,1,58,35,22,68,13,91,187,3,39,6,1,76,93,86,67,29,99,81,87,8,65,10,13,75,83,41,88,57,35,65,67,51,85,97,73,10,42,63,82,5,0,57,36,99,86,71,26,94,34,25,88,53,19,31,28,30,24,21,6,69,36,34,81,69,61,32,18,43,50,67,70,91,37,3,
P24
94,28,61,45,45,95,52,65,75,74,41,20,55,2,18,61,31,87,2,8,26,3,67,62,92,34,41,42,92,6,51,27,2,57,27,62,90,56,60,71,8,34,35,86,48,76,68,55,64,24,56,95,57,73,46,54,11,22,96,41,31,43,76,66,73,2,76,42,58,35,76,83,90,28,68,20,23,64,10,44,71,80,46,4,60,81,31,58,65,74,74,32,9,41,89,81,64,143,0,
P25
97,45,32,14,10,6,54,51,94,9,20,11,36,17,99,38,26,91,7,59,52,99,93,60,40,50,32,51,1,66,64,322,5,56,92,95,26,0,95,27,86,8,70,53,30,33,44,86,94,0,59,39,20,36,61,16,77,92,25,53,99,92,22,47,140,1,66,65,79,55,59,12,41,82,77,52,92,47,31,3,17,57,84,48,81,49,88,55,47,97,96,35,43,68,99,65,30,427,1,
P26
44,53,60,99,71,53,7,91,64,9,7,28,47,100,86,54,58,3,18,17,63,58,67,95,75,34,26,63,64,70,8,249,2,39,80,89,32,65,97,1,85,26,34,95,12,95,95,37,33,15,73,61,98,50,18,89,69,17,80,91,16,93,70,98,189,1,85,55,54,26,2,97,44,61,43,75,64,60,31,48,74,11,97,27,66,9,23,27,44,66,61,8,98,24,39,59,23,459,5,
P27
6,93,94,80,49,24,89,23,18,1,22,3,21,47,7,39,30,70,63,63,31,37,98,23,66,61,93,81,35,15,7,471,2,30,81,95,31,31,88,32,25,100,26,87,2,25,1,41,86,65,57,71,53,25,54,100,82,70,58,18,80,56,34,86,272,0,15,83,83,59,43,93,100,73,18,97,20,59,75,83,86,6,92,76,34,1,7,95,10,4,86,15,64,17,38,43,20,473,0,
P28
87,23,39,41,46,58,8,34,61,96,81,34,34,10,4,63,74,1,100,37,24,65,64,17,12,100,99,34,6,72,60,48,5,83,46,93,14,37,92,6,23,60,32,91,0,84,55,24,54,75,49,7,40,98,44,98,15,90,19,49,34,71,63,54,439,0,45,34,11,45,7,96,41,94,54,15,77,40,22,34,15,56,36,22,16,12,94,1,27,23,19,31,32,89,51,58,97,392,5,
P29
0,6,12,76,41,39,71,21,74,72,99,44,34,38,11,34,75,35,65,38,18,77,3,16,10,10,89,26,36,49,36,22,4,34,12,89,41,1,14,39,93,81,89,13,4,9,54,54,83,94,51,26,58,32,83,43,81,16,81,9,21,0,51,34,347,1,41,65,14,48,59,34,64,35,74,52,35,55,7,37,44,90,49,3,58,76,26,77,74,58,31,24,82,39,87,40,94,53,3,
P30
78,63,64,49,50,3,20,48,47,54,52,58,54,26,60,19,31,78,96,0,95,73,77,49,99,12,64,45,15,19,93,314,3,41,30,87,46,22,33,35,36,38,10,56,58,93,16,75,86,40,6,68,83,87,50,63,96,37,63,46,55,64,75,71,177,5,42,63,38,72,64,78,23,66,100,97,2,9,52,18,12,9,60,38,52,33,62,84,24,10,89,77,50,78,71,20,79,485,3,
P31
41,99,71,27,12,84,82,65,8,35,57,68,20,88,45,83,55,5,55,31,54,19,44,18,64,59,3,33,17,52,25,33,2,17,94,79,18,96,16,28,52,40,87,34,14,72,74,20,5,22,73,21,52,69,58,81,81,79,44,22,72,82,94,99,196,4,16,80,29,39,45,95,1,48,3,53,66,15,63,25,19,14,25,48,64,49,58,52,25,74,97,62,60,44,6,9,22,410,0,
P32
52,28,87,100,93,61,35,50,28,21,3,39,3,58,11,58,56,31,77,100,49,6,24,19,39,41,37,5,66,19,18,212,4,83,15,45,77,67,86,63,67,100,1,40,87,73,62,59,95,80,94,52,61,41,98,71,63,69,52,22,53,16,75,65,138,0,27,34,52,28,48,55,82,80,37,10,72,22,24,97,70,55,11,94,73,36,67,69,65,94,12,71,2,74,94,58,20,151,4,
P33
17,6,20,18,22,48,40,25,54,9,50,65,68,5,96,10,71,11,17,95,97,56,35,100,27,68,18,35,52,65,35,167,1,41,22,11,71,55,78,38,95,64,10,23,22,71,2,83,90,29,23,87,0,52,55,52,74,74,35,14,55,100,71,41,324,3,49,6,37,97,53,40,6,24,63,97,87,99,51,98,93,24,100,25,93,30,18,72,1,88,45,61,45,76,81,3,96,444,3,
P34
20,93,29,60,85,83,69,0,47,2,5,9,13,76,20,97,36,83,18,37,82,46,4,100,81,56,64,41,58,1,78,356,0,78,14,36,15,75,100,92,64,89,63,67,37,52,96,60,4,96,11,25,14,51,100,49,31,20,14,68,68,55,94,99,192,2,58,63,1,64,53,30,27,5,29,44,2,88,68,68,12,27,99,98,65,66,85,76,26,29,18,73,100,76,69,9,93,375,2,
P35
37,10,34,72,10,48,41,82,57,20,23,43,16,59,25,34,97,6,46,0,5,26,23,35,68,81,2,90,58,29,61,120,3,13,48,29,72,12,84,0,45,20,18,40,80,22,2,57,47,83,74,46,98,4,33,11,39,0,33,32,27,31,5,11,119,4,57,57,35,50,62,30,94,30,17,28,98,97,21,62,94,86,27,44,61,53,39,45,93,38,88,61,13,91,53,17,76,80,3,
P36
99,16,23,39,98,80,25,21,22,41,80,13,42,42,19,88,43,91,81,32,92,48,79,61,3,36,90,45,63,95,27,451,3,83,98,69,83,42,89,0,49,34,89,17,57,35,100,30,48,63,0,81,74,39,81,6,37,8,4,42,65,15,28,64,376,5,92,1,94,86,31,78,80,96,74,0,57,33,86,51,77,12,70,82,58,62,87,11,89,100,1,8,17,64,50,57,42,181,0,
P37
67,75,22,58,62,10,100,7,23,7,50,8,95,59,99,75,57,56,89,35,16,59,71,72,3,100,33,23,26,9,59,47,4,12,68,39,79,16,73,67,100,96,1,99,25,49,27,25,29,0,31,10,74,68,85,78,77,15,59,4,31,22,29,34,247,4,94,56,30,73,51,3,73,75,2,24,25,45,36,61,27,60,23,13,71,11,79,39,86,96,69,36,19,62,78,78,37,318,0,
P38
17,78,64,83,86,53,90,1,61,50,26,25,92,83,47,46,17,64,4,54,1,7,53,34,97,45,10,28,4,60,21,210,1,12,45,59,79,44,54,46,8,79,96,35,70,91,36,67,67,76,35,51,19,78,32,78,82,63,66,77,44,66,6,78,103,0,9,51,14,82,25,17,72,16,62,7,77,89,34,100,68,71,78,47,9,63,8,78,65,27,39,42,71,20,79,4,54,286,3,
P39
70,90,64,59,91,91,75,83,82,66,65,29,79,48,93,83,1,60,57,20,61,19,65,71,48,35,30,96,56,34,92,207,0,22,62,76,34,70,20,29,5,57,87,7,23,53,49,58,71,68,1,2,11,83,32,77,26,76,42,99,40,86,15,74,483,4,1,46,96,73,62,24,47,38,79,81,4,47,17,48,60,27,10,68,71,76,96,10,84,66,97,29,36,61,83,57,51,249,0,
P40
50,80,95,92,62,76,23,93,4,1,40,63,51,7,23,74,27,84,93,59,54,40,94,50,2,16,85,9,7,74,24,453,3,7,47,57,3,18,13,90,25,37,8,40,61,79,7,63,48,85,11,80,61,3,55,69,1,61,20,17,56,60,60,67,237,3,23,30,25,70,35,70,16,5,16,34,53,76,27,29,10,98,71,72,74,21,3,70,50,40,30,99,63,36,49,99,39,76,5,
P41
15,48,83,38,41,53,6,47,16,57,55,5,30,48,89,22,73,8,29,33,24,31,49,8,6,22,49,85,46,69,27,212,2,36,24,97,25,15,100,34,21,26,79,28,89,26,12,67,5,39,70,27,74,38,88,60,21,43,19,81,35,87,54,22,114,1,75,29,64,92,0,47,92,53,89,18,83,99,15,19,70,90,40,74,59,90,80,56,55,8,58,70,6,61,8,1,84,214,5,
P42
32,23,93,38,37,75,95,58,80,91,72,34,12,45,42,7,78,67,4,93,41,77,14,56,62,61,91,19,88,74,19,434,1,14,26,46,14,47,72,93,76,27,86,54,94,57,60,29,84,100,33,38,60,54,47,79,1,83,31,55,67,20,99,34,157,2,41,98,31,32,50,20,16,99,85,31,85,55,87,24,95,46,81,40,68,35,48,25,4,21,86,80,22,6,29,18,70,128,2,
P43
23,100,93,17,57,72,74,29,6,53,74,14,60,17,47,31,9,89,7,23,10,35,50,1,54,4,75,79,23,37,47,83,1,14,72,97,73,13,90,58,33,83,15,93,79,65,93,11,2,52,32,50,97,100,99,28,54,65,48,18,44,48,9,62,372,4,68,99,75,84,63,59,81,47,13,68,72,74,80,52,13,47,53,28,72,57,49,23,2,37,96,31,21,52,67,3,0,424,4,
P44
30,60,26,4,55,99,57,95,80,83,11,26,13,87,81,88,10,58,22,60,59,43,64,100,21,54,2,17,67,5,63,444,5,34,26,55,59,59,3,74,18,48,4,10,26,7,28,58,23,91,23,21,18,43,52,66,61,96,80,36,64,41,83,42,441,3,84,64,74,65,11,53,99,49,27,78,0,6,91,53,34,62,76,49,51,45,86,46,76,7,64,9,77,4,9,78,60,164,4,
P45
33,87,29,56,82,75,5,93,68,18,46,48,72,56,5,61,82,30,3,12,29,91,32,32,8,65,3,46,94,35,27,233,4,0,34,19,40,52,67,44,28,93,51,22,16,40,12,39,61,31,82,12,63,9,74,43,45,37,50,95,32,92,69,92,487,0,91,85,44,89,33,37,32,100,43,22,18,44,50,95,93,67,39,45,12,81,52,42,56,95,12,32,72,98,92,45,82,456,4,
P46
83,70,47,88,28,14,73,74,29,10,96,0,37,78,31,40,56,26,98,54,24,72,18,28,17,11,29,61,38,17,88,162,2,98,54,33,42,82,25,59,3,42,100,16,47,60,13,29,39,42,38,12,85,49,50,1,43,48,93,12,95,51,81,48,115,3,36,29,68,68,29,78,56,47,21,5,7,80,72,12,91,50,60,8,92,82,2,71,13,74,68,4,86,21,52,82,54,54,5,
P47
41,15,27,80,55,56,57,51,56,94,95,53,0,50,80,98,3,3,69,88,31,52,99,61,79,3,44,78,57,31,64,325,5,56,83,85,15,53,93,14,35,40,40,48,35,45,56,73,24,41,88,40,8,98,88,0,76,82,17,56,42,32,57,88,436,4,21,5,30,43,19,51,48,93,98,86,5,88,1,31,63,60,12,65,30,26,5,64,97,91,85,15,72,3,69,82,57,78,5,
P48
10,67,73,67,17,95,26,78,48,26,27,94,90,97,97,24,50,95,77,15,21,55,18,65,100,41,62,23,71,74,81,489,2,69,93,79,49,94,18,56,7,53,0,63,92,24,70,80,64,78,43,17,45,18,100,62,74,41,60,31,43,14,37,83,219,4,100,73,4,14,65,68,66,36,21,68,67,84,27,46,49,23,38,54,87,0,44,37,15,15,7,85,63,64,7,16,6,387,2,
P49
47,24,73,40,2,87,66,96,80,56,59,43,46,8,3,22,23,24,44,7,55,43,14,84,32,86,57,72,66,64,80,219,5,99,89,93,54,62,11,20,24,3,11,95,49,41,72,92,59,83,9,58,45,49,65,71,46,74,85,83,69,34,44,32,174,4,87,20,88,53,22,9,87,56,93,80,1,7,2,5,61,55,5,71,92,21,52,65,72,82,95,79,98,11,51,19,38,257,4,
P50
19,23,76,51,85,21,73,43,64,19,18,67,7,7,57,51,82,79,60,96,62,92,47,85,29,13,49,45,59,3,78,322,3,52,60,12,72,85,15,83,45,30,24,83,21,49,66,97,6,77,12,37,47,58,78,32,7,46,66,51,55,64,50,15,387,0,91,27,61,77,83,19,56,50,27,24,55,88,79,61,59,36,48,77,68,19,58,62,98,22,73,48,41,71,52,46,42,248,5,
P51
95,77,97,68,20,61,87,4,94,94,78,17,11,59,96,71,21,23,29,68,7,58,81,22,3,5,25,3,49,17,44,252,2,53,26,50,2,71,81,93,20,68,41,86,65,13,28,77,50,75,0,27,73,7,40,4,25,95,68,41,17,49,83,2,156,5,85,22,35,6,38,62,97,94,16,41,20,41,78,68,17,11,53,76,73,16,98,46,30,4,16,83,50,38,91,55,42,109,3,
P52
78,81,35,64,51,96,23,28,12,0,88,74,38,8,97,67,42,70,91,23,93,94,95,84,97,44,1,75,88,28,65,331,0,4,80,48,97,100,16,37,51,47,50,79,23,66,54,90,60,93,64,100,98,55,60,65,96,77,14,44,28,16,53,87,138,2,48,82,50,11,41,66,52,61,73,96,95,90,6,47,31,80,29,95,92,59,99,74,41,14,11,99,70,98,40,12,54,262,0,
P53
95,25,46,84,53,24,85,6,98,89,81,60,55,23,30,45,12,22,5,6,5,1,50,73,43,3,0,59,34,75,28,236,4,83,99,60,86,50,73,1,28,62,67,48,52,93,41,15,92,38,36,52,69,98,95,49,41,23,31,95,86,17,27,66,75,2,65,0,33,84,27,72,79,21,28,86,34,59,31,63,54,22,22,18,96,29,33,73,94,69,70,33,47,54,54,7,85,150,1,
P54
79,19,46,63,92,44,51,39,3,72,28,33,16,6,21,88,79,27,56,96,100,99,99,0,23,33,41,32,27,7,5,55,3,51,41,28,52,36,91,86,50,8,78,57,90,36,61,25,54,30,22,48,79,63,37,10,57,22,94,50,18,60,42,77,384,2,68,1,94,47,22,21,99,57,46,29,86,66,17,7,85,79,3,84,51,97,52,87,97,99,40,50,72,28,0,46,69,20,5,
P55
34,84,77,51,89,80,22,16,80,5,22,0,93,68,27,48,63,94,12,61,60,35,60,0,34,88,7,54,59,100,94,310,3,29,51,24,81,1,99,58,58,88,94,86,12,13,15,0,62,60,30,65,36,53,54,30,70,72,56,78,11,32,26,27,425,5,82,69,30,80,92,76,75,44,42,92,17,93,70,20,76,20,84,27,73,80,92,79,96,64,7,96,9,23,30,22,11,329,0,
P56
44,38,43,33,21,89,4,9,89,97,77,83,11,39,42,90,67,1,92,26,68,25,80,42,79,5,7,66,99,57,8,356,1,7,45,34,32,69,22,25,54,0,39,35,68,67,96,98,31,31,16,85,27,86,22,83,63,100,82,56,45,8,100,16,83,5,57,49,3,31,93,11,22,76,70,92,97,45,78,46,38,16,92,97,62,87,26,35,48,35,58,45,57,56,56,13,80,41,4,
P57
7,49,59,11,58,14,75,1,63,52,40,4,41,6,72,32,100,5,23,45,47,2,50,21,34,14,44,62,90,5,63,330,4,48,79,2,39,100,70,44,34,3,77,96,67,75,94,83,59,20,69,48,70,98,47,51,19,58,59,18,38,41,28,55,330,0,10,87,31,100,63,0,57,25,46,1,71,50,84,62,46,45,14,72,80,28,73,3,73,96,59,96,76,42,75,70,51,46,0,
P58
75,79,4,15,80,67,67,86,37,7,59,75,6,24,81,29,69,94,98,86,14,31,66,59,60,21,30,59,51,17,25,151,1,61,39,23,4,73,26,82,35,93,56,28,42,81,14,77,95,84,74,42,0,94,100,26,78,4,33,6,90,89,46,49,317,4,50,86,26,74,77,38,75,47,55,58,75,0,70,55,39,49,83,78,53,56,40,78,51,82,20,92,51,15,42,74,59,255,1,
P59
6,41,20,73,93,24,46,51,99,52,75,45,48,10,39,45,62,19,43,94,44,69,82,41,27,32,58,42,23,19,29,342,5,19,23,59,0,58,18,22,52,60,70,67,36,64,16,76,72,84,69,38,9,13,8,42,19,98,97,31,6,11,15,31,129,0,99,1,4,73,14,59,97,89,25,32,43,30,48,93,8,0,48,14,78,65,96,64,56,12,45,64,87,52,89,78,87,389,3,
P60
1,52,6,13,70,4,66,44,50,80,20,55,91,48,74,33,42,85,68,23,25,95,55,83,37,44,1,99,73,27,40,302,3,98,29,83,87,81,42,56,47,44,86,30,19,24,13,55,62,89,68,36,97,53,100,94,84,5,71,65,45,1,35,100,321,3,25,94,81,89,49,5,20,58,2,68,50,10,34,64,91,79,95,86,42,50,98,88,81,50,5,69,28,90,56,74,47,275,4,
P61
53,14,92,85,25,7,64,11,62,55,60,1,54,1,86,22,91,10,83,11,59,86,55,26,85,27,53,65,67,99,19,62,2,86,45,33,7,58,77,59,88,62,83,67,16,10,55,84,46,18,2,45,11,86,17,82,16,62,50,52,71,49,15,0,215,3,35,82,30,56,6,32,23,56,8,24,87,99,2,81,50,10,98,13,98,78,30,70,12,58,59,34,98,37,82,30,83,44,2,
P62
4,3,16,34,82,44,89,41,45,9,42,98,31,32,74,80,43,100,66,64,25,16,91,79,81,23,43,99,42,88,12,348,1,74,85,3,32,72,65,15,5,48,92,60,31,38,78,34,49,55,86,66,3,69,94,19,20,30,34,1,58,34,28,74,316,2,38,85,22,28,6,30,52,59,95,20,40,44,30,3,58,95,47,88,64,59,11,89,60,75,92,7,71,53,90,49,28,428,2,
P63
47,39,33,1,80,45,77,88,8,7,19,82,88,28,81,19,58,6,35,48,51,82,71,60,81,79,47,88,58,4,71,291,4,5,50,19,87,55,33,79,82,64,83,25,64,31,81,16,64,50,85,57,69,71,54,2,38,11,2,66,63,76,44,81,452,5,22,6,62,40,31,57,60,71,67,90,74,91,84,20,44,13,46,21,69,5,96,60,12,67,12,68,82,56,96,82,84,242,1,
P64
72,89,21,49,76,29,22,61,11,76,55,58,61,12,30,96,26,47,78,97,6,24,42,20,11,100,91,55,70,0,7,349,0,68,15,34,46,97,65,95,22,95,25,69,10,55,18,61,12,53,98,32,55,36,43,57,68,5,99,12,89,79,73,12,211,0,23,85,38,83,22,5,39,96,62,22,83,6,2,28,94,71,100,56,97,78,22,76,45,70,98,7,51,85,91,71,14,246,1,
P65
22,31,83,11,58,60,87,13,84,48,25,14,9,18,27,53,14,0,77,22,20,89,21,77,9,57,43,41,31,99,53,490,4,24,85,89,18,73,83,10,41,60,65,59,87,43,11,85,75,32,87,85,55,54,56,53,66,44,98,38,34,10,26,0,218,1,63,78,76,1,39,37,91,88,9,93,82,3,29,81,59,92,24,47,67,36,16,64,43,34,14,100,4,81,13,26,43,138,2,
P66
30,53,2,17,66,86,31,58,66,6,76,94,60,56,94,2,45,80,91,32,56,67,90,100,7,87,64,1,39,59,70,417,0,86,49,61,96,90,87,60,14,74,3,92,58,44,23,44,28,44,64,85,97,30,28,94,34,28,70,26,52,37,2,22,483,2,44,76,63,34,63,73,93,45,76,88,92,0,46,83,47,12,18,29,43,61,29,23,60,0,3,40,26,54,83,63,93,486,0,
P67
53,44,99,50,68,64,22,43,23,82,65,16,85,9,96,41,42,52,7,98,17,82,84,81,83,89,39,94,24,50,43,91,5,17,6,44,43,87,17,12,78,41,57,67,51,51,10,15,35,6,11,30,67,11,58,2,38,77,39,6,6,27,24,44,101,4,94,67,82,86,78,23,40,36,23,86,18,36,64,36,65,73,97,95,97,22,95,66,62,87,87,10,15,66,3,19,97,479,0,
P68
59,27,0,82,36,23,29,1,40,13,77,1,21,85,53,95,82,36,42,31,16,25,87,21,85,10,38,90,54,98,12,308,1,54,84,92,66,27,100,89,95,50,40,4,31,41,78,8,37,10,20,62,12,58,38,18,64,10,45,88,41,56,51,76,407,3,48,30,45,54,66,34,5,84,70,70,19,1,42,82,62,4,71,22,71,99,8,57,9,91,89,79,9,30,41,62,89,349,0,
P69
60,61,49,90,28,55,69,5,57,56,56,76,51,4,12,59,35,95,84,21,16,34,99,54,24,18,51,16,97,42,57,18,3,7,61,5,97,21,22,2,26,19,9,70,28,47,80,48,75,92,5,79,76,69,89,21,23,29,43,74,10,18,74,25,401,2,43,24,98,14,8,34,84,94,35,93,42,97,97,12,18,33,77,93,56,86,83,45,64,59,41,4,20,59,60,79,69,327,0,
P70
46,98,46,14,69,69,37,25,44,54,29,56,12,30,51,97,18,67,97,16,87,87,34,3,2,30,46,44,53,15,99,7,0,88,22,77,90,14,97,66,84,24,79,63,72,53,20,77,31,97,11,86,84,0,82,93,40,92,10,80,75,35,81,23,285,2,83,78,20,33,37,21,92,79,84,54,57,1,88,34,60,9,86,9,54,16,68,61,87,88,20,46,33,8,81,36,30,274,0,
P71
80,82,82,16,73,25,70,68,48,82,98,99,44,82,31,41,98,84,27,98,87,97,95,32,40,47,47,41,12,26,92,226,4,79,83,2,10,32,26,89,61,64,7,47,6,4,9,18,91,59,85,72,51,92,29,61,71,4,63,17,34,52,86,97,181,2,63,50,1,20,96,85,74,18,52,27,18,79,37,4,54,57,20,21,18,73,75,38,86,7,46,66,43,7,62,22,24,312,5,
P72
74,46,94,9,13,41,57,77,5,68,59,2,8,22,86,1,20,72,98,14,71,4,27,17,11,39,9,32,30,83,70,382,5,7,32,1,62,93,66,70,6,72,74,15,56,30,75,7,68,25,99,98,53,69,1,15,53,1,67,38,7,63,39,36,195,5,44,0,6,85,18,25,11,37,70,48,7,23,5,94,44,23,66,85,27,51,93,39,84,1,46,45,91,0,36,29,46,74,1,
P73
79,7,100,36,85,71,3,9,39,78,98,24,45,17,63,9,98,100,80,25,83,91,30,93,22,61,75,89,97,3,76,246,4,99,64,84,34,70,21,74,51,44,71,25,51,38,17,49,35,70,84,2,85,36,70,17,41,78,46,80,94,83,50,47,8,1,30,13,19,42,50,89,56,23,11,61,16,21,50,83,6,77,100,65,16,83,66,28,28,22,95,64,51,16,76,46,6,293,3,
P74
78,27,84,47,36,23,91,34,13,35,17,42,10,82,41,90,73,24,81,2,16,69,29,91,23,26,60,71,68,3,45,173,5,81,15,49,20,67,93,91,58,43,96,41,58,30,10,7,100,61,44,35,44,51,12,91,30,73,39,46,50,86,93,32,80,5,14,76,19,70,100,97,31,15,18,47,98,24,24,98,55,6,46,20,0,40,9,96,3,60,11,80,6,22,52,32,66,205,1,
P75
58,33,90,48,33,3,49,50,11,60,98,53,15,70,77,62,39,93,98,68,49,20,60,76,91,27,79,74,38,8,96,477,0,18,40,51,9,65,60,4,5,17,0,83,24,66,9,34,1,20,85,80,10,14,52,15,27,69,67,19,12,65,26,83,117,1,35,6,0,32,89,18,80,86,8,70,49,63,42,62,50,42,1,59,37,72,85,49,17,57,37,69,89,56,34,63,35,465,4,
P76
43,74,66,59,91,78,18,54,30,100,91,73,62,29,31,59,97,80,79,23,55,36,50,100,9,89,8,16,50,15,60,325,5,58,64,81,28,35,98,96,17,88,27,94,22,28,13,6,75,90,88,93,4,14,61,37,33,73,1,25,43,84,24,8,123,4,68,57,45,13,9,20,83,24,83,24,52,99,32,54,23,70,25,8,18,8,31,21,77,20,78,77,49,37,11,17,45,295,1,
P77
18,12,22,2,66,52,1,56,91,63,85,21,21,48,68,67,71,22,2,87,89,11,41,97,95,92,78,7,51,33,69,466,0,36,23,7,31,6,96,59,100,17,53,79,90,27,68,77,87,38,57,47,41,90,87,42,82,96,26,5,60,34,94,36,340,0,58,16,29,6,6,78,97,59,43,29,79,66,65,70,40,83,78,72,70,54,58,47,97,6,51,7,90,14,19,97,43,324,0,
P78
71,11,93,38,33,84,1,85,71,89,99,38,55,35,27,57,21,15,35,63,11,29,20,89,2,71,89,54,5,33,42,57,3,34,89,39,93,55,22,11,33,11,5,68,55,92,72,11,4,13,68,91,55,15,87,47,20,12,47,80,48,84,28,84,269,3,16,86,29,79,10,72,7,55,3,72,24,44,20,68,82,57,21,39,3,84,45,20,57,34,35,76,31,91,19,9,1,277,2,
P79
80,44,37,81,28,74,70,93,12,91,27,39,14,48,54,15,77,31,10,97,19,12,33,7,32,38,7,94,80,17,60,41,1,76,38,18,53,71,97,58,4,51,15,77,28,20,90,62,77,10,77,29,24,64,41,71,9,56,20,38,47,3,21,45,480,2,80,37,8,54,92,78,25,82,21,12,49,69,69,36,7,38,19,52,59,77,53,60,52,50,16,37,59,58,38,87,85,225,4,
P80
6,21,23,42,13,35,33,40,74,13,55,94,28,31,24,38,95,44,50,27,17,48,66,91,41,11,75,88,37,1,44,76,1,99,96,58,22,0,75,4,43,70,24,99,31,0,8,75,97,32,4,3,70,13,59,56,17,73,26,4,16,71,29,35,18,3,38,15,47,29,97,34,41,12,3,76,48,10,81,68,29,39,44,48,65,62,98,81,66,22,5,70,8,66,54,99,92,499,4,
P81
86,2,62,85,43,2,98,64,96,25,61,20,63,55,30,79,49,13,94,81,4,34,92,79,89,96,46,92,39,35,24,483,1,24,58,43,28,0,12,52,99,10,18,73,85,81,72,55,85,41,34,43,63,52,15,89,22,98,60,18,42,61,9,85,495,1,21,76,82,28,88,51,71,36,28,51,70,23,56,80,71,87,41,34,33,73,56,38,43,31,71,97,29,5,55,8,76,105,0,
P82
9,47,15,6,10,77,99,37,97,61,59,93,6,7,73,100,54,77,100,11,21,54,6,33,12,45,69,97,36,73,11,296,4,12,33,99,30,31,8,15,3,59,96,41,80,80,48,13,90,11,31,71,100,54,69,25,38,77,53,47,53,37,80,16,78,2,70,38,18,6,40,46,57,9,69,79,89,5,65,96,39,65,69,61,69,11,92,39,74,87,10,28,95,29,70,45,6,479,5,
P83
84,96,68,82,32,30,9,57,23,15,64,96,81,84,38,46,96,25,0,1,58,12,13,93,8,49,65,85,60,50,43,476,2,46,9,10,27,79,35,23,20,14,69,68,28,58,45,25,29,45,45,64,36,83,40,89,96,59,93,75,97,8,53,20,171,1,12,22,60,36,98,95,14,86,100,46,81,4,10,15,65,79,93,23,85,67,9,95,61,4,24,98,15,20,70,98,82,403,3,
P84
92,44,73,0,0,96,82,31,57,28,14,61,74,76,86,40,78,9,52,91,69,27,5,100,11,65,50,86,74,61,65,215,2,48,41,11,37,61,92,5,95,86,64,40,11,59,51,56,89,87,39,28,42,0,53,34,76,15,42,28,14,62,57,9,126,4,17,83,20,99,68,86,10,14,90,87,97,20,65,89,9,15,21,19,10,49,90,34,12,4,20,82,68,20,63,53,47,265,2,
P85
65,38,62,12,35,18,40,15,79,14,92,30,54,69,5,73,25,74,100,30,74,77,61,90,62,34,50,90,66,88,97,274,0,12,24,59,18,18,45,48,58,56,6,75,78,95,62,83,89,70,84,7,3,59,22,45,53,37,73,76,94,49,73,61,486,2,45,69,51,21,49,6,7,45,93,38,0,2,54,21,88,64,36,77,64,48,47,84,29,14,3,93,33,49,5,34,16,190,0,
P86
9,26,1,49,41,80,29,32,76,84,0,48,22,92,21,88,21,61,64,82,50,25,83,67,82,48,20,37,44,11,53,327,2,79,82,64,26,5,86,99,81,64,59,8,46,13,78,96,20,81,20,9,92,74,12,30,15,5,79,89,66,6,17,85,355,1,37,17,3,44,63,96,82,29,98,35,50,85,65,87,27,28,34,40,11,30,20,14,89,53,29,94,87,9,9,55,46,34,5,
P87
69,78,69,98,10,44,47,77,58,69,69,80,56,56,6,19,4,23,11,87,56,59,34,76,62,44,87,83,98,90,32,188,2,78,71,67,42,17,97,68,92,9,81,69,4,68,15,25,77,73,65,89,69,80,60,48,34,25,54,52,76,4,16,48,78,0,56,1,39,3,97,2,39,46,54,3,99,81,32,100,21,9,29,41,91,17,61,19,77,13,29,86,69,35,98,7,53,425,1,
P88
29,43,84,77,87,8,11,21,88,68,77,60,53,81,49,30,33,4,89,67,46,51,78,32,33,41,21,4,73,55,1,500,2,57,70,87,24,27,96,71,62,0,38,43,25,81,15,90,69,85,35,28,99,70,19,18,21,62,89,3,85,3,57,26,317,4,56,71,52,61,83,5,31,48,87,29,47,74,38,42,81,28,25,41,14,1,21,43,87,56,44,50,29,89,69,3,91,142,1,
P89
44,84,2,56,71,56,90,48,15,42,95,65,39,28,35,27,61,82,78,38,13,78,79,1,82,51,22,26,19,86,63,212,0,50,20,57,87,82,57,92,25,48,72,6,3,7,57,39,1,55,8,21,39,96,49,95,99,33,98,21,8,23,14,39,466,3,52,89,96,49,2,48,78,49,88,82,57,35,77,82,76,91,83,63,100,35,18,9,85,47,99,53,16,36,44,22,62,468,3,
P90
85,6,44,74,54,25,83,49,56,88,43,92,14,3,73,59,42,52,36,87,19,17,4,41,9,23,27,96,52,63,3,439,1,25,82,16,83,6,30,55,80,34,28,36,73,29,58,47,16,97,42,65,91,6,99,54,28,73,77,42,8,15,42,7,467,3,77,13,2,20,29,91,1,52,25,44,34,67,0,83,97,100,85,14,76,69,62,74,89,78,9,99,0,2,26,78,2,289,4,
P91
77,90,86,25,4,41,12,47,99,94,50,71,52,58,90,88,45,8,71,49,16,47,72,9,42,90,38,59,93,6,36,81,4,90,97,80,10,76,13,38,11,52,68,69,99,84,32,6,15,22,12,13,77,6,52,19,14,60,1,56,93,8,46,64,87,2,22,86,15,90,4,6,34,4,40,34,87,36,0,71,50,76,6,78,15,95,56,24,59,22,93,85,100,49,53,56,75,341,0,
P92
27,66,45,6,12,43,100,29,81,51,87,70,4,31,44,75,46,26,88,84,35,30,74,39,55,66,46,6,68,74,96,137,3,75,17,0,79,28,52,12,64,16,97,96,22,11,84,0,91,26,7,42,46,21,68,47,44,26,21,90,68,85,98,25,422,2,30,12,63,30,83,2,31,69,4,98,6,54,73,12,99,54,73,54,44,31,42,37,82,41,52,34,63,93,75,37,4,420,4,
P93
1,18,30,67,13,77,17,0,12,88,98,23,28,44,49,16,27,51,12,67,90,67,33,1,39,0,76,15,62,82,29,500,5,4,8,6,16,38,22,79,100,10,56,84,11,46,9,85,54,21,72,88,68,82,14,89,71,48,40,34,3,65,48,35,31,1,1,98,80,32,67,84,29,39,3,68,17,1,21,90,21,65,87,63,68,34,70,87,68,33,79,8,70,27,79,52,80,404,1,
P94
96,80,76,79,46,89,66,43,11,95,87,26,77,81,77,89,47,33,55,46,0,94,13,76,9,75,23,78,4,56,66,469,4,18,27,19,63,27,97,19,10,74,31,86,58,52,7,96,5,41,78,19,30,14,34,36,49,37,67,63,61,69,52,87,261,2,78,82,33,6,20,37,74,37,4,61,93,93,93,45,55,60,79,92,12,12,24,92,87,60,18,66,11,23,11,61,90,402,3,
P95
45,47,7,10,90,18,71,43,10,47,90,54,35,2,87,56,49,87,50,62,29,25,2,18,2,73,74,46,39,41,84,326,0,49,6,40,34,83,13,32,68,37,84,75,32,89,16,9,75,12,24,8,14,39,11,81,1,72,49,54,30,1,100,17,193,1,96,29,43,36,32,13,63,25,5,55,70,27,82,15,18,94,27,8,51,14,34,70,46,12,93,57,73,65,46,81,8,435,5,
P96
60,44,90,98,53,100,44,42,53,46,44,5,1,59,59,17,20,88,8,90,72,78,62,12,23,67,53,88,16,41,77,3,4,51,88,93,49,55,96,32,97,27,88,79,37,62,57,27,36,71,32,47,51,33,18,67,53,14,68,18,54,85,23,2,206,3,44,8,94,73,100,65,28,35,92,76,50,76,35,44,50,87,24,85,22,36,97,14,93,35,45,5,82,16,13,24,23,378,1,
P97
74,3,47,84,45,67,96,55,72,64,14,97,81,0,84,56,90,22,33,18,34,56,51,87,9,68,94,1,10,44,50,30,2,51,99,87,50,61,81,37,39,84,65,96,77,67,32,8,13,83,7,98,49,27,79,84,45,32,68,69,32,70,11,88,34,1,62,98,20,56,32,78,31,49,54,33,59,70,19,83,54,41,85,16,21,77,17,32,48,100,48,27,23,10,50,21,12,63,2,
P98
33,58,28,29,80,67,93,94,63,39,94,13,95,50,35,94,34,69,15,85,21,24,18,82,25,28,25,40,78,39,78,224,0,37,70,23,40,75,6,4,70,83,37,68,57,50,51,64,13,66,91,92,49,36,24,84,71,22,19,82,11,6,58,9,385,0,34,16,29,66,65,49,99,90,18,84,72,39,91,22,21,78,100,39,9,13,4,24,41,94,34,57,81,65,35,65,70,395,5,
P99
73,42,63,31,35,26,70,96,39,31,11,40,24,45,75,6,96,96,30,14,77,22,8,69,62,87,7,30,64,70,36,182,0,49,2,15,19,38,64,56,6,87,72,23,51,86,55,7,77,4,43,67,88,80,89,73,28,67,80,86,53,89,79,4,6,4,35,12,26,100,1,10,49,40,49,39,62,37,83,27,76,92,41,46,15,48,39,15,4,19,47,40,84,29,9,30,10,323,2,
P100
67,13,82,2,8,87,100,86,26,91,97,0,97,93,63,26,73,5,14,81,74,43,33,81,73,97,17,66,99,29,31,437,0,23,52,8,46,24,95,17,13,45,2,68,53,80,38,62,46,92,8,1,65,36,34,44,88,87,99,32,49,2,80,93,372,3,76,10,42,91,16,58,29,44,95,78,72,36,69,79,82,51,26,87,32,30,5,79,36,55,74,45,51,80,21,60,63,328,3,
P101
0,84,57,100,69,49,90,66,50,86,24,79,79,97,84,93,43,58,35,77,4,75,39,88,40,4,83,62,1,92,1,380,1,38,21,96,55,34,7,24,1,26,3,40,88,15,31,62,83,62,64,16,5,51,70,71,84,18,39,29,11,31,26,35,384,5,53,18,44,48,62,4,25,100,40,95,78,88,11,70,74,43,0,45,22,2,100,62,14,16,8,35,76,86,99,11,51,418,4,
P102
1,43,3,57,75,19,9,99,98,54,61,82,12,71,5,14,47,76,89,52,64,28,56,46,57,58,37,55,25,11,93,363,1,57,47,15,81,14,41,50,20,95,31,18,57,14,80,20,97,52,38,66,22,88,85,61,16,96,59,42,75,60,55,83,27,2,66,58,86,91,57,92,85,1,45,96,71,18,5,37,29,27,40,28,55,54,11,63,89,87,15,53,65,53,71,60,36,88,1,
P103
50,96,32,25,61,29,79,21,77,57,92,82,71,4,58,59,57,88,54,79,33,10,2,71,65,28,48,74,20,35,36,159,5,63,82,4,79,2,65,10,20,21,24,100,8,87,51,12,53,39,100,3,67,82,65,25,90,39,51,10,21,34,78,63,329,5,26,41,45,78,42,90,39,12,75,44,50,3,37,90,99,93,9,9,21,64,96,36,17,26,90,54,87,91,90,70,82,131,0,
P104
27,92,13,72,79,90,29,71,38,100,41,62,59,98,49,79,43,82,89,11,18,19,39,33,59,26,34,10,28,65,22,276,0,42,61,20,52,81,7,42,47,82,28,64,60,47,3,59,50,70,6,15,61,96,54,11,5,42,11,83,93,75,42,16,225,1,25,52,78,65,65,52,75,81,55,12,36,19,71,45,28,92,8,91,95,92,16,50,45,2,6,0,73,49,83,49,7,146,4,
P105
94,68,29,22,4,67,22,45,95,47,9,43,25,52,92,80,29,9,65,35,8,90,27,43,66,55,74,26,77,63,37,55,1,34,16,74,76,63,56,70,93,15,84,96,41,33,65,47,14,92,43,35,3,14,43,14,98,35,55,5,15,71,74,4,57,5,38,32,32,13,12,53,92,14,73,62,59,67,19,33,57,80,25,74,29,70,42,35,71,14,85,19,64,88,26,31,31,234,1,
P106
59,0,28,47,45,23,94,54,66,18,72,23,64,1,100,28,36,7,17,63,16,84,84,91,9,27,19,76,64,15,89,285,3,46,85,11,83,78,93,66,73,33,65,4,47,80,96,90,81,65,70,23,46,67,24,0,38,40,38,79,21,42,34,55,434,5,44,41,18,35,55,57,63,80,24,82,12,47,62,3,20,57,74,63,93,10,43,43,29,73,30,21,3,64,18,32,62,404,4,
P107
36,60,88,96,81,20,14,18,43,44,19,8,73,21,16,56,50,99,39,0,55,15,27,74,57,57,89,94,45,70,47,134,1,3,97,81,69,35,80,100,39,26,79,35,82,59,66,52,48,11,85,73,12,23,12,50,68,33,58,1,10,79,87,82,108,1,63,94,71,25,73,95,7,52,41,35,55,28,92,95,91,50,4,100,59,100,73,55,88,42,18,5,75,47,34,47,97,298,4,
P108
43,77,32,23,95,41,67,81,50,5,68,32,62,18,30,0,85,86,82,78,25,38,34,81,31,45,50,90,93,46,1,203,1,16,18,24,16,23,16,61,24,99,87,91,50,34,1,34,6,80,23,85,96,91,85,20,93,61,65,45,24,13,28,29,167,5,22,80,25,96,31,32,97,53,26,88,47,16,4,52,83,63,17,55,85,4,97,2,77,37,16,10,51,77,6,58,95,67,3,
P109
24,84,6,57,64,22,63,31,54,24,15,51,91,100,2,39,77,27,77,77,7,75,22,24,64,81,70,31,82,59,72,186,1,11,35,41,39,26,39,25,16,89,25,84,90,32,30,12,83,92,70,67,78,28,27,43,73,18,56,67,53,51,79,63,17,3,56,35,97,52,54,23,6,0,5,77,18,88,5,36,8,90,6,72,59,83,8,75,59,59,17,66,16,91,26,20,49,367,1,
P110
95,72,92,57,2,11,47,85,62,4,84,64,43,61,58,86,37,31,60,25,55,90,5,92,87,53,16,83,91,24,86,421,1,1,6,24,93,89,79,17,72,34,15,1,13,99,60,83,31,37,10,25,80,49,9,35,16,62,53,61,5,15,7,83,240,3,67,75,74,73,75,46,15,60,100,21,96,8,10,68,80,35,51,88,9,9,13,93,41,29,83,34,15,37,49,36,15,399,3,
P111
8,64,20,22,48,49,93,32,12,35,59,36,87,62,68,47,88,22,36,59,13,23,79,96,72,69,19,90,20,81,96,332,5,75,68,25,58,6,59,74,7,72,38,33,54,35,71,30,60,50,80,35,52,62,97,71,22,68,86,30,24,34,9,75,293,4,55,52,40,70,78,40,91,73,48,68,40,94,2,57,47,79,33,60,71,40,90,54,40,4,57,89,7,11,4,84,59,427,5,
P112
17,59,0,9,57,79,10,82,15,97,44,83,43,31,71,46,56,51,69,34,46,6,70,66,63,90,12,27,85,23,68,72,5,32,50,54,72,23,25,76,57,46,11,27,76,37,43,21,73,61,83,35,31,72,70,83,1,94,16,77,63,91,20,90,477,0,28,79,86,19,17,33,87,24,93,89,81,40,33,80,100,4,20,55,24,26,26,81,15,33,93,19,16,99,78,85,72,105,5,
P113
77,5,91,87,88,5,84,31,54,93,28,24,38,84,75,73,18,21,80,54,53,8,43,31,35,95,55,47,62,37,39,212,4,27,94,36,3,50,82,14,43,24,17,86,45,56,13,95,92,44,66,61,27,33,20,9,9,83,67,97,40,56,32,83,262,0,91,81,29,43,4,22,99,51,62,31,98,27,1,17,83,25,43,8,73,24,41,65,43,23,29,87,7,39,59,37,15,387,4,
P114
92,96,19,41,26,73,0,54,64,38,4,38,78,89,25,23,42,44,31,51,76,32,45,30,79,7,33,37,12,41,70,89,5,52,41,1,32,50,92,50,2,3,5,15,98,63,25,29,90,18,62,9,28,37,93,95,33,99,16,66,16,65,57,17,112,0,25,88,53,23,4,81,20,1,7,22,85,56,13,95,64,86,18,71,16,62,95,11,48,68,51,73,4,52,89,54,13,338,2,
P115
11,29,43,11,84,6,15,54,11,93,42,2,15,84,47,12,34,89,45,46,85,23,19,84,60,98,24,45,67,27,78,147,2,49,81,62,65,83,65,71,64,28,100,90,57,90,74,85,99,1,21,57,62,55,22,44,87,38,9,9,40,93,40,7,133,5,2,12,82,89,13,56,77,65,11,91,59,42,42,43,12,25,4,6,36,19,41,53,58,11,5,46,66,88,25,73,94,217,1,
P116
55,6,31,37,26,42,29,68,44,11,17,57,23,17,11,68,63,96,58,48,79,17,45,70,28,12,63,9,56,86,78,180,2,73,3,1,9,34,29,8,90,52,64,63,36,29,65,58,52,93,79,74,37,31,78,12,40,84,4,81,94,78,68,50,433,1,83,65,59,25,96,37,82,54,79,24,63,91,15,34,64,51,19,4,71,77,82,76,90,47,29,14,87,18,75,37,23,11,5,
P117
14,84,6,9,51,16,87,34,40,10,52,51,44,81,47,68,29,92,86,74,61,80,52,91,90,8,76,23,86,34,100,352,5,59,71,61,34,60,13,98,23,15,93,54,73,45,46,51,18,49,82,97,61,89,80,31,69,39,76,36,70,25,73,85,133,4,48,63,17,30,83,96,20,46,87,35,80,16,52,99,20,89,75,68,64,64,15,60,45,68,78,86,4,100,8,73,22,442,3,
P118
75,1,42,62,35,48,72,53,100,82,34,46,50,29,3,1,2,31,47,55,21,2,29,97,92,14,97,45,80,81,54,115,4,85,70,7,48,59,23,41,12,62,86,25,13,70,74,61,32,1,49,79,99,84,17,74,86,53,66,25,20,16,35,0,330,4,52,18,60,38,30,12,39,9,95,58,7,81,46,48,48,77,79,29,36,23,97,80,75,1,46,83,40,93,4,41,23,181,3,
P119
15,16,27,53,70,26,1,70,38,17,99,42,18,0,73,31,21,60,34,50,56,92,30,53,37,76,100,74,97,81,11,366,4,48,30,11,89,42,74,40,33,53,10,7,80,42,75,96,20,39,79,4,80,31,57,45,56,78,61,57,59,61,27,8,404,1,27,55,60,33,64,54,91,71,34,2,86,49,79,64,78,81,53,75,61,27,42,6,76,82,65,46,22,20,35,48,63,126,4,
P120
31,99,73,32,68,78,15,66,86,100,33,24,30,20,84,30,37,5,22,33,58,59,9,23,32,5,3,52,83,67,13,367,2,64,66,99,70,65,17,80,38,97,89,12,58,75,18,37,79,98,68,2,42,90,46,2,46,4,63,39,51,37,63,67,408,2,96,33,15,52,70,15,54,55,64,100,18,42,80,71,83,6,64,91,12,39,38,77,86,26,64,87,40,99,49,43,10,17,3,
