300
50
Best: P38
45
Connecticut Avenue,Electric Company,B & O Railroad,North Carolina Avenue,Vermont Avenue,Reading Railroad,States Avenue,Virginia Avenue,Oriental Avenue,Kentucky Avenue,Pennsylvania Avenue,Short Line Railroad,Mediterranean Avenue,Park Place,Baltic Avenue,St. James Place,Tennessee Avenue,St. Charles Place,
39,59,53,70,82,2,30,39,59,54,6,9,5,89,61,56,89,59,83,57,64,50,76,55,60,21,36,66,62,77,67,58,2,50,33,46,70,31,29,41,14,65,12,67,61,48,50,10,50,50,2,23,7,32,51,28,48,84,67,86,0,1,13,51,431,1,64,17,97,90,75,17,74,35,81,52,9,86,93,4,40,43,66,21,98,56,42,10,91,70,73,49,70,4,7,23,38,273,1,
Best: P47
43
New York Avenue,Tennessee Avenue,Atlantic Avenue,Kentucky Avenue,Mediterranean Avenue,
48,36,73,37,56,38,34,77,43,42,7,13,29,48,53,30,41,42,89,50,41,58,65,37,40,52,37,90,75,78,46,207,1,63,30,90,40,18,14,19,38,31,31,90,67,86,84,30,32,29,11,65,19,63,80,21,81,43,33,26,28,1,16,50,171,1,52,10,68,84,60,47,81,42,52,46,17,100,100,18,86,36,63,44,81,18,22,14,100,69,53,41,59,4,34,32,25,288,1,
Best: P42
42
Reading Railroad,Atlantic Avenue,Kentucky Avenue,Mediterranean Avenue,Boardwalk,Pennsylvania Railroad,
38,35,67,44,43,47,47,69,51,48,3,16,31,42,30,29,86,58,66,52,65,49,69,73,27,63,39,100,100,82,26,216,1,64,21,88,37,38,29,15,14,40,18,81,26,100,45,39,39,44,7,67,55,59,72,32,92,40,37,29,14,2,31,39,244,0,100,25,94,61,77,37,100,45,100,30,25,100,100,21,72,29,72,29,78,24,35,15,100,100,88,97,57,6,32,24,16,236,0,
Best: P32
39
Pennsylvania Railroad,Kentucky Avenue,Oriental Avenue,St. Charles Place,Water Works,North Carolina Avenue,B & O Railroad,Park Place,Reading Railroad,States Avenue,Atlantic Avenue,Connecticut Avenue,Pennsylvania Avenue,Indiana Avenue,Ventnor Avenue,
42,45,48,52,32,23,33,34,21,47,6,18,54,90,27,32,54,51,84,36,26,36,51,92,25,23,64,56,81,50,66,126,0,32,26,89,57,42,22,38,23,28,16,82,28,100,76,30,37,80,12,37,46,48,100,40,100,64,42,32,16,7,37,21,256,0,71,19,100,100,100,56,100,24,74,38,29,85,100,13,84,48,100,37,100,28,17,15,100,100,43,77,87,10,20,24,13,248,0,
Best: P47
40
Reading Railroad,Virginia Avenue,Short Line Railroad,Marvin Gardens,Vermont Avenue,Kentucky Avenue,St. James Place,Indiana Avenue,Water Works,Connecticut Avenue,
39,44,59,57,56,18,46,69,35,46,5,22,42,96,24,28,55,50,55,37,50,68,42,74,40,30,28,45,89,93,66,102,0,34,31,47,54,39,18,33,27,13,12,100,32,94,71,14,36,67,12,66,55,81,66,31,65,63,25,13,23,4,24,29,115,0,70,17,77,97,100,67,61,20,88,35,27,79,100,8,69,40,83,29,43,39,14,13,100,83,56,100,100,8,13,42,14,326,0,
Best: P37
35
St. James Place,Ventnor Avenue,Tennessee Avenue,Illinois Avenue,Pennsylvania Avenue,Atlantic Avenue,Marvin Gardens,Baltic Avenue,North Carolina Avenue,Electric Company,
77,29,32,33,74,14,44,57,25,37,3,13,32,100,14,35,86,29,100,72,49,65,25,71,32,18,30,42,63,67,30,171,0,35,26,67,27,56,47,26,22,25,22,96,45,45,62,28,33,49,6,80,60,59,67,18,40,57,42,16,33,5,23,52,120,0,52,28,62,58,83,34,42,22,100,57,47,89,83,10,80,38,58,24,76,44,29,15,100,100,51,66,100,8,17,29,21,450,0,
Best: P46
37
Electric Company,St. James Place,B & O Railroad,North Carolina Avenue,Reading Railroad,States Avenue,Pennsylvania Avenue,Short Line Railroad,Ventnor Avenue,Marvin Gardens,
32,41,40,39,27,24,49,70,50,59,4,19,31,62,24,42,81,70,93,60,32,59,61,55,18,19,31,32,54,41,47,146,0,48,22,74,29,26,20,20,23,25,34,44,25,66,39,31,31,81,6,47,36,73,68,17,82,36,28,15,23,2,40,72,110,0,53,30,45,42,47,23,46,19,91,46,40,100,62,7,74,46,60,22,65,28,20,8,68,71,76,65,82,7,17,34,21,498,0,
Best: P46
47
Reading Railroad,Electric Company,Indiana Avenue,Ventnor Avenue,Marvin Gardens,Pennsylvania Railroad,Baltic Avenue,Oriental Avenue,Kentucky Avenue,Mediterranean Avenue,Illinois Avenue,St. Charles Place,Park Place,
32,41,40,39,27,24,49,70,50,59,4,19,31,62,24,42,81,70,93,60,32,59,61,55,18,19,31,32,54,41,47,146,0,48,22,74,29,26,20,20,23,25,34,44,25,66,39,31,31,81,6,47,36,73,68,17,82,36,28,15,23,2,40,72,110,0,53,30,45,42,47,23,46,19,91,46,40,100,62,7,74,46,60,22,65,28,20,8,68,71,76,65,82,7,17,34,21,498,0,
Best: P43
42
Reading Railroad,Electric Company,Marvin Gardens,Short Line Railroad,St. James Place,Tennessee Avenue,Pennsylvania Railroad,Atlantic Avenue,Connecticut Avenue,
41,26,19,48,34,15,76,31,67,45,5,32,29,38,33,30,100,35,77,33,30,71,76,81,34,22,42,16,30,27,28,267,0,34,19,44,33,25,11,19,25,20,47,69,43,61,64,33,38,80,4,39,62,29,38,18,65,21,20,14,13,2,62,56,183,0,93,21,31,40,31,20,69,18,80,36,37,73,55,6,100,66,61,27,55,26,35,6,54,79,83,80,100,6,13,23,14,499,0,
Best: P46
39
B & O Railroad,Short Line Railroad,Baltic Avenue,St. Charles Place,Tennessee Avenue,Park Place,Atlantic Avenue,Water Works,Mediterranean Avenue,Boardwalk,Virginia Avenue,New York Avenue,States Avenue,St. James Place,Ventnor Avenue,Marvin Gardens,Kentucky Avenue,Electric Company,
46,33,24,23,37,17,63,55,87,38,5,35,33,52,40,42,91,42,51,48,40,69,83,41,24,26,35,33,46,47,19,115,0,52,11,56,37,21,15,19,22,13,47,43,38,32,77,41,43,100,7,42,35,32,68,15,96,30,22,16,24,1,59,90,128,0,53,13,21,42,55,30,70,17,54,47,21,59,42,5,99,45,90,14,75,31,36,6,34,100,65,97,100,6,10,36,9,498,0,
Best: P41
37
Kentucky Avenue,Vermont Avenue,New York Avenue,Short Line Railroad,Ventnor Avenue,
48,31,61,18,40,24,79,28,65,66,6,39,21,44,37,34,86,57,42,69,30,33,48,83,20,28,36,24,39,45,15,119,0,58,7,69,39,32,19,16,40,7,46,68,45,51,37,26,69,53,10,27,40,19,24,17,100,20,31,11,19,0,22,86,132,0,52,18,51,51,69,39,50,15,84,52,17,74,83,3,82,69,75,36,84,40,30,9,41,99,47,86,100,7,7,32,5,590,0,
Best: P34
34
Connecticut Avenue,Kentucky Avenue,Mediterranean Avenue,Virginia Avenue,B & O Railroad,Vermont Avenue,St. James Place,Indiana Avenue,New York Avenue,Reading Railroad,Electric Company,Tennessee Avenue,St. Charles Place,Pacific Avenue,
41,12,38,38,25,12,56,70,37,31,4,51,19,50,17,47,66,74,30,36,37,28,46,67,26,13,49,19,47,39,15,134,0,56,15,76,57,32,10,14,21,10,25,64,63,64,38,28,45,98,10,34,53,33,34,23,100,43,33,11,10,0,32,90,131,0,57,33,32,69,95,47,46,17,30,40,39,48,100,4,100,53,64,30,42,28,35,9,52,74,68,37,71,3,7,48,14,686,0,
Best: P41
33
Pennsylvania Railroad,Indiana Avenue,Vermont Avenue,Kentucky Avenue,New York Avenue,
22,28,53,32,27,24,90,32,50,24,5,68,26,34,36,49,94,36,46,30,27,34,56,88,22,16,49,15,60,35,21,166,0,86,9,77,39,21,14,9,19,10,23,49,74,38,29,40,46,42,12,38,66,15,35,16,100,29,29,12,13,0,22,48,153,0,33,25,33,65,94,44,31,9,62,32,41,46,100,4,100,66,38,47,56,21,37,8,23,72,70,45,45,3,9,21,13,427,0,
Best: P43
34
Vermont Avenue,Pennsylvania Railroad,Indiana Avenue,Short Line Railroad,Tennessee Avenue,Connecticut Avenue,St. James Place,Kentucky Avenue,Marvin Gardens,Park Place,Ventnor Avenue,Pacific Avenue,
42,13,28,34,32,25,51,26,40,46,3,67,25,29,50,22,100,50,19,21,40,35,100,95,21,30,33,20,28,26,11,80,0,68,12,69,51,24,17,11,23,9,37,64,80,43,22,47,50,78,7,53,46,26,33,11,100,29,19,8,14,0,22,36,194,0,45,45,40,55,100,35,29,17,100,28,46,97,96,4,100,39,92,59,57,25,31,4,41,70,100,36,30,3,6,49,13,715,0,
Best: P42
39
Reading Railroad,Mediterranean Avenue,New York Avenue,Kentucky Avenue,Tennessee Avenue,St. James Place,Oriental Avenue,
62,11,44,14,26,21,49,31,64,43,2,86,21,17,50,32,71,27,56,41,42,27,57,88,26,39,25,28,33,46,7,107,0,72,17,46,32,19,15,16,25,7,33,79,57,32,31,51,58,61,7,59,41,31,22,23,89,34,21,11,20,0,17,51,165,0,75,50,64,37,85,23,31,10,55,29,40,100,68,2,74,58,51,71,83,26,22,4,35,100,100,43,19,1,9,31,11,646,0,
Best: P46
34
Illinois Avenue,Pacific Avenue,Park Place,Pennsylvania Railroad,Kentucky Avenue,Reading Railroad,Marvin Gardens,
50,13,25,21,46,35,28,45,59,31,3,72,15,34,48,45,61,24,55,46,36,17,43,43,26,26,35,10,23,17,7,129,0,34,17,60,50,22,16,12,24,4,35,100,54,47,34,20,38,32,10,57,62,34,13,11,48,31,12,15,11,0,21,36,217,0,26,21,45,42,91,38,43,15,48,28,57,70,100,4,47,66,85,39,89,17,32,4,40,100,49,28,20,1,5,50,6,305,0,
Best: P2
35
Connecticut Avenue,Ventnor Avenue,Pennsylvania Railroad,B & O Railroad,Reading Railroad,Kentucky Avenue,Marvin Gardens,States Avenue,Vermont Avenue,Oriental Avenue,North Carolina Avenue,New York Avenue,
37,7,45,20,47,40,29,28,72,35,3,71,13,15,62,48,40,27,54,20,44,35,53,50,30,18,53,8,26,11,16,135,0,39,15,40,42,14,16,10,35,4,29,43,43,32,16,32,50,23,5,48,69,19,44,16,91,36,8,6,11,0,34,23,119,0,22,53,67,18,75,37,25,11,59,39,43,54,100,2,31,98,94,23,92,26,24,4,62,100,43,43,48,1,3,44,6,400,0,
Best: P45
36
St. Charles Place,Virginia Avenue,Illinois Avenue,
50,19,60,12,60,41,33,36,60,38,1,38,10,24,62,34,85,27,34,63,58,20,84,85,34,26,60,6,23,15,13,133,0,53,22,39,41,26,29,15,24,3,28,35,28,24,29,17,74,35,9,72,86,25,46,16,74,47,13,16,12,0,34,19,109,0,32,44,60,22,61,46,24,15,44,68,41,42,100,1,86,86,100,19,94,19,38,5,69,54,37,58,46,1,3,49,7,327,0,
Best: P2
39
Baltic Avenue,Vermont Avenue,Atlantic Avenue,Mediterranean Avenue,Reading Railroad,Tennessee Avenue,Ventnor Avenue,North Carolina Avenue,Pennsylvania Railroad,Indiana Avenue,
63,14,37,21,49,57,37,22,81,46,2,39,16,20,60,29,39,34,55,48,62,34,88,40,39,19,66,5,35,15,15,187,0,31,13,53,48,29,21,13,39,2,32,47,41,15,33,18,79,21,7,57,98,17,38,21,100,30,13,13,12,0,35,30,143,0,36,40,68,23,56,39,19,14,28,38,30,39,100,1,71,100,100,24,68,21,19,3,81,100,29,37,36,1,2,31,8,246,0,
Best: P4
33
Pennsylvania Railroad,Atlantic Avenue,States Avenue,Short Line Railroad,B & O Railroad,Kentucky Avenue,St. Charles Place,Connecticut Avenue,Mediterranean Avenue,Electric Company,North Carolina Avenue,Marvin Gardens,Vermont Avenue,
37,14,28,12,31,51,27,15,54,56,1,44,15,21,65,30,44,41,74,34,31,24,53,81,17,20,44,5,36,9,9,174,0,36,18,38,39,13,20,16,26,2,41,37,51,13,35,16,94,22,7,61,55,26,49,29,97,45,12,13,15,0,29,43,137,0,20,16,53,29,39,32,11,17,59,52,33,23,59,1,82,100,100,22,77,19,26,4,43,53,40,48,35,1,1,30,8,133,0,
Best: P3
38
Pennsylvania Railroad,Atlantic Avenue,Electric Company,Kentucky Avenue,Marvin Gardens,States Avenue,Oriental Avenue,Vermont Avenue,Short Line Railroad,
40,9,23,31,40,26,47,17,84,77,1,51,9,26,48,51,70,41,88,63,94,51,45,75,20,29,77,4,21,10,11,191,0,22,20,47,22,23,17,18,33,1,75,66,28,16,47,27,94,32,5,84,52,31,36,15,75,60,15,10,11,0,25,41,167,0,19,18,23,15,26,44,13,9,31,32,40,26,100,1,56,100,70,25,90,14,26,7,29,57,41,46,48,1,0,32,6,396,0,
Best: P1
43
Kentucky Avenue,North Carolina Avenue,Atlantic Avenue,St. Charles Place,Mediterranean Avenue,Pacific Avenue,Boardwalk,States Avenue,
33,7,36,23,50,22,49,23,59,47,1,64,9,13,88,65,62,53,92,30,80,49,55,39,23,32,66,2,24,4,14,171,0,34,13,45,39,16,23,11,43,1,68,58,45,20,33,30,52,19,4,85,37,44,25,28,100,23,14,7,10,0,26,21,190,0,18,28,29,17,24,30,15,23,51,42,28,25,100,1,66,44,71,29,91,18,12,6,21,48,57,24,50,1,0,31,3,196,0,
Best: P3
45
Vermont Avenue,Pacific Avenue,Park Place,Reading Railroad,
44,9,27,30,41,19,35,16,49,31,1,29,6,10,82,43,86,31,63,60,86,73,66,47,25,42,74,4,25,4,10,244,0,36,21,60,30,11,28,16,24,1,62,74,19,21,54,31,74,36,3,100,35,26,31,13,100,48,21,6,14,0,21,25,113,0,15,31,35,22,33,40,19,19,60,33,34,21,100,1,76,76,84,23,50,20,23,5,13,59,26,37,69,1,0,37,4,216,0,
Best: P3
44
Electric Company,St. James Place,Pennsylvania Railroad,St. Charles Place,North Carolina Avenue,Vermont Avenue,Kentucky Avenue,Pacific Avenue,Park Place,Mediterranean Avenue,Short Line Railroad,
44,9,27,30,41,19,35,16,49,31,1,29,6,10,82,43,86,31,63,60,86,73,66,47,25,42,74,4,25,4,10,244,0,36,21,60,30,11,28,16,24,1,62,74,19,21,54,31,74,36,3,100,35,26,31,13,100,48,21,6,14,0,21,25,113,0,15,31,35,22,33,40,19,19,60,33,34,21,100,1,76,76,84,23,50,20,23,5,13,59,26,37,69,1,0,37,4,216,0,
Best: P2
43
Indiana Avenue,Ventnor Avenue,Atlantic Avenue,Mediterranean Avenue,Connecticut Avenue,Park Place,Baltic Avenue,Pennsylvania Avenue,Virginia Avenue,Kentucky Avenue,
42,7,53,15,25,32,32,15,59,46,1,20,6,14,67,39,72,42,55,70,42,72,49,35,16,28,58,6,15,2,9,165,0,27,19,83,36,13,39,12,19,1,55,40,32,24,58,35,82,44,4,100,16,24,50,7,90,26,14,3,9,0,16,49,141,0,26,28,21,23,34,26,14,18,42,25,26,32,100,1,100,51,85,32,88,24,33,4,18,68,16,57,53,1,0,23,3,316,0,
Best: P4
42
Tennessee Avenue,Ventnor Avenue,Reading Railroad,Connecticut Avenue,Marvin Gardens,New York Avenue,B & O Railroad,Pennsylvania Avenue,Illinois Avenue,
28,16,22,28,21,30,32,8,46,35,1,26,6,9,48,32,100,41,26,86,42,47,61,39,16,39,47,4,34,3,7,138,0,40,18,30,29,17,43,18,47,1,39,41,21,14,56,17,100,21,4,50,24,18,43,18,99,31,17,3,7,0,23,25,114,0,17,31,15,19,30,32,18,12,36,36,59,39,100,1,100,61,63,32,100,26,18,3,15,44,24,73,37,1,0,40,2,266,0,
Best: P3
45
Connecticut Avenue,Pennsylvania Railroad,Marvin Gardens,Kentucky Avenue,Pennsylvania Avenue,Ventnor Avenue,
17,14,32,29,24,25,47,6,37,27,1,35,5,17,44,43,65,36,40,60,50,50,35,33,21,23,73,4,30,3,4,227,0,26,21,37,46,8,38,17,25,1,23,54,18,29,75,35,66,46,3,83,20,10,53,8,67,32,30,3,9,0,30,34,79,0,13,21,24,29,41,48,26,19,29,39,20,25,100,1,69,92,100,21,100,40,17,2,18,44,22,49,37,1,0,33,1,176,0,
Best: P2
41
Oriental Avenue,Indiana Avenue,Short Line Railroad,Boardwalk,
14,12,40,40,31,26,65,3,53,56,1,35,6,13,71,49,57,44,40,100,23,39,74,46,18,19,54,5,26,2,5,203,0,33,17,27,21,8,49,21,26,1,33,67,11,28,66,36,95,56,6,100,21,10,55,8,100,31,12,2,11,0,22,58,92,0,12,22,10,24,25,62,12,21,41,42,34,46,97,1,39,77,100,21,81,26,23,2,8,48,14,46,35,1,0,22,1,269,0,
Best: P3
45
New York Avenue,B & O Railroad,Short Line Railroad,Electric Company,Pennsylvania Railroad,
16,10,37,23,33,16,35,5,55,21,1,19,6,19,48,38,79,48,28,51,33,36,37,40,23,25,49,4,32,1,2,107,0,19,23,33,23,11,35,22,20,1,36,66,12,30,97,33,54,36,6,71,13,14,50,7,58,42,19,2,9,0,36,36,67,0,6,25,18,21,28,63,19,11,53,22,15,39,54,1,39,45,73,22,50,38,19,2,7,36,27,60,49,1,0,29,1,173,0,
Best: P1
42
Indiana Avenue,North Carolina Avenue,New York Avenue,Tennessee Avenue,Connecticut Avenue,
24,16,34,34,20,30,32,7,33,25,1,36,6,9,55,37,34,61,34,67,42,37,61,38,11,22,62,6,39,1,2,92,0,24,18,26,18,11,32,23,12,1,48,53,12,26,57,27,56,64,5,57,23,21,51,8,81,49,22,3,9,0,31,40,47,0,9,28,24,15,31,74,9,27,34,37,17,30,91,1,53,41,45,23,100,25,10,2,13,45,28,33,24,1,0,38,0,125,0,
Best: P4
42
Vermont Avenue,Tennessee Avenue,Pennsylvania Railroad,Indiana Avenue,New York Avenue,Atlantic Avenue,Pacific Avenue,Pennsylvania Avenue,St. James Place,Kentucky Avenue,
19,8,23,40,26,12,24,3,16,30,1,25,4,14,70,54,97,40,20,40,39,23,26,51,13,17,82,5,48,0,0,110,0,22,20,14,27,6,18,25,21,1,42,39,18,30,43,45,65,44,5,50,31,13,71,9,84,30,12,2,7,0,22,38,79,0,3,22,20,15,32,51,19,15,61,49,42,36,87,1,53,49,50,40,88,37,20,3,9,44,30,31,32,1,0,45,0,177,0,
Best: P4
42
Vermont Avenue,Kentucky Avenue,Pacific Avenue,B & O Railroad,North Carolina Avenue,Tennessee Avenue,Pennsylvania Railroad,
19,8,23,40,26,12,24,3,16,30,1,25,4,14,70,54,97,40,20,40,39,23,26,51,13,17,82,5,48,0,0,110,0,22,20,14,27,6,18,25,21,1,42,39,18,30,43,45,65,44,5,50,31,13,71,9,84,30,12,2,7,0,22,38,79,0,3,22,20,15,32,51,19,15,61,49,42,36,87,1,53,49,50,40,88,37,20,3,9,44,30,31,32,1,0,45,0,177,0,
Best: P1
42
Connecticut Avenue,St. James Place,Indiana Avenue,Marvin Gardens,Park Place,Vermont Avenue,New York Avenue,Short Line Railroad,Ventnor Avenue,Pennsylvania Avenue,Illinois Avenue,B & O Railroad,Electric Company,Pacific Avenue,St. Charles Place,Oriental Avenue,
17,14,39,18,17,9,18,4,36,19,1,42,3,8,62,34,67,58,35,61,22,27,17,77,7,11,73,2,43,0,0,104,0,27,27,9,21,3,31,28,18,1,48,38,12,27,29,36,35,61,7,39,37,19,64,9,39,29,16,3,11,0,19,23,66,0,3,30,15,19,22,92,23,14,36,44,27,55,57,1,51,85,37,22,68,51,19,3,5,59,26,32,20,1,0,22,0,212,0,
Best: P4
38
Kentucky Avenue,Ventnor Avenue,Pennsylvania Avenue,Short Line Railroad,St. Charles Place,Atlantic Avenue,New York Avenue,Marvin Gardens,Reading Railroad,Boardwalk,
26,14,28,22,28,9,24,4,16,16,1,37,4,10,39,40,45,64,17,44,17,27,13,85,12,15,61,4,49,0,0,128,0,27,14,10,26,2,32,24,22,1,55,46,12,28,45,52,75,69,4,33,24,23,48,13,46,29,11,2,8,0,20,39,80,0,3,36,21,12,33,47,16,8,59,60,21,27,48,1,27,80,48,28,88,29,10,3,5,45,30,20,37,1,0,40,0,149,0,
Best: P3
44
Ventnor Avenue,Pennsylvania Railroad,Kentucky Avenue,Tennessee Avenue,B & O Railroad,Baltic Avenue,Electric Company,Indiana Avenue,New York Avenue,Boardwalk,Oriental Avenue,
20,12,28,30,24,7,25,4,18,11,1,28,3,10,40,72,60,36,32,66,12,24,8,46,18,15,53,3,59,0,0,89,0,22,21,7,16,3,43,20,32,1,34,68,9,24,17,68,43,24,7,34,14,13,49,8,75,23,17,1,4,0,18,25,78,0,2,30,12,13,21,51,14,13,66,44,28,50,46,1,29,100,65,14,47,39,17,3,4,75,20,39,44,1,0,31,0,221,0,
Best: P2
44
Connecticut Avenue,St. James Place,Ventnor Avenue,Tennessee Avenue,Short Line Railroad,Atlantic Avenue,Mediterranean Avenue,
26,15,46,19,11,5,38,2,12,30,1,26,3,9,21,60,89,17,29,37,11,24,14,31,15,9,39,5,77,0,0,62,0,32,19,12,14,4,43,13,35,1,19,42,15,16,25,46,29,37,8,26,16,15,78,5,64,35,14,1,6,0,10,16,69,0,3,26,11,14,26,27,12,17,76,74,25,59,89,1,23,85,75,22,37,55,15,1,2,37,33,32,43,1,0,23,0,281,0,
Best: P3
41
New York Avenue,Pennsylvania Avenue,Atlantic Avenue,Pennsylvania Railroad,St. Charles Place,Marvin Gardens,Water Works,Kentucky Avenue,Electric Company,Ventnor Avenue,Park Place,
34,17,20,30,21,7,38,4,14,30,1,21,4,7,15,84,64,22,25,56,8,28,6,30,23,12,34,3,78,0,0,82,0,29,15,10,22,3,61,12,37,1,37,80,11,12,24,79,26,28,8,15,10,15,88,8,68,26,10,1,7,0,7,21,105,0,2,16,9,7,16,54,16,18,43,84,30,79,92,1,38,79,38,12,34,52,19,1,3,65,30,29,31,1,0,35,0,263,0,
Best: P4
40
St. James Place,Vermont Avenue,Atlantic Avenue,Virginia Avenue,
18,8,23,36,21,13,25,3,18,18,1,25,3,12,13,62,57,35,19,74,14,24,10,54,10,9,42,5,63,0,0,104,0,32,23,16,18,1,71,10,37,1,59,75,12,19,26,79,45,22,6,22,17,20,66,4,76,22,7,1,9,0,10,11,117,0,2,17,7,12,12,26,11,7,53,64,27,75,50,1,42,82,45,9,45,43,16,1,4,60,23,20,39,1,0,52,0,228,0,
Best: P9
40
Oriental Avenue,St. Charles Place,Pennsylvania Railroad,New York Avenue,Indiana Avenue,
17,9,19,18,10,14,25,3,20,39,1,24,2,9,30,46,100,53,18,32,15,15,4,34,11,7,23,3,80,0,0,74,0,17,18,9,31,3,49,6,45,1,23,72,12,17,22,45,27,22,7,14,14,20,81,4,58,32,12,1,7,0,11,6,100,0,1,19,10,17,16,28,7,10,76,28,27,31,69,1,22,62,70,13,24,27,17,1,2,71,23,37,30,1,0,45,0,172,0,
Best: P3
43
Virginia Avenue,Marvin Gardens,North Carolina Avenue,Electric Company,
19,5,17,17,14,15,44,2,16,29,1,28,3,8,17,42,65,41,21,46,7,19,6,37,6,15,38,2,84,0,0,69,0,21,11,14,24,4,60,11,29,1,61,68,16,10,23,34,27,17,7,18,14,13,76,3,56,25,6,1,12,0,11,15,64,0,1,16,13,14,15,28,11,10,87,77,13,54,40,1,28,81,80,5,47,19,19,1,1,37,30,24,32,1,0,33,0,181,0,
Best: P3
43
Kentucky Avenue,Short Line Railroad,Atlantic Avenue,Pennsylvania Avenue,
19,5,17,17,14,15,44,2,16,29,1,28,3,8,17,42,65,41,21,46,7,19,6,37,6,15,38,2,84,0,0,69,0,21,11,14,24,4,60,11,29,1,61,68,16,10,23,34,27,17,7,18,14,13,76,3,56,25,6,1,12,0,11,15,64,0,1,16,13,14,15,28,11,10,87,77,13,54,40,1,28,81,80,5,47,19,19,1,1,37,30,24,32,1,0,33,0,181,0,
Best: P2
45
St. James Place,Oriental Avenue,Mediterranean Avenue,
21,5,31,24,7,11,52,2,13,18,1,14,1,13,14,77,100,35,12,32,5,20,6,37,11,25,18,1,100,0,0,59,0,18,23,17,27,2,78,12,52,1,85,47,10,8,19,35,16,14,4,23,11,12,100,1,63,15,4,1,12,0,6,19,72,0,1,14,18,16,10,20,12,11,64,92,16,49,43,1,30,54,86,16,30,34,11,1,1,37,39,16,26,1,0,16,0,158,0,
Best: P4
44
New York Avenue,Indiana Avenue,Oriental Avenue,
23,5,19,24,7,15,24,3,18,33,1,16,1,7,25,45,100,50,21,28,7,21,6,21,7,27,51,1,91,0,0,51,0,17,26,27,30,2,74,7,40,1,100,34,6,15,26,41,32,24,2,24,17,21,78,1,47,22,3,1,19,0,5,7,70,0,1,11,26,15,9,23,16,4,100,100,12,29,47,1,15,61,99,7,35,31,18,1,1,40,30,26,41,1,0,24,0,172,0,
Best: P3
44
Kentucky Avenue,Ventnor Avenue,North Carolina Avenue,Pennsylvania Avenue,
27,6,24,16,12,11,40,3,11,15,1,19,1,10,12,83,78,51,17,27,11,25,6,30,5,15,35,1,100,0,0,90,0,7,28,24,22,2,68,9,75,1,75,44,6,15,35,47,18,18,5,20,13,20,71,2,55,33,5,1,17,0,6,18,74,0,1,15,10,16,4,23,12,7,74,58,21,59,62,1,20,100,100,6,50,33,17,1,1,51,47,25,26,1,0,29,0,160,0,
Best: P4
44
Connecticut Avenue,Pennsylvania Railroad,
36,6,28,27,10,10,20,2,8,20,1,17,1,11,18,67,100,56,24,18,13,29,8,19,4,15,52,1,65,0,0,80,0,7,39,23,36,3,59,11,66,1,76,36,8,21,35,27,20,20,2,29,13,22,98,1,37,31,4,1,17,0,2,6,105,0,1,9,12,20,5,25,13,7,97,56,13,33,46,2,14,58,100,4,50,35,22,1,1,59,46,19,48,1,0,39,0,114,0,
Best: P2
46
St. Charles Place,Ventnor Avenue,Indiana Avenue,Marvin Gardens,Vermont Avenue,Electric Company,
51,5,18,15,6,8,27,3,10,16,1,17,1,8,13,31,62,33,25,39,6,19,8,16,2,29,33,1,75,0,0,102,0,12,42,25,23,3,54,11,100,1,66,67,8,15,46,17,19,28,2,40,11,36,51,1,52,26,4,1,22,0,2,9,62,0,1,10,17,28,8,11,13,7,64,100,19,28,78,1,32,31,80,4,70,30,28,1,1,65,24,26,29,1,0,29,0,166,0,
Best: P2
40
St. James Place,Tennessee Avenue,New York Avenue,Oriental Avenue,Short Line Railroad,States Avenue,Kentucky Avenue,Park Place,Vermont Avenue,Indiana Avenue,
51,5,18,15,6,8,27,3,10,16,1,17,1,8,13,31,62,33,25,39,6,19,8,16,2,29,33,1,75,0,0,102,0,12,42,25,23,3,54,11,100,1,66,67,8,15,46,17,19,28,2,40,11,36,51,1,52,26,4,1,22,0,2,9,62,0,1,10,17,28,8,11,13,7,64,100,19,28,78,1,32,31,80,4,70,30,28,1,1,65,24,26,29,1,0,29,0,166,0,
Best: P4
44
Pennsylvania Railroad,Kentucky Avenue,Indiana Avenue,Park Place,Connecticut Avenue,
42,3,17,14,7,13,32,3,10,20,1,16,2,6,11,24,72,38,15,54,8,22,5,17,2,25,48,1,71,0,0,69,0,11,27,27,21,4,34,16,71,1,70,56,9,17,24,22,23,16,1,44,13,22,40,1,81,19,3,1,20,0,0,8,79,0,1,6,24,16,8,13,9,7,87,84,20,36,47,1,37,26,60,4,44,22,24,1,1,53,26,28,50,1,0,36,0,148,0,
Best: P2
44
Virginia Avenue,Pennsylvania Avenue,Connecticut Avenue,Ventnor Avenue,Oriental Avenue,
43,5,17,10,4,10,28,2,14,15,1,16,1,10,9,31,60,46,23,67,6,24,5,22,2,32,60,1,48,0,0,76,0,10,31,21,26,2,53,16,79,1,81,46,8,11,46,16,23,17,1,56,12,33,23,1,53,30,3,1,18,0,0,4,56,0,1,8,21,23,11,7,7,7,39,76,15,21,79,1,29,24,74,4,46,38,24,1,1,75,16,24,46,1,0,47,0,157,0,
Best: P3
44
Tennessee Avenue,North Carolina Avenue,
52,4,7,15,5,14,23,2,7,10,1,7,1,10,13,41,91,30,20,29,6,19,9,19,1,16,54,1,73,0,0,62,0,15,38,34,19,3,53,19,49,2,75,26,10,7,29,22,20,21,1,52,11,21,26,1,83,16,1,1,9,0,0,4,38,0,1,7,20,21,10,7,9,5,35,75,8,16,85,1,18,39,72,5,39,49,31,1,1,74,41,11,27,1,0,37,0,192,0,
Best: P2
42
Tennessee Avenue,Electric Company,Park Place,Marvin Gardens,Vermont Avenue,Water Works,Baltic Avenue,
57,3,17,16,4,11,34,2,13,9,1,14,1,14,11,50,83,54,17,56,9,30,8,12,1,29,67,1,75,0,0,100,0,18,42,36,23,1,34,17,65,1,100,28,11,6,40,19,12,16,1,40,14,34,29,1,51,29,3,1,14,0,0,4,41,0,1,7,15,18,11,10,9,4,24,77,9,13,72,1,34,42,42,3,37,63,23,1,1,65,33,23,49,1,0,25,0,132,0,
Best: P3
45
Tennessee Avenue,Water Works,Ventnor Avenue,Kentucky Avenue,Atlantic Avenue,Virginia Avenue,Short Line Railroad,
29,2,16,16,5,12,31,3,7,11,1,6,1,17,12,67,69,59,12,40,10,20,11,14,1,16,35,1,78,0,0,87,0,16,55,18,18,2,62,15,30,1,95,32,10,3,29,12,18,15,1,52,12,28,14,1,77,15,1,1,11,0,0,5,51,0,1,9,21,21,10,8,7,4,27,100,11,20,51,1,25,38,55,6,24,65,29,1,1,99,51,24,33,1,0,24,0,92,0,
Best: P4
44
B & O Railroad,Short Line Railroad,Kentucky Avenue,Park Place,
54,1,10,18,5,14,51,1,6,12,1,14,1,7,17,60,45,29,11,23,12,19,11,10,1,16,35,1,51,0,0,83,0,9,57,14,14,1,30,24,38,1,100,45,6,5,36,14,10,26,1,61,6,28,21,1,60,14,2,1,5,0,0,4,56,0,1,5,16,14,8,9,12,2,33,41,7,30,80,1,34,20,66,3,19,36,18,1,1,33,23,16,44,1,0,18,0,144,0,
Best: P4
43
North Carolina Avenue,St. James Place,Short Line Railroad,Atlantic Avenue,
54,1,10,18,5,14,51,1,6,12,1,14,1,7,17,60,45,29,11,23,12,19,11,10,1,16,35,1,51,0,0,83,0,9,57,14,14,1,30,24,38,1,100,45,6,5,36,14,10,26,1,61,6,28,21,1,60,14,2,1,5,0,0,4,56,0,1,5,16,14,8,9,12,2,33,41,7,30,80,1,34,20,66,3,19,36,18,1,1,33,23,16,44,1,0,18,0,144,0,
Best: P2
43
Vermont Avenue,Electric Company,Pennsylvania Avenue,Short Line Railroad,Marvin Gardens,Pennsylvania Railroad,St. James Place,New York Avenue,
41,1,19,27,4,5,22,1,12,6,1,13,1,13,22,87,61,39,11,30,7,27,14,11,1,7,55,1,31,0,0,94,0,11,58,22,24,1,43,20,46,1,82,27,9,4,40,8,15,40,1,74,8,31,19,1,85,7,1,1,5,0,0,3,54,0,1,4,8,19,12,10,16,4,32,37,6,40,51,1,41,13,100,4,28,21,23,1,1,40,31,16,59,1,0,16,0,73,0,
Best: P5
44
Indiana Avenue,Ventnor Avenue,St. Charles Place,
40,1,10,11,4,11,49,1,10,12,1,8,1,9,20,47,53,34,6,18,6,39,11,6,1,21,62,1,40,0,0,139,0,13,42,15,32,1,54,21,25,1,80,44,6,7,30,11,15,23,1,60,8,39,18,1,56,18,1,1,7,0,0,2,82,0,1,3,6,26,6,5,11,4,30,29,11,27,43,1,54,24,97,3,21,29,16,1,1,65,48,21,47,1,0,10,0,77,0,
Best: P4
45
Marvin Gardens,St. James Place,
56,1,7,13,4,5,51,1,5,11,1,6,1,7,19,50,48,28,5,25,4,29,11,11,1,20,69,1,27,0,0,139,0,14,63,14,16,1,32,12,19,1,68,30,5,5,44,13,9,32,1,55,10,46,27,1,100,10,1,1,5,0,0,0,71,0,1,4,7,20,7,4,18,3,29,12,9,40,72,1,67,19,46,4,20,30,22,1,1,34,18,12,74,1,0,6,0,126,0,
Best: P3
45
St. Charles Place,Pennsylvania Railroad,Pacific Avenue,
40,1,12,11,6,8,26,1,5,5,1,4,1,7,21,57,76,50,9,12,5,26,14,5,1,21,26,1,35,0,0,123,0,16,71,19,11,1,32,11,26,1,81,17,11,3,48,9,12,26,1,64,10,52,23,1,100,7,1,1,8,0,0,0,68,0,1,4,10,16,10,5,8,2,19,18,12,25,48,1,74,27,63,3,31,46,12,1,1,61,25,16,96,1,0,5,0,85,0,
Best: P3
45
Electric Company,Pennsylvania Avenue,Atlantic Avenue,North Carolina Avenue,Tennessee Avenue,New York Avenue,Short Line Railroad,States Avenue,Virginia Avenue,
40,1,12,11,6,8,26,1,5,5,1,4,1,7,21,57,76,50,9,12,5,26,14,5,1,21,26,1,35,0,0,123,0,16,71,19,11,1,32,11,26,1,81,17,11,3,48,9,12,26,1,64,10,52,23,1,100,7,1,1,8,0,0,0,68,0,1,4,10,16,10,5,8,2,19,18,12,25,48,1,74,27,63,3,31,46,12,1,1,61,25,16,96,1,0,5,0,85,0,
Best: P3
44
Vermont Avenue,Connecticut Avenue,
40,1,12,11,6,8,26,1,5,5,1,4,1,7,21,57,76,50,9,12,5,26,14,5,1,21,26,1,35,0,0,123,0,16,71,19,11,1,32,11,26,1,81,17,11,3,48,9,12,26,1,64,10,52,23,1,100,7,1,1,8,0,0,0,68,0,1,4,10,16,10,5,8,2,19,18,12,25,48,1,74,27,63,3,31,46,12,1,1,61,25,16,96,1,0,5,0,85,0,
Best: P1
45
Vermont Avenue,Short Line Railroad,B & O Railroad,Oriental Avenue,Mediterranean Avenue,Kentucky Avenue,Ventnor Avenue,
16,1,12,13,5,7,21,1,7,4,1,3,1,8,21,75,62,87,11,7,9,21,7,3,1,15,37,1,38,0,0,71,0,6,62,18,6,1,38,6,21,1,47,17,9,2,36,4,10,14,1,92,7,72,36,1,100,11,1,1,3,0,0,0,73,0,1,4,13,24,8,3,10,1,41,11,13,27,37,1,67,37,53,3,18,30,8,1,1,42,28,18,100,1,0,6,0,68,0,
Best: P1
41
Ventnor Avenue,Pennsylvania Railroad,Tennessee Avenue,Park Place,States Avenue,Electric Company,Atlantic Avenue,New York Avenue,
16,1,12,13,5,7,21,1,7,4,1,3,1,8,21,75,62,87,11,7,9,21,7,3,1,15,37,1,38,0,0,71,0,6,62,18,6,1,38,6,21,1,47,17,9,2,36,4,10,14,1,92,7,72,36,1,100,11,1,1,3,0,0,0,73,0,1,4,13,24,8,3,10,1,41,11,13,27,37,1,67,37,53,3,18,30,8,1,1,42,28,18,100,1,0,6,0,68,0,
Best: P3
46
Pennsylvania Railroad,Vermont Avenue,Water Works,St. Charles Place,States Avenue,
25,1,19,9,7,6,30,1,6,5,1,1,1,12,16,82,60,100,6,11,6,13,5,2,1,7,36,1,30,0,0,75,0,9,83,22,4,1,37,6,12,1,95,18,6,3,36,5,9,8,1,84,7,60,27,1,60,7,1,1,2,0,0,0,49,0,1,5,6,20,13,2,4,1,57,11,8,21,32,1,52,41,53,2,18,14,13,1,1,22,38,15,88,1,0,5,0,97,0,
Best: P2
46
Park Place,North Carolina Avenue,Pennsylvania Railroad,Virginia Avenue,
23,1,22,8,4,7,36,1,5,5,1,3,1,10,20,72,89,100,6,11,5,8,4,3,1,9,19,1,21,0,0,44,0,12,60,22,5,1,28,6,22,1,99,19,6,3,32,2,6,9,1,62,7,41,32,1,68,4,1,1,5,0,0,0,102,0,1,4,4,12,10,1,5,1,49,9,17,22,46,1,83,24,40,2,12,39,14,1,1,31,17,12,91,1,0,3,0,101,0,
Best: P2
44
Indiana Avenue,Kentucky Avenue,New York Avenue,
23,1,22,8,4,7,36,1,5,5,1,3,1,10,20,72,89,100,6,11,5,8,4,3,1,9,19,1,21,0,0,44,0,12,60,22,5,1,28,6,22,1,99,19,6,3,32,2,6,9,1,62,7,41,32,1,68,4,1,1,5,0,0,0,102,0,1,4,4,12,10,1,5,1,49,9,17,22,46,1,83,24,40,2,12,39,14,1,1,31,17,12,91,1,0,3,0,101,0,
Best: P3
45
Tennessee Avenue,Indiana Avenue,Ventnor Avenue,B & O Railroad,Atlantic Avenue,Pennsylvania Railroad,Baltic Avenue,Marvin Gardens,
15,1,28,10,5,6,35,1,6,4,1,2,1,12,31,56,100,100,7,12,5,8,3,2,1,10,20,1,21,0,0,52,0,9,58,14,5,1,24,4,20,1,91,21,6,2,13,2,5,5,1,86,8,49,38,1,74,2,1,1,4,0,0,0,85,0,1,2,5,12,6,1,2,1,34,5,12,15,46,1,100,45,70,2,18,22,13,1,1,31,14,10,100,1,0,2,0,61,0,
Best: P5
41
North Carolina Avenue,New York Avenue,Connecticut Avenue,Vermont Avenue,Pennsylvania Avenue,Reading Railroad,
16,1,17,8,5,6,27,1,7,4,1,3,1,15,37,63,100,100,10,15,7,11,4,4,1,9,18,1,30,0,0,28,0,15,36,17,7,1,21,5,15,1,73,23,5,1,23,3,12,10,1,100,12,68,29,1,44,2,1,1,2,0,0,0,146,0,1,3,4,6,11,1,2,1,25,10,8,14,32,1,100,26,68,1,14,19,9,1,1,43,19,18,88,1,0,1,0,41,0,
Best: P1
47
Marvin Gardens,Tennessee Avenue,Connecticut Avenue,
21,1,26,4,5,8,20,1,4,6,1,2,1,14,23,53,100,38,10,17,3,7,3,2,1,4,10,1,21,0,0,27,0,16,61,22,6,1,23,7,22,1,69,25,8,1,23,2,5,7,1,49,12,53,27,1,22,4,1,1,5,0,0,0,74,0,1,5,4,10,7,1,2,1,31,8,6,16,58,1,93,25,88,1,11,12,14,1,1,44,30,18,100,1,0,1,0,55,0,
Best: P2
44
Indiana Avenue,North Carolina Avenue,Kentucky Avenue,B & O Railroad,Park Place,
32,1,32,5,4,7,23,1,3,4,1,1,1,15,38,24,100,25,12,14,6,6,4,1,1,3,6,1,21,0,0,29,0,13,77,23,5,1,10,5,13,1,51,31,3,1,21,2,12,9,1,77,8,92,48,1,28,4,1,1,6,0,0,0,123,0,1,2,4,6,4,1,1,1,25,10,4,17,38,1,59,45,50,1,13,26,12,1,1,51,24,27,59,1,0,0,0,38,0,
Best: P2
46
Atlantic Avenue,Connecticut Avenue,Kentucky Avenue,St. James Place,St. Charles Place,
32,1,32,5,4,7,23,1,3,4,1,1,1,15,38,24,100,25,12,14,6,6,4,1,1,3,6,1,21,0,0,29,0,13,77,23,5,1,10,5,13,1,51,31,3,1,21,2,12,9,1,77,8,92,48,1,28,4,1,1,6,0,0,0,123,0,1,2,4,6,4,1,1,1,25,10,4,17,38,1,59,45,50,1,13,26,12,1,1,51,24,27,59,1,0,0,0,38,0,
Best: P2
46
Pacific Avenue,Ventnor Avenue,Kentucky Avenue,Park Place,
32,1,32,5,4,7,23,1,3,4,1,1,1,15,38,24,100,25,12,14,6,6,4,1,1,3,6,1,21,0,0,29,0,13,77,23,5,1,10,5,13,1,51,31,3,1,21,2,12,9,1,77,8,92,48,1,28,4,1,1,6,0,0,0,123,0,1,2,4,6,4,1,1,1,25,10,4,17,38,1,59,45,50,1,13,26,12,1,1,51,24,27,59,1,0,0,0,38,0,
Best: P2
44
Ventnor Avenue,Electric Company,St. James Place,Oriental Avenue,Short Line Railroad,Reading Railroad,
32,1,32,5,4,7,23,1,3,4,1,1,1,15,38,24,100,25,12,14,6,6,4,1,1,3,6,1,21,0,0,29,0,13,77,23,5,1,10,5,13,1,51,31,3,1,21,2,12,9,1,77,8,92,48,1,28,4,1,1,6,0,0,0,123,0,1,2,4,6,4,1,1,1,25,10,4,17,38,1,59,45,50,1,13,26,12,1,1,51,24,27,59,1,0,0,0,38,0,
Best: P3
44
Reading Railroad,Pennsylvania Avenue,New York Avenue,Electric Company,Oriental Avenue,St. James Place,Indiana Avenue,Ventnor Avenue,Kentucky Avenue,
24,1,19,3,6,4,17,1,1,3,1,1,1,9,58,37,100,22,10,10,6,9,4,1,1,2,12,1,21,0,0,44,0,11,100,25,6,1,5,4,16,1,40,39,3,1,27,1,7,9,1,95,5,73,64,1,37,5,1,1,6,0,0,0,148,0,1,2,6,5,3,1,1,1,44,6,2,25,55,1,34,59,38,1,7,14,12,1,1,63,24,19,36,1,0,0,0,43,0,
Best: P2
44
Indiana Avenue,B & O Railroad,Illinois Avenue,North Carolina Avenue,Tennessee Avenue,Park Place,
15,1,22,5,3,5,10,1,2,2,1,1,1,13,63,36,100,12,9,15,5,10,5,1,1,2,6,1,27,0,0,34,0,8,85,16,5,1,10,5,17,1,68,28,3,1,16,1,12,6,1,77,6,69,81,1,38,5,1,1,4,0,0,0,198,0,1,3,6,6,3,2,1,1,26,7,2,29,66,1,23,28,65,1,6,28,16,2,1,70,29,21,37,1,0,0,0,58,0,
Best: P3
45
Indiana Avenue,St. James Place,North Carolina Avenue,Short Line Railroad,
20,1,22,3,3,2,9,1,1,3,1,1,1,7,70,28,74,10,6,18,5,7,4,1,1,1,9,1,18,0,0,26,0,11,100,19,3,1,8,4,16,1,27,26,2,1,25,1,8,4,1,44,5,89,90,1,49,7,1,1,6,0,0,0,150,0,1,2,4,6,4,1,1,1,36,5,1,29,42,1,42,39,62,1,4,27,12,1,1,42,15,11,35,1,0,0,0,37,0,
Best: P2
44
Ventnor Avenue,Indiana Avenue,
20,1,23,3,2,3,9,1,1,1,1,1,1,14,55,32,90,6,5,17,3,9,3,1,1,1,4,1,28,0,0,31,0,13,100,12,4,1,11,5,12,1,58,35,2,1,13,1,10,5,1,71,6,45,100,1,48,8,1,1,5,0,0,0,180,0,1,2,3,5,3,1,1,1,16,5,1,26,54,1,34,27,47,1,5,28,12,1,1,69,11,24,32,1,0,0,0,51,0,
Best: P1
45
Pennsylvania Railroad,Electric Company,
23,1,17,4,3,3,10,1,1,1,1,1,1,14,53,13,70,13,7,11,3,12,4,1,1,1,7,1,29,0,0,20,0,18,100,14,4,1,11,3,18,1,72,16,2,1,10,1,10,3,1,95,4,72,100,1,21,5,1,1,2,0,0,0,125,0,1,1,3,4,1,1,1,1,41,2,1,17,54,1,24,17,54,1,6,18,8,1,1,87,11,19,40,1,0,0,0,52,0,
Best: P5
45
Indiana Avenue,Marvin Gardens,Short Line Railroad,Atlantic Avenue,Water Works,Park Place,North Carolina Avenue,Tennessee Avenue,
15,1,9,4,2,3,19,1,1,1,1,1,1,9,40,39,72,15,7,13,4,12,4,1,1,1,3,1,19,0,0,31,0,8,38,14,4,1,9,2,26,1,56,33,2,1,14,1,16,4,1,77,7,67,51,1,51,8,1,1,1,0,0,0,99,0,1,1,2,4,1,1,1,1,47,2,1,11,57,1,30,30,50,1,5,15,15,1,1,84,6,22,42,1,0,0,0,35,0,
Best: P3
42
Pennsylvania Railroad,Kentucky Avenue,New York Avenue,Indiana Avenue,Short Line Railroad,Atlantic Avenue,Pennsylvania Avenue,Tennessee Avenue,
11,1,18,3,1,3,15,1,1,2,1,1,1,6,27,24,89,12,7,9,5,11,2,1,1,1,4,1,22,0,0,29,0,7,82,21,3,1,11,2,22,1,47,19,2,1,12,1,12,3,1,90,5,100,87,1,44,8,1,1,1,0,0,0,188,0,1,1,1,5,1,1,1,1,47,4,1,32,49,1,39,32,62,1,8,19,14,1,1,53,6,10,30,1,0,0,0,38,0,
Best: P1
44
St. James Place,Pennsylvania Avenue,B & O Railroad,St. Charles Place,
20,1,17,3,1,3,8,1,1,1,1,1,1,11,31,26,83,13,3,10,3,7,3,1,1,1,4,1,18,0,0,28,0,8,49,18,2,1,11,2,17,1,66,20,2,1,21,1,12,2,1,64,9,89,63,1,24,7,1,1,1,0,0,0,173,0,1,1,1,4,1,1,1,1,49,4,1,19,67,1,50,37,53,1,4,14,9,1,1,55,8,11,36,1,0,0,0,63,0,
Best: P3
41
St. James Place,Virginia Avenue,Baltic Avenue,Reading Railroad,Vermont Avenue,North Carolina Avenue,
15,1,11,3,1,3,7,1,1,1,1,1,1,5,27,21,100,7,4,12,3,6,2,1,1,1,4,1,15,0,0,32,0,9,81,18,2,1,13,2,17,1,34,16,2,1,19,1,7,1,1,55,8,100,60,1,21,7,1,1,1,0,0,0,120,0,1,1,1,2,1,1,1,1,49,4,1,23,71,1,25,37,47,1,4,10,10,1,1,66,4,9,24,1,0,0,0,49,0,
Best: P2
45
Kentucky Avenue,Marvin Gardens,St. James Place,Illinois Avenue,Connecticut Avenue,Oriental Avenue,
8,1,16,2,1,2,10,1,1,1,1,1,1,7,33,36,65,6,3,15,2,3,3,1,1,1,5,1,23,0,0,40,0,6,73,14,2,1,5,1,12,1,60,20,2,1,23,1,5,1,1,99,10,40,67,1,16,5,1,1,1,0,0,0,117,0,1,1,2,2,1,1,1,1,54,4,1,28,62,1,21,26,38,1,2,10,10,1,1,42,6,10,25,1,0,0,0,41,0,
Best: P2
44
Connecticut Avenue,Marvin Gardens,Vermont Avenue,North Carolina Avenue,
8,1,16,2,1,2,10,1,1,1,1,1,1,7,33,36,65,6,3,15,2,3,3,1,1,1,5,1,23,0,0,40,0,6,73,14,2,1,5,1,12,1,60,20,2,1,23,1,5,1,1,99,10,40,67,1,16,5,1,1,1,0,0,0,117,0,1,1,2,2,1,1,1,1,54,4,1,28,62,1,21,26,38,1,2,10,10,1,1,42,6,10,25,1,0,0,0,41,0,
Best: P4
44
Marvin Gardens,
12,1,8,1,1,2,9,1,1,1,1,1,1,3,34,25,65,5,1,20,2,2,4,1,1,1,3,1,22,0,0,27,0,4,79,21,1,1,9,1,13,1,65,31,1,1,18,1,5,1,1,100,14,26,40,1,27,4,1,1,1,0,0,0,91,0,1,1,1,3,1,1,1,1,60,5,1,46,57,1,20,17,53,1,1,16,7,1,1,65,7,14,15,1,0,0,0,42,0,
Best: P2
46
Marvin Gardens,Pennsylvania Avenue,Short Line Railroad,Tennessee Avenue,Pennsylvania Railroad,Pacific Avenue,
10,1,14,1,1,2,5,1,1,1,1,1,1,6,33,44,92,3,2,16,2,2,2,1,1,1,4,2,31,0,0,44,0,3,90,16,1,1,4,1,10,1,62,33,1,1,12,1,7,1,1,91,15,48,58,1,22,2,1,1,1,0,0,0,123,0,1,1,1,2,1,1,1,1,61,5,1,50,85,1,20,31,31,1,1,10,11,1,1,32,7,12,27,1,0,0,0,44,0,
Best: P2
44
Kentucky Avenue,Electric Company,Atlantic Avenue,B & O Railroad,Vermont Avenue,
10,1,14,1,1,2,5,1,1,1,1,1,1,6,33,44,92,3,2,16,2,2,2,1,1,1,4,2,31,0,0,44,0,3,90,16,1,1,4,1,10,1,62,33,1,1,12,1,7,1,1,91,15,48,58,1,22,2,1,1,1,0,0,0,123,0,1,1,1,2,1,1,1,1,61,5,1,50,85,1,20,31,31,1,1,10,11,1,1,32,7,12,27,1,0,0,0,44,0,
Best: P2
46
Illinois Avenue,Ventnor Avenue,Pennsylvania Railroad,Tennessee Avenue,
10,1,14,1,1,2,5,1,1,1,1,1,1,6,33,44,92,3,2,16,2,2,2,1,1,1,4,2,31,0,0,44,0,3,90,16,1,1,4,1,10,1,62,33,1,1,12,1,7,1,1,91,15,48,58,1,22,2,1,1,1,0,0,0,123,0,1,1,1,2,1,1,1,1,61,5,1,50,85,1,20,31,31,1,1,10,11,1,1,32,7,12,27,1,0,0,0,44,0,
Best: P1
46
Pennsylvania Railroad,
12,1,18,1,1,1,3,1,1,1,1,1,1,8,28,43,91,2,1,19,1,1,2,1,1,1,6,1,29,0,0,48,0,2,100,10,1,1,2,1,12,1,72,51,1,1,11,1,7,1,1,76,11,46,38,1,26,3,1,1,1,0,0,0,175,0,1,1,1,2,1,1,1,1,88,5,1,26,47,1,22,50,29,1,1,7,7,1,1,40,5,12,28,1,0,0,0,64,0,
Best: P1
44
Pennsylvania Railroad,Atlantic Avenue,Electric Company,Water Works,Boardwalk,
12,1,18,1,1,1,3,1,1,1,1,1,1,8,28,43,91,2,1,19,1,1,2,1,1,1,6,1,29,0,0,48,0,2,100,10,1,1,2,1,12,1,72,51,1,1,11,1,7,1,1,76,11,46,38,1,26,3,1,1,1,0,0,0,175,0,1,1,1,2,1,1,1,1,88,5,1,26,47,1,22,50,29,1,1,7,7,1,1,40,5,12,28,1,0,0,0,64,0,
Best: P1
44
Electric Company,North Carolina Avenue,Pennsylvania Railroad,Oriental Avenue,
12,1,18,1,1,1,3,1,1,1,1,1,1,8,28,43,91,2,1,19,1,1,2,1,1,1,6,1,29,0,0,48,0,2,100,10,1,1,2,1,12,1,72,51,1,1,11,1,7,1,1,76,11,46,38,1,26,3,1,1,1,0,0,0,175,0,1,1,1,2,1,1,1,1,88,5,1,26,47,1,22,50,29,1,1,7,7,1,1,40,5,12,28,1,0,0,0,64,0,
Best: P4
44
St. James Place,Kentucky Avenue,
9,1,15,1,1,1,2,1,1,1,1,1,1,10,32,55,78,1,1,23,1,1,1,1,1,1,4,1,24,0,0,44,0,1,57,11,1,1,1,1,6,1,53,73,1,1,9,1,9,1,1,75,13,47,40,1,37,1,1,1,1,0,0,0,151,0,1,1,1,1,1,1,1,1,85,8,1,24,68,1,25,55,31,1,1,9,5,1,1,63,4,10,22,1,0,0,0,81,0,
Best: P1
45
Marvin Gardens,Atlantic Avenue,Pennsylvania Railroad,B & O Railroad,Indiana Avenue,
8,1,16,1,1,1,3,1,1,1,1,1,1,5,20,68,100,1,1,24,1,1,1,1,1,1,5,1,25,0,0,52,0,1,92,10,1,1,1,1,5,1,47,69,1,1,12,1,6,1,1,79,15,52,35,1,42,3,1,1,1,0,0,0,89,0,1,1,1,1,1,1,1,1,91,7,1,13,80,2,23,40,44,1,1,4,6,1,1,69,5,10,35,1,0,0,0,80,0,
Best: P1
45
Kentucky Avenue,Electric Company,Indiana Avenue,Atlantic Avenue,Ventnor Avenue,New York Avenue,States Avenue,Park Place,
8,1,16,1,1,1,3,1,1,1,1,1,1,5,20,68,100,1,1,24,1,1,1,1,1,1,5,1,25,0,0,52,0,1,92,10,1,1,1,1,5,1,47,69,1,1,12,1,6,1,1,79,15,52,35,1,42,3,1,1,1,0,0,0,89,0,1,1,1,1,1,1,1,1,91,7,1,13,80,2,23,40,44,1,1,4,6,1,1,69,5,10,35,1,0,0,0,80,0,
Best: P3
47
Kentucky Avenue,Atlantic Avenue,Ventnor Avenue,
11,1,12,1,1,1,4,1,1,1,1,1,1,4,22,76,84,1,1,21,1,1,1,1,1,1,7,1,20,0,0,41,0,1,60,8,1,1,1,1,4,1,54,100,1,1,10,1,5,1,1,31,21,82,19,1,50,2,1,1,1,0,0,0,99,0,1,1,1,1,1,1,1,1,99,6,1,19,100,1,31,60,53,1,1,4,4,1,1,74,5,4,51,1,0,0,0,111,0,
Best: P2
44
Pennsylvania Railroad,Atlantic Avenue,Kentucky Avenue,St. James Place,Tennessee Avenue,
6,1,7,1,1,1,4,1,1,1,1,1,1,5,40,58,45,1,1,22,1,1,1,1,1,1,2,1,20,0,0,55,0,1,57,10,1,1,1,1,6,1,42,90,1,1,11,1,4,1,1,24,11,36,18,1,23,1,1,1,1,0,0,0,142,0,1,1,1,1,1,1,1,1,100,10,1,30,70,1,31,31,51,1,1,4,5,1,1,63,3,5,45,1,0,0,0,79,0,
Best: P4
44
Electric Company,B & O Railroad,St. James Place,Vermont Avenue,Kentucky Avenue,States Avenue,
5,1,22,1,1,1,4,1,1,1,1,1,1,3,20,36,91,1,1,29,1,1,1,1,2,1,2,1,22,0,0,20,0,1,55,10,1,1,1,1,9,1,28,48,1,1,14,1,2,1,1,42,17,69,29,1,46,2,1,1,1,0,0,0,115,0,1,1,1,1,1,1,1,1,66,5,1,14,47,1,31,77,56,1,1,3,6,1,1,64,5,4,51,1,0,0,0,54,0,
Best: P1
46
Baltic Avenue,Pennsylvania Railroad,Indiana Avenue,Atlantic Avenue,Marvin Gardens,Tennessee Avenue,
9,1,11,1,1,1,3,1,1,1,1,1,1,3,36,48,95,1,1,24,1,1,1,1,1,1,1,1,27,0,0,35,0,1,44,9,1,1,1,1,6,1,54,76,1,1,8,1,3,1,1,33,26,92,18,1,51,1,1,1,1,0,0,0,82,0,1,1,1,1,1,1,1,1,100,5,1,21,87,1,33,70,30,1,1,2,4,1,1,75,2,5,27,1,0,0,0,34,0,
Best: P4
43
Indiana Avenue,Pennsylvania Railroad,Pennsylvania Avenue,Marvin Gardens,New York Avenue,Reading Railroad,
4,1,10,1,1,1,3,1,1,1,1,1,1,2,17,45,87,1,1,34,1,1,1,1,1,1,1,1,31,0,0,18,0,1,51,9,1,1,1,1,5,1,46,92,1,1,8,1,2,1,1,38,25,100,16,1,31,1,1,1,1,0,0,0,129,0,1,1,1,1,1,1,1,1,46,3,1,21,82,1,48,90,62,1,1,2,6,1,1,88,4,4,40,1,0,0,0,57,0,
Best: P3
41
Marvin Gardens,Pennsylvania Railroad,
8,1,14,1,1,1,3,1,1,1,1,1,1,2,31,39,72,1,1,33,1,1,1,1,1,1,1,1,25,0,0,15,0,1,65,5,1,1,1,1,7,1,55,78,1,1,8,1,3,1,1,30,22,100,10,1,23,1,1,1,1,0,0,0,99,0,1,1,1,1,1,1,1,1,42,3,1,16,35,1,27,84,56,1,1,2,9,1,1,100,4,4,19,1,0,0,0,67,0,
Best: P4
44
Electric Company,Pennsylvania Railroad,B & O Railroad,Ventnor Avenue,Short Line Railroad,
5,1,11,1,1,1,4,1,1,1,1,1,1,2,34,61,64,1,1,48,1,1,1,1,1,1,1,1,23,0,0,13,0,1,43,7,1,1,1,1,4,1,47,45,1,1,12,1,2,1,1,33,17,100,19,1,37,1,1,1,1,0,0,0,115,0,1,1,1,1,1,1,1,1,55,2,1,26,48,1,42,63,41,1,1,2,4,1,1,100,4,5,30,1,0,0,0,78,0,
Best: P4
43
Indiana Avenue,Ventnor Avenue,B & O Railroad,Tennessee Avenue,
5,1,11,1,1,1,4,1,1,1,1,1,1,2,34,61,64,1,1,48,1,1,1,1,1,1,1,1,23,0,0,13,0,1,43,7,1,1,1,1,4,1,47,45,1,1,12,1,2,1,1,33,17,100,19,1,37,1,1,1,1,0,0,0,115,0,1,1,1,1,1,1,1,1,55,2,1,26,48,1,42,63,41,1,1,2,4,1,1,100,4,5,30,1,0,0,0,78,0,
Best: P4
41
Electric Company,Water Works,Boardwalk,St. James Place,
5,1,11,1,1,1,4,1,1,1,1,1,1,2,34,61,64,1,1,48,1,1,1,1,1,1,1,1,23,0,0,13,0,1,43,7,1,1,1,1,4,1,47,45,1,1,12,1,2,1,1,33,17,100,19,1,37,1,1,1,1,0,0,0,115,0,1,1,1,1,1,1,1,1,55,2,1,26,48,1,42,63,41,1,1,2,4,1,1,100,4,5,30,1,0,0,0,78,0,
Best: P5
43
B & O Railroad,Atlantic Avenue,
6,1,7,1,1,1,3,1,1,1,1,1,1,3,14,49,77,1,1,28,1,1,1,1,1,1,1,1,39,0,0,12,0,1,46,13,1,1,1,1,4,1,27,73,1,1,10,1,2,1,1,24,23,92,25,1,21,1,1,1,1,0,0,0,172,0,1,1,1,1,1,1,1,1,35,3,1,14,40,1,27,35,58,1,1,1,2,1,1,100,7,7,46,1,0,0,0,75,0,
Best: P5
44
New York Avenue,Pennsylvania Railroad,St. Charles Place,
6,1,7,1,1,1,3,1,1,1,1,1,1,3,14,49,77,1,1,28,1,1,1,1,1,1,1,1,39,0,0,12,0,1,46,13,1,1,1,1,4,1,27,73,1,1,10,1,2,1,1,24,23,92,25,1,21,1,1,1,1,0,0,0,172,0,1,1,1,1,1,1,1,1,35,3,1,14,40,1,27,35,58,1,1,1,2,1,1,100,7,7,46,1,0,0,0,75,0,
Best: P2
45
Pennsylvania Railroad,Kentucky Avenue,Reading Railroad,St. Charles Place,
4,1,8,1,1,1,3,1,1,1,1,1,1,3,11,51,61,1,1,23,1,1,1,1,1,1,1,2,40,0,0,8,0,1,44,12,1,1,1,1,4,1,30,28,1,1,15,1,1,1,1,19,28,43,19,1,34,1,1,1,1,0,0,0,116,0,1,1,1,1,1,1,1,1,49,2,1,12,34,1,29,40,41,1,1,1,3,1,1,92,5,6,32,1,0,0,0,93,0,
Best: P3
42
Ventnor Avenue,Electric Company,Atlantic Avenue,
5,1,6,1,1,1,3,1,1,1,1,1,1,2,13,36,50,1,1,22,1,1,1,1,1,1,1,1,49,0,0,11,0,1,35,14,1,1,1,1,2,1,33,74,1,1,13,1,2,1,1,26,22,45,10,1,16,1,1,1,1,0,0,0,139,0,1,1,1,1,1,1,1,1,41,1,1,29,26,1,18,22,41,1,1,1,2,1,1,100,2,7,49,1,0,0,0,71,0,
Best: P2
43
Pennsylvania Railroad,Ventnor Avenue,Vermont Avenue,Virginia Avenue,
4,1,4,1,1,1,2,1,1,1,1,1,1,3,12,41,58,1,1,13,1,2,1,1,1,1,1,1,33,0,0,8,0,1,32,13,1,1,1,1,2,1,34,65,1,1,9,1,1,1,1,32,20,33,15,1,35,1,1,1,1,0,0,0,102,0,1,1,1,1,1,1,1,1,31,1,1,27,43,1,29,33,51,1,1,1,2,1,1,98,4,9,21,1,0,0,0,59,0,
Best: P1
45
Kentucky Avenue,Atlantic Avenue,Ventnor Avenue,Oriental Avenue,Boardwalk,Mediterranean Avenue,
4,1,7,1,1,1,2,1,1,1,1,1,1,4,11,50,35,1,1,12,1,1,1,1,1,1,1,1,21,0,0,5,0,1,25,8,1,1,1,1,1,1,34,31,2,1,6,1,1,2,1,22,30,32,12,1,15,1,1,1,1,0,0,0,166,0,1,1,1,1,1,1,1,1,15,2,1,26,37,1,50,26,69,1,1,1,2,1,1,100,2,7,34,1,0,0,0,45,0,
Best: P2
46
Marvin Gardens,Oriental Avenue,
3,1,4,1,1,1,2,1,1,1,1,1,1,3,6,35,30,1,1,7,1,1,1,1,1,2,1,1,38,0,0,7,0,1,15,9,1,1,1,1,1,1,36,58,1,1,8,1,1,1,1,30,23,18,16,1,38,1,1,1,1,0,0,0,160,0,1,1,1,1,1,1,1,1,14,1,1,35,20,1,37,20,73,1,1,1,2,1,1,90,3,5,17,1,0,0,0,71,0,
Best: P2
43
Indiana Avenue,Pennsylvania Railroad,Marvin Gardens,Atlantic Avenue,St. James Place,Illinois Avenue,
3,1,4,1,1,1,2,1,1,1,1,1,1,3,6,35,30,1,1,7,1,1,1,1,1,2,1,1,38,0,0,7,0,1,15,9,1,1,1,1,1,1,36,58,1,1,8,1,1,1,1,30,23,18,16,1,38,1,1,1,1,0,0,0,160,0,1,1,1,1,1,1,1,1,14,1,1,35,20,1,37,20,73,1,1,1,2,1,1,90,3,5,17,1,0,0,0,71,0,
Best: P6
42
Electric Company,Virginia Avenue,B & O Railroad,North Carolina Avenue,
3,2,3,1,1,1,1,1,1,1,1,1,1,3,9,24,32,1,1,12,1,1,1,1,1,1,1,1,32,0,0,3,0,1,20,6,1,1,1,1,1,1,45,68,1,1,10,1,1,1,1,16,26,19,15,1,49,1,1,1,1,0,0,0,74,0,1,1,1,1,1,1,1,1,9,1,1,27,30,1,24,16,78,1,1,1,1,1,1,100,4,3,21,1,0,0,0,71,0,
Best: P2
44
Pennsylvania Railroad,Electric Company,Connecticut Avenue,Atlantic Avenue,Pacific Avenue,Tennessee Avenue,Pennsylvania Avenue,Illinois Avenue,
4,1,3,1,1,1,1,1,1,1,1,1,1,4,9,29,19,1,1,8,1,1,1,1,1,1,1,1,38,0,0,6,0,1,15,8,1,1,1,1,1,1,59,50,1,1,8,1,1,1,1,29,19,12,8,1,23,1,1,1,1,0,0,0,139,0,1,1,1,1,1,1,1,1,10,1,1,23,28,1,44,19,47,1,1,1,1,1,1,100,2,3,19,1,0,0,0,94,0,
Best: P2
46
Atlantic Avenue,Boardwalk,Oriental Avenue,Kentucky Avenue,
4,1,3,1,1,1,1,1,1,1,1,1,1,4,9,29,19,1,1,8,1,1,1,1,1,1,1,1,38,0,0,6,0,1,15,8,1,1,1,1,1,1,59,50,1,1,8,1,1,1,1,29,19,12,8,1,23,1,1,1,1,0,0,0,139,0,1,1,1,1,1,1,1,1,10,1,1,23,28,1,44,19,47,1,1,1,1,1,1,100,2,3,19,1,0,0,0,94,0,
Best: P2
44
Kentucky Avenue,Tennessee Avenue,
4,1,3,1,1,1,1,1,1,1,1,1,1,4,9,29,19,1,1,8,1,1,1,1,1,1,1,1,38,0,0,6,0,1,15,8,1,1,1,1,1,1,59,50,1,1,8,1,1,1,1,29,19,12,8,1,23,1,1,1,1,0,0,0,139,0,1,1,1,1,1,1,1,1,10,1,1,23,28,1,44,19,47,1,1,1,1,1,1,100,2,3,19,1,0,0,0,94,0,
Best: P4
43
Electric Company,Indiana Avenue,Kentucky Avenue,Connecticut Avenue,Pennsylvania Avenue,Short Line Railroad,
4,1,4,1,1,1,1,1,1,1,1,1,1,6,8,17,27,1,1,7,1,1,1,1,1,1,1,1,38,0,0,6,0,1,16,12,1,1,1,1,1,1,32,86,1,1,10,1,1,1,1,42,22,14,6,1,33,1,1,1,1,0,0,0,131,0,1,1,1,1,1,1,1,1,10,1,1,35,37,1,42,26,31,1,1,1,1,1,1,63,1,2,11,1,0,0,0,87,0,
Best: P2
43
Ventnor Avenue,Park Place,
2,1,4,1,1,1,1,1,1,1,1,1,1,7,12,14,17,1,1,5,1,1,1,1,1,1,1,1,22,0,0,6,0,1,11,7,1,1,1,1,1,1,27,55,1,1,13,1,1,1,1,39,25,15,10,1,32,1,1,1,1,0,0,0,94,0,1,1,1,1,1,1,1,1,5,1,1,25,27,1,30,26,51,1,1,1,1,1,1,100,1,2,15,1,0,0,0,125,0,
Best: P2
44
Pennsylvania Railroad,Connecticut Avenue,Electric Company,Indiana Avenue,States Avenue,
2,1,4,1,1,1,1,1,1,1,1,1,1,7,12,14,17,1,1,5,1,1,1,1,1,1,1,1,22,0,0,6,0,1,11,7,1,1,1,1,1,1,27,55,1,1,13,1,1,1,1,39,25,15,10,1,32,1,1,1,1,0,0,0,94,0,1,1,1,1,1,1,1,1,5,1,1,25,27,1,30,26,51,1,1,1,1,1,1,100,1,2,15,1,0,0,0,125,0,
Best: P6
43
Ventnor Avenue,Indiana Avenue,St. James Place,
4,1,3,1,1,1,1,1,1,1,1,1,2,6,8,8,7,1,1,6,1,1,1,1,1,1,1,1,36,0,0,8,0,1,12,9,1,1,1,1,1,1,14,77,1,1,11,1,1,1,1,40,27,14,15,1,41,1,1,1,1,0,0,0,89,0,1,1,1,1,1,1,1,1,7,1,1,17,22,1,31,21,39,1,1,1,1,1,1,88,1,1,22,1,0,0,0,132,0,
Best: P3
44
Marvin Gardens,St. James Place,Ventnor Avenue,Tennessee Avenue,
2,1,4,1,1,1,1,1,1,1,1,1,1,5,7,8,14,1,1,4,1,1,1,1,1,1,1,1,37,0,0,4,0,1,11,6,1,1,2,1,1,1,18,97,1,1,7,1,1,1,2,47,15,13,9,1,24,1,1,1,1,0,0,0,115,0,1,1,1,1,1,1,1,1,6,1,1,12,29,1,43,29,31,1,1,1,1,1,1,53,1,1,13,1,0,0,0,113,0,
Best: P3
44
Electric Company,Kentucky Avenue,Illinois Avenue,
2,1,4,1,1,1,1,1,1,1,1,1,1,5,7,8,14,1,1,4,1,1,1,1,1,1,1,1,37,0,0,4,0,1,11,6,1,1,2,1,1,1,18,97,1,1,7,1,1,1,2,47,15,13,9,1,24,1,1,1,1,0,0,0,115,0,1,1,1,1,1,1,1,1,6,1,1,12,29,1,43,29,31,1,1,1,1,1,1,53,1,1,13,1,0,0,0,113,0,
Best: P2
44
Atlantic Avenue,Marvin Gardens,St. James Place,Indiana Avenue,Electric Company,Ventnor Avenue,
2,1,4,1,1,1,1,1,1,1,1,1,1,7,9,12,21,1,1,4,1,1,1,1,1,1,1,1,40,0,0,5,0,1,7,4,1,1,1,1,1,1,9,100,1,1,10,1,1,1,1,29,19,15,6,1,17,1,1,1,1,0,0,0,128,0,1,1,1,1,1,1,1,1,4,1,1,9,18,1,69,32,41,1,1,1,1,1,1,55,1,1,13,1,0,0,0,122,0,
Best: P8
41
Marvin Gardens,Electric Company,Water Works,Reading Railroad,St. James Place,
3,1,3,1,1,1,1,1,1,1,1,1,1,5,7,7,12,1,1,2,1,1,1,1,1,1,1,1,22,0,0,5,0,1,5,7,1,1,1,1,1,1,22,45,1,1,4,1,1,1,1,21,17,8,16,1,13,1,1,1,1,0,0,0,158,0,1,1,1,1,1,1,1,1,3,1,1,6,26,1,59,30,21,1,1,1,1,1,1,50,1,1,22,1,0,0,0,124,0,
Best: P3
45
Pennsylvania Railroad,Oriental Avenue,Indiana Avenue,Pacific Avenue,
3,1,2,1,1,1,1,1,1,1,1,1,1,3,8,10,9,1,1,1,1,1,1,1,1,1,1,1,11,0,0,4,0,1,6,4,1,1,1,1,1,1,10,74,1,1,3,1,2,1,1,23,13,18,9,1,12,1,1,1,1,0,0,0,113,0,1,1,1,1,1,1,1,1,3,1,1,14,15,1,43,27,44,1,1,1,1,1,1,37,1,1,15,2,0,0,0,127,0,
Best: P3
42
Pacific Avenue,Park Place,Indiana Avenue,
3,1,2,1,1,1,1,1,1,1,1,1,1,3,8,10,9,1,1,1,1,1,1,1,1,1,1,1,11,0,0,4,0,1,6,4,1,1,1,1,1,1,10,74,1,1,3,1,2,1,1,23,13,18,9,1,12,1,1,1,1,0,0,0,113,0,1,1,1,1,1,1,1,1,3,1,1,14,15,1,43,27,44,1,1,1,1,1,1,37,1,1,15,2,0,0,0,127,0,
Best: P3
42
Electric Company,Pennsylvania Railroad,Illinois Avenue,
3,1,2,1,1,1,1,1,1,1,1,1,1,3,8,10,9,1,1,1,1,1,1,1,1,1,1,1,11,0,0,4,0,1,6,4,1,1,1,1,1,1,10,74,1,1,3,1,2,1,1,23,13,18,9,1,12,1,1,1,1,0,0,0,113,0,1,1,1,1,1,1,1,1,3,1,1,14,15,1,43,27,44,1,1,1,1,1,1,37,1,1,15,2,0,0,0,127,0,
Best: P2
45
North Carolina Avenue,Reading Railroad,Illinois Avenue,
2,1,2,1,1,1,1,1,1,1,1,1,1,1,5,5,13,1,1,1,1,1,1,1,1,1,1,1,11,0,0,4,0,1,4,2,1,1,1,1,1,1,13,62,1,1,3,1,1,1,1,17,9,14,8,1,15,1,1,1,1,0,0,0,124,0,1,1,1,1,1,1,1,1,1,1,1,21,18,1,68,27,36,1,1,1,1,1,1,40,1,1,14,1,0,0,0,121,0,
Best: P3
45
Indiana Avenue,States Avenue,
2,1,3,1,1,1,1,1,1,1,1,1,1,2,4,9,10,1,1,1,1,1,1,1,1,1,1,1,13,0,0,5,0,1,5,4,1,1,1,1,1,1,7,55,1,1,4,1,1,1,1,13,9,16,6,1,11,1,1,1,1,0,0,0,75,0,1,1,1,1,1,1,1,1,2,1,1,9,17,1,28,36,22,1,1,1,1,1,1,57,1,1,12,1,0,0,0,84,0,
Best: P1
39
Electric Company,Atlantic Avenue,Pennsylvania Avenue,New York Avenue,Connecticut Avenue,St. Charles Place,Indiana Avenue,
3,1,2,1,1,1,1,1,1,1,1,2,1,2,5,6,8,1,1,1,1,1,1,1,1,1,1,1,5,0,0,5,0,1,3,3,1,1,1,1,1,1,5,73,1,1,3,1,1,1,1,17,10,14,6,1,8,1,1,1,1,0,0,0,133,0,1,1,1,1,1,1,1,1,3,1,1,11,13,1,47,31,29,1,1,1,1,1,1,29,1,1,6,1,0,0,0,119,0,
Best: P1
42
States Avenue,Electric Company,Oriental Avenue,Illinois Avenue,
3,1,2,1,1,1,1,1,1,1,1,2,1,2,5,6,8,1,1,1,1,1,1,1,1,1,1,1,5,0,0,5,0,1,3,3,1,1,1,1,1,1,5,73,1,1,3,1,1,1,1,17,10,14,6,1,8,1,1,1,1,0,0,0,133,0,1,1,1,1,1,1,1,1,3,1,1,11,13,1,47,31,29,1,1,1,1,1,1,29,1,1,6,1,0,0,0,119,0,
Best: P2
46
Baltic Avenue,
1,1,2,1,1,1,1,1,1,1,1,1,1,1,2,9,6,1,1,1,1,1,1,1,1,1,1,1,6,0,0,2,0,1,4,3,1,1,1,1,1,1,7,54,1,1,1,1,1,1,1,15,11,7,6,1,12,1,1,1,1,0,0,0,128,0,1,1,1,1,1,1,1,1,1,1,1,10,12,1,43,30,20,1,1,1,1,1,1,35,1,1,8,1,0,0,0,120,0,
Best: P2
43
Ventnor Avenue,Pennsylvania Railroad,Electric Company,Pennsylvania Avenue,
1,1,2,1,1,1,1,1,1,1,1,1,1,1,2,9,6,1,1,1,1,1,1,1,1,1,1,1,6,0,0,2,0,1,4,3,1,1,1,1,1,1,7,54,1,1,1,1,1,1,1,15,11,7,6,1,12,1,1,1,1,0,0,0,128,0,1,1,1,1,1,1,1,1,1,1,1,10,12,1,43,30,20,1,1,1,1,1,1,35,1,1,8,1,0,0,0,120,0,
Best: P6
44
Electric Company,B & O Railroad,Pennsylvania Railroad,Illinois Avenue,Indiana Avenue,Short Line Railroad,
1,1,1,1,2,1,1,1,1,1,1,1,1,1,1,11,3,1,1,1,1,1,1,1,1,1,1,1,7,0,0,1,0,1,3,2,1,1,1,1,1,1,5,73,1,1,1,1,1,1,1,19,11,13,5,1,8,1,1,1,1,0,0,0,102,0,1,1,1,1,1,1,1,1,1,1,1,7,13,1,56,20,16,1,1,1,1,1,1,37,1,1,9,1,0,0,0,63,0,
Best: P3
46
Atlantic Avenue,St. James Place,
1,1,1,1,1,1,1,1,1,1,1,1,2,1,2,9,6,1,1,1,1,2,1,1,1,1,1,1,6,0,0,2,0,1,2,4,1,1,1,1,1,1,7,74,1,1,1,1,1,1,1,10,8,16,6,1,10,1,1,1,1,0,0,0,93,0,1,1,1,1,1,1,1,1,1,1,1,12,7,1,66,16,14,1,1,1,1,1,1,59,1,1,5,1,0,0,0,101,0,
Best: P1
43
Marvin Gardens,Boardwalk,Indiana Avenue,
1,1,1,1,1,1,1,1,1,1,1,1,1,1,1,6,4,1,1,1,1,1,1,1,1,1,1,1,4,0,0,1,0,1,2,1,1,1,1,1,1,1,9,97,1,1,1,1,1,1,1,9,17,17,6,1,12,1,1,1,1,0,0,0,46,0,1,1,1,1,1,1,1,1,1,1,1,11,16,1,31,29,9,1,1,1,1,1,1,50,1,1,8,1,0,0,0,90,0,
Best: P1
42
Ventnor Avenue,
1,1,1,1,1,1,1,1,1,1,1,1,1,1,1,6,4,1,1,1,1,1,1,1,1,1,1,1,4,0,0,1,0,1,2,1,1,1,1,1,1,1,9,97,1,1,1,1,1,1,1,9,17,17,6,1,12,1,1,1,1,0,0,0,46,0,1,1,1,1,1,1,1,1,1,1,1,11,16,1,31,29,9,1,1,1,1,1,1,50,1,1,8,1,0,0,0,90,0,
Best: P2
41
Illinois Avenue,Indiana Avenue,Electric Company,Oriental Avenue,Pacific Avenue,
1,1,1,1,1,1,1,1,1,1,1,1,1,1,1,5,7,1,1,1,1,1,1,1,1,1,1,1,2,0,0,0,0,1,2,1,1,1,1,1,1,1,8,84,1,1,1,1,1,1,1,17,20,22,4,1,11,1,1,1,1,0,0,0,71,0,1,1,1,1,1,1,1,1,1,1,1,11,11,1,17,25,14,1,1,1,1,1,1,60,1,1,7,1,0,0,0,40,0,
Best: P2
46

1,1,1,1,1,1,1,1,1,1,1,1,1,1,1,5,7,1,1,1,1,1,1,1,1,1,1,1,2,0,0,0,0,1,2,1,1,1,1,1,1,1,8,84,1,1,1,1,1,1,1,17,20,22,4,1,11,1,1,1,1,0,0,0,71,0,1,1,1,1,1,1,1,1,1,1,1,11,11,1,17,25,14,1,1,1,1,1,1,60,1,1,7,1,0,0,0,40,0,
Best: P1
47
Baltic Avenue,Pennsylvania Railroad,Atlantic Avenue,Illinois Avenue,Oriental Avenue,
1,1,1,1,1,1,1,1,1,1,1,1,1,1,1,2,3,1,1,1,1,1,1,1,1,1,1,1,3,0,0,0,0,1,1,1,1,1,1,1,1,1,10,66,1,1,1,1,1,1,1,11,24,21,7,1,10,1,1,1,1,0,0,0,102,0,1,1,1,1,1,1,1,1,1,1,1,13,9,1,22,31,6,1,1,1,1,1,1,63,1,1,7,1,0,0,0,62,0,
Best: P1
44
Ventnor Avenue,Pacific Avenue,Electric Company,
1,1,1,1,1,1,1,1,1,1,1,1,1,1,1,2,3,1,1,1,1,1,1,1,1,1,1,1,3,0,0,0,0,1,1,1,1,1,1,1,1,1,10,66,1,1,1,1,1,1,1,11,24,21,7,1,10,1,1,1,1,0,0,0,102,0,1,1,1,1,1,1,1,1,1,1,1,13,9,1,22,31,6,1,1,1,1,1,1,63,1,1,7,1,0,0,0,62,0,
Best: P3
45
Electric Company,Atlantic Avenue,Park Place,
1,1,1,1,1,1,1,1,1,1,1,1,1,1,1,3,4,1,1,1,1,1,1,1,1,1,1,1,1,0,0,0,0,1,1,2,1,1,1,1,1,1,13,94,1,1,1,1,1,1,1,6,15,29,6,1,7,1,1,1,1,0,0,0,92,0,1,1,1,1,1,1,1,1,1,1,1,14,11,1,26,22,7,1,1,1,1,1,1,65,1,1,9,1,0,0,0,74,0,
Best: P3
45
Pennsylvania Railroad,Ventnor Avenue,Kentucky Avenue,Illinois Avenue,
1,1,1,1,1,1,1,1,1,1,1,1,1,1,1,3,4,1,1,1,1,1,1,1,1,1,1,1,1,0,0,0,0,1,1,2,1,1,1,1,1,1,13,94,1,1,1,1,1,1,1,6,15,29,6,1,7,1,1,1,1,0,0,0,92,0,1,1,1,1,1,1,1,1,1,1,1,14,11,1,26,22,7,1,1,1,1,1,1,65,1,1,9,1,0,0,0,74,0,
Best: P1
47
Pennsylvania Railroad,Electric Company,Indiana Avenue,Ventnor Avenue,Baltic Avenue,Reading Railroad,
1,1,1,1,1,1,1,1,1,1,1,1,1,1,1,2,3,1,1,1,1,1,1,1,1,1,1,1,1,0,0,0,0,1,1,1,1,1,1,1,1,1,9,94,1,1,1,1,1,1,1,8,11,34,10,1,10,1,1,1,1,0,0,0,108,0,1,1,1,1,1,1,1,1,1,1,1,15,7,1,12,35,5,1,1,1,1,1,1,82,1,1,7,1,0,0,0,87,0,
Best: P1
44

1,1,1,1,1,1,1,1,1,1,1,1,1,1,1,2,3,1,1,1,1,1,1,1,1,1,1,1,1,0,0,0,0,1,1,1,1,1,1,1,1,1,9,94,1,1,1,1,1,1,1,8,11,34,10,1,10,1,1,1,1,0,0,0,108,0,1,1,1,1,1,1,1,1,1,1,1,15,7,1,12,35,5,1,1,1,1,1,1,82,1,1,7,1,0,0,0,87,0,
Best: P2
45
Kentucky Avenue,States Avenue,
1,1,1,1,1,1,1,1,1,1,1,1,1,1,1,2,3,1,1,1,1,1,1,1,1,1,1,1,0,0,0,0,0,1,1,1,1,1,2,1,1,1,9,58,1,1,1,1,1,1,1,4,9,41,9,1,6,1,1,1,1,0,0,0,103,0,1,1,1,1,1,1,1,1,1,1,1,12,8,1,8,16,4,1,1,1,1,1,1,99,1,1,7,1,0,0,0,134,0,
Best: P2
44
Pennsylvania Railroad,
1,1,1,1,1,1,1,1,1,1,1,1,1,1,1,2,3,1,1,1,1,1,1,1,1,1,1,1,0,0,0,0,0,1,1,1,1,1,2,1,1,1,9,58,1,1,1,1,1,1,1,4,9,41,9,1,6,1,1,1,1,0,0,0,103,0,1,1,1,1,1,1,1,1,1,1,1,12,8,1,8,16,4,1,1,1,1,1,1,99,1,1,7,1,0,0,0,134,0,
Best: P1
45
Short Line Railroad,Ventnor Avenue,Kentucky Avenue,B & O Railroad,
1,1,1,1,1,1,1,1,1,1,1,1,1,1,1,1,2,1,1,1,1,1,1,1,1,1,1,1,0,0,0,0,0,1,1,2,1,1,1,1,1,1,14,50,1,1,1,1,1,1,1,6,6,43,10,1,3,1,1,1,1,0,0,0,109,0,1,1,1,1,1,1,1,1,1,1,1,6,5,1,14,17,4,1,1,1,1,1,1,50,1,1,6,1,0,0,0,145,0,
Best: P1
45
Ventnor Avenue,Pennsylvania Avenue,Electric Company,North Carolina Avenue,
1,1,1,1,1,1,1,1,1,1,1,1,1,1,1,1,2,1,1,1,1,1,1,1,1,1,1,1,0,0,0,0,0,1,1,2,1,1,1,1,1,1,14,50,1,1,1,1,1,1,1,6,6,43,10,1,3,1,1,1,1,0,0,0,109,0,1,1,1,1,1,1,1,1,1,1,1,6,5,1,14,17,4,1,1,1,1,1,1,50,1,1,6,1,0,0,0,145,0,
Best: P3
43
Oriental Avenue,Pennsylvania Railroad,Park Place,Electric Company,
1,1,1,1,1,1,1,1,1,1,1,1,1,1,1,1,2,1,1,1,1,1,1,1,1,1,1,1,0,0,0,0,0,1,1,1,1,1,1,1,1,1,17,31,1,1,1,1,1,1,1,5,6,42,8,1,3,1,1,1,1,0,0,0,176,0,2,1,1,1,1,1,1,1,1,1,1,8,6,1,10,18,4,1,1,1,1,1,1,54,1,1,7,1,0,0,0,158,0,
Best: P2
46
Baltic Avenue,B & O Railroad,
1,1,1,1,1,1,1,1,1,1,1,1,1,1,1,1,1,1,1,1,1,1,1,1,1,1,1,1,0,0,0,0,0,1,1,1,1,1,1,1,1,1,20,28,1,1,1,1,1,1,1,7,4,28,13,1,3,1,1,1,1,0,0,0,135,0,1,1,1,1,1,1,1,1,1,1,1,6,9,1,16,19,5,1,1,1,1,1,1,67,1,1,4,1,0,0,0,171,0,
Best: P2
44
Pennsylvania Railroad,Kentucky Avenue,States Avenue,Electric Company,
1,1,1,1,1,1,1,1,1,1,1,1,1,1,1,1,1,1,1,1,1,1,1,1,1,1,1,1,0,0,0,0,0,1,1,1,1,1,1,1,1,1,20,28,1,1,1,1,1,1,1,7,4,28,13,1,3,1,1,1,1,0,0,0,135,0,1,1,1,1,1,1,1,1,1,1,1,6,9,1,16,19,5,1,1,1,1,1,1,67,1,1,4,1,0,0,0,171,0,
Best: P2
46

1,1,1,1,1,1,1,1,1,1,1,1,1,1,1,1,1,1,1,1,1,1,1,1,1,1,1,1,0,0,0,0,0,1,1,1,1,1,1,1,1,1,20,28,1,1,1,1,1,1,1,7,4,28,13,1,3,1,1,1,1,0,0,0,135,0,1,1,1,1,1,1,1,1,1,1,1,6,9,1,16,19,5,1,1,1,1,1,1,67,1,1,4,1,0,0,0,171,0,
Best: P1
45
Ventnor Avenue,Pennsylvania Railroad,Marvin Gardens,Tennessee Avenue,Kentucky Avenue,
1,1,1,1,1,1,1,1,1,2,1,1,1,1,1,1,1,1,1,1,1,1,1,1,1,1,1,1,0,0,0,0,0,1,1,1,1,1,1,1,1,1,14,34,1,1,1,1,1,1,1,4,4,24,22,1,4,1,1,1,1,0,0,0,124,0,1,1,1,1,1,1,1,1,1,1,1,10,9,1,7,23,4,1,1,1,1,1,1,71,1,1,5,1,0,0,0,88,0,
Best: P2
44
Indiana Avenue,Pennsylvania Railroad,Atlantic Avenue,
1,1,1,1,1,1,1,1,1,1,1,1,1,1,1,1,1,1,1,1,1,1,1,1,1,1,1,1,0,0,0,0,0,1,1,1,1,1,1,1,1,1,21,32,1,1,1,1,1,1,1,6,3,18,10,1,4,1,1,1,1,0,0,0,105,0,1,1,1,1,1,1,1,1,1,1,1,5,8,1,13,22,3,1,1,1,1,1,1,81,1,1,3,1,0,0,0,87,0,
Best: P2
46
Indiana Avenue,Water Works,
1,1,1,1,1,1,1,1,1,1,1,1,1,1,1,1,1,1,1,1,1,1,1,1,1,1,1,1,0,0,0,0,0,1,1,1,1,1,1,1,1,1,21,32,1,1,1,1,1,1,1,6,3,18,10,1,4,1,1,1,1,0,0,0,105,0,1,1,1,1,1,1,1,1,1,1,1,5,8,1,13,22,3,1,1,1,1,1,1,81,1,1,3,1,0,0,0,87,0,
Best: P1
45
North Carolina Avenue,Pennsylvania Railroad,
1,1,1,1,1,1,1,1,1,1,1,1,1,1,1,1,1,1,1,1,1,1,1,1,1,1,1,1,0,0,0,0,0,1,1,1,1,1,1,1,1,1,21,42,1,1,1,1,1,1,1,5,3,12,9,2,4,1,1,1,1,0,0,0,95,0,1,1,1,1,1,1,1,1,1,1,1,9,7,1,11,18,2,1,1,1,1,1,1,62,1,1,3,1,0,0,0,98,0,
Best: P2
46
Pennsylvania Railroad,Mediterranean Avenue,St. Charles Place,
1,1,1,1,1,1,1,1,1,1,1,1,1,1,1,1,1,1,1,1,1,1,1,1,1,1,1,1,0,0,0,0,0,1,1,1,1,1,1,1,1,1,11,52,1,1,1,1,1,1,2,5,3,17,8,1,5,1,1,1,1,0,0,0,86,0,1,1,1,1,1,1,1,1,1,1,1,9,8,1,8,20,1,1,1,1,1,1,1,100,1,1,3,1,0,0,0,46,0,
Best: P2
45
Pennsylvania Railroad,Indiana Avenue,Reading Railroad,Park Place,
1,1,1,1,1,1,1,1,1,1,1,1,1,1,1,1,1,1,1,1,1,1,1,1,1,1,1,1,0,0,0,0,0,1,1,1,1,1,1,1,1,1,11,52,1,1,1,1,1,1,2,5,3,17,8,1,5,1,1,1,1,0,0,0,86,0,1,1,1,1,1,1,1,1,1,1,1,9,8,1,8,20,1,1,1,1,1,1,1,100,1,1,3,1,0,0,0,46,0,
Best: P2
44
Pennsylvania Railroad,Ventnor Avenue,Short Line Railroad,Water Works,Electric Company,
1,1,1,1,1,1,1,1,1,1,1,1,1,1,1,1,1,1,1,1,1,1,1,1,1,1,1,1,0,0,0,0,0,1,1,1,1,1,1,1,1,1,11,52,1,1,1,1,1,1,2,5,3,17,8,1,5,1,1,1,1,0,0,0,86,0,1,1,1,1,1,1,1,1,1,1,1,9,8,1,8,20,1,1,1,1,1,1,1,100,1,1,3,1,0,0,0,46,0,
Best: P4
44
Electric Company,Pennsylvania Avenue,
1,1,1,1,1,1,1,1,1,1,1,1,1,1,1,1,1,1,1,1,1,1,1,1,1,1,1,1,0,0,0,0,0,1,1,1,1,1,1,1,1,1,20,32,1,1,1,1,1,1,1,4,3,8,9,1,2,1,1,1,1,0,0,0,101,0,1,1,1,1,1,1,1,1,1,1,1,14,8,1,5,9,1,1,1,1,1,1,1,64,1,1,4,1,0,0,0,56,0,
Best: P1
46

1,1,1,1,1,1,1,1,1,1,1,1,1,1,1,1,1,1,1,1,1,1,1,1,1,1,1,1,0,0,0,0,0,1,1,1,1,1,1,2,1,1,12,62,1,1,1,1,1,1,1,4,3,13,8,1,3,1,1,1,1,0,0,0,95,0,1,1,1,1,1,1,1,2,1,1,1,14,8,1,11,16,1,1,1,1,1,1,1,31,1,1,5,1,0,0,0,47,0,
Best: P2
44
Pennsylvania Railroad,Atlantic Avenue,
1,1,1,1,1,1,1,1,1,1,1,1,1,1,1,1,1,1,1,1,1,1,1,1,1,1,1,1,0,0,0,0,0,1,1,1,1,1,1,1,1,1,10,50,1,1,1,1,1,1,1,4,2,7,8,1,2,1,1,1,1,0,0,0,124,0,1,1,1,1,1,1,1,1,1,1,1,7,4,1,6,11,1,1,1,1,1,1,1,47,1,1,2,1,0,0,0,52,0,
Best: P1
45
Ventnor Avenue,
1,1,1,1,1,1,1,1,1,1,1,1,1,1,1,1,1,1,2,1,1,1,1,2,1,1,1,1,0,0,0,0,0,1,1,1,1,1,1,1,1,1,10,67,1,1,1,1,1,1,1,4,2,11,10,1,2,1,1,1,1,0,0,0,57,0,1,1,1,1,1,1,1,1,1,1,1,14,9,1,11,16,1,1,1,1,1,1,1,30,1,1,3,1,0,0,0,73,0,
Best: P1
43
St. James Place,Ventnor Avenue,Water Works,Kentucky Avenue,
1,1,1,1,1,1,1,1,1,1,1,1,1,1,1,1,1,1,2,1,1,1,1,2,1,1,1,1,0,0,0,0,0,1,1,1,1,1,1,1,1,1,10,67,1,1,1,1,1,1,1,4,2,11,10,1,2,1,1,1,1,0,0,0,57,0,1,1,1,1,1,1,1,1,1,1,1,14,9,1,11,16,1,1,1,1,1,1,1,30,1,1,3,1,0,0,0,73,0,
Best: P1
45
Indiana Avenue,Atlantic Avenue,Mediterranean Avenue,Short Line Railroad,
1,1,1,1,1,1,1,1,1,1,1,1,1,1,1,1,1,1,2,1,1,1,1,2,1,1,1,1,0,0,0,0,0,1,1,1,1,1,1,1,1,1,10,67,1,1,1,1,1,1,1,4,2,11,10,1,2,1,1,1,1,0,0,0,57,0,1,1,1,1,1,1,1,1,1,1,1,14,9,1,11,16,1,1,1,1,1,1,1,30,1,1,3,1,0,0,0,73,0,
Best: P4
43
Ventnor Avenue,Electric Company,
1,1,1,1,1,1,1,1,1,1,1,1,1,1,1,1,1,1,1,1,1,1,1,1,1,1,1,1,0,0,0,0,0,1,1,1,1,1,1,1,1,1,6,93,1,2,1,1,1,1,1,4,3,7,11,1,1,1,1,1,1,0,0,0,40,0,1,1,1,1,1,1,1,1,1,1,1,11,6,1,16,17,1,1,1,1,1,1,1,55,1,1,3,1,0,0,0,68,0,
Best: P3
45
Atlantic Avenue,
1,1,1,1,1,1,1,1,1,1,1,1,1,1,1,1,1,1,1,1,1,1,1,1,1,1,1,1,0,0,0,0,0,1,1,1,1,1,1,1,1,1,4,59,1,1,1,1,1,1,1,2,2,12,9,1,1,1,1,1,1,0,0,0,67,0,1,1,1,1,1,1,1,1,1,1,1,11,6,1,14,12,1,1,1,1,1,1,1,40,1,1,2,1,0,0,0,52,0,
Best: P3
45
Water Works,Marvin Gardens,Short Line Railroad,
1,1,1,1,1,1,1,1,1,1,1,1,1,1,1,1,1,1,1,1,1,1,1,1,1,1,1,1,0,0,0,0,0,1,1,1,1,1,1,1,1,1,4,59,1,1,1,1,1,1,1,2,2,12,9,1,1,1,1,1,1,0,0,0,67,0,1,1,1,1,1,1,1,1,1,1,1,11,6,1,14,12,1,1,1,1,1,1,1,40,1,1,2,1,0,0,0,52,0,
Best: P2
45
States Avenue,Ventnor Avenue,
1,1,1,1,1,1,1,1,1,1,1,1,1,1,1,1,1,1,1,1,1,1,1,1,1,1,1,1,0,0,0,0,0,1,1,1,1,1,1,1,1,1,4,88,1,1,1,1,1,1,1,3,1,18,7,1,1,1,1,1,1,0,0,0,69,0,1,1,1,1,1,1,1,1,1,1,1,10,4,1,21,15,1,1,1,1,1,1,1,64,1,1,2,1,0,0,0,74,0,
Best: P1
46
Pennsylvania Railroad,
1,1,1,1,1,1,1,1,1,1,1,1,1,1,1,1,1,1,1,1,1,1,1,1,1,1,1,1,0,0,0,0,0,1,1,1,1,1,1,1,1,1,4,57,1,1,1,1,1,1,1,3,1,15,3,1,1,1,1,1,1,0,0,0,65,0,1,1,1,1,1,1,1,1,1,1,1,20,3,1,30,13,1,1,1,1,1,1,1,73,1,1,1,1,0,0,0,85,0,
Best: P1
45
Connecticut Avenue,Marvin Gardens,
1,1,1,1,1,1,1,1,1,1,1,1,1,1,1,1,1,1,1,1,1,1,1,1,1,1,1,1,0,0,0,0,0,1,1,1,1,1,1,1,1,1,4,57,1,1,1,1,1,1,1,3,1,15,3,1,1,1,1,1,1,0,0,0,65,0,1,1,1,1,1,1,1,1,1,1,1,20,3,1,30,13,1,1,1,1,1,1,1,73,1,1,1,1,0,0,0,85,0,
Best: P2
46
New York Avenue,Kentucky Avenue,Vermont Avenue,
1,1,1,1,1,1,1,1,1,1,1,1,1,1,1,1,1,1,1,1,1,1,1,1,1,1,1,1,0,0,0,0,0,1,2,1,1,1,1,1,1,1,4,70,1,1,1,1,1,1,1,4,1,13,4,1,1,1,1,1,1,0,0,0,90,0,1,1,1,1,1,1,1,1,1,1,1,21,3,1,14,13,1,1,1,1,1,1,1,62,1,1,1,1,0,0,0,54,0,
Best: P1
46
North Carolina Avenue,Boardwalk,Indiana Avenue,
1,1,1,1,1,1,1,1,1,1,1,2,1,1,1,1,1,1,1,1,1,1,1,1,1,1,1,1,0,0,0,0,0,1,1,1,1,1,1,1,1,1,4,63,1,1,1,1,1,1,1,3,1,11,5,1,1,1,1,1,1,0,0,0,42,0,1,1,1,1,1,1,1,1,1,1,1,14,2,1,33,9,1,1,1,1,1,1,1,79,1,1,1,1,0,0,0,88,0,
Best: P1
46
Pennsylvania Railroad,Boardwalk,Ventnor Avenue,Kentucky Avenue,
1,1,1,1,1,1,1,1,1,1,1,2,1,1,1,1,1,1,1,1,1,1,1,1,1,1,1,1,0,0,0,0,0,1,1,1,1,1,1,1,1,1,4,63,1,1,1,1,1,1,1,3,1,11,5,1,1,1,1,1,1,0,0,0,42,0,1,1,1,1,1,1,1,1,1,1,1,14,2,1,33,9,1,1,1,1,1,1,1,79,1,1,1,1,0,0,0,88,0,
Best: P1
44
Ventnor Avenue,Kentucky Avenue,
1,1,1,1,1,1,1,1,1,1,1,2,1,1,1,1,1,1,1,1,1,1,1,1,1,1,1,1,0,0,0,0,0,1,1,1,1,1,1,1,1,1,4,63,1,1,1,1,1,1,1,3,1,11,5,1,1,1,1,1,1,0,0,0,42,0,1,1,1,1,1,1,1,1,1,1,1,14,2,1,33,9,1,1,1,1,1,1,1,79,1,1,1,1,0,0,0,88,0,
Best: P1
47
Ventnor Avenue,North Carolina Avenue,Atlantic Avenue,Tennessee Avenue,
1,1,1,1,1,1,1,1,1,1,1,2,1,1,1,1,1,1,1,1,1,1,1,1,1,1,1,1,0,0,0,0,0,1,1,1,1,1,1,1,1,1,4,63,1,1,1,1,1,1,1,3,1,11,5,1,1,1,1,1,1,0,0,0,42,0,1,1,1,1,1,1,1,1,1,1,1,14,2,1,33,9,1,1,1,1,1,1,1,79,1,1,1,1,0,0,0,88,0,
Best: P1
46
Tennessee Avenue,Virginia Avenue,Illinois Avenue,
1,1,1,1,1,1,1,1,1,1,1,2,1,1,1,1,1,1,1,1,1,1,1,1,1,1,1,1,0,0,0,0,0,1,1,1,1,1,1,1,1,1,4,63,1,1,1,1,1,1,1,3,1,11,5,1,1,1,1,1,1,0,0,0,42,0,1,1,1,1,1,1,1,1,1,1,1,14,2,1,33,9,1,1,1,1,1,1,1,79,1,1,1,1,0,0,0,88,0,
Best: P2
46
Atlantic Avenue,
1,1,1,1,1,1,1,1,1,1,1,1,1,1,1,1,1,1,1,1,1,1,1,1,1,1,1,1,0,0,0,0,0,1,1,1,1,1,1,1,1,1,4,67,1,1,1,1,1,1,1,4,1,10,6,1,1,1,1,1,1,0,0,0,49,0,1,1,1,1,1,1,1,1,1,1,1,20,1,1,39,4,1,1,1,1,1,1,1,90,1,1,1,1,0,0,0,104,0,
Best: P1
42
Atlantic Avenue,Tennessee Avenue,Illinois Avenue,
1,1,1,1,1,1,1,1,1,1,1,1,1,1,1,2,1,1,1,1,1,1,1,1,1,1,1,1,0,0,0,0,0,1,1,1,1,1,1,1,1,1,5,33,1,1,1,1,1,1,1,3,1,11,6,1,1,1,1,1,1,0,0,0,40,0,1,1,2,1,1,1,1,1,1,1,1,21,1,1,35,4,1,1,1,1,1,1,1,66,1,1,1,1,0,0,0,91,0,
Best: P1
47
Kentucky Avenue,New York Avenue,
1,1,1,1,1,1,1,1,1,1,1,1,1,1,1,2,1,1,1,1,1,1,1,1,1,1,1,1,0,0,0,0,0,1,1,1,1,1,1,1,1,1,5,33,1,1,1,1,1,1,1,3,1,11,6,1,1,1,1,1,1,0,0,0,40,0,1,1,2,1,1,1,1,1,1,1,1,21,1,1,35,4,1,1,1,1,1,1,1,66,1,1,1,1,0,0,0,91,0,
Best: P1
46
Atlantic Avenue,Kentucky Avenue,Tennessee Avenue,Marvin Gardens,
1,1,1,1,1,1,1,1,1,1,1,1,1,1,1,2,1,1,1,1,1,1,1,1,1,1,1,1,0,0,0,0,0,1,1,1,1,1,1,1,1,1,5,33,1,1,1,1,1,1,1,3,1,11,6,1,1,1,1,1,1,0,0,0,40,0,1,1,2,1,1,1,1,1,1,1,1,21,1,1,35,4,1,1,1,1,1,1,1,66,1,1,1,1,0,0,0,91,0,
Best: P2
46
Kentucky Avenue,Illinois Avenue,Short Line Railroad,St. James Place,
1,1,1,1,1,1,1,1,1,1,1,1,1,1,1,1,1,1,1,1,1,1,1,1,1,1,1,1,0,0,0,0,0,1,1,1,1,1,1,1,1,1,4,39,1,1,1,1,1,1,1,3,1,10,3,1,1,1,1,1,1,0,0,0,32,0,1,1,1,1,1,1,1,1,1,1,1,14,1,1,48,3,1,1,1,1,1,1,1,43,1,1,1,1,0,0,0,113,0,
Best: P1
46
Pennsylvania Railroad,Electric Company,Kentucky Avenue,
1,1,1,1,1,1,1,1,1,1,1,1,1,1,1,1,1,1,1,1,1,1,1,1,1,1,1,1,0,0,0,0,0,1,1,1,1,1,1,1,1,1,4,21,1,1,1,1,1,1,1,2,1,9,2,1,1,1,1,1,1,0,0,0,38,0,1,1,1,1,1,1,1,1,1,1,1,26,1,1,26,2,1,1,1,1,1,1,1,68,1,1,1,1,0,0,0,109,0,
Best: P1
47
Electric Company,Kentucky Avenue,
1,1,1,1,1,1,1,1,1,1,1,1,1,1,1,1,1,1,1,1,1,1,1,1,1,1,1,1,0,0,0,0,0,1,1,1,1,1,1,1,1,1,4,21,1,1,1,1,1,1,1,2,1,9,2,1,1,1,1,1,1,0,0,0,38,0,1,1,1,1,1,1,1,1,1,1,1,26,1,1,26,2,1,1,1,1,1,1,1,68,1,1,1,1,0,0,0,109,0,
Best: P1
47
Marvin Gardens,States Avenue,Pennsylvania Railroad,North Carolina Avenue,Atlantic Avenue,
1,1,1,1,1,1,1,1,1,1,1,1,1,1,1,1,1,1,1,1,1,1,1,1,1,1,1,1,0,0,0,0,0,1,1,1,1,1,1,1,1,1,4,21,1,1,1,1,1,1,1,2,1,9,2,1,1,1,1,1,1,0,0,0,38,0,1,1,1,1,1,1,1,1,1,1,1,26,1,1,26,2,1,1,1,1,1,1,1,68,1,1,1,1,0,0,0,109,0,
Best: P1
47
Short Line Railroad,
1,1,1,1,1,1,1,1,1,1,1,1,1,1,1,1,1,1,1,1,1,1,1,1,1,1,1,1,0,0,0,0,0,1,1,1,1,1,1,1,1,1,4,21,1,1,1,1,1,1,1,2,1,9,2,1,1,1,1,1,1,0,0,0,38,0,1,1,1,1,1,1,1,1,1,1,1,26,1,1,26,2,1,1,1,1,1,1,1,68,1,1,1,1,0,0,0,109,0,
Best: P1
45
Baltic Avenue,Electric Company,Illinois Avenue,
1,1,1,1,1,1,1,1,1,1,1,1,1,1,1,1,1,1,1,1,1,1,1,1,1,1,1,1,0,0,0,0,0,1,1,1,1,1,1,1,1,1,4,21,1,1,1,1,1,1,1,2,1,9,2,1,1,1,1,1,1,0,0,0,38,0,1,1,1,1,1,1,1,1,1,1,1,26,1,1,26,2,1,1,1,1,1,1,1,68,1,1,1,1,0,0,0,109,0,
Best: P1
47

1,1,1,1,1,1,1,1,1,1,1,1,1,1,1,1,1,1,1,1,1,1,1,1,1,1,1,1,0,0,0,0,0,1,1,1,1,1,1,1,1,1,4,21,1,1,1,1,1,1,1,2,1,9,2,1,1,1,1,1,1,0,0,0,38,0,1,1,1,1,1,1,1,1,1,1,1,26,1,1,26,2,1,1,1,1,1,1,1,68,1,1,1,1,0,0,0,109,0,
Best: P1
47
B & O Railroad,Ventnor Avenue,
1,1,1,1,1,1,1,1,1,1,1,1,1,1,1,1,1,1,1,1,1,1,1,1,1,1,1,1,0,0,0,0,0,1,1,1,1,1,1,1,1,1,4,21,1,1,1,1,1,1,1,2,1,9,2,1,1,1,1,1,1,0,0,0,38,0,1,1,1,1,1,1,1,1,1,1,1,26,1,1,26,2,1,1,1,1,1,1,1,68,1,1,1,1,0,0,0,109,0,
Best: P1
47
States Avenue,
1,1,1,1,1,1,1,1,1,1,1,1,1,1,1,1,1,1,1,1,1,1,1,1,1,1,1,1,0,0,0,0,0,1,1,1,1,1,1,1,1,1,4,21,1,1,1,1,1,1,1,2,1,9,2,1,1,1,1,1,1,0,0,0,38,0,1,1,1,1,1,1,1,1,1,1,1,26,1,1,26,2,1,1,1,1,1,1,1,68,1,1,1,1,0,0,0,109,0,
Best: P1
47
B & O Railroad,North Carolina Avenue,Park Place,
1,1,1,1,1,1,1,1,1,1,1,1,1,1,1,1,1,1,1,1,1,1,1,1,1,1,1,1,0,0,0,0,0,1,1,1,1,1,1,1,1,1,4,21,1,1,1,1,1,1,1,2,1,9,2,1,1,1,1,1,1,0,0,0,38,0,1,1,1,1,1,1,1,1,1,1,1,26,1,1,26,2,1,1,1,1,1,1,1,68,1,1,1,1,0,0,0,109,0,
Best: P1
47
Atlantic Avenue,
1,1,1,1,1,1,1,1,1,1,1,1,1,1,1,1,1,1,1,1,1,1,1,1,1,1,1,1,0,0,0,0,0,1,1,1,1,1,1,1,1,1,4,21,1,1,1,1,1,1,1,2,1,9,2,1,1,1,1,1,1,0,0,0,38,0,1,1,1,1,1,1,1,1,1,1,1,26,1,1,26,2,1,1,1,1,1,1,1,68,1,1,1,1,0,0,0,109,0,
Best: P2
46
Mediterranean Avenue,Water Works,
1,1,1,1,1,1,1,1,1,1,1,1,1,1,1,1,1,1,1,1,1,1,1,1,1,1,1,1,0,0,0,0,0,1,1,1,1,1,1,1,1,1,4,18,1,1,1,1,1,1,1,1,1,15,1,1,1,1,1,1,1,0,0,0,70,0,1,1,1,1,1,1,1,1,1,1,1,25,1,1,26,1,1,1,1,1,1,1,1,87,1,1,1,1,0,0,0,44,0,
Best: P1
47
Kentucky Avenue,B & O Railroad,
1,1,1,1,1,1,1,1,1,1,1,1,1,1,1,1,1,1,1,1,1,1,1,1,1,1,1,1,0,0,0,0,0,1,1,1,1,1,1,1,1,1,6,10,1,1,1,1,1,1,1,1,1,8,1,1,1,1,1,1,1,0,0,0,49,0,1,1,1,1,1,1,1,1,1,1,1,13,1,1,27,1,1,1,1,1,1,1,1,79,1,1,1,1,0,0,0,72,0,
Best: P1
47

1,1,1,1,1,1,1,1,1,1,1,1,1,1,1,1,1,1,1,1,1,1,1,1,1,1,1,1,0,0,0,0,0,1,1,1,1,1,1,1,1,1,6,10,1,1,1,1,1,1,1,1,1,8,1,1,1,1,1,1,1,0,0,0,49,0,1,1,1,1,1,1,1,1,1,1,1,13,1,1,27,1,1,1,1,1,1,1,1,79,1,1,1,1,0,0,0,72,0,
Best: P1
47
Virginia Avenue,Electric Company,
1,1,1,1,1,1,1,1,1,1,1,1,1,1,1,1,1,1,1,1,1,1,1,1,1,1,1,1,0,0,0,0,0,1,1,1,1,1,1,1,1,1,6,10,1,1,1,1,1,1,1,1,1,8,1,1,1,1,1,1,1,0,0,0,49,0,1,1,1,1,1,1,1,1,1,1,1,13,1,1,27,1,1,1,1,1,1,1,1,79,1,1,1,1,0,0,0,72,0,
Best: P1
47
Pennsylvania Railroad,Indiana Avenue,Illinois Avenue,
1,1,1,1,1,1,1,1,1,1,1,1,1,1,1,1,1,1,1,1,1,1,1,1,1,1,1,1,0,0,0,0,0,1,1,1,1,1,1,1,1,1,6,10,1,1,1,1,1,1,1,1,1,8,1,1,1,1,1,1,1,0,0,0,49,0,1,1,1,1,1,1,1,1,1,1,1,13,1,1,27,1,1,1,1,1,1,1,1,79,1,1,1,1,0,0,0,72,0,
Best: P2
46
Marvin Gardens,
1,1,1,1,1,1,1,1,1,1,1,1,1,1,1,1,1,1,1,1,1,1,1,1,1,1,2,1,0,0,0,0,0,1,1,1,1,1,1,1,1,1,6,6,1,1,1,1,1,1,1,1,1,12,1,1,1,1,1,1,1,0,0,0,70,0,1,1,1,1,1,1,1,1,1,1,1,9,1,1,20,1,1,1,1,1,1,1,1,38,1,1,1,1,0,0,0,58,0,
Best: P2
46
Pennsylvania Railroad,North Carolina Avenue,Mediterranean Avenue,
1,1,1,1,1,1,1,1,1,1,1,1,1,1,1,1,1,1,1,1,1,1,1,1,1,1,2,1,0,0,0,0,0,1,1,1,1,1,1,1,1,1,6,6,1,1,1,1,1,1,1,1,1,12,1,1,1,1,1,1,1,0,0,0,70,0,1,1,1,1,1,1,1,1,1,1,1,9,1,1,20,1,1,1,1,1,1,1,1,38,1,1,1,1,0,0,0,58,0,
Best: P2
46
B & O Railroad,
1,1,1,1,1,1,1,1,1,1,1,1,1,1,1,1,1,1,1,1,1,1,1,1,1,1,2,1,0,0,0,0,0,1,1,1,1,1,1,1,1,1,6,6,1,1,1,1,1,1,1,1,1,12,1,1,1,1,1,1,1,0,0,0,70,0,1,1,1,1,1,1,1,1,1,1,1,9,1,1,20,1,1,1,1,1,1,1,1,38,1,1,1,1,0,0,0,58,0,
Best: P1
46
Vermont Avenue,Virginia Avenue,
1,1,1,1,1,1,1,1,1,1,1,1,1,1,1,1,1,1,1,1,1,1,1,1,1,1,1,1,0,0,0,0,0,1,1,1,1,1,1,1,1,1,7,5,1,1,1,1,1,1,1,1,1,8,1,1,1,1,1,1,1,0,0,0,85,0,1,1,1,1,1,1,1,1,1,1,1,14,1,1,13,1,1,1,1,1,1,1,1,34,1,1,1,1,0,0,0,100,0,
Best: P1
46

1,1,1,1,1,1,1,1,1,1,1,1,1,1,1,1,1,1,1,1,1,1,1,1,1,1,1,1,0,0,0,0,0,1,1,1,1,1,1,1,1,1,7,5,1,1,1,1,1,1,1,1,1,8,1,1,1,1,1,1,1,0,0,0,85,0,1,1,1,1,1,1,1,1,1,1,1,14,1,1,13,1,1,1,1,1,1,1,1,34,1,1,1,1,0,0,0,100,0,
Best: P4
44
Boardwalk,
1,1,1,1,1,1,1,1,1,1,1,1,1,1,1,1,1,1,1,1,1,1,1,1,1,1,1,1,0,0,0,0,0,1,1,1,1,1,1,1,1,1,3,4,1,1,1,1,1,1,1,1,1,10,1,1,1,1,1,1,1,0,0,0,66,0,1,1,1,1,1,1,1,1,1,1,1,8,1,1,9,1,1,1,1,1,1,1,1,33,1,1,2,1,0,0,0,89,0,
Best: P1
47
B & O Railroad,Vermont Avenue,
1,1,1,1,1,1,1,1,1,1,1,1,1,1,1,1,1,1,1,1,1,1,1,1,1,1,1,1,0,0,0,0,0,1,1,1,1,1,1,1,1,1,3,3,1,1,1,1,1,1,1,1,1,13,1,1,1,1,1,1,1,0,0,0,98,0,1,1,1,1,1,1,1,1,1,1,1,7,1,1,7,1,1,1,1,1,1,1,1,38,1,1,1,1,0,0,0,72,0,
Best: P1
47
Vermont Avenue,St. Charles Place,North Carolina Avenue,Boardwalk,Virginia Avenue,
1,1,1,1,1,1,1,1,1,1,1,1,1,1,1,1,1,1,1,1,1,1,1,1,1,1,1,1,0,0,0,0,0,1,1,1,1,1,1,1,1,1,3,3,1,1,1,1,1,1,1,1,1,13,1,1,1,1,1,1,1,0,0,0,98,0,1,1,1,1,1,1,1,1,1,1,1,7,1,1,7,1,1,1,1,1,1,1,1,38,1,1,1,1,0,0,0,72,0,
Best: P1
46
Oriental Avenue,St. Charles Place,
1,1,1,1,1,1,1,1,1,1,1,1,1,1,1,1,1,1,1,1,1,1,1,1,1,1,1,1,0,0,0,0,0,1,1,1,1,1,1,1,1,1,3,3,1,1,1,1,1,1,1,1,1,13,1,1,1,1,1,1,1,0,0,0,98,0,1,1,1,1,1,1,1,1,1,1,1,7,1,1,7,1,1,1,1,1,1,1,1,38,1,1,1,1,0,0,0,72,0,
Best: P1
46

1,1,1,1,1,1,1,1,1,1,1,1,1,1,1,1,1,1,1,1,1,1,1,1,1,1,1,1,0,0,0,0,0,1,1,1,1,1,1,1,1,1,3,3,1,1,1,1,1,1,1,1,1,13,1,1,1,1,1,1,1,0,0,0,98,0,1,1,1,1,1,1,1,1,1,1,1,7,1,1,7,1,1,1,1,1,1,1,1,38,1,1,1,1,0,0,0,72,0,
Best: P1
46
Mediterranean Avenue,States Avenue,
1,1,1,1,1,1,1,1,1,1,1,1,1,1,1,1,1,1,1,1,1,1,1,1,1,1,1,1,0,0,0,0,0,1,1,1,1,1,1,1,1,1,3,3,1,1,1,1,1,1,1,1,1,13,1,1,1,1,1,1,1,0,0,0,98,0,1,1,1,1,1,1,1,1,1,1,1,7,1,1,7,1,1,1,1,1,1,1,1,38,1,1,1,1,0,0,0,72,0,
Best: P2
45

1,1,1,1,1,1,1,1,1,1,1,1,1,1,1,1,1,1,1,1,1,1,1,1,1,1,1,1,0,0,0,0,0,1,1,1,1,1,1,1,1,1,4,2,1,1,1,1,1,1,1,1,1,6,1,1,1,1,1,1,1,0,0,0,64,0,1,1,1,1,1,1,1,1,1,2,1,3,1,1,8,1,1,1,1,1,1,1,1,28,1,1,1,1,0,0,0,83,0,
Best: P1
47
Connecticut Avenue,Tennessee Avenue,Pennsylvania Railroad,Kentucky Avenue,New York Avenue,
1,1,1,1,1,2,1,1,1,1,1,1,1,1,1,1,1,1,1,1,1,1,1,1,1,1,1,1,0,0,0,0,0,1,1,1,1,1,1,1,1,1,3,3,1,1,1,1,1,1,1,1,1,11,1,1,1,1,1,1,1,0,0,0,68,0,1,1,1,1,1,1,1,1,1,1,1,7,1,1,4,1,1,1,1,1,1,1,1,37,1,1,1,1,0,0,0,108,0,
Best: P2
44
Kentucky Avenue,North Carolina Avenue,Atlantic Avenue,
1,1,1,1,1,1,1,1,1,1,1,1,1,1,1,1,1,1,1,1,1,1,1,1,1,1,1,1,0,0,0,0,0,1,1,1,1,1,1,1,1,1,4,1,1,1,1,1,1,1,1,1,1,5,2,1,1,1,1,1,1,0,0,0,65,0,1,1,1,1,1,1,1,1,1,1,1,6,1,1,9,1,1,1,1,1,1,1,1,37,1,1,1,1,0,0,0,101,0,
Best: P1
47
Mediterranean Avenue,Ventnor Avenue,Reading Railroad,
1,1,1,1,1,1,1,1,1,1,1,1,1,1,1,1,1,1,1,1,1,1,1,1,1,1,1,1,0,0,0,0,0,1,1,1,1,1,1,1,1,1,2,2,1,1,1,1,1,1,1,1,1,10,1,1,1,1,1,1,1,0,0,0,98,0,1,1,1,1,1,1,1,1,1,1,1,6,1,1,6,1,1,1,1,1,1,1,1,53,1,1,1,1,0,0,0,59,0,
Best: P2
46
Park Place,Electric Company,B & O Railroad,
1,1,1,1,1,1,1,1,1,1,1,1,1,1,1,1,1,1,1,1,1,1,1,1,1,1,1,1,0,0,0,0,0,1,1,1,1,1,1,1,1,1,4,2,1,1,1,1,1,1,1,1,1,7,1,1,1,1,1,1,1,0,0,0,77,0,1,1,1,1,1,1,1,1,1,2,1,4,1,1,9,1,1,1,1,1,1,1,1,56,1,1,1,1,0,0,0,84,0,
Best: P1
47
North Carolina Avenue,
1,1,1,1,1,1,1,1,1,1,1,1,1,1,1,1,1,1,1,1,1,1,1,1,1,1,1,1,0,0,0,0,0,1,1,1,1,1,1,1,1,1,4,3,1,1,1,1,1,1,1,1,1,5,1,1,1,1,1,1,1,0,0,0,115,0,1,1,1,1,1,1,1,1,2,1,1,5,1,1,5,1,1,1,1,1,1,1,1,59,1,1,1,1,0,0,0,61,0,
Best: P1
46
Reading Railroad,Marvin Gardens,Short Line Railroad,
1,1,1,1,1,1,1,1,1,1,1,1,1,1,1,1,1,1,1,1,1,1,1,1,1,1,1,1,0,0,0,0,0,1,1,1,1,1,1,1,1,1,4,3,1,1,1,1,1,1,1,1,1,5,1,1,1,1,1,1,1,0,0,0,115,0,1,1,1,1,1,1,1,1,2,1,1,5,1,1,5,1,1,1,1,1,1,1,1,59,1,1,1,1,0,0,0,61,0,
Best: P1
47

1,1,1,1,1,1,1,1,1,1,1,1,1,1,1,1,1,1,1,1,1,1,1,1,1,1,1,1,0,0,0,0,0,1,1,1,1,1,1,1,1,1,4,3,1,1,1,1,1,1,1,1,1,5,1,1,1,1,1,1,1,0,0,0,115,0,1,1,1,1,1,1,1,1,2,1,1,5,1,1,5,1,1,1,1,1,1,1,1,59,1,1,1,1,0,0,0,61,0,
Best: P1
46
Electric Company,
1,1,1,1,1,1,1,1,1,1,1,1,1,1,1,1,1,1,1,1,1,1,1,1,1,1,1,1,0,0,0,0,0,1,1,1,1,1,1,1,1,1,4,3,1,1,1,1,1,1,1,1,1,5,1,1,1,1,1,1,1,0,0,0,115,0,1,1,1,1,1,1,1,1,2,1,1,5,1,1,5,1,1,1,1,1,1,1,1,59,1,1,1,1,0,0,0,61,0,
Best: P1
47
Marvin Gardens,Vermont Avenue,North Carolina Avenue,
1,1,1,1,1,1,1,1,1,1,1,1,1,1,1,1,1,1,1,1,1,1,1,1,1,1,1,1,0,0,0,0,0,1,1,1,1,1,1,1,1,1,4,3,1,1,1,1,1,1,1,1,1,5,1,1,1,1,1,1,1,0,0,0,115,0,1,1,1,1,1,1,1,1,2,1,1,5,1,1,5,1,1,1,1,1,1,1,1,59,1,1,1,1,0,0,0,61,0,
Best: P1
47

1,1,1,1,1,1,1,1,1,1,1,1,1,1,1,1,1,1,1,1,1,1,1,1,1,1,1,1,0,0,0,0,0,1,1,1,1,1,1,1,1,1,4,3,1,1,1,1,1,1,1,1,1,5,1,1,1,1,1,1,1,0,0,0,115,0,1,1,1,1,1,1,1,1,2,1,1,5,1,1,5,1,1,1,1,1,1,1,1,59,1,1,1,1,0,0,0,61,0,
Best: P1
46
Vermont Avenue,Ventnor Avenue,
1,1,1,1,1,1,1,1,1,1,1,1,1,1,1,1,1,1,1,1,1,1,1,1,1,1,1,1,0,0,0,0,0,1,1,1,1,1,1,1,1,1,4,3,1,1,1,1,1,1,1,1,1,5,1,1,1,1,1,1,1,0,0,0,115,0,1,1,1,1,1,1,1,1,2,1,1,5,1,1,5,1,1,1,1,1,1,1,1,59,1,1,1,1,0,0,0,61,0,
Best: P1
47

1,1,1,1,1,1,1,1,1,1,1,1,1,1,1,1,1,1,1,1,1,1,1,1,1,1,1,1,0,0,0,0,0,1,1,1,1,1,1,1,1,1,4,3,1,1,1,1,1,1,1,1,1,5,1,1,1,1,1,1,1,0,0,0,115,0,1,1,1,1,1,1,1,1,2,1,1,5,1,1,5,1,1,1,1,1,1,1,1,59,1,1,1,1,0,0,0,61,0,
Best: P1
46
Kentucky Avenue,Connecticut Avenue,
1,1,1,1,1,1,1,1,1,1,1,1,1,1,1,1,1,1,1,1,1,1,1,1,1,1,1,1,0,0,0,0,0,1,1,1,1,1,1,1,1,1,4,3,1,1,1,1,1,1,1,1,1,5,1,1,1,1,1,1,1,0,0,0,115,0,1,1,1,1,1,1,1,1,2,1,1,5,1,1,5,1,1,1,1,1,1,1,1,59,1,1,1,1,0,0,0,61,0,
Best: P2
45
Tennessee Avenue,Mediterranean Avenue,
1,1,1,1,1,1,1,1,1,1,1,1,1,1,1,1,1,1,1,1,1,1,1,1,1,1,1,1,0,0,0,0,0,1,1,1,1,1,1,1,2,1,3,2,1,1,1,1,1,1,1,1,1,2,1,1,1,1,1,1,1,0,0,0,133,0,1,1,1,1,1,1,1,1,1,1,1,5,1,1,6,1,1,1,1,1,1,1,1,49,1,1,1,1,0,0,0,91,0,
Best: P2
46
Virginia Avenue,Short Line Railroad,Vermont Avenue,Mediterranean Avenue,
1,1,1,1,1,1,1,1,1,1,1,1,1,1,1,1,1,1,1,1,1,1,1,1,1,1,1,1,0,0,0,0,0,1,1,1,1,1,1,1,2,1,3,2,1,1,1,1,1,1,1,1,1,2,1,1,1,1,1,1,1,0,0,0,133,0,1,1,1,1,1,1,1,1,1,1,1,5,1,1,6,1,1,1,1,1,1,1,1,49,1,1,1,1,0,0,0,91,0,
Best: P2
45
Vermont Avenue,St. James Place,
1,1,1,1,1,1,1,1,1,1,1,1,1,1,1,1,1,1,1,1,1,1,1,1,1,1,1,1,0,0,0,0,0,1,1,1,1,1,1,1,2,1,3,2,1,1,1,1,1,1,1,1,1,2,1,1,1,1,1,1,1,0,0,0,133,0,1,1,1,1,1,1,1,1,1,1,1,5,1,1,6,1,1,1,1,1,1,1,1,49,1,1,1,1,0,0,0,91,0,
Best: P1
47
Pacific Avenue,Virginia Avenue,Atlantic Avenue,Vermont Avenue,
1,1,1,1,1,1,1,1,1,1,1,1,1,1,1,1,1,1,1,1,1,1,1,1,1,1,1,1,0,0,0,0,0,1,1,1,1,1,1,1,1,1,2,1,1,1,1,1,1,1,1,1,1,2,1,1,1,1,1,1,1,0,0,0,185,0,1,1,1,1,1,1,1,1,1,1,1,3,1,1,9,1,1,1,1,1,1,1,1,51,1,1,1,1,0,0,0,74,0,
Best: P1
47
Reading Railroad,Tennessee Avenue,New York Avenue,Indiana Avenue,
1,1,1,1,1,1,1,1,1,1,1,1,1,1,1,1,1,1,1,1,1,1,1,1,1,1,1,1,0,0,0,0,0,1,1,1,1,1,1,1,1,1,2,1,1,1,1,1,1,1,1,1,1,2,1,1,1,1,1,1,1,0,0,0,185,0,1,1,1,1,1,1,1,1,1,1,1,3,1,1,9,1,1,1,1,1,1,1,1,51,1,1,1,1,0,0,0,74,0,
Best: P1
47
Pennsylvania Railroad,Tennessee Avenue,
1,1,1,1,1,1,1,1,1,1,1,1,1,1,1,1,1,1,1,1,1,1,1,1,1,1,1,1,0,0,0,0,0,1,1,1,1,1,1,1,1,1,2,1,1,1,1,1,1,1,1,1,1,2,1,1,1,1,1,1,1,0,0,0,185,0,1,1,1,1,1,1,1,1,1,1,1,3,1,1,9,1,1,1,1,1,1,1,1,51,1,1,1,1,0,0,0,74,0,
Best: P1
47
Pennsylvania Railroad,Tennessee Avenue,
1,1,1,1,1,1,1,1,1,1,1,1,1,1,1,1,1,1,1,1,1,1,1,1,1,1,1,1,0,0,0,0,0,1,1,1,1,1,1,1,1,1,2,1,1,1,1,1,1,1,1,1,1,2,1,1,1,1,1,1,1,0,0,0,185,0,1,1,1,1,1,1,1,1,1,1,1,3,1,1,9,1,1,1,1,1,1,1,1,51,1,1,1,1,0,0,0,74,0,
Best: P1
47
St. Charles Place,
1,1,1,1,1,1,1,1,1,1,1,1,1,1,1,1,1,1,1,1,1,1,1,1,1,1,1,1,0,0,0,0,0,1,1,1,1,1,1,1,1,1,2,1,1,1,1,1,1,1,1,1,1,2,1,1,1,1,1,1,1,0,0,0,185,0,1,1,1,1,1,1,1,1,1,1,1,3,1,1,9,1,1,1,1,1,1,1,1,51,1,1,1,1,0,0,0,74,0,
Best: P2
46
Atlantic Avenue,Baltic Avenue,
1,1,1,1,1,1,1,2,1,1,1,1,1,1,2,1,1,1,1,1,1,1,1,1,1,1,1,1,0,0,0,0,0,1,1,1,1,1,1,1,1,1,2,1,1,1,1,1,1,1,1,1,1,1,1,1,1,1,1,1,1,0,0,0,138,0,1,2,1,1,1,1,1,1,1,1,1,1,1,1,15,1,1,1,1,1,1,1,1,49,1,1,1,1,0,0,0,46,0,
Best: P1
47
Ventnor Avenue,Boardwalk,Electric Company,
1,1,1,1,1,1,1,1,1,1,1,1,1,1,1,1,1,1,1,1,1,1,1,1,1,1,1,1,0,0,0,0,0,1,1,1,1,1,1,1,1,1,1,1,1,1,1,1,1,1,1,1,1,1,1,1,1,1,1,1,1,0,0,0,220,0,1,1,1,1,1,1,1,1,1,1,1,2,1,1,17,1,1,1,1,1,1,1,1,41,1,1,1,1,0,0,0,84,0,
Best: P1
47
Pennsylvania Railroad,North Carolina Avenue,Electric Company,
1,1,1,1,1,1,1,1,1,1,1,1,1,1,1,1,1,1,1,1,1,1,1,1,1,1,1,1,0,0,0,0,0,1,1,1,1,1,1,1,1,1,1,1,1,1,1,1,1,1,1,1,1,1,1,1,1,1,1,1,1,0,0,0,220,0,1,1,1,1,1,1,1,1,1,1,1,2,1,1,17,1,1,1,1,1,1,1,1,41,1,1,1,1,0,0,0,84,0,
Best: P2
46
New York Avenue,
1,1,1,1,1,1,1,1,1,1,1,1,1,1,1,1,1,1,1,1,1,1,1,1,1,1,1,1,0,0,0,0,0,1,1,1,1,1,1,1,1,1,1,1,1,1,1,1,1,1,1,1,1,1,1,1,1,1,1,1,1,0,0,0,242,0,1,1,1,1,1,1,1,1,1,1,1,1,1,1,15,1,1,1,1,1,1,1,1,40,1,1,1,1,0,0,0,70,0,
Best: P1
47
North Carolina Avenue,Indiana Avenue,
1,2,1,1,1,1,1,1,1,1,1,1,1,1,1,1,1,1,1,1,1,1,1,1,1,1,1,1,0,0,0,0,0,1,1,1,1,1,1,1,1,1,1,1,1,1,1,1,1,1,1,1,1,1,1,1,1,1,1,1,1,0,0,0,328,0,1,1,1,1,1,1,1,1,1,1,1,1,1,1,16,1,1,1,1,1,1,1,1,36,1,1,1,1,0,0,0,52,0,
Best: P1
46
Atlantic Avenue,
1,2,1,1,1,1,1,1,1,1,1,1,1,1,1,1,1,1,1,1,1,1,1,1,1,1,1,1,0,0,0,0,0,1,1,1,1,1,1,1,1,1,1,1,1,1,1,1,1,1,1,1,1,1,1,1,1,1,1,1,1,0,0,0,328,0,1,1,1,1,1,1,1,1,1,1,1,1,1,1,16,1,1,1,1,1,1,1,1,36,1,1,1,1,0,0,0,52,0,
Best: P2
46
Virginia Avenue,Pennsylvania Railroad,Illinois Avenue,St. Charles Place,
1,1,1,1,1,1,1,1,1,1,1,1,1,1,1,1,1,1,1,1,2,1,1,1,1,1,1,1,0,0,0,0,0,1,1,1,1,1,1,1,1,1,1,1,1,1,1,1,1,1,1,1,1,1,1,1,1,1,1,1,1,0,0,0,464,0,1,1,1,1,1,1,1,1,1,1,1,1,1,1,16,1,1,1,1,1,1,1,1,51,1,1,1,1,0,0,0,69,0,
Best: P1
47
Pennsylvania Railroad,Marvin Gardens,Oriental Avenue,
1,1,1,1,1,1,1,1,1,1,1,1,1,1,1,1,1,1,1,1,1,1,1,1,1,1,1,1,0,0,0,0,0,1,1,1,1,1,1,1,1,1,1,1,1,1,1,1,1,1,1,1,1,1,1,1,1,1,1,1,1,0,0,0,201,0,1,1,1,1,1,1,1,1,1,1,1,1,1,1,11,1,1,1,1,1,1,1,1,42,1,1,1,1,0,0,0,54,0,
Best: P1
46
Connecticut Avenue,
1,1,1,1,1,1,1,1,1,1,1,1,1,1,1,1,1,1,1,1,1,1,1,1,1,1,1,1,0,0,0,0,0,1,1,1,1,1,1,1,1,1,1,1,1,1,1,1,1,1,1,1,1,1,1,1,1,1,1,1,1,0,0,0,201,0,1,1,1,1,1,1,1,1,1,1,1,1,1,1,11,1,1,1,1,1,1,1,1,42,1,1,1,1,0,0,0,54,0,
Best: P1
47
New York Avenue,Vermont Avenue,
1,1,1,1,1,1,1,1,1,1,1,1,1,1,1,1,1,1,1,1,1,1,1,1,1,1,1,1,0,0,0,0,0,1,1,1,1,1,1,1,1,1,1,1,1,1,1,1,1,1,1,1,1,1,1,1,1,1,1,1,1,0,0,0,201,0,1,1,1,1,1,1,1,1,1,1,1,1,1,1,11,1,1,1,1,1,1,1,1,42,1,1,1,1,0,0,0,54,0,
Best: P1
47
Vermont Avenue,Pacific Avenue,
1,1,1,1,1,1,1,1,1,1,1,1,1,1,1,1,1,1,1,1,1,1,1,1,1,1,1,1,0,0,0,0,0,1,1,1,1,1,1,1,1,1,1,1,1,1,1,1,1,1,1,1,1,1,1,1,1,1,1,1,1,0,0,0,201,0,1,1,1,1,1,1,1,1,1,1,1,1,1,1,11,1,1,1,1,1,1,1,1,42,1,1,1,1,0,0,0,54,0,
Best: P3
45
Park Place,
1,1,1,1,1,1,1,1,1,1,1,1,1,1,1,1,1,1,1,1,1,2,1,1,1,1,1,2,0,0,0,0,0,1,1,1,1,1,1,1,1,1,1,1,1,1,1,1,1,1,1,1,1,1,1,1,1,1,1,1,1,0,0,0,124,0,1,1,1,1,1,1,1,1,1,1,1,1,1,1,14,1,1,1,1,1,1,1,1,51,1,1,1,1,0,0,0,78,0,
Best: P1
47
Pennsylvania Railroad,Kentucky Avenue,Atlantic Avenue,Baltic Avenue,
1,1,1,1,1,1,1,1,1,1,1,1,1,1,1,1,1,1,1,1,1,1,1,1,1,1,1,1,0,0,0,0,0,1,1,1,1,1,1,1,1,1,1,1,1,1,1,1,1,1,1,1,1,1,1,1,1,1,1,1,1,0,0,0,162,0,1,1,1,1,1,1,1,1,1,1,1,1,1,1,15,1,1,1,1,1,1,1,1,43,1,1,1,1,0,0,0,49,0,
Best: P1
47
Pennsylvania Railroad,
1,1,1,1,1,1,1,1,1,1,1,1,1,1,1,1,1,1,1,1,1,1,1,1,1,1,1,1,0,0,0,0,0,1,1,1,1,1,1,1,1,1,1,1,1,1,1,1,1,1,1,1,1,1,1,1,1,1,1,1,1,0,0,0,162,0,1,1,1,1,1,1,1,1,1,1,1,1,1,1,15,1,1,1,1,1,1,1,1,43,1,1,1,1,0,0,0,49,0,
Best: P1
47
Pennsylvania Railroad,States Avenue,Atlantic Avenue,Pennsylvania Avenue,Mediterranean Avenue,
1,1,1,1,1,1,1,1,1,1,1,1,1,1,1,1,1,1,1,1,1,1,1,1,1,1,1,1,0,0,0,0,0,1,1,1,1,1,1,1,1,1,1,1,1,1,1,1,1,1,1,1,1,1,1,1,1,1,1,1,1,0,0,0,162,0,1,1,1,1,1,1,1,1,1,1,1,1,1,1,15,1,1,1,1,1,1,1,1,43,1,1,1,1,0,0,0,49,0,
Best: P1
46
Tennessee Avenue,
1,1,1,1,1,1,1,1,1,1,1,1,1,1,1,1,1,1,1,1,1,1,1,1,1,1,1,1,0,0,0,0,0,1,1,1,1,1,1,1,1,1,1,1,1,1,1,1,1,1,1,1,1,1,1,1,1,1,1,1,1,0,0,0,162,0,1,1,1,1,1,1,1,1,1,1,1,1,1,1,15,1,1,1,1,1,1,1,1,43,1,1,1,1,0,0,0,49,0,
Best: P1
47
Pennsylvania Railroad,Ventnor Avenue,Vermont Avenue,Park Place,
1,1,1,1,1,1,1,1,1,1,1,1,1,1,1,1,1,1,1,1,1,1,1,1,1,1,1,1,0,0,0,0,0,1,1,1,1,1,1,1,1,1,1,1,1,1,1,1,1,1,1,1,1,1,1,1,1,1,1,1,1,0,0,0,162,0,1,1,1,1,1,1,1,1,1,1,1,1,1,1,15,1,1,1,1,1,1,1,1,43,1,1,1,1,0,0,0,49,0,
Best: P1
46
Electric Company,New York Avenue,Pennsylvania Avenue,
1,1,1,1,1,1,1,1,1,1,1,1,1,1,1,1,1,1,1,1,1,1,1,1,1,1,1,1,0,0,0,0,0,1,1,1,1,1,1,1,1,1,1,1,1,1,1,1,1,1,1,1,1,1,1,1,1,1,1,1,1,0,0,0,162,0,1,1,1,1,1,1,1,1,1,1,1,1,1,1,15,1,1,1,1,1,1,1,1,43,1,1,1,1,0,0,0,49,0,
Best: P1
47
Water Works,
1,1,1,1,1,1,1,1,1,1,1,1,1,1,1,1,1,1,1,1,1,1,1,1,1,1,1,1,0,0,0,0,0,1,1,1,1,1,1,1,1,1,1,1,1,1,1,1,1,1,1,1,1,1,1,1,1,1,1,1,1,0,0,0,162,0,1,1,1,1,1,1,1,1,1,1,1,1,1,1,15,1,1,1,1,1,1,1,1,43,1,1,1,1,0,0,0,49,0,
Best: P1
47
Pennsylvania Railroad,Reading Railroad,St. Charles Place,Atlantic Avenue,
1,1,1,1,1,1,1,1,1,1,1,1,1,1,1,1,1,1,1,1,1,1,1,1,1,1,1,1,0,0,0,0,0,1,1,1,1,1,1,1,1,1,1,1,1,1,1,1,1,1,1,1,1,1,1,1,1,1,1,1,1,0,0,0,162,0,1,1,1,1,1,1,1,1,1,1,1,1,1,1,15,1,1,1,1,1,1,1,1,43,1,1,1,1,0,0,0,49,0,
Best: P2
46
Water Works,Illinois Avenue,St. Charles Place,
1,1,1,1,1,1,1,1,1,1,1,1,1,1,1,1,1,1,1,1,1,1,1,1,1,1,1,1,0,0,0,0,0,1,1,1,1,1,1,1,1,1,1,1,1,1,1,1,1,1,1,1,1,1,1,1,1,1,1,1,1,0,0,0,150,0,1,1,1,1,1,1,1,1,1,1,1,1,1,1,9,1,1,1,1,1,1,1,1,57,1,1,1,1,0,0,0,71,0,
Best: P1
47
Pennsylvania Railroad,Baltic Avenue,Electric Company,
1,1,1,1,1,1,1,1,1,1,1,1,1,1,1,1,1,1,1,1,1,1,1,1,1,1,1,1,0,0,0,0,0,1,1,1,1,1,1,1,1,1,1,1,1,1,1,1,1,1,1,1,1,1,1,1,1,1,1,1,1,0,0,0,176,0,1,1,1,1,1,1,1,1,1,1,1,1,1,1,10,1,1,1,1,1,1,1,1,45,1,1,1,1,0,0,0,36,0,
Best: P2
46
Atlantic Avenue,
1,1,2,1,1,1,1,1,1,1,1,1,1,1,1,1,1,1,1,1,1,1,1,1,1,1,1,1,0,0,0,0,0,1,1,1,1,1,1,1,1,1,1,1,1,1,1,1,1,1,2,1,1,1,1,1,1,1,1,1,1,0,0,0,215,0,1,1,1,1,1,1,1,1,1,1,1,1,1,1,8,1,1,1,1,1,1,1,1,54,1,1,1,1,0,0,0,49,0,
Best: P1
47
New York Avenue,Illinois Avenue,Indiana Avenue,Kentucky Avenue,
1,1,1,1,1,1,1,1,1,1,1,1,1,1,1,1,1,1,1,1,1,1,1,1,1,2,1,1,0,0,0,0,0,1,1,1,1,1,1,1,1,1,1,1,1,1,1,1,1,1,1,1,1,1,1,1,1,1,1,1,1,0,0,0,278,0,1,1,1,1,1,1,1,1,1,1,1,1,1,1,10,1,1,1,1,1,1,1,1,27,1,1,1,1,0,0,0,28,0,
Best: P1
46
Pennsylvania Railroad,Reading Railroad,
1,1,1,1,1,1,1,1,1,1,1,1,1,1,1,1,1,1,1,1,1,1,1,1,1,2,1,1,0,0,0,0,0,1,1,1,1,1,1,1,1,1,1,1,1,1,1,1,1,1,1,1,1,1,1,1,1,1,1,1,1,0,0,0,278,0,1,1,1,1,1,1,1,1,1,1,1,1,1,1,10,1,1,1,1,1,1,1,1,27,1,1,1,1,0,0,0,28,0,
Best: P2
45

1,1,1,1,1,1,1,1,1,1,1,1,1,1,1,1,1,1,1,1,1,1,1,1,1,1,1,1,0,0,0,0,0,1,1,1,1,1,1,1,1,1,1,1,1,1,1,1,1,1,1,1,1,1,1,1,1,1,1,1,1,0,0,0,330,0,1,1,1,1,1,1,1,1,1,1,2,1,1,1,8,1,1,1,1,1,1,1,1,40,1,1,1,1,0,0,0,45,0,
Best: P1
46
Vermont Avenue,Pennsylvania Railroad,Water Works,Reading Railroad,
1,1,1,1,1,1,1,1,1,1,1,1,1,1,1,1,1,1,1,1,1,1,1,1,1,1,1,1,0,0,0,0,0,1,1,1,1,1,1,2,1,1,1,1,1,1,1,1,1,1,1,1,1,1,1,1,1,1,1,1,1,0,0,0,252,0,1,1,1,1,1,1,1,1,1,1,1,1,1,1,6,1,1,1,1,1,1,1,1,40,1,1,1,1,0,0,0,50,0,
Best: P2
45
St. Charles Place,
1,1,1,1,1,1,1,1,1,1,1,1,1,1,1,1,1,1,1,1,1,1,1,1,1,1,1,2,0,0,0,0,0,1,1,1,1,1,1,1,1,1,1,1,1,1,1,1,1,1,1,1,1,1,1,1,1,1,1,1,1,0,0,0,151,0,1,1,1,1,1,1,1,1,1,1,1,1,1,1,4,1,1,1,2,1,1,1,1,50,1,1,1,1,0,0,0,28,0,
Best: P1
46
Kentucky Avenue,St. James Place,
1,1,1,1,1,1,1,1,1,1,1,1,1,1,1,1,1,1,1,1,1,1,1,1,1,1,1,1,0,0,0,0,0,1,1,1,1,1,1,1,1,1,1,1,1,1,1,1,1,1,1,1,1,1,1,1,1,1,1,1,1,0,0,0,265,0,1,1,1,2,1,1,1,1,1,1,1,1,2,1,7,1,1,1,1,1,1,1,1,32,1,1,1,1,0,0,0,24,0,
Best: P1
46

1,1,1,1,1,1,1,1,1,1,1,1,1,1,1,1,1,1,1,1,1,1,1,1,1,1,1,1,0,0,0,0,0,1,1,1,1,1,1,1,1,1,1,1,1,1,1,1,1,1,1,1,1,1,1,1,1,1,1,1,1,0,0,0,265,0,1,1,1,2,1,1,1,1,1,1,1,1,2,1,7,1,1,1,1,1,1,1,1,32,1,1,1,1,0,0,0,24,0,
Best: P1
47
Park Place,Baltic Avenue,Pennsylvania Avenue,
1,1,1,1,1,1,1,1,1,1,1,1,1,1,1,1,1,1,1,1,1,1,1,1,1,1,1,1,0,0,0,0,0,1,1,1,1,1,1,1,1,1,1,1,1,1,1,1,1,1,1,1,1,1,1,1,1,1,1,1,1,0,0,0,265,0,1,1,1,2,1,1,1,1,1,1,1,1,2,1,7,1,1,1,1,1,1,1,1,32,1,1,1,1,0,0,0,24,0,
Best: P1
47
States Avenue,Marvin Gardens,
1,1,1,1,1,1,1,1,1,1,1,1,1,1,1,1,1,1,1,1,1,1,1,1,1,1,1,1,0,0,0,0,0,1,1,1,1,1,1,1,1,1,1,1,1,1,1,1,1,1,1,1,1,1,1,1,1,1,1,1,1,0,0,0,265,0,1,1,1,2,1,1,1,1,1,1,1,1,2,1,7,1,1,1,1,1,1,1,1,32,1,1,1,1,0,0,0,24,0,
Best: P1
47
Pennsylvania Railroad,Mediterranean Avenue,St. Charles Place,
1,1,1,1,1,1,1,1,1,1,1,1,1,1,1,1,1,1,1,1,1,1,1,1,1,1,1,1,0,0,0,0,0,1,1,1,1,1,1,1,1,1,1,1,1,1,1,1,1,1,1,1,1,1,1,1,1,1,1,1,1,0,0,0,265,0,1,1,1,2,1,1,1,1,1,1,1,1,2,1,7,1,1,1,1,1,1,1,1,32,1,1,1,1,0,0,0,24,0,
Best: P1
46
Water Works,
1,1,1,1,1,1,1,1,1,1,1,1,1,1,1,1,1,1,1,1,1,1,1,1,1,1,1,1,0,0,0,0,0,1,1,1,1,1,1,1,1,1,1,1,1,1,1,1,1,1,1,1,1,1,1,1,1,1,1,1,1,0,0,0,265,0,1,1,1,2,1,1,1,1,1,1,1,1,2,1,7,1,1,1,1,1,1,1,1,32,1,1,1,1,0,0,0,24,0,
Best: P1
45
Pennsylvania Railroad,Illinois Avenue,
1,1,1,1,1,1,1,1,1,1,1,1,1,1,1,1,1,1,1,1,1,1,1,1,1,1,1,1,0,0,0,0,0,1,1,1,1,1,1,1,1,1,1,1,1,1,1,1,1,1,1,1,1,1,1,1,1,1,1,1,1,0,0,0,265,0,1,1,1,2,1,1,1,1,1,1,1,1,2,1,7,1,1,1,1,1,1,1,1,32,1,1,1,1,0,0,0,24,0,
Best: P1
47
Pacific Avenue,North Carolina Avenue,
1,1,1,1,1,1,1,1,1,1,1,1,1,1,1,1,1,1,1,1,1,1,1,1,1,1,1,1,0,0,0,0,0,1,1,1,1,1,1,1,1,1,1,1,1,1,1,1,1,1,1,1,1,1,1,1,1,1,1,1,1,0,0,0,265,0,1,1,1,2,1,1,1,1,1,1,1,1,2,1,7,1,1,1,1,1,1,1,1,32,1,1,1,1,0,0,0,24,0,
Best: P1
46
St. Charles Place,
1,1,1,1,1,1,1,1,1,1,1,1,1,1,1,1,1,1,1,1,1,1,1,1,1,1,1,1,0,0,0,0,0,1,1,1,1,1,1,1,1,1,1,1,1,1,1,1,1,1,1,1,1,1,1,1,1,1,1,1,1,0,0,0,265,0,1,1,1,2,1,1,1,1,1,1,1,1,2,1,7,1,1,1,1,1,1,1,1,32,1,1,1,1,0,0,0,24,0,
Best: P1
47
Tennessee Avenue,Virginia Avenue,North Carolina Avenue,
1,1,1,1,1,1,1,1,1,1,1,1,1,1,1,1,1,1,1,1,1,1,1,1,1,1,1,1,0,0,0,0,0,1,1,1,1,1,1,1,1,1,1,1,1,1,1,1,1,1,1,1,1,1,1,1,1,1,1,1,1,0,0,0,265,0,1,1,1,2,1,1,1,1,1,1,1,1,2,1,7,1,1,1,1,1,1,1,1,32,1,1,1,1,0,0,0,24,0,
Best: P1
44

1,1,1,1,1,1,1,1,1,1,1,1,1,1,1,1,1,1,1,1,1,1,1,1,1,1,1,1,0,0,0,0,0,1,1,1,1,1,1,1,1,1,1,1,1,1,1,1,1,1,1,1,1,1,1,1,1,1,1,1,1,0,0,0,265,0,1,1,1,2,1,1,1,1,1,1,1,1,2,1,7,1,1,1,1,1,1,1,1,32,1,1,1,1,0,0,0,24,0,
Best: P1
47
Pennsylvania Railroad,Boardwalk,
1,1,1,1,1,1,1,1,1,1,1,1,1,1,1,1,1,1,1,1,1,1,1,1,1,1,1,1,0,0,0,0,0,1,1,1,1,1,1,1,1,1,1,1,1,1,1,1,1,1,1,1,1,1,1,1,1,1,1,1,1,0,0,0,265,0,1,1,1,2,1,1,1,1,1,1,1,1,2,1,7,1,1,1,1,1,1,1,1,32,1,1,1,1,0,0,0,24,0,
Best: P2
46
Water Works,Pennsylvania Railroad,Short Line Railroad,Vermont Avenue,Park Place,St. Charles Place,New York Avenue,St. James Place,
1,1,1,1,1,1,1,1,1,1,1,1,1,1,1,1,1,1,1,1,1,1,1,1,1,1,1,1,0,0,0,0,0,1,1,1,1,1,1,1,1,1,1,1,1,1,1,1,1,1,1,1,1,2,1,1,1,1,1,1,1,0,0,0,160,0,1,1,1,1,1,1,1,1,1,1,1,1,1,1,4,1,1,1,1,1,1,1,1,14,1,1,1,1,0,0,0,30,0,
Best: P2
45
Indiana Avenue,Pennsylvania Railroad,Oriental Avenue,Park Place,Boardwalk,
1,1,1,1,1,1,1,1,1,1,1,1,1,1,1,1,1,1,1,1,1,1,1,1,1,1,1,1,0,0,0,0,0,1,1,1,1,1,1,1,1,1,1,1,1,1,1,1,1,1,1,1,1,2,1,1,1,1,1,1,1,0,0,0,160,0,1,1,1,1,1,1,1,1,1,1,1,1,1,1,4,1,1,1,1,1,1,1,1,14,1,1,1,1,0,0,0,30,0,
Best: P1
47
Illinois Avenue,Mediterranean Avenue,
1,1,1,1,1,1,1,1,1,1,1,1,1,1,1,1,1,2,1,1,1,1,1,1,1,1,1,1,0,0,0,0,0,1,1,1,1,1,1,1,1,1,1,1,1,1,1,1,1,1,1,1,1,1,1,1,1,1,1,1,1,0,0,0,219,0,1,1,1,1,1,1,1,1,1,1,1,1,1,1,5,1,1,1,1,1,1,1,1,21,1,1,1,1,0,0,0,26,0,
Best: P1
47
Ventnor Avenue,
1,1,1,1,1,1,1,1,1,1,1,1,1,1,1,1,1,2,1,1,1,1,1,1,1,1,1,1,0,0,0,0,0,1,1,1,1,1,1,1,1,1,1,1,1,1,1,1,1,1,1,1,1,1,1,1,1,1,1,1,1,0,0,0,219,0,1,1,1,1,1,1,1,1,1,1,1,1,1,1,5,1,1,1,1,1,1,1,1,21,1,1,1,1,0,0,0,26,0,
Best: P1
46

1,1,1,1,1,1,1,1,1,1,1,1,1,1,1,1,1,2,1,1,1,1,1,1,1,1,1,1,0,0,0,0,0,1,1,1,1,1,1,1,1,1,1,1,1,1,1,1,1,1,1,1,1,1,1,1,1,1,1,1,1,0,0,0,219,0,1,1,1,1,1,1,1,1,1,1,1,1,1,1,5,1,1,1,1,1,1,1,1,21,1,1,1,1,0,0,0,26,0,
Best: P1
46
St. James Place,Kentucky Avenue,
1,1,1,1,1,1,1,1,1,1,1,1,1,1,1,1,1,2,1,1,1,1,1,1,1,1,1,1,0,0,0,0,0,1,1,1,1,1,1,1,1,1,1,1,1,1,1,1,1,1,1,1,1,1,1,1,1,1,1,1,1,0,0,0,219,0,1,1,1,1,1,1,1,1,1,1,1,1,1,1,5,1,1,1,1,1,1,1,1,21,1,1,1,1,0,0,0,26,0,
Best: P1
46

1,1,1,1,1,1,1,1,1,1,1,1,1,1,1,1,1,2,1,1,1,1,1,1,1,1,1,1,0,0,0,0,0,1,1,1,1,1,1,1,1,1,1,1,1,1,1,1,1,1,1,1,1,1,1,1,1,1,1,1,1,0,0,0,219,0,1,1,1,1,1,1,1,1,1,1,1,1,1,1,5,1,1,1,1,1,1,1,1,21,1,1,1,1,0,0,0,26,0,
Best: P1
47
Tennessee Avenue,Indiana Avenue,
1,1,1,1,1,1,1,1,1,1,1,1,1,1,1,1,1,2,1,1,1,1,1,1,1,1,1,1,0,0,0,0,0,1,1,1,1,1,1,1,1,1,1,1,1,1,1,1,1,1,1,1,1,1,1,1,1,1,1,1,1,0,0,0,219,0,1,1,1,1,1,1,1,1,1,1,1,1,1,1,5,1,1,1,1,1,1,1,1,21,1,1,1,1,0,0,0,26,0,
Best: P1
47
B & O Railroad,
1,1,1,1,1,1,1,1,1,1,1,1,1,1,1,1,1,2,1,1,1,1,1,1,1,1,1,1,0,0,0,0,0,1,1,1,1,1,1,1,1,1,1,1,1,1,1,1,1,1,1,1,1,1,1,1,1,1,1,1,1,0,0,0,219,0,1,1,1,1,1,1,1,1,1,1,1,1,1,1,5,1,1,1,1,1,1,1,1,21,1,1,1,1,0,0,0,26,0,
Best: P1
47
Pennsylvania Railroad,Baltic Avenue,
1,1,1,1,1,1,1,1,1,1,1,1,1,1,1,1,1,2,1,1,1,1,1,1,1,1,1,1,0,0,0,0,0,1,1,1,1,1,1,1,1,1,1,1,1,1,1,1,1,1,1,1,1,1,1,1,1,1,1,1,1,0,0,0,219,0,1,1,1,1,1,1,1,1,1,1,1,1,1,1,5,1,1,1,1,1,1,1,1,21,1,1,1,1,0,0,0,26,0,
Best: P1
47
Pennsylvania Avenue,
1,1,1,1,1,1,1,1,1,1,1,1,1,1,1,1,1,2,1,1,1,1,1,1,1,1,1,1,0,0,0,0,0,1,1,1,1,1,1,1,1,1,1,1,1,1,1,1,1,1,1,1,1,1,1,1,1,1,1,1,1,0,0,0,219,0,1,1,1,1,1,1,1,1,1,1,1,1,1,1,5,1,1,1,1,1,1,1,1,21,1,1,1,1,0,0,0,26,0,
Best: P2
46
Pennsylvania Railroad,B & O Railroad,Marvin Gardens,
1,1,1,2,1,1,1,1,1,1,1,1,1,1,1,1,1,1,1,1,1,1,1,1,1,1,1,1,0,0,0,0,0,1,1,1,1,1,1,1,1,1,1,1,1,1,1,1,1,1,1,1,1,1,1,1,1,1,1,1,1,0,0,0,356,0,1,1,1,1,1,1,1,1,1,1,1,1,1,1,4,1,1,1,1,1,1,1,1,28,1,1,1,1,0,0,0,46,0,
Best: P1
47
Pennsylvania Railroad,Electric Company,
1,1,1,1,1,1,1,1,1,1,1,1,1,1,1,1,1,1,1,1,1,1,1,1,1,1,1,1,0,0,0,0,0,1,1,1,1,1,1,1,1,1,1,1,1,1,1,1,1,1,1,1,1,1,1,1,1,1,1,1,1,0,0,0,149,0,1,1,1,1,1,1,1,1,1,1,1,1,1,1,2,1,1,1,1,1,1,1,1,17,1,1,1,1,0,0,0,36,0,
Best: P2
45
Marvin Gardens,Pennsylvania Railroad,St. James Place,St. Charles Place,Kentucky Avenue,
1,1,1,1,1,1,1,1,1,1,1,1,1,1,1,1,1,1,1,1,1,1,1,1,1,1,1,1,0,0,0,0,0,1,1,1,2,1,1,1,1,1,1,1,1,1,1,1,1,1,1,1,1,1,1,1,1,1,2,1,1,0,0,0,312,0,1,1,1,1,1,1,1,1,1,1,1,1,1,1,4,1,1,1,1,1,1,1,1,22,1,1,1,1,0,0,0,44,0,
Best: P1
47
Virginia Avenue,Electric Company,B & O Railroad,
1,1,1,2,1,1,1,1,1,1,1,1,1,1,1,1,1,1,1,1,1,1,1,1,1,1,1,1,0,0,0,0,0,1,1,1,1,1,1,1,1,1,1,1,1,1,1,1,1,1,1,1,1,1,1,1,1,1,1,1,1,0,0,0,259,0,1,1,1,1,1,1,1,1,1,1,1,1,1,1,3,1,1,1,1,1,1,1,1,21,1,1,1,1,0,0,0,48,0,
Best: P2
46
States Avenue,Baltic Avenue,Water Works,Reading Railroad,
1,1,1,1,1,1,1,1,1,1,1,1,1,1,1,1,1,2,1,1,1,1,1,1,1,1,1,2,0,0,0,0,0,1,1,1,1,1,1,1,1,1,1,1,1,1,1,1,1,1,1,1,1,1,1,1,1,1,1,1,1,0,0,0,162,0,1,1,1,1,1,1,1,1,1,1,1,1,1,1,3,1,1,1,1,1,1,1,1,12,1,1,1,1,0,0,0,66,0,
Best: P1
47

1,1,1,1,1,1,1,1,1,1,1,1,1,1,1,1,1,1,1,1,1,1,1,1,1,1,1,1,0,0,0,0,0,1,1,1,1,1,1,1,1,1,1,1,1,1,1,1,1,1,1,1,1,1,1,1,1,1,1,1,1,0,0,0,262,0,1,1,1,1,1,1,1,1,1,1,1,1,1,1,5,1,1,1,1,1,1,1,1,23,1,1,1,1,0,0,0,38,0,
Best: P1
47
Pennsylvania Railroad,Park Place,B & O Railroad,
1,1,1,1,1,1,1,1,1,1,1,1,1,1,1,1,1,1,1,1,1,1,1,1,1,1,1,1,0,0,0,0,0,1,1,1,1,1,1,1,1,1,1,1,1,1,1,1,1,1,1,1,1,1,1,1,1,1,1,1,1,0,0,0,262,0,1,1,1,1,1,1,1,1,1,1,1,1,1,1,5,1,1,1,1,1,1,1,1,23,1,1,1,1,0,0,0,38,0,
Best: P1
47
Short Line Railroad,Connecticut Avenue,
1,1,1,1,1,1,1,1,1,1,1,1,1,1,1,1,1,1,1,1,1,1,1,1,1,1,1,1,0,0,0,0,0,1,1,1,1,1,1,1,1,1,1,1,1,1,1,1,1,1,1,1,1,1,1,1,1,1,1,1,1,0,0,0,262,0,1,1,1,1,1,1,1,1,1,1,1,1,1,1,5,1,1,1,1,1,1,1,1,23,1,1,1,1,0,0,0,38,0,
Best: P1
46
Atlantic Avenue,
1,1,1,1,1,1,1,1,1,1,1,1,1,1,1,1,1,1,1,1,1,1,1,1,1,1,1,1,0,0,0,0,0,1,1,1,1,1,1,1,1,1,1,1,1,1,1,1,1,1,1,1,1,1,1,1,1,1,1,1,1,0,0,0,262,0,1,1,1,1,1,1,1,1,1,1,1,1,1,1,5,1,1,1,1,1,1,1,1,23,1,1,1,1,0,0,0,38,0,
Best: P1
46

1,1,1,1,1,1,1,1,1,1,1,1,1,1,1,1,1,1,1,1,1,1,1,1,1,1,1,1,0,0,0,0,0,1,1,1,1,1,1,1,1,1,1,1,1,1,1,1,1,1,1,1,1,1,1,1,1,1,1,1,1,0,0,0,262,0,1,1,1,1,1,1,1,1,1,1,1,1,1,1,5,1,1,1,1,1,1,1,1,23,1,1,1,1,0,0,0,38,0,
Best: P1
47
Illinois Avenue,Water Works,North Carolina Avenue,
1,1,1,1,1,1,1,1,1,1,1,1,1,1,1,1,1,1,1,1,1,1,1,1,1,1,1,1,0,0,0,0,0,1,1,1,1,1,1,1,1,1,1,1,1,1,1,1,1,1,1,1,1,1,1,1,1,1,1,1,1,0,0,0,262,0,1,1,1,1,1,1,1,1,1,1,1,1,1,1,5,1,1,1,1,1,1,1,1,23,1,1,1,1,0,0,0,38,0,
Best: P1
46

1,1,1,1,1,1,1,1,1,1,1,1,1,1,1,1,1,1,1,1,1,1,1,1,1,1,1,1,0,0,0,0,0,1,1,1,1,1,1,1,1,1,1,1,1,1,1,1,1,1,1,1,1,1,1,1,1,1,1,1,1,0,0,0,262,0,1,1,1,1,1,1,1,1,1,1,1,1,1,1,5,1,1,1,1,1,1,1,1,23,1,1,1,1,0,0,0,38,0,
Best: P1
46
Atlantic Avenue,States Avenue,Illinois Avenue,
1,1,1,1,1,1,1,1,1,1,1,1,1,1,1,1,1,1,1,1,1,1,1,1,1,1,1,1,0,0,0,0,0,1,1,1,1,1,1,1,1,1,1,1,1,1,1,1,1,1,1,1,1,1,1,1,1,1,1,1,1,0,0,0,262,0,1,1,1,1,1,1,1,1,1,1,1,1,1,1,5,1,1,1,1,1,1,1,1,23,1,1,1,1,0,0,0,38,0,
Best: P1
47
Pennsylvania Railroad,
1,1,1,1,1,1,1,1,1,1,1,1,1,1,1,1,1,1,1,1,1,1,1,1,1,1,1,1,0,0,0,0,0,1,1,1,1,1,1,1,1,1,1,1,1,1,1,1,1,1,1,1,1,1,1,1,1,1,1,1,1,0,0,0,262,0,1,1,1,1,1,1,1,1,1,1,1,1,1,1,5,1,1,1,1,1,1,1,1,23,1,1,1,1,0,0,0,38,0,
Best: P1
46
Oriental Avenue,Atlantic Avenue,Park Place,Pennsylvania Railroad,
1,1,1,1,1,1,1,1,1,1,1,1,1,1,1,1,1,1,1,1,1,1,1,1,1,1,1,1,0,0,0,0,0,1,1,1,1,1,1,1,1,1,1,1,1,1,1,1,1,1,1,1,1,1,1,1,1,1,1,1,1,0,0,0,262,0,1,1,1,1,1,1,1,1,1,1,1,1,1,1,5,1,1,1,1,1,1,1,1,23,1,1,1,1,0,0,0,38,0,
Best: P1
47
Vermont Avenue,
1,1,1,1,1,1,1,1,1,1,1,1,1,1,1,1,1,1,1,1,1,1,1,1,1,1,1,1,0,0,0,0,0,1,1,1,1,1,1,1,1,1,1,1,1,1,1,1,1,1,1,1,1,1,1,1,1,1,1,1,1,0,0,0,262,0,1,1,1,1,1,1,1,1,1,1,1,1,1,1,5,1,1,1,1,1,1,1,1,23,1,1,1,1,0,0,0,38,0,
Best: P1
47
St. James Place,North Carolina Avenue,Indiana Avenue,
1,1,1,1,1,1,1,1,1,1,1,1,1,1,1,1,1,1,1,1,1,1,1,1,1,1,1,1,0,0,0,0,0,1,1,1,1,1,1,1,1,1,1,1,1,1,1,1,1,1,1,1,1,1,1,1,1,1,1,1,1,0,0,0,262,0,1,1,1,1,1,1,1,1,1,1,1,1,1,1,5,1,1,1,1,1,1,1,1,23,1,1,1,1,0,0,0,38,0,
Best: P1
47
New York Avenue,Marvin Gardens,
1,1,1,1,1,1,1,1,1,1,1,1,1,1,1,1,1,1,1,1,1,1,1,1,1,1,1,1,0,0,0,0,0,1,1,1,1,1,1,1,1,1,1,1,1,1,1,1,1,1,1,1,1,1,1,1,1,1,1,1,1,0,0,0,262,0,1,1,1,1,1,1,1,1,1,1,1,1,1,1,5,1,1,1,1,1,1,1,1,23,1,1,1,1,0,0,0,38,0,
Best: P1
46
Mediterranean Avenue,
1,1,1,1,1,1,1,1,1,1,1,1,1,1,1,1,1,1,1,1,1,1,1,1,1,1,1,1,0,0,0,0,0,1,1,1,1,1,1,1,1,1,1,1,1,1,1,1,1,1,1,1,1,1,1,1,1,1,1,1,1,0,0,0,262,0,1,1,1,1,1,1,1,1,1,1,1,1,1,1,5,1,1,1,1,1,1,1,1,23,1,1,1,1,0,0,0,38,0,
Best: P1
47
Pennsylvania Railroad,Vermont Avenue,Reading Railroad,
1,1,1,1,1,1,1,1,1,1,1,1,1,1,1,1,1,1,1,1,1,1,1,1,1,1,1,1,0,0,0,0,0,1,1,1,1,1,1,1,1,1,1,1,1,1,1,1,1,1,1,1,1,1,1,1,1,1,1,1,1,0,0,0,262,0,1,1,1,1,1,1,1,1,1,1,1,1,1,1,5,1,1,1,1,1,1,1,1,23,1,1,1,1,0,0,0,38,0,
