P1
75,88,23,77,8,64,63,35,19,68,80,90,20,32,66,72,68,94,46,75,59,10,0,67,13,43,54,44,86,100,61,441,4,57,64,46,48,64,93,46,72,43,98,99,39,42,93,66,83,26,88,20,10,85,87,65,33,28,26,85,93,41,20,98,202,1,82,29,13,23,28,46,38,6,14,36,67,75,75,30,0,47,88,17,8,29,91,3,12,70,79,32,53,26,70,24,51,131,4,
P2
37,96,31,100,30,50,33,77,5,19,8,37,57,43,30,2,84,56,79,84,89,92,94,42,35,79,41,79,39,27,42,103,4,45,13,33,58,85,42,21,49,82,64,42,13,46,68,1,33,44,52,19,75,85,14,68,69,6,8,55,68,5,4,16,249,2,40,47,70,78,53,84,14,86,58,89,15,24,1,2,41,9,99,99,12,10,68,58,8,20,84,44,10,95,61,29,0,470,1,
P3
7,86,26,6,62,98,25,70,34,82,79,30,50,62,86,28,46,74,19,5,82,21,84,89,100,23,83,45,31,71,39,111,5,40,69,16,62,85,98,25,26,77,37,60,78,70,70,96,56,10,80,70,78,14,42,52,35,9,23,40,84,40,24,80,73,5,79,28,36,59,81,60,47,96,50,48,65,58,24,63,56,36,39,90,60,14,77,10,58,87,4,19,16,88,19,58,64,332,2,
P4
45,17,10,37,54,44,85,99,75,35,61,26,63,73,0,49,78,48,70,61,37,69,50,19,81,48,90,1,87,12,98,35,2,7,43,37,32,35,13,36,61,58,5,97,53,61,7,100,97,51,80,39,3,15,14,26,21,99,32,45,22,79,70,86,122,2,22,33,36,35,95,86,84,59,9,7,88,31,9,94,21,70,7,98,80,31,50,50,50,66,3,36,91,10,66,43,89,328,5,
P5
0,15,2,86,14,43,87,41,69,15,13,35,64,57,84,33,84,87,69,0,5,49,48,61,16,0,73,98,64,35,65,425,3,85,14,78,20,42,35,92,38,55,53,11,54,49,63,100,54,32,14,69,24,35,33,57,46,55,1,83,16,53,62,3,169,4,23,70,7,73,96,84,46,49,14,22,42,1,92,15,65,37,47,15,53,97,47,22,99,37,33,65,80,19,19,21,8,294,5,
P6
16,64,34,69,71,69,84,50,4,48,6,54,47,57,40,82,57,45,97,71,72,13,71,45,10,0,80,66,31,96,13,438,4,23,84,94,15,22,48,34,33,68,49,62,67,3,94,48,38,18,49,71,41,96,25,8,78,7,61,39,88,65,81,54,98,2,48,53,98,94,1,79,15,10,80,73,25,45,76,72,26,95,35,73,17,33,10,16,64,56,1,83,78,42,58,35,5,303,2,
P7
82,97,93,32,47,63,46,53,16,93,9,56,41,32,67,37,2,38,16,39,49,94,40,95,59,71,91,49,85,16,66,144,1,35,53,52,69,52,19,18,14,53,88,74,0,25,58,49,96,65,10,87,73,54,60,34,59,47,99,6,92,18,37,54,270,4,65,55,65,47,65,44,86,91,55,28,62,81,22,97,54,5,97,30,21,60,86,89,9,29,30,67,64,19,38,17,69,60,5,
P8
64,59,93,9,79,75,2,54,97,9,87,63,46,89,1,63,28,16,56,34,11,81,4,1,29,89,17,68,21,29,85,324,5,89,7,34,73,88,87,60,62,53,85,86,68,46,51,79,99,23,99,58,23,58,71,88,64,63,6,0,25,60,56,14,472,4,15,37,80,68,27,35,96,56,82,84,52,1,90,48,31,77,75,84,66,84,79,62,16,43,81,20,26,86,89,99,71,319,0,
P9
95,33,31,63,87,28,72,39,57,84,28,24,12,22,41,34,56,52,15,26,19,10,82,36,78,2,31,76,53,52,13,112,3,88,51,25,47,79,78,99,64,46,10,81,91,9,4,89,33,94,46,4,82,76,33,54,42,58,13,98,97,94,27,81,75,2,38,29,2,33,85,84,16,3,86,72,17,83,49,58,32,14,41,11,76,23,20,23,9,46,8,99,45,30,35,47,73,314,0,
P10
42,38,90,80,77,47,64,71,71,42,59,78,77,81,96,92,7,14,1,89,16,46,57,14,88,76,66,86,90,17,98,476,1,95,22,73,59,52,85,69,33,75,44,37,63,44,97,76,48,78,51,47,31,94,4,10,57,67,4,50,36,51,94,45,295,5,72,27,83,88,97,34,60,80,17,8,38,49,89,45,26,30,69,46,53,78,93,28,42,37,58,77,84,55,15,25,87,172,0,
P11
78,98,84,7,35,20,49,94,99,92,75,94,49,48,8,17,2,24,63,59,4,50,0,71,1,56,88,48,54,8,98,280,5,3,34,20,73,67,95,83,70,57,26,66,99,40,44,50,87,41,9,57,52,66,24,22,16,60,73,76,57,85,92,88,129,3,41,14,3,0,95,87,75,32,1,29,77,28,59,11,74,79,56,66,6,64,69,64,7,52,85,22,44,71,76,62,16,94,0,
P12
4,6,89,19,67,53,11,7,46,26,55,20,43,57,45,5,82,49,55,82,86,56,38,39,4,58,47,55,55,86,25,464,3,26,58,73,9,27,97,1,59,95,42,69,44,28,10,53,52,28,86,76,16,68,1,89,43,25,73,0,17,27,92,53,32,3,83,3,95,23,35,97,52,78,24,77,56,64,55,78,30,61,41,65,91,48,17,41,37,27,11,79,55,51,95,98,77,450,5,
P13
10,24,30,21,98,76,14,52,97,57,75,7,63,22,22,84,71,8,6,75,13,77,32,27,31,53,12,20,78,70,88,290,5,28,42,31,30,68,26,72,36,70,66,46,90,17,40,41,93,56,8,61,11,17,86,50,85,2,77,76,65,97,92,24,307,4,66,1,16,17,46,6,60,1,70,15,79,66,42,86,31,100,0,14,40,3,41,18,82,96,35,76,60,94,18,60,84,478,3,
P14
76,58,70,90,77,32,46,17,39,75,6,27,59,77,1,65,51,15,7,49,42,38,1,20,59,79,56,56,32,16,74,52,1,54,67,57,92,3,94,58,15,49,75,56,90,34,78,64,95,89,47,80,5,31,48,82,7,80,78,65,80,69,64,89,368,2,67,74,1,26,41,72,7,19,37,50,71,34,49,71,48,55,74,89,73,55,51,7,97,10,68,14,36,47,64,64,30,369,3,
P15
63,17,17,76,0,22,50,6,49,75,83,17,39,100,32,46,48,40,51,15,26,9,60,82,31,93,99,81,66,39,96,441,4,81,67,94,4,82,42,45,3,98,79,82,27,39,36,74,85,41,72,100,23,45,79,67,9,24,1,39,0,91,2,71,363,3,23,78,82,30,63,86,80,34,19,95,71,68,50,45,22,22,100,39,30,63,49,64,77,52,10,41,15,53,37,19,60,140,1,
P16
71,22,71,87,29,87,62,78,3,0,78,1,13,92,7,64,7,33,39,67,14,70,25,12,17,58,17,49,53,39,23,394,4,75,51,68,19,54,65,65,1,58,70,38,99,55,45,70,54,34,81,99,1,90,89,69,95,55,59,98,22,96,32,36,424,2,91,93,30,36,93,50,31,63,84,81,7,72,2,74,11,99,36,60,62,79,78,73,86,94,25,23,79,89,49,41,39,460,1,
P17
9,57,21,71,34,91,38,78,58,17,36,65,47,43,98,86,76,79,21,1,91,38,25,75,54,78,13,18,67,41,42,33,5,22,3,81,87,4,5,56,8,3,77,54,39,97,88,19,95,55,75,49,24,35,4,83,99,93,45,31,74,81,80,2,290,3,42,92,46,73,55,29,53,62,68,21,1,79,20,37,4,82,16,83,20,68,76,46,91,20,0,6,27,67,11,27,53,132,2,
P18
80,65,98,17,42,56,0,78,87,47,87,85,99,29,29,19,97,19,24,21,60,44,99,40,62,65,47,81,6,11,86,357,3,89,54,42,11,62,11,88,82,16,51,70,35,11,91,76,61,14,77,31,64,76,23,8,73,63,89,52,53,92,35,46,51,5,25,73,5,44,1,73,66,2,51,86,6,55,33,89,37,54,56,79,66,13,65,32,19,93,100,30,19,97,84,3,75,371,0,
P19
69,84,74,35,62,60,82,14,10,80,43,39,66,39,25,90,60,85,33,58,91,61,89,38,7,62,49,62,13,91,83,144,0,23,16,8,78,99,24,28,34,25,39,24,67,100,5,9,97,69,85,19,77,57,83,31,9,1,89,10,57,35,65,24,484,1,19,10,49,85,12,100,36,85,21,69,73,24,89,96,3,54,8,68,87,27,26,86,57,45,48,6,15,19,82,58,0,168,0,
P20
84,1,12,66,16,90,11,25,95,77,65,19,32,91,71,31,15,61,92,3,99,100,31,13,61,45,3,40,94,78,77,324,0,1,45,18,29,79,9,69,70,42,34,75,51,31,43,36,16,86,59,65,83,34,66,72,44,22,73,75,42,97,56,99,0,3,51,46,11,87,31,99,21,70,22,10,65,92,30,73,26,16,66,52,68,23,64,15,29,79,1,77,36,98,77,70,27,404,5,
P21
8,61,26,87,53,21,63,17,40,62,74,77,93,89,4,85,59,69,50,90,83,77,0,52,16,94,96,75,37,41,45,202,2,27,46,63,62,15,71,63,56,22,60,65,24,76,50,83,41,99,84,73,70,94,62,42,69,3,5,24,40,3,91,97,122,1,80,79,84,68,49,6,78,80,98,74,19,23,91,85,42,24,74,5,6,70,84,7,46,86,4,90,21,79,83,2,63,140,5,
P22
31,20,59,61,37,65,89,78,42,81,66,46,31,91,81,81,47,63,57,47,82,39,7,77,13,44,17,25,55,86,53,169,3,25,84,94,88,39,15,13,3,5,89,19,55,96,18,38,35,88,31,97,97,66,100,68,56,5,71,47,66,33,15,58,167,4,97,30,54,74,76,18,13,61,7,70,12,49,95,86,54,0,21,3,7,34,89,78,90,9,56,72,12,20,0,94,97,184,1,
P23
80,9,86,68,87,94,48,18,5,46,9,87,93,22,15,50,69,97,55,76,74,69,86,57,60,7,42,22,60,48,39,93,5,11,4,30,24,8,35,80,27,90,41,11,27,42,66,25,38,62,91,4,96,47,9,66,60,75,65,41,29,90,40,67,63,4,36,31,6,50,93,14,19,4,29,80,56,84,80,44,87,87,44,42,30,33,51,87,71,29,6,38,89,75,34,78,37,227,5,
P24
73,9,21,87,94,26,32,69,79,25,91,95,41,60,91,96,1,30,30,54,88,90,61,96,78,87,9,53,92,32,64,31,5,58,19,42,3,12,32,44,24,25,87,90,50,91,17,7,95,12,20,71,44,46,11,8,87,41,64,27,18,31,38,89,236,2,53,68,16,38,38,12,18,94,96,64,3,48,17,47,90,47,46,7,33,17,36,40,55,25,81,55,69,10,58,44,10,102,3,
P25
16,1,94,49,70,73,40,27,67,47,87,23,8,54,20,39,7,7,95,34,2,39,20,12,92,78,10,38,41,18,58,239,3,92,35,31,1,59,57,54,14,73,45,31,46,5,43,66,76,53,11,88,62,99,28,92,92,12,22,96,3,10,18,68,15,3,15,15,74,33,76,69,97,79,84,13,26,39,27,72,46,60,55,49,66,9,40,47,31,75,23,89,19,2,66,63,81,73,0,
P26
73,21,5,79,48,38,25,0,61,33,55,81,38,28,54,33,63,23,38,49,1,29,27,11,68,34,96,73,58,81,30,306,1,70,79,23,23,93,96,34,91,8,40,100,74,15,53,52,69,81,16,97,72,7,75,95,69,78,71,87,47,5,5,75,45,4,80,54,74,42,99,57,22,24,62,49,63,75,8,17,90,75,94,29,88,91,3,77,79,89,80,10,18,10,57,97,36,310,1,
P27
8,16,14,100,84,42,33,38,89,37,32,43,70,95,66,7,10,67,3,37,78,37,71,40,9,96,20,82,25,55,0,199,2,64,9,31,99,100,39,38,99,80,19,17,31,89,98,13,51,36,87,26,97,55,70,33,7,16,38,79,29,12,29,43,214,2,79,81,44,0,72,73,49,34,47,23,17,36,98,77,65,85,67,34,62,46,90,7,22,7,17,80,70,31,15,52,60,273,1,
P28
66,55,81,65,59,69,2,91,78,38,52,43,46,62,76,15,65,20,18,1,60,94,97,46,75,89,1,100,89,39,54,296,2,41,3,35,45,68,14,64,86,11,18,49,24,70,85,10,96,47,31,31,81,38,14,18,17,43,98,12,8,40,16,47,97,2,60,3,35,75,3,48,99,88,84,62,64,14,47,31,15,75,43,71,48,65,78,65,44,13,96,26,31,14,86,63,12,189,1,
P29
86,18,19,88,75,64,25,93,73,37,54,49,52,18,35,36,87,95,30,83,6,4,71,7,70,25,12,74,46,72,31,113,3,92,87,87,21,38,98,6,88,89,76,38,65,37,86,97,68,66,0,82,84,17,92,81,96,100,87,11,70,33,30,91,120,5,53,2,94,51,90,43,80,54,58,93,51,39,67,94,9,81,24,53,45,69,66,6,61,97,88,12,25,98,91,58,44,430,4,
P30
85,98,74,9,90,46,47,10,61,65,28,96,1,81,90,31,64,63,1,0,36,38,93,49,11,4,87,2,1,43,86,296,4,79,21,25,85,75,13,26,13,44,63,99,40,97,64,41,45,13,24,36,95,20,1,47,98,37,81,28,11,37,78,15,313,1,61,16,45,40,36,69,32,87,7,65,46,16,45,71,69,56,5,0,29,66,63,83,44,88,80,35,12,88,79,39,5,357,2,
P31
95,96,64,41,5,25,73,0,20,74,81,77,71,10,39,72,78,75,9,70,90,88,40,77,56,41,19,34,26,25,20,173,2,66,40,43,92,53,87,20,17,27,17,81,34,62,60,58,98,20,44,65,68,42,1,14,36,79,51,13,17,33,44,99,130,0,46,58,2,44,10,76,9,57,58,20,27,93,77,99,93,72,30,55,54,74,8,100,8,20,87,53,25,76,59,47,4,396,5,
P32
28,93,40,0,59,61,40,39,37,10,16,42,82,94,83,58,29,73,11,69,49,67,76,34,0,1,25,52,88,11,82,106,1,57,2,77,77,19,70,94,66,3,21,26,27,85,46,38,49,80,80,16,94,82,96,45,61,12,44,4,60,42,55,65,304,5,48,81,19,23,37,43,44,30,35,87,95,94,24,24,48,44,99,23,43,73,43,29,26,69,5,51,82,47,55,52,69,162,4,
P33
82,28,68,88,68,71,98,50,79,46,43,61,70,38,33,81,73,48,47,14,82,13,15,6,65,69,85,31,51,54,99,134,3,8,43,61,1,8,30,90,0,24,74,47,62,23,26,7,39,20,89,34,31,15,13,75,19,73,83,40,88,14,98,22,464,2,59,36,20,69,66,55,21,61,49,45,51,63,89,49,86,31,22,96,26,14,30,98,65,11,45,86,63,36,20,95,79,431,0,
P34
87,16,42,50,66,20,96,75,82,65,79,81,45,17,29,58,31,77,71,46,50,35,81,34,33,31,54,71,97,36,49,12,3,90,14,71,79,15,95,53,28,22,76,54,29,81,40,84,82,37,65,95,11,84,67,61,24,54,75,88,33,97,94,86,190,1,13,63,54,34,90,2,79,40,31,33,56,17,30,44,79,57,58,8,54,89,86,65,74,48,0,94,8,80,39,5,52,351,1,
P35
99,50,5,95,24,53,25,69,33,37,86,28,61,16,72,32,28,21,33,76,21,66,6,75,37,69,78,80,17,96,16,216,4,65,22,71,17,50,59,59,71,88,39,77,37,20,14,1,81,92,51,13,52,41,34,93,28,33,89,88,73,41,96,5,29,5,53,23,100,98,29,31,31,85,14,61,28,93,84,52,67,4,40,52,69,13,66,36,74,74,15,79,79,93,97,12,49,94,3,
P36
77,36,54,1,5,54,4,57,82,66,40,19,64,34,6,97,9,27,29,16,2,32,51,80,78,69,41,7,85,87,27,380,0,89,34,44,13,71,31,18,47,34,5,27,35,86,86,53,100,3,94,33,97,89,66,51,76,5,92,37,54,63,21,17,464,2,47,31,20,44,15,0,71,10,93,55,62,25,59,69,77,27,82,42,63,21,83,44,66,61,3,63,40,94,78,41,91,408,1,
P37
95,61,16,100,17,65,31,57,50,95,92,57,57,0,84,52,83,52,84,34,98,27,69,39,1,53,92,10,46,81,40,323,5,30,92,82,15,4,82,20,32,17,5,84,36,71,87,96,70,83,84,2,34,26,7,92,29,27,55,50,67,38,71,69,167,3,34,54,70,5,64,29,60,92,54,85,60,98,11,8,5,41,96,88,85,62,15,54,91,21,47,68,62,97,59,34,59,101,5,
P38
39,59,53,70,82,2,30,39,59,54,6,9,5,89,61,56,89,59,83,57,64,50,76,55,60,21,36,66,62,77,67,58,2,50,33,46,70,31,29,41,14,65,12,67,61,48,50,10,50,50,2,23,7,32,51,28,48,84,67,86,0,1,13,51,431,1,64,17,97,90,75,17,74,35,81,52,9,86,93,4,40,43,66,21,98,56,42,10,91,70,73,49,70,4,7,23,38,273,1,
P39
3,84,8,100,89,34,53,95,43,59,50,70,81,38,95,29,62,58,80,3,13,5,92,49,71,19,92,24,86,94,89,118,3,87,43,6,27,23,72,5,91,99,54,6,75,70,56,78,94,29,76,44,58,23,27,24,8,95,92,89,25,42,34,28,132,0,27,82,18,1,83,99,19,92,51,11,96,57,20,28,78,84,84,86,61,74,21,33,89,92,4,63,14,43,67,88,94,259,2,
P40
55,31,39,7,26,48,32,76,17,12,80,12,8,7,70,54,11,49,59,2,98,97,21,90,87,73,49,17,28,92,83,290,3,21,67,47,27,57,45,47,63,19,16,85,63,9,14,4,53,38,28,47,28,2,41,19,91,66,27,92,35,21,35,42,7,5,61,17,94,80,8,44,57,3,67,44,98,10,27,82,96,54,21,17,88,77,75,58,5,89,67,72,76,77,65,10,93,10,1,
P41
90,14,41,89,56,58,67,36,36,75,9,73,28,20,21,54,89,86,50,76,75,36,15,23,19,43,81,74,92,69,81,162,4,35,59,1,82,88,87,99,73,16,7,53,20,27,91,14,74,18,84,81,37,40,12,30,31,47,51,32,57,59,34,95,429,4,38,1,9,96,5,43,39,2,53,32,50,15,87,38,99,40,14,73,98,86,27,30,57,70,6,88,80,79,80,74,85,488,1,
P42
35,5,32,2,7,68,77,17,6,72,3,28,25,93,80,41,34,54,43,49,43,29,58,90,2,49,58,70,97,7,31,279,2,42,12,34,40,85,50,14,37,36,7,27,17,81,45,67,27,48,6,39,78,38,87,95,36,9,20,36,23,14,95,22,91,0,80,46,62,85,15,15,83,31,97,35,69,95,75,49,67,38,0,60,34,57,29,41,45,76,86,91,15,29,41,90,20,152,0,
P43
100,20,43,77,37,49,48,41,43,39,100,22,80,100,42,22,15,51,51,73,40,20,89,65,90,85,72,32,82,85,82,63,5,29,58,19,9,62,56,16,55,39,63,67,5,90,14,11,28,59,15,81,19,52,91,39,88,13,19,49,83,42,22,71,251,3,71,84,58,20,14,20,21,50,14,97,65,47,0,66,6,35,89,36,42,100,78,94,91,93,89,31,48,2,18,50,55,417,1,
P44
24,8,99,38,49,8,77,14,30,22,14,39,10,96,90,28,68,97,48,22,61,3,73,32,35,55,84,42,2,89,93,195,5,46,74,27,62,29,32,24,96,37,13,76,15,41,0,97,89,20,48,79,25,2,58,45,51,40,53,39,93,90,85,35,335,0,41,14,89,63,30,69,25,95,15,92,26,22,93,15,24,34,14,1,94,71,94,82,69,41,51,53,58,96,74,57,15,325,4,
P45
30,12,65,73,93,61,61,73,66,71,68,22,99,2,18,12,24,45,15,98,43,17,52,26,59,20,14,17,12,78,8,428,3,97,54,91,20,15,94,100,57,75,6,24,72,95,10,19,73,35,21,97,80,38,37,99,77,96,88,28,60,22,53,18,433,4,44,67,89,69,62,70,60,54,92,53,69,15,53,50,83,47,87,76,95,55,84,45,7,41,7,48,64,38,63,35,6,7,1,
P46
47,48,31,7,88,64,78,55,86,43,57,70,21,82,14,3,45,57,20,63,50,45,83,64,28,61,7,68,69,29,82,399,4,4,54,0,3,10,76,77,34,47,71,44,32,10,46,20,6,25,24,9,91,68,5,78,96,31,0,14,82,18,53,90,392,4,41,29,82,67,50,39,86,18,21,39,34,3,52,21,46,12,42,96,58,16,2,65,64,66,2,26,67,25,99,69,5,7,1,
P47
89,31,100,32,52,51,41,76,20,63,23,34,66,68,57,52,30,6,63,79,37,92,39,10,25,74,40,64,55,50,9,283,3,59,16,99,35,17,11,6,61,9,83,73,29,89,99,54,65,55,21,70,32,83,67,32,63,49,17,15,71,6,21,65,81,1,72,13,56,58,99,77,63,99,47,81,19,93,93,28,88,16,44,56,47,7,21,15,100,89,7,64,23,10,69,87,6,478,4,
P48
41,99,15,83,74,1,11,97,1,77,64,58,95,60,31,57,38,34,14,43,10,40,16,16,70,37,66,35,46,12,88,94,4,67,20,35,73,48,45,21,20,74,76,85,94,40,39,81,76,72,29,43,3,92,58,87,6,95,59,94,55,24,98,57,194,2,30,31,60,93,29,6,39,15,65,99,43,18,14,53,74,62,60,95,77,25,83,84,89,5,60,23,59,87,96,25,26,104,1,
P49
36,85,48,47,48,49,90,11,73,84,38,70,6,76,3,88,19,81,27,1,97,97,39,63,98,51,75,63,4,86,40,245,2,29,31,25,16,52,65,92,36,25,32,42,5,7,13,35,16,83,93,40,36,66,35,95,59,56,85,22,0,41,6,36,229,5,85,51,68,24,66,32,89,75,16,2,27,90,64,53,50,7,78,33,57,32,4,17,55,63,70,51,54,5,43,76,27,110,0,
P50
53,85,72,42,62,10,92,100,81,99,42,50,86,27,30,79,28,27,41,33,56,38,85,97,67,89,49,76,96,86,48,231,4,52,89,71,44,92,96,42,100,67,49,12,68,32,61,61,38,97,26,73,92,51,95,42,74,96,84,80,76,19,16,72,500,1,17,25,32,5,0,48,8,94,3,38,47,54,11,91,53,69,23,57,86,44,87,21,95,6,27,37,49,94,31,42,48,52,0,
